21:13:57.701 [main                     ] DEBUG Logger               - Configured Logger
21:13:57.712 [main                     ] DEBUG GameApplication      - Logging settings
Title: Rhythm Impact
Version: 1.0
Width: 1280
Height: 720
Fullscreen: false
Intro: false
Profiling: false
Single step:false
App Mode: DEVELOPER
Menu Key: ESCAPE
Stage Style: DECORATED
Scene Factory: class org.example.capstonee.Menu.MenuSceneFactory

21:13:58.501 [JavaFX Application Thread] DEBUG FXGLApplication      - Initializing FXGL
21:13:58.503 [JavaFX Application Thread] INFO  Engine               - FXGL-21.1 (27.03.2024 07.52) on MAC (J:22.0.2 FX:22.0.1)
21:13:58.503 [JavaFX Application Thread] DEBUG Engine               - JRE Vendor Name: Oracle Corporation
21:13:58.503 [JavaFX Application Thread] DEBUG Engine               - Running on OS: Mac OS X version 15.3.2
21:13:58.503 [JavaFX Application Thread] DEBUG Engine               - Architecture: aarch64
21:13:58.503 [JavaFX Application Thread] INFO  Engine               - Source code and latest versions at: https://github.com/AlmasB/FXGL
21:13:58.503 [JavaFX Application Thread] INFO  Engine               -       Ask questions and discuss at: https://github.com/AlmasB/FXGL/discussions
21:13:58.503 [JavaFX Application Thread] INFO  Engine               -              Join the FXGL chat at: https://gitter.im/AlmasB/FXGL
21:13:58.547 [JavaFX Application Thread] DEBUG PrimaryStageWindow   - Creating a JavaFX scene
21:13:58.567 [JavaFX Application Thread] DEBUG PrimaryStageWindow   - Target settings size: 1280.0 x 720.0
21:13:58.567 [JavaFX Application Thread] DEBUG PrimaryStageWindow   - Scaled scene size:    1280.0 x 720.0
21:13:58.567 [JavaFX Application Thread] DEBUG PrimaryStageWindow   - Scaled ratio: (1.0, 1.0)
21:13:58.567 [JavaFX Application Thread] DEBUG PrimaryStageWindow   - Set initial scene to FXGLStartupScene
21:13:58.568 [JavaFX Application Thread] DEBUG PrimaryStageWindow   - Opening main window
21:13:58.683 [JavaFX Application Thread] DEBUG PrimaryStageWindow   - Window border size: (0.0, 28.0)
21:13:58.683 [JavaFX Application Thread] DEBUG PrimaryStageWindow   - Scaled size: 1280.0 x 720.0
21:13:58.683 [JavaFX Application Thread] DEBUG PrimaryStageWindow   - Scaled ratio: (1.0, 1.0)
21:13:58.683 [JavaFX Application Thread] DEBUG PrimaryStageWindow   - Scene size: 1280.0 x 720.0
21:13:58.684 [JavaFX Application Thread] DEBUG PrimaryStageWindow   - Stage size: 1280.0 x 748.0
21:13:58.688 [FXGL Background Thread 1 ] DEBUG Engine               - Initializing environment variables
21:13:58.729 [FXGL Background Thread 1 ] DEBUG FXGLAssetLoaderServi - User app class for loading assets: class org.example.capstonee.GameApp
21:13:58.730 [FXGL Background Thread 1 ] DEBUG GameApplicationServi - Applying CSS: fxgl_dark.css
21:13:58.730 [FXGL Background Thread 1 ] DEBUG FXGLAssetLoaderServi - Loading from file system: jar:file:///Users/ajaxestela/.m2/repository/com/github/almasb/fxgl/21.1/fxgl-21.1.jar!/fxglassets/ui/css/fxgl_dark.css
21:13:58.760 [FXGL Background Thread 1 ] DEBUG GameApplicationServi - Initializing application scenes
21:13:58.969 [FXGL Background Thread 1 ] DEBUG GameWorld            - Game world initialized
21:13:58.996 [FXGL Background Thread 1 ] DEBUG PhysicsWorld         - Physics world initialized: appHeight=720, physics.ppm=50.0
21:13:58.997 [FXGL Background Thread 1 ] DEBUG PhysicsWorld         - Using strategy: BRUTE_FORCE
21:13:58.998 [FXGL Background Thread 1 ] DEBUG GameScene            - Game scene initialized: 1280x720
21:13:59.000 [FXGL Background Thread 1 ] WARN  FXGLAssetLoaderServi - Asset "/assets/music/music/menu_theme.wav" was not found!
21:13:59.001 [FXGL Background Thread 1 ] WARN  FXGLAssetLoaderServi - Failed to load MUSIC
21:13:59.003 [FXGL Background Thread 1 ] DEBUG FXGLAssetLoaderServi - Loading from file system: file:/Users/ajaxestela/IdeaProjects/GitSomeSleep/Capstonee/target/classes/assets/textures/background/nearest4.png
21:13:59.059 [FXGL Background Thread 1 ] DEBUG FXGLAssetLoaderServi - Loading from file system: file:/Users/ajaxestela/IdeaProjects/GitSomeSleep/Capstonee/target/classes/assets/textures/background/nearest3.png
21:13:59.085 [FXGL Background Thread 1 ] DEBUG FXGLAssetLoaderServi - Loading from file system: file:/Users/ajaxestela/IdeaProjects/GitSomeSleep/Capstonee/target/classes/assets/textures/background/nearest2.png
21:13:59.095 [FXGL Background Thread 1 ] DEBUG FXGLAssetLoaderServi - Loading from file system: file:/Users/ajaxestela/IdeaProjects/GitSomeSleep/Capstonee/target/classes/assets/textures/background/%20nearest1.png
21:13:59.119 [FXGL Background Thread 1 ] DEBUG GameApplicationServi - Application scenes initialized
21:13:59.144 [FXGL Background Thread 1 ] DEBUG SystemBundleService  - Loading FXGL system data
21:13:59.154 [FXGL Background Thread 1 ] DEBUG FileSystemAccess     - Reading from: /Users/ajaxestela/IdeaProjects/GitSomeSleep/Capstonee/system/fxgl.bundle
21:13:59.166 [FXGL Background Thread 1 ] DEBUG SystemBundleService  - Bundle FXGL: {}
21:13:59.166 [FXGL Background Thread 1 ] DEBUG UpdaterService       - Checking for updates
21:13:59.171 [FXGL Background Thread 4 ] DEBUG FXGLApplication      - Loading fonts
21:13:59.172 [FXGL Background Thread 4 ] DEBUG FXGLAssetLoaderServi - Loading from file system: jar:file:///Users/ajaxestela/.m2/repository/com/github/almasb/fxgl/21.1/fxgl-21.1.jar!/fxglassets/ui/fonts/VarelaRound-Regular.ttf
21:13:59.173 [FXGL Background Thread 1 ] DEBUG FXGLApplication      - Loading default localization
21:13:59.174 [FXGL Background Thread 1 ] DEBUG FXGLAssetLoaderServi - Loading from file system: jar:file:///Users/ajaxestela/.m2/repository/com/github/almasb/fxgl/21.1/fxgl-21.1.jar!/fxglassets/languages/english.lang
21:13:59.189 [FXGL Background Thread 1 ] INFO  FXGLApplication      - FXGL initialization took: 0.501 sec
21:13:59.195 [JavaFX Application Thread] DEBUG Input                - Registered new binding: RhythmLane0 - H
21:13:59.195 [JavaFX Application Thread] DEBUG Input                - Registered new binding: RhythmLane1 - J
21:13:59.195 [JavaFX Application Thread] DEBUG Input                - Registered new binding: RhythmLane2 - K
21:13:59.195 [JavaFX Application Thread] DEBUG Input                - Registered new binding: RhythmLane3 - L
21:13:59.195 [JavaFX Application Thread] DEBUG Input                - Registered new binding: RhythmStart - Space
21:13:59.195 [JavaFX Application Thread] DEBUG FXGLAssetLoaderServi - Loading from file system: jar:file:///Users/ajaxestela/.m2/repository/com/github/almasb/fxgl/21.1/fxgl-21.1.jar!/fxglassets/textures/fxgl_icon.png
21:13:59.211 [FXGL Background Thread 4 ] DEBUG FXGLAssetLoaderServi - Loading from file system: jar:file:///Users/ajaxestela/.m2/repository/com/github/almasb/fxgl/21.1/fxgl-21.1.jar!/fxglassets/ui/fonts/Abel-Regular.ttf
21:13:59.218 [FXGL Background Thread 4 ] DEBUG FXGLAssetLoaderServi - Loading from file system: jar:file:///Users/ajaxestela/.m2/repository/com/github/almasb/fxgl/21.1/fxgl-21.1.jar!/fxglassets/ui/fonts/TerminalLandMono-Regular.otf
21:13:59.238 [FXGL Background Thread 4 ] DEBUG FXGLAssetLoaderServi - Loading from file system: jar:file:///Users/ajaxestela/.m2/repository/com/github/almasb/fxgl/21.1/fxgl-21.1.jar!/fxglassets/ui/fonts/Courier-Prime.ttf
21:13:59.259 [JavaFX Application Thread] DEBUG FXGLAssetLoaderServi - Loading from file system: jar:file:///Users/ajaxestela/.m2/repository/com/github/almasb/fxgl/21.1/fxgl-21.1.jar!/fxglassets/textures/fxgl_default_cursor.png
21:13:59.260 [JavaFX Application Thread] DEBUG Input                - Registered new binding: Screenshot - CTRL+8
21:13:59.261 [JavaFX Application Thread] DEBUG Input                - Registered new binding: System info dump - CTRL+9
21:13:59.261 [JavaFX Application Thread] DEBUG Input                - Registered new binding: Restart - CTRL+R
21:13:59.261 [JavaFX Application Thread] DEBUG Input                - Registered new binding: Toggle Debug Camera - CTRL+7
21:13:59.263 [JavaFX Application Thread] DEBUG LoopRunner           - Starting loop
21:13:59.263 [JavaFX Application Thread] DEBUG LoopRunner           - Initializing JavaFX AnimationTimerLoop
21:13:59.265 [JavaFX Application Thread] DEBUG Input                - Clearing active input actions
21:13:59.270 [JavaFX Application Thread] DEBUG GameApplicationServi - Removing overlay from FXGLStartupScene and adding to FXGLMainMenuDummyScene
21:13:59.270 [JavaFX Application Thread] DEBUG PrimaryStageWindow   - FXGLStartupScene -> FXGLMainMenuDummyScene
21:13:59.271 [JavaFX Application Thread] DEBUG PrimaryStageWindow   - Push state: MainMenu
21:13:59.272 [JavaFX Application Thread] DEBUG Input                - Clearing active input actions
21:13:59.281 [JavaFX Application Thread] DEBUG GameApplicationServi - Removing overlay from FXGLMainMenuDummyScene and adding to MainMenu
21:13:59.281 [JavaFX Application Thread] DEBUG PrimaryStageWindow   - FXGLMainMenuDummyScene -> MainMenu
21:13:59.463 [JavaFX Application Thread] DEBUG FXGLApplication      - Registering font factories with UI factory
21:14:00.177 [JavaFX Application Thread] DEBUG PrimaryStageWindow   - Push state: DialogSubScene
21:14:00.177 [JavaFX Application Thread] DEBUG Input                - Clearing active input actions
21:14:00.177 [JavaFX Application Thread] DEBUG GameApplicationServi - Removing overlay from MainMenu and adding to DialogSubScene
21:14:00.177 [JavaFX Application Thread] DEBUG PrimaryStageWindow   - MainMenu -> DialogSubScene
21:14:02.172 [FXGL Background Thread 3 ] DEBUG Engine               - Logging environment variables
21:14:02.172 [FXGL Background Thread 3 ] DEBUG Engine               - achievements: []
21:14:02.172 [FXGL Background Thread 3 ] DEBUG Engine               - actualHeight: 720.0
21:14:02.172 [FXGL Background Thread 3 ] DEBUG Engine               - actualHeightProperty: ReadOnlyDoubleProperty [value: 720.0]
21:14:02.172 [FXGL Background Thread 3 ] DEBUG Engine               - actualWidth: 1280.0
21:14:02.172 [FXGL Background Thread 3 ] DEBUG Engine               - actualWidthProperty: ReadOnlyDoubleProperty [value: 1280.0]
21:14:02.172 [FXGL Background Thread 3 ] DEBUG Engine               - appIcon: fxgl_icon.png
21:14:02.172 [FXGL Background Thread 3 ] DEBUG Engine               - applicationMode: DEVELOPER
21:14:02.173 [FXGL Background Thread 3 ] DEBUG Engine               - cSSList: [fxgl_dark.css]
21:14:02.173 [FXGL Background Thread 3 ] DEBUG Engine               - collisionDetectionStrategy: BRUTE_FORCE
21:14:02.173 [FXGL Background Thread 3 ] DEBUG Engine               - configClass: Optional.empty
21:14:02.173 [FXGL Background Thread 3 ] DEBUG Engine               - credits: []
21:14:02.174 [FXGL Background Thread 3 ] DEBUG Engine               - defaultCursor: CursorInfo(imageName=fxgl_default_cursor.png, hotspotX=7.0, hotspotY=6.0)
21:14:02.174 [FXGL Background Thread 3 ] DEBUG Engine               - devBBoxColorProperty: ObjectProperty [value: 0xff0000ff]
21:14:02.174 [FXGL Background Thread 3 ] DEBUG Engine               - devEnableDebugCameraProperty: BooleanProperty [value: false]
21:14:02.174 [FXGL Background Thread 3 ] DEBUG Engine               - devSensorColorProperty: ObjectProperty [value: 0xffff00ff]
21:14:02.175 [FXGL Background Thread 3 ] DEBUG Engine               - devShowBBoxProperty: BooleanProperty [value: false]
21:14:02.175 [FXGL Background Thread 3 ] DEBUG Engine               - devShowPositionProperty: BooleanProperty [value: false]
21:14:02.175 [FXGL Background Thread 3 ] DEBUG Engine               - enabledMenuItems: []
21:14:02.175 [FXGL Background Thread 3 ] DEBUG Engine               - engineServices: [class com.almasb.fxgl.app.services.FXGLAssetLoaderService, class com.almasb.fxgl.app.FXGLApplication$GameApplicationService, class com.almasb.fxgl.app.services.FXGLDialogService, class com.almasb.fxgl.app.services.IOTaskExecutorService, class com.almasb.fxgl.io.FileSystemService, class com.almasb.fxgl.localization.LocalizationService, class com.almasb.fxgl.app.services.SystemBundleService, class com.almasb.fxgl.profile.SaveLoadService, class com.almasb.fxgl.ui.FXGLUIFactoryServiceProvider, class com.almasb.fxgl.ui.FXGLDialogFactoryServiceProvider, class com.almasb.fxgl.audio.AudioPlayer, class com.almasb.fxgl.notification.impl.NotificationServiceProvider, class com.almasb.fxgl.achievement.AchievementService, class com.almasb.fxgl.cutscene.CutsceneService, class com.almasb.fxgl.minigames.MiniGameService, class com.almasb.fxgl.net.NetService, class com.almasb.fxgl.app.services.UpdaterService, class com.almasb.fxgl.dev.DevService]
21:14:02.175 [FXGL Background Thread 3 ] DEBUG Engine               - fontGame: Abel-Regular.ttf
21:14:02.175 [FXGL Background Thread 3 ] DEBUG Engine               - fontMono: TerminalLandMono-Regular.otf
21:14:02.175 [FXGL Background Thread 3 ] DEBUG Engine               - fontSizeScaleUI: 1.0
21:14:02.175 [FXGL Background Thread 3 ] DEBUG Engine               - fontText: Courier-Prime.ttf
21:14:02.175 [FXGL Background Thread 3 ] DEBUG Engine               - fontUI: VarelaRound-Regular.ttf
21:14:02.175 [FXGL Background Thread 3 ] DEBUG Engine               - fullScreen: BooleanProperty [value: false]
21:14:02.175 [FXGL Background Thread 3 ] DEBUG Engine               - gameDifficulty: MEDIUM
21:14:02.175 [FXGL Background Thread 3 ] DEBUG Engine               - gameDifficultyProperty: ObjectProperty [value: MEDIUM]
21:14:02.175 [FXGL Background Thread 3 ] DEBUG Engine               - globalMusicVolume: 0.5
21:14:02.175 [FXGL Background Thread 3 ] DEBUG Engine               - globalMusicVolumeProperty: DoubleProperty [value: 0.5]
21:14:02.175 [FXGL Background Thread 3 ] DEBUG Engine               - globalSoundVolume: 0.5
21:14:02.175 [FXGL Background Thread 3 ] DEBUG Engine               - globalSoundVolumeProperty: DoubleProperty [value: 0.5]
21:14:02.175 [FXGL Background Thread 3 ] DEBUG Engine               - height: 720
21:14:02.175 [FXGL Background Thread 3 ] DEBUG Engine               - is3D: false
21:14:02.175 [FXGL Background Thread 3 ] DEBUG Engine               - isAndroid: false
21:14:02.175 [FXGL Background Thread 3 ] DEBUG Engine               - isBrowser: false
21:14:02.175 [FXGL Background Thread 3 ] DEBUG Engine               - isClickFeedbackEnabled: false
21:14:02.175 [FXGL Background Thread 3 ] DEBUG Engine               - isCloseConfirmation: false
21:14:02.175 [FXGL Background Thread 3 ] DEBUG Engine               - isDesktop: true
21:14:02.175 [FXGL Background Thread 3 ] DEBUG Engine               - isDeveloperMenuEnabled: false
21:14:02.175 [FXGL Background Thread 3 ] DEBUG Engine               - isEmbedded: false
21:14:02.175 [FXGL Background Thread 3 ] DEBUG Engine               - isEntityPreloadEnabled: true
21:14:02.175 [FXGL Background Thread 3 ] DEBUG Engine               - isExperimentalTiledLargeMap: false
21:14:02.175 [FXGL Background Thread 3 ] DEBUG Engine               - isFileSystemWriteAllowed: true
21:14:02.175 [FXGL Background Thread 3 ] DEBUG Engine               - isFullScreenAllowed: false
21:14:02.175 [FXGL Background Thread 3 ] DEBUG Engine               - isFullScreenFromStart: false
21:14:02.175 [FXGL Background Thread 3 ] DEBUG Engine               - isGameMenuEnabled: true
21:14:02.175 [FXGL Background Thread 3 ] DEBUG Engine               - isIOS: false
21:14:02.175 [FXGL Background Thread 3 ] DEBUG Engine               - isIntroEnabled: false
21:14:02.176 [FXGL Background Thread 3 ] DEBUG Engine               - isLinux: false
21:14:02.176 [FXGL Background Thread 3 ] DEBUG Engine               - isMac: true
21:14:02.176 [FXGL Background Thread 3 ] DEBUG Engine               - isMainMenuEnabled: true
21:14:02.176 [FXGL Background Thread 3 ] DEBUG Engine               - isManualResizeEnabled: false
21:14:02.176 [FXGL Background Thread 3 ] DEBUG Engine               - isMobile: false
21:14:02.176 [FXGL Background Thread 3 ] DEBUG Engine               - isNative: false
21:14:02.176 [FXGL Background Thread 3 ] DEBUG Engine               - isPauseMusicWhenMinimized: true
21:14:02.176 [FXGL Background Thread 3 ] DEBUG Engine               - isPreserveResizeRatio: false
21:14:02.176 [FXGL Background Thread 3 ] DEBUG Engine               - isProfilingEnabled: false
21:14:02.176 [FXGL Background Thread 3 ] DEBUG Engine               - isScaleAffectedOnResize: true
21:14:02.176 [FXGL Background Thread 3 ] DEBUG Engine               - isSingleStep: false
21:14:02.176 [FXGL Background Thread 3 ] DEBUG Engine               - isUserProfileEnabled: false
21:14:02.176 [FXGL Background Thread 3 ] DEBUG Engine               - isWindows: false
21:14:02.176 [FXGL Background Thread 3 ] DEBUG Engine               - language: ObjectProperty [value: ENGLISH]
21:14:02.176 [FXGL Background Thread 3 ] DEBUG Engine               - menuKey: ESCAPE
21:14:02.176 [FXGL Background Thread 3 ] DEBUG Engine               - mouseSensitivity: 0.2
21:14:02.176 [FXGL Background Thread 3 ] DEBUG Engine               - notificationViewClass: class com.almasb.fxgl.notification.view.XboxNotificationView
21:14:02.176 [FXGL Background Thread 3 ] DEBUG Engine               - pixelsPerMeter: 50.0
21:14:02.176 [FXGL Background Thread 3 ] DEBUG Engine               - platform: MAC
21:14:02.176 [FXGL Background Thread 3 ] DEBUG Engine               - prefHeightProperty: ReadOnlyDoubleProperty [value: 720.0]
21:14:02.176 [FXGL Background Thread 3 ] DEBUG Engine               - prefWidthProperty: ReadOnlyDoubleProperty [value: 1280.0]
21:14:02.176 [FXGL Background Thread 3 ] DEBUG Engine               - profileDir: profiles/
21:14:02.176 [FXGL Background Thread 3 ] DEBUG Engine               - profileName: StringProperty [value: DEFAULT]
21:14:02.176 [FXGL Background Thread 3 ] DEBUG Engine               - randomSeed: -1
21:14:02.177 [FXGL Background Thread 3 ] DEBUG Engine               - runtimeInfo: RuntimeInfo(platform=MAC, version=21.1, build=27.03.2024 07.52)
21:14:02.177 [FXGL Background Thread 3 ] DEBUG Engine               - saveFileExt: sav
21:14:02.177 [FXGL Background Thread 3 ] DEBUG Engine               - scaledHeightProp$fxgl: DoubleProperty [bound, value: 720.0]
21:14:02.177 [FXGL Background Thread 3 ] DEBUG Engine               - scaledWidthProp$fxgl: DoubleProperty [bound, value: 1280.0]
21:14:02.177 [FXGL Background Thread 3 ] DEBUG Engine               - sceneFactory: org.example.capstonee.Menu.MenuSceneFactory@23ae208a
21:14:02.177 [FXGL Background Thread 3 ] DEBUG Engine               - secondsIn24h: 60
21:14:02.177 [FXGL Background Thread 3 ] DEBUG Engine               - soundMenuBack: menu/back.wav
21:14:02.177 [FXGL Background Thread 3 ] DEBUG Engine               - soundMenuPress: menu/press.wav
21:14:02.177 [FXGL Background Thread 3 ] DEBUG Engine               - soundMenuSelect: menu/select.wav
21:14:02.177 [FXGL Background Thread 3 ] DEBUG Engine               - soundNotification: core/notification.wav
21:14:02.177 [FXGL Background Thread 3 ] DEBUG Engine               - stageStyle: DECORATED
21:14:02.177 [FXGL Background Thread 3 ] DEBUG Engine               - supportedLanguages: [ENGLISH, FRENCH, GERMAN, HUNGARIAN, RUSSIAN]
21:14:02.177 [FXGL Background Thread 3 ] DEBUG Engine               - ticksPerSecond: -1
21:14:02.177 [FXGL Background Thread 3 ] DEBUG Engine               - title: Rhythm Impact
21:14:02.177 [FXGL Background Thread 3 ] DEBUG Engine               - urlGithub: https://github.com/AlmasB/FXGL
21:14:02.177 [FXGL Background Thread 3 ] DEBUG Engine               - urlLeaderboard: http://fxgl-top.herokuapp.com/
21:14:02.177 [FXGL Background Thread 3 ] DEBUG Engine               - urlPOM: https://raw.githubusercontent.com/AlmasB/FXGL/release/README.md
21:14:02.177 [FXGL Background Thread 3 ] DEBUG Engine               - userAppClass: class org.example.capstonee.GameApp
21:14:02.177 [FXGL Background Thread 3 ] DEBUG Engine               - version: 1.0
21:14:02.178 [FXGL Background Thread 3 ] DEBUG Engine               - versionCheckDays: 7
21:14:02.178 [FXGL Background Thread 3 ] DEBUG Engine               - width: 1280
21:14:02.178 [FXGL Background Thread 3 ] DEBUG Engine               - Logging services
21:14:02.178 [FXGL Background Thread 3 ] DEBUG Engine               - class com.almasb.fxgl.app.services.FXGLAssetLoaderService
21:14:02.178 [FXGL Background Thread 3 ] DEBUG Engine               - class com.almasb.fxgl.app.FXGLApplication$GameApplicationService
21:14:02.178 [FXGL Background Thread 3 ] DEBUG Engine               - class com.almasb.fxgl.app.services.FXGLDialogService
21:14:02.178 [FXGL Background Thread 3 ] DEBUG Engine               - class com.almasb.fxgl.app.services.IOTaskExecutorService
21:14:02.178 [FXGL Background Thread 3 ] DEBUG Engine               - class com.almasb.fxgl.io.FileSystemService
21:14:02.178 [FXGL Background Thread 3 ] DEBUG Engine               - class com.almasb.fxgl.localization.LocalizationService
21:14:02.178 [FXGL Background Thread 3 ] DEBUG Engine               - class com.almasb.fxgl.app.services.SystemBundleService
21:14:02.178 [FXGL Background Thread 3 ] DEBUG Engine               - class com.almasb.fxgl.profile.SaveLoadService
21:14:02.178 [FXGL Background Thread 3 ] DEBUG Engine               - class com.almasb.fxgl.ui.FXGLUIFactoryServiceProvider
21:14:02.178 [FXGL Background Thread 3 ] DEBUG Engine               - class com.almasb.fxgl.ui.FXGLDialogFactoryServiceProvider
21:14:02.178 [FXGL Background Thread 3 ] DEBUG Engine               - class com.almasb.fxgl.audio.AudioPlayer
21:14:02.178 [FXGL Background Thread 3 ] DEBUG Engine               - class com.almasb.fxgl.notification.impl.NotificationServiceProvider
21:14:02.178 [FXGL Background Thread 3 ] DEBUG Engine               - class com.almasb.fxgl.achievement.AchievementService
21:14:02.178 [FXGL Background Thread 3 ] DEBUG Engine               - class com.almasb.fxgl.cutscene.CutsceneService
21:14:02.178 [FXGL Background Thread 3 ] DEBUG Engine               - class com.almasb.fxgl.minigames.MiniGameService
21:14:02.178 [FXGL Background Thread 3 ] DEBUG Engine               - class com.almasb.fxgl.net.NetService
21:14:02.178 [FXGL Background Thread 3 ] DEBUG Engine               - class com.almasb.fxgl.app.services.UpdaterService
21:14:02.178 [FXGL Background Thread 3 ] DEBUG Engine               - class com.almasb.fxgl.dev.DevService
21:14:05.409 [JavaFX Application Thread] DEBUG PrimaryStageWindow   - Pop state: DialogSubScene
21:14:05.409 [JavaFX Application Thread] DEBUG Input                - Clearing active input actions
21:14:05.410 [JavaFX Application Thread] DEBUG GameApplicationServi - Removing overlay from DialogSubScene and adding to MainMenu
21:14:05.411 [JavaFX Application Thread] DEBUG PrimaryStageWindow   - MainMenu <- DialogSubScene
21:14:05.414 [JavaFX Application Thread] DEBUG PrimaryStageWindow   - Push state: DialogSubScene
21:14:05.415 [JavaFX Application Thread] DEBUG Input                - Clearing active input actions
21:14:05.416 [JavaFX Application Thread] DEBUG GameApplicationServi - Removing overlay from MainMenu and adding to DialogSubScene
21:14:05.416 [JavaFX Application Thread] DEBUG PrimaryStageWindow   - MainMenu -> DialogSubScene
21:14:07.338 [JavaFX Application Thread] DEBUG PrimaryStageWindow   - Pop state: DialogSubScene
21:14:07.338 [JavaFX Application Thread] DEBUG Input                - Clearing active input actions
21:14:07.339 [JavaFX Application Thread] DEBUG GameApplicationServi - Removing overlay from DialogSubScene and adding to MainMenu
21:14:07.340 [JavaFX Application Thread] DEBUG PrimaryStageWindow   - MainMenu <- DialogSubScene
21:14:07.341 [JavaFX Application Thread] DEBUG AudioPlayer          - Stopping music com.almasb.fxgl.audio.Music@767b4835
21:14:07.341 [JavaFX Application Thread] DEBUG GameApplicationServi - Starting new game
21:14:07.341 [JavaFX Application Thread] DEBUG PrimaryStageWindow   - Pop state: MainMenu
21:14:07.341 [JavaFX Application Thread] DEBUG Input                - Clearing active input actions
21:14:07.342 [JavaFX Application Thread] DEBUG GameApplicationServi - Removing overlay from MainMenu and adding to FXGLMainMenuDummyScene
21:14:07.342 [JavaFX Application Thread] DEBUG PrimaryStageWindow   - FXGLMainMenuDummyScene <- MainMenu
21:14:07.343 [JavaFX Application Thread] DEBUG Input                - Clearing active input actions
21:14:07.350 [JavaFX Application Thread] DEBUG GameApplicationServi - Removing overlay from FXGLMainMenuDummyScene and adding to FXGLLoadingScene
21:14:07.350 [JavaFX Application Thread] DEBUG PrimaryStageWindow   - FXGLMainMenuDummyScene -> FXGLLoadingScene
21:14:07.350 [JavaFX Application Thread] DEBUG GameApplicationServi - Clearing previous game
21:14:07.350 [JavaFX Application Thread] DEBUG GameScene            - Clearing game scene
21:14:07.351 [JavaFX Application Thread] DEBUG GameWorld            - Clearing game world
21:14:07.351 [JavaFX Application Thread] DEBUG PhysicsWorld         - Clearing physics world
21:14:07.353 [FXGL Background Thread 2 ] DEBUG FXGLApplication      - Initializing game
21:14:07.356 [FXGL Background Thread 2 ] WARN  FXGLAssetLoaderServi - Asset "/assets/sounds/sounds/hit.wav" was not found!
21:14:07.356 [FXGL Background Thread 2 ] WARN  FXGLAssetLoaderServi - Failed to load SOUND
21:14:07.356 [FXGL Background Thread 2 ] WARN  FXGLAssetLoaderServi - Asset "/assets/sounds/sounds/miss.wav" was not found!
21:14:07.356 [FXGL Background Thread 2 ] WARN  FXGLAssetLoaderServi - Failed to load SOUND
21:14:07.364 [FXGL Background Thread 2 ] DEBUG FXGLAssetLoaderServi - Loading from file system: file:/Users/ajaxestela/IdeaProjects/GitSomeSleep/Capstonee/target/classes/assets/music/songs/scara.wav
21:14:07.635 [FXGL Background Thread 2 ] DEBUG FXGLAssetLoaderServi - Loading from file system: file:/Users/ajaxestela/IdeaProjects/GitSomeSleep/Capstonee/target/classes/assets/textures/background/pixelatedliyue.png
21:14:07.658 [FXGL Background Thread 2 ] DEBUG FXGLAssetLoaderServi - Loading from file system: file:/Users/ajaxestela/IdeaProjects/GitSomeSleep/Capstonee/target/classes/assets/textures/notes/hilichurlhitmarker.png
21:14:07.665 [FXGL Background Thread 2 ] INFO  FXGLApplication      - Game initialization took: 0.312 sec
21:14:07.665 [JavaFX Application Thread] DEBUG Input                - Clearing active input actions
21:14:07.668 [JavaFX Application Thread] DEBUG GameApplicationServi - Removing overlay from FXGLLoadingScene and adding to GameScene
21:14:07.668 [JavaFX Application Thread] DEBUG PrimaryStageWindow   - FXGLLoadingScene -> GameScene
21:14:08.612 [JavaFX Application Thread] DEBUG AudioPlayer          - Playing music com.almasb.fxgl.audio.Music@12e8fed0
21:14:12.076 [JavaFX Application Thread] DEBUG FXGLAssetLoaderServi - Loading from file system: file:/Users/ajaxestela/IdeaProjects/GitSomeSleep/Capstonee/target/classes/assets/textures/markers/moranote.png
21:14:13.648 [JavaFX Application Thread] DEBUG FXGLAssetLoaderServi - Loading from file system: file:/Users/ajaxestela/IdeaProjects/GitSomeSleep/Capstonee/target/classes/assets/textures/particles/yellow_particle.png
21:14:27.742 [JavaFX Application Thread] DEBUG AudioPlayer          - Stopping music com.almasb.fxgl.audio.Music@12e8fed0
21:14:33.987 [JavaFX Application Thread] DEBUG FXGLApplication      - Exiting FXGL
21:14:33.988 [JavaFX Application Thread] DEBUG LoopRunner           - Stopping loop
21:14:33.989 [JavaFX Application Thread] DEBUG SystemBundleService  - Saving FXGL system data
21:14:33.992 [JavaFX Application Thread] DEBUG FileSystemAccess     - Writing to: /Users/ajaxestela/IdeaProjects/GitSomeSleep/Capstonee/system/fxgl.bundle
21:14:33.993 [JavaFX Application Thread] DEBUG Async                - Shutting down background threads
21:14:33.993 [JavaFX Application Thread] DEBUG PrimaryStageWindow   - Closing main window
21:14:34.022 [JavaFX Application Thread] DEBUG Logger               - Closing Logger
