20:42:06.333 [main                     ] DEBUG Logger               - Configured Logger
20:42:06.343 [main                     ] DEBUG GameApplication      - Logging settings
Title: Platformer with Rhythm
Version: 0.2
Width: 1280
Height: 720
Fullscreen: false
Intro: false
Profiling: false
Single step:false
App Mode: DEVELOPER
Menu Key: ESCAPE
Stage Style: DECORATED
Scene Factory: class com.almasb.fxgl.app.scene.SceneFactory

20:42:06.541 [JavaFX Application Thread] DEBUG FXGLApplication      - Initializing FXGL
20:42:06.543 [JavaFX Application Thread] INFO  Engine               - FXGL-21.1 (27.03.2024 07.52) on MAC (J:22.0.2 FX:22.0.1)
20:42:06.543 [JavaFX Application Thread] DEBUG Engine               - JRE Vendor Name: Oracle Corporation
20:42:06.543 [JavaFX Application Thread] DEBUG Engine               - Running on OS: Mac OS X version 15.3.2
20:42:06.543 [JavaFX Application Thread] DEBUG Engine               - Architecture: aarch64
20:42:06.543 [JavaFX Application Thread] INFO  Engine               - Source code and latest versions at: https://github.com/AlmasB/FXGL
20:42:06.544 [JavaFX Application Thread] INFO  Engine               -       Ask questions and discuss at: https://github.com/AlmasB/FXGL/discussions
20:42:06.544 [JavaFX Application Thread] INFO  Engine               -              Join the FXGL chat at: https://gitter.im/AlmasB/FXGL
20:42:06.578 [JavaFX Application Thread] DEBUG PrimaryStageWindow   - Creating a JavaFX scene
20:42:06.595 [JavaFX Application Thread] DEBUG PrimaryStageWindow   - Target settings size: 1280.0 x 720.0
20:42:06.595 [JavaFX Application Thread] DEBUG PrimaryStageWindow   - Scaled scene size:    1280.0 x 720.0
20:42:06.595 [JavaFX Application Thread] DEBUG PrimaryStageWindow   - Scaled ratio: (1.0, 1.0)
20:42:06.596 [JavaFX Application Thread] DEBUG PrimaryStageWindow   - Set initial scene to FXGLStartupScene
20:42:06.597 [JavaFX Application Thread] DEBUG PrimaryStageWindow   - Opening main window
20:42:06.645 [JavaFX Application Thread] DEBUG PrimaryStageWindow   - Window border size: (0.0, 28.0)
20:42:06.646 [JavaFX Application Thread] DEBUG PrimaryStageWindow   - Scaled size: 1280.0 x 720.0
20:42:06.646 [JavaFX Application Thread] DEBUG PrimaryStageWindow   - Scaled ratio: (1.0, 1.0)
20:42:06.646 [JavaFX Application Thread] DEBUG PrimaryStageWindow   - Scene size: 1280.0 x 720.0
20:42:06.646 [JavaFX Application Thread] DEBUG PrimaryStageWindow   - Stage size: 1280.0 x 748.0
20:42:06.649 [FXGL Background Thread 1 ] DEBUG Engine               - Initializing environment variables
20:42:06.670 [FXGL Background Thread 1 ] DEBUG FXGLAssetLoaderServi - User app class for loading assets: class org.example.capstonee.GameApp
20:42:06.670 [FXGL Background Thread 1 ] DEBUG GameApplicationServi - Applying CSS: fxgl_dark.css
20:42:06.671 [FXGL Background Thread 1 ] DEBUG FXGLAssetLoaderServi - Loading from file system: jar:file:///Users/ajaxestela/.m2/repository/com/github/almasb/fxgl/21.1/fxgl-21.1.jar!/fxglassets/ui/css/fxgl_dark.css
20:42:06.702 [FXGL Background Thread 1 ] DEBUG GameApplicationServi - Initializing application scenes
20:42:06.786 [FXGL Background Thread 1 ] DEBUG GameWorld            - Game world initialized
20:42:06.887 [FXGL Background Thread 1 ] DEBUG PhysicsWorld         - Physics world initialized: appHeight=720, physics.ppm=50.0
20:42:06.887 [FXGL Background Thread 1 ] DEBUG PhysicsWorld         - Using strategy: BRUTE_FORCE
20:42:06.889 [FXGL Background Thread 1 ] DEBUG GameScene            - Game scene initialized: 1280x720
20:42:06.898 [FXGL Background Thread 1 ] DEBUG FXGL.DefaultMenu     - createMenuBodyMainMenu()
20:42:06.906 [FXGL Background Thread 1 ] DEBUG FXGL.DefaultMenu     - createOptionsMenu()
20:42:06.910 [FXGL Background Thread 1 ] DEBUG FXGLAssetLoaderServi - Loading from file system: jar:file:///Users/ajaxestela/.m2/repository/com/github/almasb/fxgl/21.1/fxgl-21.1.jar!/fxglassets/textures/particles/smoke.png
20:42:06.957 [FXGL Background Thread 1 ] DEBUG FXGLAssetLoaderServi - Loading from file system: jar:file:///Users/ajaxestela/.m2/repository/com/github/almasb/fxgl/21.1/fxgl-21.1.jar!/fxglassets/textures/particles/trace_horizontal.png
20:42:06.969 [FXGL Background Thread 1 ] DEBUG FXGL.DefaultMenu     - createMenuBodyGameMenu()
20:42:06.969 [FXGL Background Thread 1 ] DEBUG FXGL.DefaultMenu     - createOptionsMenu()
20:42:06.976 [FXGL Background Thread 1 ] DEBUG GameApplicationServi - Application scenes initialized
20:42:06.982 [FXGL Background Thread 1 ] DEBUG SystemBundleService  - Loading FXGL system data
20:42:06.984 [FXGL Background Thread 1 ] DEBUG FileSystemAccess     - Reading from: /Users/ajaxestela/IdeaProjects/GitSomeSleep/Capstonee/system/fxgl.bundle
20:42:06.987 [FXGL Background Thread 1 ] DEBUG SystemBundleService  - Bundle FXGL: {}
20:42:06.987 [FXGL Background Thread 1 ] DEBUG UpdaterService       - Checking for updates
20:42:06.988 [FXGL Background Thread 4 ] DEBUG FXGLApplication      - Loading fonts
20:42:06.989 [FXGL Background Thread 4 ] DEBUG FXGLAssetLoaderServi - Loading from file system: jar:file:///Users/ajaxestela/.m2/repository/com/github/almasb/fxgl/21.1/fxgl-21.1.jar!/fxglassets/ui/fonts/VarelaRound-Regular.ttf
20:42:06.989 [FXGL Background Thread 1 ] DEBUG FXGLApplication      - Loading default localization
20:42:06.989 [FXGL Background Thread 1 ] DEBUG FXGLAssetLoaderServi - Loading from file system: jar:file:///Users/ajaxestela/.m2/repository/com/github/almasb/fxgl/21.1/fxgl-21.1.jar!/fxglassets/languages/english.lang
20:42:07.005 [FXGL Background Thread 1 ] INFO  FXGLApplication      - FXGL initialization took: 0.356 sec
20:42:07.008 [FXGL Background Thread 4 ] DEBUG FXGLAssetLoaderServi - Loading from file system: jar:file:///Users/ajaxestela/.m2/repository/com/github/almasb/fxgl/21.1/fxgl-21.1.jar!/fxglassets/ui/fonts/Abel-Regular.ttf
20:42:07.009 [JavaFX Application Thread] DEBUG Input                - Registered new binding: Left - A
20:42:07.009 [JavaFX Application Thread] DEBUG Input                - Registered new binding: Right - D
20:42:07.009 [JavaFX Application Thread] DEBUG Input                - Registered new binding: Jump - W
20:42:07.009 [JavaFX Application Thread] DEBUG Input                - Registered new binding: Interact / Confirm - E
20:42:07.009 [JavaFX Application Thread] DEBUG Input                - Registered new binding: RhythmLane0 - H
20:42:07.009 [JavaFX Application Thread] DEBUG Input                - Registered new binding: RhythmLane1 - J
20:42:07.009 [JavaFX Application Thread] DEBUG Input                - Registered new binding: RhythmLane2 - K
20:42:07.009 [JavaFX Application Thread] DEBUG Input                - Registered new binding: RhythmLane3 - L
20:42:07.009 [JavaFX Application Thread] DEBUG Input                - Registered new binding: RhythmStart - Space
20:42:07.010 [JavaFX Application Thread] DEBUG FXGLAssetLoaderServi - Loading from file system: jar:file:///Users/ajaxestela/.m2/repository/com/github/almasb/fxgl/21.1/fxgl-21.1.jar!/fxglassets/textures/fxgl_icon.png
20:42:07.010 [FXGL Background Thread 4 ] DEBUG FXGLAssetLoaderServi - Loading from file system: jar:file:///Users/ajaxestela/.m2/repository/com/github/almasb/fxgl/21.1/fxgl-21.1.jar!/fxglassets/ui/fonts/TerminalLandMono-Regular.otf
20:42:07.012 [FXGL Background Thread 4 ] DEBUG FXGLAssetLoaderServi - Loading from file system: jar:file:///Users/ajaxestela/.m2/repository/com/github/almasb/fxgl/21.1/fxgl-21.1.jar!/fxglassets/ui/fonts/Courier-Prime.ttf
20:42:07.023 [JavaFX Application Thread] DEBUG FXGLAssetLoaderServi - Loading from file system: jar:file:///Users/ajaxestela/.m2/repository/com/github/almasb/fxgl/21.1/fxgl-21.1.jar!/fxglassets/textures/fxgl_default_cursor.png
20:42:07.024 [JavaFX Application Thread] DEBUG Input                - Registered new binding: Screenshot - CTRL+8
20:42:07.024 [JavaFX Application Thread] DEBUG Input                - Registered new binding: System info dump - CTRL+9
20:42:07.024 [JavaFX Application Thread] DEBUG Input                - Registered new binding: Restart - CTRL+R
20:42:07.024 [JavaFX Application Thread] DEBUG Input                - Registered new binding: Toggle Debug Camera - CTRL+7
20:42:07.025 [JavaFX Application Thread] DEBUG LoopRunner           - Starting loop
20:42:07.025 [JavaFX Application Thread] DEBUG LoopRunner           - Initializing JavaFX AnimationTimerLoop
20:42:07.026 [JavaFX Application Thread] DEBUG Input                - Clearing active input actions
20:42:07.029 [JavaFX Application Thread] DEBUG GameApplicationServi - Removing overlay from FXGLStartupScene and adding to FXGLMainMenuDummyScene
20:42:07.029 [JavaFX Application Thread] DEBUG PrimaryStageWindow   - FXGLStartupScene -> FXGLMainMenuDummyScene
20:42:07.029 [JavaFX Application Thread] DEBUG PrimaryStageWindow   - Push state: FXGLDefaultMenu
20:42:07.031 [JavaFX Application Thread] DEBUG Input                - Clearing active input actions
20:42:07.034 [JavaFX Application Thread] DEBUG GameApplicationServi - Removing overlay from FXGLMainMenuDummyScene and adding to FXGLDefaultMenu
20:42:07.034 [JavaFX Application Thread] DEBUG PrimaryStageWindow   - FXGLMainMenuDummyScene -> FXGLDefaultMenu
20:42:07.036 [JavaFX Application Thread] DEBUG FXGLApplication      - Registering font factories with UI factory
20:42:08.297 [JavaFX Application Thread] DEBUG Menu                 - fireNewGame()
20:42:08.297 [JavaFX Application Thread] DEBUG GameApplicationServi - Starting new game
20:42:08.298 [JavaFX Application Thread] DEBUG PrimaryStageWindow   - Pop state: FXGLDefaultMenu
20:42:08.298 [JavaFX Application Thread] DEBUG Input                - Clearing active input actions
20:42:08.298 [JavaFX Application Thread] DEBUG GameApplicationServi - Removing overlay from FXGLDefaultMenu and adding to FXGLMainMenuDummyScene
20:42:08.299 [JavaFX Application Thread] DEBUG PrimaryStageWindow   - FXGLMainMenuDummyScene <- FXGLDefaultMenu
20:42:08.299 [JavaFX Application Thread] DEBUG Input                - Clearing active input actions
20:42:08.301 [JavaFX Application Thread] DEBUG GameApplicationServi - Removing overlay from FXGLMainMenuDummyScene and adding to FXGLLoadingScene
20:42:08.301 [JavaFX Application Thread] DEBUG PrimaryStageWindow   - FXGLMainMenuDummyScene -> FXGLLoadingScene
20:42:08.301 [JavaFX Application Thread] DEBUG GameApplicationServi - Clearing previous game
20:42:08.301 [JavaFX Application Thread] DEBUG GameScene            - Clearing game scene
20:42:08.301 [JavaFX Application Thread] DEBUG GameWorld            - Clearing game world
20:42:08.301 [JavaFX Application Thread] DEBUG PhysicsWorld         - Clearing physics world
20:42:08.302 [FXGL Background Thread 2 ] DEBUG FXGLApplication      - Initializing game
20:42:08.303 [FXGL Background Thread 2 ] WARN  FXGLAssetLoaderServi - Asset "/assets/sounds/sounds/hit.wav" was not found!
20:42:08.303 [FXGL Background Thread 2 ] WARN  FXGLAssetLoaderServi - Failed to load SOUND
20:42:08.303 [FXGL Background Thread 2 ] WARN  FXGLAssetLoaderServi - Asset "/assets/sounds/sounds/miss.wav" was not found!
20:42:08.303 [FXGL Background Thread 2 ] WARN  FXGLAssetLoaderServi - Failed to load SOUND
20:42:08.335 [FXGL Background Thread 2 ] WARN  TMXLevelLoader       - TiledMap generated from 1.11.0. Supported version: 1.9.0. Some features may not be parsed fully.
20:42:08.337 [FXGL Background Thread 2 ] DEBUG TMXLevelLoader       - Parsed TiledMap: file:/Users/ajaxestela/IdeaProjects/GitSomeSleep/Capstonee/target/classes/assets/levels/tmx/test.tmx
20:42:08.338 [FXGL Background Thread 2 ] DEBUG TMXLevelLoader       - Creating tile layer entities
20:42:08.338 [FXGL Background Thread 2 ] DEBUG TilesetLoader        - Loading view for layer Tile Layer 1
20:42:08.339 [FXGL Background Thread 2 ] DEBUG TilesetLoader        - Created buffer with size 320.0x320.0
20:42:08.341 [FXGL Background Thread 2 ] DEBUG TMXLevelLoader       - Creating object layer entities
20:42:08.347 [FXGL Background Thread 2 ] DEBUG GameWorld            - Clearing removable entities
20:42:08.347 [FXGL Background Thread 2 ] DEBUG GameWorld            - Setting level: com.almasb.fxgl.entity.level.Level@16f64323
20:42:08.350 [FXGL Background Thread 2 ] WARN  FXGLAssetLoaderServi - Asset "/assets/textures/player.png" was not found!
20:42:08.350 [FXGL Background Thread 2 ] WARN  FXGLAssetLoaderServi - Failed to load IMAGE
20:42:08.356 [FXGL Background Thread 2 ] DEBUG FXGLAssetLoaderServi - Loading from file system: file:/Users/ajaxestela/IdeaProjects/GitSomeSleep/Capstonee/target/classes/assets/textures/background/bruh.jpg
20:42:08.370 [FXGL Background Thread 2 ] INFO  FXGLApplication      - Game initialization took: 0.068 sec
20:42:08.370 [JavaFX Application Thread] DEBUG Input                - Clearing active input actions
20:42:08.373 [JavaFX Application Thread] DEBUG GameApplicationServi - Removing overlay from FXGLLoadingScene and adding to GameScene
20:42:08.373 [JavaFX Application Thread] DEBUG PrimaryStageWindow   - FXGLLoadingScene -> GameScene
20:42:09.993 [FXGL Background Thread 3 ] DEBUG Engine               - Logging environment variables
20:42:09.994 [FXGL Background Thread 3 ] DEBUG Engine               - achievements: []
20:42:09.995 [FXGL Background Thread 3 ] DEBUG Engine               - actualHeight: 720.0
20:42:09.996 [FXGL Background Thread 3 ] DEBUG Engine               - actualHeightProperty: ReadOnlyDoubleProperty [value: 720.0]
20:42:09.996 [FXGL Background Thread 3 ] DEBUG Engine               - actualWidth: 1280.0
20:42:09.996 [FXGL Background Thread 3 ] DEBUG Engine               - actualWidthProperty: ReadOnlyDoubleProperty [value: 1280.0]
20:42:09.996 [FXGL Background Thread 3 ] DEBUG Engine               - appIcon: fxgl_icon.png
20:42:09.996 [FXGL Background Thread 3 ] DEBUG Engine               - applicationMode: DEVELOPER
20:42:09.996 [FXGL Background Thread 3 ] DEBUG Engine               - cSSList: [fxgl_dark.css]
20:42:09.996 [FXGL Background Thread 3 ] DEBUG Engine               - collisionDetectionStrategy: BRUTE_FORCE
20:42:09.996 [FXGL Background Thread 3 ] DEBUG Engine               - configClass: Optional.empty
20:42:09.996 [FXGL Background Thread 3 ] DEBUG Engine               - credits: []
20:42:09.997 [FXGL Background Thread 3 ] DEBUG Engine               - defaultCursor: CursorInfo(imageName=fxgl_default_cursor.png, hotspotX=7.0, hotspotY=6.0)
20:42:09.997 [FXGL Background Thread 3 ] DEBUG Engine               - devBBoxColorProperty: ObjectProperty [value: 0xff0000ff]
20:42:09.997 [FXGL Background Thread 3 ] DEBUG Engine               - devEnableDebugCameraProperty: BooleanProperty [value: false]
20:42:09.997 [FXGL Background Thread 3 ] DEBUG Engine               - devSensorColorProperty: ObjectProperty [value: 0xffff00ff]
20:42:09.997 [FXGL Background Thread 3 ] DEBUG Engine               - devShowBBoxProperty: BooleanProperty [value: false]
20:42:09.998 [FXGL Background Thread 3 ] DEBUG Engine               - devShowPositionProperty: BooleanProperty [value: false]
20:42:09.998 [FXGL Background Thread 3 ] DEBUG Engine               - enabledMenuItems: []
20:42:09.998 [FXGL Background Thread 3 ] DEBUG Engine               - engineServices: [class com.almasb.fxgl.app.services.FXGLAssetLoaderService, class com.almasb.fxgl.app.FXGLApplication$GameApplicationService, class com.almasb.fxgl.app.services.FXGLDialogService, class com.almasb.fxgl.app.services.IOTaskExecutorService, class com.almasb.fxgl.io.FileSystemService, class com.almasb.fxgl.localization.LocalizationService, class com.almasb.fxgl.app.services.SystemBundleService, class com.almasb.fxgl.profile.SaveLoadService, class com.almasb.fxgl.ui.FXGLUIFactoryServiceProvider, class com.almasb.fxgl.ui.FXGLDialogFactoryServiceProvider, class com.almasb.fxgl.audio.AudioPlayer, class com.almasb.fxgl.notification.impl.NotificationServiceProvider, class com.almasb.fxgl.achievement.AchievementService, class com.almasb.fxgl.cutscene.CutsceneService, class com.almasb.fxgl.minigames.MiniGameService, class com.almasb.fxgl.net.NetService, class com.almasb.fxgl.app.services.UpdaterService, class com.almasb.fxgl.dev.DevService]
20:42:09.998 [FXGL Background Thread 3 ] DEBUG Engine               - fontGame: Abel-Regular.ttf
20:42:09.998 [FXGL Background Thread 3 ] DEBUG Engine               - fontMono: TerminalLandMono-Regular.otf
20:42:09.998 [FXGL Background Thread 3 ] DEBUG Engine               - fontSizeScaleUI: 1.0
20:42:09.998 [FXGL Background Thread 3 ] DEBUG Engine               - fontText: Courier-Prime.ttf
20:42:09.998 [FXGL Background Thread 3 ] DEBUG Engine               - fontUI: VarelaRound-Regular.ttf
20:42:09.998 [FXGL Background Thread 3 ] DEBUG Engine               - fullScreen: BooleanProperty [value: false]
20:42:09.998 [FXGL Background Thread 3 ] DEBUG Engine               - gameDifficulty: MEDIUM
20:42:09.998 [FXGL Background Thread 3 ] DEBUG Engine               - gameDifficultyProperty: ObjectProperty [value: MEDIUM]
20:42:09.998 [FXGL Background Thread 3 ] DEBUG Engine               - globalMusicVolume: 0.5
20:42:09.998 [FXGL Background Thread 3 ] DEBUG Engine               - globalMusicVolumeProperty: DoubleProperty [value: 0.5]
20:42:09.998 [FXGL Background Thread 3 ] DEBUG Engine               - globalSoundVolume: 0.5
20:42:09.998 [FXGL Background Thread 3 ] DEBUG Engine               - globalSoundVolumeProperty: DoubleProperty [value: 0.5]
20:42:09.998 [FXGL Background Thread 3 ] DEBUG Engine               - height: 720
20:42:09.998 [FXGL Background Thread 3 ] DEBUG Engine               - is3D: false
20:42:09.999 [FXGL Background Thread 3 ] DEBUG Engine               - isAndroid: false
20:42:09.999 [FXGL Background Thread 3 ] DEBUG Engine               - isBrowser: false
20:42:09.999 [FXGL Background Thread 3 ] DEBUG Engine               - isClickFeedbackEnabled: false
20:42:09.999 [FXGL Background Thread 3 ] DEBUG Engine               - isCloseConfirmation: false
20:42:09.999 [FXGL Background Thread 3 ] DEBUG Engine               - isDesktop: true
20:42:09.999 [FXGL Background Thread 3 ] DEBUG Engine               - isDeveloperMenuEnabled: false
20:42:09.999 [FXGL Background Thread 3 ] DEBUG Engine               - isEmbedded: false
20:42:09.999 [FXGL Background Thread 3 ] DEBUG Engine               - isEntityPreloadEnabled: true
20:42:09.999 [FXGL Background Thread 3 ] DEBUG Engine               - isExperimentalTiledLargeMap: false
20:42:09.999 [FXGL Background Thread 3 ] DEBUG Engine               - isFileSystemWriteAllowed: true
20:42:09.999 [FXGL Background Thread 3 ] DEBUG Engine               - isFullScreenAllowed: false
20:42:09.999 [FXGL Background Thread 3 ] DEBUG Engine               - isFullScreenFromStart: false
20:42:09.999 [FXGL Background Thread 3 ] DEBUG Engine               - isGameMenuEnabled: true
20:42:09.999 [FXGL Background Thread 3 ] DEBUG Engine               - isIOS: false
20:42:09.999 [FXGL Background Thread 3 ] DEBUG Engine               - isIntroEnabled: false
20:42:09.999 [FXGL Background Thread 3 ] DEBUG Engine               - isLinux: false
20:42:09.999 [FXGL Background Thread 3 ] DEBUG Engine               - isMac: true
20:42:09.999 [FXGL Background Thread 3 ] DEBUG Engine               - isMainMenuEnabled: true
20:42:09.999 [FXGL Background Thread 3 ] DEBUG Engine               - isManualResizeEnabled: false
20:42:09.999 [FXGL Background Thread 3 ] DEBUG Engine               - isMobile: false
20:42:09.999 [FXGL Background Thread 3 ] DEBUG Engine               - isNative: false
20:42:09.999 [FXGL Background Thread 3 ] DEBUG Engine               - isPauseMusicWhenMinimized: true
20:42:09.999 [FXGL Background Thread 3 ] DEBUG Engine               - isPreserveResizeRatio: false
20:42:09.999 [FXGL Background Thread 3 ] DEBUG Engine               - isProfilingEnabled: false
20:42:09.999 [FXGL Background Thread 3 ] DEBUG Engine               - isScaleAffectedOnResize: true
20:42:10.000 [FXGL Background Thread 3 ] DEBUG Engine               - isSingleStep: false
20:42:10.000 [FXGL Background Thread 3 ] DEBUG Engine               - isUserProfileEnabled: false
20:42:10.000 [FXGL Background Thread 3 ] DEBUG Engine               - isWindows: false
20:42:10.000 [FXGL Background Thread 3 ] DEBUG Engine               - language: ObjectProperty [value: ENGLISH]
20:42:10.000 [FXGL Background Thread 3 ] DEBUG Engine               - menuKey: ESCAPE
20:42:10.000 [FXGL Background Thread 3 ] DEBUG Engine               - mouseSensitivity: 0.2
20:42:10.000 [FXGL Background Thread 3 ] DEBUG Engine               - notificationViewClass: class com.almasb.fxgl.notification.view.XboxNotificationView
20:42:10.000 [FXGL Background Thread 3 ] DEBUG Engine               - pixelsPerMeter: 50.0
20:42:10.000 [FXGL Background Thread 3 ] DEBUG Engine               - platform: MAC
20:42:10.000 [FXGL Background Thread 3 ] DEBUG Engine               - prefHeightProperty: ReadOnlyDoubleProperty [value: 720.0]
20:42:10.000 [FXGL Background Thread 3 ] DEBUG Engine               - prefWidthProperty: ReadOnlyDoubleProperty [value: 1280.0]
20:42:10.000 [FXGL Background Thread 3 ] DEBUG Engine               - profileDir: profiles/
20:42:10.000 [FXGL Background Thread 3 ] DEBUG Engine               - profileName: StringProperty [value: DEFAULT]
20:42:10.000 [FXGL Background Thread 3 ] DEBUG Engine               - randomSeed: -1
20:42:10.001 [FXGL Background Thread 3 ] DEBUG Engine               - runtimeInfo: RuntimeInfo(platform=MAC, version=21.1, build=27.03.2024 07.52)
20:42:10.001 [FXGL Background Thread 3 ] DEBUG Engine               - saveFileExt: sav
20:42:10.001 [FXGL Background Thread 3 ] DEBUG Engine               - scaledHeightProp$fxgl: DoubleProperty [bound, value: 720.0]
20:42:10.001 [FXGL Background Thread 3 ] DEBUG Engine               - scaledWidthProp$fxgl: DoubleProperty [bound, value: 1280.0]
20:42:10.001 [FXGL Background Thread 3 ] DEBUG Engine               - sceneFactory: com.almasb.fxgl.app.scene.SceneFactory@75658dbd
20:42:10.001 [FXGL Background Thread 3 ] DEBUG Engine               - secondsIn24h: 60
20:42:10.001 [FXGL Background Thread 3 ] DEBUG Engine               - soundMenuBack: menu/back.wav
20:42:10.001 [FXGL Background Thread 3 ] DEBUG Engine               - soundMenuPress: menu/press.wav
20:42:10.001 [FXGL Background Thread 3 ] DEBUG Engine               - soundMenuSelect: menu/select.wav
20:42:10.001 [FXGL Background Thread 3 ] DEBUG Engine               - soundNotification: core/notification.wav
20:42:10.002 [FXGL Background Thread 3 ] DEBUG Engine               - stageStyle: DECORATED
20:42:10.002 [FXGL Background Thread 3 ] DEBUG Engine               - supportedLanguages: [ENGLISH, FRENCH, GERMAN, HUNGARIAN, RUSSIAN]
20:42:10.002 [FXGL Background Thread 3 ] DEBUG Engine               - ticksPerSecond: -1
20:42:10.002 [FXGL Background Thread 3 ] DEBUG Engine               - title: Platformer with Rhythm
20:42:10.002 [FXGL Background Thread 3 ] DEBUG Engine               - urlGithub: https://github.com/AlmasB/FXGL
20:42:10.002 [FXGL Background Thread 3 ] DEBUG Engine               - urlLeaderboard: http://fxgl-top.herokuapp.com/
20:42:10.002 [FXGL Background Thread 3 ] DEBUG Engine               - urlPOM: https://raw.githubusercontent.com/AlmasB/FXGL/release/README.md
20:42:10.002 [FXGL Background Thread 3 ] DEBUG Engine               - userAppClass: class org.example.capstonee.GameApp
20:42:10.002 [FXGL Background Thread 3 ] DEBUG Engine               - version: 0.2
20:42:10.002 [FXGL Background Thread 3 ] DEBUG Engine               - versionCheckDays: 7
20:42:10.002 [FXGL Background Thread 3 ] DEBUG Engine               - width: 1280
20:42:10.002 [FXGL Background Thread 3 ] DEBUG Engine               - Logging services
20:42:10.003 [FXGL Background Thread 3 ] DEBUG Engine               - class com.almasb.fxgl.app.services.FXGLAssetLoaderService
20:42:10.003 [FXGL Background Thread 3 ] DEBUG Engine               - class com.almasb.fxgl.app.FXGLApplication$GameApplicationService
20:42:10.003 [FXGL Background Thread 3 ] DEBUG Engine               - class com.almasb.fxgl.app.services.FXGLDialogService
20:42:10.003 [FXGL Background Thread 3 ] DEBUG Engine               - class com.almasb.fxgl.app.services.IOTaskExecutorService
20:42:10.003 [FXGL Background Thread 3 ] DEBUG Engine               - class com.almasb.fxgl.io.FileSystemService
20:42:10.003 [FXGL Background Thread 3 ] DEBUG Engine               - class com.almasb.fxgl.localization.LocalizationService
20:42:10.003 [FXGL Background Thread 3 ] DEBUG Engine               - class com.almasb.fxgl.app.services.SystemBundleService
20:42:10.003 [FXGL Background Thread 3 ] DEBUG Engine               - class com.almasb.fxgl.profile.SaveLoadService
20:42:10.003 [FXGL Background Thread 3 ] DEBUG Engine               - class com.almasb.fxgl.ui.FXGLUIFactoryServiceProvider
20:42:10.003 [FXGL Background Thread 3 ] DEBUG Engine               - class com.almasb.fxgl.ui.FXGLDialogFactoryServiceProvider
20:42:10.003 [FXGL Background Thread 3 ] DEBUG Engine               - class com.almasb.fxgl.audio.AudioPlayer
20:42:10.003 [FXGL Background Thread 3 ] DEBUG Engine               - class com.almasb.fxgl.notification.impl.NotificationServiceProvider
20:42:10.003 [FXGL Background Thread 3 ] DEBUG Engine               - class com.almasb.fxgl.achievement.AchievementService
20:42:10.003 [FXGL Background Thread 3 ] DEBUG Engine               - class com.almasb.fxgl.cutscene.CutsceneService
20:42:10.003 [FXGL Background Thread 3 ] DEBUG Engine               - class com.almasb.fxgl.minigames.MiniGameService
20:42:10.003 [FXGL Background Thread 3 ] DEBUG Engine               - class com.almasb.fxgl.net.NetService
20:42:10.003 [FXGL Background Thread 3 ] DEBUG Engine               - class com.almasb.fxgl.app.services.UpdaterService
20:42:10.003 [FXGL Background Thread 3 ] DEBUG Engine               - class com.almasb.fxgl.dev.DevService
20:42:10.971 [JavaFX Application Thread] DEBUG FXGLAssetLoaderServi - Loading from file system: file:/Users/ajaxestela/IdeaProjects/GitSomeSleep/Capstonee/target/classes/assets/text/gameCutscene_sample1.txt
20:42:10.977 [JavaFX Application Thread] DEBUG Input                - Registered new binding: Next RPG Line - Enter
20:42:10.978 [JavaFX Application Thread] WARN  FXGLAssetLoaderServi - Asset "/assets/textures/bruh.png" was not found!
20:42:10.978 [JavaFX Application Thread] WARN  FXGLAssetLoaderServi - Failed to load IMAGE
20:42:10.978 [JavaFX Application Thread] DEBUG PrimaryStageWindow   - Push state: CutsceneScene
20:42:10.979 [JavaFX Application Thread] DEBUG Input                - Clearing active input actions
20:42:10.980 [JavaFX Application Thread] DEBUG GameApplicationServi - Removing overlay from GameScene and adding to CutsceneScene
20:42:10.980 [JavaFX Application Thread] DEBUG PrimaryStageWindow   - GameScene -> CutsceneScene
20:42:12.089 [JavaFX Application Thread] DEBUG FXGLAssetLoaderServi - Loading from file system: file:/Users/ajaxestela/IdeaProjects/GitSomeSleep/Capstonee/target/classes/assets/textures/tuntunsahur.png
20:42:13.018 [JavaFX Application Thread] DEBUG PrimaryStageWindow   - Pop state: CutsceneScene
20:42:13.018 [JavaFX Application Thread] DEBUG Input                - Clearing active input actions
20:42:13.019 [JavaFX Application Thread] DEBUG GameApplicationServi - Removing overlay from CutsceneScene and adding to GameScene
20:42:13.020 [JavaFX Application Thread] DEBUG PrimaryStageWindow   - GameScene <- CutsceneScene
20:42:13.039 [JavaFX Application Thread] DEBUG FXGLAssetLoaderServi - Loading from file system: file:/Users/ajaxestela/IdeaProjects/GitSomeSleep/Capstonee/target/classes/assets/textures/background/pixelatedliyue.png
20:42:13.075 [JavaFX Application Thread] DEBUG FXGLAssetLoaderServi - Loading from file system: file:/Users/ajaxestela/IdeaProjects/GitSomeSleep/Capstonee/target/classes/assets/music/songs/desperato.wav
20:42:15.998 [JavaFX Application Thread] DEBUG FXGLApplication      - Exiting FXGL
20:42:15.998 [JavaFX Application Thread] DEBUG LoopRunner           - Stopping loop
20:42:15.999 [JavaFX Application Thread] DEBUG SystemBundleService  - Saving FXGL system data
20:42:16.003 [JavaFX Application Thread] DEBUG FileSystemAccess     - Writing to: /Users/ajaxestela/IdeaProjects/GitSomeSleep/Capstonee/system/fxgl.bundle
20:42:16.006 [JavaFX Application Thread] DEBUG Async                - Shutting down background threads
20:42:16.007 [JavaFX Application Thread] DEBUG PrimaryStageWindow   - Closing main window
20:42:16.039 [JavaFX Application Thread] DEBUG Logger               - Closing Logger
