00:58:32.520 [main                     ] DEBUG Logger               - Configured Logger
00:58:32.532 [main                     ] DEBUG GameApplication      - Logging settings
Title: Platformer with Rhythm
Version: 0.2
Width: 1280
Height: 720
Fullscreen: false
Intro: false
Profiling: false
Single step:false
App Mode: DEVELOPER
Menu Key: ESCAPE
Stage Style: DECORATED
Scene Factory: class com.almasb.fxgl.app.scene.SceneFactory

00:58:32.731 [JavaFX Application Thread] DEBUG FXGLApplication      - Initializing FXGL
00:58:32.733 [JavaFX Application Thread] INFO  Engine               - FXGL-21.1 (27.03.2024 07.52) on MAC (J:22.0.2 FX:22.0.1)
00:58:32.733 [JavaFX Application Thread] DEBUG Engine               - JRE Vendor Name: Oracle Corporation
00:58:32.733 [JavaFX Application Thread] DEBUG Engine               - Running on OS: Mac OS X version 15.3.2
00:58:32.733 [JavaFX Application Thread] DEBUG Engine               - Architecture: aarch64
00:58:32.733 [JavaFX Application Thread] INFO  Engine               - Source code and latest versions at: https://github.com/AlmasB/FXGL
00:58:32.733 [JavaFX Application Thread] INFO  Engine               -       Ask questions and discuss at: https://github.com/AlmasB/FXGL/discussions
00:58:32.733 [JavaFX Application Thread] INFO  Engine               -              Join the FXGL chat at: https://gitter.im/AlmasB/FXGL
00:58:32.766 [JavaFX Application Thread] DEBUG PrimaryStageWindow   - Creating a JavaFX scene
00:58:32.782 [JavaFX Application Thread] DEBUG PrimaryStageWindow   - Target settings size: 1280.0 x 720.0
00:58:32.782 [JavaFX Application Thread] DEBUG PrimaryStageWindow   - Scaled scene size:    1280.0 x 720.0
00:58:32.782 [JavaFX Application Thread] DEBUG PrimaryStageWindow   - Scaled ratio: (1.0, 1.0)
00:58:32.783 [JavaFX Application Thread] DEBUG PrimaryStageWindow   - Set initial scene to FXGLStartupScene
00:58:32.784 [JavaFX Application Thread] DEBUG PrimaryStageWindow   - Opening main window
00:58:32.846 [JavaFX Application Thread] DEBUG PrimaryStageWindow   - Window border size: (0.0, 28.0)
00:58:32.846 [JavaFX Application Thread] DEBUG PrimaryStageWindow   - Scaled size: 1280.0 x 720.0
00:58:32.847 [JavaFX Application Thread] DEBUG PrimaryStageWindow   - Scaled ratio: (1.0, 1.0)
00:58:32.847 [JavaFX Application Thread] DEBUG PrimaryStageWindow   - Scene size: 1280.0 x 720.0
00:58:32.847 [JavaFX Application Thread] DEBUG PrimaryStageWindow   - Stage size: 1280.0 x 748.0
00:58:32.853 [FXGL Background Thread 1 ] DEBUG Engine               - Initializing environment variables
00:58:32.880 [FXGL Background Thread 1 ] DEBUG FXGLAssetLoaderServi - User app class for loading assets: class org.example.capstonee.GameApp
00:58:32.880 [FXGL Background Thread 1 ] DEBUG GameApplicationServi - Applying CSS: fxgl_dark.css
00:58:32.880 [FXGL Background Thread 1 ] DEBUG FXGLAssetLoaderServi - Loading from file system: jar:file:///Users/ajaxestela/.m2/repository/com/github/almasb/fxgl/21.1/fxgl-21.1.jar!/fxglassets/ui/css/fxgl_dark.css
00:58:32.904 [FXGL Background Thread 1 ] DEBUG GameApplicationServi - Initializing application scenes
00:58:33.008 [FXGL Background Thread 1 ] DEBUG GameWorld            - Game world initialized
00:58:33.064 [FXGL Background Thread 1 ] DEBUG PhysicsWorld         - Physics world initialized: appHeight=720, physics.ppm=50.0
00:58:33.064 [FXGL Background Thread 1 ] DEBUG PhysicsWorld         - Using strategy: BRUTE_FORCE
00:58:33.065 [FXGL Background Thread 1 ] DEBUG GameScene            - Game scene initialized: 1280x720
00:58:33.070 [FXGL Background Thread 1 ] DEBUG FXGL.DefaultMenu     - createMenuBodyMainMenu()
00:58:33.078 [FXGL Background Thread 1 ] DEBUG FXGL.DefaultMenu     - createOptionsMenu()
00:58:33.082 [FXGL Background Thread 1 ] DEBUG FXGLAssetLoaderServi - Loading from file system: jar:file:///Users/ajaxestela/.m2/repository/com/github/almasb/fxgl/21.1/fxgl-21.1.jar!/fxglassets/textures/particles/smoke.png
00:58:33.120 [FXGL Background Thread 1 ] DEBUG FXGLAssetLoaderServi - Loading from file system: jar:file:///Users/ajaxestela/.m2/repository/com/github/almasb/fxgl/21.1/fxgl-21.1.jar!/fxglassets/textures/particles/trace_horizontal.png
00:58:33.135 [FXGL Background Thread 1 ] DEBUG FXGL.DefaultMenu     - createMenuBodyGameMenu()
00:58:33.136 [FXGL Background Thread 1 ] DEBUG FXGL.DefaultMenu     - createOptionsMenu()
00:58:33.143 [FXGL Background Thread 1 ] DEBUG GameApplicationServi - Application scenes initialized
00:58:33.147 [FXGL Background Thread 1 ] DEBUG SystemBundleService  - Loading FXGL system data
00:58:33.149 [FXGL Background Thread 1 ] DEBUG FileSystemAccess     - Reading from: /Users/ajaxestela/IdeaProjects/GitSomeSleep/Capstonee/system/fxgl.bundle
00:58:33.152 [FXGL Background Thread 1 ] DEBUG SystemBundleService  - Bundle FXGL: {}
00:58:33.152 [FXGL Background Thread 1 ] DEBUG UpdaterService       - Checking for updates
00:58:33.153 [FXGL Background Thread 4 ] DEBUG FXGLApplication      - Loading fonts
00:58:33.153 [FXGL Background Thread 4 ] DEBUG FXGLAssetLoaderServi - Loading from file system: jar:file:///Users/ajaxestela/.m2/repository/com/github/almasb/fxgl/21.1/fxgl-21.1.jar!/fxglassets/ui/fonts/VarelaRound-Regular.ttf
00:58:33.154 [FXGL Background Thread 1 ] DEBUG FXGLApplication      - Loading default localization
00:58:33.154 [FXGL Background Thread 1 ] DEBUG FXGLAssetLoaderServi - Loading from file system: jar:file:///Users/ajaxestela/.m2/repository/com/github/almasb/fxgl/21.1/fxgl-21.1.jar!/fxglassets/languages/english.lang
00:58:33.161 [FXGL Background Thread 1 ] INFO  FXGLApplication      - FXGL initialization took: 0.308 sec
00:58:33.165 [JavaFX Application Thread] DEBUG Input                - Registered new binding: Left - A
00:58:33.165 [JavaFX Application Thread] DEBUG Input                - Registered new binding: Right - D
00:58:33.165 [JavaFX Application Thread] DEBUG Input                - Registered new binding: Jump - W
00:58:33.165 [JavaFX Application Thread] DEBUG Input                - Registered new binding: Interact / Confirm - E
00:58:33.165 [JavaFX Application Thread] DEBUG Input                - Registered new binding: RhythmLane0 - H
00:58:33.165 [JavaFX Application Thread] DEBUG Input                - Registered new binding: RhythmLane1 - J
00:58:33.165 [JavaFX Application Thread] DEBUG Input                - Registered new binding: RhythmLane2 - K
00:58:33.165 [JavaFX Application Thread] DEBUG Input                - Registered new binding: RhythmLane3 - L
00:58:33.165 [JavaFX Application Thread] DEBUG Input                - Registered new binding: RhythmStart - Space
00:58:33.165 [JavaFX Application Thread] DEBUG FXGLAssetLoaderServi - Loading from file system: jar:file:///Users/ajaxestela/.m2/repository/com/github/almasb/fxgl/21.1/fxgl-21.1.jar!/fxglassets/textures/fxgl_icon.png
00:58:33.166 [FXGL Background Thread 4 ] DEBUG FXGLAssetLoaderServi - Loading from file system: jar:file:///Users/ajaxestela/.m2/repository/com/github/almasb/fxgl/21.1/fxgl-21.1.jar!/fxglassets/ui/fonts/Abel-Regular.ttf
00:58:33.168 [FXGL Background Thread 4 ] DEBUG FXGLAssetLoaderServi - Loading from file system: jar:file:///Users/ajaxestela/.m2/repository/com/github/almasb/fxgl/21.1/fxgl-21.1.jar!/fxglassets/ui/fonts/TerminalLandMono-Regular.otf
00:58:33.169 [FXGL Background Thread 4 ] DEBUG FXGLAssetLoaderServi - Loading from file system: jar:file:///Users/ajaxestela/.m2/repository/com/github/almasb/fxgl/21.1/fxgl-21.1.jar!/fxglassets/ui/fonts/Courier-Prime.ttf
00:58:33.179 [JavaFX Application Thread] DEBUG FXGLAssetLoaderServi - Loading from file system: jar:file:///Users/ajaxestela/.m2/repository/com/github/almasb/fxgl/21.1/fxgl-21.1.jar!/fxglassets/textures/fxgl_default_cursor.png
00:58:33.180 [JavaFX Application Thread] DEBUG Input                - Registered new binding: Screenshot - CTRL+8
00:58:33.180 [JavaFX Application Thread] DEBUG Input                - Registered new binding: System info dump - CTRL+9
00:58:33.181 [JavaFX Application Thread] DEBUG Input                - Registered new binding: Restart - CTRL+R
00:58:33.181 [JavaFX Application Thread] DEBUG Input                - Registered new binding: Toggle Debug Camera - CTRL+7
00:58:33.182 [JavaFX Application Thread] DEBUG LoopRunner           - Starting loop
00:58:33.182 [JavaFX Application Thread] DEBUG LoopRunner           - Initializing JavaFX AnimationTimerLoop
00:58:33.186 [JavaFX Application Thread] DEBUG Input                - Clearing active input actions
00:58:33.191 [JavaFX Application Thread] DEBUG GameApplicationServi - Removing overlay from FXGLStartupScene and adding to FXGLMainMenuDummyScene
00:58:33.192 [JavaFX Application Thread] DEBUG PrimaryStageWindow   - FXGLStartupScene -> FXGLMainMenuDummyScene
00:58:33.192 [JavaFX Application Thread] DEBUG PrimaryStageWindow   - Push state: FXGLDefaultMenu
00:58:33.195 [JavaFX Application Thread] DEBUG Input                - Clearing active input actions
00:58:33.201 [JavaFX Application Thread] DEBUG GameApplicationServi - Removing overlay from FXGLMainMenuDummyScene and adding to FXGLDefaultMenu
00:58:33.201 [JavaFX Application Thread] DEBUG PrimaryStageWindow   - FXGLMainMenuDummyScene -> FXGLDefaultMenu
00:58:33.204 [JavaFX Application Thread] DEBUG FXGLApplication      - Registering font factories with UI factory
00:58:34.703 [JavaFX Application Thread] DEBUG FXGLApplication      - Exiting FXGL
00:58:34.704 [JavaFX Application Thread] DEBUG LoopRunner           - Stopping loop
00:58:34.704 [JavaFX Application Thread] DEBUG SystemBundleService  - Saving FXGL system data
00:58:34.705 [JavaFX Application Thread] DEBUG FileSystemAccess     - Writing to: /Users/ajaxestela/IdeaProjects/GitSomeSleep/Capstonee/system/fxgl.bundle
00:58:34.706 [JavaFX Application Thread] DEBUG Async                - Shutting down background threads
00:58:34.709 [JavaFX Application Thread] DEBUG PrimaryStageWindow   - Closing main window
00:58:34.735 [JavaFX Application Thread] DEBUG Logger               - Closing Logger
