04:32:37.410 [main                     ] DEBUG Logger               - Configured Logger
04:32:37.420 [main                     ] DEBUG GameApplication      - Logging settings
Title: Platformer with Rhythm
Version: 0.2
Width: 1280
Height: 720
Fullscreen: false
Intro: false
Profiling: false
Single step:false
App Mode: DEVELOPER
Menu Key: ESCAPE
Stage Style: DECORATED
Scene Factory: class org.example.capstonee.Menu.MenuSceneFactory

04:32:37.632 [JavaFX Application Thread] DEBUG FXGLApplication      - Initializing FXGL
04:32:37.634 [JavaFX Application Thread] INFO  Engine               - FXGL-21.1 (27.03.2024 07.52) on MAC (J:22.0.2 FX:22.0.1)
04:32:37.634 [JavaFX Application Thread] DEBUG Engine               - JRE Vendor Name: Oracle Corporation
04:32:37.634 [JavaFX Application Thread] DEBUG Engine               - Running on OS: Mac OS X version 15.3.2
04:32:37.634 [JavaFX Application Thread] DEBUG Engine               - Architecture: aarch64
04:32:37.634 [JavaFX Application Thread] INFO  Engine               - Source code and latest versions at: https://github.com/AlmasB/FXGL
04:32:37.634 [JavaFX Application Thread] INFO  Engine               -       Ask questions and discuss at: https://github.com/AlmasB/FXGL/discussions
04:32:37.635 [JavaFX Application Thread] INFO  Engine               -              Join the FXGL chat at: https://gitter.im/AlmasB/FXGL
04:32:37.673 [JavaFX Application Thread] DEBUG PrimaryStageWindow   - Creating a JavaFX scene
04:32:37.692 [JavaFX Application Thread] DEBUG PrimaryStageWindow   - Target settings size: 1280.0 x 720.0
04:32:37.692 [JavaFX Application Thread] DEBUG PrimaryStageWindow   - Scaled scene size:    1280.0 x 720.0
04:32:37.692 [JavaFX Application Thread] DEBUG PrimaryStageWindow   - Scaled ratio: (1.0, 1.0)
04:32:37.692 [JavaFX Application Thread] DEBUG PrimaryStageWindow   - Set initial scene to FXGLStartupScene
04:32:37.693 [JavaFX Application Thread] DEBUG PrimaryStageWindow   - Opening main window
04:32:37.742 [JavaFX Application Thread] DEBUG PrimaryStageWindow   - Window border size: (0.0, 28.0)
04:32:37.742 [JavaFX Application Thread] DEBUG PrimaryStageWindow   - Scaled size: 1280.0 x 720.0
04:32:37.742 [JavaFX Application Thread] DEBUG PrimaryStageWindow   - Scaled ratio: (1.0, 1.0)
04:32:37.742 [JavaFX Application Thread] DEBUG PrimaryStageWindow   - Scene size: 1280.0 x 720.0
04:32:37.743 [JavaFX Application Thread] DEBUG PrimaryStageWindow   - Stage size: 1280.0 x 748.0
04:32:37.746 [FXGL Background Thread 1 ] DEBUG Engine               - Initializing environment variables
04:32:37.776 [FXGL Background Thread 1 ] DEBUG FXGLAssetLoaderServi - User app class for loading assets: class org.example.capstonee.GameApp
04:32:37.776 [FXGL Background Thread 1 ] DEBUG GameApplicationServi - Applying CSS: fxgl_dark.css
04:32:37.776 [FXGL Background Thread 1 ] DEBUG FXGLAssetLoaderServi - Loading from file system: jar:file:///Users/ajaxestela/.m2/repository/com/github/almasb/fxgl/21.1/fxgl-21.1.jar!/fxglassets/ui/css/fxgl_dark.css
04:32:37.798 [FXGL Background Thread 1 ] DEBUG GameApplicationServi - Initializing application scenes
04:32:37.880 [FXGL Background Thread 1 ] DEBUG GameWorld            - Game world initialized
04:32:37.918 [FXGL Background Thread 1 ] DEBUG PhysicsWorld         - Physics world initialized: appHeight=720, physics.ppm=50.0
04:32:37.918 [FXGL Background Thread 1 ] DEBUG PhysicsWorld         - Using strategy: BRUTE_FORCE
04:32:37.923 [FXGL Background Thread 1 ] DEBUG GameScene            - Game scene initialized: 1280x720
04:32:37.928 [FXGL Background Thread 1 ] DEBUG FXGLAssetLoaderServi - Loading from file system: file:/Users/ajaxestela/IdeaProjects/GitSomeSleep/Capstonee/target/classes/assets/textures/background/nearest4.png
04:32:37.948 [FXGL Background Thread 1 ] DEBUG FXGLAssetLoaderServi - Loading from file system: file:/Users/ajaxestela/IdeaProjects/GitSomeSleep/Capstonee/target/classes/assets/textures/background/nearest3.png
04:32:37.965 [FXGL Background Thread 1 ] DEBUG FXGLAssetLoaderServi - Loading from file system: file:/Users/ajaxestela/IdeaProjects/GitSomeSleep/Capstonee/target/classes/assets/textures/background/nearest2.png
04:32:37.973 [FXGL Background Thread 1 ] DEBUG FXGLAssetLoaderServi - Loading from file system: file:/Users/ajaxestela/IdeaProjects/GitSomeSleep/Capstonee/target/classes/assets/textures/background/%20nearest1.png
04:32:37.999 [FXGL Background Thread 1 ] DEBUG FXGL.DefaultMenu     - createMenuBodyGameMenu()
04:32:38.027 [FXGL Background Thread 1 ] DEBUG FXGL.DefaultMenu     - createOptionsMenu()
04:32:38.053 [FXGL Background Thread 1 ] DEBUG FXGLAssetLoaderServi - Loading from file system: jar:file:///Users/ajaxestela/.m2/repository/com/github/almasb/fxgl/21.1/fxgl-21.1.jar!/fxglassets/textures/particles/smoke.png
04:32:38.250 [FXGL Background Thread 1 ] DEBUG FXGLAssetLoaderServi - Loading from file system: jar:file:///Users/ajaxestela/.m2/repository/com/github/almasb/fxgl/21.1/fxgl-21.1.jar!/fxglassets/textures/particles/trace_horizontal.png
04:32:38.274 [FXGL Background Thread 1 ] DEBUG GameApplicationServi - Application scenes initialized
04:32:38.297 [FXGL Background Thread 1 ] DEBUG SystemBundleService  - Loading FXGL system data
04:32:38.304 [FXGL Background Thread 1 ] DEBUG FileSystemAccess     - Reading from: /Users/ajaxestela/IdeaProjects/GitSomeSleep/Capstonee/system/fxgl.bundle
04:32:38.309 [FXGL Background Thread 1 ] DEBUG SystemBundleService  - Bundle FXGL: {}
04:32:38.309 [FXGL Background Thread 1 ] DEBUG UpdaterService       - Checking for updates
04:32:38.311 [FXGL Background Thread 4 ] DEBUG FXGLApplication      - Loading fonts
04:32:38.312 [FXGL Background Thread 1 ] DEBUG FXGLApplication      - Loading default localization
04:32:38.312 [FXGL Background Thread 4 ] DEBUG FXGLAssetLoaderServi - Loading from file system: jar:file:///Users/ajaxestela/.m2/repository/com/github/almasb/fxgl/21.1/fxgl-21.1.jar!/fxglassets/ui/fonts/VarelaRound-Regular.ttf
04:32:38.312 [FXGL Background Thread 1 ] DEBUG FXGLAssetLoaderServi - Loading from file system: jar:file:///Users/ajaxestela/.m2/repository/com/github/almasb/fxgl/21.1/fxgl-21.1.jar!/fxglassets/languages/english.lang
04:32:38.322 [FXGL Background Thread 1 ] INFO  FXGLApplication      - FXGL initialization took: 0.577 sec
04:32:38.327 [FXGL Background Thread 4 ] DEBUG FXGLAssetLoaderServi - Loading from file system: jar:file:///Users/ajaxestela/.m2/repository/com/github/almasb/fxgl/21.1/fxgl-21.1.jar!/fxglassets/ui/fonts/Abel-Regular.ttf
04:32:38.328 [JavaFX Application Thread] DEBUG Input                - Registered new binding: Left - A
04:32:38.328 [JavaFX Application Thread] DEBUG Input                - Registered new binding: Right - D
04:32:38.328 [JavaFX Application Thread] DEBUG Input                - Registered new binding: Jump - W
04:32:38.328 [JavaFX Application Thread] DEBUG Input                - Registered new binding: Interact / Confirm - E
04:32:38.328 [JavaFX Application Thread] DEBUG Input                - Registered new binding: RhythmLane0 - H
04:32:38.328 [JavaFX Application Thread] DEBUG Input                - Registered new binding: RhythmLane1 - J
04:32:38.328 [JavaFX Application Thread] DEBUG Input                - Registered new binding: RhythmLane2 - K
04:32:38.328 [JavaFX Application Thread] DEBUG Input                - Registered new binding: RhythmLane3 - L
04:32:38.328 [JavaFX Application Thread] DEBUG Input                - Registered new binding: RhythmStart - Space
04:32:38.329 [JavaFX Application Thread] DEBUG FXGLAssetLoaderServi - Loading from file system: jar:file:///Users/ajaxestela/.m2/repository/com/github/almasb/fxgl/21.1/fxgl-21.1.jar!/fxglassets/textures/fxgl_icon.png
04:32:38.330 [FXGL Background Thread 4 ] DEBUG FXGLAssetLoaderServi - Loading from file system: jar:file:///Users/ajaxestela/.m2/repository/com/github/almasb/fxgl/21.1/fxgl-21.1.jar!/fxglassets/ui/fonts/TerminalLandMono-Regular.otf
04:32:38.332 [FXGL Background Thread 4 ] DEBUG FXGLAssetLoaderServi - Loading from file system: jar:file:///Users/ajaxestela/.m2/repository/com/github/almasb/fxgl/21.1/fxgl-21.1.jar!/fxglassets/ui/fonts/Courier-Prime.ttf
04:32:38.339 [JavaFX Application Thread] DEBUG FXGLAssetLoaderServi - Loading from file system: jar:file:///Users/ajaxestela/.m2/repository/com/github/almasb/fxgl/21.1/fxgl-21.1.jar!/fxglassets/textures/fxgl_default_cursor.png
04:32:38.340 [JavaFX Application Thread] DEBUG Input                - Registered new binding: Screenshot - CTRL+8
04:32:38.340 [JavaFX Application Thread] DEBUG Input                - Registered new binding: System info dump - CTRL+9
04:32:38.340 [JavaFX Application Thread] DEBUG Input                - Registered new binding: Restart - CTRL+R
04:32:38.340 [JavaFX Application Thread] DEBUG Input                - Registered new binding: Toggle Debug Camera - CTRL+7
04:32:38.341 [JavaFX Application Thread] DEBUG LoopRunner           - Starting loop
04:32:38.341 [JavaFX Application Thread] DEBUG LoopRunner           - Initializing JavaFX AnimationTimerLoop
04:32:38.342 [JavaFX Application Thread] DEBUG Input                - Clearing active input actions
04:32:38.345 [JavaFX Application Thread] DEBUG GameApplicationServi - Removing overlay from FXGLStartupScene and adding to FXGLMainMenuDummyScene
04:32:38.345 [JavaFX Application Thread] DEBUG PrimaryStageWindow   - FXGLStartupScene -> FXGLMainMenuDummyScene
04:32:38.345 [JavaFX Application Thread] DEBUG PrimaryStageWindow   - Push state: MainMenu
04:32:38.346 [JavaFX Application Thread] DEBUG Input                - Clearing active input actions
04:32:38.350 [JavaFX Application Thread] DEBUG GameApplicationServi - Removing overlay from FXGLMainMenuDummyScene and adding to MainMenu
04:32:38.350 [JavaFX Application Thread] DEBUG PrimaryStageWindow   - FXGLMainMenuDummyScene -> MainMenu
04:32:38.353 [JavaFX Application Thread] DEBUG FXGLApplication      - Registering font factories with UI factory
04:32:40.379 [JavaFX Application Thread] DEBUG FXGLApplication      - Exiting FXGL
04:32:40.380 [JavaFX Application Thread] DEBUG LoopRunner           - Stopping loop
04:32:40.380 [JavaFX Application Thread] DEBUG SystemBundleService  - Saving FXGL system data
04:32:40.382 [JavaFX Application Thread] DEBUG FileSystemAccess     - Writing to: /Users/ajaxestela/IdeaProjects/GitSomeSleep/Capstonee/system/fxgl.bundle
04:32:40.385 [JavaFX Application Thread] DEBUG Async                - Shutting down background threads
04:32:40.385 [JavaFX Application Thread] DEBUG PrimaryStageWindow   - Closing main window
04:32:40.392 [JavaFX Application Thread] DEBUG Logger               - Closing Logger
