04:25:17.728 [main                     ] DEBUG Logger               - Configured Logger
04:25:17.739 [main                     ] DEBUG GameApplication      - Logging settings
Title: Platformer with Rhythm
Version: 0.2
Width: 1280
Height: 720
Fullscreen: false
Intro: false
Profiling: false
Single step:false
App Mode: DEVELOPER
Menu Key: ESCAPE
Stage Style: DECORATED
Scene Factory: class org.example.capstonee.Menu.MenuSceneFactory

04:25:18.254 [JavaFX Application Thread] DEBUG FXGLApplication      - Initializing FXGL
04:25:18.255 [JavaFX Application Thread] INFO  Engine               - FXGL-21.1 (27.03.2024 07.52) on MAC (J:22.0.2 FX:22.0.1)
04:25:18.255 [JavaFX Application Thread] DEBUG Engine               - JRE Vendor Name: Oracle Corporation
04:25:18.255 [JavaFX Application Thread] DEBUG Engine               - Running on OS: Mac OS X version 15.3.2
04:25:18.256 [JavaFX Application Thread] DEBUG Engine               - Architecture: aarch64
04:25:18.256 [JavaFX Application Thread] INFO  Engine               - Source code and latest versions at: https://github.com/AlmasB/FXGL
04:25:18.256 [JavaFX Application Thread] INFO  Engine               -       Ask questions and discuss at: https://github.com/AlmasB/FXGL/discussions
04:25:18.256 [JavaFX Application Thread] INFO  Engine               -              Join the FXGL chat at: https://gitter.im/AlmasB/FXGL
04:25:18.288 [JavaFX Application Thread] DEBUG PrimaryStageWindow   - Creating a JavaFX scene
04:25:18.305 [JavaFX Application Thread] DEBUG PrimaryStageWindow   - Target settings size: 1280.0 x 720.0
04:25:18.305 [JavaFX Application Thread] DEBUG PrimaryStageWindow   - Scaled scene size:    1280.0 x 720.0
04:25:18.305 [JavaFX Application Thread] DEBUG PrimaryStageWindow   - Scaled ratio: (1.0, 1.0)
04:25:18.306 [JavaFX Application Thread] DEBUG PrimaryStageWindow   - Set initial scene to FXGLStartupScene
04:25:18.307 [JavaFX Application Thread] DEBUG PrimaryStageWindow   - Opening main window
04:25:18.372 [JavaFX Application Thread] DEBUG PrimaryStageWindow   - Window border size: (0.0, 28.0)
04:25:18.372 [JavaFX Application Thread] DEBUG PrimaryStageWindow   - Scaled size: 1280.0 x 720.0
04:25:18.372 [JavaFX Application Thread] DEBUG PrimaryStageWindow   - Scaled ratio: (1.0, 1.0)
04:25:18.372 [JavaFX Application Thread] DEBUG PrimaryStageWindow   - Scene size: 1280.0 x 720.0
04:25:18.372 [JavaFX Application Thread] DEBUG PrimaryStageWindow   - Stage size: 1280.0 x 748.0
04:25:18.376 [FXGL Background Thread 1 ] DEBUG Engine               - Initializing environment variables
04:25:18.400 [FXGL Background Thread 1 ] DEBUG FXGLAssetLoaderServi - User app class for loading assets: class org.example.capstonee.GameApp
04:25:18.401 [FXGL Background Thread 1 ] DEBUG GameApplicationServi - Applying CSS: fxgl_dark.css
04:25:18.401 [FXGL Background Thread 1 ] DEBUG FXGLAssetLoaderServi - Loading from file system: jar:file:///Users/ajaxestela/.m2/repository/com/github/almasb/fxgl/21.1/fxgl-21.1.jar!/fxglassets/ui/css/fxgl_dark.css
04:25:18.428 [FXGL Background Thread 1 ] DEBUG GameApplicationServi - Initializing application scenes
04:25:18.516 [FXGL Background Thread 1 ] DEBUG GameWorld            - Game world initialized
04:25:18.547 [FXGL Background Thread 1 ] DEBUG PhysicsWorld         - Physics world initialized: appHeight=720, physics.ppm=50.0
04:25:18.547 [FXGL Background Thread 1 ] DEBUG PhysicsWorld         - Using strategy: BRUTE_FORCE
04:25:18.549 [FXGL Background Thread 1 ] DEBUG GameScene            - Game scene initialized: 1280x720
04:25:18.554 [FXGL Background Thread 1 ] DEBUG FXGLAssetLoaderServi - Loading from file system: file:/Users/ajaxestela/IdeaProjects/GitSomeSleep/Capstonee/target/classes/assets/textures/background/nearest4.png
04:25:18.576 [FXGL Background Thread 1 ] DEBUG FXGLAssetLoaderServi - Loading from file system: file:/Users/ajaxestela/IdeaProjects/GitSomeSleep/Capstonee/target/classes/assets/textures/background/nearest3.png
04:25:18.590 [FXGL Background Thread 1 ] DEBUG FXGLAssetLoaderServi - Loading from file system: file:/Users/ajaxestela/IdeaProjects/GitSomeSleep/Capstonee/target/classes/assets/textures/background/nearest2.png
04:25:18.615 [FXGL Background Thread 1 ] DEBUG FXGLAssetLoaderServi - Loading from file system: file:/Users/ajaxestela/IdeaProjects/GitSomeSleep/Capstonee/target/classes/assets/textures/background/%20nearest1.png
04:25:18.656 [FXGL Background Thread 1 ] DEBUG FXGL.DefaultMenu     - createMenuBodyGameMenu()
04:25:18.671 [FXGL Background Thread 1 ] DEBUG FXGL.DefaultMenu     - createOptionsMenu()
04:25:18.679 [FXGL Background Thread 1 ] DEBUG FXGLAssetLoaderServi - Loading from file system: jar:file:///Users/ajaxestela/.m2/repository/com/github/almasb/fxgl/21.1/fxgl-21.1.jar!/fxglassets/textures/particles/smoke.png
04:25:18.916 [FXGL Background Thread 1 ] DEBUG FXGLAssetLoaderServi - Loading from file system: jar:file:///Users/ajaxestela/.m2/repository/com/github/almasb/fxgl/21.1/fxgl-21.1.jar!/fxglassets/textures/particles/trace_horizontal.png
04:25:18.927 [FXGL Background Thread 1 ] DEBUG GameApplicationServi - Application scenes initialized
04:25:18.937 [FXGL Background Thread 1 ] DEBUG SystemBundleService  - Loading FXGL system data
04:25:18.939 [FXGL Background Thread 1 ] DEBUG FileSystemAccess     - Reading from: /Users/ajaxestela/IdeaProjects/GitSomeSleep/Capstonee/system/fxgl.bundle
04:25:18.942 [FXGL Background Thread 1 ] DEBUG SystemBundleService  - Bundle FXGL: {}
04:25:18.943 [FXGL Background Thread 1 ] DEBUG UpdaterService       - Checking for updates
04:25:18.944 [FXGL Background Thread 4 ] DEBUG FXGLApplication      - Loading fonts
04:25:18.944 [FXGL Background Thread 4 ] DEBUG FXGLAssetLoaderServi - Loading from file system: jar:file:///Users/ajaxestela/.m2/repository/com/github/almasb/fxgl/21.1/fxgl-21.1.jar!/fxglassets/ui/fonts/VarelaRound-Regular.ttf
04:25:18.944 [FXGL Background Thread 1 ] DEBUG FXGLApplication      - Loading default localization
04:25:18.945 [FXGL Background Thread 1 ] DEBUG FXGLAssetLoaderServi - Loading from file system: jar:file:///Users/ajaxestela/.m2/repository/com/github/almasb/fxgl/21.1/fxgl-21.1.jar!/fxglassets/languages/english.lang
04:25:18.955 [FXGL Background Thread 1 ] INFO  FXGLApplication      - FXGL initialization took: 0.580 sec
04:25:18.960 [FXGL Background Thread 4 ] DEBUG FXGLAssetLoaderServi - Loading from file system: jar:file:///Users/ajaxestela/.m2/repository/com/github/almasb/fxgl/21.1/fxgl-21.1.jar!/fxglassets/ui/fonts/Abel-Regular.ttf
04:25:18.960 [JavaFX Application Thread] DEBUG Input                - Registered new binding: Left - A
04:25:18.960 [JavaFX Application Thread] DEBUG Input                - Registered new binding: Right - D
04:25:18.960 [JavaFX Application Thread] DEBUG Input                - Registered new binding: Jump - W
04:25:18.960 [JavaFX Application Thread] DEBUG Input                - Registered new binding: Interact / Confirm - E
04:25:18.960 [JavaFX Application Thread] DEBUG Input                - Registered new binding: RhythmLane0 - H
04:25:18.961 [JavaFX Application Thread] DEBUG Input                - Registered new binding: RhythmLane1 - J
04:25:18.961 [JavaFX Application Thread] DEBUG Input                - Registered new binding: RhythmLane2 - K
04:25:18.961 [JavaFX Application Thread] DEBUG Input                - Registered new binding: RhythmLane3 - L
04:25:18.961 [JavaFX Application Thread] DEBUG Input                - Registered new binding: RhythmStart - Space
04:25:18.961 [JavaFX Application Thread] DEBUG FXGLAssetLoaderServi - Loading from file system: jar:file:///Users/ajaxestela/.m2/repository/com/github/almasb/fxgl/21.1/fxgl-21.1.jar!/fxglassets/textures/fxgl_icon.png
04:25:18.962 [FXGL Background Thread 4 ] DEBUG FXGLAssetLoaderServi - Loading from file system: jar:file:///Users/ajaxestela/.m2/repository/com/github/almasb/fxgl/21.1/fxgl-21.1.jar!/fxglassets/ui/fonts/TerminalLandMono-Regular.otf
04:25:18.965 [FXGL Background Thread 4 ] DEBUG FXGLAssetLoaderServi - Loading from file system: jar:file:///Users/ajaxestela/.m2/repository/com/github/almasb/fxgl/21.1/fxgl-21.1.jar!/fxglassets/ui/fonts/Courier-Prime.ttf
04:25:18.972 [JavaFX Application Thread] DEBUG FXGLAssetLoaderServi - Loading from file system: jar:file:///Users/ajaxestela/.m2/repository/com/github/almasb/fxgl/21.1/fxgl-21.1.jar!/fxglassets/textures/fxgl_default_cursor.png
04:25:18.973 [JavaFX Application Thread] DEBUG Input                - Registered new binding: Screenshot - CTRL+8
04:25:18.973 [JavaFX Application Thread] DEBUG Input                - Registered new binding: System info dump - CTRL+9
04:25:18.973 [JavaFX Application Thread] DEBUG Input                - Registered new binding: Restart - CTRL+R
04:25:18.973 [JavaFX Application Thread] DEBUG Input                - Registered new binding: Toggle Debug Camera - CTRL+7
04:25:18.974 [JavaFX Application Thread] DEBUG LoopRunner           - Starting loop
04:25:18.974 [JavaFX Application Thread] DEBUG LoopRunner           - Initializing JavaFX AnimationTimerLoop
04:25:18.976 [JavaFX Application Thread] DEBUG Input                - Clearing active input actions
04:25:18.980 [JavaFX Application Thread] DEBUG GameApplicationServi - Removing overlay from FXGLStartupScene and adding to FXGLMainMenuDummyScene
04:25:18.981 [JavaFX Application Thread] DEBUG PrimaryStageWindow   - FXGLStartupScene -> FXGLMainMenuDummyScene
04:25:18.981 [JavaFX Application Thread] DEBUG PrimaryStageWindow   - Push state: MainMenu
04:25:18.981 [JavaFX Application Thread] DEBUG Input                - Clearing active input actions
04:25:18.987 [JavaFX Application Thread] DEBUG GameApplicationServi - Removing overlay from FXGLMainMenuDummyScene and adding to MainMenu
04:25:18.987 [JavaFX Application Thread] DEBUG PrimaryStageWindow   - FXGLMainMenuDummyScene -> MainMenu
04:25:18.990 [JavaFX Application Thread] DEBUG FXGLApplication      - Registering font factories with UI factory
04:25:20.656 [JavaFX Application Thread] DEBUG FXGLApplication      - Exiting FXGL
04:25:20.657 [JavaFX Application Thread] DEBUG LoopRunner           - Stopping loop
04:25:20.658 [JavaFX Application Thread] DEBUG SystemBundleService  - Saving FXGL system data
04:25:20.661 [JavaFX Application Thread] DEBUG FileSystemAccess     - Writing to: /Users/ajaxestela/IdeaProjects/GitSomeSleep/Capstonee/system/fxgl.bundle
04:25:20.664 [JavaFX Application Thread] DEBUG Async                - Shutting down background threads
04:25:20.665 [JavaFX Application Thread] DEBUG PrimaryStageWindow   - Closing main window
04:25:20.701 [JavaFX Application Thread] DEBUG Logger               - Closing Logger
