17:27:59.537 [main                     ] DEBUG Logger               - Configured Logger
17:27:59.548 [main                     ] DEBUG GameApplication      - Logging settings
Title: Platformer with Rhythm
Version: 0.2
Width: 1280
Height: 720
Fullscreen: false
Intro: false
Profiling: false
Single step:false
App Mode: DEVELOPER
Menu Key: ESCAPE
Stage Style: DECORATED
Scene Factory: class org.example.capstonee.Menu.MenuSceneFactory

17:28:00.343 [JavaFX Application Thread] DEBUG FXGLApplication      - Initializing FXGL
17:28:00.344 [JavaFX Application Thread] INFO  Engine               - FXGL-21.1 (27.03.2024 07.52) on MAC (J:22.0.2 FX:22.0.1)
17:28:00.345 [JavaFX Application Thread] DEBUG Engine               - JRE Vendor Name: Oracle Corporation
17:28:00.345 [JavaFX Application Thread] DEBUG Engine               - Running on OS: Mac OS X version 15.3.2
17:28:00.345 [JavaFX Application Thread] DEBUG Engine               - Architecture: aarch64
17:28:00.345 [JavaFX Application Thread] INFO  Engine               - Source code and latest versions at: https://github.com/AlmasB/FXGL
17:28:00.345 [JavaFX Application Thread] INFO  Engine               -       Ask questions and discuss at: https://github.com/AlmasB/FXGL/discussions
17:28:00.345 [JavaFX Application Thread] INFO  Engine               -              Join the FXGL chat at: https://gitter.im/AlmasB/FXGL
17:28:00.391 [JavaFX Application Thread] DEBUG PrimaryStageWindow   - Creating a JavaFX scene
17:28:00.410 [JavaFX Application Thread] DEBUG PrimaryStageWindow   - Target settings size: 1280.0 x 720.0
17:28:00.410 [JavaFX Application Thread] DEBUG PrimaryStageWindow   - Scaled scene size:    1280.0 x 720.0
17:28:00.410 [JavaFX Application Thread] DEBUG PrimaryStageWindow   - Scaled ratio: (1.0, 1.0)
17:28:00.410 [JavaFX Application Thread] DEBUG PrimaryStageWindow   - Set initial scene to FXGLStartupScene
17:28:00.411 [JavaFX Application Thread] DEBUG PrimaryStageWindow   - Opening main window
17:28:00.515 [JavaFX Application Thread] DEBUG PrimaryStageWindow   - Window border size: (0.0, 28.0)
17:28:00.515 [JavaFX Application Thread] DEBUG PrimaryStageWindow   - Scaled size: 1280.0 x 720.0
17:28:00.515 [JavaFX Application Thread] DEBUG PrimaryStageWindow   - Scaled ratio: (1.0, 1.0)
17:28:00.515 [JavaFX Application Thread] DEBUG PrimaryStageWindow   - Scene size: 1280.0 x 720.0
17:28:00.515 [JavaFX Application Thread] DEBUG PrimaryStageWindow   - Stage size: 1280.0 x 748.0
17:28:00.519 [FXGL Background Thread 1 ] DEBUG Engine               - Initializing environment variables
17:28:00.543 [FXGL Background Thread 1 ] DEBUG FXGLAssetLoaderServi - User app class for loading assets: class org.example.capstonee.GameApp
17:28:00.543 [FXGL Background Thread 1 ] DEBUG GameApplicationServi - Applying CSS: fxgl_dark.css
17:28:00.544 [FXGL Background Thread 1 ] DEBUG FXGLAssetLoaderServi - Loading from file system: jar:file:///Users/ajaxestela/.m2/repository/com/github/almasb/fxgl/21.1/fxgl-21.1.jar!/fxglassets/ui/css/fxgl_dark.css
17:28:00.578 [FXGL Background Thread 1 ] DEBUG GameApplicationServi - Initializing application scenes
17:28:00.820 [FXGL Background Thread 1 ] DEBUG GameWorld            - Game world initialized
17:28:00.861 [FXGL Background Thread 1 ] DEBUG PhysicsWorld         - Physics world initialized: appHeight=720, physics.ppm=50.0
17:28:00.861 [FXGL Background Thread 1 ] DEBUG PhysicsWorld         - Using strategy: BRUTE_FORCE
17:28:00.863 [FXGL Background Thread 1 ] DEBUG GameScene            - Game scene initialized: 1280x720
17:28:00.884 [FXGL Background Thread 1 ] DEBUG FXGLAssetLoaderServi - Loading from file system: file:/Users/ajaxestela/IdeaProjects/GitSomeSleep/Capstonee/target/classes/assets/textures/background/nearest4.png
17:28:00.919 [FXGL Background Thread 1 ] DEBUG FXGLAssetLoaderServi - Loading from file system: file:/Users/ajaxestela/IdeaProjects/GitSomeSleep/Capstonee/target/classes/assets/textures/background/nearest3.png
17:28:00.939 [FXGL Background Thread 1 ] DEBUG FXGLAssetLoaderServi - Loading from file system: file:/Users/ajaxestela/IdeaProjects/GitSomeSleep/Capstonee/target/classes/assets/textures/background/nearest2.png
17:28:00.945 [FXGL Background Thread 1 ] DEBUG FXGLAssetLoaderServi - Loading from file system: file:/Users/ajaxestela/IdeaProjects/GitSomeSleep/Capstonee/target/classes/assets/textures/background/%20nearest1.png
17:28:00.968 [FXGL Background Thread 1 ] DEBUG FXGL.DefaultMenu     - createMenuBodyGameMenu()
17:28:00.978 [FXGL Background Thread 1 ] DEBUG FXGL.DefaultMenu     - createOptionsMenu()
17:28:00.981 [FXGL Background Thread 1 ] DEBUG FXGLAssetLoaderServi - Loading from file system: jar:file:///Users/ajaxestela/.m2/repository/com/github/almasb/fxgl/21.1/fxgl-21.1.jar!/fxglassets/textures/particles/smoke.png
17:28:01.072 [FXGL Background Thread 1 ] DEBUG FXGLAssetLoaderServi - Loading from file system: jar:file:///Users/ajaxestela/.m2/repository/com/github/almasb/fxgl/21.1/fxgl-21.1.jar!/fxglassets/textures/particles/trace_horizontal.png
17:28:01.080 [FXGL Background Thread 1 ] DEBUG GameApplicationServi - Application scenes initialized
17:28:01.091 [FXGL Background Thread 1 ] DEBUG SystemBundleService  - Loading FXGL system data
17:28:01.095 [FXGL Background Thread 1 ] DEBUG FileSystemAccess     - Reading from: /Users/ajaxestela/IdeaProjects/GitSomeSleep/Capstonee/system/fxgl.bundle
17:28:01.102 [FXGL Background Thread 1 ] DEBUG SystemBundleService  - Bundle FXGL: {}
17:28:01.103 [FXGL Background Thread 1 ] DEBUG UpdaterService       - Checking for updates
17:28:01.104 [FXGL Background Thread 4 ] DEBUG FXGLApplication      - Loading fonts
17:28:01.105 [FXGL Background Thread 4 ] DEBUG FXGLAssetLoaderServi - Loading from file system: jar:file:///Users/ajaxestela/.m2/repository/com/github/almasb/fxgl/21.1/fxgl-21.1.jar!/fxglassets/ui/fonts/VarelaRound-Regular.ttf
17:28:01.105 [FXGL Background Thread 1 ] DEBUG FXGLApplication      - Loading default localization
17:28:01.106 [FXGL Background Thread 1 ] DEBUG FXGLAssetLoaderServi - Loading from file system: jar:file:///Users/ajaxestela/.m2/repository/com/github/almasb/fxgl/21.1/fxgl-21.1.jar!/fxglassets/languages/english.lang
17:28:01.119 [FXGL Background Thread 1 ] INFO  FXGLApplication      - FXGL initialization took: 0.599 sec
17:28:01.124 [JavaFX Application Thread] DEBUG Input                - Registered new binding: Left - A
17:28:01.124 [JavaFX Application Thread] DEBUG Input                - Registered new binding: Right - D
17:28:01.124 [JavaFX Application Thread] DEBUG Input                - Registered new binding: Jump - W
17:28:01.124 [JavaFX Application Thread] DEBUG Input                - Registered new binding: Interact / Confirm - E
17:28:01.124 [JavaFX Application Thread] DEBUG Input                - Registered new binding: RhythmLane0 - H
17:28:01.124 [JavaFX Application Thread] DEBUG Input                - Registered new binding: RhythmLane1 - J
17:28:01.124 [JavaFX Application Thread] DEBUG Input                - Registered new binding: RhythmLane2 - K
17:28:01.125 [JavaFX Application Thread] DEBUG Input                - Registered new binding: RhythmLane3 - L
17:28:01.125 [JavaFX Application Thread] DEBUG Input                - Registered new binding: RhythmStart - Space
17:28:01.125 [JavaFX Application Thread] DEBUG FXGLAssetLoaderServi - Loading from file system: jar:file:///Users/ajaxestela/.m2/repository/com/github/almasb/fxgl/21.1/fxgl-21.1.jar!/fxglassets/textures/fxgl_icon.png
17:28:01.151 [FXGL Background Thread 4 ] DEBUG FXGLAssetLoaderServi - Loading from file system: jar:file:///Users/ajaxestela/.m2/repository/com/github/almasb/fxgl/21.1/fxgl-21.1.jar!/fxglassets/ui/fonts/Abel-Regular.ttf
17:28:01.154 [FXGL Background Thread 4 ] DEBUG FXGLAssetLoaderServi - Loading from file system: jar:file:///Users/ajaxestela/.m2/repository/com/github/almasb/fxgl/21.1/fxgl-21.1.jar!/fxglassets/ui/fonts/TerminalLandMono-Regular.otf
17:28:01.162 [FXGL Background Thread 4 ] DEBUG FXGLAssetLoaderServi - Loading from file system: jar:file:///Users/ajaxestela/.m2/repository/com/github/almasb/fxgl/21.1/fxgl-21.1.jar!/fxglassets/ui/fonts/Courier-Prime.ttf
17:28:01.180 [JavaFX Application Thread] DEBUG FXGLAssetLoaderServi - Loading from file system: jar:file:///Users/ajaxestela/.m2/repository/com/github/almasb/fxgl/21.1/fxgl-21.1.jar!/fxglassets/textures/fxgl_default_cursor.png
17:28:01.181 [JavaFX Application Thread] DEBUG Input                - Registered new binding: Screenshot - CTRL+8
17:28:01.181 [JavaFX Application Thread] DEBUG Input                - Registered new binding: System info dump - CTRL+9
17:28:01.182 [JavaFX Application Thread] DEBUG Input                - Registered new binding: Restart - CTRL+R
17:28:01.182 [JavaFX Application Thread] DEBUG Input                - Registered new binding: Toggle Debug Camera - CTRL+7
17:28:01.183 [JavaFX Application Thread] DEBUG LoopRunner           - Starting loop
17:28:01.183 [JavaFX Application Thread] DEBUG LoopRunner           - Initializing JavaFX AnimationTimerLoop
17:28:01.185 [JavaFX Application Thread] DEBUG Input                - Clearing active input actions
17:28:01.188 [JavaFX Application Thread] DEBUG GameApplicationServi - Removing overlay from FXGLStartupScene and adding to FXGLMainMenuDummyScene
17:28:01.188 [JavaFX Application Thread] DEBUG PrimaryStageWindow   - FXGLStartupScene -> FXGLMainMenuDummyScene
17:28:01.188 [JavaFX Application Thread] DEBUG PrimaryStageWindow   - Push state: MainMenu
17:28:01.189 [JavaFX Application Thread] DEBUG Input                - Clearing active input actions
17:28:01.197 [JavaFX Application Thread] DEBUG GameApplicationServi - Removing overlay from FXGLMainMenuDummyScene and adding to MainMenu
17:28:01.197 [JavaFX Application Thread] DEBUG PrimaryStageWindow   - FXGLMainMenuDummyScene -> MainMenu
17:28:01.286 [JavaFX Application Thread] DEBUG FXGLApplication      - Registering font factories with UI factory
17:28:02.281 [JavaFX Application Thread] DEBUG PrimaryStageWindow   - Push state: DialogSubScene
17:28:02.281 [JavaFX Application Thread] DEBUG Input                - Clearing active input actions
17:28:02.281 [JavaFX Application Thread] DEBUG GameApplicationServi - Removing overlay from MainMenu and adding to DialogSubScene
17:28:02.281 [JavaFX Application Thread] DEBUG PrimaryStageWindow   - MainMenu -> DialogSubScene
17:28:03.197 [JavaFX Application Thread] DEBUG PrimaryStageWindow   - Pop state: DialogSubScene
17:28:03.197 [JavaFX Application Thread] DEBUG Input                - Clearing active input actions
17:28:03.198 [JavaFX Application Thread] DEBUG GameApplicationServi - Removing overlay from DialogSubScene and adding to MainMenu
17:28:03.198 [JavaFX Application Thread] DEBUG PrimaryStageWindow   - MainMenu <- DialogSubScene
17:28:03.202 [JavaFX Application Thread] DEBUG PrimaryStageWindow   - Push state: DialogSubScene
17:28:03.203 [JavaFX Application Thread] DEBUG Input                - Clearing active input actions
17:28:03.203 [JavaFX Application Thread] DEBUG GameApplicationServi - Removing overlay from MainMenu and adding to DialogSubScene
17:28:03.203 [JavaFX Application Thread] DEBUG PrimaryStageWindow   - MainMenu -> DialogSubScene
17:28:04.105 [FXGL Background Thread 3 ] DEBUG Engine               - Logging environment variables
17:28:04.106 [FXGL Background Thread 3 ] DEBUG Engine               - achievements: []
17:28:04.106 [FXGL Background Thread 3 ] DEBUG Engine               - actualHeight: 720.0
17:28:04.106 [FXGL Background Thread 3 ] DEBUG Engine               - actualHeightProperty: ReadOnlyDoubleProperty [value: 720.0]
17:28:04.106 [FXGL Background Thread 3 ] DEBUG Engine               - actualWidth: 1280.0
17:28:04.106 [FXGL Background Thread 3 ] DEBUG Engine               - actualWidthProperty: ReadOnlyDoubleProperty [value: 1280.0]
17:28:04.106 [FXGL Background Thread 3 ] DEBUG Engine               - appIcon: fxgl_icon.png
17:28:04.106 [FXGL Background Thread 3 ] DEBUG Engine               - applicationMode: DEVELOPER
17:28:04.106 [FXGL Background Thread 3 ] DEBUG Engine               - cSSList: [fxgl_dark.css]
17:28:04.106 [FXGL Background Thread 3 ] DEBUG Engine               - collisionDetectionStrategy: BRUTE_FORCE
17:28:04.106 [FXGL Background Thread 3 ] DEBUG Engine               - configClass: Optional.empty
17:28:04.106 [FXGL Background Thread 3 ] DEBUG Engine               - credits: []
17:28:04.107 [FXGL Background Thread 3 ] DEBUG Engine               - defaultCursor: CursorInfo(imageName=fxgl_default_cursor.png, hotspotX=7.0, hotspotY=6.0)
17:28:04.107 [FXGL Background Thread 3 ] DEBUG Engine               - devBBoxColorProperty: ObjectProperty [value: 0xff0000ff]
17:28:04.107 [FXGL Background Thread 3 ] DEBUG Engine               - devEnableDebugCameraProperty: BooleanProperty [value: false]
17:28:04.107 [FXGL Background Thread 3 ] DEBUG Engine               - devSensorColorProperty: ObjectProperty [value: 0xffff00ff]
17:28:04.107 [FXGL Background Thread 3 ] DEBUG Engine               - devShowBBoxProperty: BooleanProperty [value: false]
17:28:04.107 [FXGL Background Thread 3 ] DEBUG Engine               - devShowPositionProperty: BooleanProperty [value: false]
17:28:04.107 [FXGL Background Thread 3 ] DEBUG Engine               - enabledMenuItems: []
17:28:04.107 [FXGL Background Thread 3 ] DEBUG Engine               - engineServices: [class com.almasb.fxgl.app.services.FXGLAssetLoaderService, class com.almasb.fxgl.app.FXGLApplication$GameApplicationService, class com.almasb.fxgl.app.services.FXGLDialogService, class com.almasb.fxgl.app.services.IOTaskExecutorService, class com.almasb.fxgl.io.FileSystemService, class com.almasb.fxgl.localization.LocalizationService, class com.almasb.fxgl.app.services.SystemBundleService, class com.almasb.fxgl.profile.SaveLoadService, class com.almasb.fxgl.ui.FXGLUIFactoryServiceProvider, class com.almasb.fxgl.ui.FXGLDialogFactoryServiceProvider, class com.almasb.fxgl.audio.AudioPlayer, class com.almasb.fxgl.notification.impl.NotificationServiceProvider, class com.almasb.fxgl.achievement.AchievementService, class com.almasb.fxgl.cutscene.CutsceneService, class com.almasb.fxgl.minigames.MiniGameService, class com.almasb.fxgl.net.NetService, class com.almasb.fxgl.app.services.UpdaterService, class com.almasb.fxgl.dev.DevService]
17:28:04.107 [FXGL Background Thread 3 ] DEBUG Engine               - fontGame: Abel-Regular.ttf
17:28:04.107 [FXGL Background Thread 3 ] DEBUG Engine               - fontMono: TerminalLandMono-Regular.otf
17:28:04.107 [FXGL Background Thread 3 ] DEBUG Engine               - fontSizeScaleUI: 1.0
17:28:04.107 [FXGL Background Thread 3 ] DEBUG Engine               - fontText: Courier-Prime.ttf
17:28:04.107 [FXGL Background Thread 3 ] DEBUG Engine               - fontUI: VarelaRound-Regular.ttf
17:28:04.107 [FXGL Background Thread 3 ] DEBUG Engine               - fullScreen: BooleanProperty [value: false]
17:28:04.107 [FXGL Background Thread 3 ] DEBUG Engine               - gameDifficulty: MEDIUM
17:28:04.107 [FXGL Background Thread 3 ] DEBUG Engine               - gameDifficultyProperty: ObjectProperty [value: MEDIUM]
17:28:04.107 [FXGL Background Thread 3 ] DEBUG Engine               - globalMusicVolume: 0.5
17:28:04.107 [FXGL Background Thread 3 ] DEBUG Engine               - globalMusicVolumeProperty: DoubleProperty [value: 0.5]
17:28:04.107 [FXGL Background Thread 3 ] DEBUG Engine               - globalSoundVolume: 0.5
17:28:04.107 [FXGL Background Thread 3 ] DEBUG Engine               - globalSoundVolumeProperty: DoubleProperty [value: 0.5]
17:28:04.107 [FXGL Background Thread 3 ] DEBUG Engine               - height: 720
17:28:04.107 [FXGL Background Thread 3 ] DEBUG Engine               - is3D: false
17:28:04.108 [FXGL Background Thread 3 ] DEBUG Engine               - isAndroid: false
17:28:04.108 [FXGL Background Thread 3 ] DEBUG Engine               - isBrowser: false
17:28:04.108 [FXGL Background Thread 3 ] DEBUG Engine               - isClickFeedbackEnabled: false
17:28:04.108 [FXGL Background Thread 3 ] DEBUG Engine               - isCloseConfirmation: false
17:28:04.108 [FXGL Background Thread 3 ] DEBUG Engine               - isDesktop: true
17:28:04.108 [FXGL Background Thread 3 ] DEBUG Engine               - isDeveloperMenuEnabled: false
17:28:04.108 [FXGL Background Thread 3 ] DEBUG Engine               - isEmbedded: false
17:28:04.108 [FXGL Background Thread 3 ] DEBUG Engine               - isEntityPreloadEnabled: true
17:28:04.108 [FXGL Background Thread 3 ] DEBUG Engine               - isExperimentalTiledLargeMap: false
17:28:04.108 [FXGL Background Thread 3 ] DEBUG Engine               - isFileSystemWriteAllowed: true
17:28:04.108 [FXGL Background Thread 3 ] DEBUG Engine               - isFullScreenAllowed: false
17:28:04.108 [FXGL Background Thread 3 ] DEBUG Engine               - isFullScreenFromStart: false
17:28:04.108 [FXGL Background Thread 3 ] DEBUG Engine               - isGameMenuEnabled: true
17:28:04.108 [FXGL Background Thread 3 ] DEBUG Engine               - isIOS: false
17:28:04.108 [FXGL Background Thread 3 ] DEBUG Engine               - isIntroEnabled: false
17:28:04.108 [FXGL Background Thread 3 ] DEBUG Engine               - isLinux: false
17:28:04.108 [FXGL Background Thread 3 ] DEBUG Engine               - isMac: true
17:28:04.108 [FXGL Background Thread 3 ] DEBUG Engine               - isMainMenuEnabled: true
17:28:04.108 [FXGL Background Thread 3 ] DEBUG Engine               - isManualResizeEnabled: false
17:28:04.108 [FXGL Background Thread 3 ] DEBUG Engine               - isMobile: false
17:28:04.108 [FXGL Background Thread 3 ] DEBUG Engine               - isNative: false
17:28:04.108 [FXGL Background Thread 3 ] DEBUG Engine               - isPauseMusicWhenMinimized: true
17:28:04.108 [FXGL Background Thread 3 ] DEBUG Engine               - isPreserveResizeRatio: false
17:28:04.108 [FXGL Background Thread 3 ] DEBUG Engine               - isProfilingEnabled: false
17:28:04.108 [FXGL Background Thread 3 ] DEBUG Engine               - isScaleAffectedOnResize: true
17:28:04.108 [FXGL Background Thread 3 ] DEBUG Engine               - isSingleStep: false
17:28:04.108 [FXGL Background Thread 3 ] DEBUG Engine               - isUserProfileEnabled: false
17:28:04.108 [FXGL Background Thread 3 ] DEBUG Engine               - isWindows: false
17:28:04.108 [FXGL Background Thread 3 ] DEBUG Engine               - language: ObjectProperty [value: ENGLISH]
17:28:04.108 [FXGL Background Thread 3 ] DEBUG Engine               - menuKey: ESCAPE
17:28:04.108 [FXGL Background Thread 3 ] DEBUG Engine               - mouseSensitivity: 0.2
17:28:04.108 [FXGL Background Thread 3 ] DEBUG Engine               - notificationViewClass: class com.almasb.fxgl.notification.view.XboxNotificationView
17:28:04.108 [FXGL Background Thread 3 ] DEBUG Engine               - pixelsPerMeter: 50.0
17:28:04.108 [FXGL Background Thread 3 ] DEBUG Engine               - platform: MAC
17:28:04.108 [FXGL Background Thread 3 ] DEBUG Engine               - prefHeightProperty: ReadOnlyDoubleProperty [value: 720.0]
17:28:04.108 [FXGL Background Thread 3 ] DEBUG Engine               - prefWidthProperty: ReadOnlyDoubleProperty [value: 1280.0]
17:28:04.108 [FXGL Background Thread 3 ] DEBUG Engine               - profileDir: profiles/
17:28:04.108 [FXGL Background Thread 3 ] DEBUG Engine               - profileName: StringProperty [value: DEFAULT]
17:28:04.108 [FXGL Background Thread 3 ] DEBUG Engine               - randomSeed: -1
17:28:04.108 [FXGL Background Thread 3 ] DEBUG Engine               - runtimeInfo: RuntimeInfo(platform=MAC, version=21.1, build=27.03.2024 07.52)
17:28:04.108 [FXGL Background Thread 3 ] DEBUG Engine               - saveFileExt: sav
17:28:04.108 [FXGL Background Thread 3 ] DEBUG Engine               - scaledHeightProp$fxgl: DoubleProperty [bound, value: 720.0]
17:28:04.108 [FXGL Background Thread 3 ] DEBUG Engine               - scaledWidthProp$fxgl: DoubleProperty [bound, value: 1280.0]
17:28:04.109 [FXGL Background Thread 3 ] DEBUG Engine               - sceneFactory: org.example.capstonee.Menu.MenuSceneFactory@33846b4
17:28:04.109 [FXGL Background Thread 3 ] DEBUG Engine               - secondsIn24h: 60
17:28:04.109 [FXGL Background Thread 3 ] DEBUG Engine               - soundMenuBack: menu/back.wav
17:28:04.109 [FXGL Background Thread 3 ] DEBUG Engine               - soundMenuPress: menu/press.wav
17:28:04.109 [FXGL Background Thread 3 ] DEBUG Engine               - soundMenuSelect: menu/select.wav
17:28:04.109 [FXGL Background Thread 3 ] DEBUG Engine               - soundNotification: core/notification.wav
17:28:04.109 [FXGL Background Thread 3 ] DEBUG Engine               - stageStyle: DECORATED
17:28:04.109 [FXGL Background Thread 3 ] DEBUG Engine               - supportedLanguages: [ENGLISH, FRENCH, GERMAN, HUNGARIAN, RUSSIAN]
17:28:04.109 [FXGL Background Thread 3 ] DEBUG Engine               - ticksPerSecond: -1
17:28:04.109 [FXGL Background Thread 3 ] DEBUG Engine               - title: Platformer with Rhythm
17:28:04.109 [FXGL Background Thread 3 ] DEBUG Engine               - urlGithub: https://github.com/AlmasB/FXGL
17:28:04.109 [FXGL Background Thread 3 ] DEBUG Engine               - urlLeaderboard: http://fxgl-top.herokuapp.com/
17:28:04.109 [FXGL Background Thread 3 ] DEBUG Engine               - urlPOM: https://raw.githubusercontent.com/AlmasB/FXGL/release/README.md
17:28:04.109 [FXGL Background Thread 3 ] DEBUG Engine               - userAppClass: class org.example.capstonee.GameApp
17:28:04.109 [FXGL Background Thread 3 ] DEBUG Engine               - version: 0.2
17:28:04.109 [FXGL Background Thread 3 ] DEBUG Engine               - versionCheckDays: 7
17:28:04.109 [FXGL Background Thread 3 ] DEBUG Engine               - width: 1280
17:28:04.109 [FXGL Background Thread 3 ] DEBUG Engine               - Logging services
17:28:04.109 [FXGL Background Thread 3 ] DEBUG Engine               - class com.almasb.fxgl.app.services.FXGLAssetLoaderService
17:28:04.109 [FXGL Background Thread 3 ] DEBUG Engine               - class com.almasb.fxgl.app.FXGLApplication$GameApplicationService
17:28:04.109 [FXGL Background Thread 3 ] DEBUG Engine               - class com.almasb.fxgl.app.services.FXGLDialogService
17:28:04.109 [FXGL Background Thread 3 ] DEBUG Engine               - class com.almasb.fxgl.app.services.IOTaskExecutorService
17:28:04.109 [FXGL Background Thread 3 ] DEBUG Engine               - class com.almasb.fxgl.io.FileSystemService
17:28:04.109 [FXGL Background Thread 3 ] DEBUG Engine               - class com.almasb.fxgl.localization.LocalizationService
17:28:04.109 [FXGL Background Thread 3 ] DEBUG Engine               - class com.almasb.fxgl.app.services.SystemBundleService
17:28:04.109 [FXGL Background Thread 3 ] DEBUG Engine               - class com.almasb.fxgl.profile.SaveLoadService
17:28:04.109 [FXGL Background Thread 3 ] DEBUG Engine               - class com.almasb.fxgl.ui.FXGLUIFactoryServiceProvider
17:28:04.109 [FXGL Background Thread 3 ] DEBUG Engine               - class com.almasb.fxgl.ui.FXGLDialogFactoryServiceProvider
17:28:04.109 [FXGL Background Thread 3 ] DEBUG Engine               - class com.almasb.fxgl.audio.AudioPlayer
17:28:04.109 [FXGL Background Thread 3 ] DEBUG Engine               - class com.almasb.fxgl.notification.impl.NotificationServiceProvider
17:28:04.109 [FXGL Background Thread 3 ] DEBUG Engine               - class com.almasb.fxgl.achievement.AchievementService
17:28:04.109 [FXGL Background Thread 3 ] DEBUG Engine               - class com.almasb.fxgl.cutscene.CutsceneService
17:28:04.109 [FXGL Background Thread 3 ] DEBUG Engine               - class com.almasb.fxgl.minigames.MiniGameService
17:28:04.109 [FXGL Background Thread 3 ] DEBUG Engine               - class com.almasb.fxgl.net.NetService
17:28:04.109 [FXGL Background Thread 3 ] DEBUG Engine               - class com.almasb.fxgl.app.services.UpdaterService
17:28:04.110 [FXGL Background Thread 3 ] DEBUG Engine               - class com.almasb.fxgl.dev.DevService
17:28:04.396 [JavaFX Application Thread] DEBUG PrimaryStageWindow   - Pop state: DialogSubScene
17:28:04.396 [JavaFX Application Thread] DEBUG Input                - Clearing active input actions
17:28:04.396 [JavaFX Application Thread] DEBUG GameApplicationServi - Removing overlay from DialogSubScene and adding to MainMenu
17:28:04.397 [JavaFX Application Thread] DEBUG PrimaryStageWindow   - MainMenu <- DialogSubScene
17:28:04.398 [JavaFX Application Thread] DEBUG PrimaryStageWindow   - Push state: DialogSubScene
17:28:04.398 [JavaFX Application Thread] DEBUG Input                - Clearing active input actions
17:28:04.398 [JavaFX Application Thread] DEBUG GameApplicationServi - Removing overlay from MainMenu and adding to DialogSubScene
17:28:04.398 [JavaFX Application Thread] DEBUG PrimaryStageWindow   - MainMenu -> DialogSubScene
17:28:05.197 [JavaFX Application Thread] DEBUG PrimaryStageWindow   - Pop state: DialogSubScene
17:28:05.197 [JavaFX Application Thread] DEBUG Input                - Clearing active input actions
17:28:05.197 [JavaFX Application Thread] DEBUG GameApplicationServi - Removing overlay from DialogSubScene and adding to MainMenu
17:28:05.197 [JavaFX Application Thread] DEBUG PrimaryStageWindow   - MainMenu <- DialogSubScene
17:28:05.197 [JavaFX Application Thread] DEBUG Menu                 - fireNewGame()
17:28:05.197 [JavaFX Application Thread] DEBUG GameApplicationServi - Starting new game
17:28:05.197 [JavaFX Application Thread] DEBUG PrimaryStageWindow   - Pop state: MainMenu
17:28:05.198 [JavaFX Application Thread] DEBUG Input                - Clearing active input actions
17:28:05.198 [JavaFX Application Thread] DEBUG GameApplicationServi - Removing overlay from MainMenu and adding to FXGLMainMenuDummyScene
17:28:05.198 [JavaFX Application Thread] DEBUG PrimaryStageWindow   - FXGLMainMenuDummyScene <- MainMenu
17:28:05.198 [JavaFX Application Thread] DEBUG Input                - Clearing active input actions
17:28:05.202 [JavaFX Application Thread] DEBUG GameApplicationServi - Removing overlay from FXGLMainMenuDummyScene and adding to FXGLLoadingScene
17:28:05.202 [JavaFX Application Thread] DEBUG PrimaryStageWindow   - FXGLMainMenuDummyScene -> FXGLLoadingScene
17:28:05.202 [JavaFX Application Thread] DEBUG GameApplicationServi - Clearing previous game
17:28:05.202 [JavaFX Application Thread] DEBUG GameScene            - Clearing game scene
17:28:05.203 [JavaFX Application Thread] DEBUG GameWorld            - Clearing game world
17:28:05.203 [JavaFX Application Thread] DEBUG PhysicsWorld         - Clearing physics world
17:28:05.204 [FXGL Background Thread 2 ] DEBUG FXGLApplication      - Initializing game
17:28:05.206 [FXGL Background Thread 2 ] WARN  FXGLAssetLoaderServi - Asset "/assets/sounds/sounds/hit.wav" was not found!
17:28:05.206 [FXGL Background Thread 2 ] WARN  FXGLAssetLoaderServi - Failed to load SOUND
17:28:05.207 [FXGL Background Thread 2 ] WARN  FXGLAssetLoaderServi - Asset "/assets/sounds/sounds/miss.wav" was not found!
17:28:05.207 [FXGL Background Thread 2 ] WARN  FXGLAssetLoaderServi - Failed to load SOUND
17:28:05.247 [FXGL Background Thread 2 ] WARN  TMXLevelLoader       - TiledMap generated from 1.11.0. Supported version: 1.9.0. Some features may not be parsed fully.
17:28:05.256 [FXGL Background Thread 2 ] DEBUG TMXLevelLoader       - Parsed TiledMap: file:/Users/ajaxestela/IdeaProjects/GitSomeSleep/Capstonee/target/classes/assets/levels/tmx/tutorial.tmx
17:28:05.256 [FXGL Background Thread 2 ] DEBUG TMXLevelLoader       - Creating tile layer entities
17:28:05.257 [FXGL Background Thread 2 ] DEBUG TilesetLoader        - Loading view for layer bg1
17:28:05.257 [FXGL Background Thread 2 ] DEBUG TilesetLoader        - Created buffer with size 1600.0x256.0
17:28:05.262 [FXGL Background Thread 2 ] DEBUG TilesetLoader        - Loading view for layer bg2
17:28:05.263 [FXGL Background Thread 2 ] DEBUG TilesetLoader        - Created buffer with size 1600.0x256.0
17:28:05.265 [FXGL Background Thread 2 ] DEBUG TilesetLoader        - Loading view for layer bg3
17:28:05.265 [FXGL Background Thread 2 ] DEBUG TilesetLoader        - Created buffer with size 1600.0x256.0
17:28:05.267 [FXGL Background Thread 2 ] DEBUG TilesetLoader        - Loading view for layer Platform
17:28:05.267 [FXGL Background Thread 2 ] DEBUG TilesetLoader        - Created buffer with size 1600.0x256.0
17:28:05.270 [FXGL Background Thread 2 ] DEBUG TMXLevelLoader       - Creating object layer entities
17:28:05.278 [FXGL Background Thread 2 ] DEBUG GameWorld            - Clearing removable entities
17:28:05.279 [FXGL Background Thread 2 ] DEBUG GameWorld            - Setting level: com.almasb.fxgl.entity.level.Level@44ec25a9
17:28:05.283 [FXGL Background Thread 2 ] WARN  FXGLAssetLoaderServi - Asset "/assets/textures/player.png" was not found!
17:28:05.283 [FXGL Background Thread 2 ] WARN  FXGLAssetLoaderServi - Failed to load IMAGE
17:28:05.291 [FXGL Background Thread 2 ] DEBUG FXGLAssetLoaderServi - Loading from file system: file:/Users/ajaxestela/IdeaProjects/GitSomeSleep/Capstonee/target/classes/assets/textures/background/Black.png
17:28:05.296 [FXGL Background Thread 2 ] INFO  FXGLApplication      - Game initialization took: 0.092 sec
17:28:05.297 [JavaFX Application Thread] DEBUG Input                - Clearing active input actions
17:28:05.299 [JavaFX Application Thread] DEBUG GameApplicationServi - Removing overlay from FXGLLoadingScene and adding to GameScene
17:28:05.299 [JavaFX Application Thread] DEBUG PrimaryStageWindow   - FXGLLoadingScene -> GameScene
17:28:07.357 [JavaFX Application Thread] DEBUG FXGLAssetLoaderServi - Loading from file system: file:/Users/ajaxestela/IdeaProjects/GitSomeSleep/Capstonee/target/classes/assets/text/gameCutscene_sample1.txt
17:28:07.361 [JavaFX Application Thread] DEBUG Input                - Registered new binding: Next RPG Line - Enter
17:28:07.362 [JavaFX Application Thread] WARN  FXGLAssetLoaderServi - Asset "/assets/textures/bruh.png" was not found!
17:28:07.362 [JavaFX Application Thread] WARN  FXGLAssetLoaderServi - Failed to load IMAGE
17:28:07.362 [JavaFX Application Thread] DEBUG PrimaryStageWindow   - Push state: CutsceneScene
17:28:07.362 [JavaFX Application Thread] DEBUG Input                - Clearing active input actions
17:28:07.362 [JavaFX Application Thread] DEBUG GameApplicationServi - Removing overlay from GameScene and adding to CutsceneScene
17:28:07.362 [JavaFX Application Thread] DEBUG PrimaryStageWindow   - GameScene -> CutsceneScene
17:28:08.242 [JavaFX Application Thread] DEBUG FXGLAssetLoaderServi - Loading from file system: file:/Users/ajaxestela/IdeaProjects/GitSomeSleep/Capstonee/target/classes/assets/textures/tuntunsahur.png
17:28:09.117 [JavaFX Application Thread] DEBUG PrimaryStageWindow   - Pop state: CutsceneScene
17:28:09.117 [JavaFX Application Thread] DEBUG Input                - Clearing active input actions
17:28:09.118 [JavaFX Application Thread] DEBUG GameApplicationServi - Removing overlay from CutsceneScene and adding to GameScene
17:28:09.118 [JavaFX Application Thread] DEBUG PrimaryStageWindow   - GameScene <- CutsceneScene
17:28:09.123 [JavaFX Application Thread] DEBUG FXGLAssetLoaderServi - Loading from file system: file:/Users/ajaxestela/IdeaProjects/GitSomeSleep/Capstonee/target/classes/assets/textures/background/pixelatedliyue.png
17:28:09.151 [JavaFX Application Thread] DEBUG FXGLAssetLoaderServi - Loading from file system: file:/Users/ajaxestela/IdeaProjects/GitSomeSleep/Capstonee/target/classes/assets/music/songs/zhongli.wav
17:28:10.954 [JavaFX Application Thread] DEBUG FXGLAssetLoaderServi - Loading from file system: file:/Users/ajaxestela/IdeaProjects/GitSomeSleep/Capstonee/target/classes/assets/textures/notes/hilichurlhitmarker.png
17:28:12.063 [JavaFX Application Thread] DEBUG AudioPlayer          - Playing music com.almasb.fxgl.audio.Music@25aa9576
17:28:15.521 [JavaFX Application Thread] DEBUG FXGLAssetLoaderServi - Loading from file system: file:/Users/ajaxestela/IdeaProjects/GitSomeSleep/Capstonee/target/classes/assets/textures/markers/moranote.png
17:28:31.434 [JavaFX Application Thread] DEBUG AudioPlayer          - Stopping music com.almasb.fxgl.audio.Music@25aa9576
17:28:33.785 [JavaFX Application Thread] DEBUG AudioPlayer          - Stopping music com.almasb.fxgl.audio.Music@25aa9576
17:28:35.050 [JavaFX Application Thread] DEBUG AudioPlayer          - Stopping music com.almasb.fxgl.audio.Music@25aa9576
17:28:35.051 [JavaFX Application Thread] DEBUG AudioPlayer          - Stopping music com.almasb.fxgl.audio.Music@25aa9576
17:28:35.052 [JavaFX Application Thread] DEBUG AudioPlayer          - Pausing music com.almasb.fxgl.audio.Music@25aa9576
17:28:35.052 [JavaFX Application Thread] DEBUG LoopRunner           - Pausing loop
17:28:35.056 [JavaFX Application Thread] WARN  TMXLevelLoader       - TiledMap generated from 1.11.0. Supported version: 1.9.0. Some features may not be parsed fully.
17:28:35.067 [JavaFX Application Thread] DEBUG TMXLevelLoader       - Parsed TiledMap: file:/Users/ajaxestela/IdeaProjects/GitSomeSleep/Capstonee/target/classes/assets/levels/tmx/level1.tmx
17:28:35.067 [JavaFX Application Thread] DEBUG TMXLevelLoader       - Creating tile layer entities
17:28:35.068 [JavaFX Application Thread] DEBUG TilesetLoader        - Loading view for layer bg1
17:28:35.069 [JavaFX Application Thread] DEBUG TilesetLoader        - Created buffer with size 2048.0x848.0
17:28:35.088 [JavaFX Application Thread] DEBUG TilesetLoader        - Loading view for layer Platform
17:28:35.089 [JavaFX Application Thread] DEBUG TilesetLoader        - Created buffer with size 2048.0x848.0
17:28:35.100 [JavaFX Application Thread] DEBUG TMXLevelLoader       - Creating object layer entities
17:28:35.101 [JavaFX Application Thread] DEBUG GameWorld            - Clearing removable entities
17:28:35.102 [JavaFX Application Thread] DEBUG GameWorld            - Setting level: com.almasb.fxgl.entity.level.Level@52c7801d
17:28:35.103 [JavaFX Application Thread] DEBUG LoopRunner           - Resuming loop
17:28:35.103 [JavaFX Application Thread] DEBUG AudioPlayer          - Resuming music com.almasb.fxgl.audio.Music@25aa9576
17:28:38.318 [JavaFX Application Thread] DEBUG FXGLApplication      - Exiting FXGL
17:28:38.319 [JavaFX Application Thread] DEBUG LoopRunner           - Stopping loop
17:28:38.319 [JavaFX Application Thread] DEBUG SystemBundleService  - Saving FXGL system data
17:28:38.325 [JavaFX Application Thread] DEBUG FileSystemAccess     - Writing to: /Users/ajaxestela/IdeaProjects/GitSomeSleep/Capstonee/system/fxgl.bundle
17:28:38.328 [JavaFX Application Thread] DEBUG Async                - Shutting down background threads
17:28:38.328 [JavaFX Application Thread] DEBUG PrimaryStageWindow   - Closing main window
17:28:38.363 [JavaFX Application Thread] DEBUG Logger               - Closing Logger
