00:44:16.964 [main                     ] DEBUG Logger               - Configured Logger
00:44:16.976 [main                     ] DEBUG GameApplication      - Logging settings
Title: Platformer with Rhythm
Version: 0.2
Width: 1280
Height: 720
Fullscreen: false
Intro: false
Profiling: false
Single step:false
App Mode: DEVELOPER
Menu Key: ESCAPE
Stage Style: DECORATED
Scene Factory: class com.almasb.fxgl.app.scene.SceneFactory

00:44:17.505 [JavaFX Application Thread] DEBUG FXGLApplication      - Initializing FXGL
00:44:17.507 [JavaFX Application Thread] INFO  Engine               - FXGL-21.1 (27.03.2024 07.52) on MAC (J:22.0.2 FX:22.0.1)
00:44:17.507 [JavaFX Application Thread] DEBUG Engine               - JRE Vendor Name: Oracle Corporation
00:44:17.507 [JavaFX Application Thread] DEBUG Engine               - Running on OS: Mac OS X version 15.3.2
00:44:17.507 [JavaFX Application Thread] DEBUG Engine               - Architecture: aarch64
00:44:17.507 [JavaFX Application Thread] INFO  Engine               - Source code and latest versions at: https://github.com/AlmasB/FXGL
00:44:17.508 [JavaFX Application Thread] INFO  Engine               -       Ask questions and discuss at: https://github.com/AlmasB/FXGL/discussions
00:44:17.508 [JavaFX Application Thread] INFO  Engine               -              Join the FXGL chat at: https://gitter.im/AlmasB/FXGL
00:44:17.544 [JavaFX Application Thread] DEBUG PrimaryStageWindow   - Creating a JavaFX scene
00:44:17.561 [JavaFX Application Thread] DEBUG PrimaryStageWindow   - Target settings size: 1280.0 x 720.0
00:44:17.561 [JavaFX Application Thread] DEBUG PrimaryStageWindow   - Scaled scene size:    1280.0 x 720.0
00:44:17.562 [JavaFX Application Thread] DEBUG PrimaryStageWindow   - Scaled ratio: (1.0, 1.0)
00:44:17.562 [JavaFX Application Thread] DEBUG PrimaryStageWindow   - Set initial scene to FXGLStartupScene
00:44:17.563 [JavaFX Application Thread] DEBUG PrimaryStageWindow   - Opening main window
00:44:17.635 [JavaFX Application Thread] DEBUG PrimaryStageWindow   - Window border size: (0.0, 28.0)
00:44:17.635 [JavaFX Application Thread] DEBUG PrimaryStageWindow   - Scaled size: 1280.0 x 720.0
00:44:17.636 [JavaFX Application Thread] DEBUG PrimaryStageWindow   - Scaled ratio: (1.0, 1.0)
00:44:17.636 [JavaFX Application Thread] DEBUG PrimaryStageWindow   - Scene size: 1280.0 x 720.0
00:44:17.636 [JavaFX Application Thread] DEBUG PrimaryStageWindow   - Stage size: 1280.0 x 748.0
00:44:17.639 [FXGL Background Thread 1 ] DEBUG Engine               - Initializing environment variables
00:44:17.663 [FXGL Background Thread 1 ] DEBUG FXGLAssetLoaderServi - User app class for loading assets: class org.example.capstonee.GameApp
00:44:17.663 [FXGL Background Thread 1 ] DEBUG GameApplicationServi - Applying CSS: fxgl_dark.css
00:44:17.664 [FXGL Background Thread 1 ] DEBUG FXGLAssetLoaderServi - Loading from file system: jar:file:///Users/ajaxestela/.m2/repository/com/github/almasb/fxgl/21.1/fxgl-21.1.jar!/fxglassets/ui/css/fxgl_dark.css
00:44:17.686 [FXGL Background Thread 1 ] DEBUG GameApplicationServi - Initializing application scenes
00:44:17.818 [FXGL Background Thread 1 ] DEBUG GameWorld            - Game world initialized
00:44:17.895 [FXGL Background Thread 1 ] DEBUG PhysicsWorld         - Physics world initialized: appHeight=720, physics.ppm=50.0
00:44:17.895 [FXGL Background Thread 1 ] DEBUG PhysicsWorld         - Using strategy: BRUTE_FORCE
00:44:17.897 [FXGL Background Thread 1 ] DEBUG GameScene            - Game scene initialized: 1280x720
00:44:17.905 [FXGL Background Thread 1 ] DEBUG FXGL.DefaultMenu     - createMenuBodyMainMenu()
00:44:17.917 [FXGL Background Thread 1 ] DEBUG FXGL.DefaultMenu     - createOptionsMenu()
00:44:17.922 [FXGL Background Thread 1 ] DEBUG FXGLAssetLoaderServi - Loading from file system: jar:file:///Users/ajaxestela/.m2/repository/com/github/almasb/fxgl/21.1/fxgl-21.1.jar!/fxglassets/textures/particles/smoke.png
00:44:17.970 [FXGL Background Thread 1 ] DEBUG FXGLAssetLoaderServi - Loading from file system: jar:file:///Users/ajaxestela/.m2/repository/com/github/almasb/fxgl/21.1/fxgl-21.1.jar!/fxglassets/textures/particles/trace_horizontal.png
00:44:17.982 [FXGL Background Thread 1 ] DEBUG FXGL.DefaultMenu     - createMenuBodyGameMenu()
00:44:17.982 [FXGL Background Thread 1 ] DEBUG FXGL.DefaultMenu     - createOptionsMenu()
00:44:17.992 [FXGL Background Thread 1 ] DEBUG GameApplicationServi - Application scenes initialized
00:44:17.999 [FXGL Background Thread 1 ] DEBUG SystemBundleService  - Loading FXGL system data
00:44:18.002 [FXGL Background Thread 1 ] DEBUG FileSystemAccess     - Reading from: /Users/ajaxestela/IdeaProjects/GitSomeSleep/Capstonee/system/fxgl.bundle
00:44:18.005 [FXGL Background Thread 1 ] DEBUG SystemBundleService  - Bundle FXGL: {}
00:44:18.005 [FXGL Background Thread 1 ] DEBUG UpdaterService       - Checking for updates
00:44:18.007 [FXGL Background Thread 4 ] DEBUG FXGLApplication      - Loading fonts
00:44:18.007 [FXGL Background Thread 4 ] DEBUG FXGLAssetLoaderServi - Loading from file system: jar:file:///Users/ajaxestela/.m2/repository/com/github/almasb/fxgl/21.1/fxgl-21.1.jar!/fxglassets/ui/fonts/VarelaRound-Regular.ttf
00:44:18.007 [FXGL Background Thread 1 ] DEBUG FXGLApplication      - Loading default localization
00:44:18.007 [FXGL Background Thread 1 ] DEBUG FXGLAssetLoaderServi - Loading from file system: jar:file:///Users/ajaxestela/.m2/repository/com/github/almasb/fxgl/21.1/fxgl-21.1.jar!/fxglassets/languages/english.lang
00:44:18.018 [FXGL Background Thread 1 ] INFO  FXGLApplication      - FXGL initialization took: 0.379 sec
00:44:18.022 [FXGL Background Thread 4 ] DEBUG FXGLAssetLoaderServi - Loading from file system: jar:file:///Users/ajaxestela/.m2/repository/com/github/almasb/fxgl/21.1/fxgl-21.1.jar!/fxglassets/ui/fonts/Abel-Regular.ttf
00:44:18.023 [JavaFX Application Thread] DEBUG Input                - Registered new binding: Left - A
00:44:18.023 [JavaFX Application Thread] DEBUG Input                - Registered new binding: Right - D
00:44:18.023 [JavaFX Application Thread] DEBUG Input                - Registered new binding: Jump - W
00:44:18.023 [JavaFX Application Thread] DEBUG Input                - Registered new binding: Interact / Confirm - E
00:44:18.023 [JavaFX Application Thread] DEBUG Input                - Registered new binding: RhythmLane0 - H
00:44:18.023 [FXGL Background Thread 4 ] DEBUG FXGLAssetLoaderServi - Loading from file system: jar:file:///Users/ajaxestela/.m2/repository/com/github/almasb/fxgl/21.1/fxgl-21.1.jar!/fxglassets/ui/fonts/TerminalLandMono-Regular.otf
00:44:18.023 [JavaFX Application Thread] DEBUG Input                - Registered new binding: RhythmLane1 - J
00:44:18.024 [JavaFX Application Thread] DEBUG Input                - Registered new binding: RhythmLane2 - K
00:44:18.024 [JavaFX Application Thread] DEBUG Input                - Registered new binding: RhythmLane3 - L
00:44:18.024 [JavaFX Application Thread] DEBUG Input                - Registered new binding: RhythmStart - Space
00:44:18.024 [JavaFX Application Thread] DEBUG FXGLAssetLoaderServi - Loading from file system: jar:file:///Users/ajaxestela/.m2/repository/com/github/almasb/fxgl/21.1/fxgl-21.1.jar!/fxglassets/textures/fxgl_icon.png
00:44:18.027 [FXGL Background Thread 4 ] DEBUG FXGLAssetLoaderServi - Loading from file system: jar:file:///Users/ajaxestela/.m2/repository/com/github/almasb/fxgl/21.1/fxgl-21.1.jar!/fxglassets/ui/fonts/Courier-Prime.ttf
00:44:18.043 [JavaFX Application Thread] DEBUG FXGLAssetLoaderServi - Loading from file system: jar:file:///Users/ajaxestela/.m2/repository/com/github/almasb/fxgl/21.1/fxgl-21.1.jar!/fxglassets/textures/fxgl_default_cursor.png
00:44:18.044 [JavaFX Application Thread] DEBUG Input                - Registered new binding: Screenshot - CTRL+8
00:44:18.044 [JavaFX Application Thread] DEBUG Input                - Registered new binding: System info dump - CTRL+9
00:44:18.044 [JavaFX Application Thread] DEBUG Input                - Registered new binding: Restart - CTRL+R
00:44:18.044 [JavaFX Application Thread] DEBUG Input                - Registered new binding: Toggle Debug Camera - CTRL+7
00:44:18.045 [JavaFX Application Thread] DEBUG LoopRunner           - Starting loop
00:44:18.045 [JavaFX Application Thread] DEBUG LoopRunner           - Initializing JavaFX AnimationTimerLoop
00:44:18.046 [JavaFX Application Thread] DEBUG Input                - Clearing active input actions
00:44:18.049 [JavaFX Application Thread] DEBUG GameApplicationServi - Removing overlay from FXGLStartupScene and adding to FXGLMainMenuDummyScene
00:44:18.049 [JavaFX Application Thread] DEBUG PrimaryStageWindow   - FXGLStartupScene -> FXGLMainMenuDummyScene
00:44:18.049 [JavaFX Application Thread] DEBUG PrimaryStageWindow   - Push state: FXGLDefaultMenu
00:44:18.051 [JavaFX Application Thread] DEBUG Input                - Clearing active input actions
00:44:18.055 [JavaFX Application Thread] DEBUG GameApplicationServi - Removing overlay from FXGLMainMenuDummyScene and adding to FXGLDefaultMenu
00:44:18.055 [JavaFX Application Thread] DEBUG PrimaryStageWindow   - FXGLMainMenuDummyScene -> FXGLDefaultMenu
00:44:18.079 [JavaFX Application Thread] DEBUG FXGLApplication      - Registering font factories with UI factory
00:44:19.244 [JavaFX Application Thread] DEBUG Menu                 - fireNewGame()
00:44:19.244 [JavaFX Application Thread] DEBUG GameApplicationServi - Starting new game
00:44:19.245 [JavaFX Application Thread] DEBUG PrimaryStageWindow   - Pop state: FXGLDefaultMenu
00:44:19.245 [JavaFX Application Thread] DEBUG Input                - Clearing active input actions
00:44:19.245 [JavaFX Application Thread] DEBUG GameApplicationServi - Removing overlay from FXGLDefaultMenu and adding to FXGLMainMenuDummyScene
00:44:19.246 [JavaFX Application Thread] DEBUG PrimaryStageWindow   - FXGLMainMenuDummyScene <- FXGLDefaultMenu
00:44:19.246 [JavaFX Application Thread] DEBUG Input                - Clearing active input actions
00:44:19.248 [JavaFX Application Thread] DEBUG GameApplicationServi - Removing overlay from FXGLMainMenuDummyScene and adding to FXGLLoadingScene
00:44:19.248 [JavaFX Application Thread] DEBUG PrimaryStageWindow   - FXGLMainMenuDummyScene -> FXGLLoadingScene
00:44:19.248 [JavaFX Application Thread] DEBUG GameApplicationServi - Clearing previous game
00:44:19.248 [JavaFX Application Thread] DEBUG GameScene            - Clearing game scene
00:44:19.248 [JavaFX Application Thread] DEBUG GameWorld            - Clearing game world
00:44:19.248 [JavaFX Application Thread] DEBUG PhysicsWorld         - Clearing physics world
00:44:19.251 [FXGL Background Thread 2 ] DEBUG FXGLApplication      - Initializing game
00:44:19.253 [FXGL Background Thread 2 ] WARN  FXGLAssetLoaderServi - Asset "/assets/sounds/sounds/hit.wav" was not found!
00:44:19.253 [FXGL Background Thread 2 ] WARN  FXGLAssetLoaderServi - Failed to load SOUND
00:44:19.253 [FXGL Background Thread 2 ] WARN  FXGLAssetLoaderServi - Asset "/assets/sounds/sounds/miss.wav" was not found!
00:44:19.253 [FXGL Background Thread 2 ] WARN  FXGLAssetLoaderServi - Failed to load SOUND
00:44:19.281 [FXGL Background Thread 2 ] WARN  TMXLevelLoader       - TiledMap generated from 1.11.0. Supported version: 1.9.0. Some features may not be parsed fully.
00:44:19.283 [FXGL Background Thread 2 ] DEBUG TMXLevelLoader       - Parsed TiledMap: file:/Users/ajaxestela/IdeaProjects/GitSomeSleep/Capstonee/target/classes/assets/levels/tmx/test.tmx
00:44:19.284 [FXGL Background Thread 2 ] DEBUG TMXLevelLoader       - Creating tile layer entities
00:44:19.284 [FXGL Background Thread 2 ] DEBUG TilesetLoader        - Loading view for layer Tile Layer 1
00:44:19.285 [FXGL Background Thread 2 ] DEBUG TilesetLoader        - Created buffer with size 320.0x320.0
00:44:19.287 [FXGL Background Thread 2 ] DEBUG TMXLevelLoader       - Creating object layer entities
00:44:19.291 [FXGL Background Thread 2 ] DEBUG GameWorld            - Clearing removable entities
00:44:19.291 [FXGL Background Thread 2 ] DEBUG GameWorld            - Setting level: com.almasb.fxgl.entity.level.Level@7b22c5ab
00:44:19.295 [FXGL Background Thread 2 ] WARN  FXGLAssetLoaderServi - Asset "/assets/textures/player.png" was not found!
00:44:19.295 [FXGL Background Thread 2 ] WARN  FXGLAssetLoaderServi - Failed to load IMAGE
00:44:19.300 [FXGL Background Thread 2 ] DEBUG FXGLAssetLoaderServi - Loading from file system: file:/Users/ajaxestela/IdeaProjects/GitSomeSleep/Capstonee/target/classes/assets/textures/background/bruh.jpg
00:44:19.314 [FXGL Background Thread 2 ] INFO  FXGLApplication      - Game initialization took: 0.063 sec
00:44:19.314 [JavaFX Application Thread] DEBUG Input                - Clearing active input actions
00:44:19.316 [JavaFX Application Thread] DEBUG GameApplicationServi - Removing overlay from FXGLLoadingScene and adding to GameScene
00:44:19.316 [JavaFX Application Thread] DEBUG PrimaryStageWindow   - FXGLLoadingScene -> GameScene
00:44:21.011 [FXGL Background Thread 3 ] DEBUG Engine               - Logging environment variables
00:44:21.012 [FXGL Background Thread 3 ] DEBUG Engine               - achievements: []
00:44:21.012 [FXGL Background Thread 3 ] DEBUG Engine               - actualHeight: 720.0
00:44:21.012 [FXGL Background Thread 3 ] DEBUG Engine               - actualHeightProperty: ReadOnlyDoubleProperty [value: 720.0]
00:44:21.012 [FXGL Background Thread 3 ] DEBUG Engine               - actualWidth: 1280.0
00:44:21.012 [FXGL Background Thread 3 ] DEBUG Engine               - actualWidthProperty: ReadOnlyDoubleProperty [value: 1280.0]
00:44:21.012 [FXGL Background Thread 3 ] DEBUG Engine               - appIcon: fxgl_icon.png
00:44:21.013 [FXGL Background Thread 3 ] DEBUG Engine               - applicationMode: DEVELOPER
00:44:21.013 [FXGL Background Thread 3 ] DEBUG Engine               - cSSList: [fxgl_dark.css]
00:44:21.013 [FXGL Background Thread 3 ] DEBUG Engine               - collisionDetectionStrategy: BRUTE_FORCE
00:44:21.013 [FXGL Background Thread 3 ] DEBUG Engine               - configClass: Optional.empty
00:44:21.013 [FXGL Background Thread 3 ] DEBUG Engine               - credits: []
00:44:21.013 [FXGL Background Thread 3 ] DEBUG Engine               - defaultCursor: CursorInfo(imageName=fxgl_default_cursor.png, hotspotX=7.0, hotspotY=6.0)
00:44:21.013 [FXGL Background Thread 3 ] DEBUG Engine               - devBBoxColorProperty: ObjectProperty [value: 0xff0000ff]
00:44:21.013 [FXGL Background Thread 3 ] DEBUG Engine               - devEnableDebugCameraProperty: BooleanProperty [value: false]
00:44:21.013 [FXGL Background Thread 3 ] DEBUG Engine               - devSensorColorProperty: ObjectProperty [value: 0xffff00ff]
00:44:21.013 [FXGL Background Thread 3 ] DEBUG Engine               - devShowBBoxProperty: BooleanProperty [value: false]
00:44:21.014 [FXGL Background Thread 3 ] DEBUG Engine               - devShowPositionProperty: BooleanProperty [value: false]
00:44:21.014 [FXGL Background Thread 3 ] DEBUG Engine               - enabledMenuItems: []
00:44:21.014 [FXGL Background Thread 3 ] DEBUG Engine               - engineServices: [class com.almasb.fxgl.app.services.FXGLAssetLoaderService, class com.almasb.fxgl.app.FXGLApplication$GameApplicationService, class com.almasb.fxgl.app.services.FXGLDialogService, class com.almasb.fxgl.app.services.IOTaskExecutorService, class com.almasb.fxgl.io.FileSystemService, class com.almasb.fxgl.localization.LocalizationService, class com.almasb.fxgl.app.services.SystemBundleService, class com.almasb.fxgl.profile.SaveLoadService, class com.almasb.fxgl.ui.FXGLUIFactoryServiceProvider, class com.almasb.fxgl.ui.FXGLDialogFactoryServiceProvider, class com.almasb.fxgl.audio.AudioPlayer, class com.almasb.fxgl.notification.impl.NotificationServiceProvider, class com.almasb.fxgl.achievement.AchievementService, class com.almasb.fxgl.cutscene.CutsceneService, class com.almasb.fxgl.minigames.MiniGameService, class com.almasb.fxgl.net.NetService, class com.almasb.fxgl.app.services.UpdaterService, class com.almasb.fxgl.dev.DevService]
00:44:21.014 [FXGL Background Thread 3 ] DEBUG Engine               - fontGame: Abel-Regular.ttf
00:44:21.014 [FXGL Background Thread 3 ] DEBUG Engine               - fontMono: TerminalLandMono-Regular.otf
00:44:21.014 [FXGL Background Thread 3 ] DEBUG Engine               - fontSizeScaleUI: 1.0
00:44:21.014 [FXGL Background Thread 3 ] DEBUG Engine               - fontText: Courier-Prime.ttf
00:44:21.014 [FXGL Background Thread 3 ] DEBUG Engine               - fontUI: VarelaRound-Regular.ttf
00:44:21.014 [FXGL Background Thread 3 ] DEBUG Engine               - fullScreen: BooleanProperty [value: false]
00:44:21.014 [FXGL Background Thread 3 ] DEBUG Engine               - gameDifficulty: MEDIUM
00:44:21.014 [FXGL Background Thread 3 ] DEBUG Engine               - gameDifficultyProperty: ObjectProperty [value: MEDIUM]
00:44:21.014 [FXGL Background Thread 3 ] DEBUG Engine               - globalMusicVolume: 0.5
00:44:21.014 [FXGL Background Thread 3 ] DEBUG Engine               - globalMusicVolumeProperty: DoubleProperty [value: 0.5]
00:44:21.014 [FXGL Background Thread 3 ] DEBUG Engine               - globalSoundVolume: 0.5
00:44:21.014 [FXGL Background Thread 3 ] DEBUG Engine               - globalSoundVolumeProperty: DoubleProperty [value: 0.5]
00:44:21.014 [FXGL Background Thread 3 ] DEBUG Engine               - height: 720
00:44:21.014 [FXGL Background Thread 3 ] DEBUG Engine               - is3D: false
00:44:21.014 [FXGL Background Thread 3 ] DEBUG Engine               - isAndroid: false
00:44:21.014 [FXGL Background Thread 3 ] DEBUG Engine               - isBrowser: false
00:44:21.015 [FXGL Background Thread 3 ] DEBUG Engine               - isClickFeedbackEnabled: false
00:44:21.015 [FXGL Background Thread 3 ] DEBUG Engine               - isCloseConfirmation: false
00:44:21.015 [FXGL Background Thread 3 ] DEBUG Engine               - isDesktop: true
00:44:21.015 [FXGL Background Thread 3 ] DEBUG Engine               - isDeveloperMenuEnabled: false
00:44:21.015 [FXGL Background Thread 3 ] DEBUG Engine               - isEmbedded: false
00:44:21.015 [FXGL Background Thread 3 ] DEBUG Engine               - isEntityPreloadEnabled: true
00:44:21.015 [FXGL Background Thread 3 ] DEBUG Engine               - isExperimentalTiledLargeMap: false
00:44:21.015 [FXGL Background Thread 3 ] DEBUG Engine               - isFileSystemWriteAllowed: true
00:44:21.015 [FXGL Background Thread 3 ] DEBUG Engine               - isFullScreenAllowed: false
00:44:21.015 [FXGL Background Thread 3 ] DEBUG Engine               - isFullScreenFromStart: false
00:44:21.015 [FXGL Background Thread 3 ] DEBUG Engine               - isGameMenuEnabled: true
00:44:21.015 [FXGL Background Thread 3 ] DEBUG Engine               - isIOS: false
00:44:21.015 [FXGL Background Thread 3 ] DEBUG Engine               - isIntroEnabled: false
00:44:21.015 [FXGL Background Thread 3 ] DEBUG Engine               - isLinux: false
00:44:21.015 [FXGL Background Thread 3 ] DEBUG Engine               - isMac: true
00:44:21.015 [FXGL Background Thread 3 ] DEBUG Engine               - isMainMenuEnabled: true
00:44:21.015 [FXGL Background Thread 3 ] DEBUG Engine               - isManualResizeEnabled: false
00:44:21.015 [FXGL Background Thread 3 ] DEBUG Engine               - isMobile: false
00:44:21.015 [FXGL Background Thread 3 ] DEBUG Engine               - isNative: false
00:44:21.015 [FXGL Background Thread 3 ] DEBUG Engine               - isPauseMusicWhenMinimized: true
00:44:21.015 [FXGL Background Thread 3 ] DEBUG Engine               - isPreserveResizeRatio: false
00:44:21.015 [FXGL Background Thread 3 ] DEBUG Engine               - isProfilingEnabled: false
00:44:21.015 [FXGL Background Thread 3 ] DEBUG Engine               - isScaleAffectedOnResize: true
00:44:21.015 [FXGL Background Thread 3 ] DEBUG Engine               - isSingleStep: false
00:44:21.016 [FXGL Background Thread 3 ] DEBUG Engine               - isUserProfileEnabled: false
00:44:21.016 [FXGL Background Thread 3 ] DEBUG Engine               - isWindows: false
00:44:21.016 [FXGL Background Thread 3 ] DEBUG Engine               - language: ObjectProperty [value: ENGLISH]
00:44:21.016 [FXGL Background Thread 3 ] DEBUG Engine               - menuKey: ESCAPE
00:44:21.016 [FXGL Background Thread 3 ] DEBUG Engine               - mouseSensitivity: 0.2
00:44:21.016 [FXGL Background Thread 3 ] DEBUG Engine               - notificationViewClass: class com.almasb.fxgl.notification.view.XboxNotificationView
00:44:21.016 [FXGL Background Thread 3 ] DEBUG Engine               - pixelsPerMeter: 50.0
00:44:21.016 [FXGL Background Thread 3 ] DEBUG Engine               - platform: MAC
00:44:21.016 [FXGL Background Thread 3 ] DEBUG Engine               - prefHeightProperty: ReadOnlyDoubleProperty [value: 720.0]
00:44:21.016 [FXGL Background Thread 3 ] DEBUG Engine               - prefWidthProperty: ReadOnlyDoubleProperty [value: 1280.0]
00:44:21.016 [FXGL Background Thread 3 ] DEBUG Engine               - profileDir: profiles/
00:44:21.016 [FXGL Background Thread 3 ] DEBUG Engine               - profileName: StringProperty [value: DEFAULT]
00:44:21.016 [FXGL Background Thread 3 ] DEBUG Engine               - randomSeed: -1
00:44:21.016 [FXGL Background Thread 3 ] DEBUG Engine               - runtimeInfo: RuntimeInfo(platform=MAC, version=21.1, build=27.03.2024 07.52)
00:44:21.016 [FXGL Background Thread 3 ] DEBUG Engine               - saveFileExt: sav
00:44:21.017 [FXGL Background Thread 3 ] DEBUG Engine               - scaledHeightProp$fxgl: DoubleProperty [bound, value: 720.0]
00:44:21.017 [FXGL Background Thread 3 ] DEBUG Engine               - scaledWidthProp$fxgl: DoubleProperty [bound, value: 1280.0]
00:44:21.017 [FXGL Background Thread 3 ] DEBUG Engine               - sceneFactory: com.almasb.fxgl.app.scene.SceneFactory@5b22bcc2
00:44:21.017 [FXGL Background Thread 3 ] DEBUG Engine               - secondsIn24h: 60
00:44:21.017 [FXGL Background Thread 3 ] DEBUG Engine               - soundMenuBack: menu/back.wav
00:44:21.017 [FXGL Background Thread 3 ] DEBUG Engine               - soundMenuPress: menu/press.wav
00:44:21.017 [FXGL Background Thread 3 ] DEBUG Engine               - soundMenuSelect: menu/select.wav
00:44:21.017 [FXGL Background Thread 3 ] DEBUG Engine               - soundNotification: core/notification.wav
00:44:21.017 [FXGL Background Thread 3 ] DEBUG Engine               - stageStyle: DECORATED
00:44:21.017 [FXGL Background Thread 3 ] DEBUG Engine               - supportedLanguages: [ENGLISH, FRENCH, GERMAN, HUNGARIAN, RUSSIAN]
00:44:21.017 [FXGL Background Thread 3 ] DEBUG Engine               - ticksPerSecond: -1
00:44:21.017 [FXGL Background Thread 3 ] DEBUG Engine               - title: Platformer with Rhythm
00:44:21.017 [FXGL Background Thread 3 ] DEBUG Engine               - urlGithub: https://github.com/AlmasB/FXGL
00:44:21.017 [FXGL Background Thread 3 ] DEBUG Engine               - urlLeaderboard: http://fxgl-top.herokuapp.com/
00:44:21.017 [FXGL Background Thread 3 ] DEBUG Engine               - urlPOM: https://raw.githubusercontent.com/AlmasB/FXGL/release/README.md
00:44:21.017 [FXGL Background Thread 3 ] DEBUG Engine               - userAppClass: class org.example.capstonee.GameApp
00:44:21.017 [FXGL Background Thread 3 ] DEBUG Engine               - version: 0.2
00:44:21.017 [FXGL Background Thread 3 ] DEBUG Engine               - versionCheckDays: 7
00:44:21.017 [FXGL Background Thread 3 ] DEBUG Engine               - width: 1280
00:44:21.017 [FXGL Background Thread 3 ] DEBUG Engine               - Logging services
00:44:21.017 [FXGL Background Thread 3 ] DEBUG Engine               - class com.almasb.fxgl.app.services.FXGLAssetLoaderService
00:44:21.017 [FXGL Background Thread 3 ] DEBUG Engine               - class com.almasb.fxgl.app.FXGLApplication$GameApplicationService
00:44:21.017 [FXGL Background Thread 3 ] DEBUG Engine               - class com.almasb.fxgl.app.services.FXGLDialogService
00:44:21.017 [FXGL Background Thread 3 ] DEBUG Engine               - class com.almasb.fxgl.app.services.IOTaskExecutorService
00:44:21.017 [FXGL Background Thread 3 ] DEBUG Engine               - class com.almasb.fxgl.io.FileSystemService
00:44:21.017 [FXGL Background Thread 3 ] DEBUG Engine               - class com.almasb.fxgl.localization.LocalizationService
00:44:21.017 [FXGL Background Thread 3 ] DEBUG Engine               - class com.almasb.fxgl.app.services.SystemBundleService
00:44:21.017 [FXGL Background Thread 3 ] DEBUG Engine               - class com.almasb.fxgl.profile.SaveLoadService
00:44:21.017 [FXGL Background Thread 3 ] DEBUG Engine               - class com.almasb.fxgl.ui.FXGLUIFactoryServiceProvider
00:44:21.017 [FXGL Background Thread 3 ] DEBUG Engine               - class com.almasb.fxgl.ui.FXGLDialogFactoryServiceProvider
00:44:21.017 [FXGL Background Thread 3 ] DEBUG Engine               - class com.almasb.fxgl.audio.AudioPlayer
00:44:21.017 [FXGL Background Thread 3 ] DEBUG Engine               - class com.almasb.fxgl.notification.impl.NotificationServiceProvider
00:44:21.018 [FXGL Background Thread 3 ] DEBUG Engine               - class com.almasb.fxgl.achievement.AchievementService
00:44:21.018 [FXGL Background Thread 3 ] DEBUG Engine               - class com.almasb.fxgl.cutscene.CutsceneService
00:44:21.018 [FXGL Background Thread 3 ] DEBUG Engine               - class com.almasb.fxgl.minigames.MiniGameService
00:44:21.018 [FXGL Background Thread 3 ] DEBUG Engine               - class com.almasb.fxgl.net.NetService
00:44:21.018 [FXGL Background Thread 3 ] DEBUG Engine               - class com.almasb.fxgl.app.services.UpdaterService
00:44:21.018 [FXGL Background Thread 3 ] DEBUG Engine               - class com.almasb.fxgl.dev.DevService
00:44:21.852 [JavaFX Application Thread] DEBUG FXGLAssetLoaderServi - Loading from file system: file:/Users/ajaxestela/IdeaProjects/GitSomeSleep/Capstonee/target/classes/assets/text/gameCutscene_sample1.txt
00:44:21.859 [JavaFX Application Thread] DEBUG Input                - Registered new binding: Next RPG Line - Enter
00:44:21.860 [JavaFX Application Thread] WARN  FXGLAssetLoaderServi - Asset "/assets/textures/bruh.png" was not found!
00:44:21.860 [JavaFX Application Thread] WARN  FXGLAssetLoaderServi - Failed to load IMAGE
00:44:21.860 [JavaFX Application Thread] DEBUG PrimaryStageWindow   - Push state: CutsceneScene
00:44:21.861 [JavaFX Application Thread] DEBUG Input                - Clearing active input actions
00:44:21.861 [JavaFX Application Thread] DEBUG GameApplicationServi - Removing overlay from GameScene and adding to CutsceneScene
00:44:21.862 [JavaFX Application Thread] DEBUG PrimaryStageWindow   - GameScene -> CutsceneScene
00:44:22.669 [JavaFX Application Thread] DEBUG FXGLAssetLoaderServi - Loading from file system: file:/Users/ajaxestela/IdeaProjects/GitSomeSleep/Capstonee/target/classes/assets/textures/tuntunsahur.png
00:44:23.583 [JavaFX Application Thread] DEBUG PrimaryStageWindow   - Pop state: CutsceneScene
00:44:23.583 [JavaFX Application Thread] DEBUG Input                - Clearing active input actions
00:44:23.584 [JavaFX Application Thread] DEBUG GameApplicationServi - Removing overlay from CutsceneScene and adding to GameScene
00:44:23.585 [JavaFX Application Thread] DEBUG PrimaryStageWindow   - GameScene <- CutsceneScene
00:44:23.603 [JavaFX Application Thread] DEBUG FXGLAssetLoaderServi - Loading from file system: file:/Users/ajaxestela/IdeaProjects/GitSomeSleep/Capstonee/target/classes/assets/textures/background/pixelatedliyue.png
00:44:23.641 [JavaFX Application Thread] DEBUG FXGLAssetLoaderServi - Loading from file system: file:/Users/ajaxestela/IdeaProjects/GitSomeSleep/Capstonee/target/classes/assets/music/songs/desperato.wav
00:44:23.916 [JavaFX Application Thread] DEBUG FXGLAssetLoaderServi - Loading from file system: file:/Users/ajaxestela/IdeaProjects/GitSomeSleep/Capstonee/target/classes/assets/textures/notes/hilichurlhitmarker.png
00:44:25.462 [JavaFX Application Thread] DEBUG AudioPlayer          - Playing music com.almasb.fxgl.audio.Music@b7bc080
00:44:35.317 [JavaFX Application Thread] DEBUG AudioPlayer          - Stopping music com.almasb.fxgl.audio.Music@b7bc080
00:44:52.846 [JavaFX Application Thread] DEBUG FXGLApplication      - Exiting FXGL
00:44:52.847 [JavaFX Application Thread] DEBUG LoopRunner           - Stopping loop
00:44:52.847 [JavaFX Application Thread] DEBUG SystemBundleService  - Saving FXGL system data
00:44:52.853 [JavaFX Application Thread] DEBUG FileSystemAccess     - Writing to: /Users/ajaxestela/IdeaProjects/GitSomeSleep/Capstonee/system/fxgl.bundle
00:44:52.857 [JavaFX Application Thread] DEBUG Async                - Shutting down background threads
00:44:52.857 [JavaFX Application Thread] DEBUG PrimaryStageWindow   - Closing main window
00:44:52.869 [JavaFX Application Thread] DEBUG Logger               - Closing Logger
