04:51:23.948 [main                     ] DEBUG Logger               - Configured Logger
04:51:23.959 [main                     ] DEBUG GameApplication      - Logging settings
Title: Platformer with Rhythm
Version: 0.2
Width: 1280
Height: 720
Fullscreen: false
Intro: false
Profiling: false
Single step:false
App Mode: DEVELOPER
Menu Key: ESCAPE
Stage Style: DECORATED
Scene Factory: class org.example.capstonee.Menu.MenuSceneFactory

04:51:24.284 [JavaFX Application Thread] DEBUG FXGLApplication      - Initializing FXGL
04:51:24.286 [JavaFX Application Thread] INFO  Engine               - FXGL-21.1 (27.03.2024 07.52) on MAC (J:22.0.2 FX:22.0.1)
04:51:24.286 [JavaFX Application Thread] DEBUG Engine               - JRE Vendor Name: Oracle Corporation
04:51:24.286 [JavaFX Application Thread] DEBUG Engine               - Running on OS: Mac OS X version 15.3.2
04:51:24.286 [JavaFX Application Thread] DEBUG Engine               - Architecture: aarch64
04:51:24.286 [JavaFX Application Thread] INFO  Engine               - Source code and latest versions at: https://github.com/AlmasB/FXGL
04:51:24.286 [JavaFX Application Thread] INFO  Engine               -       Ask questions and discuss at: https://github.com/AlmasB/FXGL/discussions
04:51:24.286 [JavaFX Application Thread] INFO  Engine               -              Join the FXGL chat at: https://gitter.im/AlmasB/FXGL
04:51:24.319 [JavaFX Application Thread] DEBUG PrimaryStageWindow   - Creating a JavaFX scene
04:51:24.338 [JavaFX Application Thread] DEBUG PrimaryStageWindow   - Target settings size: 1280.0 x 720.0
04:51:24.338 [JavaFX Application Thread] DEBUG PrimaryStageWindow   - Scaled scene size:    1280.0 x 720.0
04:51:24.338 [JavaFX Application Thread] DEBUG PrimaryStageWindow   - Scaled ratio: (1.0, 1.0)
04:51:24.338 [JavaFX Application Thread] DEBUG PrimaryStageWindow   - Set initial scene to FXGLStartupScene
04:51:24.339 [JavaFX Application Thread] DEBUG PrimaryStageWindow   - Opening main window
04:51:24.409 [JavaFX Application Thread] DEBUG PrimaryStageWindow   - Window border size: (0.0, 28.0)
04:51:24.409 [JavaFX Application Thread] DEBUG PrimaryStageWindow   - Scaled size: 1280.0 x 720.0
04:51:24.409 [JavaFX Application Thread] DEBUG PrimaryStageWindow   - Scaled ratio: (1.0, 1.0)
04:51:24.409 [JavaFX Application Thread] DEBUG PrimaryStageWindow   - Scene size: 1280.0 x 720.0
04:51:24.409 [JavaFX Application Thread] DEBUG PrimaryStageWindow   - Stage size: 1280.0 x 748.0
04:51:24.413 [FXGL Background Thread 1 ] DEBUG Engine               - Initializing environment variables
04:51:24.441 [FXGL Background Thread 1 ] DEBUG FXGLAssetLoaderServi - User app class for loading assets: class org.example.capstonee.GameApp
04:51:24.442 [FXGL Background Thread 1 ] DEBUG GameApplicationServi - Applying CSS: fxgl_dark.css
04:51:24.442 [FXGL Background Thread 1 ] DEBUG FXGLAssetLoaderServi - Loading from file system: jar:file:///Users/ajaxestela/.m2/repository/com/github/almasb/fxgl/21.1/fxgl-21.1.jar!/fxglassets/ui/css/fxgl_dark.css
04:51:24.473 [FXGL Background Thread 1 ] DEBUG GameApplicationServi - Initializing application scenes
04:51:24.531 [FXGL Background Thread 1 ] DEBUG GameWorld            - Game world initialized
04:51:24.554 [FXGL Background Thread 1 ] DEBUG PhysicsWorld         - Physics world initialized: appHeight=720, physics.ppm=50.0
04:51:24.554 [FXGL Background Thread 1 ] DEBUG PhysicsWorld         - Using strategy: BRUTE_FORCE
04:51:24.556 [FXGL Background Thread 1 ] DEBUG GameScene            - Game scene initialized: 1280x720
04:51:24.568 [FXGL Background Thread 1 ] DEBUG FXGLAssetLoaderServi - Loading from file system: file:/Users/ajaxestela/IdeaProjects/GitSomeSleep/Capstonee/target/classes/assets/textures/background/nearest4.png
04:51:24.590 [FXGL Background Thread 1 ] DEBUG FXGLAssetLoaderServi - Loading from file system: file:/Users/ajaxestela/IdeaProjects/GitSomeSleep/Capstonee/target/classes/assets/textures/background/nearest3.png
04:51:24.605 [FXGL Background Thread 1 ] DEBUG FXGLAssetLoaderServi - Loading from file system: file:/Users/ajaxestela/IdeaProjects/GitSomeSleep/Capstonee/target/classes/assets/textures/background/nearest2.png
04:51:24.610 [FXGL Background Thread 1 ] DEBUG FXGLAssetLoaderServi - Loading from file system: file:/Users/ajaxestela/IdeaProjects/GitSomeSleep/Capstonee/target/classes/assets/textures/background/%20nearest1.png
04:51:24.628 [FXGL Background Thread 1 ] DEBUG FXGL.DefaultMenu     - createMenuBodyGameMenu()
04:51:24.639 [FXGL Background Thread 1 ] DEBUG FXGL.DefaultMenu     - createOptionsMenu()
04:51:24.645 [FXGL Background Thread 1 ] DEBUG FXGLAssetLoaderServi - Loading from file system: jar:file:///Users/ajaxestela/.m2/repository/com/github/almasb/fxgl/21.1/fxgl-21.1.jar!/fxglassets/textures/particles/smoke.png
04:51:24.712 [FXGL Background Thread 1 ] DEBUG FXGLAssetLoaderServi - Loading from file system: jar:file:///Users/ajaxestela/.m2/repository/com/github/almasb/fxgl/21.1/fxgl-21.1.jar!/fxglassets/textures/particles/trace_horizontal.png
04:51:24.732 [FXGL Background Thread 1 ] DEBUG GameApplicationServi - Application scenes initialized
04:51:24.747 [FXGL Background Thread 1 ] DEBUG SystemBundleService  - Loading FXGL system data
04:51:24.750 [FXGL Background Thread 1 ] DEBUG FileSystemAccess     - Reading from: /Users/ajaxestela/IdeaProjects/GitSomeSleep/Capstonee/system/fxgl.bundle
04:51:24.755 [FXGL Background Thread 1 ] DEBUG SystemBundleService  - Bundle FXGL: {}
04:51:24.755 [FXGL Background Thread 1 ] DEBUG UpdaterService       - Checking for updates
04:51:24.759 [FXGL Background Thread 4 ] DEBUG FXGLApplication      - Loading fonts
04:51:24.760 [FXGL Background Thread 4 ] DEBUG FXGLAssetLoaderServi - Loading from file system: jar:file:///Users/ajaxestela/.m2/repository/com/github/almasb/fxgl/21.1/fxgl-21.1.jar!/fxglassets/ui/fonts/VarelaRound-Regular.ttf
04:51:24.760 [FXGL Background Thread 1 ] DEBUG FXGLApplication      - Loading default localization
04:51:24.763 [FXGL Background Thread 1 ] DEBUG FXGLAssetLoaderServi - Loading from file system: jar:file:///Users/ajaxestela/.m2/repository/com/github/almasb/fxgl/21.1/fxgl-21.1.jar!/fxglassets/languages/english.lang
04:51:24.847 [FXGL Background Thread 4 ] DEBUG FXGLAssetLoaderServi - Loading from file system: jar:file:///Users/ajaxestela/.m2/repository/com/github/almasb/fxgl/21.1/fxgl-21.1.jar!/fxglassets/ui/fonts/Abel-Regular.ttf
04:51:24.881 [FXGL Background Thread 4 ] DEBUG FXGLAssetLoaderServi - Loading from file system: jar:file:///Users/ajaxestela/.m2/repository/com/github/almasb/fxgl/21.1/fxgl-21.1.jar!/fxglassets/ui/fonts/TerminalLandMono-Regular.otf
04:51:24.881 [FXGL Background Thread 1 ] INFO  FXGLApplication      - FXGL initialization took: 0.468 sec
04:51:24.889 [FXGL Background Thread 4 ] DEBUG FXGLAssetLoaderServi - Loading from file system: jar:file:///Users/ajaxestela/.m2/repository/com/github/almasb/fxgl/21.1/fxgl-21.1.jar!/fxglassets/ui/fonts/Courier-Prime.ttf
04:51:24.891 [JavaFX Application Thread] DEBUG Input                - Registered new binding: Left - A
04:51:24.891 [JavaFX Application Thread] DEBUG Input                - Registered new binding: Right - D
04:51:24.891 [JavaFX Application Thread] DEBUG Input                - Registered new binding: Jump - W
04:51:24.891 [JavaFX Application Thread] DEBUG Input                - Registered new binding: Interact / Confirm - E
04:51:24.891 [JavaFX Application Thread] DEBUG Input                - Registered new binding: RhythmLane0 - H
04:51:24.891 [JavaFX Application Thread] DEBUG Input                - Registered new binding: RhythmLane1 - J
04:51:24.892 [JavaFX Application Thread] DEBUG Input                - Registered new binding: RhythmLane2 - K
04:51:24.892 [JavaFX Application Thread] DEBUG Input                - Registered new binding: RhythmLane3 - L
04:51:24.892 [JavaFX Application Thread] DEBUG Input                - Registered new binding: RhythmStart - Space
04:51:24.892 [JavaFX Application Thread] DEBUG FXGLAssetLoaderServi - Loading from file system: jar:file:///Users/ajaxestela/.m2/repository/com/github/almasb/fxgl/21.1/fxgl-21.1.jar!/fxglassets/textures/fxgl_icon.png
04:51:24.910 [JavaFX Application Thread] DEBUG FXGLAssetLoaderServi - Loading from file system: jar:file:///Users/ajaxestela/.m2/repository/com/github/almasb/fxgl/21.1/fxgl-21.1.jar!/fxglassets/textures/fxgl_default_cursor.png
04:51:24.911 [JavaFX Application Thread] DEBUG Input                - Registered new binding: Screenshot - CTRL+8
04:51:24.912 [JavaFX Application Thread] DEBUG Input                - Registered new binding: System info dump - CTRL+9
04:51:24.912 [JavaFX Application Thread] DEBUG Input                - Registered new binding: Restart - CTRL+R
04:51:24.912 [JavaFX Application Thread] DEBUG Input                - Registered new binding: Toggle Debug Camera - CTRL+7
04:51:24.914 [JavaFX Application Thread] DEBUG LoopRunner           - Starting loop
04:51:24.914 [JavaFX Application Thread] DEBUG LoopRunner           - Initializing JavaFX AnimationTimerLoop
04:51:24.915 [JavaFX Application Thread] DEBUG Input                - Clearing active input actions
04:51:24.918 [JavaFX Application Thread] DEBUG GameApplicationServi - Removing overlay from FXGLStartupScene and adding to FXGLMainMenuDummyScene
04:51:24.918 [JavaFX Application Thread] DEBUG PrimaryStageWindow   - FXGLStartupScene -> FXGLMainMenuDummyScene
04:51:24.918 [JavaFX Application Thread] DEBUG PrimaryStageWindow   - Push state: MainMenu
04:51:24.919 [JavaFX Application Thread] DEBUG Input                - Clearing active input actions
04:51:24.926 [JavaFX Application Thread] DEBUG GameApplicationServi - Removing overlay from FXGLMainMenuDummyScene and adding to MainMenu
04:51:24.926 [JavaFX Application Thread] DEBUG PrimaryStageWindow   - FXGLMainMenuDummyScene -> MainMenu
04:51:24.959 [JavaFX Application Thread] DEBUG FXGLApplication      - Registering font factories with UI factory
04:51:27.760 [FXGL Background Thread 3 ] DEBUG Engine               - Logging environment variables
04:51:27.763 [FXGL Background Thread 3 ] DEBUG Engine               - achievements: []
04:51:27.763 [FXGL Background Thread 3 ] DEBUG Engine               - actualHeight: 720.0
04:51:27.764 [FXGL Background Thread 3 ] DEBUG Engine               - actualHeightProperty: ReadOnlyDoubleProperty [value: 720.0]
04:51:27.764 [FXGL Background Thread 3 ] DEBUG Engine               - actualWidth: 1280.0
04:51:27.764 [FXGL Background Thread 3 ] DEBUG Engine               - actualWidthProperty: ReadOnlyDoubleProperty [value: 1280.0]
04:51:27.764 [FXGL Background Thread 3 ] DEBUG Engine               - appIcon: fxgl_icon.png
04:51:27.764 [FXGL Background Thread 3 ] DEBUG Engine               - applicationMode: DEVELOPER
04:51:27.764 [FXGL Background Thread 3 ] DEBUG Engine               - cSSList: [fxgl_dark.css]
04:51:27.764 [FXGL Background Thread 3 ] DEBUG Engine               - collisionDetectionStrategy: BRUTE_FORCE
04:51:27.764 [FXGL Background Thread 3 ] DEBUG Engine               - configClass: Optional.empty
04:51:27.765 [FXGL Background Thread 3 ] DEBUG Engine               - credits: []
04:51:27.766 [FXGL Background Thread 3 ] DEBUG Engine               - defaultCursor: CursorInfo(imageName=fxgl_default_cursor.png, hotspotX=7.0, hotspotY=6.0)
04:51:27.767 [FXGL Background Thread 3 ] DEBUG Engine               - devBBoxColorProperty: ObjectProperty [value: 0xff0000ff]
04:51:27.767 [FXGL Background Thread 3 ] DEBUG Engine               - devEnableDebugCameraProperty: BooleanProperty [value: false]
04:51:27.767 [FXGL Background Thread 3 ] DEBUG Engine               - devSensorColorProperty: ObjectProperty [value: 0xffff00ff]
04:51:27.767 [FXGL Background Thread 3 ] DEBUG Engine               - devShowBBoxProperty: BooleanProperty [value: false]
04:51:27.767 [FXGL Background Thread 3 ] DEBUG Engine               - devShowPositionProperty: BooleanProperty [value: false]
04:51:27.767 [FXGL Background Thread 3 ] DEBUG Engine               - enabledMenuItems: []
04:51:27.767 [FXGL Background Thread 3 ] DEBUG Engine               - engineServices: [class com.almasb.fxgl.app.services.FXGLAssetLoaderService, class com.almasb.fxgl.app.FXGLApplication$GameApplicationService, class com.almasb.fxgl.app.services.FXGLDialogService, class com.almasb.fxgl.app.services.IOTaskExecutorService, class com.almasb.fxgl.io.FileSystemService, class com.almasb.fxgl.localization.LocalizationService, class com.almasb.fxgl.app.services.SystemBundleService, class com.almasb.fxgl.profile.SaveLoadService, class com.almasb.fxgl.ui.FXGLUIFactoryServiceProvider, class com.almasb.fxgl.ui.FXGLDialogFactoryServiceProvider, class com.almasb.fxgl.audio.AudioPlayer, class com.almasb.fxgl.notification.impl.NotificationServiceProvider, class com.almasb.fxgl.achievement.AchievementService, class com.almasb.fxgl.cutscene.CutsceneService, class com.almasb.fxgl.minigames.MiniGameService, class com.almasb.fxgl.net.NetService, class com.almasb.fxgl.app.services.UpdaterService, class com.almasb.fxgl.dev.DevService]
04:51:27.767 [FXGL Background Thread 3 ] DEBUG Engine               - fontGame: Abel-Regular.ttf
04:51:27.767 [FXGL Background Thread 3 ] DEBUG Engine               - fontMono: TerminalLandMono-Regular.otf
04:51:27.767 [FXGL Background Thread 3 ] DEBUG Engine               - fontSizeScaleUI: 1.0
04:51:27.768 [FXGL Background Thread 3 ] DEBUG Engine               - fontText: Courier-Prime.ttf
04:51:27.768 [FXGL Background Thread 3 ] DEBUG Engine               - fontUI: VarelaRound-Regular.ttf
04:51:27.768 [FXGL Background Thread 3 ] DEBUG Engine               - fullScreen: BooleanProperty [value: false]
04:51:27.768 [FXGL Background Thread 3 ] DEBUG Engine               - gameDifficulty: MEDIUM
04:51:27.768 [FXGL Background Thread 3 ] DEBUG Engine               - gameDifficultyProperty: ObjectProperty [value: MEDIUM]
04:51:27.768 [FXGL Background Thread 3 ] DEBUG Engine               - globalMusicVolume: 0.5
04:51:27.768 [FXGL Background Thread 3 ] DEBUG Engine               - globalMusicVolumeProperty: DoubleProperty [value: 0.5]
04:51:27.768 [FXGL Background Thread 3 ] DEBUG Engine               - globalSoundVolume: 0.5
04:51:27.768 [FXGL Background Thread 3 ] DEBUG Engine               - globalSoundVolumeProperty: DoubleProperty [value: 0.5]
04:51:27.768 [FXGL Background Thread 3 ] DEBUG Engine               - height: 720
04:51:27.768 [FXGL Background Thread 3 ] DEBUG Engine               - is3D: false
04:51:27.768 [FXGL Background Thread 3 ] DEBUG Engine               - isAndroid: false
04:51:27.768 [FXGL Background Thread 3 ] DEBUG Engine               - isBrowser: false
04:51:27.768 [FXGL Background Thread 3 ] DEBUG Engine               - isClickFeedbackEnabled: false
04:51:27.769 [FXGL Background Thread 3 ] DEBUG Engine               - isCloseConfirmation: false
04:51:27.769 [FXGL Background Thread 3 ] DEBUG Engine               - isDesktop: true
04:51:27.769 [FXGL Background Thread 3 ] DEBUG Engine               - isDeveloperMenuEnabled: false
04:51:27.769 [FXGL Background Thread 3 ] DEBUG Engine               - isEmbedded: false
04:51:27.769 [FXGL Background Thread 3 ] DEBUG Engine               - isEntityPreloadEnabled: true
04:51:27.769 [FXGL Background Thread 3 ] DEBUG Engine               - isExperimentalTiledLargeMap: false
04:51:27.769 [FXGL Background Thread 3 ] DEBUG Engine               - isFileSystemWriteAllowed: true
04:51:27.769 [FXGL Background Thread 3 ] DEBUG Engine               - isFullScreenAllowed: false
04:51:27.769 [FXGL Background Thread 3 ] DEBUG Engine               - isFullScreenFromStart: false
04:51:27.769 [FXGL Background Thread 3 ] DEBUG Engine               - isGameMenuEnabled: true
04:51:27.769 [FXGL Background Thread 3 ] DEBUG Engine               - isIOS: false
04:51:27.770 [FXGL Background Thread 3 ] DEBUG Engine               - isIntroEnabled: false
04:51:27.770 [FXGL Background Thread 3 ] DEBUG Engine               - isLinux: false
04:51:27.770 [FXGL Background Thread 3 ] DEBUG Engine               - isMac: true
04:51:27.770 [FXGL Background Thread 3 ] DEBUG Engine               - isMainMenuEnabled: true
04:51:27.770 [FXGL Background Thread 3 ] DEBUG Engine               - isManualResizeEnabled: false
04:51:27.770 [FXGL Background Thread 3 ] DEBUG Engine               - isMobile: false
04:51:27.770 [FXGL Background Thread 3 ] DEBUG Engine               - isNative: false
04:51:27.770 [FXGL Background Thread 3 ] DEBUG Engine               - isPauseMusicWhenMinimized: true
04:51:27.770 [FXGL Background Thread 3 ] DEBUG Engine               - isPreserveResizeRatio: false
04:51:27.770 [FXGL Background Thread 3 ] DEBUG Engine               - isProfilingEnabled: false
04:51:27.770 [FXGL Background Thread 3 ] DEBUG Engine               - isScaleAffectedOnResize: true
04:51:27.770 [FXGL Background Thread 3 ] DEBUG Engine               - isSingleStep: false
04:51:27.770 [FXGL Background Thread 3 ] DEBUG Engine               - isUserProfileEnabled: false
04:51:27.770 [FXGL Background Thread 3 ] DEBUG Engine               - isWindows: false
04:51:27.770 [FXGL Background Thread 3 ] DEBUG Engine               - language: ObjectProperty [value: ENGLISH]
04:51:27.770 [FXGL Background Thread 3 ] DEBUG Engine               - menuKey: ESCAPE
04:51:27.770 [FXGL Background Thread 3 ] DEBUG Engine               - mouseSensitivity: 0.2
04:51:27.770 [FXGL Background Thread 3 ] DEBUG Engine               - notificationViewClass: class com.almasb.fxgl.notification.view.XboxNotificationView
04:51:27.771 [FXGL Background Thread 3 ] DEBUG Engine               - pixelsPerMeter: 50.0
04:51:27.771 [FXGL Background Thread 3 ] DEBUG Engine               - platform: MAC
04:51:27.771 [FXGL Background Thread 3 ] DEBUG Engine               - prefHeightProperty: ReadOnlyDoubleProperty [value: 720.0]
04:51:27.771 [FXGL Background Thread 3 ] DEBUG Engine               - prefWidthProperty: ReadOnlyDoubleProperty [value: 1280.0]
04:51:27.771 [FXGL Background Thread 3 ] DEBUG Engine               - profileDir: profiles/
04:51:27.771 [FXGL Background Thread 3 ] DEBUG Engine               - profileName: StringProperty [value: DEFAULT]
04:51:27.771 [FXGL Background Thread 3 ] DEBUG Engine               - randomSeed: -1
04:51:27.771 [FXGL Background Thread 3 ] DEBUG Engine               - runtimeInfo: RuntimeInfo(platform=MAC, version=21.1, build=27.03.2024 07.52)
04:51:27.771 [FXGL Background Thread 3 ] DEBUG Engine               - saveFileExt: sav
04:51:27.772 [FXGL Background Thread 3 ] DEBUG Engine               - scaledHeightProp$fxgl: DoubleProperty [bound, value: 720.0]
04:51:27.772 [FXGL Background Thread 3 ] DEBUG Engine               - scaledWidthProp$fxgl: DoubleProperty [bound, value: 1280.0]
04:51:27.772 [FXGL Background Thread 3 ] DEBUG Engine               - sceneFactory: org.example.capstonee.Menu.MenuSceneFactory@69e2f072
04:51:27.772 [FXGL Background Thread 3 ] DEBUG Engine               - secondsIn24h: 60
04:51:27.772 [FXGL Background Thread 3 ] DEBUG Engine               - soundMenuBack: menu/back.wav
04:51:27.772 [FXGL Background Thread 3 ] DEBUG Engine               - soundMenuPress: menu/press.wav
04:51:27.772 [FXGL Background Thread 3 ] DEBUG Engine               - soundMenuSelect: menu/select.wav
04:51:27.772 [FXGL Background Thread 3 ] DEBUG Engine               - soundNotification: core/notification.wav
04:51:27.772 [FXGL Background Thread 3 ] DEBUG Engine               - stageStyle: DECORATED
04:51:27.772 [FXGL Background Thread 3 ] DEBUG Engine               - supportedLanguages: [ENGLISH, FRENCH, GERMAN, HUNGARIAN, RUSSIAN]
04:51:27.772 [FXGL Background Thread 3 ] DEBUG Engine               - ticksPerSecond: -1
04:51:27.772 [FXGL Background Thread 3 ] DEBUG Engine               - title: Platformer with Rhythm
04:51:27.772 [FXGL Background Thread 3 ] DEBUG Engine               - urlGithub: https://github.com/AlmasB/FXGL
04:51:27.772 [FXGL Background Thread 3 ] DEBUG Engine               - urlLeaderboard: http://fxgl-top.herokuapp.com/
04:51:27.772 [FXGL Background Thread 3 ] DEBUG Engine               - urlPOM: https://raw.githubusercontent.com/AlmasB/FXGL/release/README.md
04:51:27.772 [FXGL Background Thread 3 ] DEBUG Engine               - userAppClass: class org.example.capstonee.GameApp
04:51:27.773 [FXGL Background Thread 3 ] DEBUG Engine               - version: 0.2
04:51:27.773 [FXGL Background Thread 3 ] DEBUG Engine               - versionCheckDays: 7
04:51:27.773 [FXGL Background Thread 3 ] DEBUG Engine               - width: 1280
04:51:27.773 [FXGL Background Thread 3 ] DEBUG Engine               - Logging services
04:51:27.773 [FXGL Background Thread 3 ] DEBUG Engine               - class com.almasb.fxgl.app.services.FXGLAssetLoaderService
04:51:27.773 [FXGL Background Thread 3 ] DEBUG Engine               - class com.almasb.fxgl.app.FXGLApplication$GameApplicationService
04:51:27.773 [FXGL Background Thread 3 ] DEBUG Engine               - class com.almasb.fxgl.app.services.FXGLDialogService
04:51:27.773 [FXGL Background Thread 3 ] DEBUG Engine               - class com.almasb.fxgl.app.services.IOTaskExecutorService
04:51:27.773 [FXGL Background Thread 3 ] DEBUG Engine               - class com.almasb.fxgl.io.FileSystemService
04:51:27.773 [FXGL Background Thread 3 ] DEBUG Engine               - class com.almasb.fxgl.localization.LocalizationService
04:51:27.773 [FXGL Background Thread 3 ] DEBUG Engine               - class com.almasb.fxgl.app.services.SystemBundleService
04:51:27.773 [FXGL Background Thread 3 ] DEBUG Engine               - class com.almasb.fxgl.profile.SaveLoadService
04:51:27.773 [FXGL Background Thread 3 ] DEBUG Engine               - class com.almasb.fxgl.ui.FXGLUIFactoryServiceProvider
04:51:27.773 [FXGL Background Thread 3 ] DEBUG Engine               - class com.almasb.fxgl.ui.FXGLDialogFactoryServiceProvider
04:51:27.773 [FXGL Background Thread 3 ] DEBUG Engine               - class com.almasb.fxgl.audio.AudioPlayer
04:51:27.773 [FXGL Background Thread 3 ] DEBUG Engine               - class com.almasb.fxgl.notification.impl.NotificationServiceProvider
04:51:27.773 [FXGL Background Thread 3 ] DEBUG Engine               - class com.almasb.fxgl.achievement.AchievementService
04:51:27.773 [FXGL Background Thread 3 ] DEBUG Engine               - class com.almasb.fxgl.cutscene.CutsceneService
04:51:27.773 [FXGL Background Thread 3 ] DEBUG Engine               - class com.almasb.fxgl.minigames.MiniGameService
04:51:27.773 [FXGL Background Thread 3 ] DEBUG Engine               - class com.almasb.fxgl.net.NetService
04:51:27.773 [FXGL Background Thread 3 ] DEBUG Engine               - class com.almasb.fxgl.app.services.UpdaterService
04:51:27.774 [FXGL Background Thread 3 ] DEBUG Engine               - class com.almasb.fxgl.dev.DevService
04:51:32.550 [JavaFX Application Thread] DEBUG FXGLApplication      - Exiting FXGL
04:51:32.550 [JavaFX Application Thread] DEBUG LoopRunner           - Stopping loop
04:51:32.550 [JavaFX Application Thread] DEBUG SystemBundleService  - Saving FXGL system data
04:51:32.553 [JavaFX Application Thread] DEBUG FileSystemAccess     - Writing to: /Users/ajaxestela/IdeaProjects/GitSomeSleep/Capstonee/system/fxgl.bundle
04:51:32.555 [JavaFX Application Thread] DEBUG Async                - Shutting down background threads
04:51:32.555 [JavaFX Application Thread] DEBUG PrimaryStageWindow   - Closing main window
04:51:32.592 [JavaFX Application Thread] DEBUG Logger               - Closing Logger
