09:52:40.746 [main                     ] DEBUG Logger               - Configured Logger
09:52:40.761 [main                     ] DEBUG GameApplication      - Logging settings
Title: Platformer with Rhythm
Version: 0.2
Width: 1280
Height: 720
Fullscreen: false
Intro: false
Profiling: false
Single step:false
App Mode: DEVELOPER
Menu Key: ESCAPE
Stage Style: DECORATED
Scene Factory: class org.example.capstonee.Menu.MenuSceneFactory

09:52:41.664 [JavaFX Application Thread] DEBUG FXGLApplication      - Initializing FXGL
09:52:41.665 [JavaFX Application Thread] INFO  Engine               - FXGL-21.1 (27.03.2024 07.52) on MAC (J:22.0.2 FX:22.0.1)
09:52:41.666 [JavaFX Application Thread] DEBUG Engine               - JRE Vendor Name: Oracle Corporation
09:52:41.666 [JavaFX Application Thread] DEBUG Engine               - Running on OS: Mac OS X version 15.3.2
09:52:41.666 [JavaFX Application Thread] DEBUG Engine               - Architecture: aarch64
09:52:41.666 [JavaFX Application Thread] INFO  Engine               - Source code and latest versions at: https://github.com/AlmasB/FXGL
09:52:41.666 [JavaFX Application Thread] INFO  Engine               -       Ask questions and discuss at: https://github.com/AlmasB/FXGL/discussions
09:52:41.666 [JavaFX Application Thread] INFO  Engine               -              Join the FXGL chat at: https://gitter.im/AlmasB/FXGL
09:52:41.719 [JavaFX Application Thread] DEBUG PrimaryStageWindow   - Creating a JavaFX scene
09:52:41.741 [JavaFX Application Thread] DEBUG PrimaryStageWindow   - Target settings size: 1280.0 x 720.0
09:52:41.741 [JavaFX Application Thread] DEBUG PrimaryStageWindow   - Scaled scene size:    1280.0 x 720.0
09:52:41.741 [JavaFX Application Thread] DEBUG PrimaryStageWindow   - Scaled ratio: (1.0, 1.0)
09:52:41.742 [JavaFX Application Thread] DEBUG PrimaryStageWindow   - Set initial scene to FXGLStartupScene
09:52:41.743 [JavaFX Application Thread] DEBUG PrimaryStageWindow   - Opening main window
09:52:41.833 [JavaFX Application Thread] DEBUG PrimaryStageWindow   - Window border size: (0.0, 28.0)
09:52:41.833 [JavaFX Application Thread] DEBUG PrimaryStageWindow   - Scaled size: 1280.0 x 720.0
09:52:41.834 [JavaFX Application Thread] DEBUG PrimaryStageWindow   - Scaled ratio: (1.0, 1.0)
09:52:41.834 [JavaFX Application Thread] DEBUG PrimaryStageWindow   - Scene size: 1280.0 x 720.0
09:52:41.834 [JavaFX Application Thread] DEBUG PrimaryStageWindow   - Stage size: 1280.0 x 748.0
09:52:41.838 [FXGL Background Thread 1 ] DEBUG Engine               - Initializing environment variables
09:52:41.866 [FXGL Background Thread 1 ] DEBUG FXGLAssetLoaderServi - User app class for loading assets: class org.example.capstonee.GameApp
09:52:41.866 [FXGL Background Thread 1 ] DEBUG GameApplicationServi - Applying CSS: fxgl_dark.css
09:52:41.867 [FXGL Background Thread 1 ] DEBUG FXGLAssetLoaderServi - Loading from file system: jar:file:///Users/ajaxestela/.m2/repository/com/github/almasb/fxgl/21.1/fxgl-21.1.jar!/fxglassets/ui/css/fxgl_dark.css
09:52:41.889 [FXGL Background Thread 1 ] DEBUG GameApplicationServi - Initializing application scenes
09:52:42.053 [FXGL Background Thread 1 ] DEBUG GameWorld            - Game world initialized
09:52:42.154 [FXGL Background Thread 1 ] DEBUG PhysicsWorld         - Physics world initialized: appHeight=720, physics.ppm=50.0
09:52:42.155 [FXGL Background Thread 1 ] DEBUG PhysicsWorld         - Using strategy: BRUTE_FORCE
09:52:42.159 [FXGL Background Thread 1 ] DEBUG GameScene            - Game scene initialized: 1280x720
09:52:42.234 [FXGL Background Thread 1 ] DEBUG FXGLAssetLoaderServi - Loading from file system: file:/Users/ajaxestela/IdeaProjects/GitSomeSleep/Capstonee/target/classes/assets/textures/background/nearest4.png
09:52:42.335 [FXGL Background Thread 1 ] DEBUG FXGLAssetLoaderServi - Loading from file system: file:/Users/ajaxestela/IdeaProjects/GitSomeSleep/Capstonee/target/classes/assets/textures/background/nearest3.png
09:52:42.350 [FXGL Background Thread 1 ] DEBUG FXGLAssetLoaderServi - Loading from file system: file:/Users/ajaxestela/IdeaProjects/GitSomeSleep/Capstonee/target/classes/assets/textures/background/nearest2.png
09:52:42.357 [FXGL Background Thread 1 ] DEBUG FXGLAssetLoaderServi - Loading from file system: file:/Users/ajaxestela/IdeaProjects/GitSomeSleep/Capstonee/target/classes/assets/textures/background/%20nearest1.png
09:52:42.380 [FXGL Background Thread 1 ] DEBUG FXGL.DefaultMenu     - createMenuBodyGameMenu()
09:52:42.386 [FXGL Background Thread 1 ] DEBUG FXGL.DefaultMenu     - createOptionsMenu()
09:52:42.389 [FXGL Background Thread 1 ] DEBUG FXGLAssetLoaderServi - Loading from file system: jar:file:///Users/ajaxestela/.m2/repository/com/github/almasb/fxgl/21.1/fxgl-21.1.jar!/fxglassets/textures/particles/smoke.png
09:52:42.433 [FXGL Background Thread 1 ] DEBUG FXGLAssetLoaderServi - Loading from file system: jar:file:///Users/ajaxestela/.m2/repository/com/github/almasb/fxgl/21.1/fxgl-21.1.jar!/fxglassets/textures/particles/trace_horizontal.png
09:52:42.444 [FXGL Background Thread 1 ] DEBUG GameApplicationServi - Application scenes initialized
09:52:42.451 [FXGL Background Thread 1 ] DEBUG SystemBundleService  - Loading FXGL system data
09:52:42.454 [FXGL Background Thread 1 ] DEBUG FileSystemAccess     - Reading from: /Users/ajaxestela/IdeaProjects/GitSomeSleep/Capstonee/system/fxgl.bundle
09:52:42.461 [FXGL Background Thread 1 ] DEBUG SystemBundleService  - Bundle FXGL: {}
09:52:42.461 [FXGL Background Thread 1 ] DEBUG UpdaterService       - Checking for updates
09:52:42.464 [FXGL Background Thread 4 ] DEBUG FXGLApplication      - Loading fonts
09:52:42.465 [FXGL Background Thread 4 ] DEBUG FXGLAssetLoaderServi - Loading from file system: jar:file:///Users/ajaxestela/.m2/repository/com/github/almasb/fxgl/21.1/fxgl-21.1.jar!/fxglassets/ui/fonts/VarelaRound-Regular.ttf
09:52:42.466 [FXGL Background Thread 1 ] DEBUG FXGLApplication      - Loading default localization
09:52:42.466 [FXGL Background Thread 1 ] DEBUG FXGLAssetLoaderServi - Loading from file system: jar:file:///Users/ajaxestela/.m2/repository/com/github/almasb/fxgl/21.1/fxgl-21.1.jar!/fxglassets/languages/english.lang
09:52:42.477 [FXGL Background Thread 1 ] INFO  FXGLApplication      - FXGL initialization took: 0.640 sec
09:52:42.483 [JavaFX Application Thread] DEBUG Input                - Registered new binding: Left - A
09:52:42.483 [JavaFX Application Thread] DEBUG Input                - Registered new binding: Right - D
09:52:42.483 [JavaFX Application Thread] DEBUG Input                - Registered new binding: Jump - W
09:52:42.483 [JavaFX Application Thread] DEBUG Input                - Registered new binding: Interact / Confirm - E
09:52:42.483 [JavaFX Application Thread] DEBUG Input                - Registered new binding: RhythmLane0 - H
09:52:42.483 [JavaFX Application Thread] DEBUG Input                - Registered new binding: RhythmLane1 - J
09:52:42.483 [JavaFX Application Thread] DEBUG Input                - Registered new binding: RhythmLane2 - K
09:52:42.483 [JavaFX Application Thread] DEBUG Input                - Registered new binding: RhythmLane3 - L
09:52:42.483 [JavaFX Application Thread] DEBUG Input                - Registered new binding: RhythmStart - Space
09:52:42.483 [JavaFX Application Thread] DEBUG FXGLAssetLoaderServi - Loading from file system: jar:file:///Users/ajaxestela/.m2/repository/com/github/almasb/fxgl/21.1/fxgl-21.1.jar!/fxglassets/textures/fxgl_icon.png
09:52:42.502 [FXGL Background Thread 4 ] DEBUG FXGLAssetLoaderServi - Loading from file system: jar:file:///Users/ajaxestela/.m2/repository/com/github/almasb/fxgl/21.1/fxgl-21.1.jar!/fxglassets/ui/fonts/Abel-Regular.ttf
09:52:42.504 [FXGL Background Thread 4 ] DEBUG FXGLAssetLoaderServi - Loading from file system: jar:file:///Users/ajaxestela/.m2/repository/com/github/almasb/fxgl/21.1/fxgl-21.1.jar!/fxglassets/ui/fonts/TerminalLandMono-Regular.otf
09:52:42.508 [FXGL Background Thread 4 ] DEBUG FXGLAssetLoaderServi - Loading from file system: jar:file:///Users/ajaxestela/.m2/repository/com/github/almasb/fxgl/21.1/fxgl-21.1.jar!/fxglassets/ui/fonts/Courier-Prime.ttf
09:52:42.518 [JavaFX Application Thread] DEBUG FXGLAssetLoaderServi - Loading from file system: jar:file:///Users/ajaxestela/.m2/repository/com/github/almasb/fxgl/21.1/fxgl-21.1.jar!/fxglassets/textures/fxgl_default_cursor.png
09:52:42.519 [JavaFX Application Thread] DEBUG Input                - Registered new binding: Screenshot - CTRL+8
09:52:42.519 [JavaFX Application Thread] DEBUG Input                - Registered new binding: System info dump - CTRL+9
09:52:42.519 [JavaFX Application Thread] DEBUG Input                - Registered new binding: Restart - CTRL+R
09:52:42.519 [JavaFX Application Thread] DEBUG Input                - Registered new binding: Toggle Debug Camera - CTRL+7
09:52:42.520 [JavaFX Application Thread] DEBUG LoopRunner           - Starting loop
09:52:42.520 [JavaFX Application Thread] DEBUG LoopRunner           - Initializing JavaFX AnimationTimerLoop
09:52:42.521 [JavaFX Application Thread] DEBUG Input                - Clearing active input actions
09:52:42.524 [JavaFX Application Thread] DEBUG GameApplicationServi - Removing overlay from FXGLStartupScene and adding to FXGLMainMenuDummyScene
09:52:42.524 [JavaFX Application Thread] DEBUG PrimaryStageWindow   - FXGLStartupScene -> FXGLMainMenuDummyScene
09:52:42.524 [JavaFX Application Thread] DEBUG PrimaryStageWindow   - Push state: MainMenu
09:52:42.525 [JavaFX Application Thread] DEBUG Input                - Clearing active input actions
09:52:42.530 [JavaFX Application Thread] DEBUG GameApplicationServi - Removing overlay from FXGLMainMenuDummyScene and adding to MainMenu
09:52:42.530 [JavaFX Application Thread] DEBUG PrimaryStageWindow   - FXGLMainMenuDummyScene -> MainMenu
09:52:42.603 [JavaFX Application Thread] DEBUG FXGLApplication      - Registering font factories with UI factory
09:52:44.332 [JavaFX Application Thread] DEBUG PrimaryStageWindow   - Push state: DialogSubScene
09:52:44.332 [JavaFX Application Thread] DEBUG Input                - Clearing active input actions
09:52:44.334 [JavaFX Application Thread] DEBUG GameApplicationServi - Removing overlay from MainMenu and adding to DialogSubScene
09:52:44.335 [JavaFX Application Thread] DEBUG PrimaryStageWindow   - MainMenu -> DialogSubScene
09:52:45.466 [FXGL Background Thread 3 ] DEBUG Engine               - Logging environment variables
09:52:45.467 [FXGL Background Thread 3 ] DEBUG Engine               - achievements: []
09:52:45.467 [FXGL Background Thread 3 ] DEBUG Engine               - actualHeight: 720.0
09:52:45.467 [FXGL Background Thread 3 ] DEBUG Engine               - actualHeightProperty: ReadOnlyDoubleProperty [value: 720.0]
09:52:45.467 [FXGL Background Thread 3 ] DEBUG Engine               - actualWidth: 1280.0
09:52:45.467 [FXGL Background Thread 3 ] DEBUG Engine               - actualWidthProperty: ReadOnlyDoubleProperty [value: 1280.0]
09:52:45.467 [FXGL Background Thread 3 ] DEBUG Engine               - appIcon: fxgl_icon.png
09:52:45.467 [FXGL Background Thread 3 ] DEBUG Engine               - applicationMode: DEVELOPER
09:52:45.467 [FXGL Background Thread 3 ] DEBUG Engine               - cSSList: [fxgl_dark.css]
09:52:45.467 [FXGL Background Thread 3 ] DEBUG Engine               - collisionDetectionStrategy: BRUTE_FORCE
09:52:45.467 [FXGL Background Thread 3 ] DEBUG Engine               - configClass: Optional.empty
09:52:45.467 [FXGL Background Thread 3 ] DEBUG Engine               - credits: []
09:52:45.467 [FXGL Background Thread 3 ] DEBUG Engine               - defaultCursor: CursorInfo(imageName=fxgl_default_cursor.png, hotspotX=7.0, hotspotY=6.0)
09:52:45.467 [FXGL Background Thread 3 ] DEBUG Engine               - devBBoxColorProperty: ObjectProperty [value: 0xff0000ff]
09:52:45.467 [FXGL Background Thread 3 ] DEBUG Engine               - devEnableDebugCameraProperty: BooleanProperty [value: false]
09:52:45.467 [FXGL Background Thread 3 ] DEBUG Engine               - devSensorColorProperty: ObjectProperty [value: 0xffff00ff]
09:52:45.468 [FXGL Background Thread 3 ] DEBUG Engine               - devShowBBoxProperty: BooleanProperty [value: false]
09:52:45.468 [FXGL Background Thread 3 ] DEBUG Engine               - devShowPositionProperty: BooleanProperty [value: false]
09:52:45.468 [FXGL Background Thread 3 ] DEBUG Engine               - enabledMenuItems: []
09:52:45.468 [FXGL Background Thread 3 ] DEBUG Engine               - engineServices: [class com.almasb.fxgl.app.services.FXGLAssetLoaderService, class com.almasb.fxgl.app.FXGLApplication$GameApplicationService, class com.almasb.fxgl.app.services.FXGLDialogService, class com.almasb.fxgl.app.services.IOTaskExecutorService, class com.almasb.fxgl.io.FileSystemService, class com.almasb.fxgl.localization.LocalizationService, class com.almasb.fxgl.app.services.SystemBundleService, class com.almasb.fxgl.profile.SaveLoadService, class com.almasb.fxgl.ui.FXGLUIFactoryServiceProvider, class com.almasb.fxgl.ui.FXGLDialogFactoryServiceProvider, class com.almasb.fxgl.audio.AudioPlayer, class com.almasb.fxgl.notification.impl.NotificationServiceProvider, class com.almasb.fxgl.achievement.AchievementService, class com.almasb.fxgl.cutscene.CutsceneService, class com.almasb.fxgl.minigames.MiniGameService, class com.almasb.fxgl.net.NetService, class com.almasb.fxgl.app.services.UpdaterService, class com.almasb.fxgl.dev.DevService]
09:52:45.468 [FXGL Background Thread 3 ] DEBUG Engine               - fontGame: Abel-Regular.ttf
09:52:45.468 [FXGL Background Thread 3 ] DEBUG Engine               - fontMono: TerminalLandMono-Regular.otf
09:52:45.468 [FXGL Background Thread 3 ] DEBUG Engine               - fontSizeScaleUI: 1.0
09:52:45.468 [FXGL Background Thread 3 ] DEBUG Engine               - fontText: Courier-Prime.ttf
09:52:45.468 [FXGL Background Thread 3 ] DEBUG Engine               - fontUI: VarelaRound-Regular.ttf
09:52:45.468 [FXGL Background Thread 3 ] DEBUG Engine               - fullScreen: BooleanProperty [value: false]
09:52:45.468 [FXGL Background Thread 3 ] DEBUG Engine               - gameDifficulty: MEDIUM
09:52:45.468 [FXGL Background Thread 3 ] DEBUG Engine               - gameDifficultyProperty: ObjectProperty [value: MEDIUM]
09:52:45.468 [FXGL Background Thread 3 ] DEBUG Engine               - globalMusicVolume: 0.5
09:52:45.468 [FXGL Background Thread 3 ] DEBUG Engine               - globalMusicVolumeProperty: DoubleProperty [value: 0.5]
09:52:45.468 [FXGL Background Thread 3 ] DEBUG Engine               - globalSoundVolume: 0.5
09:52:45.468 [FXGL Background Thread 3 ] DEBUG Engine               - globalSoundVolumeProperty: DoubleProperty [value: 0.5]
09:52:45.468 [FXGL Background Thread 3 ] DEBUG Engine               - height: 720
09:52:45.468 [FXGL Background Thread 3 ] DEBUG Engine               - is3D: false
09:52:45.468 [FXGL Background Thread 3 ] DEBUG Engine               - isAndroid: false
09:52:45.468 [FXGL Background Thread 3 ] DEBUG Engine               - isBrowser: false
09:52:45.468 [FXGL Background Thread 3 ] DEBUG Engine               - isClickFeedbackEnabled: false
09:52:45.468 [FXGL Background Thread 3 ] DEBUG Engine               - isCloseConfirmation: false
09:52:45.468 [FXGL Background Thread 3 ] DEBUG Engine               - isDesktop: true
09:52:45.468 [FXGL Background Thread 3 ] DEBUG Engine               - isDeveloperMenuEnabled: false
09:52:45.468 [FXGL Background Thread 3 ] DEBUG Engine               - isEmbedded: false
09:52:45.468 [FXGL Background Thread 3 ] DEBUG Engine               - isEntityPreloadEnabled: true
09:52:45.468 [FXGL Background Thread 3 ] DEBUG Engine               - isExperimentalTiledLargeMap: false
09:52:45.468 [FXGL Background Thread 3 ] DEBUG Engine               - isFileSystemWriteAllowed: true
09:52:45.468 [FXGL Background Thread 3 ] DEBUG Engine               - isFullScreenAllowed: false
09:52:45.468 [FXGL Background Thread 3 ] DEBUG Engine               - isFullScreenFromStart: false
09:52:45.468 [FXGL Background Thread 3 ] DEBUG Engine               - isGameMenuEnabled: true
09:52:45.468 [FXGL Background Thread 3 ] DEBUG Engine               - isIOS: false
09:52:45.468 [FXGL Background Thread 3 ] DEBUG Engine               - isIntroEnabled: false
09:52:45.468 [FXGL Background Thread 3 ] DEBUG Engine               - isLinux: false
09:52:45.468 [FXGL Background Thread 3 ] DEBUG Engine               - isMac: true
09:52:45.468 [FXGL Background Thread 3 ] DEBUG Engine               - isMainMenuEnabled: true
09:52:45.468 [FXGL Background Thread 3 ] DEBUG Engine               - isManualResizeEnabled: false
09:52:45.468 [FXGL Background Thread 3 ] DEBUG Engine               - isMobile: false
09:52:45.469 [FXGL Background Thread 3 ] DEBUG Engine               - isNative: false
09:52:45.469 [FXGL Background Thread 3 ] DEBUG Engine               - isPauseMusicWhenMinimized: true
09:52:45.469 [FXGL Background Thread 3 ] DEBUG Engine               - isPreserveResizeRatio: false
09:52:45.469 [FXGL Background Thread 3 ] DEBUG Engine               - isProfilingEnabled: false
09:52:45.469 [FXGL Background Thread 3 ] DEBUG Engine               - isScaleAffectedOnResize: true
09:52:45.469 [FXGL Background Thread 3 ] DEBUG Engine               - isSingleStep: false
09:52:45.469 [FXGL Background Thread 3 ] DEBUG Engine               - isUserProfileEnabled: false
09:52:45.469 [FXGL Background Thread 3 ] DEBUG Engine               - isWindows: false
09:52:45.469 [FXGL Background Thread 3 ] DEBUG Engine               - language: ObjectProperty [value: ENGLISH]
09:52:45.469 [FXGL Background Thread 3 ] DEBUG Engine               - menuKey: ESCAPE
09:52:45.469 [FXGL Background Thread 3 ] DEBUG Engine               - mouseSensitivity: 0.2
09:52:45.469 [FXGL Background Thread 3 ] DEBUG Engine               - notificationViewClass: class com.almasb.fxgl.notification.view.XboxNotificationView
09:52:45.469 [FXGL Background Thread 3 ] DEBUG Engine               - pixelsPerMeter: 50.0
09:52:45.469 [FXGL Background Thread 3 ] DEBUG Engine               - platform: MAC
09:52:45.469 [FXGL Background Thread 3 ] DEBUG Engine               - prefHeightProperty: ReadOnlyDoubleProperty [value: 720.0]
09:52:45.469 [FXGL Background Thread 3 ] DEBUG Engine               - prefWidthProperty: ReadOnlyDoubleProperty [value: 1280.0]
09:52:45.469 [FXGL Background Thread 3 ] DEBUG Engine               - profileDir: profiles/
09:52:45.469 [FXGL Background Thread 3 ] DEBUG Engine               - profileName: StringProperty [value: DEFAULT]
09:52:45.469 [FXGL Background Thread 3 ] DEBUG Engine               - randomSeed: -1
09:52:45.469 [FXGL Background Thread 3 ] DEBUG Engine               - runtimeInfo: RuntimeInfo(platform=MAC, version=21.1, build=27.03.2024 07.52)
09:52:45.469 [FXGL Background Thread 3 ] DEBUG Engine               - saveFileExt: sav
09:52:45.469 [FXGL Background Thread 3 ] DEBUG Engine               - scaledHeightProp$fxgl: DoubleProperty [bound, value: 720.0]
09:52:45.469 [FXGL Background Thread 3 ] DEBUG Engine               - scaledWidthProp$fxgl: DoubleProperty [bound, value: 1280.0]
09:52:45.469 [FXGL Background Thread 3 ] DEBUG Engine               - sceneFactory: org.example.capstonee.Menu.MenuSceneFactory@3e75727a
09:52:45.469 [FXGL Background Thread 3 ] DEBUG Engine               - secondsIn24h: 60
09:52:45.469 [FXGL Background Thread 3 ] DEBUG Engine               - soundMenuBack: menu/back.wav
09:52:45.469 [FXGL Background Thread 3 ] DEBUG Engine               - soundMenuPress: menu/press.wav
09:52:45.469 [FXGL Background Thread 3 ] DEBUG Engine               - soundMenuSelect: menu/select.wav
09:52:45.469 [FXGL Background Thread 3 ] DEBUG Engine               - soundNotification: core/notification.wav
09:52:45.469 [FXGL Background Thread 3 ] DEBUG Engine               - stageStyle: DECORATED
09:52:45.469 [FXGL Background Thread 3 ] DEBUG Engine               - supportedLanguages: [ENGLISH, FRENCH, GERMAN, HUNGARIAN, RUSSIAN]
09:52:45.469 [FXGL Background Thread 3 ] DEBUG Engine               - ticksPerSecond: -1
09:52:45.470 [FXGL Background Thread 3 ] DEBUG Engine               - title: Platformer with Rhythm
09:52:45.470 [FXGL Background Thread 3 ] DEBUG Engine               - urlGithub: https://github.com/AlmasB/FXGL
09:52:45.470 [FXGL Background Thread 3 ] DEBUG Engine               - urlLeaderboard: http://fxgl-top.herokuapp.com/
09:52:45.470 [FXGL Background Thread 3 ] DEBUG Engine               - urlPOM: https://raw.githubusercontent.com/AlmasB/FXGL/release/README.md
09:52:45.470 [FXGL Background Thread 3 ] DEBUG Engine               - userAppClass: class org.example.capstonee.GameApp
09:52:45.470 [FXGL Background Thread 3 ] DEBUG Engine               - version: 0.2
09:52:45.470 [FXGL Background Thread 3 ] DEBUG Engine               - versionCheckDays: 7
09:52:45.470 [FXGL Background Thread 3 ] DEBUG Engine               - width: 1280
09:52:45.470 [FXGL Background Thread 3 ] DEBUG Engine               - Logging services
09:52:45.470 [FXGL Background Thread 3 ] DEBUG Engine               - class com.almasb.fxgl.app.services.FXGLAssetLoaderService
09:52:45.470 [FXGL Background Thread 3 ] DEBUG Engine               - class com.almasb.fxgl.app.FXGLApplication$GameApplicationService
09:52:45.470 [FXGL Background Thread 3 ] DEBUG Engine               - class com.almasb.fxgl.app.services.FXGLDialogService
09:52:45.470 [FXGL Background Thread 3 ] DEBUG Engine               - class com.almasb.fxgl.app.services.IOTaskExecutorService
09:52:45.470 [FXGL Background Thread 3 ] DEBUG Engine               - class com.almasb.fxgl.io.FileSystemService
09:52:45.470 [FXGL Background Thread 3 ] DEBUG Engine               - class com.almasb.fxgl.localization.LocalizationService
09:52:45.470 [FXGL Background Thread 3 ] DEBUG Engine               - class com.almasb.fxgl.app.services.SystemBundleService
09:52:45.470 [FXGL Background Thread 3 ] DEBUG Engine               - class com.almasb.fxgl.profile.SaveLoadService
09:52:45.470 [FXGL Background Thread 3 ] DEBUG Engine               - class com.almasb.fxgl.ui.FXGLUIFactoryServiceProvider
09:52:45.470 [FXGL Background Thread 3 ] DEBUG Engine               - class com.almasb.fxgl.ui.FXGLDialogFactoryServiceProvider
09:52:45.470 [FXGL Background Thread 3 ] DEBUG Engine               - class com.almasb.fxgl.audio.AudioPlayer
09:52:45.470 [FXGL Background Thread 3 ] DEBUG Engine               - class com.almasb.fxgl.notification.impl.NotificationServiceProvider
09:52:45.470 [FXGL Background Thread 3 ] DEBUG Engine               - class com.almasb.fxgl.achievement.AchievementService
09:52:45.470 [FXGL Background Thread 3 ] DEBUG Engine               - class com.almasb.fxgl.cutscene.CutsceneService
09:52:45.470 [FXGL Background Thread 3 ] DEBUG Engine               - class com.almasb.fxgl.minigames.MiniGameService
09:52:45.470 [FXGL Background Thread 3 ] DEBUG Engine               - class com.almasb.fxgl.net.NetService
09:52:45.470 [FXGL Background Thread 3 ] DEBUG Engine               - class com.almasb.fxgl.app.services.UpdaterService
09:52:45.470 [FXGL Background Thread 3 ] DEBUG Engine               - class com.almasb.fxgl.dev.DevService
09:52:48.775 [JavaFX Application Thread] DEBUG PrimaryStageWindow   - Pop state: DialogSubScene
09:52:48.775 [JavaFX Application Thread] DEBUG Input                - Clearing active input actions
09:52:48.776 [JavaFX Application Thread] DEBUG GameApplicationServi - Removing overlay from DialogSubScene and adding to MainMenu
09:52:48.776 [JavaFX Application Thread] DEBUG PrimaryStageWindow   - MainMenu <- DialogSubScene
09:52:49.992 [JavaFX Application Thread] DEBUG PrimaryStageWindow   - Push state: DialogSubScene
09:52:49.992 [JavaFX Application Thread] DEBUG Input                - Clearing active input actions
09:52:49.993 [JavaFX Application Thread] DEBUG GameApplicationServi - Removing overlay from MainMenu and adding to DialogSubScene
09:52:49.993 [JavaFX Application Thread] DEBUG PrimaryStageWindow   - MainMenu -> DialogSubScene
09:52:51.708 [JavaFX Application Thread] DEBUG PrimaryStageWindow   - Pop state: DialogSubScene
09:52:51.708 [JavaFX Application Thread] DEBUG Input                - Clearing active input actions
09:52:51.708 [JavaFX Application Thread] DEBUG GameApplicationServi - Removing overlay from DialogSubScene and adding to MainMenu
09:52:51.708 [JavaFX Application Thread] DEBUG PrimaryStageWindow   - MainMenu <- DialogSubScene
09:52:51.709 [JavaFX Application Thread] DEBUG PrimaryStageWindow   - Push state: DialogSubScene
09:52:51.709 [JavaFX Application Thread] DEBUG Input                - Clearing active input actions
09:52:51.709 [JavaFX Application Thread] DEBUG GameApplicationServi - Removing overlay from MainMenu and adding to DialogSubScene
09:52:51.709 [JavaFX Application Thread] DEBUG PrimaryStageWindow   - MainMenu -> DialogSubScene
09:52:58.841 [JavaFX Application Thread] DEBUG PrimaryStageWindow   - Pop state: DialogSubScene
09:52:58.842 [JavaFX Application Thread] DEBUG Input                - Clearing active input actions
09:52:58.843 [JavaFX Application Thread] DEBUG GameApplicationServi - Removing overlay from DialogSubScene and adding to MainMenu
09:52:58.844 [JavaFX Application Thread] DEBUG PrimaryStageWindow   - MainMenu <- DialogSubScene
09:52:58.845 [JavaFX Application Thread] DEBUG PrimaryStageWindow   - Push state: DialogSubScene
09:52:58.845 [JavaFX Application Thread] DEBUG Input                - Clearing active input actions
09:52:58.846 [JavaFX Application Thread] DEBUG GameApplicationServi - Removing overlay from MainMenu and adding to DialogSubScene
09:52:58.846 [JavaFX Application Thread] DEBUG PrimaryStageWindow   - MainMenu -> DialogSubScene
09:52:59.527 [JavaFX Application Thread] DEBUG PrimaryStageWindow   - Pop state: DialogSubScene
09:52:59.527 [JavaFX Application Thread] DEBUG Input                - Clearing active input actions
09:52:59.528 [JavaFX Application Thread] DEBUG GameApplicationServi - Removing overlay from DialogSubScene and adding to MainMenu
09:52:59.528 [JavaFX Application Thread] DEBUG PrimaryStageWindow   - MainMenu <- DialogSubScene
09:52:59.558 [JavaFX Application Thread] DEBUG PrimaryStageWindow   - Push state: DialogSubScene
09:52:59.558 [JavaFX Application Thread] DEBUG Input                - Clearing active input actions
09:52:59.559 [JavaFX Application Thread] DEBUG GameApplicationServi - Removing overlay from MainMenu and adding to DialogSubScene
09:52:59.559 [JavaFX Application Thread] DEBUG PrimaryStageWindow   - MainMenu -> DialogSubScene
09:53:05.110 [JavaFX Application Thread] DEBUG FXGLApplication      - Exiting FXGL
09:53:05.110 [JavaFX Application Thread] DEBUG LoopRunner           - Stopping loop
09:53:05.111 [JavaFX Application Thread] DEBUG SystemBundleService  - Saving FXGL system data
09:53:05.113 [JavaFX Application Thread] DEBUG FileSystemAccess     - Writing to: /Users/ajaxestela/IdeaProjects/GitSomeSleep/Capstonee/system/fxgl.bundle
09:53:05.115 [JavaFX Application Thread] DEBUG Async                - Shutting down background threads
09:53:05.115 [JavaFX Application Thread] DEBUG PrimaryStageWindow   - Closing main window
09:53:05.122 [JavaFX Application Thread] DEBUG Logger               - Closing Logger
