20:32:14.357 [main                     ] DEBUG Logger               - Configured Logger
20:32:14.368 [main                     ] DEBUG GameApplication      - Logging settings
Title: Rhythm Impact
Version: 1.0
Width: 1280
Height: 720
Fullscreen: false
Intro: false
Profiling: false
Single step:false
App Mode: DEVELOPER
Menu Key: ESCAPE
Stage Style: DECORATED
Scene Factory: class org.example.capstonee.Menu.MenuSceneFactory

20:32:15.170 [JavaFX Application Thread] DEBUG FXGLApplication      - Initializing FXGL
20:32:15.172 [JavaFX Application Thread] INFO  Engine               - FXGL-21.1 (27.03.2024 07.52) on MAC (J:22.0.2 FX:22.0.1)
20:32:15.172 [JavaFX Application Thread] DEBUG Engine               - JRE Vendor Name: Oracle Corporation
20:32:15.172 [JavaFX Application Thread] DEBUG Engine               - Running on OS: Mac OS X version 15.3.2
20:32:15.172 [JavaFX Application Thread] DEBUG Engine               - Architecture: aarch64
20:32:15.173 [JavaFX Application Thread] INFO  Engine               - Source code and latest versions at: https://github.com/AlmasB/FXGL
20:32:15.173 [JavaFX Application Thread] INFO  Engine               -       Ask questions and discuss at: https://github.com/AlmasB/FXGL/discussions
20:32:15.173 [JavaFX Application Thread] INFO  Engine               -              Join the FXGL chat at: https://gitter.im/AlmasB/FXGL
20:32:15.215 [JavaFX Application Thread] DEBUG PrimaryStageWindow   - Creating a JavaFX scene
20:32:15.233 [JavaFX Application Thread] DEBUG PrimaryStageWindow   - Target settings size: 1280.0 x 720.0
20:32:15.233 [JavaFX Application Thread] DEBUG PrimaryStageWindow   - Scaled scene size:    1280.0 x 720.0
20:32:15.234 [JavaFX Application Thread] DEBUG PrimaryStageWindow   - Scaled ratio: (1.0, 1.0)
20:32:15.234 [JavaFX Application Thread] DEBUG PrimaryStageWindow   - Set initial scene to FXGLStartupScene
20:32:15.235 [JavaFX Application Thread] DEBUG PrimaryStageWindow   - Opening main window
20:32:15.330 [JavaFX Application Thread] DEBUG PrimaryStageWindow   - Window border size: (0.0, 28.0)
20:32:15.331 [JavaFX Application Thread] DEBUG PrimaryStageWindow   - Scaled size: 1280.0 x 720.0
20:32:15.331 [JavaFX Application Thread] DEBUG PrimaryStageWindow   - Scaled ratio: (1.0, 1.0)
20:32:15.331 [JavaFX Application Thread] DEBUG PrimaryStageWindow   - Scene size: 1280.0 x 720.0
20:32:15.331 [JavaFX Application Thread] DEBUG PrimaryStageWindow   - Stage size: 1280.0 x 748.0
20:32:15.336 [FXGL Background Thread 1 ] DEBUG Engine               - Initializing environment variables
20:32:15.370 [FXGL Background Thread 1 ] DEBUG FXGLAssetLoaderServi - User app class for loading assets: class org.example.capstonee.GameApp
20:32:15.370 [FXGL Background Thread 1 ] DEBUG GameApplicationServi - Applying CSS: fxgl_dark.css
20:32:15.371 [FXGL Background Thread 1 ] DEBUG FXGLAssetLoaderServi - Loading from file system: jar:file:///Users/ajaxestela/.m2/repository/com/github/almasb/fxgl/21.1/fxgl-21.1.jar!/fxglassets/ui/css/fxgl_dark.css
20:32:15.401 [FXGL Background Thread 1 ] DEBUG GameApplicationServi - Initializing application scenes
20:32:15.587 [FXGL Background Thread 1 ] DEBUG GameWorld            - Game world initialized
20:32:15.616 [FXGL Background Thread 1 ] DEBUG PhysicsWorld         - Physics world initialized: appHeight=720, physics.ppm=50.0
20:32:15.617 [FXGL Background Thread 1 ] DEBUG PhysicsWorld         - Using strategy: BRUTE_FORCE
20:32:15.618 [FXGL Background Thread 1 ] DEBUG GameScene            - Game scene initialized: 1280x720
20:32:15.621 [FXGL Background Thread 1 ] WARN  FXGLAssetLoaderServi - Asset "/assets/music/music/menu_theme.wav" was not found!
20:32:15.621 [FXGL Background Thread 1 ] WARN  FXGLAssetLoaderServi - Failed to load MUSIC
20:32:15.624 [FXGL Background Thread 1 ] DEBUG FXGLAssetLoaderServi - Loading from file system: file:/Users/ajaxestela/IdeaProjects/GitSomeSleep/Capstonee/target/classes/assets/textures/background/nearest4.png
20:32:15.669 [FXGL Background Thread 1 ] DEBUG FXGLAssetLoaderServi - Loading from file system: file:/Users/ajaxestela/IdeaProjects/GitSomeSleep/Capstonee/target/classes/assets/textures/background/nearest3.png
20:32:15.778 [FXGL Background Thread 1 ] DEBUG FXGLAssetLoaderServi - Loading from file system: file:/Users/ajaxestela/IdeaProjects/GitSomeSleep/Capstonee/target/classes/assets/textures/background/nearest2.png
20:32:15.818 [FXGL Background Thread 1 ] DEBUG FXGLAssetLoaderServi - Loading from file system: file:/Users/ajaxestela/IdeaProjects/GitSomeSleep/Capstonee/target/classes/assets/textures/background/%20nearest1.png
20:32:15.854 [FXGL Background Thread 1 ] DEBUG GameApplicationServi - Application scenes initialized
20:32:15.870 [FXGL Background Thread 1 ] DEBUG SystemBundleService  - Loading FXGL system data
20:32:15.873 [FXGL Background Thread 1 ] DEBUG FileSystemAccess     - Reading from: /Users/ajaxestela/IdeaProjects/GitSomeSleep/Capstonee/system/fxgl.bundle
20:32:15.878 [FXGL Background Thread 1 ] DEBUG SystemBundleService  - Bundle FXGL: {}
20:32:15.878 [FXGL Background Thread 1 ] DEBUG UpdaterService       - Checking for updates
20:32:15.880 [FXGL Background Thread 4 ] DEBUG FXGLApplication      - Loading fonts
20:32:15.880 [FXGL Background Thread 4 ] DEBUG FXGLAssetLoaderServi - Loading from file system: jar:file:///Users/ajaxestela/.m2/repository/com/github/almasb/fxgl/21.1/fxgl-21.1.jar!/fxglassets/ui/fonts/VarelaRound-Regular.ttf
20:32:15.880 [FXGL Background Thread 1 ] DEBUG FXGLApplication      - Loading default localization
20:32:15.880 [FXGL Background Thread 1 ] DEBUG FXGLAssetLoaderServi - Loading from file system: jar:file:///Users/ajaxestela/.m2/repository/com/github/almasb/fxgl/21.1/fxgl-21.1.jar!/fxglassets/languages/english.lang
20:32:15.894 [FXGL Background Thread 1 ] INFO  FXGLApplication      - FXGL initialization took: 0.557 sec
20:32:15.899 [JavaFX Application Thread] DEBUG Input                - Registered new binding: RhythmLane0 - H
20:32:15.899 [JavaFX Application Thread] DEBUG Input                - Registered new binding: RhythmLane1 - J
20:32:15.899 [JavaFX Application Thread] DEBUG Input                - Registered new binding: RhythmLane2 - K
20:32:15.899 [JavaFX Application Thread] DEBUG Input                - Registered new binding: RhythmLane3 - L
20:32:15.899 [JavaFX Application Thread] DEBUG Input                - Registered new binding: RhythmStart - Space
20:32:15.899 [JavaFX Application Thread] DEBUG FXGLAssetLoaderServi - Loading from file system: jar:file:///Users/ajaxestela/.m2/repository/com/github/almasb/fxgl/21.1/fxgl-21.1.jar!/fxglassets/textures/fxgl_icon.png
20:32:15.906 [FXGL Background Thread 4 ] DEBUG FXGLAssetLoaderServi - Loading from file system: jar:file:///Users/ajaxestela/.m2/repository/com/github/almasb/fxgl/21.1/fxgl-21.1.jar!/fxglassets/ui/fonts/Abel-Regular.ttf
20:32:15.910 [FXGL Background Thread 4 ] DEBUG FXGLAssetLoaderServi - Loading from file system: jar:file:///Users/ajaxestela/.m2/repository/com/github/almasb/fxgl/21.1/fxgl-21.1.jar!/fxglassets/ui/fonts/TerminalLandMono-Regular.otf
20:32:15.919 [FXGL Background Thread 4 ] DEBUG FXGLAssetLoaderServi - Loading from file system: jar:file:///Users/ajaxestela/.m2/repository/com/github/almasb/fxgl/21.1/fxgl-21.1.jar!/fxglassets/ui/fonts/Courier-Prime.ttf
20:32:15.923 [JavaFX Application Thread] DEBUG FXGLAssetLoaderServi - Loading from file system: jar:file:///Users/ajaxestela/.m2/repository/com/github/almasb/fxgl/21.1/fxgl-21.1.jar!/fxglassets/textures/fxgl_default_cursor.png
20:32:15.924 [JavaFX Application Thread] DEBUG Input                - Registered new binding: Screenshot - CTRL+8
20:32:15.924 [JavaFX Application Thread] DEBUG Input                - Registered new binding: System info dump - CTRL+9
20:32:15.924 [JavaFX Application Thread] DEBUG Input                - Registered new binding: Restart - CTRL+R
20:32:15.924 [JavaFX Application Thread] DEBUG Input                - Registered new binding: Toggle Debug Camera - CTRL+7
20:32:15.925 [JavaFX Application Thread] DEBUG LoopRunner           - Starting loop
20:32:15.925 [JavaFX Application Thread] DEBUG LoopRunner           - Initializing JavaFX AnimationTimerLoop
20:32:15.926 [JavaFX Application Thread] DEBUG Input                - Clearing active input actions
20:32:15.929 [JavaFX Application Thread] DEBUG GameApplicationServi - Removing overlay from FXGLStartupScene and adding to FXGLMainMenuDummyScene
20:32:15.929 [JavaFX Application Thread] DEBUG PrimaryStageWindow   - FXGLStartupScene -> FXGLMainMenuDummyScene
20:32:15.929 [JavaFX Application Thread] DEBUG PrimaryStageWindow   - Push state: MainMenu
20:32:15.930 [JavaFX Application Thread] DEBUG Input                - Clearing active input actions
20:32:15.936 [JavaFX Application Thread] DEBUG GameApplicationServi - Removing overlay from FXGLMainMenuDummyScene and adding to MainMenu
20:32:15.936 [JavaFX Application Thread] DEBUG PrimaryStageWindow   - FXGLMainMenuDummyScene -> MainMenu
20:32:15.994 [JavaFX Application Thread] DEBUG FXGLApplication      - Registering font factories with UI factory
20:32:17.124 [JavaFX Application Thread] DEBUG PrimaryStageWindow   - Push state: DialogSubScene
20:32:17.124 [JavaFX Application Thread] DEBUG Input                - Clearing active input actions
20:32:17.125 [JavaFX Application Thread] DEBUG GameApplicationServi - Removing overlay from MainMenu and adding to DialogSubScene
20:32:17.125 [JavaFX Application Thread] DEBUG PrimaryStageWindow   - MainMenu -> DialogSubScene
20:32:17.838 [JavaFX Application Thread] DEBUG PrimaryStageWindow   - Pop state: DialogSubScene
20:32:17.838 [JavaFX Application Thread] DEBUG Input                - Clearing active input actions
20:32:17.838 [JavaFX Application Thread] DEBUG GameApplicationServi - Removing overlay from DialogSubScene and adding to MainMenu
20:32:17.839 [JavaFX Application Thread] DEBUG PrimaryStageWindow   - MainMenu <- DialogSubScene
20:32:17.840 [JavaFX Application Thread] DEBUG PrimaryStageWindow   - Push state: DialogSubScene
20:32:17.840 [JavaFX Application Thread] DEBUG Input                - Clearing active input actions
20:32:17.841 [JavaFX Application Thread] DEBUG GameApplicationServi - Removing overlay from MainMenu and adding to DialogSubScene
20:32:17.841 [JavaFX Application Thread] DEBUG PrimaryStageWindow   - MainMenu -> DialogSubScene
20:32:18.753 [JavaFX Application Thread] DEBUG PrimaryStageWindow   - Pop state: DialogSubScene
20:32:18.753 [JavaFX Application Thread] DEBUG Input                - Clearing active input actions
20:32:18.754 [JavaFX Application Thread] DEBUG GameApplicationServi - Removing overlay from DialogSubScene and adding to MainMenu
20:32:18.754 [JavaFX Application Thread] DEBUG PrimaryStageWindow   - MainMenu <- DialogSubScene
20:32:18.755 [JavaFX Application Thread] DEBUG AudioPlayer          - Stopping music com.almasb.fxgl.audio.Music@733f1283
20:32:18.755 [JavaFX Application Thread] DEBUG GameApplicationServi - Starting new game
20:32:18.755 [JavaFX Application Thread] DEBUG PrimaryStageWindow   - Pop state: MainMenu
20:32:18.755 [JavaFX Application Thread] DEBUG Input                - Clearing active input actions
20:32:18.755 [JavaFX Application Thread] DEBUG GameApplicationServi - Removing overlay from MainMenu and adding to FXGLMainMenuDummyScene
20:32:18.755 [JavaFX Application Thread] DEBUG PrimaryStageWindow   - FXGLMainMenuDummyScene <- MainMenu
20:32:18.755 [JavaFX Application Thread] DEBUG Input                - Clearing active input actions
20:32:18.759 [JavaFX Application Thread] DEBUG GameApplicationServi - Removing overlay from FXGLMainMenuDummyScene and adding to FXGLLoadingScene
20:32:18.759 [JavaFX Application Thread] DEBUG PrimaryStageWindow   - FXGLMainMenuDummyScene -> FXGLLoadingScene
20:32:18.759 [JavaFX Application Thread] DEBUG GameApplicationServi - Clearing previous game
20:32:18.759 [JavaFX Application Thread] DEBUG GameScene            - Clearing game scene
20:32:18.759 [JavaFX Application Thread] DEBUG GameWorld            - Clearing game world
20:32:18.759 [JavaFX Application Thread] DEBUG PhysicsWorld         - Clearing physics world
20:32:18.760 [FXGL Background Thread 2 ] DEBUG FXGLApplication      - Initializing game
20:32:18.763 [FXGL Background Thread 2 ] WARN  FXGLAssetLoaderServi - Asset "/assets/sounds/sounds/hit.wav" was not found!
20:32:18.763 [FXGL Background Thread 2 ] WARN  FXGLAssetLoaderServi - Failed to load SOUND
20:32:18.763 [FXGL Background Thread 2 ] WARN  FXGLAssetLoaderServi - Asset "/assets/sounds/sounds/miss.wav" was not found!
20:32:18.763 [FXGL Background Thread 2 ] WARN  FXGLAssetLoaderServi - Failed to load SOUND
20:32:18.772 [FXGL Background Thread 2 ] WARN  FXGLAssetLoaderServi - Asset "/assets/music/music/songs/zhongli.wav" was not found!
20:32:18.772 [FXGL Background Thread 2 ] WARN  FXGLAssetLoaderServi - Failed to load MUSIC
20:32:18.774 [FXGL Background Thread 2 ] INFO  FXGLApplication      - Game initialization took: 0.014 sec
20:32:18.776 [JavaFX Application Thread] DEBUG Input                - Clearing active input actions
20:32:18.778 [JavaFX Application Thread] DEBUG GameApplicationServi - Removing overlay from FXGLLoadingScene and adding to GameScene
20:32:18.779 [JavaFX Application Thread] DEBUG PrimaryStageWindow   - FXGLLoadingScene -> GameScene
20:32:18.875 [JavaFX Application Thread] DEBUG PrimaryStageWindow   - Push state: DialogSubScene
20:32:18.875 [JavaFX Application Thread] DEBUG Input                - Clearing active input actions
20:32:18.876 [JavaFX Application Thread] DEBUG GameApplicationServi - Removing overlay from GameScene and adding to DialogSubScene
20:32:18.876 [JavaFX Application Thread] DEBUG PrimaryStageWindow   - GameScene -> DialogSubScene
20:32:18.879 [FXGL Background Thread 3 ] DEBUG Engine               - Logging environment variables
20:32:18.880 [FXGL Background Thread 3 ] DEBUG Engine               - achievements: []
20:32:18.880 [FXGL Background Thread 3 ] DEBUG Engine               - actualHeight: 720.0
20:32:18.880 [FXGL Background Thread 3 ] DEBUG Engine               - actualHeightProperty: ReadOnlyDoubleProperty [value: 720.0]
20:32:18.880 [FXGL Background Thread 3 ] DEBUG Engine               - actualWidth: 1280.0
20:32:18.880 [FXGL Background Thread 3 ] DEBUG Engine               - actualWidthProperty: ReadOnlyDoubleProperty [value: 1280.0]
20:32:18.880 [FXGL Background Thread 3 ] DEBUG Engine               - appIcon: fxgl_icon.png
20:32:18.880 [FXGL Background Thread 3 ] DEBUG Engine               - applicationMode: DEVELOPER
20:32:18.880 [FXGL Background Thread 3 ] DEBUG Engine               - cSSList: [fxgl_dark.css]
20:32:18.880 [FXGL Background Thread 3 ] DEBUG Engine               - collisionDetectionStrategy: BRUTE_FORCE
20:32:18.880 [FXGL Background Thread 3 ] DEBUG Engine               - configClass: Optional.empty
20:32:18.880 [FXGL Background Thread 3 ] DEBUG Engine               - credits: []
20:32:18.881 [FXGL Background Thread 3 ] DEBUG Engine               - defaultCursor: CursorInfo(imageName=fxgl_default_cursor.png, hotspotX=7.0, hotspotY=6.0)
20:32:18.881 [FXGL Background Thread 3 ] DEBUG Engine               - devBBoxColorProperty: ObjectProperty [value: 0xff0000ff]
20:32:18.881 [FXGL Background Thread 3 ] DEBUG Engine               - devEnableDebugCameraProperty: BooleanProperty [value: false]
20:32:18.881 [FXGL Background Thread 3 ] DEBUG Engine               - devSensorColorProperty: ObjectProperty [value: 0xffff00ff]
20:32:18.882 [FXGL Background Thread 3 ] DEBUG Engine               - devShowBBoxProperty: BooleanProperty [value: false]
20:32:18.882 [FXGL Background Thread 3 ] DEBUG Engine               - devShowPositionProperty: BooleanProperty [value: false]
20:32:18.882 [FXGL Background Thread 3 ] DEBUG Engine               - enabledMenuItems: []
20:32:18.882 [FXGL Background Thread 3 ] DEBUG Engine               - engineServices: [class com.almasb.fxgl.app.services.FXGLAssetLoaderService, class com.almasb.fxgl.app.FXGLApplication$GameApplicationService, class com.almasb.fxgl.app.services.FXGLDialogService, class com.almasb.fxgl.app.services.IOTaskExecutorService, class com.almasb.fxgl.io.FileSystemService, class com.almasb.fxgl.localization.LocalizationService, class com.almasb.fxgl.app.services.SystemBundleService, class com.almasb.fxgl.profile.SaveLoadService, class com.almasb.fxgl.ui.FXGLUIFactoryServiceProvider, class com.almasb.fxgl.ui.FXGLDialogFactoryServiceProvider, class com.almasb.fxgl.audio.AudioPlayer, class com.almasb.fxgl.notification.impl.NotificationServiceProvider, class com.almasb.fxgl.achievement.AchievementService, class com.almasb.fxgl.cutscene.CutsceneService, class com.almasb.fxgl.minigames.MiniGameService, class com.almasb.fxgl.net.NetService, class com.almasb.fxgl.app.services.UpdaterService, class com.almasb.fxgl.dev.DevService]
20:32:18.882 [FXGL Background Thread 3 ] DEBUG Engine               - fontGame: Abel-Regular.ttf
20:32:18.882 [FXGL Background Thread 3 ] DEBUG Engine               - fontMono: TerminalLandMono-Regular.otf
20:32:18.882 [FXGL Background Thread 3 ] DEBUG Engine               - fontSizeScaleUI: 1.0
20:32:18.882 [FXGL Background Thread 3 ] DEBUG Engine               - fontText: Courier-Prime.ttf
20:32:18.882 [FXGL Background Thread 3 ] DEBUG Engine               - fontUI: VarelaRound-Regular.ttf
20:32:18.882 [FXGL Background Thread 3 ] DEBUG Engine               - fullScreen: BooleanProperty [value: false]
20:32:18.882 [FXGL Background Thread 3 ] DEBUG Engine               - gameDifficulty: MEDIUM
20:32:18.882 [FXGL Background Thread 3 ] DEBUG Engine               - gameDifficultyProperty: ObjectProperty [value: MEDIUM]
20:32:18.882 [FXGL Background Thread 3 ] DEBUG Engine               - globalMusicVolume: 0.5
20:32:18.882 [FXGL Background Thread 3 ] DEBUG Engine               - globalMusicVolumeProperty: DoubleProperty [bound, value: 0.5]
20:32:18.882 [FXGL Background Thread 3 ] DEBUG Engine               - globalSoundVolume: 0.5
20:32:18.882 [FXGL Background Thread 3 ] DEBUG Engine               - globalSoundVolumeProperty: DoubleProperty [bound, value: 0.5]
20:32:18.882 [FXGL Background Thread 3 ] DEBUG Engine               - height: 720
20:32:18.882 [FXGL Background Thread 3 ] DEBUG Engine               - is3D: false
20:32:18.882 [FXGL Background Thread 3 ] DEBUG Engine               - isAndroid: false
20:32:18.882 [FXGL Background Thread 3 ] DEBUG Engine               - isBrowser: false
20:32:18.882 [FXGL Background Thread 3 ] DEBUG Engine               - isClickFeedbackEnabled: false
20:32:18.882 [FXGL Background Thread 3 ] DEBUG Engine               - isCloseConfirmation: false
20:32:18.882 [FXGL Background Thread 3 ] DEBUG Engine               - isDesktop: true
20:32:18.882 [FXGL Background Thread 3 ] DEBUG Engine               - isDeveloperMenuEnabled: false
20:32:18.882 [FXGL Background Thread 3 ] DEBUG Engine               - isEmbedded: false
20:32:18.882 [FXGL Background Thread 3 ] DEBUG Engine               - isEntityPreloadEnabled: true
20:32:18.882 [FXGL Background Thread 3 ] DEBUG Engine               - isExperimentalTiledLargeMap: false
20:32:18.882 [FXGL Background Thread 3 ] DEBUG Engine               - isFileSystemWriteAllowed: true
20:32:18.882 [FXGL Background Thread 3 ] DEBUG Engine               - isFullScreenAllowed: false
20:32:18.882 [FXGL Background Thread 3 ] DEBUG Engine               - isFullScreenFromStart: false
20:32:18.882 [FXGL Background Thread 3 ] DEBUG Engine               - isGameMenuEnabled: false
20:32:18.882 [FXGL Background Thread 3 ] DEBUG Engine               - isIOS: false
20:32:18.882 [FXGL Background Thread 3 ] DEBUG Engine               - isIntroEnabled: false
20:32:18.882 [FXGL Background Thread 3 ] DEBUG Engine               - isLinux: false
20:32:18.882 [FXGL Background Thread 3 ] DEBUG Engine               - isMac: true
20:32:18.882 [FXGL Background Thread 3 ] DEBUG Engine               - isMainMenuEnabled: true
20:32:18.882 [FXGL Background Thread 3 ] DEBUG Engine               - isManualResizeEnabled: false
20:32:18.882 [FXGL Background Thread 3 ] DEBUG Engine               - isMobile: false
20:32:18.882 [FXGL Background Thread 3 ] DEBUG Engine               - isNative: false
20:32:18.882 [FXGL Background Thread 3 ] DEBUG Engine               - isPauseMusicWhenMinimized: true
20:32:18.882 [FXGL Background Thread 3 ] DEBUG Engine               - isPreserveResizeRatio: false
20:32:18.883 [FXGL Background Thread 3 ] DEBUG Engine               - isProfilingEnabled: false
20:32:18.883 [FXGL Background Thread 3 ] DEBUG Engine               - isScaleAffectedOnResize: true
20:32:18.883 [FXGL Background Thread 3 ] DEBUG Engine               - isSingleStep: false
20:32:18.883 [FXGL Background Thread 3 ] DEBUG Engine               - isUserProfileEnabled: false
20:32:18.883 [FXGL Background Thread 3 ] DEBUG Engine               - isWindows: false
20:32:18.883 [FXGL Background Thread 3 ] DEBUG Engine               - language: ObjectProperty [value: ENGLISH]
20:32:18.883 [FXGL Background Thread 3 ] DEBUG Engine               - menuKey: ESCAPE
20:32:18.883 [FXGL Background Thread 3 ] DEBUG Engine               - mouseSensitivity: 0.2
20:32:18.883 [FXGL Background Thread 3 ] DEBUG Engine               - notificationViewClass: class com.almasb.fxgl.notification.view.XboxNotificationView
20:32:18.883 [FXGL Background Thread 3 ] DEBUG Engine               - pixelsPerMeter: 50.0
20:32:18.883 [FXGL Background Thread 3 ] DEBUG Engine               - platform: MAC
20:32:18.883 [FXGL Background Thread 3 ] DEBUG Engine               - prefHeightProperty: ReadOnlyDoubleProperty [value: 720.0]
20:32:18.883 [FXGL Background Thread 3 ] DEBUG Engine               - prefWidthProperty: ReadOnlyDoubleProperty [value: 1280.0]
20:32:18.883 [FXGL Background Thread 3 ] DEBUG Engine               - profileDir: profiles/
20:32:18.883 [FXGL Background Thread 3 ] DEBUG Engine               - profileName: StringProperty [value: DEFAULT]
20:32:18.883 [FXGL Background Thread 3 ] DEBUG Engine               - randomSeed: -1
20:32:18.883 [FXGL Background Thread 3 ] DEBUG Engine               - runtimeInfo: RuntimeInfo(platform=MAC, version=21.1, build=27.03.2024 07.52)
20:32:18.883 [FXGL Background Thread 3 ] DEBUG Engine               - saveFileExt: sav
20:32:18.883 [FXGL Background Thread 3 ] DEBUG Engine               - scaledHeightProp$fxgl: DoubleProperty [bound, value: 720.0]
20:32:18.883 [FXGL Background Thread 3 ] DEBUG Engine               - scaledWidthProp$fxgl: DoubleProperty [bound, value: 1280.0]
20:32:18.883 [FXGL Background Thread 3 ] DEBUG Engine               - sceneFactory: org.example.capstonee.Menu.MenuSceneFactory@2e41d92c
20:32:18.883 [FXGL Background Thread 3 ] DEBUG Engine               - secondsIn24h: 60
20:32:18.883 [FXGL Background Thread 3 ] DEBUG Engine               - soundMenuBack: menu/back.wav
20:32:18.883 [FXGL Background Thread 3 ] DEBUG Engine               - soundMenuPress: menu/press.wav
20:32:18.883 [FXGL Background Thread 3 ] DEBUG Engine               - soundMenuSelect: menu/select.wav
20:32:18.883 [FXGL Background Thread 3 ] DEBUG Engine               - soundNotification: core/notification.wav
20:32:18.883 [FXGL Background Thread 3 ] DEBUG Engine               - stageStyle: DECORATED
20:32:18.883 [FXGL Background Thread 3 ] DEBUG Engine               - supportedLanguages: [ENGLISH, FRENCH, GERMAN, HUNGARIAN, RUSSIAN]
20:32:18.883 [FXGL Background Thread 3 ] DEBUG Engine               - ticksPerSecond: -1
20:32:18.883 [FXGL Background Thread 3 ] DEBUG Engine               - title: Rhythm Impact
20:32:18.883 [FXGL Background Thread 3 ] DEBUG Engine               - urlGithub: https://github.com/AlmasB/FXGL
20:32:18.883 [FXGL Background Thread 3 ] DEBUG Engine               - urlLeaderboard: http://fxgl-top.herokuapp.com/
20:32:18.883 [FXGL Background Thread 3 ] DEBUG Engine               - urlPOM: https://raw.githubusercontent.com/AlmasB/FXGL/release/README.md
20:32:18.883 [FXGL Background Thread 3 ] DEBUG Engine               - userAppClass: class org.example.capstonee.GameApp
20:32:18.883 [FXGL Background Thread 3 ] DEBUG Engine               - version: 1.0
20:32:18.883 [FXGL Background Thread 3 ] DEBUG Engine               - versionCheckDays: 7
20:32:18.883 [FXGL Background Thread 3 ] DEBUG Engine               - width: 1280
20:32:18.883 [FXGL Background Thread 3 ] DEBUG Engine               - Logging services
20:32:18.883 [FXGL Background Thread 3 ] DEBUG Engine               - class com.almasb.fxgl.app.services.FXGLAssetLoaderService
20:32:18.883 [FXGL Background Thread 3 ] DEBUG Engine               - class com.almasb.fxgl.app.FXGLApplication$GameApplicationService
20:32:18.883 [FXGL Background Thread 3 ] DEBUG Engine               - class com.almasb.fxgl.app.services.FXGLDialogService
20:32:18.883 [FXGL Background Thread 3 ] DEBUG Engine               - class com.almasb.fxgl.app.services.IOTaskExecutorService
20:32:18.883 [FXGL Background Thread 3 ] DEBUG Engine               - class com.almasb.fxgl.io.FileSystemService
20:32:18.883 [FXGL Background Thread 3 ] DEBUG Engine               - class com.almasb.fxgl.localization.LocalizationService
20:32:18.884 [FXGL Background Thread 3 ] DEBUG Engine               - class com.almasb.fxgl.app.services.SystemBundleService
20:32:18.884 [FXGL Background Thread 3 ] DEBUG Engine               - class com.almasb.fxgl.profile.SaveLoadService
20:32:18.884 [FXGL Background Thread 3 ] DEBUG Engine               - class com.almasb.fxgl.ui.FXGLUIFactoryServiceProvider
20:32:18.884 [FXGL Background Thread 3 ] DEBUG Engine               - class com.almasb.fxgl.ui.FXGLDialogFactoryServiceProvider
20:32:18.884 [FXGL Background Thread 3 ] DEBUG Engine               - class com.almasb.fxgl.audio.AudioPlayer
20:32:18.884 [FXGL Background Thread 3 ] DEBUG Engine               - class com.almasb.fxgl.notification.impl.NotificationServiceProvider
20:32:18.884 [FXGL Background Thread 3 ] DEBUG Engine               - class com.almasb.fxgl.achievement.AchievementService
20:32:18.884 [FXGL Background Thread 3 ] DEBUG Engine               - class com.almasb.fxgl.cutscene.CutsceneService
20:32:18.884 [FXGL Background Thread 3 ] DEBUG Engine               - class com.almasb.fxgl.minigames.MiniGameService
20:32:18.884 [FXGL Background Thread 3 ] DEBUG Engine               - class com.almasb.fxgl.net.NetService
20:32:18.884 [FXGL Background Thread 3 ] DEBUG Engine               - class com.almasb.fxgl.app.services.UpdaterService
20:32:18.884 [FXGL Background Thread 3 ] DEBUG Engine               - class com.almasb.fxgl.dev.DevService
20:32:29.220 [JavaFX Application Thread] DEBUG PrimaryStageWindow   - Pop state: DialogSubScene
20:32:29.220 [JavaFX Application Thread] DEBUG Input                - Clearing active input actions
20:32:29.221 [JavaFX Application Thread] DEBUG GameApplicationServi - Removing overlay from DialogSubScene and adding to GameScene
20:32:29.222 [JavaFX Application Thread] DEBUG PrimaryStageWindow   - GameScene <- DialogSubScene
20:32:29.222 [JavaFX Application Thread] DEBUG Input                - Clearing active input actions
20:32:29.229 [JavaFX Application Thread] DEBUG GameApplicationServi - Removing overlay from GameScene and adding to FXGLMainMenuDummyScene
20:32:29.229 [JavaFX Application Thread] DEBUG PrimaryStageWindow   - GameScene -> FXGLMainMenuDummyScene
20:32:29.229 [JavaFX Application Thread] DEBUG PrimaryStageWindow   - Push state: MainMenu
20:32:29.229 [JavaFX Application Thread] DEBUG Input                - Clearing active input actions
20:32:29.231 [JavaFX Application Thread] DEBUG GameApplicationServi - Removing overlay from FXGLMainMenuDummyScene and adding to MainMenu
20:32:29.231 [JavaFX Application Thread] DEBUG PrimaryStageWindow   - FXGLMainMenuDummyScene -> MainMenu
20:32:30.305 [JavaFX Application Thread] DEBUG PrimaryStageWindow   - Push state: DialogSubScene
20:32:30.306 [JavaFX Application Thread] DEBUG Input                - Clearing active input actions
20:32:30.308 [JavaFX Application Thread] DEBUG GameApplicationServi - Removing overlay from MainMenu and adding to DialogSubScene
20:32:30.308 [JavaFX Application Thread] DEBUG PrimaryStageWindow   - MainMenu -> DialogSubScene
20:32:31.404 [JavaFX Application Thread] DEBUG PrimaryStageWindow   - Pop state: DialogSubScene
20:32:31.404 [JavaFX Application Thread] DEBUG Input                - Clearing active input actions
20:32:31.405 [JavaFX Application Thread] DEBUG GameApplicationServi - Removing overlay from DialogSubScene and adding to MainMenu
20:32:31.406 [JavaFX Application Thread] DEBUG PrimaryStageWindow   - MainMenu <- DialogSubScene
20:32:31.406 [JavaFX Application Thread] DEBUG PrimaryStageWindow   - Push state: DialogSubScene
20:32:31.407 [JavaFX Application Thread] DEBUG Input                - Clearing active input actions
20:32:31.407 [JavaFX Application Thread] DEBUG GameApplicationServi - Removing overlay from MainMenu and adding to DialogSubScene
20:32:31.407 [JavaFX Application Thread] DEBUG PrimaryStageWindow   - MainMenu -> DialogSubScene
20:32:36.986 [JavaFX Application Thread] DEBUG PrimaryStageWindow   - Pop state: DialogSubScene
20:32:36.987 [JavaFX Application Thread] DEBUG Input                - Clearing active input actions
20:32:36.988 [JavaFX Application Thread] DEBUG GameApplicationServi - Removing overlay from DialogSubScene and adding to MainMenu
20:32:36.988 [JavaFX Application Thread] DEBUG PrimaryStageWindow   - MainMenu <- DialogSubScene
20:32:36.989 [JavaFX Application Thread] DEBUG AudioPlayer          - Stopping music com.almasb.fxgl.audio.Music@733f1283
20:32:36.989 [JavaFX Application Thread] DEBUG GameApplicationServi - Starting new game
20:32:36.989 [JavaFX Application Thread] DEBUG PrimaryStageWindow   - Pop state: MainMenu
20:32:36.989 [JavaFX Application Thread] DEBUG Input                - Clearing active input actions
20:32:36.990 [JavaFX Application Thread] DEBUG GameApplicationServi - Removing overlay from MainMenu and adding to FXGLMainMenuDummyScene
20:32:36.990 [JavaFX Application Thread] DEBUG PrimaryStageWindow   - FXGLMainMenuDummyScene <- MainMenu
20:32:36.990 [JavaFX Application Thread] DEBUG Input                - Clearing active input actions
20:32:36.998 [JavaFX Application Thread] DEBUG GameApplicationServi - Removing overlay from FXGLMainMenuDummyScene and adding to FXGLLoadingScene
20:32:36.998 [JavaFX Application Thread] DEBUG PrimaryStageWindow   - FXGLMainMenuDummyScene -> FXGLLoadingScene
20:32:36.998 [JavaFX Application Thread] DEBUG GameApplicationServi - Clearing previous game
20:32:36.998 [JavaFX Application Thread] DEBUG GameScene            - Clearing game scene
20:32:36.998 [JavaFX Application Thread] DEBUG GameWorld            - Clearing game world
20:32:37.000 [JavaFX Application Thread] DEBUG PhysicsWorld         - Clearing physics world
20:32:37.001 [FXGL Background Thread 2 ] DEBUG FXGLApplication      - Initializing game
20:32:37.001 [FXGL Background Thread 2 ] WARN  FXGLAssetLoaderServi - Asset "/assets/sounds/sounds/hit.wav" was not found!
20:32:37.001 [FXGL Background Thread 2 ] WARN  FXGLAssetLoaderServi - Failed to load SOUND
20:32:37.001 [FXGL Background Thread 2 ] WARN  FXGLAssetLoaderServi - Asset "/assets/sounds/sounds/miss.wav" was not found!
20:32:37.001 [FXGL Background Thread 2 ] WARN  FXGLAssetLoaderServi - Failed to load SOUND
20:32:37.003 [FXGL Background Thread 2 ] WARN  FXGLAssetLoaderServi - Asset "/assets/music/music/songs/zhongli.wav" was not found!
20:32:37.003 [FXGL Background Thread 2 ] WARN  FXGLAssetLoaderServi - Failed to load MUSIC
20:32:37.004 [FXGL Background Thread 2 ] INFO  FXGLApplication      - Game initialization took: 0.003 sec
20:32:37.004 [JavaFX Application Thread] DEBUG Input                - Clearing active input actions
20:32:37.006 [JavaFX Application Thread] DEBUG GameApplicationServi - Removing overlay from FXGLLoadingScene and adding to GameScene
20:32:37.007 [JavaFX Application Thread] DEBUG PrimaryStageWindow   - FXGLLoadingScene -> GameScene
20:32:37.109 [JavaFX Application Thread] DEBUG PrimaryStageWindow   - Push state: DialogSubScene
20:32:37.109 [JavaFX Application Thread] DEBUG Input                - Clearing active input actions
20:32:37.110 [JavaFX Application Thread] DEBUG GameApplicationServi - Removing overlay from GameScene and adding to DialogSubScene
20:32:37.111 [JavaFX Application Thread] DEBUG PrimaryStageWindow   - GameScene -> DialogSubScene
20:32:37.854 [JavaFX Application Thread] DEBUG PrimaryStageWindow   - Pop state: DialogSubScene
20:32:37.854 [JavaFX Application Thread] DEBUG Input                - Clearing active input actions
20:32:37.855 [JavaFX Application Thread] DEBUG GameApplicationServi - Removing overlay from DialogSubScene and adding to GameScene
20:32:37.855 [JavaFX Application Thread] DEBUG PrimaryStageWindow   - GameScene <- DialogSubScene
20:32:37.856 [JavaFX Application Thread] DEBUG Input                - Clearing active input actions
20:32:37.861 [JavaFX Application Thread] DEBUG GameApplicationServi - Removing overlay from GameScene and adding to FXGLMainMenuDummyScene
20:32:37.861 [JavaFX Application Thread] DEBUG PrimaryStageWindow   - GameScene -> FXGLMainMenuDummyScene
20:32:37.861 [JavaFX Application Thread] DEBUG PrimaryStageWindow   - Push state: MainMenu
20:32:37.861 [JavaFX Application Thread] DEBUG Input                - Clearing active input actions
20:32:37.862 [JavaFX Application Thread] DEBUG GameApplicationServi - Removing overlay from FXGLMainMenuDummyScene and adding to MainMenu
20:32:37.862 [JavaFX Application Thread] DEBUG PrimaryStageWindow   - FXGLMainMenuDummyScene -> MainMenu
20:32:48.641 [JavaFX Application Thread] DEBUG FXGLApplication      - Exiting FXGL
20:32:48.644 [JavaFX Application Thread] DEBUG LoopRunner           - Stopping loop
20:32:48.652 [JavaFX Application Thread] DEBUG SystemBundleService  - Saving FXGL system data
20:32:48.658 [JavaFX Application Thread] DEBUG FileSystemAccess     - Writing to: /Users/ajaxestela/IdeaProjects/GitSomeSleep/Capstonee/system/fxgl.bundle
20:32:48.661 [JavaFX Application Thread] DEBUG Async                - Shutting down background threads
20:32:48.661 [JavaFX Application Thread] DEBUG PrimaryStageWindow   - Closing main window
20:32:48.671 [JavaFX Application Thread] DEBUG Logger               - Closing Logger
