21:32:06.907 [main                     ] DEBUG Logger               - Configured Logger
21:32:06.918 [main                     ] DEBUG GameApplication      - Logging settings
Title: Rhythm Impact
Version: 1.0
Width: 1280
Height: 720
Fullscreen: false
Intro: false
Profiling: false
Single step:false
App Mode: DEVELOPER
Menu Key: ESCAPE
Stage Style: DECORATED
Scene Factory: class org.example.capstonee.Menu.MenuSceneFactory

21:32:07.570 [JavaFX Application Thread] DEBUG FXGLApplication      - Initializing FXGL
21:32:07.572 [JavaFX Application Thread] INFO  Engine               - FXGL-21.1 (27.03.2024 07.52) on MAC (J:22.0.2 FX:22.0.1)
21:32:07.572 [JavaFX Application Thread] DEBUG Engine               - JRE Vendor Name: Oracle Corporation
21:32:07.572 [JavaFX Application Thread] DEBUG Engine               - Running on OS: Mac OS X version 15.3.2
21:32:07.572 [JavaFX Application Thread] DEBUG Engine               - Architecture: aarch64
21:32:07.572 [JavaFX Application Thread] INFO  Engine               - Source code and latest versions at: https://github.com/AlmasB/FXGL
21:32:07.572 [JavaFX Application Thread] INFO  Engine               -       Ask questions and discuss at: https://github.com/AlmasB/FXGL/discussions
21:32:07.573 [JavaFX Application Thread] INFO  Engine               -              Join the FXGL chat at: https://gitter.im/AlmasB/FXGL
21:32:07.611 [JavaFX Application Thread] DEBUG PrimaryStageWindow   - Creating a JavaFX scene
21:32:07.631 [JavaFX Application Thread] DEBUG PrimaryStageWindow   - Target settings size: 1280.0 x 720.0
21:32:07.631 [JavaFX Application Thread] DEBUG PrimaryStageWindow   - Scaled scene size:    1280.0 x 720.0
21:32:07.631 [JavaFX Application Thread] DEBUG PrimaryStageWindow   - Scaled ratio: (1.0, 1.0)
21:32:07.632 [JavaFX Application Thread] DEBUG PrimaryStageWindow   - Set initial scene to FXGLStartupScene
21:32:07.632 [JavaFX Application Thread] DEBUG PrimaryStageWindow   - Opening main window
21:32:07.721 [JavaFX Application Thread] DEBUG PrimaryStageWindow   - Window border size: (0.0, 28.0)
21:32:07.721 [JavaFX Application Thread] DEBUG PrimaryStageWindow   - Scaled size: 1280.0 x 720.0
21:32:07.721 [JavaFX Application Thread] DEBUG PrimaryStageWindow   - Scaled ratio: (1.0, 1.0)
21:32:07.722 [JavaFX Application Thread] DEBUG PrimaryStageWindow   - Scene size: 1280.0 x 720.0
21:32:07.722 [JavaFX Application Thread] DEBUG PrimaryStageWindow   - Stage size: 1280.0 x 748.0
21:32:07.725 [FXGL Background Thread 1 ] DEBUG Engine               - Initializing environment variables
21:32:07.746 [FXGL Background Thread 1 ] DEBUG FXGLAssetLoaderServi - User app class for loading assets: class org.example.capstonee.GameApp
21:32:07.746 [FXGL Background Thread 1 ] DEBUG GameApplicationServi - Applying CSS: fxgl_dark.css
21:32:07.747 [FXGL Background Thread 1 ] DEBUG FXGLAssetLoaderServi - Loading from file system: jar:file:///Users/ajaxestela/.m2/repository/com/github/almasb/fxgl/21.1/fxgl-21.1.jar!/fxglassets/ui/css/fxgl_dark.css
21:32:07.771 [FXGL Background Thread 1 ] DEBUG GameApplicationServi - Initializing application scenes
21:32:07.872 [FXGL Background Thread 1 ] DEBUG GameWorld            - Game world initialized
21:32:07.903 [FXGL Background Thread 1 ] DEBUG PhysicsWorld         - Physics world initialized: appHeight=720, physics.ppm=50.0
21:32:07.904 [FXGL Background Thread 1 ] DEBUG PhysicsWorld         - Using strategy: BRUTE_FORCE
21:32:07.907 [FXGL Background Thread 1 ] DEBUG GameScene            - Game scene initialized: 1280x720
21:32:07.909 [FXGL Background Thread 1 ] WARN  FXGLAssetLoaderServi - Asset "/assets/music/music/menu_theme.wav" was not found!
21:32:07.909 [FXGL Background Thread 1 ] WARN  FXGLAssetLoaderServi - Failed to load MUSIC
21:32:07.911 [FXGL Background Thread 1 ] DEBUG FXGLAssetLoaderServi - Loading from file system: file:/Users/ajaxestela/IdeaProjects/GitSomeSleep/Capstonee/target/classes/assets/textures/background/nearest4.png
21:32:07.966 [FXGL Background Thread 1 ] DEBUG FXGLAssetLoaderServi - Loading from file system: file:/Users/ajaxestela/IdeaProjects/GitSomeSleep/Capstonee/target/classes/assets/textures/background/nearest3.png
21:32:08.011 [FXGL Background Thread 1 ] DEBUG FXGLAssetLoaderServi - Loading from file system: file:/Users/ajaxestela/IdeaProjects/GitSomeSleep/Capstonee/target/classes/assets/textures/background/nearest2.png
21:32:08.027 [FXGL Background Thread 1 ] DEBUG FXGLAssetLoaderServi - Loading from file system: file:/Users/ajaxestela/IdeaProjects/GitSomeSleep/Capstonee/target/classes/assets/textures/background/%20nearest1.png
21:32:08.052 [FXGL Background Thread 1 ] DEBUG GameApplicationServi - Application scenes initialized
21:32:08.065 [FXGL Background Thread 1 ] DEBUG SystemBundleService  - Loading FXGL system data
21:32:08.068 [FXGL Background Thread 1 ] DEBUG FileSystemAccess     - Reading from: /Users/ajaxestela/IdeaProjects/GitSomeSleep/Capstonee/system/fxgl.bundle
21:32:08.076 [FXGL Background Thread 1 ] DEBUG SystemBundleService  - Bundle FXGL: {}
21:32:08.078 [FXGL Background Thread 1 ] DEBUG UpdaterService       - Checking for updates
21:32:08.115 [FXGL Background Thread 4 ] DEBUG FXGLApplication      - Loading fonts
21:32:08.115 [FXGL Background Thread 4 ] DEBUG FXGLAssetLoaderServi - Loading from file system: jar:file:///Users/ajaxestela/.m2/repository/com/github/almasb/fxgl/21.1/fxgl-21.1.jar!/fxglassets/ui/fonts/VarelaRound-Regular.ttf
21:32:08.116 [FXGL Background Thread 1 ] DEBUG FXGLApplication      - Loading default localization
21:32:08.116 [FXGL Background Thread 1 ] DEBUG FXGLAssetLoaderServi - Loading from file system: jar:file:///Users/ajaxestela/.m2/repository/com/github/almasb/fxgl/21.1/fxgl-21.1.jar!/fxglassets/languages/english.lang
21:32:08.188 [FXGL Background Thread 1 ] INFO  FXGLApplication      - FXGL initialization took: 0.463 sec
21:32:08.189 [FXGL Background Thread 4 ] DEBUG FXGLAssetLoaderServi - Loading from file system: jar:file:///Users/ajaxestela/.m2/repository/com/github/almasb/fxgl/21.1/fxgl-21.1.jar!/fxglassets/ui/fonts/Abel-Regular.ttf
21:32:08.197 [FXGL Background Thread 4 ] DEBUG FXGLAssetLoaderServi - Loading from file system: jar:file:///Users/ajaxestela/.m2/repository/com/github/almasb/fxgl/21.1/fxgl-21.1.jar!/fxglassets/ui/fonts/TerminalLandMono-Regular.otf
21:32:08.198 [JavaFX Application Thread] DEBUG Input                - Registered new binding: RhythmLane0 - H
21:32:08.198 [JavaFX Application Thread] DEBUG Input                - Registered new binding: RhythmLane1 - J
21:32:08.198 [JavaFX Application Thread] DEBUG Input                - Registered new binding: RhythmLane2 - K
21:32:08.198 [JavaFX Application Thread] DEBUG Input                - Registered new binding: RhythmLane3 - L
21:32:08.198 [JavaFX Application Thread] DEBUG Input                - Registered new binding: RhythmStart - Space
21:32:08.198 [JavaFX Application Thread] DEBUG FXGLAssetLoaderServi - Loading from file system: jar:file:///Users/ajaxestela/.m2/repository/com/github/almasb/fxgl/21.1/fxgl-21.1.jar!/fxglassets/textures/fxgl_icon.png
21:32:08.213 [FXGL Background Thread 4 ] DEBUG FXGLAssetLoaderServi - Loading from file system: jar:file:///Users/ajaxestela/.m2/repository/com/github/almasb/fxgl/21.1/fxgl-21.1.jar!/fxglassets/ui/fonts/Courier-Prime.ttf
21:32:08.232 [JavaFX Application Thread] DEBUG FXGLAssetLoaderServi - Loading from file system: jar:file:///Users/ajaxestela/.m2/repository/com/github/almasb/fxgl/21.1/fxgl-21.1.jar!/fxglassets/textures/fxgl_default_cursor.png
21:32:08.234 [JavaFX Application Thread] DEBUG Input                - Registered new binding: Screenshot - CTRL+8
21:32:08.234 [JavaFX Application Thread] DEBUG Input                - Registered new binding: System info dump - CTRL+9
21:32:08.234 [JavaFX Application Thread] DEBUG Input                - Registered new binding: Restart - CTRL+R
21:32:08.234 [JavaFX Application Thread] DEBUG Input                - Registered new binding: Toggle Debug Camera - CTRL+7
21:32:08.235 [JavaFX Application Thread] DEBUG LoopRunner           - Starting loop
21:32:08.235 [JavaFX Application Thread] DEBUG LoopRunner           - Initializing JavaFX AnimationTimerLoop
21:32:08.237 [JavaFX Application Thread] DEBUG Input                - Clearing active input actions
21:32:08.240 [JavaFX Application Thread] DEBUG GameApplicationServi - Removing overlay from FXGLStartupScene and adding to FXGLMainMenuDummyScene
21:32:08.240 [JavaFX Application Thread] DEBUG PrimaryStageWindow   - FXGLStartupScene -> FXGLMainMenuDummyScene
21:32:08.240 [JavaFX Application Thread] DEBUG PrimaryStageWindow   - Push state: MainMenu
21:32:08.240 [JavaFX Application Thread] DEBUG Input                - Clearing active input actions
21:32:08.245 [JavaFX Application Thread] DEBUG GameApplicationServi - Removing overlay from FXGLMainMenuDummyScene and adding to MainMenu
21:32:08.246 [JavaFX Application Thread] DEBUG PrimaryStageWindow   - FXGLMainMenuDummyScene -> MainMenu
21:32:08.298 [JavaFX Application Thread] DEBUG FXGLApplication      - Registering font factories with UI factory
21:32:09.073 [JavaFX Application Thread] DEBUG PrimaryStageWindow   - Push state: DialogSubScene
21:32:09.073 [JavaFX Application Thread] DEBUG Input                - Clearing active input actions
21:32:09.075 [JavaFX Application Thread] DEBUG GameApplicationServi - Removing overlay from MainMenu and adding to DialogSubScene
21:32:09.075 [JavaFX Application Thread] DEBUG PrimaryStageWindow   - MainMenu -> DialogSubScene
21:32:11.111 [FXGL Background Thread 3 ] DEBUG Engine               - Logging environment variables
21:32:11.112 [FXGL Background Thread 3 ] DEBUG Engine               - achievements: []
21:32:11.113 [FXGL Background Thread 3 ] DEBUG Engine               - actualHeight: 720.0
21:32:11.113 [FXGL Background Thread 3 ] DEBUG Engine               - actualHeightProperty: ReadOnlyDoubleProperty [value: 720.0]
21:32:11.113 [FXGL Background Thread 3 ] DEBUG Engine               - actualWidth: 1280.0
21:32:11.113 [FXGL Background Thread 3 ] DEBUG Engine               - actualWidthProperty: ReadOnlyDoubleProperty [value: 1280.0]
21:32:11.113 [FXGL Background Thread 3 ] DEBUG Engine               - appIcon: fxgl_icon.png
21:32:11.113 [FXGL Background Thread 3 ] DEBUG Engine               - applicationMode: DEVELOPER
21:32:11.113 [FXGL Background Thread 3 ] DEBUG Engine               - cSSList: [fxgl_dark.css]
21:32:11.113 [FXGL Background Thread 3 ] DEBUG Engine               - collisionDetectionStrategy: BRUTE_FORCE
21:32:11.113 [FXGL Background Thread 3 ] DEBUG Engine               - configClass: Optional.empty
21:32:11.113 [FXGL Background Thread 3 ] DEBUG Engine               - credits: []
21:32:11.115 [FXGL Background Thread 3 ] DEBUG Engine               - defaultCursor: CursorInfo(imageName=fxgl_default_cursor.png, hotspotX=7.0, hotspotY=6.0)
21:32:11.115 [FXGL Background Thread 3 ] DEBUG Engine               - devBBoxColorProperty: ObjectProperty [value: 0xff0000ff]
21:32:11.115 [FXGL Background Thread 3 ] DEBUG Engine               - devEnableDebugCameraProperty: BooleanProperty [value: false]
21:32:11.116 [FXGL Background Thread 3 ] DEBUG Engine               - devSensorColorProperty: ObjectProperty [value: 0xffff00ff]
21:32:11.116 [FXGL Background Thread 3 ] DEBUG Engine               - devShowBBoxProperty: BooleanProperty [value: false]
21:32:11.116 [FXGL Background Thread 3 ] DEBUG Engine               - devShowPositionProperty: BooleanProperty [value: false]
21:32:11.116 [FXGL Background Thread 3 ] DEBUG Engine               - enabledMenuItems: []
21:32:11.116 [FXGL Background Thread 3 ] DEBUG Engine               - engineServices: [class com.almasb.fxgl.app.services.FXGLAssetLoaderService, class com.almasb.fxgl.app.FXGLApplication$GameApplicationService, class com.almasb.fxgl.app.services.FXGLDialogService, class com.almasb.fxgl.app.services.IOTaskExecutorService, class com.almasb.fxgl.io.FileSystemService, class com.almasb.fxgl.localization.LocalizationService, class com.almasb.fxgl.app.services.SystemBundleService, class com.almasb.fxgl.profile.SaveLoadService, class com.almasb.fxgl.ui.FXGLUIFactoryServiceProvider, class com.almasb.fxgl.ui.FXGLDialogFactoryServiceProvider, class com.almasb.fxgl.audio.AudioPlayer, class com.almasb.fxgl.notification.impl.NotificationServiceProvider, class com.almasb.fxgl.achievement.AchievementService, class com.almasb.fxgl.cutscene.CutsceneService, class com.almasb.fxgl.minigames.MiniGameService, class com.almasb.fxgl.net.NetService, class com.almasb.fxgl.app.services.UpdaterService, class com.almasb.fxgl.dev.DevService]
21:32:11.116 [FXGL Background Thread 3 ] DEBUG Engine               - fontGame: Abel-Regular.ttf
21:32:11.116 [FXGL Background Thread 3 ] DEBUG Engine               - fontMono: TerminalLandMono-Regular.otf
21:32:11.116 [FXGL Background Thread 3 ] DEBUG Engine               - fontSizeScaleUI: 1.0
21:32:11.116 [FXGL Background Thread 3 ] DEBUG Engine               - fontText: Courier-Prime.ttf
21:32:11.116 [FXGL Background Thread 3 ] DEBUG Engine               - fontUI: VarelaRound-Regular.ttf
21:32:11.116 [FXGL Background Thread 3 ] DEBUG Engine               - fullScreen: BooleanProperty [value: false]
21:32:11.116 [FXGL Background Thread 3 ] DEBUG Engine               - gameDifficulty: MEDIUM
21:32:11.116 [FXGL Background Thread 3 ] DEBUG Engine               - gameDifficultyProperty: ObjectProperty [value: MEDIUM]
21:32:11.117 [FXGL Background Thread 3 ] DEBUG Engine               - globalMusicVolume: 0.5
21:32:11.117 [FXGL Background Thread 3 ] DEBUG Engine               - globalMusicVolumeProperty: DoubleProperty [value: 0.5]
21:32:11.117 [FXGL Background Thread 3 ] DEBUG Engine               - globalSoundVolume: 0.5
21:32:11.117 [FXGL Background Thread 3 ] DEBUG Engine               - globalSoundVolumeProperty: DoubleProperty [value: 0.5]
21:32:11.117 [FXGL Background Thread 3 ] DEBUG Engine               - height: 720
21:32:11.117 [FXGL Background Thread 3 ] DEBUG Engine               - is3D: false
21:32:11.117 [FXGL Background Thread 3 ] DEBUG Engine               - isAndroid: false
21:32:11.117 [FXGL Background Thread 3 ] DEBUG Engine               - isBrowser: false
21:32:11.117 [FXGL Background Thread 3 ] DEBUG Engine               - isClickFeedbackEnabled: false
21:32:11.117 [FXGL Background Thread 3 ] DEBUG Engine               - isCloseConfirmation: false
21:32:11.118 [FXGL Background Thread 3 ] DEBUG Engine               - isDesktop: true
21:32:11.118 [FXGL Background Thread 3 ] DEBUG Engine               - isDeveloperMenuEnabled: false
21:32:11.118 [FXGL Background Thread 3 ] DEBUG Engine               - isEmbedded: false
21:32:11.118 [FXGL Background Thread 3 ] DEBUG Engine               - isEntityPreloadEnabled: true
21:32:11.118 [FXGL Background Thread 3 ] DEBUG Engine               - isExperimentalTiledLargeMap: false
21:32:11.118 [FXGL Background Thread 3 ] DEBUG Engine               - isFileSystemWriteAllowed: true
21:32:11.119 [FXGL Background Thread 3 ] DEBUG Engine               - isFullScreenAllowed: false
21:32:11.119 [FXGL Background Thread 3 ] DEBUG Engine               - isFullScreenFromStart: false
21:32:11.119 [FXGL Background Thread 3 ] DEBUG Engine               - isGameMenuEnabled: true
21:32:11.119 [FXGL Background Thread 3 ] DEBUG Engine               - isIOS: false
21:32:11.119 [FXGL Background Thread 3 ] DEBUG Engine               - isIntroEnabled: false
21:32:11.119 [FXGL Background Thread 3 ] DEBUG Engine               - isLinux: false
21:32:11.119 [FXGL Background Thread 3 ] DEBUG Engine               - isMac: true
21:32:11.119 [FXGL Background Thread 3 ] DEBUG Engine               - isMainMenuEnabled: true
21:32:11.119 [FXGL Background Thread 3 ] DEBUG Engine               - isManualResizeEnabled: false
21:32:11.119 [FXGL Background Thread 3 ] DEBUG Engine               - isMobile: false
21:32:11.119 [FXGL Background Thread 3 ] DEBUG Engine               - isNative: false
21:32:11.119 [FXGL Background Thread 3 ] DEBUG Engine               - isPauseMusicWhenMinimized: true
21:32:11.119 [FXGL Background Thread 3 ] DEBUG Engine               - isPreserveResizeRatio: false
21:32:11.119 [FXGL Background Thread 3 ] DEBUG Engine               - isProfilingEnabled: false
21:32:11.119 [FXGL Background Thread 3 ] DEBUG Engine               - isScaleAffectedOnResize: true
21:32:11.119 [FXGL Background Thread 3 ] DEBUG Engine               - isSingleStep: false
21:32:11.120 [FXGL Background Thread 3 ] DEBUG Engine               - isUserProfileEnabled: false
21:32:11.120 [FXGL Background Thread 3 ] DEBUG Engine               - isWindows: false
21:32:11.120 [FXGL Background Thread 3 ] DEBUG Engine               - language: ObjectProperty [value: ENGLISH]
21:32:11.120 [FXGL Background Thread 3 ] DEBUG Engine               - menuKey: ESCAPE
21:32:11.120 [FXGL Background Thread 3 ] DEBUG Engine               - mouseSensitivity: 0.2
21:32:11.120 [FXGL Background Thread 3 ] DEBUG Engine               - notificationViewClass: class com.almasb.fxgl.notification.view.XboxNotificationView
21:32:11.120 [FXGL Background Thread 3 ] DEBUG Engine               - pixelsPerMeter: 50.0
21:32:11.120 [FXGL Background Thread 3 ] DEBUG Engine               - platform: MAC
21:32:11.120 [FXGL Background Thread 3 ] DEBUG Engine               - prefHeightProperty: ReadOnlyDoubleProperty [value: 720.0]
21:32:11.120 [FXGL Background Thread 3 ] DEBUG Engine               - prefWidthProperty: ReadOnlyDoubleProperty [value: 1280.0]
21:32:11.120 [FXGL Background Thread 3 ] DEBUG Engine               - profileDir: profiles/
21:32:11.120 [FXGL Background Thread 3 ] DEBUG Engine               - profileName: StringProperty [value: DEFAULT]
21:32:11.120 [FXGL Background Thread 3 ] DEBUG Engine               - randomSeed: -1
21:32:11.121 [FXGL Background Thread 3 ] DEBUG Engine               - runtimeInfo: RuntimeInfo(platform=MAC, version=21.1, build=27.03.2024 07.52)
21:32:11.121 [FXGL Background Thread 3 ] DEBUG Engine               - saveFileExt: sav
21:32:11.121 [FXGL Background Thread 3 ] DEBUG Engine               - scaledHeightProp$fxgl: DoubleProperty [bound, value: 720.0]
21:32:11.121 [FXGL Background Thread 3 ] DEBUG Engine               - scaledWidthProp$fxgl: DoubleProperty [bound, value: 1280.0]
21:32:11.121 [FXGL Background Thread 3 ] DEBUG Engine               - sceneFactory: org.example.capstonee.Menu.MenuSceneFactory@497f67a6
21:32:11.121 [FXGL Background Thread 3 ] DEBUG Engine               - secondsIn24h: 60
21:32:11.122 [FXGL Background Thread 3 ] DEBUG Engine               - soundMenuBack: menu/back.wav
21:32:11.122 [FXGL Background Thread 3 ] DEBUG Engine               - soundMenuPress: menu/press.wav
21:32:11.122 [FXGL Background Thread 3 ] DEBUG Engine               - soundMenuSelect: menu/select.wav
21:32:11.122 [FXGL Background Thread 3 ] DEBUG Engine               - soundNotification: core/notification.wav
21:32:11.122 [FXGL Background Thread 3 ] DEBUG Engine               - stageStyle: DECORATED
21:32:11.122 [FXGL Background Thread 3 ] DEBUG Engine               - supportedLanguages: [ENGLISH, FRENCH, GERMAN, HUNGARIAN, RUSSIAN]
21:32:11.122 [FXGL Background Thread 3 ] DEBUG Engine               - ticksPerSecond: -1
21:32:11.122 [FXGL Background Thread 3 ] DEBUG Engine               - title: Rhythm Impact
21:32:11.122 [FXGL Background Thread 3 ] DEBUG Engine               - urlGithub: https://github.com/AlmasB/FXGL
21:32:11.123 [FXGL Background Thread 3 ] DEBUG Engine               - urlLeaderboard: http://fxgl-top.herokuapp.com/
21:32:11.123 [FXGL Background Thread 3 ] DEBUG Engine               - urlPOM: https://raw.githubusercontent.com/AlmasB/FXGL/release/README.md
21:32:11.123 [FXGL Background Thread 3 ] DEBUG Engine               - userAppClass: class org.example.capstonee.GameApp
21:32:11.123 [FXGL Background Thread 3 ] DEBUG Engine               - version: 1.0
21:32:11.123 [FXGL Background Thread 3 ] DEBUG Engine               - versionCheckDays: 7
21:32:11.123 [FXGL Background Thread 3 ] DEBUG Engine               - width: 1280
21:32:11.123 [FXGL Background Thread 3 ] DEBUG Engine               - Logging services
21:32:11.123 [FXGL Background Thread 3 ] DEBUG Engine               - class com.almasb.fxgl.app.services.FXGLAssetLoaderService
21:32:11.123 [FXGL Background Thread 3 ] DEBUG Engine               - class com.almasb.fxgl.app.FXGLApplication$GameApplicationService
21:32:11.123 [FXGL Background Thread 3 ] DEBUG Engine               - class com.almasb.fxgl.app.services.FXGLDialogService
21:32:11.123 [FXGL Background Thread 3 ] DEBUG Engine               - class com.almasb.fxgl.app.services.IOTaskExecutorService
21:32:11.123 [FXGL Background Thread 3 ] DEBUG Engine               - class com.almasb.fxgl.io.FileSystemService
21:32:11.123 [FXGL Background Thread 3 ] DEBUG Engine               - class com.almasb.fxgl.localization.LocalizationService
21:32:11.123 [FXGL Background Thread 3 ] DEBUG Engine               - class com.almasb.fxgl.app.services.SystemBundleService
21:32:11.123 [FXGL Background Thread 3 ] DEBUG Engine               - class com.almasb.fxgl.profile.SaveLoadService
21:32:11.123 [FXGL Background Thread 3 ] DEBUG Engine               - class com.almasb.fxgl.ui.FXGLUIFactoryServiceProvider
21:32:11.123 [FXGL Background Thread 3 ] DEBUG Engine               - class com.almasb.fxgl.ui.FXGLDialogFactoryServiceProvider
21:32:11.123 [FXGL Background Thread 3 ] DEBUG Engine               - class com.almasb.fxgl.audio.AudioPlayer
21:32:11.123 [FXGL Background Thread 3 ] DEBUG Engine               - class com.almasb.fxgl.notification.impl.NotificationServiceProvider
21:32:11.123 [FXGL Background Thread 3 ] DEBUG Engine               - class com.almasb.fxgl.achievement.AchievementService
21:32:11.123 [FXGL Background Thread 3 ] DEBUG Engine               - class com.almasb.fxgl.cutscene.CutsceneService
21:32:11.123 [FXGL Background Thread 3 ] DEBUG Engine               - class com.almasb.fxgl.minigames.MiniGameService
21:32:11.123 [FXGL Background Thread 3 ] DEBUG Engine               - class com.almasb.fxgl.net.NetService
21:32:11.123 [FXGL Background Thread 3 ] DEBUG Engine               - class com.almasb.fxgl.app.services.UpdaterService
21:32:11.123 [FXGL Background Thread 3 ] DEBUG Engine               - class com.almasb.fxgl.dev.DevService
21:32:13.566 [JavaFX Application Thread] DEBUG PrimaryStageWindow   - Pop state: DialogSubScene
21:32:13.566 [JavaFX Application Thread] DEBUG Input                - Clearing active input actions
21:32:13.566 [JavaFX Application Thread] DEBUG GameApplicationServi - Removing overlay from DialogSubScene and adding to MainMenu
21:32:13.567 [JavaFX Application Thread] DEBUG PrimaryStageWindow   - MainMenu <- DialogSubScene
21:32:14.346 [JavaFX Application Thread] DEBUG PrimaryStageWindow   - Push state: DialogSubScene
21:32:14.346 [JavaFX Application Thread] DEBUG Input                - Clearing active input actions
21:32:14.348 [JavaFX Application Thread] DEBUG GameApplicationServi - Removing overlay from MainMenu and adding to DialogSubScene
21:32:14.348 [JavaFX Application Thread] DEBUG PrimaryStageWindow   - MainMenu -> DialogSubScene
21:32:15.483 [JavaFX Application Thread] DEBUG PrimaryStageWindow   - Pop state: DialogSubScene
21:32:15.483 [JavaFX Application Thread] DEBUG Input                - Clearing active input actions
21:32:15.484 [JavaFX Application Thread] DEBUG GameApplicationServi - Removing overlay from DialogSubScene and adding to MainMenu
21:32:15.484 [JavaFX Application Thread] DEBUG PrimaryStageWindow   - MainMenu <- DialogSubScene
21:32:15.486 [JavaFX Application Thread] DEBUG PrimaryStageWindow   - Push state: DialogSubScene
21:32:15.486 [JavaFX Application Thread] DEBUG Input                - Clearing active input actions
21:32:15.487 [JavaFX Application Thread] DEBUG GameApplicationServi - Removing overlay from MainMenu and adding to DialogSubScene
21:32:15.487 [JavaFX Application Thread] DEBUG PrimaryStageWindow   - MainMenu -> DialogSubScene
21:32:16.668 [JavaFX Application Thread] DEBUG PrimaryStageWindow   - Pop state: DialogSubScene
21:32:16.668 [JavaFX Application Thread] DEBUG Input                - Clearing active input actions
21:32:16.669 [JavaFX Application Thread] DEBUG GameApplicationServi - Removing overlay from DialogSubScene and adding to MainMenu
21:32:16.669 [JavaFX Application Thread] DEBUG PrimaryStageWindow   - MainMenu <- DialogSubScene
21:32:16.670 [JavaFX Application Thread] DEBUG AudioPlayer          - Stopping music com.almasb.fxgl.audio.Music@77d36607
21:32:16.670 [JavaFX Application Thread] DEBUG GameApplicationServi - Starting new game
21:32:16.670 [JavaFX Application Thread] DEBUG PrimaryStageWindow   - Pop state: MainMenu
21:32:16.670 [JavaFX Application Thread] DEBUG Input                - Clearing active input actions
21:32:16.670 [JavaFX Application Thread] DEBUG GameApplicationServi - Removing overlay from MainMenu and adding to FXGLMainMenuDummyScene
21:32:16.670 [JavaFX Application Thread] DEBUG PrimaryStageWindow   - FXGLMainMenuDummyScene <- MainMenu
21:32:16.671 [JavaFX Application Thread] DEBUG Input                - Clearing active input actions
21:32:16.676 [JavaFX Application Thread] DEBUG GameApplicationServi - Removing overlay from FXGLMainMenuDummyScene and adding to FXGLLoadingScene
21:32:16.676 [JavaFX Application Thread] DEBUG PrimaryStageWindow   - FXGLMainMenuDummyScene -> FXGLLoadingScene
21:32:16.676 [JavaFX Application Thread] DEBUG GameApplicationServi - Clearing previous game
21:32:16.676 [JavaFX Application Thread] DEBUG GameScene            - Clearing game scene
21:32:16.676 [JavaFX Application Thread] DEBUG GameWorld            - Clearing game world
21:32:16.676 [JavaFX Application Thread] DEBUG PhysicsWorld         - Clearing physics world
21:32:16.677 [FXGL Background Thread 2 ] DEBUG FXGLApplication      - Initializing game
21:32:16.679 [FXGL Background Thread 2 ] WARN  FXGLAssetLoaderServi - Asset "/assets/sounds/sounds/hit.wav" was not found!
21:32:16.680 [FXGL Background Thread 2 ] WARN  FXGLAssetLoaderServi - Failed to load SOUND
21:32:16.680 [FXGL Background Thread 2 ] WARN  FXGLAssetLoaderServi - Asset "/assets/sounds/sounds/miss.wav" was not found!
21:32:16.680 [FXGL Background Thread 2 ] WARN  FXGLAssetLoaderServi - Failed to load SOUND
21:32:16.689 [FXGL Background Thread 2 ] DEBUG FXGLAssetLoaderServi - Loading from file system: file:/Users/ajaxestela/IdeaProjects/GitSomeSleep/Capstonee/target/classes/assets/music/songs/zhongli.wav
21:32:16.952 [FXGL Background Thread 2 ] DEBUG FXGLAssetLoaderServi - Loading from file system: file:/Users/ajaxestela/IdeaProjects/GitSomeSleep/Capstonee/target/classes/assets/textures/background/pixelatedliyue.png
21:32:16.979 [FXGL Background Thread 2 ] DEBUG FXGLAssetLoaderServi - Loading from file system: file:/Users/ajaxestela/IdeaProjects/GitSomeSleep/Capstonee/target/classes/assets/textures/notes/hilichurlhitmarker.png
21:32:16.992 [FXGL Background Thread 2 ] INFO  FXGLApplication      - Game initialization took: 0.315 sec
21:32:16.993 [JavaFX Application Thread] DEBUG Input                - Clearing active input actions
21:32:16.995 [JavaFX Application Thread] DEBUG GameApplicationServi - Removing overlay from FXGLLoadingScene and adding to GameScene
21:32:16.995 [JavaFX Application Thread] DEBUG PrimaryStageWindow   - FXGLLoadingScene -> GameScene
21:32:18.074 [JavaFX Application Thread] DEBUG AudioPlayer          - Playing music com.almasb.fxgl.audio.Music@374c25a2
21:32:21.537 [JavaFX Application Thread] DEBUG FXGLAssetLoaderServi - Loading from file system: file:/Users/ajaxestela/IdeaProjects/GitSomeSleep/Capstonee/target/classes/assets/textures/markers/moranote.png
21:32:25.892 [JavaFX Application Thread] DEBUG PrimaryStageWindow   - Push state: GamePauseMenu
21:32:25.892 [JavaFX Application Thread] DEBUG Input                - Clearing active input actions
21:32:25.896 [JavaFX Application Thread] DEBUG GameApplicationServi - Removing overlay from GameScene and adding to GamePauseMenu
21:32:25.896 [JavaFX Application Thread] DEBUG PrimaryStageWindow   - GameScene -> GamePauseMenu
21:32:27.518 [JavaFX Application Thread] DEBUG PrimaryStageWindow   - Push state: DialogSubScene
21:32:27.518 [JavaFX Application Thread] DEBUG Input                - Clearing active input actions
21:32:27.519 [JavaFX Application Thread] DEBUG GameApplicationServi - Removing overlay from GamePauseMenu and adding to DialogSubScene
21:32:27.520 [JavaFX Application Thread] DEBUG PrimaryStageWindow   - GamePauseMenu -> DialogSubScene
21:32:28.500 [JavaFX Application Thread] DEBUG LoopRunner           - Stopping loop
21:32:28.504 [JavaFX Application Thread] FATAL FXGLApplication      - Uncaught Exception:
java.lang.RuntimeException: A bound value cannot be set.
	at javafx.base@22.0.1/javafx.beans.property.DoublePropertyBase.set(DoublePropertyBase.java:144)
	at javafx.base@22.0.1/javafx.beans.property.DoubleProperty.setValue(DoubleProperty.java:78)
	at com.almasb.fxgl.all@21.1/com.almasb.fxgl.app.ReadOnlyGameSettings.setGlobalMusicVolume(Settings.kt:777)
	at org.example.capstonee/org.example.capstonee.GameApp.lambda$initGame$0(GameApp.java:130)
	at javafx.base@22.0.1/com.sun.javafx.binding.ExpressionHelper$Generic.fireValueChangedEvent(ExpressionHelper.java:372)
	at javafx.base@22.0.1/com.sun.javafx.binding.ExpressionHelper.fireValueChangedEvent(ExpressionHelper.java:91)
	at javafx.base@22.0.1/javafx.beans.property.BooleanPropertyBase.fireValueChangedEvent(BooleanPropertyBase.java:104)
	at javafx.base@22.0.1/javafx.beans.property.BooleanPropertyBase.markInvalid(BooleanPropertyBase.java:111)
	at javafx.base@22.0.1/javafx.beans.property.BooleanPropertyBase.set(BooleanPropertyBase.java:145)
	at org.example.capstonee/org.example.capstonee.Menu.OptionsPane.lambda$new$2(OptionsPane.java:67)
	at javafx.base@22.0.1/com.sun.javafx.event.CompositeEventHandler.dispatchBubblingEvent(CompositeEventHandler.java:86)
	at javafx.base@22.0.1/com.sun.javafx.event.EventHandlerManager.dispatchBubblingEvent(EventHandlerManager.java:232)
	at javafx.base@22.0.1/com.sun.javafx.event.EventHandlerManager.dispatchBubblingEvent(EventHandlerManager.java:189)
	at javafx.base@22.0.1/com.sun.javafx.event.CompositeEventDispatcher.dispatchBubblingEvent(CompositeEventDispatcher.java:59)
	at javafx.base@22.0.1/com.sun.javafx.event.BasicEventDispatcher.dispatchEvent(BasicEventDispatcher.java:58)
	at javafx.base@22.0.1/com.sun.javafx.event.EventDispatchChainImpl.dispatchEvent(EventDispatchChainImpl.java:114)
	at javafx.base@22.0.1/com.sun.javafx.event.BasicEventDispatcher.dispatchEvent(BasicEventDispatcher.java:56)
	at javafx.base@22.0.1/com.sun.javafx.event.EventDispatchChainImpl.dispatchEvent(EventDispatchChainImpl.java:114)
	at javafx.base@22.0.1/com.sun.javafx.event.BasicEventDispatcher.dispatchEvent(BasicEventDispatcher.java:56)
	at javafx.base@22.0.1/com.sun.javafx.event.EventDispatchChainImpl.dispatchEvent(EventDispatchChainImpl.java:114)
	at javafx.base@22.0.1/com.sun.javafx.event.BasicEventDispatcher.dispatchEvent(BasicEventDispatcher.java:56)
	at javafx.base@22.0.1/com.sun.javafx.event.EventDispatchChainImpl.dispatchEvent(EventDispatchChainImpl.java:114)
	at javafx.base@22.0.1/com.sun.javafx.event.EventUtil.fireEventImpl(EventUtil.java:74)
	at javafx.base@22.0.1/com.sun.javafx.event.EventUtil.fireEvent(EventUtil.java:49)
	at javafx.base@22.0.1/javafx.event.Event.fireEvent(Event.java:198)
	at javafx.graphics@22.0.1/javafx.scene.Node.fireEvent(Node.java:8917)
	at javafx.controls@22.0.1/javafx.scene.control.Button.fire(Button.java:203)
	at javafx.controls@22.0.1/com.sun.javafx.scene.control.behavior.ButtonBehavior.mouseReleased(ButtonBehavior.java:207)
	at javafx.controls@22.0.1/com.sun.javafx.scene.control.inputmap.InputMap.handle(InputMap.java:274)
	at javafx.base@22.0.1/com.sun.javafx.event.CompositeEventHandler$NormalEventHandlerRecord.handleBubblingEvent(CompositeEventHandler.java:247)
	at javafx.base@22.0.1/com.sun.javafx.event.CompositeEventHandler.dispatchBubblingEvent(CompositeEventHandler.java:80)
	at javafx.base@22.0.1/com.sun.javafx.event.EventHandlerManager.dispatchBubblingEvent(EventHandlerManager.java:232)
	at javafx.base@22.0.1/com.sun.javafx.event.EventHandlerManager.dispatchBubblingEvent(EventHandlerManager.java:189)
	at javafx.base@22.0.1/com.sun.javafx.event.CompositeEventDispatcher.dispatchBubblingEvent(CompositeEventDispatcher.java:59)
	at javafx.base@22.0.1/com.sun.javafx.event.BasicEventDispatcher.dispatchEvent(BasicEventDispatcher.java:58)
	at javafx.base@22.0.1/com.sun.javafx.event.EventDispatchChainImpl.dispatchEvent(EventDispatchChainImpl.java:114)
	at javafx.base@22.0.1/com.sun.javafx.event.BasicEventDispatcher.dispatchEvent(BasicEventDispatcher.java:56)
	at javafx.base@22.0.1/com.sun.javafx.event.EventDispatchChainImpl.dispatchEvent(EventDispatchChainImpl.java:114)
	at javafx.base@22.0.1/com.sun.javafx.event.BasicEventDispatcher.dispatchEvent(BasicEventDispatcher.java:56)
	at javafx.base@22.0.1/com.sun.javafx.event.EventDispatchChainImpl.dispatchEvent(EventDispatchChainImpl.java:114)
	at javafx.base@22.0.1/com.sun.javafx.event.BasicEventDispatcher.dispatchEvent(BasicEventDispatcher.java:56)
	at javafx.base@22.0.1/com.sun.javafx.event.EventDispatchChainImpl.dispatchEvent(EventDispatchChainImpl.java:114)
	at javafx.base@22.0.1/com.sun.javafx.event.EventUtil.fireEventImpl(EventUtil.java:74)
	at javafx.base@22.0.1/com.sun.javafx.event.EventUtil.fireEvent(EventUtil.java:54)
	at javafx.base@22.0.1/javafx.event.Event.fireEvent(Event.java:198)
	at javafx.graphics@22.0.1/javafx.scene.Scene$MouseHandler.process(Scene.java:3985)
	at javafx.graphics@22.0.1/javafx.scene.Scene.processMouseEvent(Scene.java:1891)
	at javafx.graphics@22.0.1/javafx.scene.Scene$ScenePeerListener.mouseEvent(Scene.java:2709)
	at javafx.graphics@22.0.1/com.sun.javafx.tk.quantum.GlassViewEventHandler$MouseEventNotification.run(GlassViewEventHandler.java:411)
	at javafx.graphics@22.0.1/com.sun.javafx.tk.quantum.GlassViewEventHandler$MouseEventNotification.run(GlassViewEventHandler.java:301)
	at java.base/java.security.AccessController.doPrivileged(AccessController.java:400)
	at javafx.graphics@22.0.1/com.sun.javafx.tk.quantum.GlassViewEventHandler.lambda$handleMouseEvent$2(GlassViewEventHandler.java:450)
	at javafx.graphics@22.0.1/com.sun.javafx.tk.quantum.QuantumToolkit.runWithoutRenderLock(QuantumToolkit.java:430)
	at javafx.graphics@22.0.1/com.sun.javafx.tk.quantum.GlassViewEventHandler.handleMouseEvent(GlassViewEventHandler.java:449)
	at javafx.graphics@22.0.1/com.sun.glass.ui.View.handleMouseEvent(View.java:551)
	at javafx.graphics@22.0.1/com.sun.glass.ui.View.notifyMouse(View.java:937)
	at javafx.graphics@22.0.1/com.sun.glass.ui.mac.MacView.notifyMouse(MacView.java:127)

21:32:28.505 [JavaFX Application Thread] FATAL FXGLApplication      - Application will now exit
21:32:28.527 [JavaFX Application Thread] DEBUG PrimaryStageWindow   - Push state: ErrorSubScene
21:32:28.527 [JavaFX Application Thread] DEBUG Input                - Clearing active input actions
21:32:28.528 [JavaFX Application Thread] DEBUG GameApplicationServi - Removing overlay from DialogSubScene and adding to ErrorSubScene
21:32:28.529 [JavaFX Application Thread] DEBUG PrimaryStageWindow   - DialogSubScene -> ErrorSubScene
21:35:31.647 [JavaFX Application Thread] DEBUG FXGLApplication      - Exiting FXGL
21:35:31.648 [JavaFX Application Thread] DEBUG Async                - Shutting down background threads
21:35:31.649 [JavaFX Application Thread] DEBUG PrimaryStageWindow   - Closing main window
21:35:31.663 [JavaFX Application Thread] DEBUG Logger               - Closing Logger
