20:40:52.338 [main                     ] DEBUG Logger               - Configured Logger
20:40:52.348 [main                     ] DEBUG GameApplication      - Logging settings
Title: Platformer with Rhythm
Version: 0.2
Width: 1280
Height: 720
Fullscreen: false
Intro: false
Profiling: false
Single step:false
App Mode: DEVELOPER
Menu Key: ESCAPE
Stage Style: DECORATED
Scene Factory: class com.almasb.fxgl.app.scene.SceneFactory

20:40:52.632 [JavaFX Application Thread] DEBUG FXGLApplication      - Initializing FXGL
20:40:52.633 [JavaFX Application Thread] INFO  Engine               - FXGL-21.1 (27.03.2024 07.52) on MAC (J:22.0.2 FX:22.0.1)
20:40:52.634 [JavaFX Application Thread] DEBUG Engine               - JRE Vendor Name: Oracle Corporation
20:40:52.634 [JavaFX Application Thread] DEBUG Engine               - Running on OS: Mac OS X version 15.3.2
20:40:52.634 [JavaFX Application Thread] DEBUG Engine               - Architecture: aarch64
20:40:52.634 [JavaFX Application Thread] INFO  Engine               - Source code and latest versions at: https://github.com/AlmasB/FXGL
20:40:52.634 [JavaFX Application Thread] INFO  Engine               -       Ask questions and discuss at: https://github.com/AlmasB/FXGL/discussions
20:40:52.634 [JavaFX Application Thread] INFO  Engine               -              Join the FXGL chat at: https://gitter.im/AlmasB/FXGL
20:40:52.674 [JavaFX Application Thread] DEBUG PrimaryStageWindow   - Creating a JavaFX scene
20:40:52.693 [JavaFX Application Thread] DEBUG PrimaryStageWindow   - Target settings size: 1280.0 x 720.0
20:40:52.693 [JavaFX Application Thread] DEBUG PrimaryStageWindow   - Scaled scene size:    1280.0 x 720.0
20:40:52.693 [JavaFX Application Thread] DEBUG PrimaryStageWindow   - Scaled ratio: (1.0, 1.0)
20:40:52.693 [JavaFX Application Thread] DEBUG PrimaryStageWindow   - Set initial scene to FXGLStartupScene
20:40:52.694 [JavaFX Application Thread] DEBUG PrimaryStageWindow   - Opening main window
20:40:52.770 [JavaFX Application Thread] DEBUG PrimaryStageWindow   - Window border size: (0.0, 28.0)
20:40:52.770 [JavaFX Application Thread] DEBUG PrimaryStageWindow   - Scaled size: 1280.0 x 720.0
20:40:52.770 [JavaFX Application Thread] DEBUG PrimaryStageWindow   - Scaled ratio: (1.0, 1.0)
20:40:52.770 [JavaFX Application Thread] DEBUG PrimaryStageWindow   - Scene size: 1280.0 x 720.0
20:40:52.770 [JavaFX Application Thread] DEBUG PrimaryStageWindow   - Stage size: 1280.0 x 748.0
20:40:52.773 [FXGL Background Thread 1 ] DEBUG Engine               - Initializing environment variables
20:40:52.794 [FXGL Background Thread 1 ] DEBUG FXGLAssetLoaderServi - User app class for loading assets: class org.example.capstonee.GameApp
20:40:52.794 [FXGL Background Thread 1 ] DEBUG GameApplicationServi - Applying CSS: fxgl_dark.css
20:40:52.794 [FXGL Background Thread 1 ] DEBUG FXGLAssetLoaderServi - Loading from file system: jar:file:///Users/ajaxestela/.m2/repository/com/github/almasb/fxgl/21.1/fxgl-21.1.jar!/fxglassets/ui/css/fxgl_dark.css
20:40:52.812 [FXGL Background Thread 1 ] DEBUG GameApplicationServi - Initializing application scenes
20:40:52.921 [FXGL Background Thread 1 ] DEBUG GameWorld            - Game world initialized
20:40:52.978 [FXGL Background Thread 1 ] DEBUG PhysicsWorld         - Physics world initialized: appHeight=720, physics.ppm=50.0
20:40:52.978 [FXGL Background Thread 1 ] DEBUG PhysicsWorld         - Using strategy: BRUTE_FORCE
20:40:52.980 [FXGL Background Thread 1 ] DEBUG GameScene            - Game scene initialized: 1280x720
20:40:52.986 [FXGL Background Thread 1 ] DEBUG FXGL.DefaultMenu     - createMenuBodyMainMenu()
20:40:52.999 [FXGL Background Thread 1 ] DEBUG FXGL.DefaultMenu     - createOptionsMenu()
20:40:53.002 [FXGL Background Thread 1 ] DEBUG FXGLAssetLoaderServi - Loading from file system: jar:file:///Users/ajaxestela/.m2/repository/com/github/almasb/fxgl/21.1/fxgl-21.1.jar!/fxglassets/textures/particles/smoke.png
20:40:53.057 [FXGL Background Thread 1 ] DEBUG FXGLAssetLoaderServi - Loading from file system: jar:file:///Users/ajaxestela/.m2/repository/com/github/almasb/fxgl/21.1/fxgl-21.1.jar!/fxglassets/textures/particles/trace_horizontal.png
20:40:53.072 [FXGL Background Thread 1 ] DEBUG FXGL.DefaultMenu     - createMenuBodyGameMenu()
20:40:53.072 [FXGL Background Thread 1 ] DEBUG FXGL.DefaultMenu     - createOptionsMenu()
20:40:53.079 [FXGL Background Thread 1 ] DEBUG GameApplicationServi - Application scenes initialized
20:40:53.084 [FXGL Background Thread 1 ] DEBUG SystemBundleService  - Loading FXGL system data
20:40:53.087 [FXGL Background Thread 1 ] DEBUG FileSystemAccess     - Reading from: /Users/ajaxestela/IdeaProjects/GitSomeSleep/Capstonee/system/fxgl.bundle
20:40:53.089 [FXGL Background Thread 1 ] DEBUG SystemBundleService  - Bundle FXGL: {}
20:40:53.089 [FXGL Background Thread 1 ] DEBUG UpdaterService       - Checking for updates
20:40:53.090 [FXGL Background Thread 4 ] DEBUG FXGLApplication      - Loading fonts
20:40:53.090 [FXGL Background Thread 4 ] DEBUG FXGLAssetLoaderServi - Loading from file system: jar:file:///Users/ajaxestela/.m2/repository/com/github/almasb/fxgl/21.1/fxgl-21.1.jar!/fxglassets/ui/fonts/VarelaRound-Regular.ttf
20:40:53.090 [FXGL Background Thread 1 ] DEBUG FXGLApplication      - Loading default localization
20:40:53.091 [FXGL Background Thread 1 ] DEBUG FXGLAssetLoaderServi - Loading from file system: jar:file:///Users/ajaxestela/.m2/repository/com/github/almasb/fxgl/21.1/fxgl-21.1.jar!/fxglassets/languages/english.lang
20:40:53.099 [FXGL Background Thread 1 ] INFO  FXGLApplication      - FXGL initialization took: 0.326 sec
20:40:53.103 [JavaFX Application Thread] DEBUG Input                - Registered new binding: Left - A
20:40:53.103 [JavaFX Application Thread] DEBUG Input                - Registered new binding: Right - D
20:40:53.103 [JavaFX Application Thread] DEBUG Input                - Registered new binding: Jump - W
20:40:53.103 [JavaFX Application Thread] DEBUG Input                - Registered new binding: Interact / Confirm - E
20:40:53.104 [JavaFX Application Thread] DEBUG Input                - Registered new binding: RhythmLane0 - H
20:40:53.104 [JavaFX Application Thread] DEBUG Input                - Registered new binding: RhythmLane1 - J
20:40:53.104 [JavaFX Application Thread] DEBUG Input                - Registered new binding: RhythmLane2 - K
20:40:53.104 [JavaFX Application Thread] DEBUG Input                - Registered new binding: RhythmLane3 - L
20:40:53.104 [JavaFX Application Thread] DEBUG Input                - Registered new binding: RhythmStart - Space
20:40:53.104 [JavaFX Application Thread] DEBUG FXGLAssetLoaderServi - Loading from file system: jar:file:///Users/ajaxestela/.m2/repository/com/github/almasb/fxgl/21.1/fxgl-21.1.jar!/fxglassets/textures/fxgl_icon.png
20:40:53.112 [FXGL Background Thread 4 ] DEBUG FXGLAssetLoaderServi - Loading from file system: jar:file:///Users/ajaxestela/.m2/repository/com/github/almasb/fxgl/21.1/fxgl-21.1.jar!/fxglassets/ui/fonts/Abel-Regular.ttf
20:40:53.115 [FXGL Background Thread 4 ] DEBUG FXGLAssetLoaderServi - Loading from file system: jar:file:///Users/ajaxestela/.m2/repository/com/github/almasb/fxgl/21.1/fxgl-21.1.jar!/fxglassets/ui/fonts/TerminalLandMono-Regular.otf
20:40:53.119 [FXGL Background Thread 4 ] DEBUG FXGLAssetLoaderServi - Loading from file system: jar:file:///Users/ajaxestela/.m2/repository/com/github/almasb/fxgl/21.1/fxgl-21.1.jar!/fxglassets/ui/fonts/Courier-Prime.ttf
20:40:53.129 [JavaFX Application Thread] DEBUG FXGLAssetLoaderServi - Loading from file system: jar:file:///Users/ajaxestela/.m2/repository/com/github/almasb/fxgl/21.1/fxgl-21.1.jar!/fxglassets/textures/fxgl_default_cursor.png
20:40:53.130 [JavaFX Application Thread] DEBUG Input                - Registered new binding: Screenshot - CTRL+8
20:40:53.131 [JavaFX Application Thread] DEBUG Input                - Registered new binding: System info dump - CTRL+9
20:40:53.131 [JavaFX Application Thread] DEBUG Input                - Registered new binding: Restart - CTRL+R
20:40:53.131 [JavaFX Application Thread] DEBUG Input                - Registered new binding: Toggle Debug Camera - CTRL+7
20:40:53.132 [JavaFX Application Thread] DEBUG LoopRunner           - Starting loop
20:40:53.132 [JavaFX Application Thread] DEBUG LoopRunner           - Initializing JavaFX AnimationTimerLoop
20:40:53.133 [JavaFX Application Thread] DEBUG Input                - Clearing active input actions
20:40:53.143 [JavaFX Application Thread] DEBUG GameApplicationServi - Removing overlay from FXGLStartupScene and adding to FXGLMainMenuDummyScene
20:40:53.143 [JavaFX Application Thread] DEBUG PrimaryStageWindow   - FXGLStartupScene -> FXGLMainMenuDummyScene
20:40:53.144 [JavaFX Application Thread] DEBUG PrimaryStageWindow   - Push state: FXGLDefaultMenu
20:40:53.148 [JavaFX Application Thread] DEBUG Input                - Clearing active input actions
20:40:53.156 [JavaFX Application Thread] DEBUG GameApplicationServi - Removing overlay from FXGLMainMenuDummyScene and adding to FXGLDefaultMenu
20:40:53.157 [JavaFX Application Thread] DEBUG PrimaryStageWindow   - FXGLMainMenuDummyScene -> FXGLDefaultMenu
20:40:53.203 [JavaFX Application Thread] DEBUG FXGLApplication      - Registering font factories with UI factory
20:40:54.330 [JavaFX Application Thread] DEBUG Menu                 - fireNewGame()
20:40:54.330 [JavaFX Application Thread] DEBUG GameApplicationServi - Starting new game
20:40:54.331 [JavaFX Application Thread] DEBUG PrimaryStageWindow   - Pop state: FXGLDefaultMenu
20:40:54.331 [JavaFX Application Thread] DEBUG Input                - Clearing active input actions
20:40:54.331 [JavaFX Application Thread] DEBUG GameApplicationServi - Removing overlay from FXGLDefaultMenu and adding to FXGLMainMenuDummyScene
20:40:54.332 [JavaFX Application Thread] DEBUG PrimaryStageWindow   - FXGLMainMenuDummyScene <- FXGLDefaultMenu
20:40:54.332 [JavaFX Application Thread] DEBUG Input                - Clearing active input actions
20:40:54.334 [JavaFX Application Thread] DEBUG GameApplicationServi - Removing overlay from FXGLMainMenuDummyScene and adding to FXGLLoadingScene
20:40:54.334 [JavaFX Application Thread] DEBUG PrimaryStageWindow   - FXGLMainMenuDummyScene -> FXGLLoadingScene
20:40:54.334 [JavaFX Application Thread] DEBUG GameApplicationServi - Clearing previous game
20:40:54.334 [JavaFX Application Thread] DEBUG GameScene            - Clearing game scene
20:40:54.334 [JavaFX Application Thread] DEBUG GameWorld            - Clearing game world
20:40:54.334 [JavaFX Application Thread] DEBUG PhysicsWorld         - Clearing physics world
20:40:54.335 [FXGL Background Thread 2 ] DEBUG FXGLApplication      - Initializing game
20:40:54.336 [FXGL Background Thread 2 ] WARN  FXGLAssetLoaderServi - Asset "/assets/sounds/sounds/hit.wav" was not found!
20:40:54.336 [FXGL Background Thread 2 ] WARN  FXGLAssetLoaderServi - Failed to load SOUND
20:40:54.336 [FXGL Background Thread 2 ] WARN  FXGLAssetLoaderServi - Asset "/assets/sounds/sounds/miss.wav" was not found!
20:40:54.336 [FXGL Background Thread 2 ] WARN  FXGLAssetLoaderServi - Failed to load SOUND
20:40:54.364 [FXGL Background Thread 2 ] WARN  TMXLevelLoader       - TiledMap generated from 1.11.0. Supported version: 1.9.0. Some features may not be parsed fully.
20:40:54.367 [FXGL Background Thread 2 ] DEBUG TMXLevelLoader       - Parsed TiledMap: file:/Users/ajaxestela/IdeaProjects/GitSomeSleep/Capstonee/target/classes/assets/levels/tmx/test.tmx
20:40:54.367 [FXGL Background Thread 2 ] DEBUG TMXLevelLoader       - Creating tile layer entities
20:40:54.368 [FXGL Background Thread 2 ] DEBUG TilesetLoader        - Loading view for layer Tile Layer 1
20:40:54.368 [FXGL Background Thread 2 ] DEBUG TilesetLoader        - Created buffer with size 320.0x320.0
20:40:54.371 [FXGL Background Thread 2 ] DEBUG TMXLevelLoader       - Creating object layer entities
20:40:54.375 [FXGL Background Thread 2 ] DEBUG GameWorld            - Clearing removable entities
20:40:54.375 [FXGL Background Thread 2 ] DEBUG GameWorld            - Setting level: com.almasb.fxgl.entity.level.Level@543a787a
20:40:54.378 [FXGL Background Thread 2 ] WARN  FXGLAssetLoaderServi - Asset "/assets/textures/player.png" was not found!
20:40:54.378 [FXGL Background Thread 2 ] WARN  FXGLAssetLoaderServi - Failed to load IMAGE
20:40:54.383 [FXGL Background Thread 2 ] DEBUG FXGLAssetLoaderServi - Loading from file system: file:/Users/ajaxestela/IdeaProjects/GitSomeSleep/Capstonee/target/classes/assets/textures/background/bruh.jpg
20:40:54.396 [FXGL Background Thread 2 ] INFO  FXGLApplication      - Game initialization took: 0.061 sec
20:40:54.397 [JavaFX Application Thread] DEBUG Input                - Clearing active input actions
20:40:54.399 [JavaFX Application Thread] DEBUG GameApplicationServi - Removing overlay from FXGLLoadingScene and adding to GameScene
20:40:54.399 [JavaFX Application Thread] DEBUG PrimaryStageWindow   - FXGLLoadingScene -> GameScene
20:40:56.095 [FXGL Background Thread 3 ] DEBUG Engine               - Logging environment variables
20:40:56.097 [FXGL Background Thread 3 ] DEBUG Engine               - achievements: []
20:40:56.097 [FXGL Background Thread 3 ] DEBUG Engine               - actualHeight: 720.0
20:40:56.097 [FXGL Background Thread 3 ] DEBUG Engine               - actualHeightProperty: ReadOnlyDoubleProperty [value: 720.0]
20:40:56.097 [FXGL Background Thread 3 ] DEBUG Engine               - actualWidth: 1280.0
20:40:56.097 [FXGL Background Thread 3 ] DEBUG Engine               - actualWidthProperty: ReadOnlyDoubleProperty [value: 1280.0]
20:40:56.097 [FXGL Background Thread 3 ] DEBUG Engine               - appIcon: fxgl_icon.png
20:40:56.097 [FXGL Background Thread 3 ] DEBUG Engine               - applicationMode: DEVELOPER
20:40:56.097 [FXGL Background Thread 3 ] DEBUG Engine               - cSSList: [fxgl_dark.css]
20:40:56.097 [FXGL Background Thread 3 ] DEBUG Engine               - collisionDetectionStrategy: BRUTE_FORCE
20:40:56.097 [FXGL Background Thread 3 ] DEBUG Engine               - configClass: Optional.empty
20:40:56.097 [FXGL Background Thread 3 ] DEBUG Engine               - credits: []
20:40:56.098 [FXGL Background Thread 3 ] DEBUG Engine               - defaultCursor: CursorInfo(imageName=fxgl_default_cursor.png, hotspotX=7.0, hotspotY=6.0)
20:40:56.098 [FXGL Background Thread 3 ] DEBUG Engine               - devBBoxColorProperty: ObjectProperty [value: 0xff0000ff]
20:40:56.098 [FXGL Background Thread 3 ] DEBUG Engine               - devEnableDebugCameraProperty: BooleanProperty [value: false]
20:40:56.098 [FXGL Background Thread 3 ] DEBUG Engine               - devSensorColorProperty: ObjectProperty [value: 0xffff00ff]
20:40:56.099 [FXGL Background Thread 3 ] DEBUG Engine               - devShowBBoxProperty: BooleanProperty [value: false]
20:40:56.099 [FXGL Background Thread 3 ] DEBUG Engine               - devShowPositionProperty: BooleanProperty [value: false]
20:40:56.099 [FXGL Background Thread 3 ] DEBUG Engine               - enabledMenuItems: []
20:40:56.099 [FXGL Background Thread 3 ] DEBUG Engine               - engineServices: [class com.almasb.fxgl.app.services.FXGLAssetLoaderService, class com.almasb.fxgl.app.FXGLApplication$GameApplicationService, class com.almasb.fxgl.app.services.FXGLDialogService, class com.almasb.fxgl.app.services.IOTaskExecutorService, class com.almasb.fxgl.io.FileSystemService, class com.almasb.fxgl.localization.LocalizationService, class com.almasb.fxgl.app.services.SystemBundleService, class com.almasb.fxgl.profile.SaveLoadService, class com.almasb.fxgl.ui.FXGLUIFactoryServiceProvider, class com.almasb.fxgl.ui.FXGLDialogFactoryServiceProvider, class com.almasb.fxgl.audio.AudioPlayer, class com.almasb.fxgl.notification.impl.NotificationServiceProvider, class com.almasb.fxgl.achievement.AchievementService, class com.almasb.fxgl.cutscene.CutsceneService, class com.almasb.fxgl.minigames.MiniGameService, class com.almasb.fxgl.net.NetService, class com.almasb.fxgl.app.services.UpdaterService, class com.almasb.fxgl.dev.DevService]
20:40:56.099 [FXGL Background Thread 3 ] DEBUG Engine               - fontGame: Abel-Regular.ttf
20:40:56.099 [FXGL Background Thread 3 ] DEBUG Engine               - fontMono: TerminalLandMono-Regular.otf
20:40:56.099 [FXGL Background Thread 3 ] DEBUG Engine               - fontSizeScaleUI: 1.0
20:40:56.099 [FXGL Background Thread 3 ] DEBUG Engine               - fontText: Courier-Prime.ttf
20:40:56.099 [FXGL Background Thread 3 ] DEBUG Engine               - fontUI: VarelaRound-Regular.ttf
20:40:56.099 [FXGL Background Thread 3 ] DEBUG Engine               - fullScreen: BooleanProperty [value: false]
20:40:56.099 [FXGL Background Thread 3 ] DEBUG Engine               - gameDifficulty: MEDIUM
20:40:56.099 [FXGL Background Thread 3 ] DEBUG Engine               - gameDifficultyProperty: ObjectProperty [value: MEDIUM]
20:40:56.099 [FXGL Background Thread 3 ] DEBUG Engine               - globalMusicVolume: 0.5
20:40:56.099 [FXGL Background Thread 3 ] DEBUG Engine               - globalMusicVolumeProperty: DoubleProperty [value: 0.5]
20:40:56.099 [FXGL Background Thread 3 ] DEBUG Engine               - globalSoundVolume: 0.5
20:40:56.099 [FXGL Background Thread 3 ] DEBUG Engine               - globalSoundVolumeProperty: DoubleProperty [value: 0.5]
20:40:56.100 [FXGL Background Thread 3 ] DEBUG Engine               - height: 720
20:40:56.100 [FXGL Background Thread 3 ] DEBUG Engine               - is3D: false
20:40:56.100 [FXGL Background Thread 3 ] DEBUG Engine               - isAndroid: false
20:40:56.100 [FXGL Background Thread 3 ] DEBUG Engine               - isBrowser: false
20:40:56.100 [FXGL Background Thread 3 ] DEBUG Engine               - isClickFeedbackEnabled: false
20:40:56.100 [FXGL Background Thread 3 ] DEBUG Engine               - isCloseConfirmation: false
20:40:56.100 [FXGL Background Thread 3 ] DEBUG Engine               - isDesktop: true
20:40:56.100 [FXGL Background Thread 3 ] DEBUG Engine               - isDeveloperMenuEnabled: false
20:40:56.100 [FXGL Background Thread 3 ] DEBUG Engine               - isEmbedded: false
20:40:56.100 [FXGL Background Thread 3 ] DEBUG Engine               - isEntityPreloadEnabled: true
20:40:56.100 [FXGL Background Thread 3 ] DEBUG Engine               - isExperimentalTiledLargeMap: false
20:40:56.100 [FXGL Background Thread 3 ] DEBUG Engine               - isFileSystemWriteAllowed: true
20:40:56.100 [FXGL Background Thread 3 ] DEBUG Engine               - isFullScreenAllowed: false
20:40:56.100 [FXGL Background Thread 3 ] DEBUG Engine               - isFullScreenFromStart: false
20:40:56.100 [FXGL Background Thread 3 ] DEBUG Engine               - isGameMenuEnabled: true
20:40:56.100 [FXGL Background Thread 3 ] DEBUG Engine               - isIOS: false
20:40:56.100 [FXGL Background Thread 3 ] DEBUG Engine               - isIntroEnabled: false
20:40:56.101 [FXGL Background Thread 3 ] DEBUG Engine               - isLinux: false
20:40:56.101 [FXGL Background Thread 3 ] DEBUG Engine               - isMac: true
20:40:56.101 [FXGL Background Thread 3 ] DEBUG Engine               - isMainMenuEnabled: true
20:40:56.101 [FXGL Background Thread 3 ] DEBUG Engine               - isManualResizeEnabled: false
20:40:56.101 [FXGL Background Thread 3 ] DEBUG Engine               - isMobile: false
20:40:56.101 [FXGL Background Thread 3 ] DEBUG Engine               - isNative: false
20:40:56.101 [FXGL Background Thread 3 ] DEBUG Engine               - isPauseMusicWhenMinimized: true
20:40:56.101 [FXGL Background Thread 3 ] DEBUG Engine               - isPreserveResizeRatio: false
20:40:56.101 [FXGL Background Thread 3 ] DEBUG Engine               - isProfilingEnabled: false
20:40:56.101 [FXGL Background Thread 3 ] DEBUG Engine               - isScaleAffectedOnResize: true
20:40:56.101 [FXGL Background Thread 3 ] DEBUG Engine               - isSingleStep: false
20:40:56.101 [FXGL Background Thread 3 ] DEBUG Engine               - isUserProfileEnabled: false
20:40:56.101 [FXGL Background Thread 3 ] DEBUG Engine               - isWindows: false
20:40:56.101 [FXGL Background Thread 3 ] DEBUG Engine               - language: ObjectProperty [value: ENGLISH]
20:40:56.102 [FXGL Background Thread 3 ] DEBUG Engine               - menuKey: ESCAPE
20:40:56.102 [FXGL Background Thread 3 ] DEBUG Engine               - mouseSensitivity: 0.2
20:40:56.102 [FXGL Background Thread 3 ] DEBUG Engine               - notificationViewClass: class com.almasb.fxgl.notification.view.XboxNotificationView
20:40:56.102 [FXGL Background Thread 3 ] DEBUG Engine               - pixelsPerMeter: 50.0
20:40:56.102 [FXGL Background Thread 3 ] DEBUG Engine               - platform: MAC
20:40:56.102 [FXGL Background Thread 3 ] DEBUG Engine               - prefHeightProperty: ReadOnlyDoubleProperty [value: 720.0]
20:40:56.102 [FXGL Background Thread 3 ] DEBUG Engine               - prefWidthProperty: ReadOnlyDoubleProperty [value: 1280.0]
20:40:56.102 [FXGL Background Thread 3 ] DEBUG Engine               - profileDir: profiles/
20:40:56.102 [FXGL Background Thread 3 ] DEBUG Engine               - profileName: StringProperty [value: DEFAULT]
20:40:56.102 [FXGL Background Thread 3 ] DEBUG Engine               - randomSeed: -1
20:40:56.103 [FXGL Background Thread 3 ] DEBUG Engine               - runtimeInfo: RuntimeInfo(platform=MAC, version=21.1, build=27.03.2024 07.52)
20:40:56.103 [FXGL Background Thread 3 ] DEBUG Engine               - saveFileExt: sav
20:40:56.103 [FXGL Background Thread 3 ] DEBUG Engine               - scaledHeightProp$fxgl: DoubleProperty [bound, value: 720.0]
20:40:56.103 [FXGL Background Thread 3 ] DEBUG Engine               - scaledWidthProp$fxgl: DoubleProperty [bound, value: 1280.0]
20:40:56.103 [FXGL Background Thread 3 ] DEBUG Engine               - sceneFactory: com.almasb.fxgl.app.scene.SceneFactory@3127470c
20:40:56.103 [FXGL Background Thread 3 ] DEBUG Engine               - secondsIn24h: 60
20:40:56.103 [FXGL Background Thread 3 ] DEBUG Engine               - soundMenuBack: menu/back.wav
20:40:56.103 [FXGL Background Thread 3 ] DEBUG Engine               - soundMenuPress: menu/press.wav
20:40:56.103 [FXGL Background Thread 3 ] DEBUG Engine               - soundMenuSelect: menu/select.wav
20:40:56.104 [FXGL Background Thread 3 ] DEBUG Engine               - soundNotification: core/notification.wav
20:40:56.104 [FXGL Background Thread 3 ] DEBUG Engine               - stageStyle: DECORATED
20:40:56.104 [FXGL Background Thread 3 ] DEBUG Engine               - supportedLanguages: [ENGLISH, FRENCH, GERMAN, HUNGARIAN, RUSSIAN]
20:40:56.104 [FXGL Background Thread 3 ] DEBUG Engine               - ticksPerSecond: -1
20:40:56.104 [FXGL Background Thread 3 ] DEBUG Engine               - title: Platformer with Rhythm
20:40:56.104 [FXGL Background Thread 3 ] DEBUG Engine               - urlGithub: https://github.com/AlmasB/FXGL
20:40:56.104 [FXGL Background Thread 3 ] DEBUG Engine               - urlLeaderboard: http://fxgl-top.herokuapp.com/
20:40:56.104 [FXGL Background Thread 3 ] DEBUG Engine               - urlPOM: https://raw.githubusercontent.com/AlmasB/FXGL/release/README.md
20:40:56.104 [FXGL Background Thread 3 ] DEBUG Engine               - userAppClass: class org.example.capstonee.GameApp
20:40:56.104 [FXGL Background Thread 3 ] DEBUG Engine               - version: 0.2
20:40:56.104 [FXGL Background Thread 3 ] DEBUG Engine               - versionCheckDays: 7
20:40:56.104 [FXGL Background Thread 3 ] DEBUG Engine               - width: 1280
20:40:56.104 [FXGL Background Thread 3 ] DEBUG Engine               - Logging services
20:40:56.104 [FXGL Background Thread 3 ] DEBUG Engine               - class com.almasb.fxgl.app.services.FXGLAssetLoaderService
20:40:56.104 [FXGL Background Thread 3 ] DEBUG Engine               - class com.almasb.fxgl.app.FXGLApplication$GameApplicationService
20:40:56.104 [FXGL Background Thread 3 ] DEBUG Engine               - class com.almasb.fxgl.app.services.FXGLDialogService
20:40:56.104 [FXGL Background Thread 3 ] DEBUG Engine               - class com.almasb.fxgl.app.services.IOTaskExecutorService
20:40:56.104 [FXGL Background Thread 3 ] DEBUG Engine               - class com.almasb.fxgl.io.FileSystemService
20:40:56.105 [FXGL Background Thread 3 ] DEBUG Engine               - class com.almasb.fxgl.localization.LocalizationService
20:40:56.105 [FXGL Background Thread 3 ] DEBUG Engine               - class com.almasb.fxgl.app.services.SystemBundleService
20:40:56.105 [FXGL Background Thread 3 ] DEBUG Engine               - class com.almasb.fxgl.profile.SaveLoadService
20:40:56.105 [FXGL Background Thread 3 ] DEBUG Engine               - class com.almasb.fxgl.ui.FXGLUIFactoryServiceProvider
20:40:56.105 [FXGL Background Thread 3 ] DEBUG Engine               - class com.almasb.fxgl.ui.FXGLDialogFactoryServiceProvider
20:40:56.105 [FXGL Background Thread 3 ] DEBUG Engine               - class com.almasb.fxgl.audio.AudioPlayer
20:40:56.105 [FXGL Background Thread 3 ] DEBUG Engine               - class com.almasb.fxgl.notification.impl.NotificationServiceProvider
20:40:56.105 [FXGL Background Thread 3 ] DEBUG Engine               - class com.almasb.fxgl.achievement.AchievementService
20:40:56.105 [FXGL Background Thread 3 ] DEBUG Engine               - class com.almasb.fxgl.cutscene.CutsceneService
20:40:56.105 [FXGL Background Thread 3 ] DEBUG Engine               - class com.almasb.fxgl.minigames.MiniGameService
20:40:56.105 [FXGL Background Thread 3 ] DEBUG Engine               - class com.almasb.fxgl.net.NetService
20:40:56.105 [FXGL Background Thread 3 ] DEBUG Engine               - class com.almasb.fxgl.app.services.UpdaterService
20:40:56.105 [FXGL Background Thread 3 ] DEBUG Engine               - class com.almasb.fxgl.dev.DevService
20:40:56.768 [JavaFX Application Thread] DEBUG FXGLAssetLoaderServi - Loading from file system: file:/Users/ajaxestela/IdeaProjects/GitSomeSleep/Capstonee/target/classes/assets/text/gameCutscene_sample1.txt
20:40:56.774 [JavaFX Application Thread] DEBUG Input                - Registered new binding: Next RPG Line - Enter
20:40:56.775 [JavaFX Application Thread] WARN  FXGLAssetLoaderServi - Asset "/assets/textures/bruh.png" was not found!
20:40:56.776 [JavaFX Application Thread] WARN  FXGLAssetLoaderServi - Failed to load IMAGE
20:40:56.776 [JavaFX Application Thread] DEBUG PrimaryStageWindow   - Push state: CutsceneScene
20:40:56.776 [JavaFX Application Thread] DEBUG Input                - Clearing active input actions
20:40:56.777 [JavaFX Application Thread] DEBUG GameApplicationServi - Removing overlay from GameScene and adding to CutsceneScene
20:40:56.778 [JavaFX Application Thread] DEBUG PrimaryStageWindow   - GameScene -> CutsceneScene
20:40:57.850 [JavaFX Application Thread] DEBUG FXGLAssetLoaderServi - Loading from file system: file:/Users/ajaxestela/IdeaProjects/GitSomeSleep/Capstonee/target/classes/assets/textures/tuntunsahur.png
20:40:58.951 [JavaFX Application Thread] DEBUG PrimaryStageWindow   - Pop state: CutsceneScene
20:40:58.952 [JavaFX Application Thread] DEBUG Input                - Clearing active input actions
20:40:58.952 [JavaFX Application Thread] DEBUG GameApplicationServi - Removing overlay from CutsceneScene and adding to GameScene
20:40:58.953 [JavaFX Application Thread] DEBUG PrimaryStageWindow   - GameScene <- CutsceneScene
20:40:58.970 [JavaFX Application Thread] DEBUG FXGLAssetLoaderServi - Loading from file system: file:/Users/ajaxestela/IdeaProjects/GitSomeSleep/Capstonee/target/classes/assets/textures/background/pixelatedliyue.png
20:40:59.020 [JavaFX Application Thread] DEBUG FXGLAssetLoaderServi - Loading from file system: file:/Users/ajaxestela/IdeaProjects/GitSomeSleep/Capstonee/target/classes/assets/music/songs/desperato.wav
20:41:02.827 [JavaFX Application Thread] DEBUG FXGLApplication      - Exiting FXGL
20:41:02.827 [JavaFX Application Thread] DEBUG LoopRunner           - Stopping loop
20:41:02.828 [JavaFX Application Thread] DEBUG SystemBundleService  - Saving FXGL system data
20:41:02.829 [JavaFX Application Thread] DEBUG FileSystemAccess     - Writing to: /Users/ajaxestela/IdeaProjects/GitSomeSleep/Capstonee/system/fxgl.bundle
20:41:02.830 [JavaFX Application Thread] DEBUG Async                - Shutting down background threads
20:41:02.830 [JavaFX Application Thread] DEBUG PrimaryStageWindow   - Closing main window
20:41:02.852 [JavaFX Application Thread] DEBUG Logger               - Closing Logger
