22:20:06.248 [main                     ] DEBUG Logger               - Configured Logger
22:20:06.258 [main                     ] DEBUG GameApplication      - Logging settings
Title: Rhythm Impact
Version: 1.0
Width: 1280
Height: 720
Fullscreen: false
Intro: false
Profiling: false
Single step:false
App Mode: DEVELOPER
Menu Key: ESCAPE
Stage Style: DECORATED
Scene Factory: class org.example.capstonee.Menu.MenuSceneFactory

22:20:07.040 [JavaFX Application Thread] DEBUG FXGLApplication      - Initializing FXGL
22:20:07.042 [JavaFX Application Thread] INFO  Engine               - FXGL-21.1 (27.03.2024 07.52) on MAC (J:22.0.2 FX:22.0.1)
22:20:07.042 [JavaFX Application Thread] DEBUG Engine               - JRE Vendor Name: Oracle Corporation
22:20:07.042 [JavaFX Application Thread] DEBUG Engine               - Running on OS: Mac OS X version 15.3.2
22:20:07.042 [JavaFX Application Thread] DEBUG Engine               - Architecture: aarch64
22:20:07.042 [JavaFX Application Thread] INFO  Engine               - Source code and latest versions at: https://github.com/AlmasB/FXGL
22:20:07.042 [JavaFX Application Thread] INFO  Engine               -       Ask questions and discuss at: https://github.com/AlmasB/FXGL/discussions
22:20:07.042 [JavaFX Application Thread] INFO  Engine               -              Join the FXGL chat at: https://gitter.im/AlmasB/FXGL
22:20:07.081 [JavaFX Application Thread] DEBUG PrimaryStageWindow   - Creating a JavaFX scene
22:20:07.100 [JavaFX Application Thread] DEBUG PrimaryStageWindow   - Target settings size: 1280.0 x 720.0
22:20:07.100 [JavaFX Application Thread] DEBUG PrimaryStageWindow   - Scaled scene size:    1280.0 x 720.0
22:20:07.100 [JavaFX Application Thread] DEBUG PrimaryStageWindow   - Scaled ratio: (1.0, 1.0)
22:20:07.100 [JavaFX Application Thread] DEBUG PrimaryStageWindow   - Set initial scene to FXGLStartupScene
22:20:07.102 [JavaFX Application Thread] DEBUG PrimaryStageWindow   - Opening main window
22:20:07.180 [JavaFX Application Thread] DEBUG PrimaryStageWindow   - Window border size: (0.0, 28.0)
22:20:07.180 [JavaFX Application Thread] DEBUG PrimaryStageWindow   - Scaled size: 1280.0 x 720.0
22:20:07.180 [JavaFX Application Thread] DEBUG PrimaryStageWindow   - Scaled ratio: (1.0, 1.0)
22:20:07.180 [JavaFX Application Thread] DEBUG PrimaryStageWindow   - Scene size: 1280.0 x 720.0
22:20:07.180 [JavaFX Application Thread] DEBUG PrimaryStageWindow   - Stage size: 1280.0 x 748.0
22:20:07.183 [FXGL Background Thread 1 ] DEBUG Engine               - Initializing environment variables
22:20:07.212 [FXGL Background Thread 1 ] DEBUG FXGLAssetLoaderServi - User app class for loading assets: class org.example.capstonee.GameApp
22:20:07.213 [FXGL Background Thread 1 ] DEBUG GameApplicationServi - Applying CSS: fxgl_dark.css
22:20:07.213 [FXGL Background Thread 1 ] DEBUG FXGLAssetLoaderServi - Loading from file system: jar:file:///Users/ajaxestela/.m2/repository/com/github/almasb/fxgl/21.1/fxgl-21.1.jar!/fxglassets/ui/css/fxgl_dark.css
22:20:07.256 [FXGL Background Thread 1 ] DEBUG GameApplicationServi - Initializing application scenes
22:20:07.509 [FXGL Background Thread 1 ] DEBUG GameWorld            - Game world initialized
22:20:07.565 [FXGL Background Thread 1 ] DEBUG PhysicsWorld         - Physics world initialized: appHeight=720, physics.ppm=50.0
22:20:07.565 [FXGL Background Thread 1 ] DEBUG PhysicsWorld         - Using strategy: BRUTE_FORCE
22:20:07.568 [FXGL Background Thread 1 ] DEBUG GameScene            - Game scene initialized: 1280x720
22:20:07.575 [FXGL Background Thread 1 ] WARN  FXGLAssetLoaderServi - Asset "/assets/music/music/menu_theme.wav" was not found!
22:20:07.575 [FXGL Background Thread 1 ] WARN  FXGLAssetLoaderServi - Failed to load MUSIC
22:20:07.585 [FXGL Background Thread 1 ] DEBUG FXGLAssetLoaderServi - Loading from file system: file:/Users/ajaxestela/IdeaProjects/GitSomeSleep/Capstonee/target/classes/assets/textures/background/nearest4.png
22:20:07.677 [FXGL Background Thread 1 ] DEBUG FXGLAssetLoaderServi - Loading from file system: file:/Users/ajaxestela/IdeaProjects/GitSomeSleep/Capstonee/target/classes/assets/textures/background/nearest3.png
22:20:07.694 [FXGL Background Thread 1 ] DEBUG FXGLAssetLoaderServi - Loading from file system: file:/Users/ajaxestela/IdeaProjects/GitSomeSleep/Capstonee/target/classes/assets/textures/background/nearest2.png
22:20:07.715 [FXGL Background Thread 1 ] DEBUG FXGLAssetLoaderServi - Loading from file system: file:/Users/ajaxestela/IdeaProjects/GitSomeSleep/Capstonee/target/classes/assets/textures/background/%20nearest1.png
22:20:07.739 [FXGL Background Thread 1 ] DEBUG GameApplicationServi - Application scenes initialized
22:20:07.750 [FXGL Background Thread 1 ] DEBUG SystemBundleService  - Loading FXGL system data
22:20:07.754 [FXGL Background Thread 1 ] DEBUG FileSystemAccess     - Reading from: /Users/ajaxestela/IdeaProjects/GitSomeSleep/Capstonee/system/fxgl.bundle
22:20:07.759 [FXGL Background Thread 1 ] DEBUG SystemBundleService  - Bundle FXGL: {}
22:20:07.759 [FXGL Background Thread 1 ] DEBUG UpdaterService       - Checking for updates
22:20:07.763 [FXGL Background Thread 4 ] DEBUG FXGLApplication      - Loading fonts
22:20:07.763 [FXGL Background Thread 4 ] DEBUG FXGLAssetLoaderServi - Loading from file system: jar:file:///Users/ajaxestela/.m2/repository/com/github/almasb/fxgl/21.1/fxgl-21.1.jar!/fxglassets/ui/fonts/VarelaRound-Regular.ttf
22:20:07.764 [FXGL Background Thread 1 ] DEBUG FXGLApplication      - Loading default localization
22:20:07.764 [FXGL Background Thread 1 ] DEBUG FXGLAssetLoaderServi - Loading from file system: jar:file:///Users/ajaxestela/.m2/repository/com/github/almasb/fxgl/21.1/fxgl-21.1.jar!/fxglassets/languages/english.lang
22:20:07.776 [FXGL Background Thread 1 ] INFO  FXGLApplication      - FXGL initialization took: 0.592 sec
22:20:07.780 [JavaFX Application Thread] DEBUG Input                - Registered new binding: RhythmLane0 - H
22:20:07.780 [JavaFX Application Thread] DEBUG Input                - Registered new binding: RhythmLane1 - J
22:20:07.780 [JavaFX Application Thread] DEBUG Input                - Registered new binding: RhythmLane2 - K
22:20:07.780 [JavaFX Application Thread] DEBUG Input                - Registered new binding: RhythmLane3 - L
22:20:07.780 [JavaFX Application Thread] DEBUG Input                - Registered new binding: RhythmStart - Space
22:20:07.780 [JavaFX Application Thread] DEBUG FXGLAssetLoaderServi - Loading from file system: jar:file:///Users/ajaxestela/.m2/repository/com/github/almasb/fxgl/21.1/fxgl-21.1.jar!/fxglassets/textures/fxgl_icon.png
22:20:07.799 [FXGL Background Thread 4 ] DEBUG FXGLAssetLoaderServi - Loading from file system: jar:file:///Users/ajaxestela/.m2/repository/com/github/almasb/fxgl/21.1/fxgl-21.1.jar!/fxglassets/ui/fonts/Abel-Regular.ttf
22:20:07.804 [FXGL Background Thread 4 ] DEBUG FXGLAssetLoaderServi - Loading from file system: jar:file:///Users/ajaxestela/.m2/repository/com/github/almasb/fxgl/21.1/fxgl-21.1.jar!/fxglassets/ui/fonts/TerminalLandMono-Regular.otf
22:20:07.810 [JavaFX Application Thread] DEBUG FXGLAssetLoaderServi - Loading from file system: jar:file:///Users/ajaxestela/.m2/repository/com/github/almasb/fxgl/21.1/fxgl-21.1.jar!/fxglassets/textures/fxgl_default_cursor.png
22:20:07.811 [JavaFX Application Thread] DEBUG Input                - Registered new binding: Screenshot - CTRL+8
22:20:07.811 [JavaFX Application Thread] DEBUG Input                - Registered new binding: System info dump - CTRL+9
22:20:07.811 [JavaFX Application Thread] DEBUG Input                - Registered new binding: Restart - CTRL+R
22:20:07.811 [JavaFX Application Thread] DEBUG Input                - Registered new binding: Toggle Debug Camera - CTRL+7
22:20:07.812 [JavaFX Application Thread] DEBUG LoopRunner           - Starting loop
22:20:07.812 [JavaFX Application Thread] DEBUG LoopRunner           - Initializing JavaFX AnimationTimerLoop
22:20:07.812 [FXGL Background Thread 4 ] DEBUG FXGLAssetLoaderServi - Loading from file system: jar:file:///Users/ajaxestela/.m2/repository/com/github/almasb/fxgl/21.1/fxgl-21.1.jar!/fxglassets/ui/fonts/Courier-Prime.ttf
22:20:07.814 [JavaFX Application Thread] DEBUG Input                - Clearing active input actions
22:20:07.817 [JavaFX Application Thread] DEBUG GameApplicationServi - Removing overlay from FXGLStartupScene and adding to FXGLMainMenuDummyScene
22:20:07.817 [JavaFX Application Thread] DEBUG PrimaryStageWindow   - FXGLStartupScene -> FXGLMainMenuDummyScene
22:20:07.817 [JavaFX Application Thread] DEBUG PrimaryStageWindow   - Push state: MainMenu
22:20:07.818 [JavaFX Application Thread] DEBUG Input                - Clearing active input actions
22:20:07.824 [JavaFX Application Thread] DEBUG GameApplicationServi - Removing overlay from FXGLMainMenuDummyScene and adding to MainMenu
22:20:07.824 [JavaFX Application Thread] DEBUG PrimaryStageWindow   - FXGLMainMenuDummyScene -> MainMenu
22:20:07.902 [JavaFX Application Thread] DEBUG FXGLApplication      - Registering font factories with UI factory
22:20:08.621 [JavaFX Application Thread] DEBUG PrimaryStageWindow   - Push state: DialogSubScene
22:20:08.622 [JavaFX Application Thread] DEBUG Input                - Clearing active input actions
22:20:08.622 [JavaFX Application Thread] DEBUG GameApplicationServi - Removing overlay from MainMenu and adding to DialogSubScene
22:20:08.622 [JavaFX Application Thread] DEBUG PrimaryStageWindow   - MainMenu -> DialogSubScene
22:20:10.766 [FXGL Background Thread 3 ] DEBUG Engine               - Logging environment variables
22:20:10.767 [FXGL Background Thread 3 ] DEBUG Engine               - achievements: []
22:20:10.767 [FXGL Background Thread 3 ] DEBUG Engine               - actualHeight: 720.0
22:20:10.767 [FXGL Background Thread 3 ] DEBUG Engine               - actualHeightProperty: ReadOnlyDoubleProperty [value: 720.0]
22:20:10.767 [FXGL Background Thread 3 ] DEBUG Engine               - actualWidth: 1280.0
22:20:10.767 [FXGL Background Thread 3 ] DEBUG Engine               - actualWidthProperty: ReadOnlyDoubleProperty [value: 1280.0]
22:20:10.767 [FXGL Background Thread 3 ] DEBUG Engine               - appIcon: fxgl_icon.png
22:20:10.767 [FXGL Background Thread 3 ] DEBUG Engine               - applicationMode: DEVELOPER
22:20:10.767 [FXGL Background Thread 3 ] DEBUG Engine               - cSSList: [fxgl_dark.css]
22:20:10.767 [FXGL Background Thread 3 ] DEBUG Engine               - collisionDetectionStrategy: BRUTE_FORCE
22:20:10.767 [FXGL Background Thread 3 ] DEBUG Engine               - configClass: Optional.empty
22:20:10.767 [FXGL Background Thread 3 ] DEBUG Engine               - credits: []
22:20:10.768 [FXGL Background Thread 3 ] DEBUG Engine               - defaultCursor: CursorInfo(imageName=fxgl_default_cursor.png, hotspotX=7.0, hotspotY=6.0)
22:20:10.768 [FXGL Background Thread 3 ] DEBUG Engine               - devBBoxColorProperty: ObjectProperty [value: 0xff0000ff]
22:20:10.768 [FXGL Background Thread 3 ] DEBUG Engine               - devEnableDebugCameraProperty: BooleanProperty [value: false]
22:20:10.768 [FXGL Background Thread 3 ] DEBUG Engine               - devSensorColorProperty: ObjectProperty [value: 0xffff00ff]
22:20:10.768 [FXGL Background Thread 3 ] DEBUG Engine               - devShowBBoxProperty: BooleanProperty [value: false]
22:20:10.768 [FXGL Background Thread 3 ] DEBUG Engine               - devShowPositionProperty: BooleanProperty [value: false]
22:20:10.768 [FXGL Background Thread 3 ] DEBUG Engine               - enabledMenuItems: []
22:20:10.768 [FXGL Background Thread 3 ] DEBUG Engine               - engineServices: [class com.almasb.fxgl.app.services.FXGLAssetLoaderService, class com.almasb.fxgl.app.FXGLApplication$GameApplicationService, class com.almasb.fxgl.app.services.FXGLDialogService, class com.almasb.fxgl.app.services.IOTaskExecutorService, class com.almasb.fxgl.io.FileSystemService, class com.almasb.fxgl.localization.LocalizationService, class com.almasb.fxgl.app.services.SystemBundleService, class com.almasb.fxgl.profile.SaveLoadService, class com.almasb.fxgl.ui.FXGLUIFactoryServiceProvider, class com.almasb.fxgl.ui.FXGLDialogFactoryServiceProvider, class com.almasb.fxgl.audio.AudioPlayer, class com.almasb.fxgl.notification.impl.NotificationServiceProvider, class com.almasb.fxgl.achievement.AchievementService, class com.almasb.fxgl.cutscene.CutsceneService, class com.almasb.fxgl.minigames.MiniGameService, class com.almasb.fxgl.net.NetService, class com.almasb.fxgl.app.services.UpdaterService, class com.almasb.fxgl.dev.DevService]
22:20:10.768 [FXGL Background Thread 3 ] DEBUG Engine               - fontGame: Abel-Regular.ttf
22:20:10.768 [FXGL Background Thread 3 ] DEBUG Engine               - fontMono: TerminalLandMono-Regular.otf
22:20:10.768 [FXGL Background Thread 3 ] DEBUG Engine               - fontSizeScaleUI: 1.0
22:20:10.768 [FXGL Background Thread 3 ] DEBUG Engine               - fontText: Courier-Prime.ttf
22:20:10.768 [FXGL Background Thread 3 ] DEBUG Engine               - fontUI: VarelaRound-Regular.ttf
22:20:10.768 [FXGL Background Thread 3 ] DEBUG Engine               - fullScreen: BooleanProperty [value: false]
22:20:10.769 [FXGL Background Thread 3 ] DEBUG Engine               - gameDifficulty: MEDIUM
22:20:10.769 [FXGL Background Thread 3 ] DEBUG Engine               - gameDifficultyProperty: ObjectProperty [value: MEDIUM]
22:20:10.769 [FXGL Background Thread 3 ] DEBUG Engine               - globalMusicVolume: 0.5
22:20:10.769 [FXGL Background Thread 3 ] DEBUG Engine               - globalMusicVolumeProperty: DoubleProperty [value: 0.5]
22:20:10.769 [FXGL Background Thread 3 ] DEBUG Engine               - globalSoundVolume: 0.5
22:20:10.769 [FXGL Background Thread 3 ] DEBUG Engine               - globalSoundVolumeProperty: DoubleProperty [value: 0.5]
22:20:10.769 [FXGL Background Thread 3 ] DEBUG Engine               - height: 720
22:20:10.769 [FXGL Background Thread 3 ] DEBUG Engine               - is3D: false
22:20:10.769 [FXGL Background Thread 3 ] DEBUG Engine               - isAndroid: false
22:20:10.769 [FXGL Background Thread 3 ] DEBUG Engine               - isBrowser: false
22:20:10.769 [FXGL Background Thread 3 ] DEBUG Engine               - isClickFeedbackEnabled: false
22:20:10.769 [FXGL Background Thread 3 ] DEBUG Engine               - isCloseConfirmation: false
22:20:10.769 [FXGL Background Thread 3 ] DEBUG Engine               - isDesktop: true
22:20:10.769 [FXGL Background Thread 3 ] DEBUG Engine               - isDeveloperMenuEnabled: false
22:20:10.769 [FXGL Background Thread 3 ] DEBUG Engine               - isEmbedded: false
22:20:10.769 [FXGL Background Thread 3 ] DEBUG Engine               - isEntityPreloadEnabled: true
22:20:10.769 [FXGL Background Thread 3 ] DEBUG Engine               - isExperimentalTiledLargeMap: false
22:20:10.769 [FXGL Background Thread 3 ] DEBUG Engine               - isFileSystemWriteAllowed: true
22:20:10.769 [FXGL Background Thread 3 ] DEBUG Engine               - isFullScreenAllowed: false
22:20:10.769 [FXGL Background Thread 3 ] DEBUG Engine               - isFullScreenFromStart: false
22:20:10.769 [FXGL Background Thread 3 ] DEBUG Engine               - isGameMenuEnabled: true
22:20:10.769 [FXGL Background Thread 3 ] DEBUG Engine               - isIOS: false
22:20:10.769 [FXGL Background Thread 3 ] DEBUG Engine               - isIntroEnabled: false
22:20:10.769 [FXGL Background Thread 3 ] DEBUG Engine               - isLinux: false
22:20:10.769 [FXGL Background Thread 3 ] DEBUG Engine               - isMac: true
22:20:10.769 [FXGL Background Thread 3 ] DEBUG Engine               - isMainMenuEnabled: true
22:20:10.769 [FXGL Background Thread 3 ] DEBUG Engine               - isManualResizeEnabled: false
22:20:10.769 [FXGL Background Thread 3 ] DEBUG Engine               - isMobile: false
22:20:10.769 [FXGL Background Thread 3 ] DEBUG Engine               - isNative: false
22:20:10.769 [FXGL Background Thread 3 ] DEBUG Engine               - isPauseMusicWhenMinimized: true
22:20:10.769 [FXGL Background Thread 3 ] DEBUG Engine               - isPreserveResizeRatio: false
22:20:10.769 [FXGL Background Thread 3 ] DEBUG Engine               - isProfilingEnabled: false
22:20:10.769 [FXGL Background Thread 3 ] DEBUG Engine               - isScaleAffectedOnResize: true
22:20:10.769 [FXGL Background Thread 3 ] DEBUG Engine               - isSingleStep: false
22:20:10.769 [FXGL Background Thread 3 ] DEBUG Engine               - isUserProfileEnabled: false
22:20:10.769 [FXGL Background Thread 3 ] DEBUG Engine               - isWindows: false
22:20:10.769 [FXGL Background Thread 3 ] DEBUG Engine               - language: ObjectProperty [value: ENGLISH]
22:20:10.769 [FXGL Background Thread 3 ] DEBUG Engine               - menuKey: ESCAPE
22:20:10.769 [FXGL Background Thread 3 ] DEBUG Engine               - mouseSensitivity: 0.2
22:20:10.769 [FXGL Background Thread 3 ] DEBUG Engine               - notificationViewClass: class com.almasb.fxgl.notification.view.XboxNotificationView
22:20:10.769 [FXGL Background Thread 3 ] DEBUG Engine               - pixelsPerMeter: 50.0
22:20:10.769 [FXGL Background Thread 3 ] DEBUG Engine               - platform: MAC
22:20:10.769 [FXGL Background Thread 3 ] DEBUG Engine               - prefHeightProperty: ReadOnlyDoubleProperty [value: 720.0]
22:20:10.769 [FXGL Background Thread 3 ] DEBUG Engine               - prefWidthProperty: ReadOnlyDoubleProperty [value: 1280.0]
22:20:10.770 [FXGL Background Thread 3 ] DEBUG Engine               - profileDir: profiles/
22:20:10.770 [FXGL Background Thread 3 ] DEBUG Engine               - profileName: StringProperty [value: DEFAULT]
22:20:10.770 [FXGL Background Thread 3 ] DEBUG Engine               - randomSeed: -1
22:20:10.770 [FXGL Background Thread 3 ] DEBUG Engine               - runtimeInfo: RuntimeInfo(platform=MAC, version=21.1, build=27.03.2024 07.52)
22:20:10.770 [FXGL Background Thread 3 ] DEBUG Engine               - saveFileExt: sav
22:20:10.770 [FXGL Background Thread 3 ] DEBUG Engine               - scaledHeightProp$fxgl: DoubleProperty [bound, value: 720.0]
22:20:10.770 [FXGL Background Thread 3 ] DEBUG Engine               - scaledWidthProp$fxgl: DoubleProperty [bound, value: 1280.0]
22:20:10.770 [FXGL Background Thread 3 ] DEBUG Engine               - sceneFactory: org.example.capstonee.Menu.MenuSceneFactory@272cce5
22:20:10.770 [FXGL Background Thread 3 ] DEBUG Engine               - secondsIn24h: 60
22:20:10.770 [FXGL Background Thread 3 ] DEBUG Engine               - soundMenuBack: menu/back.wav
22:20:10.770 [FXGL Background Thread 3 ] DEBUG Engine               - soundMenuPress: menu/press.wav
22:20:10.770 [FXGL Background Thread 3 ] DEBUG Engine               - soundMenuSelect: menu/select.wav
22:20:10.770 [FXGL Background Thread 3 ] DEBUG Engine               - soundNotification: core/notification.wav
22:20:10.770 [FXGL Background Thread 3 ] DEBUG Engine               - stageStyle: DECORATED
22:20:10.770 [FXGL Background Thread 3 ] DEBUG Engine               - supportedLanguages: [ENGLISH, FRENCH, GERMAN, HUNGARIAN, RUSSIAN]
22:20:10.770 [FXGL Background Thread 3 ] DEBUG Engine               - ticksPerSecond: -1
22:20:10.770 [FXGL Background Thread 3 ] DEBUG Engine               - title: Rhythm Impact
22:20:10.770 [FXGL Background Thread 3 ] DEBUG Engine               - urlGithub: https://github.com/AlmasB/FXGL
22:20:10.770 [FXGL Background Thread 3 ] DEBUG Engine               - urlLeaderboard: http://fxgl-top.herokuapp.com/
22:20:10.770 [FXGL Background Thread 3 ] DEBUG Engine               - urlPOM: https://raw.githubusercontent.com/AlmasB/FXGL/release/README.md
22:20:10.770 [FXGL Background Thread 3 ] DEBUG Engine               - userAppClass: class org.example.capstonee.GameApp
22:20:10.770 [FXGL Background Thread 3 ] DEBUG Engine               - version: 1.0
22:20:10.770 [FXGL Background Thread 3 ] DEBUG Engine               - versionCheckDays: 7
22:20:10.770 [FXGL Background Thread 3 ] DEBUG Engine               - width: 1280
22:20:10.770 [FXGL Background Thread 3 ] DEBUG Engine               - Logging services
22:20:10.770 [FXGL Background Thread 3 ] DEBUG Engine               - class com.almasb.fxgl.app.services.FXGLAssetLoaderService
22:20:10.770 [FXGL Background Thread 3 ] DEBUG Engine               - class com.almasb.fxgl.app.FXGLApplication$GameApplicationService
22:20:10.770 [FXGL Background Thread 3 ] DEBUG Engine               - class com.almasb.fxgl.app.services.FXGLDialogService
22:20:10.770 [FXGL Background Thread 3 ] DEBUG Engine               - class com.almasb.fxgl.app.services.IOTaskExecutorService
22:20:10.770 [FXGL Background Thread 3 ] DEBUG Engine               - class com.almasb.fxgl.io.FileSystemService
22:20:10.770 [FXGL Background Thread 3 ] DEBUG Engine               - class com.almasb.fxgl.localization.LocalizationService
22:20:10.770 [FXGL Background Thread 3 ] DEBUG Engine               - class com.almasb.fxgl.app.services.SystemBundleService
22:20:10.770 [FXGL Background Thread 3 ] DEBUG Engine               - class com.almasb.fxgl.profile.SaveLoadService
22:20:10.770 [FXGL Background Thread 3 ] DEBUG Engine               - class com.almasb.fxgl.ui.FXGLUIFactoryServiceProvider
22:20:10.770 [FXGL Background Thread 3 ] DEBUG Engine               - class com.almasb.fxgl.ui.FXGLDialogFactoryServiceProvider
22:20:10.770 [FXGL Background Thread 3 ] DEBUG Engine               - class com.almasb.fxgl.audio.AudioPlayer
22:20:10.770 [FXGL Background Thread 3 ] DEBUG Engine               - class com.almasb.fxgl.notification.impl.NotificationServiceProvider
22:20:10.770 [FXGL Background Thread 3 ] DEBUG Engine               - class com.almasb.fxgl.achievement.AchievementService
22:20:10.770 [FXGL Background Thread 3 ] DEBUG Engine               - class com.almasb.fxgl.cutscene.CutsceneService
22:20:10.770 [FXGL Background Thread 3 ] DEBUG Engine               - class com.almasb.fxgl.minigames.MiniGameService
22:20:10.770 [FXGL Background Thread 3 ] DEBUG Engine               - class com.almasb.fxgl.net.NetService
22:20:10.770 [FXGL Background Thread 3 ] DEBUG Engine               - class com.almasb.fxgl.app.services.UpdaterService
22:20:10.771 [FXGL Background Thread 3 ] DEBUG Engine               - class com.almasb.fxgl.dev.DevService
22:20:11.380 [JavaFX Application Thread] DEBUG PrimaryStageWindow   - Pop state: DialogSubScene
22:20:11.381 [JavaFX Application Thread] DEBUG Input                - Clearing active input actions
22:20:11.382 [JavaFX Application Thread] DEBUG GameApplicationServi - Removing overlay from DialogSubScene and adding to MainMenu
22:20:11.382 [JavaFX Application Thread] DEBUG PrimaryStageWindow   - MainMenu <- DialogSubScene
22:20:11.384 [JavaFX Application Thread] DEBUG PrimaryStageWindow   - Push state: DialogSubScene
22:20:11.384 [JavaFX Application Thread] DEBUG Input                - Clearing active input actions
22:20:11.385 [JavaFX Application Thread] DEBUG GameApplicationServi - Removing overlay from MainMenu and adding to DialogSubScene
22:20:11.385 [JavaFX Application Thread] DEBUG PrimaryStageWindow   - MainMenu -> DialogSubScene
22:20:12.663 [JavaFX Application Thread] DEBUG PrimaryStageWindow   - Pop state: DialogSubScene
22:20:12.664 [JavaFX Application Thread] DEBUG Input                - Clearing active input actions
22:20:12.664 [JavaFX Application Thread] DEBUG GameApplicationServi - Removing overlay from DialogSubScene and adding to MainMenu
22:20:12.665 [JavaFX Application Thread] DEBUG PrimaryStageWindow   - MainMenu <- DialogSubScene
22:20:12.665 [JavaFX Application Thread] DEBUG AudioPlayer          - Stopping music com.almasb.fxgl.audio.Music@3199dd5f
22:20:12.666 [JavaFX Application Thread] DEBUG GameApplicationServi - Starting new game
22:20:12.666 [JavaFX Application Thread] DEBUG PrimaryStageWindow   - Pop state: MainMenu
22:20:12.666 [JavaFX Application Thread] DEBUG Input                - Clearing active input actions
22:20:12.666 [JavaFX Application Thread] DEBUG GameApplicationServi - Removing overlay from MainMenu and adding to FXGLMainMenuDummyScene
22:20:12.666 [JavaFX Application Thread] DEBUG PrimaryStageWindow   - FXGLMainMenuDummyScene <- MainMenu
22:20:12.666 [JavaFX Application Thread] DEBUG Input                - Clearing active input actions
22:20:12.671 [JavaFX Application Thread] DEBUG GameApplicationServi - Removing overlay from FXGLMainMenuDummyScene and adding to FXGLLoadingScene
22:20:12.671 [JavaFX Application Thread] DEBUG PrimaryStageWindow   - FXGLMainMenuDummyScene -> FXGLLoadingScene
22:20:12.671 [JavaFX Application Thread] DEBUG GameApplicationServi - Clearing previous game
22:20:12.671 [JavaFX Application Thread] DEBUG GameScene            - Clearing game scene
22:20:12.671 [JavaFX Application Thread] DEBUG GameWorld            - Clearing game world
22:20:12.671 [JavaFX Application Thread] DEBUG PhysicsWorld         - Clearing physics world
22:20:12.673 [FXGL Background Thread 2 ] DEBUG FXGLApplication      - Initializing game
22:20:12.675 [FXGL Background Thread 2 ] WARN  FXGLAssetLoaderServi - Asset "/assets/sounds/sounds/hit.wav" was not found!
22:20:12.675 [FXGL Background Thread 2 ] WARN  FXGLAssetLoaderServi - Failed to load SOUND
22:20:12.675 [FXGL Background Thread 2 ] WARN  FXGLAssetLoaderServi - Asset "/assets/sounds/sounds/miss.wav" was not found!
22:20:12.675 [FXGL Background Thread 2 ] WARN  FXGLAssetLoaderServi - Failed to load SOUND
22:20:12.683 [FXGL Background Thread 2 ] DEBUG FXGLAssetLoaderServi - Loading from file system: file:/Users/ajaxestela/IdeaProjects/GitSomeSleep/Capstonee/target/classes/assets/music/songs/raiden.wav
22:20:12.982 [FXGL Background Thread 2 ] DEBUG FXGLAssetLoaderServi - Loading from file system: file:/Users/ajaxestela/IdeaProjects/GitSomeSleep/Capstonee/target/classes/assets/textures/background/pixelatedliyue.png
22:20:13.004 [FXGL Background Thread 2 ] DEBUG FXGLAssetLoaderServi - Loading from file system: file:/Users/ajaxestela/IdeaProjects/GitSomeSleep/Capstonee/target/classes/assets/textures/notes/hilichurlhitmarker.png
22:20:13.017 [FXGL Background Thread 2 ] INFO  FXGLApplication      - Game initialization took: 0.344 sec
22:20:13.017 [JavaFX Application Thread] DEBUG Input                - Clearing active input actions
22:20:13.020 [JavaFX Application Thread] DEBUG GameApplicationServi - Removing overlay from FXGLLoadingScene and adding to GameScene
22:20:13.020 [JavaFX Application Thread] DEBUG PrimaryStageWindow   - FXGLLoadingScene -> GameScene
22:20:14.010 [JavaFX Application Thread] DEBUG AudioPlayer          - Playing music com.almasb.fxgl.audio.Music@4976f6f1
22:20:17.164 [JavaFX Application Thread] DEBUG FXGLApplication      - Exiting FXGL
22:20:17.165 [JavaFX Application Thread] DEBUG LoopRunner           - Stopping loop
22:20:17.166 [JavaFX Application Thread] DEBUG SystemBundleService  - Saving FXGL system data
22:20:17.169 [JavaFX Application Thread] DEBUG FileSystemAccess     - Writing to: /Users/ajaxestela/IdeaProjects/GitSomeSleep/Capstonee/system/fxgl.bundle
22:20:17.173 [JavaFX Application Thread] DEBUG Async                - Shutting down background threads
22:20:17.173 [JavaFX Application Thread] DEBUG PrimaryStageWindow   - Closing main window
22:20:17.208 [JavaFX Application Thread] DEBUG Logger               - Closing Logger
