01:00:42.439 [main                     ] DEBUG Logger               - Configured Logger
01:00:42.450 [main                     ] DEBUG GameApplication      - Logging settings
Title: Platformer with Rhythm
Version: 0.2
Width: 1280
Height: 720
Fullscreen: false
Intro: false
Profiling: false
Single step:false
App Mode: DEVELOPER
Menu Key: ESCAPE
Stage Style: DECORATED
Scene Factory: class com.almasb.fxgl.app.scene.SceneFactory

01:00:42.644 [JavaFX Application Thread] DEBUG FXGLApplication      - Initializing FXGL
01:00:42.646 [JavaFX Application Thread] INFO  Engine               - FXGL-21.1 (27.03.2024 07.52) on MAC (J:22.0.2 FX:22.0.1)
01:00:42.646 [JavaFX Application Thread] DEBUG Engine               - JRE Vendor Name: Oracle Corporation
01:00:42.646 [JavaFX Application Thread] DEBUG Engine               - Running on OS: Mac OS X version 15.3.2
01:00:42.646 [JavaFX Application Thread] DEBUG Engine               - Architecture: aarch64
01:00:42.646 [JavaFX Application Thread] INFO  Engine               - Source code and latest versions at: https://github.com/AlmasB/FXGL
01:00:42.646 [JavaFX Application Thread] INFO  Engine               -       Ask questions and discuss at: https://github.com/AlmasB/FXGL/discussions
01:00:42.646 [JavaFX Application Thread] INFO  Engine               -              Join the FXGL chat at: https://gitter.im/AlmasB/FXGL
01:00:42.681 [JavaFX Application Thread] DEBUG PrimaryStageWindow   - Creating a JavaFX scene
01:00:42.697 [JavaFX Application Thread] DEBUG PrimaryStageWindow   - Target settings size: 1280.0 x 720.0
01:00:42.697 [JavaFX Application Thread] DEBUG PrimaryStageWindow   - Scaled scene size:    1280.0 x 720.0
01:00:42.697 [JavaFX Application Thread] DEBUG PrimaryStageWindow   - Scaled ratio: (1.0, 1.0)
01:00:42.698 [JavaFX Application Thread] DEBUG PrimaryStageWindow   - Set initial scene to FXGLStartupScene
01:00:42.698 [JavaFX Application Thread] DEBUG PrimaryStageWindow   - Opening main window
01:00:42.743 [JavaFX Application Thread] DEBUG PrimaryStageWindow   - Window border size: (0.0, 28.0)
01:00:42.743 [JavaFX Application Thread] DEBUG PrimaryStageWindow   - Scaled size: 1280.0 x 720.0
01:00:42.743 [JavaFX Application Thread] DEBUG PrimaryStageWindow   - Scaled ratio: (1.0, 1.0)
01:00:42.743 [JavaFX Application Thread] DEBUG PrimaryStageWindow   - Scene size: 1280.0 x 720.0
01:00:42.743 [JavaFX Application Thread] DEBUG PrimaryStageWindow   - Stage size: 1280.0 x 748.0
01:00:42.746 [FXGL Background Thread 1 ] DEBUG Engine               - Initializing environment variables
01:00:42.766 [FXGL Background Thread 1 ] DEBUG FXGLAssetLoaderServi - User app class for loading assets: class org.example.capstonee.GameApp
01:00:42.766 [FXGL Background Thread 1 ] DEBUG GameApplicationServi - Applying CSS: fxgl_dark.css
01:00:42.766 [FXGL Background Thread 1 ] DEBUG FXGLAssetLoaderServi - Loading from file system: jar:file:///Users/ajaxestela/.m2/repository/com/github/almasb/fxgl/21.1/fxgl-21.1.jar!/fxglassets/ui/css/fxgl_dark.css
01:00:42.796 [FXGL Background Thread 1 ] DEBUG GameApplicationServi - Initializing application scenes
01:00:42.883 [FXGL Background Thread 1 ] DEBUG GameWorld            - Game world initialized
01:00:42.943 [FXGL Background Thread 1 ] DEBUG PhysicsWorld         - Physics world initialized: appHeight=720, physics.ppm=50.0
01:00:42.943 [FXGL Background Thread 1 ] DEBUG PhysicsWorld         - Using strategy: BRUTE_FORCE
01:00:42.951 [FXGL Background Thread 1 ] DEBUG GameScene            - Game scene initialized: 1280x720
01:00:42.962 [FXGL Background Thread 1 ] DEBUG FXGL.DefaultMenu     - createMenuBodyMainMenu()
01:00:42.971 [FXGL Background Thread 1 ] DEBUG FXGL.DefaultMenu     - createOptionsMenu()
01:00:42.974 [FXGL Background Thread 1 ] DEBUG FXGLAssetLoaderServi - Loading from file system: jar:file:///Users/ajaxestela/.m2/repository/com/github/almasb/fxgl/21.1/fxgl-21.1.jar!/fxglassets/textures/particles/smoke.png
01:00:43.014 [FXGL Background Thread 1 ] DEBUG FXGLAssetLoaderServi - Loading from file system: jar:file:///Users/ajaxestela/.m2/repository/com/github/almasb/fxgl/21.1/fxgl-21.1.jar!/fxglassets/textures/particles/trace_horizontal.png
01:00:43.026 [FXGL Background Thread 1 ] DEBUG FXGL.DefaultMenu     - createMenuBodyGameMenu()
01:00:43.026 [FXGL Background Thread 1 ] DEBUG FXGL.DefaultMenu     - createOptionsMenu()
01:00:43.033 [FXGL Background Thread 1 ] DEBUG GameApplicationServi - Application scenes initialized
01:00:43.037 [FXGL Background Thread 1 ] DEBUG SystemBundleService  - Loading FXGL system data
01:00:43.038 [FXGL Background Thread 1 ] DEBUG FileSystemAccess     - Reading from: /Users/ajaxestela/IdeaProjects/GitSomeSleep/Capstonee/system/fxgl.bundle
01:00:43.041 [FXGL Background Thread 1 ] DEBUG SystemBundleService  - Bundle FXGL: {}
01:00:43.041 [FXGL Background Thread 1 ] DEBUG UpdaterService       - Checking for updates
01:00:43.042 [FXGL Background Thread 4 ] DEBUG FXGLApplication      - Loading fonts
01:00:43.042 [FXGL Background Thread 4 ] DEBUG FXGLAssetLoaderServi - Loading from file system: jar:file:///Users/ajaxestela/.m2/repository/com/github/almasb/fxgl/21.1/fxgl-21.1.jar!/fxglassets/ui/fonts/VarelaRound-Regular.ttf
01:00:43.043 [FXGL Background Thread 1 ] DEBUG FXGLApplication      - Loading default localization
01:00:43.043 [FXGL Background Thread 1 ] DEBUG FXGLAssetLoaderServi - Loading from file system: jar:file:///Users/ajaxestela/.m2/repository/com/github/almasb/fxgl/21.1/fxgl-21.1.jar!/fxglassets/languages/english.lang
01:00:43.049 [FXGL Background Thread 1 ] INFO  FXGLApplication      - FXGL initialization took: 0.304 sec
01:00:43.053 [FXGL Background Thread 4 ] DEBUG FXGLAssetLoaderServi - Loading from file system: jar:file:///Users/ajaxestela/.m2/repository/com/github/almasb/fxgl/21.1/fxgl-21.1.jar!/fxglassets/ui/fonts/Abel-Regular.ttf
01:00:43.053 [JavaFX Application Thread] DEBUG Input                - Registered new binding: Left - A
01:00:43.053 [JavaFX Application Thread] DEBUG Input                - Registered new binding: Right - D
01:00:43.053 [JavaFX Application Thread] DEBUG Input                - Registered new binding: Jump - W
01:00:43.053 [JavaFX Application Thread] DEBUG Input                - Registered new binding: Interact / Confirm - E
01:00:43.053 [JavaFX Application Thread] DEBUG Input                - Registered new binding: RhythmLane0 - H
01:00:43.053 [JavaFX Application Thread] DEBUG Input                - Registered new binding: RhythmLane1 - J
01:00:43.053 [JavaFX Application Thread] DEBUG Input                - Registered new binding: RhythmLane2 - K
01:00:43.053 [JavaFX Application Thread] DEBUG Input                - Registered new binding: RhythmLane3 - L
01:00:43.053 [JavaFX Application Thread] DEBUG Input                - Registered new binding: RhythmStart - Space
01:00:43.054 [JavaFX Application Thread] DEBUG FXGLAssetLoaderServi - Loading from file system: jar:file:///Users/ajaxestela/.m2/repository/com/github/almasb/fxgl/21.1/fxgl-21.1.jar!/fxglassets/textures/fxgl_icon.png
01:00:43.055 [FXGL Background Thread 4 ] DEBUG FXGLAssetLoaderServi - Loading from file system: jar:file:///Users/ajaxestela/.m2/repository/com/github/almasb/fxgl/21.1/fxgl-21.1.jar!/fxglassets/ui/fonts/TerminalLandMono-Regular.otf
01:00:43.057 [FXGL Background Thread 4 ] DEBUG FXGLAssetLoaderServi - Loading from file system: jar:file:///Users/ajaxestela/.m2/repository/com/github/almasb/fxgl/21.1/fxgl-21.1.jar!/fxglassets/ui/fonts/Courier-Prime.ttf
01:00:43.066 [JavaFX Application Thread] DEBUG FXGLAssetLoaderServi - Loading from file system: jar:file:///Users/ajaxestela/.m2/repository/com/github/almasb/fxgl/21.1/fxgl-21.1.jar!/fxglassets/textures/fxgl_default_cursor.png
01:00:43.067 [JavaFX Application Thread] DEBUG Input                - Registered new binding: Screenshot - CTRL+8
01:00:43.067 [JavaFX Application Thread] DEBUG Input                - Registered new binding: System info dump - CTRL+9
01:00:43.067 [JavaFX Application Thread] DEBUG Input                - Registered new binding: Restart - CTRL+R
01:00:43.067 [JavaFX Application Thread] DEBUG Input                - Registered new binding: Toggle Debug Camera - CTRL+7
01:00:43.068 [JavaFX Application Thread] DEBUG LoopRunner           - Starting loop
01:00:43.068 [JavaFX Application Thread] DEBUG LoopRunner           - Initializing JavaFX AnimationTimerLoop
01:00:43.069 [JavaFX Application Thread] DEBUG Input                - Clearing active input actions
01:00:43.072 [JavaFX Application Thread] DEBUG GameApplicationServi - Removing overlay from FXGLStartupScene and adding to FXGLMainMenuDummyScene
01:00:43.072 [JavaFX Application Thread] DEBUG PrimaryStageWindow   - FXGLStartupScene -> FXGLMainMenuDummyScene
01:00:43.072 [JavaFX Application Thread] DEBUG PrimaryStageWindow   - Push state: FXGLDefaultMenu
01:00:43.073 [JavaFX Application Thread] DEBUG Input                - Clearing active input actions
01:00:43.077 [JavaFX Application Thread] DEBUG GameApplicationServi - Removing overlay from FXGLMainMenuDummyScene and adding to FXGLDefaultMenu
01:00:43.077 [JavaFX Application Thread] DEBUG PrimaryStageWindow   - FXGLMainMenuDummyScene -> FXGLDefaultMenu
01:00:43.079 [JavaFX Application Thread] DEBUG FXGLApplication      - Registering font factories with UI factory
01:00:46.046 [FXGL Background Thread 3 ] DEBUG Engine               - Logging environment variables
01:00:46.046 [FXGL Background Thread 3 ] DEBUG Engine               - achievements: []
01:00:46.046 [FXGL Background Thread 3 ] DEBUG Engine               - actualHeight: 720.0
01:00:46.046 [FXGL Background Thread 3 ] DEBUG Engine               - actualHeightProperty: ReadOnlyDoubleProperty [value: 720.0]
01:00:46.046 [FXGL Background Thread 3 ] DEBUG Engine               - actualWidth: 1280.0
01:00:46.046 [FXGL Background Thread 3 ] DEBUG Engine               - actualWidthProperty: ReadOnlyDoubleProperty [value: 1280.0]
01:00:46.047 [FXGL Background Thread 3 ] DEBUG Engine               - appIcon: fxgl_icon.png
01:00:46.047 [FXGL Background Thread 3 ] DEBUG Engine               - applicationMode: DEVELOPER
01:00:46.047 [FXGL Background Thread 3 ] DEBUG Engine               - cSSList: [fxgl_dark.css]
01:00:46.047 [FXGL Background Thread 3 ] DEBUG Engine               - collisionDetectionStrategy: BRUTE_FORCE
01:00:46.047 [FXGL Background Thread 3 ] DEBUG Engine               - configClass: Optional.empty
01:00:46.047 [FXGL Background Thread 3 ] DEBUG Engine               - credits: []
01:00:46.047 [FXGL Background Thread 3 ] DEBUG Engine               - defaultCursor: CursorInfo(imageName=fxgl_default_cursor.png, hotspotX=7.0, hotspotY=6.0)
01:00:46.047 [FXGL Background Thread 3 ] DEBUG Engine               - devBBoxColorProperty: ObjectProperty [value: 0xff0000ff]
01:00:46.047 [FXGL Background Thread 3 ] DEBUG Engine               - devEnableDebugCameraProperty: BooleanProperty [value: false]
01:00:46.047 [FXGL Background Thread 3 ] DEBUG Engine               - devSensorColorProperty: ObjectProperty [value: 0xffff00ff]
01:00:46.047 [FXGL Background Thread 3 ] DEBUG Engine               - devShowBBoxProperty: BooleanProperty [value: false]
01:00:46.047 [FXGL Background Thread 3 ] DEBUG Engine               - devShowPositionProperty: BooleanProperty [value: false]
01:00:46.047 [FXGL Background Thread 3 ] DEBUG Engine               - enabledMenuItems: []
01:00:46.047 [FXGL Background Thread 3 ] DEBUG Engine               - engineServices: [class com.almasb.fxgl.app.services.FXGLAssetLoaderService, class com.almasb.fxgl.app.FXGLApplication$GameApplicationService, class com.almasb.fxgl.app.services.FXGLDialogService, class com.almasb.fxgl.app.services.IOTaskExecutorService, class com.almasb.fxgl.io.FileSystemService, class com.almasb.fxgl.localization.LocalizationService, class com.almasb.fxgl.app.services.SystemBundleService, class com.almasb.fxgl.profile.SaveLoadService, class com.almasb.fxgl.ui.FXGLUIFactoryServiceProvider, class com.almasb.fxgl.ui.FXGLDialogFactoryServiceProvider, class com.almasb.fxgl.audio.AudioPlayer, class com.almasb.fxgl.notification.impl.NotificationServiceProvider, class com.almasb.fxgl.achievement.AchievementService, class com.almasb.fxgl.cutscene.CutsceneService, class com.almasb.fxgl.minigames.MiniGameService, class com.almasb.fxgl.net.NetService, class com.almasb.fxgl.app.services.UpdaterService, class com.almasb.fxgl.dev.DevService]
01:00:46.047 [FXGL Background Thread 3 ] DEBUG Engine               - fontGame: Abel-Regular.ttf
01:00:46.047 [FXGL Background Thread 3 ] DEBUG Engine               - fontMono: TerminalLandMono-Regular.otf
01:00:46.047 [FXGL Background Thread 3 ] DEBUG Engine               - fontSizeScaleUI: 1.0
01:00:46.047 [FXGL Background Thread 3 ] DEBUG Engine               - fontText: Courier-Prime.ttf
01:00:46.047 [FXGL Background Thread 3 ] DEBUG Engine               - fontUI: VarelaRound-Regular.ttf
01:00:46.047 [FXGL Background Thread 3 ] DEBUG Engine               - fullScreen: BooleanProperty [value: false]
01:00:46.047 [FXGL Background Thread 3 ] DEBUG Engine               - gameDifficulty: MEDIUM
01:00:46.047 [FXGL Background Thread 3 ] DEBUG Engine               - gameDifficultyProperty: ObjectProperty [value: MEDIUM]
01:00:46.047 [FXGL Background Thread 3 ] DEBUG Engine               - globalMusicVolume: 0.5
01:00:46.047 [FXGL Background Thread 3 ] DEBUG Engine               - globalMusicVolumeProperty: DoubleProperty [value: 0.5]
01:00:46.047 [FXGL Background Thread 3 ] DEBUG Engine               - globalSoundVolume: 0.5
01:00:46.048 [FXGL Background Thread 3 ] DEBUG Engine               - globalSoundVolumeProperty: DoubleProperty [value: 0.5]
01:00:46.048 [FXGL Background Thread 3 ] DEBUG Engine               - height: 720
01:00:46.048 [FXGL Background Thread 3 ] DEBUG Engine               - is3D: false
01:00:46.048 [FXGL Background Thread 3 ] DEBUG Engine               - isAndroid: false
01:00:46.048 [FXGL Background Thread 3 ] DEBUG Engine               - isBrowser: false
01:00:46.048 [FXGL Background Thread 3 ] DEBUG Engine               - isClickFeedbackEnabled: false
01:00:46.048 [FXGL Background Thread 3 ] DEBUG Engine               - isCloseConfirmation: false
01:00:46.048 [FXGL Background Thread 3 ] DEBUG Engine               - isDesktop: true
01:00:46.048 [FXGL Background Thread 3 ] DEBUG Engine               - isDeveloperMenuEnabled: false
01:00:46.048 [FXGL Background Thread 3 ] DEBUG Engine               - isEmbedded: false
01:00:46.048 [FXGL Background Thread 3 ] DEBUG Engine               - isEntityPreloadEnabled: true
01:00:46.048 [FXGL Background Thread 3 ] DEBUG Engine               - isExperimentalTiledLargeMap: false
01:00:46.048 [FXGL Background Thread 3 ] DEBUG Engine               - isFileSystemWriteAllowed: true
01:00:46.048 [FXGL Background Thread 3 ] DEBUG Engine               - isFullScreenAllowed: false
01:00:46.048 [FXGL Background Thread 3 ] DEBUG Engine               - isFullScreenFromStart: false
01:00:46.048 [FXGL Background Thread 3 ] DEBUG Engine               - isGameMenuEnabled: true
01:00:46.048 [FXGL Background Thread 3 ] DEBUG Engine               - isIOS: false
01:00:46.048 [FXGL Background Thread 3 ] DEBUG Engine               - isIntroEnabled: false
01:00:46.048 [FXGL Background Thread 3 ] DEBUG Engine               - isLinux: false
01:00:46.048 [FXGL Background Thread 3 ] DEBUG Engine               - isMac: true
01:00:46.048 [FXGL Background Thread 3 ] DEBUG Engine               - isMainMenuEnabled: true
01:00:46.048 [FXGL Background Thread 3 ] DEBUG Engine               - isManualResizeEnabled: false
01:00:46.048 [FXGL Background Thread 3 ] DEBUG Engine               - isMobile: false
01:00:46.048 [FXGL Background Thread 3 ] DEBUG Engine               - isNative: false
01:00:46.048 [FXGL Background Thread 3 ] DEBUG Engine               - isPauseMusicWhenMinimized: true
01:00:46.048 [FXGL Background Thread 3 ] DEBUG Engine               - isPreserveResizeRatio: false
01:00:46.048 [FXGL Background Thread 3 ] DEBUG Engine               - isProfilingEnabled: false
01:00:46.048 [FXGL Background Thread 3 ] DEBUG Engine               - isScaleAffectedOnResize: true
01:00:46.048 [FXGL Background Thread 3 ] DEBUG Engine               - isSingleStep: false
01:00:46.048 [FXGL Background Thread 3 ] DEBUG Engine               - isUserProfileEnabled: false
01:00:46.048 [FXGL Background Thread 3 ] DEBUG Engine               - isWindows: false
01:00:46.048 [FXGL Background Thread 3 ] DEBUG Engine               - language: ObjectProperty [value: ENGLISH]
01:00:46.048 [FXGL Background Thread 3 ] DEBUG Engine               - menuKey: ESCAPE
01:00:46.048 [FXGL Background Thread 3 ] DEBUG Engine               - mouseSensitivity: 0.2
01:00:46.048 [FXGL Background Thread 3 ] DEBUG Engine               - notificationViewClass: class com.almasb.fxgl.notification.view.XboxNotificationView
01:00:46.048 [FXGL Background Thread 3 ] DEBUG Engine               - pixelsPerMeter: 50.0
01:00:46.048 [FXGL Background Thread 3 ] DEBUG Engine               - platform: MAC
01:00:46.048 [FXGL Background Thread 3 ] DEBUG Engine               - prefHeightProperty: ReadOnlyDoubleProperty [value: 720.0]
01:00:46.048 [FXGL Background Thread 3 ] DEBUG Engine               - prefWidthProperty: ReadOnlyDoubleProperty [value: 1280.0]
01:00:46.048 [FXGL Background Thread 3 ] DEBUG Engine               - profileDir: profiles/
01:00:46.048 [FXGL Background Thread 3 ] DEBUG Engine               - profileName: StringProperty [value: DEFAULT]
01:00:46.048 [FXGL Background Thread 3 ] DEBUG Engine               - randomSeed: -1
01:00:46.048 [FXGL Background Thread 3 ] DEBUG Engine               - runtimeInfo: RuntimeInfo(platform=MAC, version=21.1, build=27.03.2024 07.52)
01:00:46.048 [FXGL Background Thread 3 ] DEBUG Engine               - saveFileExt: sav
01:00:46.048 [FXGL Background Thread 3 ] DEBUG Engine               - scaledHeightProp$fxgl: DoubleProperty [bound, value: 720.0]
01:00:46.049 [FXGL Background Thread 3 ] DEBUG Engine               - scaledWidthProp$fxgl: DoubleProperty [bound, value: 1280.0]
01:00:46.049 [FXGL Background Thread 3 ] DEBUG Engine               - sceneFactory: com.almasb.fxgl.app.scene.SceneFactory@6984229a
01:00:46.049 [FXGL Background Thread 3 ] DEBUG Engine               - secondsIn24h: 60
01:00:46.049 [FXGL Background Thread 3 ] DEBUG Engine               - soundMenuBack: menu/back.wav
01:00:46.049 [FXGL Background Thread 3 ] DEBUG Engine               - soundMenuPress: menu/press.wav
01:00:46.049 [FXGL Background Thread 3 ] DEBUG Engine               - soundMenuSelect: menu/select.wav
01:00:46.049 [FXGL Background Thread 3 ] DEBUG Engine               - soundNotification: core/notification.wav
01:00:46.049 [FXGL Background Thread 3 ] DEBUG Engine               - stageStyle: DECORATED
01:00:46.049 [FXGL Background Thread 3 ] DEBUG Engine               - supportedLanguages: [ENGLISH, FRENCH, GERMAN, HUNGARIAN, RUSSIAN]
01:00:46.049 [FXGL Background Thread 3 ] DEBUG Engine               - ticksPerSecond: -1
01:00:46.049 [FXGL Background Thread 3 ] DEBUG Engine               - title: Platformer with Rhythm
01:00:46.049 [FXGL Background Thread 3 ] DEBUG Engine               - urlGithub: https://github.com/AlmasB/FXGL
01:00:46.049 [FXGL Background Thread 3 ] DEBUG Engine               - urlLeaderboard: http://fxgl-top.herokuapp.com/
01:00:46.049 [FXGL Background Thread 3 ] DEBUG Engine               - urlPOM: https://raw.githubusercontent.com/AlmasB/FXGL/release/README.md
01:00:46.049 [FXGL Background Thread 3 ] DEBUG Engine               - userAppClass: class org.example.capstonee.GameApp
01:00:46.049 [FXGL Background Thread 3 ] DEBUG Engine               - version: 0.2
01:00:46.049 [FXGL Background Thread 3 ] DEBUG Engine               - versionCheckDays: 7
01:00:46.049 [FXGL Background Thread 3 ] DEBUG Engine               - width: 1280
01:00:46.049 [FXGL Background Thread 3 ] DEBUG Engine               - Logging services
01:00:46.049 [FXGL Background Thread 3 ] DEBUG Engine               - class com.almasb.fxgl.app.services.FXGLAssetLoaderService
01:00:46.049 [FXGL Background Thread 3 ] DEBUG Engine               - class com.almasb.fxgl.app.FXGLApplication$GameApplicationService
01:00:46.049 [FXGL Background Thread 3 ] DEBUG Engine               - class com.almasb.fxgl.app.services.FXGLDialogService
01:00:46.049 [FXGL Background Thread 3 ] DEBUG Engine               - class com.almasb.fxgl.app.services.IOTaskExecutorService
01:00:46.049 [FXGL Background Thread 3 ] DEBUG Engine               - class com.almasb.fxgl.io.FileSystemService
01:00:46.049 [FXGL Background Thread 3 ] DEBUG Engine               - class com.almasb.fxgl.localization.LocalizationService
01:00:46.049 [FXGL Background Thread 3 ] DEBUG Engine               - class com.almasb.fxgl.app.services.SystemBundleService
01:00:46.049 [FXGL Background Thread 3 ] DEBUG Engine               - class com.almasb.fxgl.profile.SaveLoadService
01:00:46.049 [FXGL Background Thread 3 ] DEBUG Engine               - class com.almasb.fxgl.ui.FXGLUIFactoryServiceProvider
01:00:46.049 [FXGL Background Thread 3 ] DEBUG Engine               - class com.almasb.fxgl.ui.FXGLDialogFactoryServiceProvider
01:00:46.049 [FXGL Background Thread 3 ] DEBUG Engine               - class com.almasb.fxgl.audio.AudioPlayer
01:00:46.049 [FXGL Background Thread 3 ] DEBUG Engine               - class com.almasb.fxgl.notification.impl.NotificationServiceProvider
01:00:46.049 [FXGL Background Thread 3 ] DEBUG Engine               - class com.almasb.fxgl.achievement.AchievementService
01:00:46.049 [FXGL Background Thread 3 ] DEBUG Engine               - class com.almasb.fxgl.cutscene.CutsceneService
01:00:46.049 [FXGL Background Thread 3 ] DEBUG Engine               - class com.almasb.fxgl.minigames.MiniGameService
01:00:46.049 [FXGL Background Thread 3 ] DEBUG Engine               - class com.almasb.fxgl.net.NetService
01:00:46.049 [FXGL Background Thread 3 ] DEBUG Engine               - class com.almasb.fxgl.app.services.UpdaterService
01:00:46.049 [FXGL Background Thread 3 ] DEBUG Engine               - class com.almasb.fxgl.dev.DevService
01:00:50.415 [JavaFX Application Thread] DEBUG Menu                 - fireNewGame()
01:00:50.415 [JavaFX Application Thread] DEBUG GameApplicationServi - Starting new game
01:00:50.416 [JavaFX Application Thread] DEBUG PrimaryStageWindow   - Pop state: FXGLDefaultMenu
01:00:50.416 [JavaFX Application Thread] DEBUG Input                - Clearing active input actions
01:00:50.417 [JavaFX Application Thread] DEBUG GameApplicationServi - Removing overlay from FXGLDefaultMenu and adding to FXGLMainMenuDummyScene
01:00:50.417 [JavaFX Application Thread] DEBUG PrimaryStageWindow   - FXGLMainMenuDummyScene <- FXGLDefaultMenu
01:00:50.417 [JavaFX Application Thread] DEBUG Input                - Clearing active input actions
01:00:50.422 [JavaFX Application Thread] DEBUG GameApplicationServi - Removing overlay from FXGLMainMenuDummyScene and adding to FXGLLoadingScene
01:00:50.422 [JavaFX Application Thread] DEBUG PrimaryStageWindow   - FXGLMainMenuDummyScene -> FXGLLoadingScene
01:00:50.422 [JavaFX Application Thread] DEBUG GameApplicationServi - Clearing previous game
01:00:50.422 [JavaFX Application Thread] DEBUG GameScene            - Clearing game scene
01:00:50.422 [JavaFX Application Thread] DEBUG GameWorld            - Clearing game world
01:00:50.422 [JavaFX Application Thread] DEBUG PhysicsWorld         - Clearing physics world
01:00:50.423 [FXGL Background Thread 2 ] DEBUG FXGLApplication      - Initializing game
01:00:50.425 [FXGL Background Thread 2 ] WARN  FXGLAssetLoaderServi - Asset "/assets/sounds/sounds/hit.wav" was not found!
01:00:50.425 [FXGL Background Thread 2 ] WARN  FXGLAssetLoaderServi - Failed to load SOUND
01:00:50.425 [FXGL Background Thread 2 ] WARN  FXGLAssetLoaderServi - Asset "/assets/sounds/sounds/miss.wav" was not found!
01:00:50.425 [FXGL Background Thread 2 ] WARN  FXGLAssetLoaderServi - Failed to load SOUND
01:00:50.457 [FXGL Background Thread 2 ] WARN  TMXLevelLoader       - TiledMap generated from 1.11.0. Supported version: 1.9.0. Some features may not be parsed fully.
01:00:50.460 [FXGL Background Thread 2 ] DEBUG TMXLevelLoader       - Parsed TiledMap: file:/Users/ajaxestela/IdeaProjects/GitSomeSleep/Capstonee/target/classes/assets/levels/tmx/test.tmx
01:00:50.460 [FXGL Background Thread 2 ] DEBUG TMXLevelLoader       - Creating tile layer entities
01:00:50.461 [FXGL Background Thread 2 ] DEBUG TilesetLoader        - Loading view for layer Tile Layer 1
01:00:50.461 [FXGL Background Thread 2 ] DEBUG TilesetLoader        - Created buffer with size 320.0x320.0
01:00:50.463 [FXGL Background Thread 2 ] DEBUG TMXLevelLoader       - Creating object layer entities
01:00:50.469 [FXGL Background Thread 2 ] DEBUG GameWorld            - Clearing removable entities
01:00:50.469 [FXGL Background Thread 2 ] DEBUG GameWorld            - Setting level: com.almasb.fxgl.entity.level.Level@21cf3c25
01:00:50.472 [FXGL Background Thread 2 ] WARN  FXGLAssetLoaderServi - Asset "/assets/textures/player.png" was not found!
01:00:50.472 [FXGL Background Thread 2 ] WARN  FXGLAssetLoaderServi - Failed to load IMAGE
01:00:50.478 [FXGL Background Thread 2 ] DEBUG FXGLAssetLoaderServi - Loading from file system: file:/Users/ajaxestela/IdeaProjects/GitSomeSleep/Capstonee/target/classes/assets/textures/background/bruh.jpg
01:00:50.492 [FXGL Background Thread 2 ] INFO  FXGLApplication      - Game initialization took: 0.069 sec
01:00:50.492 [JavaFX Application Thread] DEBUG Input                - Clearing active input actions
01:00:50.494 [JavaFX Application Thread] DEBUG GameApplicationServi - Removing overlay from FXGLLoadingScene and adding to GameScene
01:00:50.494 [JavaFX Application Thread] DEBUG PrimaryStageWindow   - FXGLLoadingScene -> GameScene
01:00:55.519 [JavaFX Application Thread] DEBUG FXGLAssetLoaderServi - Loading from file system: file:/Users/ajaxestela/IdeaProjects/GitSomeSleep/Capstonee/target/classes/assets/text/gameCutscene_sample1.txt
01:00:55.527 [JavaFX Application Thread] DEBUG Input                - Registered new binding: Next RPG Line - Enter
01:00:55.528 [JavaFX Application Thread] WARN  FXGLAssetLoaderServi - Asset "/assets/textures/bruh.png" was not found!
01:00:55.528 [JavaFX Application Thread] WARN  FXGLAssetLoaderServi - Failed to load IMAGE
01:00:55.528 [JavaFX Application Thread] DEBUG PrimaryStageWindow   - Push state: CutsceneScene
01:00:55.529 [JavaFX Application Thread] DEBUG Input                - Clearing active input actions
01:00:55.529 [JavaFX Application Thread] DEBUG GameApplicationServi - Removing overlay from GameScene and adding to CutsceneScene
01:00:55.529 [JavaFX Application Thread] DEBUG PrimaryStageWindow   - GameScene -> CutsceneScene
01:00:56.273 [JavaFX Application Thread] DEBUG FXGLAssetLoaderServi - Loading from file system: file:/Users/ajaxestela/IdeaProjects/GitSomeSleep/Capstonee/target/classes/assets/textures/tuntunsahur.png
01:00:58.235 [JavaFX Application Thread] DEBUG PrimaryStageWindow   - Pop state: CutsceneScene
01:00:58.235 [JavaFX Application Thread] DEBUG Input                - Clearing active input actions
01:00:58.235 [JavaFX Application Thread] DEBUG GameApplicationServi - Removing overlay from CutsceneScene and adding to GameScene
01:00:58.235 [JavaFX Application Thread] DEBUG PrimaryStageWindow   - GameScene <- CutsceneScene
01:00:58.253 [JavaFX Application Thread] DEBUG FXGLAssetLoaderServi - Loading from file system: file:/Users/ajaxestela/IdeaProjects/GitSomeSleep/Capstonee/target/classes/assets/textures/background/pixelatedliyue.png
01:00:58.282 [JavaFX Application Thread] DEBUG FXGLAssetLoaderServi - Loading from file system: file:/Users/ajaxestela/IdeaProjects/GitSomeSleep/Capstonee/target/classes/assets/music/songs/desperato.wav
01:00:58.405 [JavaFX Application Thread] DEBUG FXGLAssetLoaderServi - Loading from file system: file:/Users/ajaxestela/IdeaProjects/GitSomeSleep/Capstonee/target/classes/assets/textures/notes/hilichurlhitmarker.png
01:01:00.039 [JavaFX Application Thread] DEBUG AudioPlayer          - Playing music com.almasb.fxgl.audio.Music@16e94455
01:01:00.508 [JavaFX Application Thread] DEBUG FXGLAssetLoaderServi - Loading from file system: file:/Users/ajaxestela/IdeaProjects/GitSomeSleep/Capstonee/target/classes/assets/textures/markers/moranote.png
01:01:09.784 [JavaFX Application Thread] DEBUG AudioPlayer          - Stopping music com.almasb.fxgl.audio.Music@16e94455
01:01:28.896 [JavaFX Application Thread] DEBUG FXGLApplication      - Exiting FXGL
01:01:28.896 [JavaFX Application Thread] DEBUG LoopRunner           - Stopping loop
01:01:28.897 [JavaFX Application Thread] DEBUG SystemBundleService  - Saving FXGL system data
01:01:28.904 [JavaFX Application Thread] DEBUG FileSystemAccess     - Writing to: /Users/ajaxestela/IdeaProjects/GitSomeSleep/Capstonee/system/fxgl.bundle
01:01:28.908 [JavaFX Application Thread] DEBUG Async                - Shutting down background threads
01:01:28.909 [JavaFX Application Thread] DEBUG PrimaryStageWindow   - Closing main window
01:01:28.919 [JavaFX Application Thread] DEBUG Logger               - Closing Logger
