17:03:30.035 [main                     ] DEBUG Logger               - Configured Logger
17:03:30.067 [main                     ] DEBUG GameApplication      - Logging settings
Title: Basic Game App
Version: 0.1
Width: 600
Height: 600
Fullscreen: false
Intro: false
Profiling: false
Single step:false
App Mode: DEVELOPER
Menu Key: ESCAPE
Stage Style: DECORATED
Scene Factory: class com.almasb.fxgl.app.scene.SceneFactory

17:03:30.682 [JavaFX Application Thread] DEBUG FXGLApplication      - Initializing FXGL
17:03:30.689 [JavaFX Application Thread] INFO  Engine               - FXGL-17.3 (30.03.2023 11.49) on WINDOWS (J:22.0.2 FX:22.0.1)
17:03:30.689 [JavaFX Application Thread] DEBUG Engine               - JRE Vendor Name: Oracle Corporation
17:03:30.690 [JavaFX Application Thread] DEBUG Engine               - Running on OS: Windows 11 version 10.0
17:03:30.690 [JavaFX Application Thread] DEBUG Engine               - Architecture: amd64
17:03:30.690 [JavaFX Application Thread] INFO  Engine               - Source code and latest versions at: https://github.com/AlmasB/FXGL
17:03:30.691 [JavaFX Application Thread] INFO  Engine               -       Ask questions and discuss at: https://github.com/AlmasB/FXGL/discussions
17:03:30.691 [JavaFX Application Thread] INFO  Engine               -              Join the FXGL chat at: https://gitter.im/AlmasB/FXGL
17:03:30.834 [JavaFX Application Thread] DEBUG PrimaryStageWindow   - Creating a JavaFX scene
17:03:30.917 [JavaFX Application Thread] DEBUG PrimaryStageWindow   - Target settings size: 600.0 x 600.0
17:03:30.918 [JavaFX Application Thread] DEBUG PrimaryStageWindow   - Scaled scene size:    600.0 x 600.0
17:03:30.918 [JavaFX Application Thread] DEBUG PrimaryStageWindow   - Scaled ratio: (1.0, 1.0)
17:03:30.920 [JavaFX Application Thread] DEBUG PrimaryStageWindow   - Set initial scene to FXGLStartupScene
17:03:30.924 [JavaFX Application Thread] DEBUG PrimaryStageWindow   - Opening main window
17:03:31.298 [JavaFX Application Thread] DEBUG PrimaryStageWindow   - Window border size: (16.0, 39.0)
17:03:31.298 [JavaFX Application Thread] DEBUG PrimaryStageWindow   - Scaled size: 600.0 x 600.0
17:03:31.298 [JavaFX Application Thread] DEBUG PrimaryStageWindow   - Scaled ratio: (1.0, 1.0)
17:03:31.298 [JavaFX Application Thread] DEBUG PrimaryStageWindow   - Scene size: 600.0 x 600.0
17:03:31.298 [JavaFX Application Thread] DEBUG PrimaryStageWindow   - Stage size: 616.0 x 639.0
17:03:31.306 [FXGL Background Thread 1 ] DEBUG Engine               - Initializing environment variables
17:03:31.368 [FXGL Background Thread 1 ] DEBUG FXGLAssetLoaderServi - User app class for loading assets: class org.example.capstonee.GameApp
17:03:31.368 [FXGL Background Thread 1 ] DEBUG GameApplicationServi - Applying CSS: fxgl_dark.css
17:03:31.370 [FXGL Background Thread 1 ] DEBUG FXGLAssetLoaderServi - Loading from file system: jar:file:///C:/Users/Shaun/.m2/repository/com/github/almasb/fxgl/17.3/fxgl-17.3.jar!/fxglassets/ui/css/fxgl_dark.css
17:03:31.428 [FXGL Background Thread 1 ] DEBUG GameApplicationServi - Initializing application scenes
17:03:31.487 [FXGL Background Thread 1 ] DEBUG GameWorld            - Game world initialized
17:03:31.546 [FXGL Background Thread 1 ] DEBUG PhysicsWorld         - Physics world initialized: appHeight=600, physics.ppm=50.0
17:03:31.546 [FXGL Background Thread 1 ] DEBUG PhysicsWorld         - Using strategy: BRUTE_FORCE
17:03:31.549 [FXGL Background Thread 1 ] DEBUG GameScene            - Game scene initialized: 600x600
17:03:31.563 [FXGL Background Thread 1 ] WARN  FXGL.DefaultMenu     - FXGLDefaultMenu is not designed for resolutions < 800x600
17:03:31.563 [FXGL Background Thread 1 ] DEBUG FXGL.DefaultMenu     - createMenuBodyGameMenu()
17:03:31.574 [FXGL Background Thread 1 ] DEBUG FXGL.DefaultMenu     - createOptionsMenu()
17:03:31.583 [FXGL Background Thread 1 ] DEBUG FXGLAssetLoaderServi - Loading from file system: jar:file:///C:/Users/Shaun/.m2/repository/com/github/almasb/fxgl/17.3/fxgl-17.3.jar!/fxglassets/textures/particles/smoke.png
17:03:31.661 [FXGL Background Thread 1 ] DEBUG FXGLAssetLoaderServi - Loading from file system: jar:file:///C:/Users/Shaun/.m2/repository/com/github/almasb/fxgl/17.3/fxgl-17.3.jar!/fxglassets/textures/particles/trace_horizontal.png
17:03:31.685 [FXGL Background Thread 1 ] DEBUG GameApplicationServi - Application scenes initialized
17:03:31.697 [FXGL Background Thread 1 ] DEBUG SystemBundleService  - Loading FXGL system data
17:03:31.702 [FXGL Background Thread 1 ] DEBUG FileSystemAccess     - Reading from: C:\Users\Shaun\Documents\JAVA CODES\Capstonee\system\fxgl.bundle
17:03:31.711 [FXGL Background Thread 1 ] DEBUG SystemBundleService  - Bundle FXGL: {}
17:03:31.711 [FXGL Background Thread 1 ] DEBUG UpdaterService       - Checking for updates
17:03:31.716 [FXGL Background Thread 4 ] DEBUG FXGLApplication      - Loading fonts
17:03:31.716 [FXGL Background Thread 1 ] DEBUG FXGLApplication      - Loading default localization
17:03:31.716 [FXGL Background Thread 4 ] DEBUG FXGLAssetLoaderServi - Loading from file system: jar:file:///C:/Users/Shaun/.m2/repository/com/github/almasb/fxgl/17.3/fxgl-17.3.jar!/fxglassets/ui/fonts/VarelaRound-Regular.ttf
17:03:31.717 [FXGL Background Thread 1 ] DEBUG FXGLAssetLoaderServi - Loading from file system: jar:file:///C:/Users/Shaun/.m2/repository/com/github/almasb/fxgl/17.3/fxgl-17.3.jar!/fxglassets/languages/english.lang
17:03:31.740 [FXGL Background Thread 1 ] INFO  FXGLApplication      - FXGL initialization took: 0.434 sec
17:03:31.747 [FXGL Background Thread 4 ] DEBUG FXGLAssetLoaderServi - Loading from file system: jar:file:///C:/Users/Shaun/.m2/repository/com/github/almasb/fxgl/17.3/fxgl-17.3.jar!/fxglassets/ui/fonts/Abel-Regular.ttf
17:03:31.751 [JavaFX Application Thread] DEBUG Input                - Registered new binding: action0 - D
17:03:31.751 [JavaFX Application Thread] DEBUG Input                - Registered new binding: action1 - A
17:03:31.751 [FXGL Background Thread 4 ] DEBUG FXGLAssetLoaderServi - Loading from file system: jar:file:///C:/Users/Shaun/.m2/repository/com/github/almasb/fxgl/17.3/fxgl-17.3.jar!/fxglassets/ui/fonts/TerminalLandMono-Regular.otf
17:03:31.752 [JavaFX Application Thread] DEBUG Input                - Registered new binding: action2 - W
17:03:31.752 [JavaFX Application Thread] DEBUG Input                - Registered new binding: action3 - S
17:03:31.753 [JavaFX Application Thread] DEBUG FXGLAssetLoaderServi - Loading from file system: jar:file:///C:/Users/Shaun/.m2/repository/com/github/almasb/fxgl/17.3/fxgl-17.3.jar!/fxglassets/textures/fxgl_icon.png
17:03:31.755 [FXGL Background Thread 4 ] DEBUG FXGLAssetLoaderServi - Loading from file system: jar:file:///C:/Users/Shaun/.m2/repository/com/github/almasb/fxgl/17.3/fxgl-17.3.jar!/fxglassets/ui/fonts/Courier-Prime.ttf
17:03:31.771 [JavaFX Application Thread] DEBUG FXGLAssetLoaderServi - Loading from file system: jar:file:///C:/Users/Shaun/.m2/repository/com/github/almasb/fxgl/17.3/fxgl-17.3.jar!/fxglassets/textures/fxgl_default_cursor.png
17:03:31.773 [JavaFX Application Thread] DEBUG Input                - Registered new binding: Screenshot - CTRL+8
17:03:31.773 [JavaFX Application Thread] DEBUG Input                - Registered new binding: System info dump - CTRL+9
17:03:31.774 [JavaFX Application Thread] DEBUG Input                - Registered new binding: Restart - CTRL+R
17:03:31.774 [JavaFX Application Thread] DEBUG Input                - Registered new binding: Toggle Debug Camera - CTRL+7
17:03:31.777 [JavaFX Application Thread] DEBUG LoopRunner           - Starting loop
17:03:31.778 [JavaFX Application Thread] DEBUG LoopRunner           - Initializing JavaFX AnimationTimerLoop
17:03:31.779 [JavaFX Application Thread] DEBUG GameApplicationServi - Starting new game
17:03:31.780 [JavaFX Application Thread] DEBUG Input                - Clearing active input actions
17:03:31.792 [JavaFX Application Thread] DEBUG GameApplicationServi - Removing overlay from FXGLStartupScene and adding to FXGLLoadingScene
17:03:31.793 [JavaFX Application Thread] DEBUG PrimaryStageWindow   - FXGLStartupScene -> FXGLLoadingScene
17:03:31.793 [JavaFX Application Thread] DEBUG GameApplicationServi - Clearing previous game
17:03:31.793 [JavaFX Application Thread] DEBUG GameScene            - Clearing game scene
17:03:31.793 [JavaFX Application Thread] DEBUG GameWorld            - Clearing game world
17:03:31.793 [JavaFX Application Thread] DEBUG PhysicsWorld         - Clearing physics world
17:03:31.795 [FXGL Background Thread 4 ] DEBUG FXGLApplication      - Initializing game
17:03:31.797 [JavaFX Application Thread] DEBUG FXGLApplication      - Registering font factories with UI factory
17:03:31.801 [FXGL Background Thread 4 ] WARN  FXGLAssetLoaderServi - Asset "/assets/levels/resources/assets/maps/test.tmx" was not found!
17:03:31.849 [JavaFX Application Thread] DEBUG LoopRunner           - Stopping loop
17:03:31.852 [JavaFX Application Thread] FATAL FXGLApplication      - Uncaught Exception:
java.lang.RuntimeException: Initialization failed
	at com.almasb.fxgl.all@17.3/com.almasb.fxgl.app.FXGLApplication$InitAppTask.failed(FXGLApplication.kt:343)
	at javafx.graphics@22.0.1/javafx.concurrent.Task.setState(Task.java:710)
	at javafx.graphics@22.0.1/javafx.concurrent.Task$TaskCallable.lambda$call$2(Task.java:1429)
	at javafx.graphics@22.0.1/com.sun.javafx.application.PlatformImpl.lambda$runLater$10(PlatformImpl.java:456)
	at java.base/java.security.AccessController.doPrivileged(AccessController.java:400)
	at javafx.graphics@22.0.1/com.sun.javafx.application.PlatformImpl.lambda$runLater$11(PlatformImpl.java:455)
	at javafx.graphics@22.0.1/com.sun.glass.ui.InvokeLaterDispatcher$Future.run(InvokeLaterDispatcher.java:95)
	at javafx.graphics@22.0.1/com.sun.glass.ui.win.WinApplication._runLoop(Native Method)
	at javafx.graphics@22.0.1/com.sun.glass.ui.win.WinApplication.lambda$runLoop$3(WinApplication.java:184)
	at java.base/java.lang.Thread.run(Thread.java:1570)
Caused by: java.lang.IllegalArgumentException: Loading level failed. Asset not found: resources/assets/maps/test.tmx
	at com.almasb.fxgl.all@17.3/com.almasb.fxgl.app.services.FXGLAssetLoaderService.loadLevel(FXGLAssetLoaderService.kt:427)
	at com.almasb.fxgl.all@17.3/com.almasb.fxgl.dsl.FXGL$Companion.setLevelFromMap(FXGL.kt:634)
	at com.almasb.fxgl.all@17.3/com.almasb.fxgl.dsl.FXGL.setLevelFromMap(FXGL.kt)
	at org.example.capstonee/org.example.capstonee.MapManager.loadMap(MapManager.java:8)
	at org.example.capstonee/org.example.capstonee.GameApp.initGame(GameApp.java:31)
	at com.almasb.fxgl.all@17.3/com.almasb.fxgl.app.FXGLApplication$InitAppTask.initGame(FXGLApplication.kt:339)
	at com.almasb.fxgl.all@17.3/com.almasb.fxgl.app.FXGLApplication$InitAppTask.call(FXGLApplication.kt:319)
	at com.almasb.fxgl.all@17.3/com.almasb.fxgl.app.FXGLApplication$InitAppTask.call(FXGLApplication.kt:311)
	at javafx.graphics@22.0.1/javafx.concurrent.Task$TaskCallable.call(Task.java:1399)
	at java.base/java.util.concurrent.FutureTask.run(FutureTask.java:317)
	at java.base/java.util.concurrent.Executors$RunnableAdapter.call(Executors.java:572)
	at java.base/java.util.concurrent.FutureTask.run(FutureTask.java:317)
	at java.base/java.util.concurrent.ThreadPoolExecutor.runWorker(ThreadPoolExecutor.java:1144)
	at java.base/java.util.concurrent.ThreadPoolExecutor$Worker.run(ThreadPoolExecutor.java:642)
	... 1 more

17:03:31.852 [JavaFX Application Thread] FATAL FXGLApplication      - Application will now exit
17:03:31.883 [JavaFX Application Thread] DEBUG PrimaryStageWindow   - Push state: ErrorSubScene
17:03:31.883 [JavaFX Application Thread] DEBUG Input                - Clearing active input actions
17:03:31.890 [JavaFX Application Thread] DEBUG GameApplicationServi - Removing overlay from FXGLLoadingScene and adding to ErrorSubScene
17:03:31.891 [JavaFX Application Thread] DEBUG PrimaryStageWindow   - FXGLLoadingScene -> ErrorSubScene
17:03:32.225 [FXGL Background Thread 2 ] INFO  UpdaterService       - Your current version:  17.3
17:03:32.225 [FXGL Background Thread 2 ] INFO  UpdaterService       - Latest stable version: 21.1
17:03:33.636 [JavaFX Application Thread] DEBUG FXGLApplication      - Exiting FXGL
17:03:33.636 [JavaFX Application Thread] DEBUG Async                - Shutting down background threads
17:03:33.637 [JavaFX Application Thread] DEBUG PrimaryStageWindow   - Closing main window
17:03:33.653 [JavaFX Application Thread] DEBUG Logger               - Closing Logger
