21:56:15.811 [main                     ] DEBUG Logger               - Configured Logger
21:56:15.841 [main                     ] DEBUG GameApplication      - Logging settings
Title: Rhythm Impact
Version: 1.0
Width: 1280
Height: 720
Fullscreen: false
Intro: false
Profiling: false
Single step:false
App Mode: DEVELOPER
Menu Key: ESCAPE
Stage Style: DECORATED
Scene Factory: class org.example.capstonee.Menu.MenuSceneFactory

21:56:16.661 [JavaFX Application Thread] DEBUG FXGLApplication      - Initializing FXGL
21:56:16.663 [JavaFX Application Thread] INFO  Engine               - FXGL-21.1 (27.03.2024 07.52) on MAC (J:22.0.2 FX:22.0.1)
21:56:16.663 [JavaFX Application Thread] DEBUG Engine               - JRE Vendor Name: Oracle Corporation
21:56:16.663 [JavaFX Application Thread] DEBUG Engine               - Running on OS: Mac OS X version 15.3.2
21:56:16.663 [JavaFX Application Thread] DEBUG Engine               - Architecture: aarch64
21:56:16.663 [JavaFX Application Thread] INFO  Engine               - Source code and latest versions at: https://github.com/AlmasB/FXGL
21:56:16.663 [JavaFX Application Thread] INFO  Engine               -       Ask questions and discuss at: https://github.com/AlmasB/FXGL/discussions
21:56:16.663 [JavaFX Application Thread] INFO  Engine               -              Join the FXGL chat at: https://gitter.im/AlmasB/FXGL
21:56:16.709 [JavaFX Application Thread] DEBUG PrimaryStageWindow   - Creating a JavaFX scene
21:56:16.730 [JavaFX Application Thread] DEBUG PrimaryStageWindow   - Target settings size: 1280.0 x 720.0
21:56:16.730 [JavaFX Application Thread] DEBUG PrimaryStageWindow   - Scaled scene size:    1280.0 x 720.0
21:56:16.730 [JavaFX Application Thread] DEBUG PrimaryStageWindow   - Scaled ratio: (1.0, 1.0)
21:56:16.730 [JavaFX Application Thread] DEBUG PrimaryStageWindow   - Set initial scene to FXGLStartupScene
21:56:16.731 [JavaFX Application Thread] DEBUG PrimaryStageWindow   - Opening main window
21:56:16.836 [JavaFX Application Thread] DEBUG PrimaryStageWindow   - Window border size: (0.0, 28.0)
21:56:16.837 [JavaFX Application Thread] DEBUG PrimaryStageWindow   - Scaled size: 1280.0 x 720.0
21:56:16.837 [JavaFX Application Thread] DEBUG PrimaryStageWindow   - Scaled ratio: (1.0, 1.0)
21:56:16.837 [JavaFX Application Thread] DEBUG PrimaryStageWindow   - Scene size: 1280.0 x 720.0
21:56:16.837 [JavaFX Application Thread] DEBUG PrimaryStageWindow   - Stage size: 1280.0 x 748.0
21:56:16.841 [FXGL Background Thread 1 ] DEBUG Engine               - Initializing environment variables
21:56:16.863 [FXGL Background Thread 1 ] DEBUG FXGLAssetLoaderServi - User app class for loading assets: class org.example.capstonee.GameApp
21:56:16.863 [FXGL Background Thread 1 ] DEBUG GameApplicationServi - Applying CSS: fxgl_dark.css
21:56:16.863 [FXGL Background Thread 1 ] DEBUG FXGLAssetLoaderServi - Loading from file system: jar:file:///Users/ajaxestela/.m2/repository/com/github/almasb/fxgl/21.1/fxgl-21.1.jar!/fxglassets/ui/css/fxgl_dark.css
21:56:16.886 [FXGL Background Thread 1 ] DEBUG GameApplicationServi - Initializing application scenes
21:56:17.024 [FXGL Background Thread 1 ] DEBUG GameWorld            - Game world initialized
21:56:17.072 [FXGL Background Thread 1 ] DEBUG PhysicsWorld         - Physics world initialized: appHeight=720, physics.ppm=50.0
21:56:17.073 [FXGL Background Thread 1 ] DEBUG PhysicsWorld         - Using strategy: BRUTE_FORCE
21:56:17.075 [FXGL Background Thread 1 ] DEBUG GameScene            - Game scene initialized: 1280x720
21:56:17.080 [FXGL Background Thread 1 ] WARN  FXGLAssetLoaderServi - Asset "/assets/music/music/menu_theme.wav" was not found!
21:56:17.080 [FXGL Background Thread 1 ] WARN  FXGLAssetLoaderServi - Failed to load MUSIC
21:56:17.087 [FXGL Background Thread 1 ] DEBUG FXGLAssetLoaderServi - Loading from file system: file:/Users/ajaxestela/IdeaProjects/GitSomeSleep/Capstonee/target/classes/assets/textures/background/nearest4.png
21:56:17.151 [FXGL Background Thread 1 ] DEBUG FXGLAssetLoaderServi - Loading from file system: file:/Users/ajaxestela/IdeaProjects/GitSomeSleep/Capstonee/target/classes/assets/textures/background/nearest3.png
21:56:17.258 [FXGL Background Thread 1 ] DEBUG FXGLAssetLoaderServi - Loading from file system: file:/Users/ajaxestela/IdeaProjects/GitSomeSleep/Capstonee/target/classes/assets/textures/background/nearest2.png
21:56:17.269 [FXGL Background Thread 1 ] DEBUG FXGLAssetLoaderServi - Loading from file system: file:/Users/ajaxestela/IdeaProjects/GitSomeSleep/Capstonee/target/classes/assets/textures/background/%20nearest1.png
21:56:17.329 [FXGL Background Thread 1 ] DEBUG GameApplicationServi - Application scenes initialized
21:56:17.347 [FXGL Background Thread 1 ] DEBUG SystemBundleService  - Loading FXGL system data
21:56:17.351 [FXGL Background Thread 1 ] DEBUG FileSystemAccess     - Reading from: /Users/ajaxestela/IdeaProjects/GitSomeSleep/Capstonee/system/fxgl.bundle
21:56:17.358 [FXGL Background Thread 1 ] DEBUG SystemBundleService  - Bundle FXGL: {}
21:56:17.358 [FXGL Background Thread 1 ] DEBUG UpdaterService       - Checking for updates
21:56:17.361 [FXGL Background Thread 4 ] DEBUG FXGLApplication      - Loading fonts
21:56:17.361 [FXGL Background Thread 4 ] DEBUG FXGLAssetLoaderServi - Loading from file system: jar:file:///Users/ajaxestela/.m2/repository/com/github/almasb/fxgl/21.1/fxgl-21.1.jar!/fxglassets/ui/fonts/VarelaRound-Regular.ttf
21:56:17.361 [FXGL Background Thread 1 ] DEBUG FXGLApplication      - Loading default localization
21:56:17.361 [FXGL Background Thread 1 ] DEBUG FXGLAssetLoaderServi - Loading from file system: jar:file:///Users/ajaxestela/.m2/repository/com/github/almasb/fxgl/21.1/fxgl-21.1.jar!/fxglassets/languages/english.lang
21:56:17.376 [FXGL Background Thread 1 ] INFO  FXGLApplication      - FXGL initialization took: 0.535 sec
21:56:17.381 [JavaFX Application Thread] DEBUG Input                - Registered new binding: RhythmLane0 - H
21:56:17.381 [JavaFX Application Thread] DEBUG Input                - Registered new binding: RhythmLane1 - J
21:56:17.381 [JavaFX Application Thread] DEBUG Input                - Registered new binding: RhythmLane2 - K
21:56:17.381 [JavaFX Application Thread] DEBUG Input                - Registered new binding: RhythmLane3 - L
21:56:17.381 [JavaFX Application Thread] DEBUG Input                - Registered new binding: RhythmStart - Space
21:56:17.381 [JavaFX Application Thread] DEBUG Input                - Registered new binding: PauseGame - Esc
21:56:17.381 [JavaFX Application Thread] DEBUG FXGLAssetLoaderServi - Loading from file system: jar:file:///Users/ajaxestela/.m2/repository/com/github/almasb/fxgl/21.1/fxgl-21.1.jar!/fxglassets/textures/fxgl_icon.png
21:56:17.397 [FXGL Background Thread 4 ] DEBUG FXGLAssetLoaderServi - Loading from file system: jar:file:///Users/ajaxestela/.m2/repository/com/github/almasb/fxgl/21.1/fxgl-21.1.jar!/fxglassets/ui/fonts/Abel-Regular.ttf
21:56:17.401 [FXGL Background Thread 4 ] DEBUG FXGLAssetLoaderServi - Loading from file system: jar:file:///Users/ajaxestela/.m2/repository/com/github/almasb/fxgl/21.1/fxgl-21.1.jar!/fxglassets/ui/fonts/TerminalLandMono-Regular.otf
21:56:17.406 [FXGL Background Thread 4 ] DEBUG FXGLAssetLoaderServi - Loading from file system: jar:file:///Users/ajaxestela/.m2/repository/com/github/almasb/fxgl/21.1/fxgl-21.1.jar!/fxglassets/ui/fonts/Courier-Prime.ttf
21:56:17.408 [JavaFX Application Thread] DEBUG FXGLAssetLoaderServi - Loading from file system: jar:file:///Users/ajaxestela/.m2/repository/com/github/almasb/fxgl/21.1/fxgl-21.1.jar!/fxglassets/textures/fxgl_default_cursor.png
21:56:17.409 [JavaFX Application Thread] DEBUG Input                - Registered new binding: Screenshot - CTRL+8
21:56:17.410 [JavaFX Application Thread] DEBUG Input                - Registered new binding: System info dump - CTRL+9
21:56:17.410 [JavaFX Application Thread] DEBUG Input                - Registered new binding: Restart - CTRL+R
21:56:17.410 [JavaFX Application Thread] DEBUG Input                - Registered new binding: Toggle Debug Camera - CTRL+7
21:56:17.410 [JavaFX Application Thread] DEBUG LoopRunner           - Starting loop
21:56:17.410 [JavaFX Application Thread] DEBUG LoopRunner           - Initializing JavaFX AnimationTimerLoop
21:56:17.411 [JavaFX Application Thread] DEBUG Input                - Clearing active input actions
21:56:17.415 [JavaFX Application Thread] DEBUG GameApplicationServi - Removing overlay from FXGLStartupScene and adding to FXGLMainMenuDummyScene
21:56:17.415 [JavaFX Application Thread] DEBUG PrimaryStageWindow   - FXGLStartupScene -> FXGLMainMenuDummyScene
21:56:17.415 [JavaFX Application Thread] DEBUG PrimaryStageWindow   - Push state: MainMenu
21:56:17.416 [JavaFX Application Thread] DEBUG Input                - Clearing active input actions
21:56:17.421 [JavaFX Application Thread] DEBUG GameApplicationServi - Removing overlay from FXGLMainMenuDummyScene and adding to MainMenu
21:56:17.422 [JavaFX Application Thread] DEBUG PrimaryStageWindow   - FXGLMainMenuDummyScene -> MainMenu
21:56:17.477 [JavaFX Application Thread] DEBUG FXGLApplication      - Registering font factories with UI factory
21:56:18.019 [JavaFX Application Thread] DEBUG PrimaryStageWindow   - Push state: DialogSubScene
21:56:18.019 [JavaFX Application Thread] DEBUG Input                - Clearing active input actions
21:56:18.020 [JavaFX Application Thread] DEBUG GameApplicationServi - Removing overlay from MainMenu and adding to DialogSubScene
21:56:18.020 [JavaFX Application Thread] DEBUG PrimaryStageWindow   - MainMenu -> DialogSubScene
21:56:18.960 [JavaFX Application Thread] DEBUG PrimaryStageWindow   - Pop state: DialogSubScene
21:56:18.961 [JavaFX Application Thread] DEBUG Input                - Clearing active input actions
21:56:18.961 [JavaFX Application Thread] DEBUG GameApplicationServi - Removing overlay from DialogSubScene and adding to MainMenu
21:56:18.961 [JavaFX Application Thread] DEBUG PrimaryStageWindow   - MainMenu <- DialogSubScene
21:56:18.963 [JavaFX Application Thread] DEBUG PrimaryStageWindow   - Push state: DialogSubScene
21:56:18.963 [JavaFX Application Thread] DEBUG Input                - Clearing active input actions
21:56:18.964 [JavaFX Application Thread] DEBUG GameApplicationServi - Removing overlay from MainMenu and adding to DialogSubScene
21:56:18.964 [JavaFX Application Thread] DEBUG PrimaryStageWindow   - MainMenu -> DialogSubScene
21:56:19.942 [JavaFX Application Thread] DEBUG PrimaryStageWindow   - Pop state: DialogSubScene
21:56:19.943 [JavaFX Application Thread] DEBUG Input                - Clearing active input actions
21:56:19.943 [JavaFX Application Thread] DEBUG GameApplicationServi - Removing overlay from DialogSubScene and adding to MainMenu
21:56:19.944 [JavaFX Application Thread] DEBUG PrimaryStageWindow   - MainMenu <- DialogSubScene
21:56:19.944 [JavaFX Application Thread] DEBUG AudioPlayer          - Stopping music com.almasb.fxgl.audio.Music@15f9ed25
21:56:19.944 [JavaFX Application Thread] DEBUG GameApplicationServi - Starting new game
21:56:19.944 [JavaFX Application Thread] DEBUG PrimaryStageWindow   - Pop state: MainMenu
21:56:19.944 [JavaFX Application Thread] DEBUG Input                - Clearing active input actions
21:56:19.945 [JavaFX Application Thread] DEBUG GameApplicationServi - Removing overlay from MainMenu and adding to FXGLMainMenuDummyScene
21:56:19.945 [JavaFX Application Thread] DEBUG PrimaryStageWindow   - FXGLMainMenuDummyScene <- MainMenu
21:56:19.945 [JavaFX Application Thread] DEBUG Input                - Clearing active input actions
21:56:19.949 [JavaFX Application Thread] DEBUG GameApplicationServi - Removing overlay from FXGLMainMenuDummyScene and adding to FXGLLoadingScene
21:56:19.949 [JavaFX Application Thread] DEBUG PrimaryStageWindow   - FXGLMainMenuDummyScene -> FXGLLoadingScene
21:56:19.949 [JavaFX Application Thread] DEBUG GameApplicationServi - Clearing previous game
21:56:19.949 [JavaFX Application Thread] DEBUG GameScene            - Clearing game scene
21:56:19.949 [JavaFX Application Thread] DEBUG GameWorld            - Clearing game world
21:56:19.949 [JavaFX Application Thread] DEBUG PhysicsWorld         - Clearing physics world
21:56:19.950 [FXGL Background Thread 2 ] DEBUG FXGLApplication      - Initializing game
21:56:19.953 [FXGL Background Thread 2 ] WARN  FXGLAssetLoaderServi - Asset "/assets/sounds/sounds/hit.wav" was not found!
21:56:19.953 [FXGL Background Thread 2 ] WARN  FXGLAssetLoaderServi - Failed to load SOUND
21:56:19.953 [FXGL Background Thread 2 ] WARN  FXGLAssetLoaderServi - Asset "/assets/sounds/sounds/miss.wav" was not found!
21:56:19.953 [FXGL Background Thread 2 ] WARN  FXGLAssetLoaderServi - Failed to load SOUND
21:56:19.960 [FXGL Background Thread 2 ] DEBUG FXGLAssetLoaderServi - Loading from file system: file:/Users/ajaxestela/IdeaProjects/GitSomeSleep/Capstonee/target/classes/assets/music/songs/zhongli.wav
21:56:20.362 [FXGL Background Thread 3 ] DEBUG Engine               - Logging environment variables
21:56:20.363 [FXGL Background Thread 3 ] DEBUG Engine               - achievements: []
21:56:20.363 [FXGL Background Thread 3 ] DEBUG Engine               - actualHeight: 720.0
21:56:20.363 [FXGL Background Thread 3 ] DEBUG Engine               - actualHeightProperty: ReadOnlyDoubleProperty [value: 720.0]
21:56:20.363 [FXGL Background Thread 3 ] DEBUG Engine               - actualWidth: 1280.0
21:56:20.363 [FXGL Background Thread 3 ] DEBUG Engine               - actualWidthProperty: ReadOnlyDoubleProperty [value: 1280.0]
21:56:20.363 [FXGL Background Thread 3 ] DEBUG Engine               - appIcon: fxgl_icon.png
21:56:20.363 [FXGL Background Thread 3 ] DEBUG Engine               - applicationMode: DEVELOPER
21:56:20.363 [FXGL Background Thread 3 ] DEBUG Engine               - cSSList: [fxgl_dark.css]
21:56:20.363 [FXGL Background Thread 3 ] DEBUG Engine               - collisionDetectionStrategy: BRUTE_FORCE
21:56:20.363 [FXGL Background Thread 3 ] DEBUG Engine               - configClass: Optional.empty
21:56:20.363 [FXGL Background Thread 3 ] DEBUG Engine               - credits: []
21:56:20.364 [FXGL Background Thread 3 ] DEBUG Engine               - defaultCursor: CursorInfo(imageName=fxgl_default_cursor.png, hotspotX=7.0, hotspotY=6.0)
21:56:20.364 [FXGL Background Thread 3 ] DEBUG Engine               - devBBoxColorProperty: ObjectProperty [value: 0xff0000ff]
21:56:20.364 [FXGL Background Thread 3 ] DEBUG Engine               - devEnableDebugCameraProperty: BooleanProperty [value: false]
21:56:20.364 [FXGL Background Thread 3 ] DEBUG Engine               - devSensorColorProperty: ObjectProperty [value: 0xffff00ff]
21:56:20.364 [FXGL Background Thread 3 ] DEBUG Engine               - devShowBBoxProperty: BooleanProperty [value: false]
21:56:20.364 [FXGL Background Thread 3 ] DEBUG Engine               - devShowPositionProperty: BooleanProperty [value: false]
21:56:20.364 [FXGL Background Thread 3 ] DEBUG Engine               - enabledMenuItems: []
21:56:20.364 [FXGL Background Thread 3 ] DEBUG Engine               - engineServices: [class com.almasb.fxgl.app.services.FXGLAssetLoaderService, class com.almasb.fxgl.app.FXGLApplication$GameApplicationService, class com.almasb.fxgl.app.services.FXGLDialogService, class com.almasb.fxgl.app.services.IOTaskExecutorService, class com.almasb.fxgl.io.FileSystemService, class com.almasb.fxgl.localization.LocalizationService, class com.almasb.fxgl.app.services.SystemBundleService, class com.almasb.fxgl.profile.SaveLoadService, class com.almasb.fxgl.ui.FXGLUIFactoryServiceProvider, class com.almasb.fxgl.ui.FXGLDialogFactoryServiceProvider, class com.almasb.fxgl.audio.AudioPlayer, class com.almasb.fxgl.notification.impl.NotificationServiceProvider, class com.almasb.fxgl.achievement.AchievementService, class com.almasb.fxgl.cutscene.CutsceneService, class com.almasb.fxgl.minigames.MiniGameService, class com.almasb.fxgl.net.NetService, class com.almasb.fxgl.app.services.UpdaterService, class com.almasb.fxgl.dev.DevService]
21:56:20.364 [FXGL Background Thread 3 ] DEBUG Engine               - fontGame: Abel-Regular.ttf
21:56:20.364 [FXGL Background Thread 3 ] DEBUG Engine               - fontMono: TerminalLandMono-Regular.otf
21:56:20.364 [FXGL Background Thread 3 ] DEBUG Engine               - fontSizeScaleUI: 1.0
21:56:20.364 [FXGL Background Thread 3 ] DEBUG Engine               - fontText: Courier-Prime.ttf
21:56:20.364 [FXGL Background Thread 3 ] DEBUG Engine               - fontUI: VarelaRound-Regular.ttf
21:56:20.364 [FXGL Background Thread 3 ] DEBUG Engine               - fullScreen: BooleanProperty [value: false]
21:56:20.364 [FXGL Background Thread 3 ] DEBUG Engine               - gameDifficulty: MEDIUM
21:56:20.364 [FXGL Background Thread 3 ] DEBUG Engine               - gameDifficultyProperty: ObjectProperty [value: MEDIUM]
21:56:20.364 [FXGL Background Thread 3 ] DEBUG Engine               - globalMusicVolume: 0.5
21:56:20.364 [FXGL Background Thread 3 ] DEBUG Engine               - globalMusicVolumeProperty: DoubleProperty [bound, value: 0.5]
21:56:20.364 [FXGL Background Thread 3 ] DEBUG Engine               - globalSoundVolume: 0.5
21:56:20.364 [FXGL Background Thread 3 ] DEBUG Engine               - globalSoundVolumeProperty: DoubleProperty [bound, value: 0.5]
21:56:20.364 [FXGL Background Thread 3 ] DEBUG Engine               - height: 720
21:56:20.364 [FXGL Background Thread 3 ] DEBUG Engine               - is3D: false
21:56:20.364 [FXGL Background Thread 3 ] DEBUG Engine               - isAndroid: false
21:56:20.364 [FXGL Background Thread 3 ] DEBUG Engine               - isBrowser: false
21:56:20.364 [FXGL Background Thread 3 ] DEBUG Engine               - isClickFeedbackEnabled: false
21:56:20.364 [FXGL Background Thread 3 ] DEBUG Engine               - isCloseConfirmation: false
21:56:20.364 [FXGL Background Thread 3 ] DEBUG Engine               - isDesktop: true
21:56:20.364 [FXGL Background Thread 3 ] DEBUG Engine               - isDeveloperMenuEnabled: false
21:56:20.364 [FXGL Background Thread 3 ] DEBUG Engine               - isEmbedded: false
21:56:20.365 [FXGL Background Thread 3 ] DEBUG Engine               - isEntityPreloadEnabled: true
21:56:20.365 [FXGL Background Thread 3 ] DEBUG Engine               - isExperimentalTiledLargeMap: false
21:56:20.365 [FXGL Background Thread 3 ] DEBUG Engine               - isFileSystemWriteAllowed: true
21:56:20.365 [FXGL Background Thread 3 ] DEBUG Engine               - isFullScreenAllowed: false
21:56:20.365 [FXGL Background Thread 3 ] DEBUG Engine               - isFullScreenFromStart: false
21:56:20.365 [FXGL Background Thread 3 ] DEBUG Engine               - isGameMenuEnabled: true
21:56:20.365 [FXGL Background Thread 3 ] DEBUG Engine               - isIOS: false
21:56:20.365 [FXGL Background Thread 3 ] DEBUG Engine               - isIntroEnabled: false
21:56:20.365 [FXGL Background Thread 3 ] DEBUG Engine               - isLinux: false
21:56:20.365 [FXGL Background Thread 3 ] DEBUG Engine               - isMac: true
21:56:20.365 [FXGL Background Thread 3 ] DEBUG Engine               - isMainMenuEnabled: true
21:56:20.365 [FXGL Background Thread 3 ] DEBUG Engine               - isManualResizeEnabled: false
21:56:20.365 [FXGL Background Thread 3 ] DEBUG Engine               - isMobile: false
21:56:20.365 [FXGL Background Thread 3 ] DEBUG Engine               - isNative: false
21:56:20.365 [FXGL Background Thread 3 ] DEBUG Engine               - isPauseMusicWhenMinimized: true
21:56:20.365 [FXGL Background Thread 3 ] DEBUG Engine               - isPreserveResizeRatio: false
21:56:20.365 [FXGL Background Thread 3 ] DEBUG Engine               - isProfilingEnabled: false
21:56:20.365 [FXGL Background Thread 3 ] DEBUG Engine               - isScaleAffectedOnResize: true
21:56:20.365 [FXGL Background Thread 3 ] DEBUG Engine               - isSingleStep: false
21:56:20.365 [FXGL Background Thread 3 ] DEBUG Engine               - isUserProfileEnabled: false
21:56:20.365 [FXGL Background Thread 3 ] DEBUG Engine               - isWindows: false
21:56:20.365 [FXGL Background Thread 3 ] DEBUG Engine               - language: ObjectProperty [value: ENGLISH]
21:56:20.365 [FXGL Background Thread 3 ] DEBUG Engine               - menuKey: ESCAPE
21:56:20.365 [FXGL Background Thread 3 ] DEBUG Engine               - mouseSensitivity: 0.2
21:56:20.365 [FXGL Background Thread 3 ] DEBUG Engine               - notificationViewClass: class com.almasb.fxgl.notification.view.XboxNotificationView
21:56:20.365 [FXGL Background Thread 3 ] DEBUG Engine               - pixelsPerMeter: 50.0
21:56:20.365 [FXGL Background Thread 3 ] DEBUG Engine               - platform: MAC
21:56:20.365 [FXGL Background Thread 3 ] DEBUG Engine               - prefHeightProperty: ReadOnlyDoubleProperty [value: 720.0]
21:56:20.365 [FXGL Background Thread 3 ] DEBUG Engine               - prefWidthProperty: ReadOnlyDoubleProperty [value: 1280.0]
21:56:20.365 [FXGL Background Thread 3 ] DEBUG Engine               - profileDir: profiles/
21:56:20.365 [FXGL Background Thread 3 ] DEBUG Engine               - profileName: StringProperty [value: DEFAULT]
21:56:20.365 [FXGL Background Thread 3 ] DEBUG Engine               - randomSeed: -1
21:56:20.365 [FXGL Background Thread 3 ] DEBUG Engine               - runtimeInfo: RuntimeInfo(platform=MAC, version=21.1, build=27.03.2024 07.52)
21:56:20.365 [FXGL Background Thread 3 ] DEBUG Engine               - saveFileExt: sav
21:56:20.365 [FXGL Background Thread 3 ] DEBUG Engine               - scaledHeightProp$fxgl: DoubleProperty [bound, value: 720.0]
21:56:20.365 [FXGL Background Thread 3 ] DEBUG Engine               - scaledWidthProp$fxgl: DoubleProperty [bound, value: 1280.0]
21:56:20.365 [FXGL Background Thread 3 ] DEBUG Engine               - sceneFactory: org.example.capstonee.Menu.MenuSceneFactory@db06d6c
21:56:20.365 [FXGL Background Thread 3 ] DEBUG Engine               - secondsIn24h: 60
21:56:20.365 [FXGL Background Thread 3 ] DEBUG Engine               - soundMenuBack: menu/back.wav
21:56:20.365 [FXGL Background Thread 3 ] DEBUG Engine               - soundMenuPress: menu/press.wav
21:56:20.366 [FXGL Background Thread 3 ] DEBUG Engine               - soundMenuSelect: menu/select.wav
21:56:20.366 [FXGL Background Thread 3 ] DEBUG Engine               - soundNotification: core/notification.wav
21:56:20.366 [FXGL Background Thread 3 ] DEBUG Engine               - stageStyle: DECORATED
21:56:20.366 [FXGL Background Thread 3 ] DEBUG Engine               - supportedLanguages: [ENGLISH, FRENCH, GERMAN, HUNGARIAN, RUSSIAN]
21:56:20.366 [FXGL Background Thread 3 ] DEBUG Engine               - ticksPerSecond: -1
21:56:20.366 [FXGL Background Thread 3 ] DEBUG Engine               - title: Rhythm Impact
21:56:20.366 [FXGL Background Thread 3 ] DEBUG Engine               - urlGithub: https://github.com/AlmasB/FXGL
21:56:20.366 [FXGL Background Thread 3 ] DEBUG Engine               - urlLeaderboard: http://fxgl-top.herokuapp.com/
21:56:20.366 [FXGL Background Thread 3 ] DEBUG Engine               - urlPOM: https://raw.githubusercontent.com/AlmasB/FXGL/release/README.md
21:56:20.366 [FXGL Background Thread 3 ] DEBUG Engine               - userAppClass: class org.example.capstonee.GameApp
21:56:20.366 [FXGL Background Thread 3 ] DEBUG Engine               - version: 1.0
21:56:20.366 [FXGL Background Thread 3 ] DEBUG Engine               - versionCheckDays: 7
21:56:20.366 [FXGL Background Thread 3 ] DEBUG Engine               - width: 1280
21:56:20.366 [FXGL Background Thread 3 ] DEBUG Engine               - Logging services
21:56:20.366 [FXGL Background Thread 3 ] DEBUG Engine               - class com.almasb.fxgl.app.services.FXGLAssetLoaderService
21:56:20.366 [FXGL Background Thread 3 ] DEBUG Engine               - class com.almasb.fxgl.app.FXGLApplication$GameApplicationService
21:56:20.366 [FXGL Background Thread 3 ] DEBUG Engine               - class com.almasb.fxgl.app.services.FXGLDialogService
21:56:20.366 [FXGL Background Thread 3 ] DEBUG Engine               - class com.almasb.fxgl.app.services.IOTaskExecutorService
21:56:20.366 [FXGL Background Thread 3 ] DEBUG Engine               - class com.almasb.fxgl.io.FileSystemService
21:56:20.366 [FXGL Background Thread 3 ] DEBUG Engine               - class com.almasb.fxgl.localization.LocalizationService
21:56:20.366 [FXGL Background Thread 3 ] DEBUG Engine               - class com.almasb.fxgl.app.services.SystemBundleService
21:56:20.366 [FXGL Background Thread 3 ] DEBUG Engine               - class com.almasb.fxgl.profile.SaveLoadService
21:56:20.366 [FXGL Background Thread 3 ] DEBUG Engine               - class com.almasb.fxgl.ui.FXGLUIFactoryServiceProvider
21:56:20.366 [FXGL Background Thread 3 ] DEBUG Engine               - class com.almasb.fxgl.ui.FXGLDialogFactoryServiceProvider
21:56:20.366 [FXGL Background Thread 3 ] DEBUG Engine               - class com.almasb.fxgl.audio.AudioPlayer
21:56:20.366 [FXGL Background Thread 3 ] DEBUG Engine               - class com.almasb.fxgl.notification.impl.NotificationServiceProvider
21:56:20.366 [FXGL Background Thread 3 ] DEBUG Engine               - class com.almasb.fxgl.achievement.AchievementService
21:56:20.366 [FXGL Background Thread 3 ] DEBUG Engine               - class com.almasb.fxgl.cutscene.CutsceneService
21:56:20.366 [FXGL Background Thread 3 ] DEBUG Engine               - class com.almasb.fxgl.minigames.MiniGameService
21:56:20.366 [FXGL Background Thread 3 ] DEBUG Engine               - class com.almasb.fxgl.net.NetService
21:56:20.366 [FXGL Background Thread 3 ] DEBUG Engine               - class com.almasb.fxgl.app.services.UpdaterService
21:56:20.366 [FXGL Background Thread 3 ] DEBUG Engine               - class com.almasb.fxgl.dev.DevService
21:56:21.977 [FXGL Background Thread 2 ] DEBUG FXGLAssetLoaderServi - Loading from file system: file:/Users/ajaxestela/IdeaProjects/GitSomeSleep/Capstonee/target/classes/assets/textures/background/pixelatedliyue.png
21:56:22.002 [FXGL Background Thread 2 ] DEBUG FXGLAssetLoaderServi - Loading from file system: file:/Users/ajaxestela/IdeaProjects/GitSomeSleep/Capstonee/target/classes/assets/textures/notes/hilichurlhitmarker.png
21:56:22.009 [FXGL Background Thread 2 ] INFO  FXGLApplication      - Game initialization took: 2.058 sec
21:56:22.009 [JavaFX Application Thread] DEBUG Input                - Clearing active input actions
21:56:22.012 [JavaFX Application Thread] DEBUG GameApplicationServi - Removing overlay from FXGLLoadingScene and adding to GameScene
21:56:22.012 [JavaFX Application Thread] DEBUG PrimaryStageWindow   - FXGLLoadingScene -> GameScene
21:56:22.688 [JavaFX Application Thread] DEBUG AudioPlayer          - Playing music com.almasb.fxgl.audio.Music@60aa504
21:56:23.652 [JavaFX Application Thread] DEBUG AudioPlayer          - Pausing music com.almasb.fxgl.audio.Music@60aa504
21:56:23.653 [JavaFX Application Thread] DEBUG PrimaryStageWindow   - Push state: GamePauseMenu
21:56:23.653 [JavaFX Application Thread] DEBUG Input                - Clearing active input actions
21:56:23.656 [JavaFX Application Thread] DEBUG GameApplicationServi - Removing overlay from GameScene and adding to GamePauseMenu
21:56:23.656 [JavaFX Application Thread] DEBUG PrimaryStageWindow   - GameScene -> GamePauseMenu
21:56:25.030 [JavaFX Application Thread] DEBUG PrimaryStageWindow   - Pop state: GamePauseMenu
21:56:25.030 [JavaFX Application Thread] DEBUG Input                - Clearing active input actions
21:56:25.031 [JavaFX Application Thread] DEBUG GameApplicationServi - Removing overlay from GamePauseMenu and adding to GameScene
21:56:25.032 [JavaFX Application Thread] DEBUG PrimaryStageWindow   - GameScene <- GamePauseMenu
21:56:26.147 [JavaFX Application Thread] DEBUG FXGLAssetLoaderServi - Loading from file system: file:/Users/ajaxestela/IdeaProjects/GitSomeSleep/Capstonee/target/classes/assets/textures/markers/moranote.png
21:56:28.069 [JavaFX Application Thread] DEBUG AudioPlayer          - Resuming music com.almasb.fxgl.audio.Music@60aa504
21:56:28.070 [JavaFX Application Thread] DEBUG PrimaryStageWindow   - Push state: GamePauseMenu
21:56:28.070 [JavaFX Application Thread] DEBUG Input                - Clearing active input actions
21:56:28.072 [JavaFX Application Thread] DEBUG GameApplicationServi - Removing overlay from GameScene and adding to GamePauseMenu
21:56:28.072 [JavaFX Application Thread] DEBUG PrimaryStageWindow   - GameScene -> GamePauseMenu
21:56:30.230 [JavaFX Application Thread] DEBUG PrimaryStageWindow   - Pop state: GamePauseMenu
21:56:30.231 [JavaFX Application Thread] DEBUG Input                - Clearing active input actions
21:56:30.232 [JavaFX Application Thread] DEBUG GameApplicationServi - Removing overlay from GamePauseMenu and adding to GameScene
21:56:30.232 [JavaFX Application Thread] DEBUG PrimaryStageWindow   - GameScene <- GamePauseMenu
21:56:31.810 [JavaFX Application Thread] DEBUG AudioPlayer          - Pausing music com.almasb.fxgl.audio.Music@60aa504
21:56:31.811 [JavaFX Application Thread] DEBUG PrimaryStageWindow   - Push state: GamePauseMenu
21:56:31.811 [JavaFX Application Thread] DEBUG Input                - Clearing active input actions
21:56:31.812 [JavaFX Application Thread] DEBUG GameApplicationServi - Removing overlay from GameScene and adding to GamePauseMenu
21:56:31.813 [JavaFX Application Thread] DEBUG PrimaryStageWindow   - GameScene -> GamePauseMenu
21:56:32.279 [JavaFX Application Thread] DEBUG PrimaryStageWindow   - Pop state: GamePauseMenu
21:56:32.279 [JavaFX Application Thread] DEBUG Input                - Clearing active input actions
21:56:32.280 [JavaFX Application Thread] DEBUG GameApplicationServi - Removing overlay from GamePauseMenu and adding to GameScene
21:56:32.280 [JavaFX Application Thread] DEBUG PrimaryStageWindow   - GameScene <- GamePauseMenu
21:56:33.153 [JavaFX Application Thread] DEBUG AudioPlayer          - Resuming music com.almasb.fxgl.audio.Music@60aa504
21:56:33.154 [JavaFX Application Thread] DEBUG PrimaryStageWindow   - Push state: GamePauseMenu
21:56:33.154 [JavaFX Application Thread] DEBUG Input                - Clearing active input actions
21:56:33.155 [JavaFX Application Thread] DEBUG GameApplicationServi - Removing overlay from GameScene and adding to GamePauseMenu
21:56:33.156 [JavaFX Application Thread] DEBUG PrimaryStageWindow   - GameScene -> GamePauseMenu
21:56:34.353 [JavaFX Application Thread] DEBUG PrimaryStageWindow   - Pop state: GamePauseMenu
21:56:34.353 [JavaFX Application Thread] DEBUG Input                - Clearing active input actions
21:56:34.354 [JavaFX Application Thread] DEBUG GameApplicationServi - Removing overlay from GamePauseMenu and adding to GameScene
21:56:34.354 [JavaFX Application Thread] DEBUG PrimaryStageWindow   - GameScene <- GamePauseMenu
21:56:37.581 [JavaFX Application Thread] DEBUG AudioPlayer          - Pausing music com.almasb.fxgl.audio.Music@60aa504
21:56:37.581 [JavaFX Application Thread] DEBUG PrimaryStageWindow   - Push state: GamePauseMenu
21:56:37.581 [JavaFX Application Thread] DEBUG Input                - Clearing active input actions
21:56:37.582 [JavaFX Application Thread] DEBUG GameApplicationServi - Removing overlay from GameScene and adding to GamePauseMenu
21:56:37.582 [JavaFX Application Thread] DEBUG PrimaryStageWindow   - GameScene -> GamePauseMenu
21:56:38.628 [JavaFX Application Thread] DEBUG PrimaryStageWindow   - Pop state: GamePauseMenu
21:56:38.628 [JavaFX Application Thread] DEBUG Input                - Clearing active input actions
21:56:38.629 [JavaFX Application Thread] DEBUG GameApplicationServi - Removing overlay from GamePauseMenu and adding to GameScene
21:56:38.630 [JavaFX Application Thread] DEBUG PrimaryStageWindow   - GameScene <- GamePauseMenu
21:56:40.136 [JavaFX Application Thread] DEBUG AudioPlayer          - Resuming music com.almasb.fxgl.audio.Music@60aa504
21:56:40.136 [JavaFX Application Thread] DEBUG PrimaryStageWindow   - Push state: GamePauseMenu
21:56:40.137 [JavaFX Application Thread] DEBUG Input                - Clearing active input actions
21:56:40.138 [JavaFX Application Thread] DEBUG GameApplicationServi - Removing overlay from GameScene and adding to GamePauseMenu
21:56:40.138 [JavaFX Application Thread] DEBUG PrimaryStageWindow   - GameScene -> GamePauseMenu
21:56:40.409 [JavaFX Application Thread] DEBUG PrimaryStageWindow   - Pop state: GamePauseMenu
21:56:40.410 [JavaFX Application Thread] DEBUG Input                - Clearing active input actions
21:56:40.410 [JavaFX Application Thread] DEBUG GameApplicationServi - Removing overlay from GamePauseMenu and adding to GameScene
21:56:40.410 [JavaFX Application Thread] DEBUG PrimaryStageWindow   - GameScene <- GamePauseMenu
21:56:44.760 [JavaFX Application Thread] DEBUG AudioPlayer          - Pausing music com.almasb.fxgl.audio.Music@60aa504
21:56:44.760 [JavaFX Application Thread] DEBUG PrimaryStageWindow   - Push state: GamePauseMenu
21:56:44.760 [JavaFX Application Thread] DEBUG Input                - Clearing active input actions
21:56:44.761 [JavaFX Application Thread] DEBUG GameApplicationServi - Removing overlay from GameScene and adding to GamePauseMenu
21:56:44.762 [JavaFX Application Thread] DEBUG PrimaryStageWindow   - GameScene -> GamePauseMenu
21:56:45.253 [JavaFX Application Thread] DEBUG PrimaryStageWindow   - Pop state: GamePauseMenu
21:56:45.253 [JavaFX Application Thread] DEBUG Input                - Clearing active input actions
21:56:45.254 [JavaFX Application Thread] DEBUG GameApplicationServi - Removing overlay from GamePauseMenu and adding to GameScene
21:56:45.254 [JavaFX Application Thread] DEBUG PrimaryStageWindow   - GameScene <- GamePauseMenu
21:56:46.034 [JavaFX Application Thread] DEBUG AudioPlayer          - Resuming music com.almasb.fxgl.audio.Music@60aa504
21:56:46.035 [JavaFX Application Thread] DEBUG PrimaryStageWindow   - Push state: GamePauseMenu
21:56:46.035 [JavaFX Application Thread] DEBUG Input                - Clearing active input actions
21:56:46.035 [JavaFX Application Thread] DEBUG GameApplicationServi - Removing overlay from GameScene and adding to GamePauseMenu
21:56:46.036 [JavaFX Application Thread] DEBUG PrimaryStageWindow   - GameScene -> GamePauseMenu
21:56:46.346 [JavaFX Application Thread] DEBUG PrimaryStageWindow   - Pop state: GamePauseMenu
21:56:46.347 [JavaFX Application Thread] DEBUG Input                - Clearing active input actions
21:56:46.347 [JavaFX Application Thread] DEBUG GameApplicationServi - Removing overlay from GamePauseMenu and adding to GameScene
21:56:46.347 [JavaFX Application Thread] DEBUG PrimaryStageWindow   - GameScene <- GamePauseMenu
21:56:46.949 [JavaFX Application Thread] DEBUG AudioPlayer          - Pausing music com.almasb.fxgl.audio.Music@60aa504
21:56:46.950 [JavaFX Application Thread] DEBUG PrimaryStageWindow   - Push state: GamePauseMenu
21:56:46.950 [JavaFX Application Thread] DEBUG Input                - Clearing active input actions
21:56:46.950 [JavaFX Application Thread] DEBUG GameApplicationServi - Removing overlay from GameScene and adding to GamePauseMenu
21:56:46.951 [JavaFX Application Thread] DEBUG PrimaryStageWindow   - GameScene -> GamePauseMenu
21:56:47.459 [JavaFX Application Thread] DEBUG PrimaryStageWindow   - Pop state: GamePauseMenu
21:56:47.459 [JavaFX Application Thread] DEBUG Input                - Clearing active input actions
21:56:47.459 [JavaFX Application Thread] DEBUG GameApplicationServi - Removing overlay from GamePauseMenu and adding to GameScene
21:56:47.459 [JavaFX Application Thread] DEBUG PrimaryStageWindow   - GameScene <- GamePauseMenu
21:56:47.915 [JavaFX Application Thread] DEBUG AudioPlayer          - Resuming music com.almasb.fxgl.audio.Music@60aa504
21:56:47.916 [JavaFX Application Thread] DEBUG PrimaryStageWindow   - Push state: GamePauseMenu
21:56:47.916 [JavaFX Application Thread] DEBUG Input                - Clearing active input actions
21:56:47.917 [JavaFX Application Thread] DEBUG GameApplicationServi - Removing overlay from GameScene and adding to GamePauseMenu
21:56:47.917 [JavaFX Application Thread] DEBUG PrimaryStageWindow   - GameScene -> GamePauseMenu
21:56:48.992 [JavaFX Application Thread] DEBUG PrimaryStageWindow   - Pop state: GamePauseMenu
21:56:48.993 [JavaFX Application Thread] DEBUG Input                - Clearing active input actions
21:56:48.993 [JavaFX Application Thread] DEBUG GameApplicationServi - Removing overlay from GamePauseMenu and adding to GameScene
21:56:48.993 [JavaFX Application Thread] DEBUG PrimaryStageWindow   - GameScene <- GamePauseMenu
21:56:49.410 [JavaFX Application Thread] DEBUG FXGLApplication      - Exiting FXGL
21:56:49.410 [JavaFX Application Thread] DEBUG LoopRunner           - Stopping loop
21:56:49.411 [JavaFX Application Thread] DEBUG SystemBundleService  - Saving FXGL system data
21:56:49.413 [JavaFX Application Thread] DEBUG FileSystemAccess     - Writing to: /Users/ajaxestela/IdeaProjects/GitSomeSleep/Capstonee/system/fxgl.bundle
21:56:49.416 [JavaFX Application Thread] DEBUG Async                - Shutting down background threads
21:56:49.416 [JavaFX Application Thread] DEBUG PrimaryStageWindow   - Closing main window
21:56:49.425 [JavaFX Application Thread] DEBUG Logger               - Closing Logger
