09:41:16.684 [main                     ] DEBUG Logger               - Configured Logger
09:41:16.696 [main                     ] DEBUG GameApplication      - Logging settings
Title: Platformer with Rhythm
Version: 0.2
Width: 1280
Height: 720
Fullscreen: false
Intro: false
Profiling: false
Single step:false
App Mode: DEVELOPER
Menu Key: ESCAPE
Stage Style: DECORATED
Scene Factory: class org.example.capstonee.Menu.MenuSceneFactory

09:41:17.390 [JavaFX Application Thread] DEBUG FXGLApplication      - Initializing FXGL
09:41:17.392 [JavaFX Application Thread] INFO  Engine               - FXGL-21.1 (27.03.2024 07.52) on MAC (J:22.0.2 FX:22.0.1)
09:41:17.392 [JavaFX Application Thread] DEBUG Engine               - JRE Vendor Name: Oracle Corporation
09:41:17.392 [JavaFX Application Thread] DEBUG Engine               - Running on OS: Mac OS X version 15.3.2
09:41:17.392 [JavaFX Application Thread] DEBUG Engine               - Architecture: aarch64
09:41:17.392 [JavaFX Application Thread] INFO  Engine               - Source code and latest versions at: https://github.com/AlmasB/FXGL
09:41:17.392 [JavaFX Application Thread] INFO  Engine               -       Ask questions and discuss at: https://github.com/AlmasB/FXGL/discussions
09:41:17.392 [JavaFX Application Thread] INFO  Engine               -              Join the FXGL chat at: https://gitter.im/AlmasB/FXGL
09:41:17.437 [JavaFX Application Thread] DEBUG PrimaryStageWindow   - Creating a JavaFX scene
09:41:17.456 [JavaFX Application Thread] DEBUG PrimaryStageWindow   - Target settings size: 1280.0 x 720.0
09:41:17.456 [JavaFX Application Thread] DEBUG PrimaryStageWindow   - Scaled scene size:    1280.0 x 720.0
09:41:17.456 [JavaFX Application Thread] DEBUG PrimaryStageWindow   - Scaled ratio: (1.0, 1.0)
09:41:17.456 [JavaFX Application Thread] DEBUG PrimaryStageWindow   - Set initial scene to FXGLStartupScene
09:41:17.457 [JavaFX Application Thread] DEBUG PrimaryStageWindow   - Opening main window
09:41:17.561 [JavaFX Application Thread] DEBUG PrimaryStageWindow   - Window border size: (0.0, 28.0)
09:41:17.561 [JavaFX Application Thread] DEBUG PrimaryStageWindow   - Scaled size: 1280.0 x 720.0
09:41:17.561 [JavaFX Application Thread] DEBUG PrimaryStageWindow   - Scaled ratio: (1.0, 1.0)
09:41:17.562 [JavaFX Application Thread] DEBUG PrimaryStageWindow   - Scene size: 1280.0 x 720.0
09:41:17.562 [JavaFX Application Thread] DEBUG PrimaryStageWindow   - Stage size: 1280.0 x 748.0
09:41:17.566 [FXGL Background Thread 1 ] DEBUG Engine               - Initializing environment variables
09:41:17.600 [FXGL Background Thread 1 ] DEBUG FXGLAssetLoaderServi - User app class for loading assets: class org.example.capstonee.GameApp
09:41:17.601 [FXGL Background Thread 1 ] DEBUG GameApplicationServi - Applying CSS: fxgl_dark.css
09:41:17.601 [FXGL Background Thread 1 ] DEBUG FXGLAssetLoaderServi - Loading from file system: jar:file:///Users/ajaxestela/.m2/repository/com/github/almasb/fxgl/21.1/fxgl-21.1.jar!/fxglassets/ui/css/fxgl_dark.css
09:41:17.633 [FXGL Background Thread 1 ] DEBUG GameApplicationServi - Initializing application scenes
09:41:17.810 [FXGL Background Thread 1 ] DEBUG GameWorld            - Game world initialized
09:41:17.895 [FXGL Background Thread 1 ] DEBUG PhysicsWorld         - Physics world initialized: appHeight=720, physics.ppm=50.0
09:41:17.895 [FXGL Background Thread 1 ] DEBUG PhysicsWorld         - Using strategy: BRUTE_FORCE
09:41:17.902 [FXGL Background Thread 1 ] DEBUG GameScene            - Game scene initialized: 1280x720
09:41:17.924 [FXGL Background Thread 1 ] DEBUG FXGLAssetLoaderServi - Loading from file system: file:/Users/ajaxestela/IdeaProjects/GitSomeSleep/Capstonee/target/classes/assets/textures/background/nearest4.png
09:41:17.991 [FXGL Background Thread 1 ] DEBUG FXGLAssetLoaderServi - Loading from file system: file:/Users/ajaxestela/IdeaProjects/GitSomeSleep/Capstonee/target/classes/assets/textures/background/nearest3.png
09:41:18.009 [FXGL Background Thread 1 ] DEBUG FXGLAssetLoaderServi - Loading from file system: file:/Users/ajaxestela/IdeaProjects/GitSomeSleep/Capstonee/target/classes/assets/textures/background/nearest2.png
09:41:18.021 [FXGL Background Thread 1 ] DEBUG FXGLAssetLoaderServi - Loading from file system: file:/Users/ajaxestela/IdeaProjects/GitSomeSleep/Capstonee/target/classes/assets/textures/background/%20nearest1.png
09:41:18.062 [FXGL Background Thread 1 ] DEBUG FXGL.DefaultMenu     - createMenuBodyGameMenu()
09:41:18.085 [FXGL Background Thread 1 ] DEBUG FXGL.DefaultMenu     - createOptionsMenu()
09:41:18.089 [FXGL Background Thread 1 ] DEBUG FXGLAssetLoaderServi - Loading from file system: jar:file:///Users/ajaxestela/.m2/repository/com/github/almasb/fxgl/21.1/fxgl-21.1.jar!/fxglassets/textures/particles/smoke.png
09:41:18.141 [FXGL Background Thread 1 ] DEBUG FXGLAssetLoaderServi - Loading from file system: jar:file:///Users/ajaxestela/.m2/repository/com/github/almasb/fxgl/21.1/fxgl-21.1.jar!/fxglassets/textures/particles/trace_horizontal.png
09:41:18.149 [FXGL Background Thread 1 ] DEBUG GameApplicationServi - Application scenes initialized
09:41:18.160 [FXGL Background Thread 1 ] DEBUG SystemBundleService  - Loading FXGL system data
09:41:18.166 [FXGL Background Thread 1 ] DEBUG FileSystemAccess     - Reading from: /Users/ajaxestela/IdeaProjects/GitSomeSleep/Capstonee/system/fxgl.bundle
09:41:18.176 [FXGL Background Thread 1 ] DEBUG SystemBundleService  - Bundle FXGL: {}
09:41:18.176 [FXGL Background Thread 1 ] DEBUG UpdaterService       - Checking for updates
09:41:18.178 [FXGL Background Thread 4 ] DEBUG FXGLApplication      - Loading fonts
09:41:18.179 [FXGL Background Thread 4 ] DEBUG FXGLAssetLoaderServi - Loading from file system: jar:file:///Users/ajaxestela/.m2/repository/com/github/almasb/fxgl/21.1/fxgl-21.1.jar!/fxglassets/ui/fonts/VarelaRound-Regular.ttf
09:41:18.180 [FXGL Background Thread 1 ] DEBUG FXGLApplication      - Loading default localization
09:41:18.180 [FXGL Background Thread 1 ] DEBUG FXGLAssetLoaderServi - Loading from file system: jar:file:///Users/ajaxestela/.m2/repository/com/github/almasb/fxgl/21.1/fxgl-21.1.jar!/fxglassets/languages/english.lang
09:41:18.195 [FXGL Background Thread 1 ] INFO  FXGLApplication      - FXGL initialization took: 0.629 sec
09:41:18.203 [JavaFX Application Thread] DEBUG Input                - Registered new binding: Left - A
09:41:18.203 [JavaFX Application Thread] DEBUG Input                - Registered new binding: Right - D
09:41:18.203 [JavaFX Application Thread] DEBUG Input                - Registered new binding: Jump - W
09:41:18.203 [JavaFX Application Thread] DEBUG Input                - Registered new binding: Interact / Confirm - E
09:41:18.203 [JavaFX Application Thread] DEBUG Input                - Registered new binding: RhythmLane0 - H
09:41:18.203 [JavaFX Application Thread] DEBUG Input                - Registered new binding: RhythmLane1 - J
09:41:18.203 [JavaFX Application Thread] DEBUG Input                - Registered new binding: RhythmLane2 - K
09:41:18.203 [JavaFX Application Thread] DEBUG Input                - Registered new binding: RhythmLane3 - L
09:41:18.203 [JavaFX Application Thread] DEBUG Input                - Registered new binding: RhythmStart - Space
09:41:18.203 [JavaFX Application Thread] DEBUG FXGLAssetLoaderServi - Loading from file system: jar:file:///Users/ajaxestela/.m2/repository/com/github/almasb/fxgl/21.1/fxgl-21.1.jar!/fxglassets/textures/fxgl_icon.png
09:41:18.213 [FXGL Background Thread 4 ] DEBUG FXGLAssetLoaderServi - Loading from file system: jar:file:///Users/ajaxestela/.m2/repository/com/github/almasb/fxgl/21.1/fxgl-21.1.jar!/fxglassets/ui/fonts/Abel-Regular.ttf
09:41:18.222 [FXGL Background Thread 4 ] DEBUG FXGLAssetLoaderServi - Loading from file system: jar:file:///Users/ajaxestela/.m2/repository/com/github/almasb/fxgl/21.1/fxgl-21.1.jar!/fxglassets/ui/fonts/TerminalLandMono-Regular.otf
09:41:18.227 [FXGL Background Thread 4 ] DEBUG FXGLAssetLoaderServi - Loading from file system: jar:file:///Users/ajaxestela/.m2/repository/com/github/almasb/fxgl/21.1/fxgl-21.1.jar!/fxglassets/ui/fonts/Courier-Prime.ttf
09:41:18.243 [JavaFX Application Thread] DEBUG FXGLAssetLoaderServi - Loading from file system: jar:file:///Users/ajaxestela/.m2/repository/com/github/almasb/fxgl/21.1/fxgl-21.1.jar!/fxglassets/textures/fxgl_default_cursor.png
09:41:18.245 [JavaFX Application Thread] DEBUG Input                - Registered new binding: Screenshot - CTRL+8
09:41:18.245 [JavaFX Application Thread] DEBUG Input                - Registered new binding: System info dump - CTRL+9
09:41:18.245 [JavaFX Application Thread] DEBUG Input                - Registered new binding: Restart - CTRL+R
09:41:18.245 [JavaFX Application Thread] DEBUG Input                - Registered new binding: Toggle Debug Camera - CTRL+7
09:41:18.246 [JavaFX Application Thread] DEBUG LoopRunner           - Starting loop
09:41:18.246 [JavaFX Application Thread] DEBUG LoopRunner           - Initializing JavaFX AnimationTimerLoop
09:41:18.248 [JavaFX Application Thread] DEBUG Input                - Clearing active input actions
09:41:18.251 [JavaFX Application Thread] DEBUG GameApplicationServi - Removing overlay from FXGLStartupScene and adding to FXGLMainMenuDummyScene
09:41:18.251 [JavaFX Application Thread] DEBUG PrimaryStageWindow   - FXGLStartupScene -> FXGLMainMenuDummyScene
09:41:18.251 [JavaFX Application Thread] DEBUG PrimaryStageWindow   - Push state: MainMenu
09:41:18.252 [JavaFX Application Thread] DEBUG Input                - Clearing active input actions
09:41:18.259 [JavaFX Application Thread] DEBUG GameApplicationServi - Removing overlay from FXGLMainMenuDummyScene and adding to MainMenu
09:41:18.260 [JavaFX Application Thread] DEBUG PrimaryStageWindow   - FXGLMainMenuDummyScene -> MainMenu
09:41:18.336 [JavaFX Application Thread] DEBUG FXGLApplication      - Registering font factories with UI factory
09:41:19.762 [JavaFX Application Thread] DEBUG PrimaryStageWindow   - Push state: DialogSubScene
09:41:19.762 [JavaFX Application Thread] DEBUG Input                - Clearing active input actions
09:41:19.763 [JavaFX Application Thread] DEBUG GameApplicationServi - Removing overlay from MainMenu and adding to DialogSubScene
09:41:19.763 [JavaFX Application Thread] DEBUG PrimaryStageWindow   - MainMenu -> DialogSubScene
09:41:20.362 [JavaFX Application Thread] DEBUG PrimaryStageWindow   - Pop state: DialogSubScene
09:41:20.362 [JavaFX Application Thread] DEBUG Input                - Clearing active input actions
09:41:20.363 [JavaFX Application Thread] DEBUG GameApplicationServi - Removing overlay from DialogSubScene and adding to MainMenu
09:41:20.363 [JavaFX Application Thread] DEBUG PrimaryStageWindow   - MainMenu <- DialogSubScene
09:41:20.368 [JavaFX Application Thread] DEBUG PrimaryStageWindow   - Push state: DialogSubScene
09:41:20.368 [JavaFX Application Thread] DEBUG Input                - Clearing active input actions
09:41:20.369 [JavaFX Application Thread] DEBUG GameApplicationServi - Removing overlay from MainMenu and adding to DialogSubScene
09:41:20.369 [JavaFX Application Thread] DEBUG PrimaryStageWindow   - MainMenu -> DialogSubScene
09:41:21.183 [FXGL Background Thread 3 ] DEBUG Engine               - Logging environment variables
09:41:21.183 [FXGL Background Thread 3 ] DEBUG Engine               - achievements: []
09:41:21.183 [FXGL Background Thread 3 ] DEBUG Engine               - actualHeight: 720.0
09:41:21.183 [FXGL Background Thread 3 ] DEBUG Engine               - actualHeightProperty: ReadOnlyDoubleProperty [value: 720.0]
09:41:21.183 [FXGL Background Thread 3 ] DEBUG Engine               - actualWidth: 1280.0
09:41:21.183 [FXGL Background Thread 3 ] DEBUG Engine               - actualWidthProperty: ReadOnlyDoubleProperty [value: 1280.0]
09:41:21.183 [FXGL Background Thread 3 ] DEBUG Engine               - appIcon: fxgl_icon.png
09:41:21.183 [FXGL Background Thread 3 ] DEBUG Engine               - applicationMode: DEVELOPER
09:41:21.183 [FXGL Background Thread 3 ] DEBUG Engine               - cSSList: [fxgl_dark.css]
09:41:21.183 [FXGL Background Thread 3 ] DEBUG Engine               - collisionDetectionStrategy: BRUTE_FORCE
09:41:21.183 [FXGL Background Thread 3 ] DEBUG Engine               - configClass: Optional.empty
09:41:21.183 [FXGL Background Thread 3 ] DEBUG Engine               - credits: []
09:41:21.184 [FXGL Background Thread 3 ] DEBUG Engine               - defaultCursor: CursorInfo(imageName=fxgl_default_cursor.png, hotspotX=7.0, hotspotY=6.0)
09:41:21.184 [FXGL Background Thread 3 ] DEBUG Engine               - devBBoxColorProperty: ObjectProperty [value: 0xff0000ff]
09:41:21.184 [FXGL Background Thread 3 ] DEBUG Engine               - devEnableDebugCameraProperty: BooleanProperty [value: false]
09:41:21.184 [FXGL Background Thread 3 ] DEBUG Engine               - devSensorColorProperty: ObjectProperty [value: 0xffff00ff]
09:41:21.184 [FXGL Background Thread 3 ] DEBUG Engine               - devShowBBoxProperty: BooleanProperty [value: false]
09:41:21.184 [FXGL Background Thread 3 ] DEBUG Engine               - devShowPositionProperty: BooleanProperty [value: false]
09:41:21.184 [FXGL Background Thread 3 ] DEBUG Engine               - enabledMenuItems: []
09:41:21.184 [FXGL Background Thread 3 ] DEBUG Engine               - engineServices: [class com.almasb.fxgl.app.services.FXGLAssetLoaderService, class com.almasb.fxgl.app.FXGLApplication$GameApplicationService, class com.almasb.fxgl.app.services.FXGLDialogService, class com.almasb.fxgl.app.services.IOTaskExecutorService, class com.almasb.fxgl.io.FileSystemService, class com.almasb.fxgl.localization.LocalizationService, class com.almasb.fxgl.app.services.SystemBundleService, class com.almasb.fxgl.profile.SaveLoadService, class com.almasb.fxgl.ui.FXGLUIFactoryServiceProvider, class com.almasb.fxgl.ui.FXGLDialogFactoryServiceProvider, class com.almasb.fxgl.audio.AudioPlayer, class com.almasb.fxgl.notification.impl.NotificationServiceProvider, class com.almasb.fxgl.achievement.AchievementService, class com.almasb.fxgl.cutscene.CutsceneService, class com.almasb.fxgl.minigames.MiniGameService, class com.almasb.fxgl.net.NetService, class com.almasb.fxgl.app.services.UpdaterService, class com.almasb.fxgl.dev.DevService]
09:41:21.184 [FXGL Background Thread 3 ] DEBUG Engine               - fontGame: Abel-Regular.ttf
09:41:21.184 [FXGL Background Thread 3 ] DEBUG Engine               - fontMono: TerminalLandMono-Regular.otf
09:41:21.184 [FXGL Background Thread 3 ] DEBUG Engine               - fontSizeScaleUI: 1.0
09:41:21.184 [FXGL Background Thread 3 ] DEBUG Engine               - fontText: Courier-Prime.ttf
09:41:21.184 [FXGL Background Thread 3 ] DEBUG Engine               - fontUI: VarelaRound-Regular.ttf
09:41:21.184 [FXGL Background Thread 3 ] DEBUG Engine               - fullScreen: BooleanProperty [value: false]
09:41:21.184 [FXGL Background Thread 3 ] DEBUG Engine               - gameDifficulty: MEDIUM
09:41:21.184 [FXGL Background Thread 3 ] DEBUG Engine               - gameDifficultyProperty: ObjectProperty [value: MEDIUM]
09:41:21.184 [FXGL Background Thread 3 ] DEBUG Engine               - globalMusicVolume: 0.5
09:41:21.184 [FXGL Background Thread 3 ] DEBUG Engine               - globalMusicVolumeProperty: DoubleProperty [value: 0.5]
09:41:21.184 [FXGL Background Thread 3 ] DEBUG Engine               - globalSoundVolume: 0.5
09:41:21.184 [FXGL Background Thread 3 ] DEBUG Engine               - globalSoundVolumeProperty: DoubleProperty [value: 0.5]
09:41:21.184 [FXGL Background Thread 3 ] DEBUG Engine               - height: 720
09:41:21.184 [FXGL Background Thread 3 ] DEBUG Engine               - is3D: false
09:41:21.184 [FXGL Background Thread 3 ] DEBUG Engine               - isAndroid: false
09:41:21.184 [FXGL Background Thread 3 ] DEBUG Engine               - isBrowser: false
09:41:21.184 [FXGL Background Thread 3 ] DEBUG Engine               - isClickFeedbackEnabled: false
09:41:21.184 [FXGL Background Thread 3 ] DEBUG Engine               - isCloseConfirmation: false
09:41:21.184 [FXGL Background Thread 3 ] DEBUG Engine               - isDesktop: true
09:41:21.184 [FXGL Background Thread 3 ] DEBUG Engine               - isDeveloperMenuEnabled: false
09:41:21.184 [FXGL Background Thread 3 ] DEBUG Engine               - isEmbedded: false
09:41:21.184 [FXGL Background Thread 3 ] DEBUG Engine               - isEntityPreloadEnabled: true
09:41:21.184 [FXGL Background Thread 3 ] DEBUG Engine               - isExperimentalTiledLargeMap: false
09:41:21.184 [FXGL Background Thread 3 ] DEBUG Engine               - isFileSystemWriteAllowed: true
09:41:21.184 [FXGL Background Thread 3 ] DEBUG Engine               - isFullScreenAllowed: false
09:41:21.184 [FXGL Background Thread 3 ] DEBUG Engine               - isFullScreenFromStart: false
09:41:21.184 [FXGL Background Thread 3 ] DEBUG Engine               - isGameMenuEnabled: true
09:41:21.184 [FXGL Background Thread 3 ] DEBUG Engine               - isIOS: false
09:41:21.185 [FXGL Background Thread 3 ] DEBUG Engine               - isIntroEnabled: false
09:41:21.185 [FXGL Background Thread 3 ] DEBUG Engine               - isLinux: false
09:41:21.185 [FXGL Background Thread 3 ] DEBUG Engine               - isMac: true
09:41:21.185 [FXGL Background Thread 3 ] DEBUG Engine               - isMainMenuEnabled: true
09:41:21.185 [FXGL Background Thread 3 ] DEBUG Engine               - isManualResizeEnabled: false
09:41:21.185 [FXGL Background Thread 3 ] DEBUG Engine               - isMobile: false
09:41:21.185 [FXGL Background Thread 3 ] DEBUG Engine               - isNative: false
09:41:21.185 [FXGL Background Thread 3 ] DEBUG Engine               - isPauseMusicWhenMinimized: true
09:41:21.185 [FXGL Background Thread 3 ] DEBUG Engine               - isPreserveResizeRatio: false
09:41:21.185 [FXGL Background Thread 3 ] DEBUG Engine               - isProfilingEnabled: false
09:41:21.185 [FXGL Background Thread 3 ] DEBUG Engine               - isScaleAffectedOnResize: true
09:41:21.185 [FXGL Background Thread 3 ] DEBUG Engine               - isSingleStep: false
09:41:21.185 [FXGL Background Thread 3 ] DEBUG Engine               - isUserProfileEnabled: false
09:41:21.185 [FXGL Background Thread 3 ] DEBUG Engine               - isWindows: false
09:41:21.185 [FXGL Background Thread 3 ] DEBUG Engine               - language: ObjectProperty [value: ENGLISH]
09:41:21.185 [FXGL Background Thread 3 ] DEBUG Engine               - menuKey: ESCAPE
09:41:21.185 [FXGL Background Thread 3 ] DEBUG Engine               - mouseSensitivity: 0.2
09:41:21.185 [FXGL Background Thread 3 ] DEBUG Engine               - notificationViewClass: class com.almasb.fxgl.notification.view.XboxNotificationView
09:41:21.185 [FXGL Background Thread 3 ] DEBUG Engine               - pixelsPerMeter: 50.0
09:41:21.185 [FXGL Background Thread 3 ] DEBUG Engine               - platform: MAC
09:41:21.185 [FXGL Background Thread 3 ] DEBUG Engine               - prefHeightProperty: ReadOnlyDoubleProperty [value: 720.0]
09:41:21.185 [FXGL Background Thread 3 ] DEBUG Engine               - prefWidthProperty: ReadOnlyDoubleProperty [value: 1280.0]
09:41:21.185 [FXGL Background Thread 3 ] DEBUG Engine               - profileDir: profiles/
09:41:21.185 [FXGL Background Thread 3 ] DEBUG Engine               - profileName: StringProperty [value: DEFAULT]
09:41:21.185 [FXGL Background Thread 3 ] DEBUG Engine               - randomSeed: -1
09:41:21.185 [FXGL Background Thread 3 ] DEBUG Engine               - runtimeInfo: RuntimeInfo(platform=MAC, version=21.1, build=27.03.2024 07.52)
09:41:21.185 [FXGL Background Thread 3 ] DEBUG Engine               - saveFileExt: sav
09:41:21.185 [FXGL Background Thread 3 ] DEBUG Engine               - scaledHeightProp$fxgl: DoubleProperty [bound, value: 720.0]
09:41:21.185 [FXGL Background Thread 3 ] DEBUG Engine               - scaledWidthProp$fxgl: DoubleProperty [bound, value: 1280.0]
09:41:21.185 [FXGL Background Thread 3 ] DEBUG Engine               - sceneFactory: org.example.capstonee.Menu.MenuSceneFactory@39bbb0a9
09:41:21.185 [FXGL Background Thread 3 ] DEBUG Engine               - secondsIn24h: 60
09:41:21.185 [FXGL Background Thread 3 ] DEBUG Engine               - soundMenuBack: menu/back.wav
09:41:21.185 [FXGL Background Thread 3 ] DEBUG Engine               - soundMenuPress: menu/press.wav
09:41:21.185 [FXGL Background Thread 3 ] DEBUG Engine               - soundMenuSelect: menu/select.wav
09:41:21.185 [FXGL Background Thread 3 ] DEBUG Engine               - soundNotification: core/notification.wav
09:41:21.185 [FXGL Background Thread 3 ] DEBUG Engine               - stageStyle: DECORATED
09:41:21.185 [FXGL Background Thread 3 ] DEBUG Engine               - supportedLanguages: [ENGLISH, FRENCH, GERMAN, HUNGARIAN, RUSSIAN]
09:41:21.185 [FXGL Background Thread 3 ] DEBUG Engine               - ticksPerSecond: -1
09:41:21.185 [FXGL Background Thread 3 ] DEBUG Engine               - title: Platformer with Rhythm
09:41:21.185 [FXGL Background Thread 3 ] DEBUG Engine               - urlGithub: https://github.com/AlmasB/FXGL
09:41:21.185 [FXGL Background Thread 3 ] DEBUG Engine               - urlLeaderboard: http://fxgl-top.herokuapp.com/
09:41:21.185 [FXGL Background Thread 3 ] DEBUG Engine               - urlPOM: https://raw.githubusercontent.com/AlmasB/FXGL/release/README.md
09:41:21.185 [FXGL Background Thread 3 ] DEBUG Engine               - userAppClass: class org.example.capstonee.GameApp
09:41:21.185 [FXGL Background Thread 3 ] DEBUG Engine               - version: 0.2
09:41:21.185 [FXGL Background Thread 3 ] DEBUG Engine               - versionCheckDays: 7
09:41:21.185 [FXGL Background Thread 3 ] DEBUG Engine               - width: 1280
09:41:21.185 [FXGL Background Thread 3 ] DEBUG Engine               - Logging services
09:41:21.185 [FXGL Background Thread 3 ] DEBUG Engine               - class com.almasb.fxgl.app.services.FXGLAssetLoaderService
09:41:21.185 [FXGL Background Thread 3 ] DEBUG Engine               - class com.almasb.fxgl.app.FXGLApplication$GameApplicationService
09:41:21.186 [FXGL Background Thread 3 ] DEBUG Engine               - class com.almasb.fxgl.app.services.FXGLDialogService
09:41:21.186 [FXGL Background Thread 3 ] DEBUG Engine               - class com.almasb.fxgl.app.services.IOTaskExecutorService
09:41:21.186 [FXGL Background Thread 3 ] DEBUG Engine               - class com.almasb.fxgl.io.FileSystemService
09:41:21.186 [FXGL Background Thread 3 ] DEBUG Engine               - class com.almasb.fxgl.localization.LocalizationService
09:41:21.186 [FXGL Background Thread 3 ] DEBUG Engine               - class com.almasb.fxgl.app.services.SystemBundleService
09:41:21.186 [FXGL Background Thread 3 ] DEBUG Engine               - class com.almasb.fxgl.profile.SaveLoadService
09:41:21.186 [FXGL Background Thread 3 ] DEBUG Engine               - class com.almasb.fxgl.ui.FXGLUIFactoryServiceProvider
09:41:21.186 [FXGL Background Thread 3 ] DEBUG Engine               - class com.almasb.fxgl.ui.FXGLDialogFactoryServiceProvider
09:41:21.186 [FXGL Background Thread 3 ] DEBUG Engine               - class com.almasb.fxgl.audio.AudioPlayer
09:41:21.186 [FXGL Background Thread 3 ] DEBUG Engine               - class com.almasb.fxgl.notification.impl.NotificationServiceProvider
09:41:21.186 [FXGL Background Thread 3 ] DEBUG Engine               - class com.almasb.fxgl.achievement.AchievementService
09:41:21.186 [FXGL Background Thread 3 ] DEBUG Engine               - class com.almasb.fxgl.cutscene.CutsceneService
09:41:21.186 [FXGL Background Thread 3 ] DEBUG Engine               - class com.almasb.fxgl.minigames.MiniGameService
09:41:21.186 [FXGL Background Thread 3 ] DEBUG Engine               - class com.almasb.fxgl.net.NetService
09:41:21.186 [FXGL Background Thread 3 ] DEBUG Engine               - class com.almasb.fxgl.app.services.UpdaterService
09:41:21.186 [FXGL Background Thread 3 ] DEBUG Engine               - class com.almasb.fxgl.dev.DevService
09:41:26.278 [JavaFX Application Thread] DEBUG PrimaryStageWindow   - Pop state: DialogSubScene
09:41:26.278 [JavaFX Application Thread] DEBUG Input                - Clearing active input actions
09:41:26.279 [JavaFX Application Thread] DEBUG GameApplicationServi - Removing overlay from DialogSubScene and adding to MainMenu
09:41:26.279 [JavaFX Application Thread] DEBUG PrimaryStageWindow   - MainMenu <- DialogSubScene
09:41:26.282 [JavaFX Application Thread] DEBUG PrimaryStageWindow   - Push state: DialogSubScene
09:41:26.282 [JavaFX Application Thread] DEBUG Input                - Clearing active input actions
09:41:26.283 [JavaFX Application Thread] DEBUG GameApplicationServi - Removing overlay from MainMenu and adding to DialogSubScene
09:41:26.283 [JavaFX Application Thread] DEBUG PrimaryStageWindow   - MainMenu -> DialogSubScene
09:41:28.445 [JavaFX Application Thread] DEBUG PrimaryStageWindow   - Pop state: DialogSubScene
09:41:28.445 [JavaFX Application Thread] DEBUG Input                - Clearing active input actions
09:41:28.446 [JavaFX Application Thread] DEBUG GameApplicationServi - Removing overlay from DialogSubScene and adding to MainMenu
09:41:28.446 [JavaFX Application Thread] DEBUG PrimaryStageWindow   - MainMenu <- DialogSubScene
09:41:28.446 [JavaFX Application Thread] DEBUG Menu                 - fireNewGame()
09:41:28.446 [JavaFX Application Thread] DEBUG GameApplicationServi - Starting new game
09:41:28.446 [JavaFX Application Thread] DEBUG PrimaryStageWindow   - Pop state: MainMenu
09:41:28.446 [JavaFX Application Thread] DEBUG Input                - Clearing active input actions
09:41:28.447 [JavaFX Application Thread] DEBUG GameApplicationServi - Removing overlay from MainMenu and adding to FXGLMainMenuDummyScene
09:41:28.447 [JavaFX Application Thread] DEBUG PrimaryStageWindow   - FXGLMainMenuDummyScene <- MainMenu
09:41:28.447 [JavaFX Application Thread] DEBUG Input                - Clearing active input actions
09:41:28.456 [JavaFX Application Thread] DEBUG GameApplicationServi - Removing overlay from FXGLMainMenuDummyScene and adding to FXGLLoadingScene
09:41:28.457 [JavaFX Application Thread] DEBUG PrimaryStageWindow   - FXGLMainMenuDummyScene -> FXGLLoadingScene
09:41:28.457 [JavaFX Application Thread] DEBUG GameApplicationServi - Clearing previous game
09:41:28.457 [JavaFX Application Thread] DEBUG GameScene            - Clearing game scene
09:41:28.457 [JavaFX Application Thread] DEBUG GameWorld            - Clearing game world
09:41:28.457 [JavaFX Application Thread] DEBUG PhysicsWorld         - Clearing physics world
09:41:28.459 [FXGL Background Thread 2 ] DEBUG FXGLApplication      - Initializing game
09:41:28.461 [FXGL Background Thread 2 ] WARN  FXGLAssetLoaderServi - Asset "/assets/sounds/sounds/hit.wav" was not found!
09:41:28.462 [FXGL Background Thread 2 ] WARN  FXGLAssetLoaderServi - Failed to load SOUND
09:41:28.462 [FXGL Background Thread 2 ] WARN  FXGLAssetLoaderServi - Asset "/assets/sounds/sounds/miss.wav" was not found!
09:41:28.462 [FXGL Background Thread 2 ] WARN  FXGLAssetLoaderServi - Failed to load SOUND
09:41:28.506 [FXGL Background Thread 2 ] WARN  TMXLevelLoader       - TiledMap generated from 1.11.0. Supported version: 1.9.0. Some features may not be parsed fully.
09:41:28.509 [FXGL Background Thread 2 ] DEBUG TMXLevelLoader       - Parsed TiledMap: file:/Users/ajaxestela/IdeaProjects/GitSomeSleep/Capstonee/target/classes/assets/levels/tmx/test.tmx
09:41:28.510 [FXGL Background Thread 2 ] DEBUG TMXLevelLoader       - Creating tile layer entities
09:41:28.510 [FXGL Background Thread 2 ] DEBUG TilesetLoader        - Loading view for layer Tile Layer 1
09:41:28.510 [FXGL Background Thread 2 ] DEBUG TilesetLoader        - Created buffer with size 320.0x320.0
09:41:28.512 [FXGL Background Thread 2 ] DEBUG TMXLevelLoader       - Creating object layer entities
09:41:28.520 [FXGL Background Thread 2 ] DEBUG GameWorld            - Clearing removable entities
09:41:28.520 [FXGL Background Thread 2 ] DEBUG GameWorld            - Setting level: com.almasb.fxgl.entity.level.Level@6b45a6ef
09:41:28.523 [FXGL Background Thread 2 ] WARN  FXGLAssetLoaderServi - Asset "/assets/textures/player.png" was not found!
09:41:28.524 [FXGL Background Thread 2 ] WARN  FXGLAssetLoaderServi - Failed to load IMAGE
09:41:28.530 [FXGL Background Thread 2 ] DEBUG FXGLAssetLoaderServi - Loading from file system: file:/Users/ajaxestela/IdeaProjects/GitSomeSleep/Capstonee/target/classes/assets/textures/background/bruh.jpg
09:41:28.547 [FXGL Background Thread 2 ] INFO  FXGLApplication      - Game initialization took: 0.088 sec
09:41:28.547 [JavaFX Application Thread] DEBUG Input                - Clearing active input actions
09:41:28.550 [JavaFX Application Thread] DEBUG GameApplicationServi - Removing overlay from FXGLLoadingScene and adding to GameScene
09:41:28.550 [JavaFX Application Thread] DEBUG PrimaryStageWindow   - FXGLLoadingScene -> GameScene
09:41:30.963 [JavaFX Application Thread] DEBUG FXGLApplication      - Exiting FXGL
09:41:30.963 [JavaFX Application Thread] DEBUG LoopRunner           - Stopping loop
09:41:30.964 [JavaFX Application Thread] DEBUG SystemBundleService  - Saving FXGL system data
09:41:30.967 [JavaFX Application Thread] DEBUG FileSystemAccess     - Writing to: /Users/ajaxestela/IdeaProjects/GitSomeSleep/Capstonee/system/fxgl.bundle
09:41:30.968 [JavaFX Application Thread] DEBUG Async                - Shutting down background threads
09:41:30.968 [JavaFX Application Thread] DEBUG PrimaryStageWindow   - Closing main window
09:41:31.008 [JavaFX Application Thread] DEBUG Logger               - Closing Logger
