09:35:48.446 [main                     ] DEBUG Logger               - Configured Logger
09:35:48.458 [main                     ] DEBUG GameApplication      - Logging settings
Title: Platformer with Rhythm
Version: 0.2
Width: 1280
Height: 720
Fullscreen: false
Intro: false
Profiling: false
Single step:false
App Mode: DEVELOPER
Menu Key: ESCAPE
Stage Style: DECORATED
Scene Factory: class org.example.capstonee.Menu.MenuSceneFactory

09:35:49.015 [JavaFX Application Thread] DEBUG FXGLApplication      - Initializing FXGL
09:35:49.017 [JavaFX Application Thread] INFO  Engine               - FXGL-21.1 (27.03.2024 07.52) on MAC (J:22.0.2 FX:22.0.1)
09:35:49.017 [JavaFX Application Thread] DEBUG Engine               - JRE Vendor Name: Oracle Corporation
09:35:49.017 [JavaFX Application Thread] DEBUG Engine               - Running on OS: Mac OS X version 15.3.2
09:35:49.017 [JavaFX Application Thread] DEBUG Engine               - Architecture: aarch64
09:35:49.017 [JavaFX Application Thread] INFO  Engine               - Source code and latest versions at: https://github.com/AlmasB/FXGL
09:35:49.017 [JavaFX Application Thread] INFO  Engine               -       Ask questions and discuss at: https://github.com/AlmasB/FXGL/discussions
09:35:49.018 [JavaFX Application Thread] INFO  Engine               -              Join the FXGL chat at: https://gitter.im/AlmasB/FXGL
09:35:49.053 [JavaFX Application Thread] DEBUG PrimaryStageWindow   - Creating a JavaFX scene
09:35:49.072 [JavaFX Application Thread] DEBUG PrimaryStageWindow   - Target settings size: 1280.0 x 720.0
09:35:49.072 [JavaFX Application Thread] DEBUG PrimaryStageWindow   - Scaled scene size:    1280.0 x 720.0
09:35:49.072 [JavaFX Application Thread] DEBUG PrimaryStageWindow   - Scaled ratio: (1.0, 1.0)
09:35:49.073 [JavaFX Application Thread] DEBUG PrimaryStageWindow   - Set initial scene to FXGLStartupScene
09:35:49.074 [JavaFX Application Thread] DEBUG PrimaryStageWindow   - Opening main window
09:35:49.128 [JavaFX Application Thread] DEBUG PrimaryStageWindow   - Window border size: (0.0, 28.0)
09:35:49.128 [JavaFX Application Thread] DEBUG PrimaryStageWindow   - Scaled size: 1280.0 x 720.0
09:35:49.128 [JavaFX Application Thread] DEBUG PrimaryStageWindow   - Scaled ratio: (1.0, 1.0)
09:35:49.128 [JavaFX Application Thread] DEBUG PrimaryStageWindow   - Scene size: 1280.0 x 720.0
09:35:49.128 [JavaFX Application Thread] DEBUG PrimaryStageWindow   - Stage size: 1280.0 x 748.0
09:35:49.133 [FXGL Background Thread 1 ] DEBUG Engine               - Initializing environment variables
09:35:49.160 [FXGL Background Thread 1 ] DEBUG FXGLAssetLoaderServi - User app class for loading assets: class org.example.capstonee.GameApp
09:35:49.160 [FXGL Background Thread 1 ] DEBUG GameApplicationServi - Applying CSS: fxgl_dark.css
09:35:49.160 [FXGL Background Thread 1 ] DEBUG FXGLAssetLoaderServi - Loading from file system: jar:file:///Users/ajaxestela/.m2/repository/com/github/almasb/fxgl/21.1/fxgl-21.1.jar!/fxglassets/ui/css/fxgl_dark.css
09:35:49.188 [FXGL Background Thread 1 ] DEBUG GameApplicationServi - Initializing application scenes
09:35:49.276 [FXGL Background Thread 1 ] DEBUG GameWorld            - Game world initialized
09:35:49.351 [FXGL Background Thread 1 ] DEBUG PhysicsWorld         - Physics world initialized: appHeight=720, physics.ppm=50.0
09:35:49.352 [FXGL Background Thread 1 ] DEBUG PhysicsWorld         - Using strategy: BRUTE_FORCE
09:35:49.406 [FXGL Background Thread 1 ] DEBUG GameScene            - Game scene initialized: 1280x720
09:35:49.471 [FXGL Background Thread 1 ] DEBUG FXGLAssetLoaderServi - Loading from file system: file:/Users/ajaxestela/IdeaProjects/GitSomeSleep/Capstonee/target/classes/assets/textures/background/nearest4.png
09:35:49.583 [FXGL Background Thread 1 ] DEBUG FXGLAssetLoaderServi - Loading from file system: file:/Users/ajaxestela/IdeaProjects/GitSomeSleep/Capstonee/target/classes/assets/textures/background/nearest3.png
09:35:49.613 [FXGL Background Thread 1 ] DEBUG FXGLAssetLoaderServi - Loading from file system: file:/Users/ajaxestela/IdeaProjects/GitSomeSleep/Capstonee/target/classes/assets/textures/background/nearest2.png
09:35:49.632 [FXGL Background Thread 1 ] WARN  FXGLAssetLoaderServi - Asset "/assets/textures/background/nearest1.png" was not found!
09:35:49.632 [FXGL Background Thread 1 ] WARN  FXGLAssetLoaderServi - Failed to load IMAGE
09:35:49.647 [FXGL Background Thread 1 ] WARN  FXGLAssetLoaderServi - Asset "/assets/textures/background/nearest1.png" was not found!
09:35:49.647 [FXGL Background Thread 1 ] WARN  FXGLAssetLoaderServi - Failed to load IMAGE
09:35:49.647 [FXGL Background Thread 1 ] WARN  FXGLAssetLoaderServi - Asset "/assets/textures/background/nearest1.png" was not found!
09:35:49.647 [FXGL Background Thread 1 ] WARN  FXGLAssetLoaderServi - Failed to load IMAGE
09:35:49.648 [FXGL Background Thread 1 ] WARN  FXGLAssetLoaderServi - Asset "/assets/textures/background/nearest1.png" was not found!
09:35:49.648 [FXGL Background Thread 1 ] WARN  FXGLAssetLoaderServi - Failed to load IMAGE
09:35:49.659 [FXGL Background Thread 1 ] DEBUG FXGL.DefaultMenu     - createMenuBodyGameMenu()
09:35:49.664 [FXGL Background Thread 1 ] DEBUG FXGL.DefaultMenu     - createOptionsMenu()
09:35:49.666 [FXGL Background Thread 1 ] DEBUG FXGLAssetLoaderServi - Loading from file system: jar:file:///Users/ajaxestela/.m2/repository/com/github/almasb/fxgl/21.1/fxgl-21.1.jar!/fxglassets/textures/particles/smoke.png
09:35:49.716 [FXGL Background Thread 1 ] DEBUG FXGLAssetLoaderServi - Loading from file system: jar:file:///Users/ajaxestela/.m2/repository/com/github/almasb/fxgl/21.1/fxgl-21.1.jar!/fxglassets/textures/particles/trace_horizontal.png
09:35:49.725 [FXGL Background Thread 1 ] DEBUG GameApplicationServi - Application scenes initialized
09:35:49.733 [FXGL Background Thread 1 ] DEBUG SystemBundleService  - Loading FXGL system data
09:35:49.736 [FXGL Background Thread 1 ] DEBUG FileSystemAccess     - Reading from: /Users/ajaxestela/IdeaProjects/GitSomeSleep/Capstonee/system/fxgl.bundle
09:35:49.743 [FXGL Background Thread 1 ] DEBUG SystemBundleService  - Bundle FXGL: {}
09:35:49.743 [FXGL Background Thread 1 ] DEBUG UpdaterService       - Checking for updates
09:35:49.747 [FXGL Background Thread 4 ] DEBUG FXGLApplication      - Loading fonts
09:35:49.747 [FXGL Background Thread 4 ] DEBUG FXGLAssetLoaderServi - Loading from file system: jar:file:///Users/ajaxestela/.m2/repository/com/github/almasb/fxgl/21.1/fxgl-21.1.jar!/fxglassets/ui/fonts/VarelaRound-Regular.ttf
09:35:49.748 [FXGL Background Thread 1 ] DEBUG FXGLApplication      - Loading default localization
09:35:49.749 [FXGL Background Thread 1 ] DEBUG FXGLAssetLoaderServi - Loading from file system: jar:file:///Users/ajaxestela/.m2/repository/com/github/almasb/fxgl/21.1/fxgl-21.1.jar!/fxglassets/languages/english.lang
09:35:49.770 [FXGL Background Thread 1 ] INFO  FXGLApplication      - FXGL initialization took: 0.637 sec
09:35:49.775 [JavaFX Application Thread] DEBUG Input                - Registered new binding: Left - A
09:35:49.775 [JavaFX Application Thread] DEBUG Input                - Registered new binding: Right - D
09:35:49.775 [JavaFX Application Thread] DEBUG Input                - Registered new binding: Jump - W
09:35:49.775 [JavaFX Application Thread] DEBUG Input                - Registered new binding: Interact / Confirm - E
09:35:49.775 [JavaFX Application Thread] DEBUG Input                - Registered new binding: RhythmLane0 - H
09:35:49.775 [JavaFX Application Thread] DEBUG Input                - Registered new binding: RhythmLane1 - J
09:35:49.775 [JavaFX Application Thread] DEBUG Input                - Registered new binding: RhythmLane2 - K
09:35:49.775 [JavaFX Application Thread] DEBUG Input                - Registered new binding: RhythmLane3 - L
09:35:49.776 [JavaFX Application Thread] DEBUG Input                - Registered new binding: RhythmStart - Space
09:35:49.776 [JavaFX Application Thread] DEBUG FXGLAssetLoaderServi - Loading from file system: jar:file:///Users/ajaxestela/.m2/repository/com/github/almasb/fxgl/21.1/fxgl-21.1.jar!/fxglassets/textures/fxgl_icon.png
09:35:49.797 [JavaFX Application Thread] DEBUG FXGLAssetLoaderServi - Loading from file system: jar:file:///Users/ajaxestela/.m2/repository/com/github/almasb/fxgl/21.1/fxgl-21.1.jar!/fxglassets/textures/fxgl_default_cursor.png
09:35:49.799 [JavaFX Application Thread] DEBUG Input                - Registered new binding: Screenshot - CTRL+8
09:35:49.799 [JavaFX Application Thread] DEBUG Input                - Registered new binding: System info dump - CTRL+9
09:35:49.799 [JavaFX Application Thread] DEBUG Input                - Registered new binding: Restart - CTRL+R
09:35:49.799 [JavaFX Application Thread] DEBUG Input                - Registered new binding: Toggle Debug Camera - CTRL+7
09:35:49.800 [JavaFX Application Thread] DEBUG LoopRunner           - Starting loop
09:35:49.800 [JavaFX Application Thread] DEBUG LoopRunner           - Initializing JavaFX AnimationTimerLoop
09:35:49.801 [JavaFX Application Thread] DEBUG Input                - Clearing active input actions
09:35:49.804 [JavaFX Application Thread] DEBUG GameApplicationServi - Removing overlay from FXGLStartupScene and adding to FXGLMainMenuDummyScene
09:35:49.804 [JavaFX Application Thread] DEBUG PrimaryStageWindow   - FXGLStartupScene -> FXGLMainMenuDummyScene
09:35:49.805 [JavaFX Application Thread] DEBUG PrimaryStageWindow   - Push state: MainMenu
09:35:49.805 [JavaFX Application Thread] DEBUG Input                - Clearing active input actions
09:35:49.811 [JavaFX Application Thread] DEBUG GameApplicationServi - Removing overlay from FXGLMainMenuDummyScene and adding to MainMenu
09:35:49.812 [JavaFX Application Thread] DEBUG PrimaryStageWindow   - FXGLMainMenuDummyScene -> MainMenu
09:35:50.042 [FXGL Background Thread 4 ] DEBUG FXGLAssetLoaderServi - Loading from file system: jar:file:///Users/ajaxestela/.m2/repository/com/github/almasb/fxgl/21.1/fxgl-21.1.jar!/fxglassets/ui/fonts/Abel-Regular.ttf
09:35:50.044 [FXGL Background Thread 4 ] DEBUG FXGLAssetLoaderServi - Loading from file system: jar:file:///Users/ajaxestela/.m2/repository/com/github/almasb/fxgl/21.1/fxgl-21.1.jar!/fxglassets/ui/fonts/TerminalLandMono-Regular.otf
09:35:50.048 [FXGL Background Thread 4 ] DEBUG FXGLAssetLoaderServi - Loading from file system: jar:file:///Users/ajaxestela/.m2/repository/com/github/almasb/fxgl/21.1/fxgl-21.1.jar!/fxglassets/ui/fonts/Courier-Prime.ttf
09:35:50.050 [JavaFX Application Thread] DEBUG FXGLApplication      - Registering font factories with UI factory
09:35:51.363 [JavaFX Application Thread] DEBUG PrimaryStageWindow   - Push state: DialogSubScene
09:35:51.363 [JavaFX Application Thread] DEBUG Input                - Clearing active input actions
09:35:51.364 [JavaFX Application Thread] DEBUG GameApplicationServi - Removing overlay from MainMenu and adding to DialogSubScene
09:35:51.364 [JavaFX Application Thread] DEBUG PrimaryStageWindow   - MainMenu -> DialogSubScene
09:35:52.627 [JavaFX Application Thread] DEBUG PrimaryStageWindow   - Pop state: DialogSubScene
09:35:52.627 [JavaFX Application Thread] DEBUG Input                - Clearing active input actions
09:35:52.628 [JavaFX Application Thread] DEBUG GameApplicationServi - Removing overlay from DialogSubScene and adding to MainMenu
09:35:52.628 [JavaFX Application Thread] DEBUG PrimaryStageWindow   - MainMenu <- DialogSubScene
09:35:52.634 [JavaFX Application Thread] DEBUG PrimaryStageWindow   - Push state: DialogSubScene
09:35:52.634 [JavaFX Application Thread] DEBUG Input                - Clearing active input actions
09:35:52.635 [JavaFX Application Thread] DEBUG GameApplicationServi - Removing overlay from MainMenu and adding to DialogSubScene
09:35:52.635 [JavaFX Application Thread] DEBUG PrimaryStageWindow   - MainMenu -> DialogSubScene
09:35:52.749 [FXGL Background Thread 3 ] DEBUG Engine               - Logging environment variables
09:35:52.749 [FXGL Background Thread 3 ] DEBUG Engine               - achievements: []
09:35:52.749 [FXGL Background Thread 3 ] DEBUG Engine               - actualHeight: 720.0
09:35:52.749 [FXGL Background Thread 3 ] DEBUG Engine               - actualHeightProperty: ReadOnlyDoubleProperty [value: 720.0]
09:35:52.749 [FXGL Background Thread 3 ] DEBUG Engine               - actualWidth: 1280.0
09:35:52.749 [FXGL Background Thread 3 ] DEBUG Engine               - actualWidthProperty: ReadOnlyDoubleProperty [value: 1280.0]
09:35:52.749 [FXGL Background Thread 3 ] DEBUG Engine               - appIcon: fxgl_icon.png
09:35:52.749 [FXGL Background Thread 3 ] DEBUG Engine               - applicationMode: DEVELOPER
09:35:52.749 [FXGL Background Thread 3 ] DEBUG Engine               - cSSList: [fxgl_dark.css]
09:35:52.749 [FXGL Background Thread 3 ] DEBUG Engine               - collisionDetectionStrategy: BRUTE_FORCE
09:35:52.749 [FXGL Background Thread 3 ] DEBUG Engine               - configClass: Optional.empty
09:35:52.749 [FXGL Background Thread 3 ] DEBUG Engine               - credits: []
09:35:52.749 [FXGL Background Thread 3 ] DEBUG Engine               - defaultCursor: CursorInfo(imageName=fxgl_default_cursor.png, hotspotX=7.0, hotspotY=6.0)
09:35:52.750 [FXGL Background Thread 3 ] DEBUG Engine               - devBBoxColorProperty: ObjectProperty [value: 0xff0000ff]
09:35:52.750 [FXGL Background Thread 3 ] DEBUG Engine               - devEnableDebugCameraProperty: BooleanProperty [value: false]
09:35:52.750 [FXGL Background Thread 3 ] DEBUG Engine               - devSensorColorProperty: ObjectProperty [value: 0xffff00ff]
09:35:52.750 [FXGL Background Thread 3 ] DEBUG Engine               - devShowBBoxProperty: BooleanProperty [value: false]
09:35:52.750 [FXGL Background Thread 3 ] DEBUG Engine               - devShowPositionProperty: BooleanProperty [value: false]
09:35:52.750 [FXGL Background Thread 3 ] DEBUG Engine               - enabledMenuItems: []
09:35:52.750 [FXGL Background Thread 3 ] DEBUG Engine               - engineServices: [class com.almasb.fxgl.app.services.FXGLAssetLoaderService, class com.almasb.fxgl.app.FXGLApplication$GameApplicationService, class com.almasb.fxgl.app.services.FXGLDialogService, class com.almasb.fxgl.app.services.IOTaskExecutorService, class com.almasb.fxgl.io.FileSystemService, class com.almasb.fxgl.localization.LocalizationService, class com.almasb.fxgl.app.services.SystemBundleService, class com.almasb.fxgl.profile.SaveLoadService, class com.almasb.fxgl.ui.FXGLUIFactoryServiceProvider, class com.almasb.fxgl.ui.FXGLDialogFactoryServiceProvider, class com.almasb.fxgl.audio.AudioPlayer, class com.almasb.fxgl.notification.impl.NotificationServiceProvider, class com.almasb.fxgl.achievement.AchievementService, class com.almasb.fxgl.cutscene.CutsceneService, class com.almasb.fxgl.minigames.MiniGameService, class com.almasb.fxgl.net.NetService, class com.almasb.fxgl.app.services.UpdaterService, class com.almasb.fxgl.dev.DevService]
09:35:52.750 [FXGL Background Thread 3 ] DEBUG Engine               - fontGame: Abel-Regular.ttf
09:35:52.750 [FXGL Background Thread 3 ] DEBUG Engine               - fontMono: TerminalLandMono-Regular.otf
09:35:52.750 [FXGL Background Thread 3 ] DEBUG Engine               - fontSizeScaleUI: 1.0
09:35:52.750 [FXGL Background Thread 3 ] DEBUG Engine               - fontText: Courier-Prime.ttf
09:35:52.750 [FXGL Background Thread 3 ] DEBUG Engine               - fontUI: VarelaRound-Regular.ttf
09:35:52.750 [FXGL Background Thread 3 ] DEBUG Engine               - fullScreen: BooleanProperty [value: false]
09:35:52.750 [FXGL Background Thread 3 ] DEBUG Engine               - gameDifficulty: MEDIUM
09:35:52.750 [FXGL Background Thread 3 ] DEBUG Engine               - gameDifficultyProperty: ObjectProperty [value: MEDIUM]
09:35:52.750 [FXGL Background Thread 3 ] DEBUG Engine               - globalMusicVolume: 0.5
09:35:52.750 [FXGL Background Thread 3 ] DEBUG Engine               - globalMusicVolumeProperty: DoubleProperty [value: 0.5]
09:35:52.750 [FXGL Background Thread 3 ] DEBUG Engine               - globalSoundVolume: 0.5
09:35:52.750 [FXGL Background Thread 3 ] DEBUG Engine               - globalSoundVolumeProperty: DoubleProperty [value: 0.5]
09:35:52.750 [FXGL Background Thread 3 ] DEBUG Engine               - height: 720
09:35:52.750 [FXGL Background Thread 3 ] DEBUG Engine               - is3D: false
09:35:52.750 [FXGL Background Thread 3 ] DEBUG Engine               - isAndroid: false
09:35:52.750 [FXGL Background Thread 3 ] DEBUG Engine               - isBrowser: false
09:35:52.750 [FXGL Background Thread 3 ] DEBUG Engine               - isClickFeedbackEnabled: false
09:35:52.750 [FXGL Background Thread 3 ] DEBUG Engine               - isCloseConfirmation: false
09:35:52.750 [FXGL Background Thread 3 ] DEBUG Engine               - isDesktop: true
09:35:52.750 [FXGL Background Thread 3 ] DEBUG Engine               - isDeveloperMenuEnabled: false
09:35:52.750 [FXGL Background Thread 3 ] DEBUG Engine               - isEmbedded: false
09:35:52.750 [FXGL Background Thread 3 ] DEBUG Engine               - isEntityPreloadEnabled: true
09:35:52.750 [FXGL Background Thread 3 ] DEBUG Engine               - isExperimentalTiledLargeMap: false
09:35:52.750 [FXGL Background Thread 3 ] DEBUG Engine               - isFileSystemWriteAllowed: true
09:35:52.750 [FXGL Background Thread 3 ] DEBUG Engine               - isFullScreenAllowed: false
09:35:52.750 [FXGL Background Thread 3 ] DEBUG Engine               - isFullScreenFromStart: false
09:35:52.750 [FXGL Background Thread 3 ] DEBUG Engine               - isGameMenuEnabled: true
09:35:52.750 [FXGL Background Thread 3 ] DEBUG Engine               - isIOS: false
09:35:52.750 [FXGL Background Thread 3 ] DEBUG Engine               - isIntroEnabled: false
09:35:52.750 [FXGL Background Thread 3 ] DEBUG Engine               - isLinux: false
09:35:52.750 [FXGL Background Thread 3 ] DEBUG Engine               - isMac: true
09:35:52.750 [FXGL Background Thread 3 ] DEBUG Engine               - isMainMenuEnabled: true
09:35:52.750 [FXGL Background Thread 3 ] DEBUG Engine               - isManualResizeEnabled: false
09:35:52.750 [FXGL Background Thread 3 ] DEBUG Engine               - isMobile: false
09:35:52.750 [FXGL Background Thread 3 ] DEBUG Engine               - isNative: false
09:35:52.750 [FXGL Background Thread 3 ] DEBUG Engine               - isPauseMusicWhenMinimized: true
09:35:52.750 [FXGL Background Thread 3 ] DEBUG Engine               - isPreserveResizeRatio: false
09:35:52.750 [FXGL Background Thread 3 ] DEBUG Engine               - isProfilingEnabled: false
09:35:52.750 [FXGL Background Thread 3 ] DEBUG Engine               - isScaleAffectedOnResize: true
09:35:52.750 [FXGL Background Thread 3 ] DEBUG Engine               - isSingleStep: false
09:35:52.750 [FXGL Background Thread 3 ] DEBUG Engine               - isUserProfileEnabled: false
09:35:52.750 [FXGL Background Thread 3 ] DEBUG Engine               - isWindows: false
09:35:52.750 [FXGL Background Thread 3 ] DEBUG Engine               - language: ObjectProperty [value: ENGLISH]
09:35:52.750 [FXGL Background Thread 3 ] DEBUG Engine               - menuKey: ESCAPE
09:35:52.750 [FXGL Background Thread 3 ] DEBUG Engine               - mouseSensitivity: 0.2
09:35:52.750 [FXGL Background Thread 3 ] DEBUG Engine               - notificationViewClass: class com.almasb.fxgl.notification.view.XboxNotificationView
09:35:52.750 [FXGL Background Thread 3 ] DEBUG Engine               - pixelsPerMeter: 50.0
09:35:52.750 [FXGL Background Thread 3 ] DEBUG Engine               - platform: MAC
09:35:52.750 [FXGL Background Thread 3 ] DEBUG Engine               - prefHeightProperty: ReadOnlyDoubleProperty [value: 720.0]
09:35:52.750 [FXGL Background Thread 3 ] DEBUG Engine               - prefWidthProperty: ReadOnlyDoubleProperty [value: 1280.0]
09:35:52.750 [FXGL Background Thread 3 ] DEBUG Engine               - profileDir: profiles/
09:35:52.751 [FXGL Background Thread 3 ] DEBUG Engine               - profileName: StringProperty [value: DEFAULT]
09:35:52.751 [FXGL Background Thread 3 ] DEBUG Engine               - randomSeed: -1
09:35:52.751 [FXGL Background Thread 3 ] DEBUG Engine               - runtimeInfo: RuntimeInfo(platform=MAC, version=21.1, build=27.03.2024 07.52)
09:35:52.751 [FXGL Background Thread 3 ] DEBUG Engine               - saveFileExt: sav
09:35:52.751 [FXGL Background Thread 3 ] DEBUG Engine               - scaledHeightProp$fxgl: DoubleProperty [bound, value: 720.0]
09:35:52.751 [FXGL Background Thread 3 ] DEBUG Engine               - scaledWidthProp$fxgl: DoubleProperty [bound, value: 1280.0]
09:35:52.751 [FXGL Background Thread 3 ] DEBUG Engine               - sceneFactory: org.example.capstonee.Menu.MenuSceneFactory@35a6fd0c
09:35:52.751 [FXGL Background Thread 3 ] DEBUG Engine               - secondsIn24h: 60
09:35:52.751 [FXGL Background Thread 3 ] DEBUG Engine               - soundMenuBack: menu/back.wav
09:35:52.751 [FXGL Background Thread 3 ] DEBUG Engine               - soundMenuPress: menu/press.wav
09:35:52.751 [FXGL Background Thread 3 ] DEBUG Engine               - soundMenuSelect: menu/select.wav
09:35:52.751 [FXGL Background Thread 3 ] DEBUG Engine               - soundNotification: core/notification.wav
09:35:52.751 [FXGL Background Thread 3 ] DEBUG Engine               - stageStyle: DECORATED
09:35:52.751 [FXGL Background Thread 3 ] DEBUG Engine               - supportedLanguages: [ENGLISH, FRENCH, GERMAN, HUNGARIAN, RUSSIAN]
09:35:52.751 [FXGL Background Thread 3 ] DEBUG Engine               - ticksPerSecond: -1
09:35:52.751 [FXGL Background Thread 3 ] DEBUG Engine               - title: Platformer with Rhythm
09:35:52.751 [FXGL Background Thread 3 ] DEBUG Engine               - urlGithub: https://github.com/AlmasB/FXGL
09:35:52.751 [FXGL Background Thread 3 ] DEBUG Engine               - urlLeaderboard: http://fxgl-top.herokuapp.com/
09:35:52.751 [FXGL Background Thread 3 ] DEBUG Engine               - urlPOM: https://raw.githubusercontent.com/AlmasB/FXGL/release/README.md
09:35:52.751 [FXGL Background Thread 3 ] DEBUG Engine               - userAppClass: class org.example.capstonee.GameApp
09:35:52.751 [FXGL Background Thread 3 ] DEBUG Engine               - version: 0.2
09:35:52.751 [FXGL Background Thread 3 ] DEBUG Engine               - versionCheckDays: 7
09:35:52.751 [FXGL Background Thread 3 ] DEBUG Engine               - width: 1280
09:35:52.751 [FXGL Background Thread 3 ] DEBUG Engine               - Logging services
09:35:52.751 [FXGL Background Thread 3 ] DEBUG Engine               - class com.almasb.fxgl.app.services.FXGLAssetLoaderService
09:35:52.751 [FXGL Background Thread 3 ] DEBUG Engine               - class com.almasb.fxgl.app.FXGLApplication$GameApplicationService
09:35:52.751 [FXGL Background Thread 3 ] DEBUG Engine               - class com.almasb.fxgl.app.services.FXGLDialogService
09:35:52.751 [FXGL Background Thread 3 ] DEBUG Engine               - class com.almasb.fxgl.app.services.IOTaskExecutorService
09:35:52.751 [FXGL Background Thread 3 ] DEBUG Engine               - class com.almasb.fxgl.io.FileSystemService
09:35:52.751 [FXGL Background Thread 3 ] DEBUG Engine               - class com.almasb.fxgl.localization.LocalizationService
09:35:52.751 [FXGL Background Thread 3 ] DEBUG Engine               - class com.almasb.fxgl.app.services.SystemBundleService
09:35:52.751 [FXGL Background Thread 3 ] DEBUG Engine               - class com.almasb.fxgl.profile.SaveLoadService
09:35:52.751 [FXGL Background Thread 3 ] DEBUG Engine               - class com.almasb.fxgl.ui.FXGLUIFactoryServiceProvider
09:35:52.751 [FXGL Background Thread 3 ] DEBUG Engine               - class com.almasb.fxgl.ui.FXGLDialogFactoryServiceProvider
09:35:52.751 [FXGL Background Thread 3 ] DEBUG Engine               - class com.almasb.fxgl.audio.AudioPlayer
09:35:52.751 [FXGL Background Thread 3 ] DEBUG Engine               - class com.almasb.fxgl.notification.impl.NotificationServiceProvider
09:35:52.751 [FXGL Background Thread 3 ] DEBUG Engine               - class com.almasb.fxgl.achievement.AchievementService
09:35:52.751 [FXGL Background Thread 3 ] DEBUG Engine               - class com.almasb.fxgl.cutscene.CutsceneService
09:35:52.751 [FXGL Background Thread 3 ] DEBUG Engine               - class com.almasb.fxgl.minigames.MiniGameService
09:35:52.751 [FXGL Background Thread 3 ] DEBUG Engine               - class com.almasb.fxgl.net.NetService
09:35:52.751 [FXGL Background Thread 3 ] DEBUG Engine               - class com.almasb.fxgl.app.services.UpdaterService
09:35:52.751 [FXGL Background Thread 3 ] DEBUG Engine               - class com.almasb.fxgl.dev.DevService
09:36:00.161 [JavaFX Application Thread] DEBUG PrimaryStageWindow   - Pop state: DialogSubScene
09:36:00.161 [JavaFX Application Thread] DEBUG Input                - Clearing active input actions
09:36:00.162 [JavaFX Application Thread] DEBUG GameApplicationServi - Removing overlay from DialogSubScene and adding to MainMenu
09:36:00.162 [JavaFX Application Thread] DEBUG PrimaryStageWindow   - MainMenu <- DialogSubScene
09:36:00.165 [JavaFX Application Thread] DEBUG PrimaryStageWindow   - Push state: DialogSubScene
09:36:00.165 [JavaFX Application Thread] DEBUG Input                - Clearing active input actions
09:36:00.166 [JavaFX Application Thread] DEBUG GameApplicationServi - Removing overlay from MainMenu and adding to DialogSubScene
09:36:00.166 [JavaFX Application Thread] DEBUG PrimaryStageWindow   - MainMenu -> DialogSubScene
09:36:01.461 [JavaFX Application Thread] DEBUG PrimaryStageWindow   - Pop state: DialogSubScene
09:36:01.461 [JavaFX Application Thread] DEBUG Input                - Clearing active input actions
09:36:01.463 [JavaFX Application Thread] DEBUG GameApplicationServi - Removing overlay from DialogSubScene and adding to MainMenu
09:36:01.463 [JavaFX Application Thread] DEBUG PrimaryStageWindow   - MainMenu <- DialogSubScene
09:36:01.463 [JavaFX Application Thread] DEBUG Menu                 - fireNewGame()
09:36:01.463 [JavaFX Application Thread] DEBUG GameApplicationServi - Starting new game
09:36:01.463 [JavaFX Application Thread] DEBUG PrimaryStageWindow   - Pop state: MainMenu
09:36:01.463 [JavaFX Application Thread] DEBUG Input                - Clearing active input actions
09:36:01.463 [JavaFX Application Thread] DEBUG GameApplicationServi - Removing overlay from MainMenu and adding to FXGLMainMenuDummyScene
09:36:01.464 [JavaFX Application Thread] DEBUG PrimaryStageWindow   - FXGLMainMenuDummyScene <- MainMenu
09:36:01.464 [JavaFX Application Thread] DEBUG Input                - Clearing active input actions
09:36:01.473 [JavaFX Application Thread] DEBUG GameApplicationServi - Removing overlay from FXGLMainMenuDummyScene and adding to FXGLLoadingScene
09:36:01.473 [JavaFX Application Thread] DEBUG PrimaryStageWindow   - FXGLMainMenuDummyScene -> FXGLLoadingScene
09:36:01.473 [JavaFX Application Thread] DEBUG GameApplicationServi - Clearing previous game
09:36:01.473 [JavaFX Application Thread] DEBUG GameScene            - Clearing game scene
09:36:01.473 [JavaFX Application Thread] DEBUG GameWorld            - Clearing game world
09:36:01.473 [JavaFX Application Thread] DEBUG PhysicsWorld         - Clearing physics world
09:36:01.476 [FXGL Background Thread 2 ] DEBUG FXGLApplication      - Initializing game
09:36:01.479 [FXGL Background Thread 2 ] WARN  FXGLAssetLoaderServi - Asset "/assets/sounds/sounds/hit.wav" was not found!
09:36:01.479 [FXGL Background Thread 2 ] WARN  FXGLAssetLoaderServi - Failed to load SOUND
09:36:01.480 [FXGL Background Thread 2 ] WARN  FXGLAssetLoaderServi - Asset "/assets/sounds/sounds/miss.wav" was not found!
09:36:01.480 [FXGL Background Thread 2 ] WARN  FXGLAssetLoaderServi - Failed to load SOUND
09:36:01.521 [FXGL Background Thread 2 ] WARN  TMXLevelLoader       - TiledMap generated from 1.11.0. Supported version: 1.9.0. Some features may not be parsed fully.
09:36:01.524 [FXGL Background Thread 2 ] DEBUG TMXLevelLoader       - Parsed TiledMap: file:/Users/ajaxestela/IdeaProjects/GitSomeSleep/Capstonee/target/classes/assets/levels/tmx/test.tmx
09:36:01.525 [FXGL Background Thread 2 ] DEBUG TMXLevelLoader       - Creating tile layer entities
09:36:01.525 [FXGL Background Thread 2 ] DEBUG TilesetLoader        - Loading view for layer Tile Layer 1
09:36:01.526 [FXGL Background Thread 2 ] DEBUG TilesetLoader        - Created buffer with size 320.0x320.0
09:36:01.527 [FXGL Background Thread 2 ] DEBUG TMXLevelLoader       - Creating object layer entities
09:36:01.534 [FXGL Background Thread 2 ] DEBUG GameWorld            - Clearing removable entities
09:36:01.534 [FXGL Background Thread 2 ] DEBUG GameWorld            - Setting level: com.almasb.fxgl.entity.level.Level@74579fa
09:36:01.537 [FXGL Background Thread 2 ] WARN  FXGLAssetLoaderServi - Asset "/assets/textures/player.png" was not found!
09:36:01.538 [FXGL Background Thread 2 ] WARN  FXGLAssetLoaderServi - Failed to load IMAGE
09:36:01.541 [FXGL Background Thread 2 ] DEBUG FXGLAssetLoaderServi - Loading from file system: file:/Users/ajaxestela/IdeaProjects/GitSomeSleep/Capstonee/target/classes/assets/textures/background/bruh.jpg
09:36:01.555 [FXGL Background Thread 2 ] INFO  FXGLApplication      - Game initialization took: 0.080 sec
09:36:01.555 [JavaFX Application Thread] DEBUG Input                - Clearing active input actions
09:36:01.558 [JavaFX Application Thread] DEBUG GameApplicationServi - Removing overlay from FXGLLoadingScene and adding to GameScene
09:36:01.558 [JavaFX Application Thread] DEBUG PrimaryStageWindow   - FXGLLoadingScene -> GameScene
09:36:03.346 [JavaFX Application Thread] DEBUG FXGLApplication      - Exiting FXGL
09:36:03.346 [JavaFX Application Thread] DEBUG LoopRunner           - Stopping loop
09:36:03.347 [JavaFX Application Thread] DEBUG SystemBundleService  - Saving FXGL system data
09:36:03.350 [JavaFX Application Thread] DEBUG FileSystemAccess     - Writing to: /Users/ajaxestela/IdeaProjects/GitSomeSleep/Capstonee/system/fxgl.bundle
09:36:03.352 [JavaFX Application Thread] DEBUG Async                - Shutting down background threads
09:36:03.352 [JavaFX Application Thread] DEBUG PrimaryStageWindow   - Closing main window
09:36:03.388 [JavaFX Application Thread] DEBUG Logger               - Closing Logger
