04:23:41.002 [main                     ] DEBUG Logger               - Configured Logger
04:23:41.014 [main                     ] DEBUG GameApplication      - Logging settings
Title: Platformer with Rhythm
Version: 0.2
Width: 1280
Height: 720
Fullscreen: false
Intro: false
Profiling: false
Single step:false
App Mode: DEVELOPER
Menu Key: ESCAPE
Stage Style: DECORATED
Scene Factory: class org.example.capstonee.Menu.MenuSceneFactory

04:23:41.648 [JavaFX Application Thread] DEBUG FXGLApplication      - Initializing FXGL
04:23:41.650 [JavaFX Application Thread] INFO  Engine               - FXGL-21.1 (27.03.2024 07.52) on MAC (J:22.0.2 FX:22.0.1)
04:23:41.650 [JavaFX Application Thread] DEBUG Engine               - JRE Vendor Name: Oracle Corporation
04:23:41.650 [JavaFX Application Thread] DEBUG Engine               - Running on OS: Mac OS X version 15.3.2
04:23:41.650 [JavaFX Application Thread] DEBUG Engine               - Architecture: aarch64
04:23:41.651 [JavaFX Application Thread] INFO  Engine               - Source code and latest versions at: https://github.com/AlmasB/FXGL
04:23:41.651 [JavaFX Application Thread] INFO  Engine               -       Ask questions and discuss at: https://github.com/AlmasB/FXGL/discussions
04:23:41.651 [JavaFX Application Thread] INFO  Engine               -              Join the FXGL chat at: https://gitter.im/AlmasB/FXGL
04:23:41.688 [JavaFX Application Thread] DEBUG PrimaryStageWindow   - Creating a JavaFX scene
04:23:41.710 [JavaFX Application Thread] DEBUG PrimaryStageWindow   - Target settings size: 1280.0 x 720.0
04:23:41.710 [JavaFX Application Thread] DEBUG PrimaryStageWindow   - Scaled scene size:    1280.0 x 720.0
04:23:41.710 [JavaFX Application Thread] DEBUG PrimaryStageWindow   - Scaled ratio: (1.0, 1.0)
04:23:41.710 [JavaFX Application Thread] DEBUG PrimaryStageWindow   - Set initial scene to FXGLStartupScene
04:23:41.711 [JavaFX Application Thread] DEBUG PrimaryStageWindow   - Opening main window
04:23:41.783 [JavaFX Application Thread] DEBUG PrimaryStageWindow   - Window border size: (0.0, 28.0)
04:23:41.783 [JavaFX Application Thread] DEBUG PrimaryStageWindow   - Scaled size: 1280.0 x 720.0
04:23:41.783 [JavaFX Application Thread] DEBUG PrimaryStageWindow   - Scaled ratio: (1.0, 1.0)
04:23:41.783 [JavaFX Application Thread] DEBUG PrimaryStageWindow   - Scene size: 1280.0 x 720.0
04:23:41.783 [JavaFX Application Thread] DEBUG PrimaryStageWindow   - Stage size: 1280.0 x 748.0
04:23:41.787 [FXGL Background Thread 1 ] DEBUG Engine               - Initializing environment variables
04:23:41.819 [FXGL Background Thread 1 ] DEBUG FXGLAssetLoaderServi - User app class for loading assets: class org.example.capstonee.GameApp
04:23:41.820 [FXGL Background Thread 1 ] DEBUG GameApplicationServi - Applying CSS: fxgl_dark.css
04:23:41.820 [FXGL Background Thread 1 ] DEBUG FXGLAssetLoaderServi - Loading from file system: jar:file:///Users/ajaxestela/.m2/repository/com/github/almasb/fxgl/21.1/fxgl-21.1.jar!/fxglassets/ui/css/fxgl_dark.css
04:23:41.843 [FXGL Background Thread 1 ] DEBUG GameApplicationServi - Initializing application scenes
04:23:41.952 [FXGL Background Thread 1 ] DEBUG GameWorld            - Game world initialized
04:23:41.990 [FXGL Background Thread 1 ] DEBUG PhysicsWorld         - Physics world initialized: appHeight=720, physics.ppm=50.0
04:23:41.991 [FXGL Background Thread 1 ] DEBUG PhysicsWorld         - Using strategy: BRUTE_FORCE
04:23:41.992 [FXGL Background Thread 1 ] DEBUG GameScene            - Game scene initialized: 1280x720
04:23:41.998 [FXGL Background Thread 1 ] DEBUG FXGLAssetLoaderServi - Loading from file system: file:/Users/ajaxestela/IdeaProjects/GitSomeSleep/Capstonee/target/classes/assets/textures/background/nearest4.png
04:23:42.061 [FXGL Background Thread 1 ] DEBUG FXGLAssetLoaderServi - Loading from file system: file:/Users/ajaxestela/IdeaProjects/GitSomeSleep/Capstonee/target/classes/assets/textures/background/nearest3.png
04:23:42.200 [FXGL Background Thread 1 ] DEBUG FXGLAssetLoaderServi - Loading from file system: file:/Users/ajaxestela/IdeaProjects/GitSomeSleep/Capstonee/target/classes/assets/textures/background/nearest2.png
04:23:42.210 [FXGL Background Thread 1 ] WARN  FXGLAssetLoaderServi - Asset "/assets/textures/background/nearest1.png" was not found!
04:23:42.211 [FXGL Background Thread 1 ] WARN  FXGLAssetLoaderServi - Failed to load IMAGE
04:23:42.271 [FXGL Background Thread 1 ] DEBUG FXGL.DefaultMenu     - createMenuBodyGameMenu()
04:23:42.281 [FXGL Background Thread 1 ] DEBUG FXGL.DefaultMenu     - createOptionsMenu()
04:23:42.294 [FXGL Background Thread 1 ] DEBUG FXGLAssetLoaderServi - Loading from file system: jar:file:///Users/ajaxestela/.m2/repository/com/github/almasb/fxgl/21.1/fxgl-21.1.jar!/fxglassets/textures/particles/smoke.png
04:23:42.336 [FXGL Background Thread 1 ] DEBUG FXGLAssetLoaderServi - Loading from file system: jar:file:///Users/ajaxestela/.m2/repository/com/github/almasb/fxgl/21.1/fxgl-21.1.jar!/fxglassets/textures/particles/trace_horizontal.png
04:23:42.346 [FXGL Background Thread 1 ] DEBUG GameApplicationServi - Application scenes initialized
04:23:42.353 [FXGL Background Thread 1 ] DEBUG SystemBundleService  - Loading FXGL system data
04:23:42.356 [FXGL Background Thread 1 ] DEBUG FileSystemAccess     - Reading from: /Users/ajaxestela/IdeaProjects/GitSomeSleep/Capstonee/system/fxgl.bundle
04:23:42.361 [FXGL Background Thread 1 ] DEBUG SystemBundleService  - Bundle FXGL: {}
04:23:42.361 [FXGL Background Thread 1 ] DEBUG UpdaterService       - Checking for updates
04:23:42.362 [FXGL Background Thread 4 ] DEBUG FXGLApplication      - Loading fonts
04:23:42.362 [FXGL Background Thread 4 ] DEBUG FXGLAssetLoaderServi - Loading from file system: jar:file:///Users/ajaxestela/.m2/repository/com/github/almasb/fxgl/21.1/fxgl-21.1.jar!/fxglassets/ui/fonts/VarelaRound-Regular.ttf
04:23:42.362 [FXGL Background Thread 1 ] DEBUG FXGLApplication      - Loading default localization
04:23:42.362 [FXGL Background Thread 1 ] DEBUG FXGLAssetLoaderServi - Loading from file system: jar:file:///Users/ajaxestela/.m2/repository/com/github/almasb/fxgl/21.1/fxgl-21.1.jar!/fxglassets/languages/english.lang
04:23:42.374 [FXGL Background Thread 1 ] INFO  FXGLApplication      - FXGL initialization took: 0.588 sec
04:23:42.380 [JavaFX Application Thread] DEBUG Input                - Registered new binding: Left - A
04:23:42.380 [JavaFX Application Thread] DEBUG Input                - Registered new binding: Right - D
04:23:42.380 [JavaFX Application Thread] DEBUG Input                - Registered new binding: Jump - W
04:23:42.380 [JavaFX Application Thread] DEBUG Input                - Registered new binding: Interact / Confirm - E
04:23:42.380 [JavaFX Application Thread] DEBUG Input                - Registered new binding: RhythmLane0 - H
04:23:42.380 [JavaFX Application Thread] DEBUG Input                - Registered new binding: RhythmLane1 - J
04:23:42.380 [JavaFX Application Thread] DEBUG Input                - Registered new binding: RhythmLane2 - K
04:23:42.380 [JavaFX Application Thread] DEBUG Input                - Registered new binding: RhythmLane3 - L
04:23:42.380 [JavaFX Application Thread] DEBUG Input                - Registered new binding: RhythmStart - Space
04:23:42.381 [JavaFX Application Thread] DEBUG FXGLAssetLoaderServi - Loading from file system: jar:file:///Users/ajaxestela/.m2/repository/com/github/almasb/fxgl/21.1/fxgl-21.1.jar!/fxglassets/textures/fxgl_icon.png
04:23:42.382 [FXGL Background Thread 4 ] DEBUG FXGLAssetLoaderServi - Loading from file system: jar:file:///Users/ajaxestela/.m2/repository/com/github/almasb/fxgl/21.1/fxgl-21.1.jar!/fxglassets/ui/fonts/Abel-Regular.ttf
04:23:42.385 [FXGL Background Thread 4 ] DEBUG FXGLAssetLoaderServi - Loading from file system: jar:file:///Users/ajaxestela/.m2/repository/com/github/almasb/fxgl/21.1/fxgl-21.1.jar!/fxglassets/ui/fonts/TerminalLandMono-Regular.otf
04:23:42.390 [FXGL Background Thread 4 ] DEBUG FXGLAssetLoaderServi - Loading from file system: jar:file:///Users/ajaxestela/.m2/repository/com/github/almasb/fxgl/21.1/fxgl-21.1.jar!/fxglassets/ui/fonts/Courier-Prime.ttf
04:23:42.397 [JavaFX Application Thread] DEBUG FXGLAssetLoaderServi - Loading from file system: jar:file:///Users/ajaxestela/.m2/repository/com/github/almasb/fxgl/21.1/fxgl-21.1.jar!/fxglassets/textures/fxgl_default_cursor.png
04:23:42.399 [JavaFX Application Thread] DEBUG Input                - Registered new binding: Screenshot - CTRL+8
04:23:42.399 [JavaFX Application Thread] DEBUG Input                - Registered new binding: System info dump - CTRL+9
04:23:42.399 [JavaFX Application Thread] DEBUG Input                - Registered new binding: Restart - CTRL+R
04:23:42.399 [JavaFX Application Thread] DEBUG Input                - Registered new binding: Toggle Debug Camera - CTRL+7
04:23:42.400 [JavaFX Application Thread] DEBUG LoopRunner           - Starting loop
04:23:42.400 [JavaFX Application Thread] DEBUG LoopRunner           - Initializing JavaFX AnimationTimerLoop
04:23:42.401 [JavaFX Application Thread] DEBUG Input                - Clearing active input actions
04:23:42.404 [JavaFX Application Thread] DEBUG GameApplicationServi - Removing overlay from FXGLStartupScene and adding to FXGLMainMenuDummyScene
04:23:42.404 [JavaFX Application Thread] DEBUG PrimaryStageWindow   - FXGLStartupScene -> FXGLMainMenuDummyScene
04:23:42.404 [JavaFX Application Thread] DEBUG PrimaryStageWindow   - Push state: MainMenu
04:23:42.405 [JavaFX Application Thread] DEBUG Input                - Clearing active input actions
04:23:42.408 [JavaFX Application Thread] DEBUG GameApplicationServi - Removing overlay from FXGLMainMenuDummyScene and adding to MainMenu
04:23:42.409 [JavaFX Application Thread] DEBUG PrimaryStageWindow   - FXGLMainMenuDummyScene -> MainMenu
04:23:42.425 [JavaFX Application Thread] DEBUG FXGLApplication      - Registering font factories with UI factory
04:23:44.509 [JavaFX Application Thread] DEBUG FXGLApplication      - Exiting FXGL
04:23:44.509 [JavaFX Application Thread] DEBUG LoopRunner           - Stopping loop
04:23:44.511 [JavaFX Application Thread] DEBUG SystemBundleService  - Saving FXGL system data
04:23:44.515 [JavaFX Application Thread] DEBUG FileSystemAccess     - Writing to: /Users/ajaxestela/IdeaProjects/GitSomeSleep/Capstonee/system/fxgl.bundle
04:23:44.520 [JavaFX Application Thread] DEBUG Async                - Shutting down background threads
04:23:44.520 [JavaFX Application Thread] DEBUG PrimaryStageWindow   - Closing main window
04:23:44.560 [JavaFX Application Thread] DEBUG Logger               - Closing Logger
