21:41:36.824 [main                     ] DEBUG Logger               - Configured Logger
21:41:36.838 [main                     ] DEBUG GameApplication      - Logging settings
Title: Rhythm Impact
Version: 1.0
Width: 1280
Height: 720
Fullscreen: false
Intro: false
Profiling: false
Single step:false
App Mode: DEVELOPER
Menu Key: ESCAPE
Stage Style: DECORATED
Scene Factory: class org.example.capstonee.Menu.MenuSceneFactory

21:41:37.640 [JavaFX Application Thread] DEBUG FXGLApplication      - Initializing FXGL
21:41:37.641 [JavaFX Application Thread] INFO  Engine               - FXGL-21.1 (27.03.2024 07.52) on MAC (J:22.0.2 FX:22.0.1)
21:41:37.641 [JavaFX Application Thread] DEBUG Engine               - JRE Vendor Name: Oracle Corporation
21:41:37.642 [JavaFX Application Thread] DEBUG Engine               - Running on OS: Mac OS X version 15.3.2
21:41:37.642 [JavaFX Application Thread] DEBUG Engine               - Architecture: aarch64
21:41:37.642 [JavaFX Application Thread] INFO  Engine               - Source code and latest versions at: https://github.com/AlmasB/FXGL
21:41:37.642 [JavaFX Application Thread] INFO  Engine               -       Ask questions and discuss at: https://github.com/AlmasB/FXGL/discussions
21:41:37.642 [JavaFX Application Thread] INFO  Engine               -              Join the FXGL chat at: https://gitter.im/AlmasB/FXGL
21:41:37.678 [JavaFX Application Thread] DEBUG PrimaryStageWindow   - Creating a JavaFX scene
21:41:37.695 [JavaFX Application Thread] DEBUG PrimaryStageWindow   - Target settings size: 1280.0 x 720.0
21:41:37.695 [JavaFX Application Thread] DEBUG PrimaryStageWindow   - Scaled scene size:    1280.0 x 720.0
21:41:37.696 [JavaFX Application Thread] DEBUG PrimaryStageWindow   - Scaled ratio: (1.0, 1.0)
21:41:37.696 [JavaFX Application Thread] DEBUG PrimaryStageWindow   - Set initial scene to FXGLStartupScene
21:41:37.697 [JavaFX Application Thread] DEBUG PrimaryStageWindow   - Opening main window
21:41:37.791 [JavaFX Application Thread] DEBUG PrimaryStageWindow   - Window border size: (0.0, 28.0)
21:41:37.791 [JavaFX Application Thread] DEBUG PrimaryStageWindow   - Scaled size: 1280.0 x 720.0
21:41:37.791 [JavaFX Application Thread] DEBUG PrimaryStageWindow   - Scaled ratio: (1.0, 1.0)
21:41:37.791 [JavaFX Application Thread] DEBUG PrimaryStageWindow   - Scene size: 1280.0 x 720.0
21:41:37.791 [JavaFX Application Thread] DEBUG PrimaryStageWindow   - Stage size: 1280.0 x 748.0
21:41:37.794 [FXGL Background Thread 1 ] DEBUG Engine               - Initializing environment variables
21:41:37.815 [FXGL Background Thread 1 ] DEBUG FXGLAssetLoaderServi - User app class for loading assets: class org.example.capstonee.GameApp
21:41:37.816 [FXGL Background Thread 1 ] DEBUG GameApplicationServi - Applying CSS: fxgl_dark.css
21:41:37.817 [FXGL Background Thread 1 ] DEBUG FXGLAssetLoaderServi - Loading from file system: jar:file:///Users/ajaxestela/.m2/repository/com/github/almasb/fxgl/21.1/fxgl-21.1.jar!/fxglassets/ui/css/fxgl_dark.css
21:41:37.841 [FXGL Background Thread 1 ] DEBUG GameApplicationServi - Initializing application scenes
21:41:37.929 [FXGL Background Thread 1 ] DEBUG GameWorld            - Game world initialized
21:41:37.954 [FXGL Background Thread 1 ] DEBUG PhysicsWorld         - Physics world initialized: appHeight=720, physics.ppm=50.0
21:41:37.954 [FXGL Background Thread 1 ] DEBUG PhysicsWorld         - Using strategy: BRUTE_FORCE
21:41:37.956 [FXGL Background Thread 1 ] DEBUG GameScene            - Game scene initialized: 1280x720
21:41:37.958 [FXGL Background Thread 1 ] WARN  FXGLAssetLoaderServi - Asset "/assets/music/music/menu_theme.wav" was not found!
21:41:37.958 [FXGL Background Thread 1 ] WARN  FXGLAssetLoaderServi - Failed to load MUSIC
21:41:37.963 [FXGL Background Thread 1 ] DEBUG FXGLAssetLoaderServi - Loading from file system: file:/Users/ajaxestela/IdeaProjects/GitSomeSleep/Capstonee/target/classes/assets/textures/background/nearest4.png
21:41:38.005 [FXGL Background Thread 1 ] DEBUG FXGLAssetLoaderServi - Loading from file system: file:/Users/ajaxestela/IdeaProjects/GitSomeSleep/Capstonee/target/classes/assets/textures/background/nearest3.png
21:41:38.052 [FXGL Background Thread 1 ] DEBUG FXGLAssetLoaderServi - Loading from file system: file:/Users/ajaxestela/IdeaProjects/GitSomeSleep/Capstonee/target/classes/assets/textures/background/nearest2.png
21:41:38.079 [FXGL Background Thread 1 ] DEBUG FXGLAssetLoaderServi - Loading from file system: file:/Users/ajaxestela/IdeaProjects/GitSomeSleep/Capstonee/target/classes/assets/textures/background/%20nearest1.png
21:41:38.105 [FXGL Background Thread 1 ] DEBUG GameApplicationServi - Application scenes initialized
21:41:38.119 [FXGL Background Thread 1 ] DEBUG SystemBundleService  - Loading FXGL system data
21:41:38.128 [FXGL Background Thread 1 ] DEBUG FileSystemAccess     - Reading from: /Users/ajaxestela/IdeaProjects/GitSomeSleep/Capstonee/system/fxgl.bundle
21:41:38.137 [FXGL Background Thread 1 ] DEBUG SystemBundleService  - Bundle FXGL: {}
21:41:38.137 [FXGL Background Thread 1 ] DEBUG UpdaterService       - Checking for updates
21:41:38.202 [FXGL Background Thread 4 ] DEBUG FXGLApplication      - Loading fonts
21:41:38.203 [FXGL Background Thread 4 ] DEBUG FXGLAssetLoaderServi - Loading from file system: jar:file:///Users/ajaxestela/.m2/repository/com/github/almasb/fxgl/21.1/fxgl-21.1.jar!/fxglassets/ui/fonts/VarelaRound-Regular.ttf
21:41:38.204 [FXGL Background Thread 1 ] DEBUG FXGLApplication      - Loading default localization
21:41:38.205 [FXGL Background Thread 1 ] DEBUG FXGLAssetLoaderServi - Loading from file system: jar:file:///Users/ajaxestela/.m2/repository/com/github/almasb/fxgl/21.1/fxgl-21.1.jar!/fxglassets/languages/english.lang
21:41:38.228 [FXGL Background Thread 1 ] INFO  FXGLApplication      - FXGL initialization took: 0.434 sec
21:41:38.235 [JavaFX Application Thread] DEBUG Input                - Registered new binding: RhythmLane0 - H
21:41:38.235 [JavaFX Application Thread] DEBUG Input                - Registered new binding: RhythmLane1 - J
21:41:38.236 [JavaFX Application Thread] DEBUG Input                - Registered new binding: RhythmLane2 - K
21:41:38.236 [JavaFX Application Thread] DEBUG Input                - Registered new binding: RhythmLane3 - L
21:41:38.236 [JavaFX Application Thread] DEBUG Input                - Registered new binding: RhythmStart - Space
21:41:38.236 [JavaFX Application Thread] DEBUG FXGLAssetLoaderServi - Loading from file system: jar:file:///Users/ajaxestela/.m2/repository/com/github/almasb/fxgl/21.1/fxgl-21.1.jar!/fxglassets/textures/fxgl_icon.png
21:41:38.257 [FXGL Background Thread 4 ] DEBUG FXGLAssetLoaderServi - Loading from file system: jar:file:///Users/ajaxestela/.m2/repository/com/github/almasb/fxgl/21.1/fxgl-21.1.jar!/fxglassets/ui/fonts/Abel-Regular.ttf
21:41:38.265 [FXGL Background Thread 4 ] DEBUG FXGLAssetLoaderServi - Loading from file system: jar:file:///Users/ajaxestela/.m2/repository/com/github/almasb/fxgl/21.1/fxgl-21.1.jar!/fxglassets/ui/fonts/TerminalLandMono-Regular.otf
21:41:38.274 [FXGL Background Thread 4 ] DEBUG FXGLAssetLoaderServi - Loading from file system: jar:file:///Users/ajaxestela/.m2/repository/com/github/almasb/fxgl/21.1/fxgl-21.1.jar!/fxglassets/ui/fonts/Courier-Prime.ttf
21:41:38.280 [JavaFX Application Thread] DEBUG FXGLAssetLoaderServi - Loading from file system: jar:file:///Users/ajaxestela/.m2/repository/com/github/almasb/fxgl/21.1/fxgl-21.1.jar!/fxglassets/textures/fxgl_default_cursor.png
21:41:38.281 [JavaFX Application Thread] DEBUG Input                - Registered new binding: Screenshot - CTRL+8
21:41:38.281 [JavaFX Application Thread] DEBUG Input                - Registered new binding: System info dump - CTRL+9
21:41:38.281 [JavaFX Application Thread] DEBUG Input                - Registered new binding: Restart - CTRL+R
21:41:38.281 [JavaFX Application Thread] DEBUG Input                - Registered new binding: Toggle Debug Camera - CTRL+7
21:41:38.282 [JavaFX Application Thread] DEBUG LoopRunner           - Starting loop
21:41:38.282 [JavaFX Application Thread] DEBUG LoopRunner           - Initializing JavaFX AnimationTimerLoop
21:41:38.283 [JavaFX Application Thread] DEBUG Input                - Clearing active input actions
21:41:38.286 [JavaFX Application Thread] DEBUG GameApplicationServi - Removing overlay from FXGLStartupScene and adding to FXGLMainMenuDummyScene
21:41:38.286 [JavaFX Application Thread] DEBUG PrimaryStageWindow   - FXGLStartupScene -> FXGLMainMenuDummyScene
21:41:38.286 [JavaFX Application Thread] DEBUG PrimaryStageWindow   - Push state: MainMenu
21:41:38.287 [JavaFX Application Thread] DEBUG Input                - Clearing active input actions
21:41:38.292 [JavaFX Application Thread] DEBUG GameApplicationServi - Removing overlay from FXGLMainMenuDummyScene and adding to MainMenu
21:41:38.292 [JavaFX Application Thread] DEBUG PrimaryStageWindow   - FXGLMainMenuDummyScene -> MainMenu
21:41:38.345 [JavaFX Application Thread] DEBUG FXGLApplication      - Registering font factories with UI factory
21:41:39.076 [JavaFX Application Thread] DEBUG PrimaryStageWindow   - Push state: DialogSubScene
21:41:39.076 [JavaFX Application Thread] DEBUG Input                - Clearing active input actions
21:41:39.077 [JavaFX Application Thread] DEBUG GameApplicationServi - Removing overlay from MainMenu and adding to DialogSubScene
21:41:39.077 [JavaFX Application Thread] DEBUG PrimaryStageWindow   - MainMenu -> DialogSubScene
21:41:39.997 [JavaFX Application Thread] DEBUG PrimaryStageWindow   - Pop state: DialogSubScene
21:41:39.997 [JavaFX Application Thread] DEBUG Input                - Clearing active input actions
21:41:39.998 [JavaFX Application Thread] DEBUG GameApplicationServi - Removing overlay from DialogSubScene and adding to MainMenu
21:41:39.998 [JavaFX Application Thread] DEBUG PrimaryStageWindow   - MainMenu <- DialogSubScene
21:41:40.000 [JavaFX Application Thread] DEBUG PrimaryStageWindow   - Push state: DialogSubScene
21:41:40.000 [JavaFX Application Thread] DEBUG Input                - Clearing active input actions
21:41:40.001 [JavaFX Application Thread] DEBUG GameApplicationServi - Removing overlay from MainMenu and adding to DialogSubScene
21:41:40.001 [JavaFX Application Thread] DEBUG PrimaryStageWindow   - MainMenu -> DialogSubScene
21:41:40.797 [JavaFX Application Thread] DEBUG PrimaryStageWindow   - Pop state: DialogSubScene
21:41:40.797 [JavaFX Application Thread] DEBUG Input                - Clearing active input actions
21:41:40.797 [JavaFX Application Thread] DEBUG GameApplicationServi - Removing overlay from DialogSubScene and adding to MainMenu
21:41:40.797 [JavaFX Application Thread] DEBUG PrimaryStageWindow   - MainMenu <- DialogSubScene
21:41:40.798 [JavaFX Application Thread] DEBUG AudioPlayer          - Stopping music com.almasb.fxgl.audio.Music@29172a6d
21:41:40.798 [JavaFX Application Thread] DEBUG GameApplicationServi - Starting new game
21:41:40.798 [JavaFX Application Thread] DEBUG PrimaryStageWindow   - Pop state: MainMenu
21:41:40.798 [JavaFX Application Thread] DEBUG Input                - Clearing active input actions
21:41:40.798 [JavaFX Application Thread] DEBUG GameApplicationServi - Removing overlay from MainMenu and adding to FXGLMainMenuDummyScene
21:41:40.799 [JavaFX Application Thread] DEBUG PrimaryStageWindow   - FXGLMainMenuDummyScene <- MainMenu
21:41:40.799 [JavaFX Application Thread] DEBUG Input                - Clearing active input actions
21:41:40.803 [JavaFX Application Thread] DEBUG GameApplicationServi - Removing overlay from FXGLMainMenuDummyScene and adding to FXGLLoadingScene
21:41:40.803 [JavaFX Application Thread] DEBUG PrimaryStageWindow   - FXGLMainMenuDummyScene -> FXGLLoadingScene
21:41:40.803 [JavaFX Application Thread] DEBUG GameApplicationServi - Clearing previous game
21:41:40.804 [JavaFX Application Thread] DEBUG GameScene            - Clearing game scene
21:41:40.804 [JavaFX Application Thread] DEBUG GameWorld            - Clearing game world
21:41:40.804 [JavaFX Application Thread] DEBUG PhysicsWorld         - Clearing physics world
21:41:40.807 [FXGL Background Thread 2 ] DEBUG FXGLApplication      - Initializing game
21:41:40.809 [FXGL Background Thread 2 ] WARN  FXGLAssetLoaderServi - Asset "/assets/sounds/sounds/hit.wav" was not found!
21:41:40.809 [FXGL Background Thread 2 ] WARN  FXGLAssetLoaderServi - Failed to load SOUND
21:41:40.809 [FXGL Background Thread 2 ] WARN  FXGLAssetLoaderServi - Asset "/assets/sounds/sounds/miss.wav" was not found!
21:41:40.809 [FXGL Background Thread 2 ] WARN  FXGLAssetLoaderServi - Failed to load SOUND
21:41:40.817 [FXGL Background Thread 2 ] DEBUG FXGLAssetLoaderServi - Loading from file system: file:/Users/ajaxestela/IdeaProjects/GitSomeSleep/Capstonee/target/classes/assets/music/songs/zhongli.wav
21:41:41.123 [FXGL Background Thread 2 ] DEBUG FXGLAssetLoaderServi - Loading from file system: file:/Users/ajaxestela/IdeaProjects/GitSomeSleep/Capstonee/target/classes/assets/textures/background/pixelatedliyue.png
21:41:41.145 [FXGL Background Thread 2 ] DEBUG FXGLAssetLoaderServi - Loading from file system: file:/Users/ajaxestela/IdeaProjects/GitSomeSleep/Capstonee/target/classes/assets/textures/notes/hilichurlhitmarker.png
21:41:41.152 [FXGL Background Thread 2 ] INFO  FXGLApplication      - Game initialization took: 0.345 sec
21:41:41.152 [JavaFX Application Thread] DEBUG Input                - Clearing active input actions
21:41:41.155 [JavaFX Application Thread] DEBUG GameApplicationServi - Removing overlay from FXGLLoadingScene and adding to GameScene
21:41:41.155 [JavaFX Application Thread] DEBUG PrimaryStageWindow   - FXGLLoadingScene -> GameScene
21:41:41.160 [FXGL Background Thread 3 ] DEBUG Engine               - Logging environment variables
21:41:41.160 [FXGL Background Thread 3 ] DEBUG Engine               - achievements: []
21:41:41.160 [FXGL Background Thread 3 ] DEBUG Engine               - actualHeight: 720.0
21:41:41.160 [FXGL Background Thread 3 ] DEBUG Engine               - actualHeightProperty: ReadOnlyDoubleProperty [value: 720.0]
21:41:41.160 [FXGL Background Thread 3 ] DEBUG Engine               - actualWidth: 1280.0
21:41:41.160 [FXGL Background Thread 3 ] DEBUG Engine               - actualWidthProperty: ReadOnlyDoubleProperty [value: 1280.0]
21:41:41.160 [FXGL Background Thread 3 ] DEBUG Engine               - appIcon: fxgl_icon.png
21:41:41.160 [FXGL Background Thread 3 ] DEBUG Engine               - applicationMode: DEVELOPER
21:41:41.160 [FXGL Background Thread 3 ] DEBUG Engine               - cSSList: [fxgl_dark.css]
21:41:41.160 [FXGL Background Thread 3 ] DEBUG Engine               - collisionDetectionStrategy: BRUTE_FORCE
21:41:41.160 [FXGL Background Thread 3 ] DEBUG Engine               - configClass: Optional.empty
21:41:41.160 [FXGL Background Thread 3 ] DEBUG Engine               - credits: []
21:41:41.160 [FXGL Background Thread 3 ] DEBUG Engine               - defaultCursor: CursorInfo(imageName=fxgl_default_cursor.png, hotspotX=7.0, hotspotY=6.0)
21:41:41.160 [FXGL Background Thread 3 ] DEBUG Engine               - devBBoxColorProperty: ObjectProperty [value: 0xff0000ff]
21:41:41.160 [FXGL Background Thread 3 ] DEBUG Engine               - devEnableDebugCameraProperty: BooleanProperty [value: false]
21:41:41.161 [FXGL Background Thread 3 ] DEBUG Engine               - devSensorColorProperty: ObjectProperty [value: 0xffff00ff]
21:41:41.161 [FXGL Background Thread 3 ] DEBUG Engine               - devShowBBoxProperty: BooleanProperty [value: false]
21:41:41.161 [FXGL Background Thread 3 ] DEBUG Engine               - devShowPositionProperty: BooleanProperty [value: false]
21:41:41.161 [FXGL Background Thread 3 ] DEBUG Engine               - enabledMenuItems: []
21:41:41.161 [FXGL Background Thread 3 ] DEBUG Engine               - engineServices: [class com.almasb.fxgl.app.services.FXGLAssetLoaderService, class com.almasb.fxgl.app.FXGLApplication$GameApplicationService, class com.almasb.fxgl.app.services.FXGLDialogService, class com.almasb.fxgl.app.services.IOTaskExecutorService, class com.almasb.fxgl.io.FileSystemService, class com.almasb.fxgl.localization.LocalizationService, class com.almasb.fxgl.app.services.SystemBundleService, class com.almasb.fxgl.profile.SaveLoadService, class com.almasb.fxgl.ui.FXGLUIFactoryServiceProvider, class com.almasb.fxgl.ui.FXGLDialogFactoryServiceProvider, class com.almasb.fxgl.audio.AudioPlayer, class com.almasb.fxgl.notification.impl.NotificationServiceProvider, class com.almasb.fxgl.achievement.AchievementService, class com.almasb.fxgl.cutscene.CutsceneService, class com.almasb.fxgl.minigames.MiniGameService, class com.almasb.fxgl.net.NetService, class com.almasb.fxgl.app.services.UpdaterService, class com.almasb.fxgl.dev.DevService]
21:41:41.161 [FXGL Background Thread 3 ] DEBUG Engine               - fontGame: Abel-Regular.ttf
21:41:41.161 [FXGL Background Thread 3 ] DEBUG Engine               - fontMono: TerminalLandMono-Regular.otf
21:41:41.161 [FXGL Background Thread 3 ] DEBUG Engine               - fontSizeScaleUI: 1.0
21:41:41.161 [FXGL Background Thread 3 ] DEBUG Engine               - fontText: Courier-Prime.ttf
21:41:41.161 [FXGL Background Thread 3 ] DEBUG Engine               - fontUI: VarelaRound-Regular.ttf
21:41:41.161 [FXGL Background Thread 3 ] DEBUG Engine               - fullScreen: BooleanProperty [value: false]
21:41:41.161 [FXGL Background Thread 3 ] DEBUG Engine               - gameDifficulty: MEDIUM
21:41:41.161 [FXGL Background Thread 3 ] DEBUG Engine               - gameDifficultyProperty: ObjectProperty [value: MEDIUM]
21:41:41.161 [FXGL Background Thread 3 ] DEBUG Engine               - globalMusicVolume: 0.5
21:41:41.161 [FXGL Background Thread 3 ] DEBUG Engine               - globalMusicVolumeProperty: DoubleProperty [bound, value: 0.5]
21:41:41.161 [FXGL Background Thread 3 ] DEBUG Engine               - globalSoundVolume: 0.5
21:41:41.161 [FXGL Background Thread 3 ] DEBUG Engine               - globalSoundVolumeProperty: DoubleProperty [bound, value: 0.5]
21:41:41.161 [FXGL Background Thread 3 ] DEBUG Engine               - height: 720
21:41:41.161 [FXGL Background Thread 3 ] DEBUG Engine               - is3D: false
21:41:41.161 [FXGL Background Thread 3 ] DEBUG Engine               - isAndroid: false
21:41:41.161 [FXGL Background Thread 3 ] DEBUG Engine               - isBrowser: false
21:41:41.161 [FXGL Background Thread 3 ] DEBUG Engine               - isClickFeedbackEnabled: false
21:41:41.161 [FXGL Background Thread 3 ] DEBUG Engine               - isCloseConfirmation: false
21:41:41.161 [FXGL Background Thread 3 ] DEBUG Engine               - isDesktop: true
21:41:41.161 [FXGL Background Thread 3 ] DEBUG Engine               - isDeveloperMenuEnabled: false
21:41:41.161 [FXGL Background Thread 3 ] DEBUG Engine               - isEmbedded: false
21:41:41.161 [FXGL Background Thread 3 ] DEBUG Engine               - isEntityPreloadEnabled: true
21:41:41.161 [FXGL Background Thread 3 ] DEBUG Engine               - isExperimentalTiledLargeMap: false
21:41:41.161 [FXGL Background Thread 3 ] DEBUG Engine               - isFileSystemWriteAllowed: true
21:41:41.161 [FXGL Background Thread 3 ] DEBUG Engine               - isFullScreenAllowed: false
21:41:41.161 [FXGL Background Thread 3 ] DEBUG Engine               - isFullScreenFromStart: false
21:41:41.161 [FXGL Background Thread 3 ] DEBUG Engine               - isGameMenuEnabled: true
21:41:41.161 [FXGL Background Thread 3 ] DEBUG Engine               - isIOS: false
21:41:41.161 [FXGL Background Thread 3 ] DEBUG Engine               - isIntroEnabled: false
21:41:41.161 [FXGL Background Thread 3 ] DEBUG Engine               - isLinux: false
21:41:41.161 [FXGL Background Thread 3 ] DEBUG Engine               - isMac: true
21:41:41.161 [FXGL Background Thread 3 ] DEBUG Engine               - isMainMenuEnabled: true
21:41:41.161 [FXGL Background Thread 3 ] DEBUG Engine               - isManualResizeEnabled: false
21:41:41.161 [FXGL Background Thread 3 ] DEBUG Engine               - isMobile: false
21:41:41.161 [FXGL Background Thread 3 ] DEBUG Engine               - isNative: false
21:41:41.161 [FXGL Background Thread 3 ] DEBUG Engine               - isPauseMusicWhenMinimized: true
21:41:41.161 [FXGL Background Thread 3 ] DEBUG Engine               - isPreserveResizeRatio: false
21:41:41.161 [FXGL Background Thread 3 ] DEBUG Engine               - isProfilingEnabled: false
21:41:41.161 [FXGL Background Thread 3 ] DEBUG Engine               - isScaleAffectedOnResize: true
21:41:41.161 [FXGL Background Thread 3 ] DEBUG Engine               - isSingleStep: false
21:41:41.161 [FXGL Background Thread 3 ] DEBUG Engine               - isUserProfileEnabled: false
21:41:41.161 [FXGL Background Thread 3 ] DEBUG Engine               - isWindows: false
21:41:41.161 [FXGL Background Thread 3 ] DEBUG Engine               - language: ObjectProperty [value: ENGLISH]
21:41:41.161 [FXGL Background Thread 3 ] DEBUG Engine               - menuKey: ESCAPE
21:41:41.161 [FXGL Background Thread 3 ] DEBUG Engine               - mouseSensitivity: 0.2
21:41:41.161 [FXGL Background Thread 3 ] DEBUG Engine               - notificationViewClass: class com.almasb.fxgl.notification.view.XboxNotificationView
21:41:41.161 [FXGL Background Thread 3 ] DEBUG Engine               - pixelsPerMeter: 50.0
21:41:41.161 [FXGL Background Thread 3 ] DEBUG Engine               - platform: MAC
21:41:41.161 [FXGL Background Thread 3 ] DEBUG Engine               - prefHeightProperty: ReadOnlyDoubleProperty [value: 720.0]
21:41:41.161 [FXGL Background Thread 3 ] DEBUG Engine               - prefWidthProperty: ReadOnlyDoubleProperty [value: 1280.0]
21:41:41.162 [FXGL Background Thread 3 ] DEBUG Engine               - profileDir: profiles/
21:41:41.162 [FXGL Background Thread 3 ] DEBUG Engine               - profileName: StringProperty [value: DEFAULT]
21:41:41.162 [FXGL Background Thread 3 ] DEBUG Engine               - randomSeed: -1
21:41:41.162 [FXGL Background Thread 3 ] DEBUG Engine               - runtimeInfo: RuntimeInfo(platform=MAC, version=21.1, build=27.03.2024 07.52)
21:41:41.162 [FXGL Background Thread 3 ] DEBUG Engine               - saveFileExt: sav
21:41:41.162 [FXGL Background Thread 3 ] DEBUG Engine               - scaledHeightProp$fxgl: DoubleProperty [bound, value: 720.0]
21:41:41.162 [FXGL Background Thread 3 ] DEBUG Engine               - scaledWidthProp$fxgl: DoubleProperty [bound, value: 1280.0]
21:41:41.162 [FXGL Background Thread 3 ] DEBUG Engine               - sceneFactory: org.example.capstonee.Menu.MenuSceneFactory@3c9f3cc6
21:41:41.162 [FXGL Background Thread 3 ] DEBUG Engine               - secondsIn24h: 60
21:41:41.162 [FXGL Background Thread 3 ] DEBUG Engine               - soundMenuBack: menu/back.wav
21:41:41.162 [FXGL Background Thread 3 ] DEBUG Engine               - soundMenuPress: menu/press.wav
21:41:41.162 [FXGL Background Thread 3 ] DEBUG Engine               - soundMenuSelect: menu/select.wav
21:41:41.162 [FXGL Background Thread 3 ] DEBUG Engine               - soundNotification: core/notification.wav
21:41:41.162 [FXGL Background Thread 3 ] DEBUG Engine               - stageStyle: DECORATED
21:41:41.162 [FXGL Background Thread 3 ] DEBUG Engine               - supportedLanguages: [ENGLISH, FRENCH, GERMAN, HUNGARIAN, RUSSIAN]
21:41:41.162 [FXGL Background Thread 3 ] DEBUG Engine               - ticksPerSecond: -1
21:41:41.162 [FXGL Background Thread 3 ] DEBUG Engine               - title: Rhythm Impact
21:41:41.162 [FXGL Background Thread 3 ] DEBUG Engine               - urlGithub: https://github.com/AlmasB/FXGL
21:41:41.162 [FXGL Background Thread 3 ] DEBUG Engine               - urlLeaderboard: http://fxgl-top.herokuapp.com/
21:41:41.162 [FXGL Background Thread 3 ] DEBUG Engine               - urlPOM: https://raw.githubusercontent.com/AlmasB/FXGL/release/README.md
21:41:41.162 [FXGL Background Thread 3 ] DEBUG Engine               - userAppClass: class org.example.capstonee.GameApp
21:41:41.162 [FXGL Background Thread 3 ] DEBUG Engine               - version: 1.0
21:41:41.162 [FXGL Background Thread 3 ] DEBUG Engine               - versionCheckDays: 7
21:41:41.162 [FXGL Background Thread 3 ] DEBUG Engine               - width: 1280
21:41:41.162 [FXGL Background Thread 3 ] DEBUG Engine               - Logging services
21:41:41.162 [FXGL Background Thread 3 ] DEBUG Engine               - class com.almasb.fxgl.app.services.FXGLAssetLoaderService
21:41:41.162 [FXGL Background Thread 3 ] DEBUG Engine               - class com.almasb.fxgl.app.FXGLApplication$GameApplicationService
21:41:41.162 [FXGL Background Thread 3 ] DEBUG Engine               - class com.almasb.fxgl.app.services.FXGLDialogService
21:41:41.162 [FXGL Background Thread 3 ] DEBUG Engine               - class com.almasb.fxgl.app.services.IOTaskExecutorService
21:41:41.162 [FXGL Background Thread 3 ] DEBUG Engine               - class com.almasb.fxgl.io.FileSystemService
21:41:41.162 [FXGL Background Thread 3 ] DEBUG Engine               - class com.almasb.fxgl.localization.LocalizationService
21:41:41.162 [FXGL Background Thread 3 ] DEBUG Engine               - class com.almasb.fxgl.app.services.SystemBundleService
21:41:41.162 [FXGL Background Thread 3 ] DEBUG Engine               - class com.almasb.fxgl.profile.SaveLoadService
21:41:41.162 [FXGL Background Thread 3 ] DEBUG Engine               - class com.almasb.fxgl.ui.FXGLUIFactoryServiceProvider
21:41:41.162 [FXGL Background Thread 3 ] DEBUG Engine               - class com.almasb.fxgl.ui.FXGLDialogFactoryServiceProvider
21:41:41.162 [FXGL Background Thread 3 ] DEBUG Engine               - class com.almasb.fxgl.audio.AudioPlayer
21:41:41.162 [FXGL Background Thread 3 ] DEBUG Engine               - class com.almasb.fxgl.notification.impl.NotificationServiceProvider
21:41:41.162 [FXGL Background Thread 3 ] DEBUG Engine               - class com.almasb.fxgl.achievement.AchievementService
21:41:41.162 [FXGL Background Thread 3 ] DEBUG Engine               - class com.almasb.fxgl.cutscene.CutsceneService
21:41:41.162 [FXGL Background Thread 3 ] DEBUG Engine               - class com.almasb.fxgl.minigames.MiniGameService
21:41:41.162 [FXGL Background Thread 3 ] DEBUG Engine               - class com.almasb.fxgl.net.NetService
21:41:41.162 [FXGL Background Thread 3 ] DEBUG Engine               - class com.almasb.fxgl.app.services.UpdaterService
21:41:41.162 [FXGL Background Thread 3 ] DEBUG Engine               - class com.almasb.fxgl.dev.DevService
21:41:41.782 [JavaFX Application Thread] DEBUG AudioPlayer          - Playing music com.almasb.fxgl.audio.Music@1f30d72f
21:41:42.726 [JavaFX Application Thread] DEBUG PrimaryStageWindow   - Push state: GamePauseMenu
21:41:42.726 [JavaFX Application Thread] DEBUG Input                - Clearing active input actions
21:41:42.728 [JavaFX Application Thread] DEBUG GameApplicationServi - Removing overlay from GameScene and adding to GamePauseMenu
21:41:42.729 [JavaFX Application Thread] DEBUG PrimaryStageWindow   - GameScene -> GamePauseMenu
21:41:44.213 [JavaFX Application Thread] DEBUG PrimaryStageWindow   - Pop state: GamePauseMenu
21:41:44.213 [JavaFX Application Thread] DEBUG Input                - Clearing active input actions
21:41:44.213 [JavaFX Application Thread] DEBUG GameApplicationServi - Removing overlay from GamePauseMenu and adding to GameScene
21:41:44.214 [JavaFX Application Thread] DEBUG PrimaryStageWindow   - GameScene <- GamePauseMenu
21:41:44.645 [JavaFX Application Thread] DEBUG PrimaryStageWindow   - Push state: GamePauseMenu
21:41:44.645 [JavaFX Application Thread] DEBUG Input                - Clearing active input actions
21:41:44.646 [JavaFX Application Thread] DEBUG GameApplicationServi - Removing overlay from GameScene and adding to GamePauseMenu
21:41:44.646 [JavaFX Application Thread] DEBUG PrimaryStageWindow   - GameScene -> GamePauseMenu
21:41:45.017 [JavaFX Application Thread] DEBUG PrimaryStageWindow   - Pop state: GamePauseMenu
21:41:45.018 [JavaFX Application Thread] DEBUG Input                - Clearing active input actions
21:41:45.019 [JavaFX Application Thread] DEBUG GameApplicationServi - Removing overlay from GamePauseMenu and adding to GameScene
21:41:45.019 [JavaFX Application Thread] DEBUG PrimaryStageWindow   - GameScene <- GamePauseMenu
21:41:45.235 [JavaFX Application Thread] DEBUG FXGLAssetLoaderServi - Loading from file system: file:/Users/ajaxestela/IdeaProjects/GitSomeSleep/Capstonee/target/classes/assets/textures/markers/moranote.png
21:41:46.085 [JavaFX Application Thread] DEBUG PrimaryStageWindow   - Push state: GamePauseMenu
21:41:46.085 [JavaFX Application Thread] DEBUG Input                - Clearing active input actions
21:41:46.086 [JavaFX Application Thread] DEBUG GameApplicationServi - Removing overlay from GameScene and adding to GamePauseMenu
21:41:46.087 [JavaFX Application Thread] DEBUG PrimaryStageWindow   - GameScene -> GamePauseMenu
21:41:46.859 [JavaFX Application Thread] DEBUG PrimaryStageWindow   - Pop state: GamePauseMenu
21:41:46.860 [JavaFX Application Thread] DEBUG Input                - Clearing active input actions
21:41:46.860 [JavaFX Application Thread] DEBUG GameApplicationServi - Removing overlay from GamePauseMenu and adding to GameScene
21:41:46.861 [JavaFX Application Thread] DEBUG PrimaryStageWindow   - GameScene <- GamePauseMenu
21:41:47.568 [JavaFX Application Thread] DEBUG PrimaryStageWindow   - Push state: GamePauseMenu
21:41:47.568 [JavaFX Application Thread] DEBUG Input                - Clearing active input actions
21:41:47.568 [JavaFX Application Thread] DEBUG GameApplicationServi - Removing overlay from GameScene and adding to GamePauseMenu
21:41:47.569 [JavaFX Application Thread] DEBUG PrimaryStageWindow   - GameScene -> GamePauseMenu
21:41:48.609 [JavaFX Application Thread] DEBUG PrimaryStageWindow   - Pop state: GamePauseMenu
21:41:48.609 [JavaFX Application Thread] DEBUG Input                - Clearing active input actions
21:41:48.609 [JavaFX Application Thread] DEBUG GameApplicationServi - Removing overlay from GamePauseMenu and adding to GameScene
21:41:48.610 [JavaFX Application Thread] DEBUG PrimaryStageWindow   - GameScene <- GamePauseMenu
21:41:50.098 [JavaFX Application Thread] DEBUG FXGLApplication      - Exiting FXGL
21:41:50.098 [JavaFX Application Thread] DEBUG LoopRunner           - Stopping loop
21:41:50.099 [JavaFX Application Thread] DEBUG SystemBundleService  - Saving FXGL system data
21:41:50.101 [JavaFX Application Thread] DEBUG FileSystemAccess     - Writing to: /Users/ajaxestela/IdeaProjects/GitSomeSleep/Capstonee/system/fxgl.bundle
21:41:50.103 [JavaFX Application Thread] DEBUG Async                - Shutting down background threads
21:41:50.103 [JavaFX Application Thread] DEBUG PrimaryStageWindow   - Closing main window
21:41:50.136 [JavaFX Application Thread] DEBUG Logger               - Closing Logger
