04:27:20.209 [main                     ] DEBUG Logger               - Configured Logger
04:27:20.218 [main                     ] DEBUG GameApplication      - Logging settings
Title: Platformer with Rhythm
Version: 0.2
Width: 1280
Height: 720
Fullscreen: false
Intro: false
Profiling: false
Single step:false
App Mode: DEVELOPER
Menu Key: ESCAPE
Stage Style: DECORATED
Scene Factory: class org.example.capstonee.Menu.MenuSceneFactory

04:27:20.945 [JavaFX Application Thread] DEBUG FXGLApplication      - Initializing FXGL
04:27:20.947 [JavaFX Application Thread] INFO  Engine               - FXGL-21.1 (27.03.2024 07.52) on MAC (J:22.0.2 FX:22.0.1)
04:27:20.947 [JavaFX Application Thread] DEBUG Engine               - JRE Vendor Name: Oracle Corporation
04:27:20.947 [JavaFX Application Thread] DEBUG Engine               - Running on OS: Mac OS X version 15.3.2
04:27:20.947 [JavaFX Application Thread] DEBUG Engine               - Architecture: aarch64
04:27:20.947 [JavaFX Application Thread] INFO  Engine               - Source code and latest versions at: https://github.com/AlmasB/FXGL
04:27:20.947 [JavaFX Application Thread] INFO  Engine               -       Ask questions and discuss at: https://github.com/AlmasB/FXGL/discussions
04:27:20.947 [JavaFX Application Thread] INFO  Engine               -              Join the FXGL chat at: https://gitter.im/AlmasB/FXGL
04:27:20.983 [JavaFX Application Thread] DEBUG PrimaryStageWindow   - Creating a JavaFX scene
04:27:20.999 [JavaFX Application Thread] DEBUG PrimaryStageWindow   - Target settings size: 1280.0 x 720.0
04:27:20.999 [JavaFX Application Thread] DEBUG PrimaryStageWindow   - Scaled scene size:    1280.0 x 720.0
04:27:20.999 [JavaFX Application Thread] DEBUG PrimaryStageWindow   - Scaled ratio: (1.0, 1.0)
04:27:21.000 [JavaFX Application Thread] DEBUG PrimaryStageWindow   - Set initial scene to FXGLStartupScene
04:27:21.000 [JavaFX Application Thread] DEBUG PrimaryStageWindow   - Opening main window
04:27:21.077 [JavaFX Application Thread] DEBUG PrimaryStageWindow   - Window border size: (0.0, 28.0)
04:27:21.077 [JavaFX Application Thread] DEBUG PrimaryStageWindow   - Scaled size: 1280.0 x 720.0
04:27:21.077 [JavaFX Application Thread] DEBUG PrimaryStageWindow   - Scaled ratio: (1.0, 1.0)
04:27:21.077 [JavaFX Application Thread] DEBUG PrimaryStageWindow   - Scene size: 1280.0 x 720.0
04:27:21.077 [JavaFX Application Thread] DEBUG PrimaryStageWindow   - Stage size: 1280.0 x 748.0
04:27:21.080 [FXGL Background Thread 1 ] DEBUG Engine               - Initializing environment variables
04:27:21.102 [FXGL Background Thread 1 ] DEBUG FXGLAssetLoaderServi - User app class for loading assets: class org.example.capstonee.GameApp
04:27:21.102 [FXGL Background Thread 1 ] DEBUG GameApplicationServi - Applying CSS: fxgl_dark.css
04:27:21.103 [FXGL Background Thread 1 ] DEBUG FXGLAssetLoaderServi - Loading from file system: jar:file:///Users/ajaxestela/.m2/repository/com/github/almasb/fxgl/21.1/fxgl-21.1.jar!/fxglassets/ui/css/fxgl_dark.css
04:27:21.123 [FXGL Background Thread 1 ] DEBUG GameApplicationServi - Initializing application scenes
04:27:21.211 [FXGL Background Thread 1 ] DEBUG GameWorld            - Game world initialized
04:27:21.245 [FXGL Background Thread 1 ] DEBUG PhysicsWorld         - Physics world initialized: appHeight=720, physics.ppm=50.0
04:27:21.245 [FXGL Background Thread 1 ] DEBUG PhysicsWorld         - Using strategy: BRUTE_FORCE
04:27:21.248 [FXGL Background Thread 1 ] DEBUG GameScene            - Game scene initialized: 1280x720
04:27:21.252 [FXGL Background Thread 1 ] DEBUG FXGLAssetLoaderServi - Loading from file system: file:/Users/ajaxestela/IdeaProjects/GitSomeSleep/Capstonee/target/classes/assets/textures/background/nearest4.png
04:27:21.270 [FXGL Background Thread 1 ] DEBUG FXGLAssetLoaderServi - Loading from file system: file:/Users/ajaxestela/IdeaProjects/GitSomeSleep/Capstonee/target/classes/assets/textures/background/nearest3.png
04:27:21.294 [FXGL Background Thread 1 ] DEBUG FXGLAssetLoaderServi - Loading from file system: file:/Users/ajaxestela/IdeaProjects/GitSomeSleep/Capstonee/target/classes/assets/textures/background/nearest2.png
04:27:21.301 [FXGL Background Thread 1 ] DEBUG FXGLAssetLoaderServi - Loading from file system: file:/Users/ajaxestela/IdeaProjects/GitSomeSleep/Capstonee/target/classes/assets/textures/background/%20nearest1.png
04:27:21.346 [FXGL Background Thread 1 ] DEBUG FXGL.DefaultMenu     - createMenuBodyGameMenu()
04:27:21.356 [FXGL Background Thread 1 ] DEBUG FXGL.DefaultMenu     - createOptionsMenu()
04:27:21.363 [FXGL Background Thread 1 ] DEBUG FXGLAssetLoaderServi - Loading from file system: jar:file:///Users/ajaxestela/.m2/repository/com/github/almasb/fxgl/21.1/fxgl-21.1.jar!/fxglassets/textures/particles/smoke.png
04:27:21.531 [FXGL Background Thread 1 ] DEBUG FXGLAssetLoaderServi - Loading from file system: jar:file:///Users/ajaxestela/.m2/repository/com/github/almasb/fxgl/21.1/fxgl-21.1.jar!/fxglassets/textures/particles/trace_horizontal.png
04:27:21.563 [FXGL Background Thread 1 ] DEBUG GameApplicationServi - Application scenes initialized
04:27:21.575 [FXGL Background Thread 1 ] DEBUG SystemBundleService  - Loading FXGL system data
04:27:21.582 [FXGL Background Thread 1 ] DEBUG FileSystemAccess     - Reading from: /Users/ajaxestela/IdeaProjects/GitSomeSleep/Capstonee/system/fxgl.bundle
04:27:21.595 [FXGL Background Thread 1 ] DEBUG SystemBundleService  - Bundle FXGL: {}
04:27:21.595 [FXGL Background Thread 1 ] DEBUG UpdaterService       - Checking for updates
04:27:21.599 [FXGL Background Thread 4 ] DEBUG FXGLApplication      - Loading fonts
04:27:21.600 [FXGL Background Thread 4 ] DEBUG FXGLAssetLoaderServi - Loading from file system: jar:file:///Users/ajaxestela/.m2/repository/com/github/almasb/fxgl/21.1/fxgl-21.1.jar!/fxglassets/ui/fonts/VarelaRound-Regular.ttf
04:27:21.600 [FXGL Background Thread 1 ] DEBUG FXGLApplication      - Loading default localization
04:27:21.601 [FXGL Background Thread 1 ] DEBUG FXGLAssetLoaderServi - Loading from file system: jar:file:///Users/ajaxestela/.m2/repository/com/github/almasb/fxgl/21.1/fxgl-21.1.jar!/fxglassets/languages/english.lang
04:27:21.618 [FXGL Background Thread 1 ] INFO  FXGLApplication      - FXGL initialization took: 0.538 sec
04:27:21.625 [JavaFX Application Thread] DEBUG Input                - Registered new binding: Left - A
04:27:21.625 [JavaFX Application Thread] DEBUG Input                - Registered new binding: Right - D
04:27:21.625 [JavaFX Application Thread] DEBUG Input                - Registered new binding: Jump - W
04:27:21.626 [JavaFX Application Thread] DEBUG Input                - Registered new binding: Interact / Confirm - E
04:27:21.626 [JavaFX Application Thread] DEBUG Input                - Registered new binding: RhythmLane0 - H
04:27:21.626 [JavaFX Application Thread] DEBUG Input                - Registered new binding: RhythmLane1 - J
04:27:21.626 [JavaFX Application Thread] DEBUG Input                - Registered new binding: RhythmLane2 - K
04:27:21.626 [JavaFX Application Thread] DEBUG Input                - Registered new binding: RhythmLane3 - L
04:27:21.626 [JavaFX Application Thread] DEBUG Input                - Registered new binding: RhythmStart - Space
04:27:21.626 [JavaFX Application Thread] DEBUG FXGLAssetLoaderServi - Loading from file system: jar:file:///Users/ajaxestela/.m2/repository/com/github/almasb/fxgl/21.1/fxgl-21.1.jar!/fxglassets/textures/fxgl_icon.png
04:27:21.627 [FXGL Background Thread 4 ] DEBUG FXGLAssetLoaderServi - Loading from file system: jar:file:///Users/ajaxestela/.m2/repository/com/github/almasb/fxgl/21.1/fxgl-21.1.jar!/fxglassets/ui/fonts/Abel-Regular.ttf
04:27:21.630 [FXGL Background Thread 4 ] DEBUG FXGLAssetLoaderServi - Loading from file system: jar:file:///Users/ajaxestela/.m2/repository/com/github/almasb/fxgl/21.1/fxgl-21.1.jar!/fxglassets/ui/fonts/TerminalLandMono-Regular.otf
04:27:21.636 [FXGL Background Thread 4 ] DEBUG FXGLAssetLoaderServi - Loading from file system: jar:file:///Users/ajaxestela/.m2/repository/com/github/almasb/fxgl/21.1/fxgl-21.1.jar!/fxglassets/ui/fonts/Courier-Prime.ttf
04:27:21.650 [JavaFX Application Thread] DEBUG FXGLAssetLoaderServi - Loading from file system: jar:file:///Users/ajaxestela/.m2/repository/com/github/almasb/fxgl/21.1/fxgl-21.1.jar!/fxglassets/textures/fxgl_default_cursor.png
04:27:21.652 [JavaFX Application Thread] DEBUG Input                - Registered new binding: Screenshot - CTRL+8
04:27:21.652 [JavaFX Application Thread] DEBUG Input                - Registered new binding: System info dump - CTRL+9
04:27:21.652 [JavaFX Application Thread] DEBUG Input                - Registered new binding: Restart - CTRL+R
04:27:21.652 [JavaFX Application Thread] DEBUG Input                - Registered new binding: Toggle Debug Camera - CTRL+7
04:27:21.653 [JavaFX Application Thread] DEBUG LoopRunner           - Starting loop
04:27:21.653 [JavaFX Application Thread] DEBUG LoopRunner           - Initializing JavaFX AnimationTimerLoop
04:27:21.655 [JavaFX Application Thread] DEBUG Input                - Clearing active input actions
04:27:21.658 [JavaFX Application Thread] DEBUG GameApplicationServi - Removing overlay from FXGLStartupScene and adding to FXGLMainMenuDummyScene
04:27:21.659 [JavaFX Application Thread] DEBUG PrimaryStageWindow   - FXGLStartupScene -> FXGLMainMenuDummyScene
04:27:21.659 [JavaFX Application Thread] DEBUG PrimaryStageWindow   - Push state: MainMenu
04:27:21.659 [JavaFX Application Thread] DEBUG Input                - Clearing active input actions
04:27:21.663 [JavaFX Application Thread] DEBUG GameApplicationServi - Removing overlay from FXGLMainMenuDummyScene and adding to MainMenu
04:27:21.663 [JavaFX Application Thread] DEBUG PrimaryStageWindow   - FXGLMainMenuDummyScene -> MainMenu
04:27:21.689 [JavaFX Application Thread] DEBUG FXGLApplication      - Registering font factories with UI factory
04:27:23.136 [JavaFX Application Thread] DEBUG Menu                 - fireNewGame()
04:27:23.136 [JavaFX Application Thread] DEBUG GameApplicationServi - Starting new game
04:27:23.137 [JavaFX Application Thread] DEBUG PrimaryStageWindow   - Pop state: MainMenu
04:27:23.137 [JavaFX Application Thread] DEBUG Input                - Clearing active input actions
04:27:23.138 [JavaFX Application Thread] DEBUG GameApplicationServi - Removing overlay from MainMenu and adding to FXGLMainMenuDummyScene
04:27:23.139 [JavaFX Application Thread] DEBUG PrimaryStageWindow   - FXGLMainMenuDummyScene <- MainMenu
04:27:23.139 [JavaFX Application Thread] DEBUG Input                - Clearing active input actions
04:27:23.149 [JavaFX Application Thread] DEBUG GameApplicationServi - Removing overlay from FXGLMainMenuDummyScene and adding to FXGLLoadingScene
04:27:23.150 [JavaFX Application Thread] DEBUG PrimaryStageWindow   - FXGLMainMenuDummyScene -> FXGLLoadingScene
04:27:23.150 [JavaFX Application Thread] DEBUG GameApplicationServi - Clearing previous game
04:27:23.150 [JavaFX Application Thread] DEBUG GameScene            - Clearing game scene
04:27:23.150 [JavaFX Application Thread] DEBUG GameWorld            - Clearing game world
04:27:23.150 [JavaFX Application Thread] DEBUG PhysicsWorld         - Clearing physics world
04:27:23.152 [FXGL Background Thread 2 ] DEBUG FXGLApplication      - Initializing game
04:27:23.157 [FXGL Background Thread 2 ] WARN  FXGLAssetLoaderServi - Asset "/assets/sounds/sounds/hit.wav" was not found!
04:27:23.158 [FXGL Background Thread 2 ] WARN  FXGLAssetLoaderServi - Failed to load SOUND
04:27:23.158 [FXGL Background Thread 2 ] WARN  FXGLAssetLoaderServi - Asset "/assets/sounds/sounds/miss.wav" was not found!
04:27:23.158 [FXGL Background Thread 2 ] WARN  FXGLAssetLoaderServi - Failed to load SOUND
04:27:23.278 [FXGL Background Thread 2 ] WARN  TMXLevelLoader       - TiledMap generated from 1.11.0. Supported version: 1.9.0. Some features may not be parsed fully.
04:27:23.287 [FXGL Background Thread 2 ] DEBUG TMXLevelLoader       - Parsed TiledMap: file:/Users/ajaxestela/IdeaProjects/GitSomeSleep/Capstonee/target/classes/assets/levels/tmx/test.tmx
04:27:23.288 [FXGL Background Thread 2 ] DEBUG TMXLevelLoader       - Creating tile layer entities
04:27:23.289 [FXGL Background Thread 2 ] DEBUG TilesetLoader        - Loading view for layer Tile Layer 1
04:27:23.289 [FXGL Background Thread 2 ] DEBUG TilesetLoader        - Created buffer with size 320.0x320.0
04:27:23.292 [FXGL Background Thread 2 ] DEBUG TMXLevelLoader       - Creating object layer entities
04:27:23.305 [FXGL Background Thread 2 ] DEBUG GameWorld            - Clearing removable entities
04:27:23.305 [FXGL Background Thread 2 ] DEBUG GameWorld            - Setting level: com.almasb.fxgl.entity.level.Level@64ee1a16
04:27:23.312 [FXGL Background Thread 2 ] WARN  FXGLAssetLoaderServi - Asset "/assets/textures/player.png" was not found!
04:27:23.312 [FXGL Background Thread 2 ] WARN  FXGLAssetLoaderServi - Failed to load IMAGE
04:27:23.329 [FXGL Background Thread 2 ] DEBUG FXGLAssetLoaderServi - Loading from file system: file:/Users/ajaxestela/IdeaProjects/GitSomeSleep/Capstonee/target/classes/assets/textures/background/bruh.jpg
04:27:23.371 [FXGL Background Thread 2 ] INFO  FXGLApplication      - Game initialization took: 0.219 sec
04:27:23.372 [JavaFX Application Thread] DEBUG Input                - Clearing active input actions
04:27:23.377 [JavaFX Application Thread] DEBUG GameApplicationServi - Removing overlay from FXGLLoadingScene and adding to GameScene
04:27:23.378 [JavaFX Application Thread] DEBUG PrimaryStageWindow   - FXGLLoadingScene -> GameScene
04:27:24.600 [FXGL Background Thread 3 ] DEBUG Engine               - Logging environment variables
04:27:24.601 [FXGL Background Thread 3 ] DEBUG Engine               - achievements: []
04:27:24.602 [FXGL Background Thread 3 ] DEBUG Engine               - actualHeight: 720.0
04:27:24.602 [FXGL Background Thread 3 ] DEBUG Engine               - actualHeightProperty: ReadOnlyDoubleProperty [value: 720.0]
04:27:24.602 [FXGL Background Thread 3 ] DEBUG Engine               - actualWidth: 1280.0
04:27:24.602 [FXGL Background Thread 3 ] DEBUG Engine               - actualWidthProperty: ReadOnlyDoubleProperty [value: 1280.0]
04:27:24.602 [FXGL Background Thread 3 ] DEBUG Engine               - appIcon: fxgl_icon.png
04:27:24.602 [FXGL Background Thread 3 ] DEBUG Engine               - applicationMode: DEVELOPER
04:27:24.602 [FXGL Background Thread 3 ] DEBUG Engine               - cSSList: [fxgl_dark.css]
04:27:24.602 [FXGL Background Thread 3 ] DEBUG Engine               - collisionDetectionStrategy: BRUTE_FORCE
04:27:24.602 [FXGL Background Thread 3 ] DEBUG Engine               - configClass: Optional.empty
04:27:24.602 [FXGL Background Thread 3 ] DEBUG Engine               - credits: []
04:27:24.603 [FXGL Background Thread 3 ] DEBUG Engine               - defaultCursor: CursorInfo(imageName=fxgl_default_cursor.png, hotspotX=7.0, hotspotY=6.0)
04:27:24.603 [FXGL Background Thread 3 ] DEBUG Engine               - devBBoxColorProperty: ObjectProperty [value: 0xff0000ff]
04:27:24.603 [FXGL Background Thread 3 ] DEBUG Engine               - devEnableDebugCameraProperty: BooleanProperty [value: false]
04:27:24.603 [FXGL Background Thread 3 ] DEBUG Engine               - devSensorColorProperty: ObjectProperty [value: 0xffff00ff]
04:27:24.604 [FXGL Background Thread 3 ] DEBUG Engine               - devShowBBoxProperty: BooleanProperty [value: false]
04:27:24.604 [FXGL Background Thread 3 ] DEBUG Engine               - devShowPositionProperty: BooleanProperty [value: false]
04:27:24.604 [FXGL Background Thread 3 ] DEBUG Engine               - enabledMenuItems: []
04:27:24.604 [FXGL Background Thread 3 ] DEBUG Engine               - engineServices: [class com.almasb.fxgl.app.services.FXGLAssetLoaderService, class com.almasb.fxgl.app.FXGLApplication$GameApplicationService, class com.almasb.fxgl.app.services.FXGLDialogService, class com.almasb.fxgl.app.services.IOTaskExecutorService, class com.almasb.fxgl.io.FileSystemService, class com.almasb.fxgl.localization.LocalizationService, class com.almasb.fxgl.app.services.SystemBundleService, class com.almasb.fxgl.profile.SaveLoadService, class com.almasb.fxgl.ui.FXGLUIFactoryServiceProvider, class com.almasb.fxgl.ui.FXGLDialogFactoryServiceProvider, class com.almasb.fxgl.audio.AudioPlayer, class com.almasb.fxgl.notification.impl.NotificationServiceProvider, class com.almasb.fxgl.achievement.AchievementService, class com.almasb.fxgl.cutscene.CutsceneService, class com.almasb.fxgl.minigames.MiniGameService, class com.almasb.fxgl.net.NetService, class com.almasb.fxgl.app.services.UpdaterService, class com.almasb.fxgl.dev.DevService]
04:27:24.604 [FXGL Background Thread 3 ] DEBUG Engine               - fontGame: Abel-Regular.ttf
04:27:24.604 [FXGL Background Thread 3 ] DEBUG Engine               - fontMono: TerminalLandMono-Regular.otf
04:27:24.604 [FXGL Background Thread 3 ] DEBUG Engine               - fontSizeScaleUI: 1.0
04:27:24.604 [FXGL Background Thread 3 ] DEBUG Engine               - fontText: Courier-Prime.ttf
04:27:24.604 [FXGL Background Thread 3 ] DEBUG Engine               - fontUI: VarelaRound-Regular.ttf
04:27:24.604 [FXGL Background Thread 3 ] DEBUG Engine               - fullScreen: BooleanProperty [value: false]
04:27:24.604 [FXGL Background Thread 3 ] DEBUG Engine               - gameDifficulty: MEDIUM
04:27:24.604 [FXGL Background Thread 3 ] DEBUG Engine               - gameDifficultyProperty: ObjectProperty [value: MEDIUM]
04:27:24.604 [FXGL Background Thread 3 ] DEBUG Engine               - globalMusicVolume: 0.5
04:27:24.604 [FXGL Background Thread 3 ] DEBUG Engine               - globalMusicVolumeProperty: DoubleProperty [value: 0.5]
04:27:24.605 [FXGL Background Thread 3 ] DEBUG Engine               - globalSoundVolume: 0.5
04:27:24.605 [FXGL Background Thread 3 ] DEBUG Engine               - globalSoundVolumeProperty: DoubleProperty [value: 0.5]
04:27:24.605 [FXGL Background Thread 3 ] DEBUG Engine               - height: 720
04:27:24.605 [FXGL Background Thread 3 ] DEBUG Engine               - is3D: false
04:27:24.605 [FXGL Background Thread 3 ] DEBUG Engine               - isAndroid: false
04:27:24.605 [FXGL Background Thread 3 ] DEBUG Engine               - isBrowser: false
04:27:24.605 [FXGL Background Thread 3 ] DEBUG Engine               - isClickFeedbackEnabled: false
04:27:24.605 [FXGL Background Thread 3 ] DEBUG Engine               - isCloseConfirmation: false
04:27:24.605 [FXGL Background Thread 3 ] DEBUG Engine               - isDesktop: true
04:27:24.605 [FXGL Background Thread 3 ] DEBUG Engine               - isDeveloperMenuEnabled: false
04:27:24.605 [FXGL Background Thread 3 ] DEBUG Engine               - isEmbedded: false
04:27:24.605 [FXGL Background Thread 3 ] DEBUG Engine               - isEntityPreloadEnabled: true
04:27:24.605 [FXGL Background Thread 3 ] DEBUG Engine               - isExperimentalTiledLargeMap: false
04:27:24.605 [FXGL Background Thread 3 ] DEBUG Engine               - isFileSystemWriteAllowed: true
04:27:24.605 [FXGL Background Thread 3 ] DEBUG Engine               - isFullScreenAllowed: false
04:27:24.605 [FXGL Background Thread 3 ] DEBUG Engine               - isFullScreenFromStart: false
04:27:24.605 [FXGL Background Thread 3 ] DEBUG Engine               - isGameMenuEnabled: true
04:27:24.606 [FXGL Background Thread 3 ] DEBUG Engine               - isIOS: false
04:27:24.606 [FXGL Background Thread 3 ] DEBUG Engine               - isIntroEnabled: false
04:27:24.606 [FXGL Background Thread 3 ] DEBUG Engine               - isLinux: false
04:27:24.606 [FXGL Background Thread 3 ] DEBUG Engine               - isMac: true
04:27:24.606 [FXGL Background Thread 3 ] DEBUG Engine               - isMainMenuEnabled: true
04:27:24.606 [FXGL Background Thread 3 ] DEBUG Engine               - isManualResizeEnabled: false
04:27:24.606 [FXGL Background Thread 3 ] DEBUG Engine               - isMobile: false
04:27:24.606 [FXGL Background Thread 3 ] DEBUG Engine               - isNative: false
04:27:24.606 [FXGL Background Thread 3 ] DEBUG Engine               - isPauseMusicWhenMinimized: true
04:27:24.606 [FXGL Background Thread 3 ] DEBUG Engine               - isPreserveResizeRatio: false
04:27:24.606 [FXGL Background Thread 3 ] DEBUG Engine               - isProfilingEnabled: false
04:27:24.606 [FXGL Background Thread 3 ] DEBUG Engine               - isScaleAffectedOnResize: true
04:27:24.606 [FXGL Background Thread 3 ] DEBUG Engine               - isSingleStep: false
04:27:24.606 [FXGL Background Thread 3 ] DEBUG Engine               - isUserProfileEnabled: false
04:27:24.606 [FXGL Background Thread 3 ] DEBUG Engine               - isWindows: false
04:27:24.606 [FXGL Background Thread 3 ] DEBUG Engine               - language: ObjectProperty [value: ENGLISH]
04:27:24.606 [FXGL Background Thread 3 ] DEBUG Engine               - menuKey: ESCAPE
04:27:24.606 [FXGL Background Thread 3 ] DEBUG Engine               - mouseSensitivity: 0.2
04:27:24.607 [FXGL Background Thread 3 ] DEBUG Engine               - notificationViewClass: class com.almasb.fxgl.notification.view.XboxNotificationView
04:27:24.607 [FXGL Background Thread 3 ] DEBUG Engine               - pixelsPerMeter: 50.0
04:27:24.607 [FXGL Background Thread 3 ] DEBUG Engine               - platform: MAC
04:27:24.607 [FXGL Background Thread 3 ] DEBUG Engine               - prefHeightProperty: ReadOnlyDoubleProperty [value: 720.0]
04:27:24.607 [FXGL Background Thread 3 ] DEBUG Engine               - prefWidthProperty: ReadOnlyDoubleProperty [value: 1280.0]
04:27:24.607 [FXGL Background Thread 3 ] DEBUG Engine               - profileDir: profiles/
04:27:24.607 [FXGL Background Thread 3 ] DEBUG Engine               - profileName: StringProperty [value: DEFAULT]
04:27:24.607 [FXGL Background Thread 3 ] DEBUG Engine               - randomSeed: -1
04:27:24.608 [FXGL Background Thread 3 ] DEBUG Engine               - runtimeInfo: RuntimeInfo(platform=MAC, version=21.1, build=27.03.2024 07.52)
04:27:24.608 [FXGL Background Thread 3 ] DEBUG Engine               - saveFileExt: sav
04:27:24.608 [FXGL Background Thread 3 ] DEBUG Engine               - scaledHeightProp$fxgl: DoubleProperty [bound, value: 720.0]
04:27:24.608 [FXGL Background Thread 3 ] DEBUG Engine               - scaledWidthProp$fxgl: DoubleProperty [bound, value: 1280.0]
04:27:24.608 [FXGL Background Thread 3 ] DEBUG Engine               - sceneFactory: org.example.capstonee.Menu.MenuSceneFactory@301e6f87
04:27:24.608 [FXGL Background Thread 3 ] DEBUG Engine               - secondsIn24h: 60
04:27:24.609 [FXGL Background Thread 3 ] DEBUG Engine               - soundMenuBack: menu/back.wav
04:27:24.609 [FXGL Background Thread 3 ] DEBUG Engine               - soundMenuPress: menu/press.wav
04:27:24.609 [FXGL Background Thread 3 ] DEBUG Engine               - soundMenuSelect: menu/select.wav
04:27:24.609 [FXGL Background Thread 3 ] DEBUG Engine               - soundNotification: core/notification.wav
04:27:24.609 [FXGL Background Thread 3 ] DEBUG Engine               - stageStyle: DECORATED
04:27:24.609 [FXGL Background Thread 3 ] DEBUG Engine               - supportedLanguages: [ENGLISH, FRENCH, GERMAN, HUNGARIAN, RUSSIAN]
04:27:24.609 [FXGL Background Thread 3 ] DEBUG Engine               - ticksPerSecond: -1
04:27:24.609 [FXGL Background Thread 3 ] DEBUG Engine               - title: Platformer with Rhythm
04:27:24.609 [FXGL Background Thread 3 ] DEBUG Engine               - urlGithub: https://github.com/AlmasB/FXGL
04:27:24.609 [FXGL Background Thread 3 ] DEBUG Engine               - urlLeaderboard: http://fxgl-top.herokuapp.com/
04:27:24.609 [FXGL Background Thread 3 ] DEBUG Engine               - urlPOM: https://raw.githubusercontent.com/AlmasB/FXGL/release/README.md
04:27:24.609 [FXGL Background Thread 3 ] DEBUG Engine               - userAppClass: class org.example.capstonee.GameApp
04:27:24.609 [FXGL Background Thread 3 ] DEBUG Engine               - version: 0.2
04:27:24.610 [FXGL Background Thread 3 ] DEBUG Engine               - versionCheckDays: 7
04:27:24.610 [FXGL Background Thread 3 ] DEBUG Engine               - width: 1280
04:27:24.610 [FXGL Background Thread 3 ] DEBUG Engine               - Logging services
04:27:24.610 [FXGL Background Thread 3 ] DEBUG Engine               - class com.almasb.fxgl.app.services.FXGLAssetLoaderService
04:27:24.610 [FXGL Background Thread 3 ] DEBUG Engine               - class com.almasb.fxgl.app.FXGLApplication$GameApplicationService
04:27:24.610 [FXGL Background Thread 3 ] DEBUG Engine               - class com.almasb.fxgl.app.services.FXGLDialogService
04:27:24.610 [FXGL Background Thread 3 ] DEBUG Engine               - class com.almasb.fxgl.app.services.IOTaskExecutorService
04:27:24.611 [FXGL Background Thread 3 ] DEBUG Engine               - class com.almasb.fxgl.io.FileSystemService
04:27:24.611 [FXGL Background Thread 3 ] DEBUG Engine               - class com.almasb.fxgl.localization.LocalizationService
04:27:24.611 [FXGL Background Thread 3 ] DEBUG Engine               - class com.almasb.fxgl.app.services.SystemBundleService
04:27:24.611 [FXGL Background Thread 3 ] DEBUG Engine               - class com.almasb.fxgl.profile.SaveLoadService
04:27:24.611 [FXGL Background Thread 3 ] DEBUG Engine               - class com.almasb.fxgl.ui.FXGLUIFactoryServiceProvider
04:27:24.611 [FXGL Background Thread 3 ] DEBUG Engine               - class com.almasb.fxgl.ui.FXGLDialogFactoryServiceProvider
04:27:24.611 [FXGL Background Thread 3 ] DEBUG Engine               - class com.almasb.fxgl.audio.AudioPlayer
04:27:24.611 [FXGL Background Thread 3 ] DEBUG Engine               - class com.almasb.fxgl.notification.impl.NotificationServiceProvider
04:27:24.611 [FXGL Background Thread 3 ] DEBUG Engine               - class com.almasb.fxgl.achievement.AchievementService
04:27:24.611 [FXGL Background Thread 3 ] DEBUG Engine               - class com.almasb.fxgl.cutscene.CutsceneService
04:27:24.611 [FXGL Background Thread 3 ] DEBUG Engine               - class com.almasb.fxgl.minigames.MiniGameService
04:27:24.611 [FXGL Background Thread 3 ] DEBUG Engine               - class com.almasb.fxgl.net.NetService
04:27:24.611 [FXGL Background Thread 3 ] DEBUG Engine               - class com.almasb.fxgl.app.services.UpdaterService
04:27:24.611 [FXGL Background Thread 3 ] DEBUG Engine               - class com.almasb.fxgl.dev.DevService
04:27:24.785 [JavaFX Application Thread] DEBUG FXGLApplication      - Exiting FXGL
04:27:24.785 [JavaFX Application Thread] DEBUG LoopRunner           - Stopping loop
04:27:24.786 [JavaFX Application Thread] DEBUG SystemBundleService  - Saving FXGL system data
04:27:24.788 [JavaFX Application Thread] DEBUG FileSystemAccess     - Writing to: /Users/ajaxestela/IdeaProjects/GitSomeSleep/Capstonee/system/fxgl.bundle
04:27:24.790 [JavaFX Application Thread] DEBUG Async                - Shutting down background threads
04:27:24.790 [JavaFX Application Thread] DEBUG PrimaryStageWindow   - Closing main window
04:27:24.828 [JavaFX Application Thread] DEBUG Logger               - Closing Logger
