00:59:10.161 [main                     ] DEBUG Logger               - Configured Logger
00:59:10.172 [main                     ] DEBUG GameApplication      - Logging settings
Title: Platformer with Rhythm
Version: 0.2
Width: 1280
Height: 720
Fullscreen: false
Intro: false
Profiling: false
Single step:false
App Mode: DEVELOPER
Menu Key: ESCAPE
Stage Style: DECORATED
Scene Factory: class com.almasb.fxgl.app.scene.SceneFactory

00:59:10.391 [JavaFX Application Thread] DEBUG FXGLApplication      - Initializing FXGL
00:59:10.393 [JavaFX Application Thread] INFO  Engine               - FXGL-21.1 (27.03.2024 07.52) on MAC (J:22.0.2 FX:22.0.1)
00:59:10.393 [JavaFX Application Thread] DEBUG Engine               - JRE Vendor Name: Oracle Corporation
00:59:10.393 [JavaFX Application Thread] DEBUG Engine               - Running on OS: Mac OS X version 15.3.2
00:59:10.393 [JavaFX Application Thread] DEBUG Engine               - Architecture: aarch64
00:59:10.393 [JavaFX Application Thread] INFO  Engine               - Source code and latest versions at: https://github.com/AlmasB/FXGL
00:59:10.393 [JavaFX Application Thread] INFO  Engine               -       Ask questions and discuss at: https://github.com/AlmasB/FXGL/discussions
00:59:10.393 [JavaFX Application Thread] INFO  Engine               -              Join the FXGL chat at: https://gitter.im/AlmasB/FXGL
00:59:10.430 [JavaFX Application Thread] DEBUG PrimaryStageWindow   - Creating a JavaFX scene
00:59:10.449 [JavaFX Application Thread] DEBUG PrimaryStageWindow   - Target settings size: 1280.0 x 720.0
00:59:10.449 [JavaFX Application Thread] DEBUG PrimaryStageWindow   - Scaled scene size:    1280.0 x 720.0
00:59:10.449 [JavaFX Application Thread] DEBUG PrimaryStageWindow   - Scaled ratio: (1.0, 1.0)
00:59:10.449 [JavaFX Application Thread] DEBUG PrimaryStageWindow   - Set initial scene to FXGLStartupScene
00:59:10.450 [JavaFX Application Thread] DEBUG PrimaryStageWindow   - Opening main window
00:59:10.493 [JavaFX Application Thread] DEBUG PrimaryStageWindow   - Window border size: (0.0, 28.0)
00:59:10.493 [JavaFX Application Thread] DEBUG PrimaryStageWindow   - Scaled size: 1280.0 x 720.0
00:59:10.493 [JavaFX Application Thread] DEBUG PrimaryStageWindow   - Scaled ratio: (1.0, 1.0)
00:59:10.493 [JavaFX Application Thread] DEBUG PrimaryStageWindow   - Scene size: 1280.0 x 720.0
00:59:10.493 [JavaFX Application Thread] DEBUG PrimaryStageWindow   - Stage size: 1280.0 x 748.0
00:59:10.496 [FXGL Background Thread 1 ] DEBUG Engine               - Initializing environment variables
00:59:10.533 [FXGL Background Thread 1 ] DEBUG FXGLAssetLoaderServi - User app class for loading assets: class org.example.capstonee.GameApp
00:59:10.533 [FXGL Background Thread 1 ] DEBUG GameApplicationServi - Applying CSS: fxgl_dark.css
00:59:10.534 [FXGL Background Thread 1 ] DEBUG FXGLAssetLoaderServi - Loading from file system: jar:file:///Users/ajaxestela/.m2/repository/com/github/almasb/fxgl/21.1/fxgl-21.1.jar!/fxglassets/ui/css/fxgl_dark.css
00:59:10.564 [FXGL Background Thread 1 ] DEBUG GameApplicationServi - Initializing application scenes
00:59:10.643 [FXGL Background Thread 1 ] DEBUG GameWorld            - Game world initialized
00:59:10.690 [FXGL Background Thread 1 ] DEBUG PhysicsWorld         - Physics world initialized: appHeight=720, physics.ppm=50.0
00:59:10.691 [FXGL Background Thread 1 ] DEBUG PhysicsWorld         - Using strategy: BRUTE_FORCE
00:59:10.696 [FXGL Background Thread 1 ] DEBUG GameScene            - Game scene initialized: 1280x720
00:59:10.716 [FXGL Background Thread 1 ] DEBUG FXGL.DefaultMenu     - createMenuBodyMainMenu()
00:59:10.728 [FXGL Background Thread 1 ] DEBUG FXGL.DefaultMenu     - createOptionsMenu()
00:59:10.733 [FXGL Background Thread 1 ] DEBUG FXGLAssetLoaderServi - Loading from file system: jar:file:///Users/ajaxestela/.m2/repository/com/github/almasb/fxgl/21.1/fxgl-21.1.jar!/fxglassets/textures/particles/smoke.png
00:59:10.772 [FXGL Background Thread 1 ] DEBUG FXGLAssetLoaderServi - Loading from file system: jar:file:///Users/ajaxestela/.m2/repository/com/github/almasb/fxgl/21.1/fxgl-21.1.jar!/fxglassets/textures/particles/trace_horizontal.png
00:59:10.783 [FXGL Background Thread 1 ] DEBUG FXGL.DefaultMenu     - createMenuBodyGameMenu()
00:59:10.784 [FXGL Background Thread 1 ] DEBUG FXGL.DefaultMenu     - createOptionsMenu()
00:59:10.791 [FXGL Background Thread 1 ] DEBUG GameApplicationServi - Application scenes initialized
00:59:10.796 [FXGL Background Thread 1 ] DEBUG SystemBundleService  - Loading FXGL system data
00:59:10.798 [FXGL Background Thread 1 ] DEBUG FileSystemAccess     - Reading from: /Users/ajaxestela/IdeaProjects/GitSomeSleep/Capstonee/system/fxgl.bundle
00:59:10.800 [FXGL Background Thread 1 ] DEBUG SystemBundleService  - Bundle FXGL: {}
00:59:10.800 [FXGL Background Thread 1 ] DEBUG UpdaterService       - Checking for updates
00:59:10.802 [FXGL Background Thread 4 ] DEBUG FXGLApplication      - Loading fonts
00:59:10.802 [FXGL Background Thread 1 ] DEBUG FXGLApplication      - Loading default localization
00:59:10.802 [FXGL Background Thread 4 ] DEBUG FXGLAssetLoaderServi - Loading from file system: jar:file:///Users/ajaxestela/.m2/repository/com/github/almasb/fxgl/21.1/fxgl-21.1.jar!/fxglassets/ui/fonts/VarelaRound-Regular.ttf
00:59:10.802 [FXGL Background Thread 1 ] DEBUG FXGLAssetLoaderServi - Loading from file system: jar:file:///Users/ajaxestela/.m2/repository/com/github/almasb/fxgl/21.1/fxgl-21.1.jar!/fxglassets/languages/english.lang
00:59:10.812 [FXGL Background Thread 1 ] INFO  FXGLApplication      - FXGL initialization took: 0.316 sec
00:59:10.815 [FXGL Background Thread 4 ] DEBUG FXGLAssetLoaderServi - Loading from file system: jar:file:///Users/ajaxestela/.m2/repository/com/github/almasb/fxgl/21.1/fxgl-21.1.jar!/fxglassets/ui/fonts/Abel-Regular.ttf
00:59:10.816 [JavaFX Application Thread] DEBUG Input                - Registered new binding: Left - A
00:59:10.816 [JavaFX Application Thread] DEBUG Input                - Registered new binding: Right - D
00:59:10.816 [JavaFX Application Thread] DEBUG Input                - Registered new binding: Jump - W
00:59:10.816 [JavaFX Application Thread] DEBUG Input                - Registered new binding: Interact / Confirm - E
00:59:10.816 [JavaFX Application Thread] DEBUG Input                - Registered new binding: RhythmLane0 - H
00:59:10.816 [JavaFX Application Thread] DEBUG Input                - Registered new binding: RhythmLane1 - J
00:59:10.816 [JavaFX Application Thread] DEBUG Input                - Registered new binding: RhythmLane2 - K
00:59:10.816 [JavaFX Application Thread] DEBUG Input                - Registered new binding: RhythmLane3 - L
00:59:10.816 [JavaFX Application Thread] DEBUG Input                - Registered new binding: RhythmStart - Space
00:59:10.816 [JavaFX Application Thread] DEBUG FXGLAssetLoaderServi - Loading from file system: jar:file:///Users/ajaxestela/.m2/repository/com/github/almasb/fxgl/21.1/fxgl-21.1.jar!/fxglassets/textures/fxgl_icon.png
00:59:10.817 [FXGL Background Thread 4 ] DEBUG FXGLAssetLoaderServi - Loading from file system: jar:file:///Users/ajaxestela/.m2/repository/com/github/almasb/fxgl/21.1/fxgl-21.1.jar!/fxglassets/ui/fonts/TerminalLandMono-Regular.otf
00:59:10.818 [FXGL Background Thread 4 ] DEBUG FXGLAssetLoaderServi - Loading from file system: jar:file:///Users/ajaxestela/.m2/repository/com/github/almasb/fxgl/21.1/fxgl-21.1.jar!/fxglassets/ui/fonts/Courier-Prime.ttf
00:59:10.830 [JavaFX Application Thread] DEBUG FXGLAssetLoaderServi - Loading from file system: jar:file:///Users/ajaxestela/.m2/repository/com/github/almasb/fxgl/21.1/fxgl-21.1.jar!/fxglassets/textures/fxgl_default_cursor.png
00:59:10.831 [JavaFX Application Thread] DEBUG Input                - Registered new binding: Screenshot - CTRL+8
00:59:10.831 [JavaFX Application Thread] DEBUG Input                - Registered new binding: System info dump - CTRL+9
00:59:10.831 [JavaFX Application Thread] DEBUG Input                - Registered new binding: Restart - CTRL+R
00:59:10.831 [JavaFX Application Thread] DEBUG Input                - Registered new binding: Toggle Debug Camera - CTRL+7
00:59:10.832 [JavaFX Application Thread] DEBUG LoopRunner           - Starting loop
00:59:10.832 [JavaFX Application Thread] DEBUG LoopRunner           - Initializing JavaFX AnimationTimerLoop
00:59:10.833 [JavaFX Application Thread] DEBUG Input                - Clearing active input actions
00:59:10.835 [JavaFX Application Thread] DEBUG GameApplicationServi - Removing overlay from FXGLStartupScene and adding to FXGLMainMenuDummyScene
00:59:10.835 [JavaFX Application Thread] DEBUG PrimaryStageWindow   - FXGLStartupScene -> FXGLMainMenuDummyScene
00:59:10.836 [JavaFX Application Thread] DEBUG PrimaryStageWindow   - Push state: FXGLDefaultMenu
00:59:10.837 [JavaFX Application Thread] DEBUG Input                - Clearing active input actions
00:59:10.841 [JavaFX Application Thread] DEBUG GameApplicationServi - Removing overlay from FXGLMainMenuDummyScene and adding to FXGLDefaultMenu
00:59:10.841 [JavaFX Application Thread] DEBUG PrimaryStageWindow   - FXGLMainMenuDummyScene -> FXGLDefaultMenu
00:59:10.844 [JavaFX Application Thread] DEBUG FXGLApplication      - Registering font factories with UI factory
00:59:13.428 [JavaFX Application Thread] DEBUG Menu                 - fireNewGame()
00:59:13.429 [JavaFX Application Thread] DEBUG GameApplicationServi - Starting new game
00:59:13.429 [JavaFX Application Thread] DEBUG PrimaryStageWindow   - Pop state: FXGLDefaultMenu
00:59:13.429 [JavaFX Application Thread] DEBUG Input                - Clearing active input actions
00:59:13.430 [JavaFX Application Thread] DEBUG GameApplicationServi - Removing overlay from FXGLDefaultMenu and adding to FXGLMainMenuDummyScene
00:59:13.430 [JavaFX Application Thread] DEBUG PrimaryStageWindow   - FXGLMainMenuDummyScene <- FXGLDefaultMenu
00:59:13.430 [JavaFX Application Thread] DEBUG Input                - Clearing active input actions
00:59:13.434 [JavaFX Application Thread] DEBUG GameApplicationServi - Removing overlay from FXGLMainMenuDummyScene and adding to FXGLLoadingScene
00:59:13.434 [JavaFX Application Thread] DEBUG PrimaryStageWindow   - FXGLMainMenuDummyScene -> FXGLLoadingScene
00:59:13.434 [JavaFX Application Thread] DEBUG GameApplicationServi - Clearing previous game
00:59:13.434 [JavaFX Application Thread] DEBUG GameScene            - Clearing game scene
00:59:13.434 [JavaFX Application Thread] DEBUG GameWorld            - Clearing game world
00:59:13.434 [JavaFX Application Thread] DEBUG PhysicsWorld         - Clearing physics world
00:59:13.434 [FXGL Background Thread 2 ] DEBUG FXGLApplication      - Initializing game
00:59:13.438 [FXGL Background Thread 2 ] WARN  FXGLAssetLoaderServi - Asset "/assets/sounds/sounds/hit.wav" was not found!
00:59:13.438 [FXGL Background Thread 2 ] WARN  FXGLAssetLoaderServi - Failed to load SOUND
00:59:13.438 [FXGL Background Thread 2 ] WARN  FXGLAssetLoaderServi - Asset "/assets/sounds/sounds/miss.wav" was not found!
00:59:13.438 [FXGL Background Thread 2 ] WARN  FXGLAssetLoaderServi - Failed to load SOUND
00:59:13.521 [FXGL Background Thread 2 ] WARN  TMXLevelLoader       - TiledMap generated from 1.11.0. Supported version: 1.9.0. Some features may not be parsed fully.
00:59:13.523 [FXGL Background Thread 2 ] DEBUG TMXLevelLoader       - Parsed TiledMap: file:/Users/ajaxestela/IdeaProjects/GitSomeSleep/Capstonee/target/classes/assets/levels/tmx/test.tmx
00:59:13.524 [FXGL Background Thread 2 ] DEBUG TMXLevelLoader       - Creating tile layer entities
00:59:13.524 [FXGL Background Thread 2 ] DEBUG TilesetLoader        - Loading view for layer Tile Layer 1
00:59:13.524 [FXGL Background Thread 2 ] DEBUG TilesetLoader        - Created buffer with size 320.0x320.0
00:59:13.530 [FXGL Background Thread 2 ] DEBUG TMXLevelLoader       - Creating object layer entities
00:59:13.536 [FXGL Background Thread 2 ] DEBUG GameWorld            - Clearing removable entities
00:59:13.536 [FXGL Background Thread 2 ] DEBUG GameWorld            - Setting level: com.almasb.fxgl.entity.level.Level@19ba5464
00:59:13.539 [FXGL Background Thread 2 ] WARN  FXGLAssetLoaderServi - Asset "/assets/textures/player.png" was not found!
00:59:13.539 [FXGL Background Thread 2 ] WARN  FXGLAssetLoaderServi - Failed to load IMAGE
00:59:13.546 [FXGL Background Thread 2 ] DEBUG FXGLAssetLoaderServi - Loading from file system: file:/Users/ajaxestela/IdeaProjects/GitSomeSleep/Capstonee/target/classes/assets/textures/background/bruh.jpg
00:59:13.563 [FXGL Background Thread 2 ] INFO  FXGLApplication      - Game initialization took: 0.129 sec
00:59:13.563 [JavaFX Application Thread] DEBUG Input                - Clearing active input actions
00:59:13.566 [JavaFX Application Thread] DEBUG GameApplicationServi - Removing overlay from FXGLLoadingScene and adding to GameScene
00:59:13.566 [JavaFX Application Thread] DEBUG PrimaryStageWindow   - FXGLLoadingScene -> GameScene
00:59:13.806 [FXGL Background Thread 3 ] DEBUG Engine               - Logging environment variables
00:59:13.807 [FXGL Background Thread 3 ] DEBUG Engine               - achievements: []
00:59:13.807 [FXGL Background Thread 3 ] DEBUG Engine               - actualHeight: 720.0
00:59:13.807 [FXGL Background Thread 3 ] DEBUG Engine               - actualHeightProperty: ReadOnlyDoubleProperty [value: 720.0]
00:59:13.807 [FXGL Background Thread 3 ] DEBUG Engine               - actualWidth: 1280.0
00:59:13.807 [FXGL Background Thread 3 ] DEBUG Engine               - actualWidthProperty: ReadOnlyDoubleProperty [value: 1280.0]
00:59:13.807 [FXGL Background Thread 3 ] DEBUG Engine               - appIcon: fxgl_icon.png
00:59:13.807 [FXGL Background Thread 3 ] DEBUG Engine               - applicationMode: DEVELOPER
00:59:13.807 [FXGL Background Thread 3 ] DEBUG Engine               - cSSList: [fxgl_dark.css]
00:59:13.807 [FXGL Background Thread 3 ] DEBUG Engine               - collisionDetectionStrategy: BRUTE_FORCE
00:59:13.807 [FXGL Background Thread 3 ] DEBUG Engine               - configClass: Optional.empty
00:59:13.808 [FXGL Background Thread 3 ] DEBUG Engine               - credits: []
00:59:13.808 [FXGL Background Thread 3 ] DEBUG Engine               - defaultCursor: CursorInfo(imageName=fxgl_default_cursor.png, hotspotX=7.0, hotspotY=6.0)
00:59:13.808 [FXGL Background Thread 3 ] DEBUG Engine               - devBBoxColorProperty: ObjectProperty [value: 0xff0000ff]
00:59:13.808 [FXGL Background Thread 3 ] DEBUG Engine               - devEnableDebugCameraProperty: BooleanProperty [value: false]
00:59:13.808 [FXGL Background Thread 3 ] DEBUG Engine               - devSensorColorProperty: ObjectProperty [value: 0xffff00ff]
00:59:13.808 [FXGL Background Thread 3 ] DEBUG Engine               - devShowBBoxProperty: BooleanProperty [value: false]
00:59:13.808 [FXGL Background Thread 3 ] DEBUG Engine               - devShowPositionProperty: BooleanProperty [value: false]
00:59:13.808 [FXGL Background Thread 3 ] DEBUG Engine               - enabledMenuItems: []
00:59:13.808 [FXGL Background Thread 3 ] DEBUG Engine               - engineServices: [class com.almasb.fxgl.app.services.FXGLAssetLoaderService, class com.almasb.fxgl.app.FXGLApplication$GameApplicationService, class com.almasb.fxgl.app.services.FXGLDialogService, class com.almasb.fxgl.app.services.IOTaskExecutorService, class com.almasb.fxgl.io.FileSystemService, class com.almasb.fxgl.localization.LocalizationService, class com.almasb.fxgl.app.services.SystemBundleService, class com.almasb.fxgl.profile.SaveLoadService, class com.almasb.fxgl.ui.FXGLUIFactoryServiceProvider, class com.almasb.fxgl.ui.FXGLDialogFactoryServiceProvider, class com.almasb.fxgl.audio.AudioPlayer, class com.almasb.fxgl.notification.impl.NotificationServiceProvider, class com.almasb.fxgl.achievement.AchievementService, class com.almasb.fxgl.cutscene.CutsceneService, class com.almasb.fxgl.minigames.MiniGameService, class com.almasb.fxgl.net.NetService, class com.almasb.fxgl.app.services.UpdaterService, class com.almasb.fxgl.dev.DevService]
00:59:13.808 [FXGL Background Thread 3 ] DEBUG Engine               - fontGame: Abel-Regular.ttf
00:59:13.809 [FXGL Background Thread 3 ] DEBUG Engine               - fontMono: TerminalLandMono-Regular.otf
00:59:13.809 [FXGL Background Thread 3 ] DEBUG Engine               - fontSizeScaleUI: 1.0
00:59:13.809 [FXGL Background Thread 3 ] DEBUG Engine               - fontText: Courier-Prime.ttf
00:59:13.809 [FXGL Background Thread 3 ] DEBUG Engine               - fontUI: VarelaRound-Regular.ttf
00:59:13.809 [FXGL Background Thread 3 ] DEBUG Engine               - fullScreen: BooleanProperty [value: false]
00:59:13.809 [FXGL Background Thread 3 ] DEBUG Engine               - gameDifficulty: MEDIUM
00:59:13.809 [FXGL Background Thread 3 ] DEBUG Engine               - gameDifficultyProperty: ObjectProperty [value: MEDIUM]
00:59:13.809 [FXGL Background Thread 3 ] DEBUG Engine               - globalMusicVolume: 0.5
00:59:13.809 [FXGL Background Thread 3 ] DEBUG Engine               - globalMusicVolumeProperty: DoubleProperty [value: 0.5]
00:59:13.809 [FXGL Background Thread 3 ] DEBUG Engine               - globalSoundVolume: 0.5
00:59:13.809 [FXGL Background Thread 3 ] DEBUG Engine               - globalSoundVolumeProperty: DoubleProperty [value: 0.5]
00:59:13.809 [FXGL Background Thread 3 ] DEBUG Engine               - height: 720
00:59:13.809 [FXGL Background Thread 3 ] DEBUG Engine               - is3D: false
00:59:13.809 [FXGL Background Thread 3 ] DEBUG Engine               - isAndroid: false
00:59:13.809 [FXGL Background Thread 3 ] DEBUG Engine               - isBrowser: false
00:59:13.809 [FXGL Background Thread 3 ] DEBUG Engine               - isClickFeedbackEnabled: false
00:59:13.809 [FXGL Background Thread 3 ] DEBUG Engine               - isCloseConfirmation: false
00:59:13.809 [FXGL Background Thread 3 ] DEBUG Engine               - isDesktop: true
00:59:13.809 [FXGL Background Thread 3 ] DEBUG Engine               - isDeveloperMenuEnabled: false
00:59:13.809 [FXGL Background Thread 3 ] DEBUG Engine               - isEmbedded: false
00:59:13.809 [FXGL Background Thread 3 ] DEBUG Engine               - isEntityPreloadEnabled: true
00:59:13.810 [FXGL Background Thread 3 ] DEBUG Engine               - isExperimentalTiledLargeMap: false
00:59:13.810 [FXGL Background Thread 3 ] DEBUG Engine               - isFileSystemWriteAllowed: true
00:59:13.810 [FXGL Background Thread 3 ] DEBUG Engine               - isFullScreenAllowed: false
00:59:13.810 [FXGL Background Thread 3 ] DEBUG Engine               - isFullScreenFromStart: false
00:59:13.810 [FXGL Background Thread 3 ] DEBUG Engine               - isGameMenuEnabled: true
00:59:13.810 [FXGL Background Thread 3 ] DEBUG Engine               - isIOS: false
00:59:13.810 [FXGL Background Thread 3 ] DEBUG Engine               - isIntroEnabled: false
00:59:13.810 [FXGL Background Thread 3 ] DEBUG Engine               - isLinux: false
00:59:13.810 [FXGL Background Thread 3 ] DEBUG Engine               - isMac: true
00:59:13.810 [FXGL Background Thread 3 ] DEBUG Engine               - isMainMenuEnabled: true
00:59:13.810 [FXGL Background Thread 3 ] DEBUG Engine               - isManualResizeEnabled: false
00:59:13.810 [FXGL Background Thread 3 ] DEBUG Engine               - isMobile: false
00:59:13.810 [FXGL Background Thread 3 ] DEBUG Engine               - isNative: false
00:59:13.810 [FXGL Background Thread 3 ] DEBUG Engine               - isPauseMusicWhenMinimized: true
00:59:13.810 [FXGL Background Thread 3 ] DEBUG Engine               - isPreserveResizeRatio: false
00:59:13.810 [FXGL Background Thread 3 ] DEBUG Engine               - isProfilingEnabled: false
00:59:13.810 [FXGL Background Thread 3 ] DEBUG Engine               - isScaleAffectedOnResize: true
00:59:13.810 [FXGL Background Thread 3 ] DEBUG Engine               - isSingleStep: false
00:59:13.810 [FXGL Background Thread 3 ] DEBUG Engine               - isUserProfileEnabled: false
00:59:13.810 [FXGL Background Thread 3 ] DEBUG Engine               - isWindows: false
00:59:13.810 [FXGL Background Thread 3 ] DEBUG Engine               - language: ObjectProperty [value: ENGLISH]
00:59:13.810 [FXGL Background Thread 3 ] DEBUG Engine               - menuKey: ESCAPE
00:59:13.810 [FXGL Background Thread 3 ] DEBUG Engine               - mouseSensitivity: 0.2
00:59:13.810 [FXGL Background Thread 3 ] DEBUG Engine               - notificationViewClass: class com.almasb.fxgl.notification.view.XboxNotificationView
00:59:13.810 [FXGL Background Thread 3 ] DEBUG Engine               - pixelsPerMeter: 50.0
00:59:13.810 [FXGL Background Thread 3 ] DEBUG Engine               - platform: MAC
00:59:13.810 [FXGL Background Thread 3 ] DEBUG Engine               - prefHeightProperty: ReadOnlyDoubleProperty [value: 720.0]
00:59:13.811 [FXGL Background Thread 3 ] DEBUG Engine               - prefWidthProperty: ReadOnlyDoubleProperty [value: 1280.0]
00:59:13.811 [FXGL Background Thread 3 ] DEBUG Engine               - profileDir: profiles/
00:59:13.811 [FXGL Background Thread 3 ] DEBUG Engine               - profileName: StringProperty [value: DEFAULT]
00:59:13.811 [FXGL Background Thread 3 ] DEBUG Engine               - randomSeed: -1
00:59:13.811 [FXGL Background Thread 3 ] DEBUG Engine               - runtimeInfo: RuntimeInfo(platform=MAC, version=21.1, build=27.03.2024 07.52)
00:59:13.811 [FXGL Background Thread 3 ] DEBUG Engine               - saveFileExt: sav
00:59:13.811 [FXGL Background Thread 3 ] DEBUG Engine               - scaledHeightProp$fxgl: DoubleProperty [bound, value: 720.0]
00:59:13.811 [FXGL Background Thread 3 ] DEBUG Engine               - scaledWidthProp$fxgl: DoubleProperty [bound, value: 1280.0]
00:59:13.811 [FXGL Background Thread 3 ] DEBUG Engine               - sceneFactory: com.almasb.fxgl.app.scene.SceneFactory@6f21385d
00:59:13.811 [FXGL Background Thread 3 ] DEBUG Engine               - secondsIn24h: 60
00:59:13.811 [FXGL Background Thread 3 ] DEBUG Engine               - soundMenuBack: menu/back.wav
00:59:13.811 [FXGL Background Thread 3 ] DEBUG Engine               - soundMenuPress: menu/press.wav
00:59:13.811 [FXGL Background Thread 3 ] DEBUG Engine               - soundMenuSelect: menu/select.wav
00:59:13.811 [FXGL Background Thread 3 ] DEBUG Engine               - soundNotification: core/notification.wav
00:59:13.811 [FXGL Background Thread 3 ] DEBUG Engine               - stageStyle: DECORATED
00:59:13.811 [FXGL Background Thread 3 ] DEBUG Engine               - supportedLanguages: [ENGLISH, FRENCH, GERMAN, HUNGARIAN, RUSSIAN]
00:59:13.811 [FXGL Background Thread 3 ] DEBUG Engine               - ticksPerSecond: -1
00:59:13.811 [FXGL Background Thread 3 ] DEBUG Engine               - title: Platformer with Rhythm
00:59:13.811 [FXGL Background Thread 3 ] DEBUG Engine               - urlGithub: https://github.com/AlmasB/FXGL
00:59:13.811 [FXGL Background Thread 3 ] DEBUG Engine               - urlLeaderboard: http://fxgl-top.herokuapp.com/
00:59:13.811 [FXGL Background Thread 3 ] DEBUG Engine               - urlPOM: https://raw.githubusercontent.com/AlmasB/FXGL/release/README.md
00:59:13.812 [FXGL Background Thread 3 ] DEBUG Engine               - userAppClass: class org.example.capstonee.GameApp
00:59:13.812 [FXGL Background Thread 3 ] DEBUG Engine               - version: 0.2
00:59:13.812 [FXGL Background Thread 3 ] DEBUG Engine               - versionCheckDays: 7
00:59:13.812 [FXGL Background Thread 3 ] DEBUG Engine               - width: 1280
00:59:13.812 [FXGL Background Thread 3 ] DEBUG Engine               - Logging services
00:59:13.812 [FXGL Background Thread 3 ] DEBUG Engine               - class com.almasb.fxgl.app.services.FXGLAssetLoaderService
00:59:13.812 [FXGL Background Thread 3 ] DEBUG Engine               - class com.almasb.fxgl.app.FXGLApplication$GameApplicationService
00:59:13.812 [FXGL Background Thread 3 ] DEBUG Engine               - class com.almasb.fxgl.app.services.FXGLDialogService
00:59:13.812 [FXGL Background Thread 3 ] DEBUG Engine               - class com.almasb.fxgl.app.services.IOTaskExecutorService
00:59:13.812 [FXGL Background Thread 3 ] DEBUG Engine               - class com.almasb.fxgl.io.FileSystemService
00:59:13.812 [FXGL Background Thread 3 ] DEBUG Engine               - class com.almasb.fxgl.localization.LocalizationService
00:59:13.812 [FXGL Background Thread 3 ] DEBUG Engine               - class com.almasb.fxgl.app.services.SystemBundleService
00:59:13.812 [FXGL Background Thread 3 ] DEBUG Engine               - class com.almasb.fxgl.profile.SaveLoadService
00:59:13.812 [FXGL Background Thread 3 ] DEBUG Engine               - class com.almasb.fxgl.ui.FXGLUIFactoryServiceProvider
00:59:13.812 [FXGL Background Thread 3 ] DEBUG Engine               - class com.almasb.fxgl.ui.FXGLDialogFactoryServiceProvider
00:59:13.812 [FXGL Background Thread 3 ] DEBUG Engine               - class com.almasb.fxgl.audio.AudioPlayer
00:59:13.812 [FXGL Background Thread 3 ] DEBUG Engine               - class com.almasb.fxgl.notification.impl.NotificationServiceProvider
00:59:13.812 [FXGL Background Thread 3 ] DEBUG Engine               - class com.almasb.fxgl.achievement.AchievementService
00:59:13.812 [FXGL Background Thread 3 ] DEBUG Engine               - class com.almasb.fxgl.cutscene.CutsceneService
00:59:13.812 [FXGL Background Thread 3 ] DEBUG Engine               - class com.almasb.fxgl.minigames.MiniGameService
00:59:13.812 [FXGL Background Thread 3 ] DEBUG Engine               - class com.almasb.fxgl.net.NetService
00:59:13.812 [FXGL Background Thread 3 ] DEBUG Engine               - class com.almasb.fxgl.app.services.UpdaterService
00:59:13.812 [FXGL Background Thread 3 ] DEBUG Engine               - class com.almasb.fxgl.dev.DevService
00:59:19.374 [JavaFX Application Thread] DEBUG FXGLAssetLoaderServi - Loading from file system: file:/Users/ajaxestela/IdeaProjects/GitSomeSleep/Capstonee/target/classes/assets/text/gameCutscene_sample1.txt
00:59:19.380 [JavaFX Application Thread] DEBUG Input                - Registered new binding: Next RPG Line - Enter
00:59:19.381 [JavaFX Application Thread] WARN  FXGLAssetLoaderServi - Asset "/assets/textures/bruh.png" was not found!
00:59:19.381 [JavaFX Application Thread] WARN  FXGLAssetLoaderServi - Failed to load IMAGE
00:59:19.381 [JavaFX Application Thread] DEBUG PrimaryStageWindow   - Push state: CutsceneScene
00:59:19.382 [JavaFX Application Thread] DEBUG Input                - Clearing active input actions
00:59:19.382 [JavaFX Application Thread] DEBUG GameApplicationServi - Removing overlay from GameScene and adding to CutsceneScene
00:59:19.383 [JavaFX Application Thread] DEBUG PrimaryStageWindow   - GameScene -> CutsceneScene
00:59:20.336 [JavaFX Application Thread] DEBUG FXGLAssetLoaderServi - Loading from file system: file:/Users/ajaxestela/IdeaProjects/GitSomeSleep/Capstonee/target/classes/assets/textures/tuntunsahur.png
00:59:21.190 [JavaFX Application Thread] DEBUG PrimaryStageWindow   - Pop state: CutsceneScene
00:59:21.190 [JavaFX Application Thread] DEBUG Input                - Clearing active input actions
00:59:21.191 [JavaFX Application Thread] DEBUG GameApplicationServi - Removing overlay from CutsceneScene and adding to GameScene
00:59:21.191 [JavaFX Application Thread] DEBUG PrimaryStageWindow   - GameScene <- CutsceneScene
00:59:21.209 [JavaFX Application Thread] DEBUG FXGLAssetLoaderServi - Loading from file system: file:/Users/ajaxestela/IdeaProjects/GitSomeSleep/Capstonee/target/classes/assets/textures/background/pixelatedliyue.png
00:59:21.267 [JavaFX Application Thread] DEBUG FXGLAssetLoaderServi - Loading from file system: file:/Users/ajaxestela/IdeaProjects/GitSomeSleep/Capstonee/target/classes/assets/music/songs/desperato.wav
00:59:21.384 [JavaFX Application Thread] DEBUG FXGLAssetLoaderServi - Loading from file system: file:/Users/ajaxestela/IdeaProjects/GitSomeSleep/Capstonee/target/classes/assets/textures/notes/hilichurlhitmarker.png
00:59:23.075 [JavaFX Application Thread] DEBUG AudioPlayer          - Playing music com.almasb.fxgl.audio.Music@1e1f9bc8
00:59:23.544 [JavaFX Application Thread] DEBUG FXGLAssetLoaderServi - Loading from file system: file:/Users/ajaxestela/IdeaProjects/GitSomeSleep/Capstonee/target/classes/assets/textures/markers/moranote.png
00:59:32.875 [JavaFX Application Thread] DEBUG AudioPlayer          - Stopping music com.almasb.fxgl.audio.Music@1e1f9bc8
01:00:38.121 [JavaFX Application Thread] DEBUG FXGLApplication      - Exiting FXGL
01:00:38.122 [JavaFX Application Thread] DEBUG LoopRunner           - Stopping loop
01:00:38.124 [JavaFX Application Thread] DEBUG SystemBundleService  - Saving FXGL system data
01:00:38.131 [JavaFX Application Thread] DEBUG FileSystemAccess     - Writing to: /Users/ajaxestela/IdeaProjects/GitSomeSleep/Capstonee/system/fxgl.bundle
01:00:38.135 [JavaFX Application Thread] DEBUG Async                - Shutting down background threads
01:00:38.135 [JavaFX Application Thread] DEBUG PrimaryStageWindow   - Closing main window
01:00:38.148 [JavaFX Application Thread] DEBUG Logger               - Closing Logger
