22:04:12.188 [main                     ] DEBUG Logger               - Configured Logger
22:04:12.202 [main                     ] DEBUG GameApplication      - Logging settings
Title: Rhythm Impact
Version: 1.0
Width: 1280
Height: 720
Fullscreen: false
Intro: false
Profiling: false
Single step:false
App Mode: DEVELOPER
Menu Key: ESCAPE
Stage Style: DECORATED
Scene Factory: class org.example.capstonee.Menu.MenuSceneFactory

22:04:12.717 [JavaFX Application Thread] DEBUG FXGLApplication      - Initializing FXGL
22:04:12.719 [JavaFX Application Thread] INFO  Engine               - FXGL-21.1 (27.03.2024 07.52) on MAC (J:22.0.2 FX:22.0.1)
22:04:12.719 [JavaFX Application Thread] DEBUG Engine               - JRE Vendor Name: Oracle Corporation
22:04:12.719 [JavaFX Application Thread] DEBUG Engine               - Running on OS: Mac OS X version 15.3.2
22:04:12.719 [JavaFX Application Thread] DEBUG Engine               - Architecture: aarch64
22:04:12.719 [JavaFX Application Thread] INFO  Engine               - Source code and latest versions at: https://github.com/AlmasB/FXGL
22:04:12.719 [JavaFX Application Thread] INFO  Engine               -       Ask questions and discuss at: https://github.com/AlmasB/FXGL/discussions
22:04:12.719 [JavaFX Application Thread] INFO  Engine               -              Join the FXGL chat at: https://gitter.im/AlmasB/FXGL
22:04:12.761 [JavaFX Application Thread] DEBUG PrimaryStageWindow   - Creating a JavaFX scene
22:04:12.781 [JavaFX Application Thread] DEBUG PrimaryStageWindow   - Target settings size: 1280.0 x 720.0
22:04:12.781 [JavaFX Application Thread] DEBUG PrimaryStageWindow   - Scaled scene size:    1280.0 x 720.0
22:04:12.781 [JavaFX Application Thread] DEBUG PrimaryStageWindow   - Scaled ratio: (1.0, 1.0)
22:04:12.781 [JavaFX Application Thread] DEBUG PrimaryStageWindow   - Set initial scene to FXGLStartupScene
22:04:12.782 [JavaFX Application Thread] DEBUG PrimaryStageWindow   - Opening main window
22:04:12.864 [JavaFX Application Thread] DEBUG PrimaryStageWindow   - Window border size: (0.0, 28.0)
22:04:12.865 [JavaFX Application Thread] DEBUG PrimaryStageWindow   - Scaled size: 1280.0 x 720.0
22:04:12.865 [JavaFX Application Thread] DEBUG PrimaryStageWindow   - Scaled ratio: (1.0, 1.0)
22:04:12.865 [JavaFX Application Thread] DEBUG PrimaryStageWindow   - Scene size: 1280.0 x 720.0
22:04:12.865 [JavaFX Application Thread] DEBUG PrimaryStageWindow   - Stage size: 1280.0 x 748.0
22:04:12.868 [FXGL Background Thread 1 ] DEBUG Engine               - Initializing environment variables
22:04:12.900 [FXGL Background Thread 1 ] DEBUG FXGLAssetLoaderServi - User app class for loading assets: class org.example.capstonee.GameApp
22:04:12.901 [FXGL Background Thread 1 ] DEBUG GameApplicationServi - Applying CSS: fxgl_dark.css
22:04:12.901 [FXGL Background Thread 1 ] DEBUG FXGLAssetLoaderServi - Loading from file system: jar:file:///Users/ajaxestela/.m2/repository/com/github/almasb/fxgl/21.1/fxgl-21.1.jar!/fxglassets/ui/css/fxgl_dark.css
22:04:12.935 [FXGL Background Thread 1 ] DEBUG GameApplicationServi - Initializing application scenes
22:04:13.200 [FXGL Background Thread 1 ] DEBUG GameWorld            - Game world initialized
22:04:13.290 [FXGL Background Thread 1 ] DEBUG PhysicsWorld         - Physics world initialized: appHeight=720, physics.ppm=50.0
22:04:13.290 [FXGL Background Thread 1 ] DEBUG PhysicsWorld         - Using strategy: BRUTE_FORCE
22:04:13.292 [FXGL Background Thread 1 ] DEBUG GameScene            - Game scene initialized: 1280x720
22:04:13.298 [FXGL Background Thread 1 ] WARN  FXGLAssetLoaderServi - Asset "/assets/music/music/menu_theme.wav" was not found!
22:04:13.298 [FXGL Background Thread 1 ] WARN  FXGLAssetLoaderServi - Failed to load MUSIC
22:04:13.307 [FXGL Background Thread 1 ] DEBUG FXGLAssetLoaderServi - Loading from file system: file:/Users/ajaxestela/IdeaProjects/GitSomeSleep/Capstonee/target/classes/assets/textures/background/nearest4.png
22:04:13.361 [FXGL Background Thread 1 ] DEBUG FXGLAssetLoaderServi - Loading from file system: file:/Users/ajaxestela/IdeaProjects/GitSomeSleep/Capstonee/target/classes/assets/textures/background/nearest3.png
22:04:13.375 [FXGL Background Thread 1 ] DEBUG FXGLAssetLoaderServi - Loading from file system: file:/Users/ajaxestela/IdeaProjects/GitSomeSleep/Capstonee/target/classes/assets/textures/background/nearest2.png
22:04:13.388 [FXGL Background Thread 1 ] DEBUG FXGLAssetLoaderServi - Loading from file system: file:/Users/ajaxestela/IdeaProjects/GitSomeSleep/Capstonee/target/classes/assets/textures/background/%20nearest1.png
22:04:13.415 [FXGL Background Thread 1 ] DEBUG GameApplicationServi - Application scenes initialized
22:04:13.432 [FXGL Background Thread 1 ] DEBUG SystemBundleService  - Loading FXGL system data
22:04:13.439 [FXGL Background Thread 1 ] DEBUG FileSystemAccess     - Reading from: /Users/ajaxestela/IdeaProjects/GitSomeSleep/Capstonee/system/fxgl.bundle
22:04:13.448 [FXGL Background Thread 1 ] DEBUG SystemBundleService  - Bundle FXGL: {}
22:04:13.448 [FXGL Background Thread 1 ] DEBUG UpdaterService       - Checking for updates
22:04:13.450 [FXGL Background Thread 4 ] DEBUG FXGLApplication      - Loading fonts
22:04:13.450 [FXGL Background Thread 1 ] DEBUG FXGLApplication      - Loading default localization
22:04:13.450 [FXGL Background Thread 4 ] DEBUG FXGLAssetLoaderServi - Loading from file system: jar:file:///Users/ajaxestela/.m2/repository/com/github/almasb/fxgl/21.1/fxgl-21.1.jar!/fxglassets/ui/fonts/VarelaRound-Regular.ttf
22:04:13.451 [FXGL Background Thread 1 ] DEBUG FXGLAssetLoaderServi - Loading from file system: jar:file:///Users/ajaxestela/.m2/repository/com/github/almasb/fxgl/21.1/fxgl-21.1.jar!/fxglassets/languages/english.lang
22:04:13.472 [FXGL Background Thread 1 ] INFO  FXGLApplication      - FXGL initialization took: 0.604 sec
22:04:13.480 [JavaFX Application Thread] DEBUG Input                - Registered new binding: RhythmLane0 - H
22:04:13.480 [JavaFX Application Thread] DEBUG Input                - Registered new binding: RhythmLane1 - J
22:04:13.480 [JavaFX Application Thread] DEBUG Input                - Registered new binding: RhythmLane2 - K
22:04:13.480 [JavaFX Application Thread] DEBUG Input                - Registered new binding: RhythmLane3 - L
22:04:13.480 [JavaFX Application Thread] DEBUG Input                - Registered new binding: RhythmStart - Space
22:04:13.480 [JavaFX Application Thread] DEBUG Input                - Registered new binding: PauseGame - Esc
22:04:13.480 [JavaFX Application Thread] DEBUG FXGLAssetLoaderServi - Loading from file system: jar:file:///Users/ajaxestela/.m2/repository/com/github/almasb/fxgl/21.1/fxgl-21.1.jar!/fxglassets/textures/fxgl_icon.png
22:04:13.488 [FXGL Background Thread 4 ] DEBUG FXGLAssetLoaderServi - Loading from file system: jar:file:///Users/ajaxestela/.m2/repository/com/github/almasb/fxgl/21.1/fxgl-21.1.jar!/fxglassets/ui/fonts/Abel-Regular.ttf
22:04:13.496 [FXGL Background Thread 4 ] DEBUG FXGLAssetLoaderServi - Loading from file system: jar:file:///Users/ajaxestela/.m2/repository/com/github/almasb/fxgl/21.1/fxgl-21.1.jar!/fxglassets/ui/fonts/TerminalLandMono-Regular.otf
22:04:13.508 [FXGL Background Thread 4 ] DEBUG FXGLAssetLoaderServi - Loading from file system: jar:file:///Users/ajaxestela/.m2/repository/com/github/almasb/fxgl/21.1/fxgl-21.1.jar!/fxglassets/ui/fonts/Courier-Prime.ttf
22:04:13.523 [JavaFX Application Thread] DEBUG FXGLAssetLoaderServi - Loading from file system: jar:file:///Users/ajaxestela/.m2/repository/com/github/almasb/fxgl/21.1/fxgl-21.1.jar!/fxglassets/textures/fxgl_default_cursor.png
22:04:13.527 [JavaFX Application Thread] DEBUG Input                - Registered new binding: Screenshot - CTRL+8
22:04:13.527 [JavaFX Application Thread] DEBUG Input                - Registered new binding: System info dump - CTRL+9
22:04:13.527 [JavaFX Application Thread] DEBUG Input                - Registered new binding: Restart - CTRL+R
22:04:13.527 [JavaFX Application Thread] DEBUG Input                - Registered new binding: Toggle Debug Camera - CTRL+7
22:04:13.528 [JavaFX Application Thread] DEBUG LoopRunner           - Starting loop
22:04:13.528 [JavaFX Application Thread] DEBUG LoopRunner           - Initializing JavaFX AnimationTimerLoop
22:04:13.530 [JavaFX Application Thread] DEBUG Input                - Clearing active input actions
22:04:13.536 [JavaFX Application Thread] DEBUG GameApplicationServi - Removing overlay from FXGLStartupScene and adding to FXGLMainMenuDummyScene
22:04:13.536 [JavaFX Application Thread] DEBUG PrimaryStageWindow   - FXGLStartupScene -> FXGLMainMenuDummyScene
22:04:13.536 [JavaFX Application Thread] DEBUG PrimaryStageWindow   - Push state: MainMenu
22:04:13.538 [JavaFX Application Thread] DEBUG Input                - Clearing active input actions
22:04:13.544 [JavaFX Application Thread] DEBUG GameApplicationServi - Removing overlay from FXGLMainMenuDummyScene and adding to MainMenu
22:04:13.544 [JavaFX Application Thread] DEBUG PrimaryStageWindow   - FXGLMainMenuDummyScene -> MainMenu
22:04:13.699 [JavaFX Application Thread] DEBUG FXGLApplication      - Registering font factories with UI factory
22:04:14.464 [JavaFX Application Thread] DEBUG PrimaryStageWindow   - Push state: DialogSubScene
22:04:14.464 [JavaFX Application Thread] DEBUG Input                - Clearing active input actions
22:04:14.465 [JavaFX Application Thread] DEBUG GameApplicationServi - Removing overlay from MainMenu and adding to DialogSubScene
22:04:14.465 [JavaFX Application Thread] DEBUG PrimaryStageWindow   - MainMenu -> DialogSubScene
22:04:15.441 [JavaFX Application Thread] DEBUG PrimaryStageWindow   - Pop state: DialogSubScene
22:04:15.441 [JavaFX Application Thread] DEBUG Input                - Clearing active input actions
22:04:15.442 [JavaFX Application Thread] DEBUG GameApplicationServi - Removing overlay from DialogSubScene and adding to MainMenu
22:04:15.443 [JavaFX Application Thread] DEBUG PrimaryStageWindow   - MainMenu <- DialogSubScene
22:04:15.446 [JavaFX Application Thread] DEBUG PrimaryStageWindow   - Push state: DialogSubScene
22:04:15.447 [JavaFX Application Thread] DEBUG Input                - Clearing active input actions
22:04:15.447 [JavaFX Application Thread] DEBUG GameApplicationServi - Removing overlay from MainMenu and adding to DialogSubScene
22:04:15.448 [JavaFX Application Thread] DEBUG PrimaryStageWindow   - MainMenu -> DialogSubScene
22:04:16.207 [JavaFX Application Thread] DEBUG PrimaryStageWindow   - Pop state: DialogSubScene
22:04:16.208 [JavaFX Application Thread] DEBUG Input                - Clearing active input actions
22:04:16.209 [JavaFX Application Thread] DEBUG GameApplicationServi - Removing overlay from DialogSubScene and adding to MainMenu
22:04:16.209 [JavaFX Application Thread] DEBUG PrimaryStageWindow   - MainMenu <- DialogSubScene
22:04:16.210 [JavaFX Application Thread] DEBUG AudioPlayer          - Stopping music com.almasb.fxgl.audio.Music@2ae75ce4
22:04:16.210 [JavaFX Application Thread] DEBUG GameApplicationServi - Starting new game
22:04:16.210 [JavaFX Application Thread] DEBUG PrimaryStageWindow   - Pop state: MainMenu
22:04:16.210 [JavaFX Application Thread] DEBUG Input                - Clearing active input actions
22:04:16.210 [JavaFX Application Thread] DEBUG GameApplicationServi - Removing overlay from MainMenu and adding to FXGLMainMenuDummyScene
22:04:16.211 [JavaFX Application Thread] DEBUG PrimaryStageWindow   - FXGLMainMenuDummyScene <- MainMenu
22:04:16.211 [JavaFX Application Thread] DEBUG Input                - Clearing active input actions
22:04:16.218 [JavaFX Application Thread] DEBUG GameApplicationServi - Removing overlay from FXGLMainMenuDummyScene and adding to FXGLLoadingScene
22:04:16.219 [JavaFX Application Thread] DEBUG PrimaryStageWindow   - FXGLMainMenuDummyScene -> FXGLLoadingScene
22:04:16.219 [JavaFX Application Thread] DEBUG GameApplicationServi - Clearing previous game
22:04:16.219 [JavaFX Application Thread] DEBUG GameScene            - Clearing game scene
22:04:16.219 [JavaFX Application Thread] DEBUG GameWorld            - Clearing game world
22:04:16.219 [JavaFX Application Thread] DEBUG PhysicsWorld         - Clearing physics world
22:04:16.221 [FXGL Background Thread 2 ] DEBUG FXGLApplication      - Initializing game
22:04:16.224 [FXGL Background Thread 2 ] WARN  FXGLAssetLoaderServi - Asset "/assets/sounds/sounds/hit.wav" was not found!
22:04:16.224 [FXGL Background Thread 2 ] WARN  FXGLAssetLoaderServi - Failed to load SOUND
22:04:16.224 [FXGL Background Thread 2 ] WARN  FXGLAssetLoaderServi - Asset "/assets/sounds/sounds/miss.wav" was not found!
22:04:16.224 [FXGL Background Thread 2 ] WARN  FXGLAssetLoaderServi - Failed to load SOUND
22:04:16.234 [FXGL Background Thread 2 ] DEBUG FXGLAssetLoaderServi - Loading from file system: file:/Users/ajaxestela/IdeaProjects/GitSomeSleep/Capstonee/target/classes/assets/music/songs/zhongli.wav
22:04:16.454 [FXGL Background Thread 3 ] DEBUG Engine               - Logging environment variables
22:04:16.455 [FXGL Background Thread 3 ] DEBUG Engine               - achievements: []
22:04:16.455 [FXGL Background Thread 3 ] DEBUG Engine               - actualHeight: 720.0
22:04:16.455 [FXGL Background Thread 3 ] DEBUG Engine               - actualHeightProperty: ReadOnlyDoubleProperty [value: 720.0]
22:04:16.455 [FXGL Background Thread 3 ] DEBUG Engine               - actualWidth: 1280.0
22:04:16.455 [FXGL Background Thread 3 ] DEBUG Engine               - actualWidthProperty: ReadOnlyDoubleProperty [value: 1280.0]
22:04:16.455 [FXGL Background Thread 3 ] DEBUG Engine               - appIcon: fxgl_icon.png
22:04:16.455 [FXGL Background Thread 3 ] DEBUG Engine               - applicationMode: DEVELOPER
22:04:16.455 [FXGL Background Thread 3 ] DEBUG Engine               - cSSList: [fxgl_dark.css]
22:04:16.455 [FXGL Background Thread 3 ] DEBUG Engine               - collisionDetectionStrategy: BRUTE_FORCE
22:04:16.455 [FXGL Background Thread 3 ] DEBUG Engine               - configClass: Optional.empty
22:04:16.455 [FXGL Background Thread 3 ] DEBUG Engine               - credits: []
22:04:16.456 [FXGL Background Thread 3 ] DEBUG Engine               - defaultCursor: CursorInfo(imageName=fxgl_default_cursor.png, hotspotX=7.0, hotspotY=6.0)
22:04:16.456 [FXGL Background Thread 3 ] DEBUG Engine               - devBBoxColorProperty: ObjectProperty [value: 0xff0000ff]
22:04:16.456 [FXGL Background Thread 3 ] DEBUG Engine               - devEnableDebugCameraProperty: BooleanProperty [value: false]
22:04:16.456 [FXGL Background Thread 3 ] DEBUG Engine               - devSensorColorProperty: ObjectProperty [value: 0xffff00ff]
22:04:16.456 [FXGL Background Thread 3 ] DEBUG Engine               - devShowBBoxProperty: BooleanProperty [value: false]
22:04:16.456 [FXGL Background Thread 3 ] DEBUG Engine               - devShowPositionProperty: BooleanProperty [value: false]
22:04:16.456 [FXGL Background Thread 3 ] DEBUG Engine               - enabledMenuItems: []
22:04:16.457 [FXGL Background Thread 3 ] DEBUG Engine               - engineServices: [class com.almasb.fxgl.app.services.FXGLAssetLoaderService, class com.almasb.fxgl.app.FXGLApplication$GameApplicationService, class com.almasb.fxgl.app.services.FXGLDialogService, class com.almasb.fxgl.app.services.IOTaskExecutorService, class com.almasb.fxgl.io.FileSystemService, class com.almasb.fxgl.localization.LocalizationService, class com.almasb.fxgl.app.services.SystemBundleService, class com.almasb.fxgl.profile.SaveLoadService, class com.almasb.fxgl.ui.FXGLUIFactoryServiceProvider, class com.almasb.fxgl.ui.FXGLDialogFactoryServiceProvider, class com.almasb.fxgl.audio.AudioPlayer, class com.almasb.fxgl.notification.impl.NotificationServiceProvider, class com.almasb.fxgl.achievement.AchievementService, class com.almasb.fxgl.cutscene.CutsceneService, class com.almasb.fxgl.minigames.MiniGameService, class com.almasb.fxgl.net.NetService, class com.almasb.fxgl.app.services.UpdaterService, class com.almasb.fxgl.dev.DevService]
22:04:16.457 [FXGL Background Thread 3 ] DEBUG Engine               - fontGame: Abel-Regular.ttf
22:04:16.457 [FXGL Background Thread 3 ] DEBUG Engine               - fontMono: TerminalLandMono-Regular.otf
22:04:16.457 [FXGL Background Thread 3 ] DEBUG Engine               - fontSizeScaleUI: 1.0
22:04:16.457 [FXGL Background Thread 3 ] DEBUG Engine               - fontText: Courier-Prime.ttf
22:04:16.457 [FXGL Background Thread 3 ] DEBUG Engine               - fontUI: VarelaRound-Regular.ttf
22:04:16.457 [FXGL Background Thread 3 ] DEBUG Engine               - fullScreen: BooleanProperty [value: false]
22:04:16.457 [FXGL Background Thread 3 ] DEBUG Engine               - gameDifficulty: MEDIUM
22:04:16.457 [FXGL Background Thread 3 ] DEBUG Engine               - gameDifficultyProperty: ObjectProperty [value: MEDIUM]
22:04:16.457 [FXGL Background Thread 3 ] DEBUG Engine               - globalMusicVolume: 0.5
22:04:16.457 [FXGL Background Thread 3 ] DEBUG Engine               - globalMusicVolumeProperty: DoubleProperty [bound, value: 0.5]
22:04:16.457 [FXGL Background Thread 3 ] DEBUG Engine               - globalSoundVolume: 0.5
22:04:16.457 [FXGL Background Thread 3 ] DEBUG Engine               - globalSoundVolumeProperty: DoubleProperty [bound, value: 0.5]
22:04:16.457 [FXGL Background Thread 3 ] DEBUG Engine               - height: 720
22:04:16.457 [FXGL Background Thread 3 ] DEBUG Engine               - is3D: false
22:04:16.457 [FXGL Background Thread 3 ] DEBUG Engine               - isAndroid: false
22:04:16.457 [FXGL Background Thread 3 ] DEBUG Engine               - isBrowser: false
22:04:16.457 [FXGL Background Thread 3 ] DEBUG Engine               - isClickFeedbackEnabled: false
22:04:16.457 [FXGL Background Thread 3 ] DEBUG Engine               - isCloseConfirmation: false
22:04:16.457 [FXGL Background Thread 3 ] DEBUG Engine               - isDesktop: true
22:04:16.457 [FXGL Background Thread 3 ] DEBUG Engine               - isDeveloperMenuEnabled: false
22:04:16.457 [FXGL Background Thread 3 ] DEBUG Engine               - isEmbedded: false
22:04:16.457 [FXGL Background Thread 3 ] DEBUG Engine               - isEntityPreloadEnabled: true
22:04:16.457 [FXGL Background Thread 3 ] DEBUG Engine               - isExperimentalTiledLargeMap: false
22:04:16.457 [FXGL Background Thread 3 ] DEBUG Engine               - isFileSystemWriteAllowed: true
22:04:16.457 [FXGL Background Thread 3 ] DEBUG Engine               - isFullScreenAllowed: false
22:04:16.458 [FXGL Background Thread 3 ] DEBUG Engine               - isFullScreenFromStart: false
22:04:16.458 [FXGL Background Thread 3 ] DEBUG Engine               - isGameMenuEnabled: true
22:04:16.458 [FXGL Background Thread 3 ] DEBUG Engine               - isIOS: false
22:04:16.458 [FXGL Background Thread 3 ] DEBUG Engine               - isIntroEnabled: false
22:04:16.458 [FXGL Background Thread 3 ] DEBUG Engine               - isLinux: false
22:04:16.458 [FXGL Background Thread 3 ] DEBUG Engine               - isMac: true
22:04:16.458 [FXGL Background Thread 3 ] DEBUG Engine               - isMainMenuEnabled: true
22:04:16.458 [FXGL Background Thread 3 ] DEBUG Engine               - isManualResizeEnabled: false
22:04:16.458 [FXGL Background Thread 3 ] DEBUG Engine               - isMobile: false
22:04:16.458 [FXGL Background Thread 3 ] DEBUG Engine               - isNative: false
22:04:16.458 [FXGL Background Thread 3 ] DEBUG Engine               - isPauseMusicWhenMinimized: true
22:04:16.458 [FXGL Background Thread 3 ] DEBUG Engine               - isPreserveResizeRatio: false
22:04:16.458 [FXGL Background Thread 3 ] DEBUG Engine               - isProfilingEnabled: false
22:04:16.458 [FXGL Background Thread 3 ] DEBUG Engine               - isScaleAffectedOnResize: true
22:04:16.458 [FXGL Background Thread 3 ] DEBUG Engine               - isSingleStep: false
22:04:16.458 [FXGL Background Thread 3 ] DEBUG Engine               - isUserProfileEnabled: false
22:04:16.458 [FXGL Background Thread 3 ] DEBUG Engine               - isWindows: false
22:04:16.458 [FXGL Background Thread 3 ] DEBUG Engine               - language: ObjectProperty [value: ENGLISH]
22:04:16.458 [FXGL Background Thread 3 ] DEBUG Engine               - menuKey: ESCAPE
22:04:16.458 [FXGL Background Thread 3 ] DEBUG Engine               - mouseSensitivity: 0.2
22:04:16.458 [FXGL Background Thread 3 ] DEBUG Engine               - notificationViewClass: class com.almasb.fxgl.notification.view.XboxNotificationView
22:04:16.458 [FXGL Background Thread 3 ] DEBUG Engine               - pixelsPerMeter: 50.0
22:04:16.458 [FXGL Background Thread 3 ] DEBUG Engine               - platform: MAC
22:04:16.458 [FXGL Background Thread 3 ] DEBUG Engine               - prefHeightProperty: ReadOnlyDoubleProperty [value: 720.0]
22:04:16.458 [FXGL Background Thread 3 ] DEBUG Engine               - prefWidthProperty: ReadOnlyDoubleProperty [value: 1280.0]
22:04:16.458 [FXGL Background Thread 3 ] DEBUG Engine               - profileDir: profiles/
22:04:16.458 [FXGL Background Thread 3 ] DEBUG Engine               - profileName: StringProperty [value: DEFAULT]
22:04:16.458 [FXGL Background Thread 3 ] DEBUG Engine               - randomSeed: -1
22:04:16.458 [FXGL Background Thread 3 ] DEBUG Engine               - runtimeInfo: RuntimeInfo(platform=MAC, version=21.1, build=27.03.2024 07.52)
22:04:16.458 [FXGL Background Thread 3 ] DEBUG Engine               - saveFileExt: sav
22:04:16.458 [FXGL Background Thread 3 ] DEBUG Engine               - scaledHeightProp$fxgl: DoubleProperty [bound, value: 720.0]
22:04:16.458 [FXGL Background Thread 3 ] DEBUG Engine               - scaledWidthProp$fxgl: DoubleProperty [bound, value: 1280.0]
22:04:16.458 [FXGL Background Thread 3 ] DEBUG Engine               - sceneFactory: org.example.capstonee.Menu.MenuSceneFactory@2fcf26ea
22:04:16.458 [FXGL Background Thread 3 ] DEBUG Engine               - secondsIn24h: 60
22:04:16.458 [FXGL Background Thread 3 ] DEBUG Engine               - soundMenuBack: menu/back.wav
22:04:16.458 [FXGL Background Thread 3 ] DEBUG Engine               - soundMenuPress: menu/press.wav
22:04:16.458 [FXGL Background Thread 3 ] DEBUG Engine               - soundMenuSelect: menu/select.wav
22:04:16.458 [FXGL Background Thread 3 ] DEBUG Engine               - soundNotification: core/notification.wav
22:04:16.458 [FXGL Background Thread 3 ] DEBUG Engine               - stageStyle: DECORATED
22:04:16.458 [FXGL Background Thread 3 ] DEBUG Engine               - supportedLanguages: [ENGLISH, FRENCH, GERMAN, HUNGARIAN, RUSSIAN]
22:04:16.458 [FXGL Background Thread 3 ] DEBUG Engine               - ticksPerSecond: -1
22:04:16.458 [FXGL Background Thread 3 ] DEBUG Engine               - title: Rhythm Impact
22:04:16.458 [FXGL Background Thread 3 ] DEBUG Engine               - urlGithub: https://github.com/AlmasB/FXGL
22:04:16.458 [FXGL Background Thread 3 ] DEBUG Engine               - urlLeaderboard: http://fxgl-top.herokuapp.com/
22:04:16.459 [FXGL Background Thread 3 ] DEBUG Engine               - urlPOM: https://raw.githubusercontent.com/AlmasB/FXGL/release/README.md
22:04:16.459 [FXGL Background Thread 3 ] DEBUG Engine               - userAppClass: class org.example.capstonee.GameApp
22:04:16.459 [FXGL Background Thread 3 ] DEBUG Engine               - version: 1.0
22:04:16.459 [FXGL Background Thread 3 ] DEBUG Engine               - versionCheckDays: 7
22:04:16.459 [FXGL Background Thread 3 ] DEBUG Engine               - width: 1280
22:04:16.459 [FXGL Background Thread 3 ] DEBUG Engine               - Logging services
22:04:16.459 [FXGL Background Thread 3 ] DEBUG Engine               - class com.almasb.fxgl.app.services.FXGLAssetLoaderService
22:04:16.459 [FXGL Background Thread 3 ] DEBUG Engine               - class com.almasb.fxgl.app.FXGLApplication$GameApplicationService
22:04:16.459 [FXGL Background Thread 3 ] DEBUG Engine               - class com.almasb.fxgl.app.services.FXGLDialogService
22:04:16.459 [FXGL Background Thread 3 ] DEBUG Engine               - class com.almasb.fxgl.app.services.IOTaskExecutorService
22:04:16.459 [FXGL Background Thread 3 ] DEBUG Engine               - class com.almasb.fxgl.io.FileSystemService
22:04:16.459 [FXGL Background Thread 3 ] DEBUG Engine               - class com.almasb.fxgl.localization.LocalizationService
22:04:16.459 [FXGL Background Thread 3 ] DEBUG Engine               - class com.almasb.fxgl.app.services.SystemBundleService
22:04:16.459 [FXGL Background Thread 3 ] DEBUG Engine               - class com.almasb.fxgl.profile.SaveLoadService
22:04:16.459 [FXGL Background Thread 3 ] DEBUG Engine               - class com.almasb.fxgl.ui.FXGLUIFactoryServiceProvider
22:04:16.459 [FXGL Background Thread 3 ] DEBUG Engine               - class com.almasb.fxgl.ui.FXGLDialogFactoryServiceProvider
22:04:16.459 [FXGL Background Thread 3 ] DEBUG Engine               - class com.almasb.fxgl.audio.AudioPlayer
22:04:16.459 [FXGL Background Thread 3 ] DEBUG Engine               - class com.almasb.fxgl.notification.impl.NotificationServiceProvider
22:04:16.459 [FXGL Background Thread 3 ] DEBUG Engine               - class com.almasb.fxgl.achievement.AchievementService
22:04:16.459 [FXGL Background Thread 3 ] DEBUG Engine               - class com.almasb.fxgl.cutscene.CutsceneService
22:04:16.459 [FXGL Background Thread 3 ] DEBUG Engine               - class com.almasb.fxgl.minigames.MiniGameService
22:04:16.459 [FXGL Background Thread 3 ] DEBUG Engine               - class com.almasb.fxgl.net.NetService
22:04:16.459 [FXGL Background Thread 3 ] DEBUG Engine               - class com.almasb.fxgl.app.services.UpdaterService
22:04:16.459 [FXGL Background Thread 3 ] DEBUG Engine               - class com.almasb.fxgl.dev.DevService
22:04:16.544 [FXGL Background Thread 2 ] DEBUG FXGLAssetLoaderServi - Loading from file system: file:/Users/ajaxestela/IdeaProjects/GitSomeSleep/Capstonee/target/classes/assets/textures/background/pixelatedliyue.png
22:04:16.565 [FXGL Background Thread 2 ] DEBUG FXGLAssetLoaderServi - Loading from file system: file:/Users/ajaxestela/IdeaProjects/GitSomeSleep/Capstonee/target/classes/assets/textures/notes/hilichurlhitmarker.png
22:04:16.571 [FXGL Background Thread 2 ] INFO  FXGLApplication      - Game initialization took: 0.350 sec
22:04:16.571 [JavaFX Application Thread] DEBUG Input                - Clearing active input actions
22:04:16.573 [JavaFX Application Thread] DEBUG GameApplicationServi - Removing overlay from FXGLLoadingScene and adding to GameScene
22:04:16.573 [JavaFX Application Thread] DEBUG PrimaryStageWindow   - FXGLLoadingScene -> GameScene
22:04:17.563 [JavaFX Application Thread] DEBUG AudioPlayer          - Playing music com.almasb.fxgl.audio.Music@2e55a8d0
22:04:18.730 [JavaFX Application Thread] DEBUG AudioPlayer          - Pausing music com.almasb.fxgl.audio.Music@2e55a8d0
22:04:18.730 [JavaFX Application Thread] DEBUG PrimaryStageWindow   - Push state: GamePauseMenu
22:04:18.730 [JavaFX Application Thread] DEBUG Input                - Clearing active input actions
22:04:18.732 [JavaFX Application Thread] DEBUG GameApplicationServi - Removing overlay from GameScene and adding to GamePauseMenu
22:04:18.732 [JavaFX Application Thread] DEBUG PrimaryStageWindow   - GameScene -> GamePauseMenu
22:04:19.064 [JavaFX Application Thread] DEBUG PrimaryStageWindow   - Pop state: GamePauseMenu
22:04:19.064 [JavaFX Application Thread] DEBUG Input                - Clearing active input actions
22:04:19.065 [JavaFX Application Thread] DEBUG GameApplicationServi - Removing overlay from GamePauseMenu and adding to GameScene
22:04:19.065 [JavaFX Application Thread] DEBUG PrimaryStageWindow   - GameScene <- GamePauseMenu
22:04:20.721 [JavaFX Application Thread] DEBUG AudioPlayer          - Resuming music com.almasb.fxgl.audio.Music@2e55a8d0
22:04:20.721 [JavaFX Application Thread] DEBUG PrimaryStageWindow   - Push state: GamePauseMenu
22:04:20.721 [JavaFX Application Thread] DEBUG Input                - Clearing active input actions
22:04:20.723 [JavaFX Application Thread] DEBUG GameApplicationServi - Removing overlay from GameScene and adding to GamePauseMenu
22:04:20.723 [JavaFX Application Thread] DEBUG PrimaryStageWindow   - GameScene -> GamePauseMenu
22:04:21.089 [JavaFX Application Thread] DEBUG PrimaryStageWindow   - Pop state: GamePauseMenu
22:04:21.089 [JavaFX Application Thread] DEBUG Input                - Clearing active input actions
22:04:21.089 [JavaFX Application Thread] DEBUG GameApplicationServi - Removing overlay from GamePauseMenu and adding to GameScene
22:04:21.090 [JavaFX Application Thread] DEBUG PrimaryStageWindow   - GameScene <- GamePauseMenu
22:04:21.095 [JavaFX Application Thread] DEBUG FXGLAssetLoaderServi - Loading from file system: file:/Users/ajaxestela/IdeaProjects/GitSomeSleep/Capstonee/target/classes/assets/textures/markers/moranote.png
22:04:22.815 [JavaFX Application Thread] DEBUG AudioPlayer          - Pausing music com.almasb.fxgl.audio.Music@2e55a8d0
22:04:22.815 [JavaFX Application Thread] DEBUG PrimaryStageWindow   - Push state: GamePauseMenu
22:04:22.815 [JavaFX Application Thread] DEBUG Input                - Clearing active input actions
22:04:22.816 [JavaFX Application Thread] DEBUG GameApplicationServi - Removing overlay from GameScene and adding to GamePauseMenu
22:04:22.816 [JavaFX Application Thread] DEBUG PrimaryStageWindow   - GameScene -> GamePauseMenu
22:04:23.733 [JavaFX Application Thread] DEBUG PrimaryStageWindow   - Pop state: GamePauseMenu
22:04:23.733 [JavaFX Application Thread] DEBUG Input                - Clearing active input actions
22:04:23.734 [JavaFX Application Thread] DEBUG GameApplicationServi - Removing overlay from GamePauseMenu and adding to GameScene
22:04:23.734 [JavaFX Application Thread] DEBUG PrimaryStageWindow   - GameScene <- GamePauseMenu
22:04:24.746 [JavaFX Application Thread] DEBUG AudioPlayer          - Resuming music com.almasb.fxgl.audio.Music@2e55a8d0
22:04:24.747 [JavaFX Application Thread] DEBUG PrimaryStageWindow   - Push state: GamePauseMenu
22:04:24.747 [JavaFX Application Thread] DEBUG Input                - Clearing active input actions
22:04:24.748 [JavaFX Application Thread] DEBUG GameApplicationServi - Removing overlay from GameScene and adding to GamePauseMenu
22:04:24.748 [JavaFX Application Thread] DEBUG PrimaryStageWindow   - GameScene -> GamePauseMenu
22:04:25.246 [JavaFX Application Thread] DEBUG PrimaryStageWindow   - Pop state: GamePauseMenu
22:04:25.246 [JavaFX Application Thread] DEBUG Input                - Clearing active input actions
22:04:25.247 [JavaFX Application Thread] DEBUG GameApplicationServi - Removing overlay from GamePauseMenu and adding to GameScene
22:04:25.247 [JavaFX Application Thread] DEBUG PrimaryStageWindow   - GameScene <- GamePauseMenu
22:04:25.966 [JavaFX Application Thread] DEBUG AudioPlayer          - Pausing music com.almasb.fxgl.audio.Music@2e55a8d0
22:04:25.966 [JavaFX Application Thread] DEBUG PrimaryStageWindow   - Push state: GamePauseMenu
22:04:25.966 [JavaFX Application Thread] DEBUG Input                - Clearing active input actions
22:04:25.967 [JavaFX Application Thread] DEBUG GameApplicationServi - Removing overlay from GameScene and adding to GamePauseMenu
22:04:25.967 [JavaFX Application Thread] DEBUG PrimaryStageWindow   - GameScene -> GamePauseMenu
22:04:26.318 [JavaFX Application Thread] DEBUG PrimaryStageWindow   - Pop state: GamePauseMenu
22:04:26.318 [JavaFX Application Thread] DEBUG Input                - Clearing active input actions
22:04:26.319 [JavaFX Application Thread] DEBUG GameApplicationServi - Removing overlay from GamePauseMenu and adding to GameScene
22:04:26.319 [JavaFX Application Thread] DEBUG PrimaryStageWindow   - GameScene <- GamePauseMenu
22:04:27.192 [JavaFX Application Thread] DEBUG AudioPlayer          - Resuming music com.almasb.fxgl.audio.Music@2e55a8d0
22:04:27.192 [JavaFX Application Thread] DEBUG PrimaryStageWindow   - Push state: GamePauseMenu
22:04:27.192 [JavaFX Application Thread] DEBUG Input                - Clearing active input actions
22:04:27.193 [JavaFX Application Thread] DEBUG GameApplicationServi - Removing overlay from GameScene and adding to GamePauseMenu
22:04:27.193 [JavaFX Application Thread] DEBUG PrimaryStageWindow   - GameScene -> GamePauseMenu
22:04:27.492 [JavaFX Application Thread] DEBUG PrimaryStageWindow   - Pop state: GamePauseMenu
22:04:27.493 [JavaFX Application Thread] DEBUG Input                - Clearing active input actions
22:04:27.493 [JavaFX Application Thread] DEBUG GameApplicationServi - Removing overlay from GamePauseMenu and adding to GameScene
22:04:27.493 [JavaFX Application Thread] DEBUG PrimaryStageWindow   - GameScene <- GamePauseMenu
22:04:28.164 [JavaFX Application Thread] DEBUG AudioPlayer          - Pausing music com.almasb.fxgl.audio.Music@2e55a8d0
22:04:28.164 [JavaFX Application Thread] DEBUG PrimaryStageWindow   - Push state: GamePauseMenu
22:04:28.164 [JavaFX Application Thread] DEBUG Input                - Clearing active input actions
22:04:28.164 [JavaFX Application Thread] DEBUG GameApplicationServi - Removing overlay from GameScene and adding to GamePauseMenu
22:04:28.165 [JavaFX Application Thread] DEBUG PrimaryStageWindow   - GameScene -> GamePauseMenu
22:04:28.411 [JavaFX Application Thread] DEBUG PrimaryStageWindow   - Pop state: GamePauseMenu
22:04:28.411 [JavaFX Application Thread] DEBUG Input                - Clearing active input actions
22:04:28.412 [JavaFX Application Thread] DEBUG GameApplicationServi - Removing overlay from GamePauseMenu and adding to GameScene
22:04:28.412 [JavaFX Application Thread] DEBUG PrimaryStageWindow   - GameScene <- GamePauseMenu
22:04:28.618 [JavaFX Application Thread] DEBUG AudioPlayer          - Resuming music com.almasb.fxgl.audio.Music@2e55a8d0
22:04:28.618 [JavaFX Application Thread] DEBUG PrimaryStageWindow   - Push state: GamePauseMenu
22:04:28.618 [JavaFX Application Thread] DEBUG Input                - Clearing active input actions
22:04:28.618 [JavaFX Application Thread] DEBUG GameApplicationServi - Removing overlay from GameScene and adding to GamePauseMenu
22:04:28.618 [JavaFX Application Thread] DEBUG PrimaryStageWindow   - GameScene -> GamePauseMenu
22:04:28.907 [JavaFX Application Thread] DEBUG PrimaryStageWindow   - Pop state: GamePauseMenu
22:04:28.908 [JavaFX Application Thread] DEBUG Input                - Clearing active input actions
22:04:28.908 [JavaFX Application Thread] DEBUG GameApplicationServi - Removing overlay from GamePauseMenu and adding to GameScene
22:04:28.908 [JavaFX Application Thread] DEBUG PrimaryStageWindow   - GameScene <- GamePauseMenu
22:04:29.762 [JavaFX Application Thread] DEBUG AudioPlayer          - Pausing music com.almasb.fxgl.audio.Music@2e55a8d0
22:04:29.763 [JavaFX Application Thread] DEBUG PrimaryStageWindow   - Push state: GamePauseMenu
22:04:29.763 [JavaFX Application Thread] DEBUG Input                - Clearing active input actions
22:04:29.764 [JavaFX Application Thread] DEBUG GameApplicationServi - Removing overlay from GameScene and adding to GamePauseMenu
22:04:29.764 [JavaFX Application Thread] DEBUG PrimaryStageWindow   - GameScene -> GamePauseMenu
22:04:30.010 [JavaFX Application Thread] DEBUG PrimaryStageWindow   - Pop state: GamePauseMenu
22:04:30.010 [JavaFX Application Thread] DEBUG Input                - Clearing active input actions
22:04:30.011 [JavaFX Application Thread] DEBUG GameApplicationServi - Removing overlay from GamePauseMenu and adding to GameScene
22:04:30.011 [JavaFX Application Thread] DEBUG PrimaryStageWindow   - GameScene <- GamePauseMenu
22:04:37.167 [JavaFX Application Thread] DEBUG AudioPlayer          - Resuming music com.almasb.fxgl.audio.Music@2e55a8d0
22:04:37.168 [JavaFX Application Thread] DEBUG PrimaryStageWindow   - Push state: GamePauseMenu
22:04:37.168 [JavaFX Application Thread] DEBUG Input                - Clearing active input actions
22:04:37.169 [JavaFX Application Thread] DEBUG GameApplicationServi - Removing overlay from GameScene and adding to GamePauseMenu
22:04:37.169 [JavaFX Application Thread] DEBUG PrimaryStageWindow   - GameScene -> GamePauseMenu
22:05:19.928 [JavaFX Application Thread] DEBUG AudioPlayer          - Pausing music com.almasb.fxgl.audio.Music@2e55a8d0
22:05:19.931 [JavaFX Application Thread] DEBUG AudioPlayer          - Stopping music com.almasb.fxgl.audio.Music@2e55a8d0
22:05:19.933 [JavaFX Application Thread] DEBUG AudioPlayer          - Stopping music com.almasb.fxgl.audio.Music@2e55a8d0
22:05:19.933 [JavaFX Application Thread] DEBUG GameApplicationServi - Starting new game
22:05:19.933 [JavaFX Application Thread] DEBUG PrimaryStageWindow   - Pop state: GamePauseMenu
22:05:19.933 [JavaFX Application Thread] DEBUG Input                - Clearing active input actions
22:05:19.934 [JavaFX Application Thread] DEBUG GameApplicationServi - Removing overlay from GamePauseMenu and adding to GameScene
22:05:19.934 [JavaFX Application Thread] DEBUG PrimaryStageWindow   - GameScene <- GamePauseMenu
22:05:19.934 [JavaFX Application Thread] DEBUG Input                - Clearing active input actions
22:05:19.942 [JavaFX Application Thread] DEBUG GameApplicationServi - Removing overlay from GameScene and adding to FXGLLoadingScene
22:05:19.943 [JavaFX Application Thread] DEBUG PrimaryStageWindow   - GameScene -> FXGLLoadingScene
22:05:19.943 [JavaFX Application Thread] DEBUG GameApplicationServi - Clearing previous game
22:05:19.943 [JavaFX Application Thread] DEBUG GameScene            - Clearing game scene
22:05:19.943 [JavaFX Application Thread] DEBUG GameWorld            - Clearing game world
22:05:19.943 [JavaFX Application Thread] DEBUG PhysicsWorld         - Clearing physics world
22:05:19.943 [FXGL Background Thread 5 ] DEBUG FXGLApplication      - Initializing game
22:05:19.945 [FXGL Background Thread 5 ] WARN  FXGLAssetLoaderServi - Asset "/assets/sounds/sounds/hit.wav" was not found!
22:05:19.945 [FXGL Background Thread 5 ] WARN  FXGLAssetLoaderServi - Failed to load SOUND
22:05:19.945 [FXGL Background Thread 5 ] WARN  FXGLAssetLoaderServi - Asset "/assets/sounds/sounds/miss.wav" was not found!
22:05:19.945 [FXGL Background Thread 5 ] WARN  FXGLAssetLoaderServi - Failed to load SOUND
22:05:19.946 [FXGL Background Thread 5 ] DEBUG AudioPlayer          - Stopping music com.almasb.fxgl.audio.Music@2e55a8d0
22:05:19.951 [FXGL Background Thread 5 ] INFO  FXGLApplication      - Game initialization took: 0.007 sec
22:05:19.951 [JavaFX Application Thread] DEBUG Input                - Clearing active input actions
22:05:19.956 [JavaFX Application Thread] DEBUG GameApplicationServi - Removing overlay from FXGLLoadingScene and adding to GameScene
22:05:19.956 [JavaFX Application Thread] DEBUG PrimaryStageWindow   - FXGLLoadingScene -> GameScene
22:05:20.763 [JavaFX Application Thread] DEBUG AudioPlayer          - Playing music com.almasb.fxgl.audio.Music@2e55a8d0
22:05:21.876 [JavaFX Application Thread] DEBUG AudioPlayer          - Pausing music com.almasb.fxgl.audio.Music@2e55a8d0
22:05:21.876 [JavaFX Application Thread] DEBUG AudioPlayer          - Pausing music com.almasb.fxgl.audio.Music@2e55a8d0
22:05:21.877 [JavaFX Application Thread] DEBUG PrimaryStageWindow   - Push state: GamePauseMenu
22:05:21.877 [JavaFX Application Thread] DEBUG Input                - Clearing active input actions
22:05:21.879 [JavaFX Application Thread] DEBUG GameApplicationServi - Removing overlay from GameScene and adding to GamePauseMenu
22:05:21.879 [JavaFX Application Thread] DEBUG PrimaryStageWindow   - GameScene -> GamePauseMenu
22:05:22.756 [JavaFX Application Thread] DEBUG AudioPlayer          - Pausing music com.almasb.fxgl.audio.Music@2e55a8d0
22:05:22.756 [JavaFX Application Thread] DEBUG Menu                 - fireExitToMainMenu()
22:05:22.760 [JavaFX Application Thread] DEBUG PrimaryStageWindow   - Push state: DialogSubScene
22:05:22.760 [JavaFX Application Thread] DEBUG Input                - Clearing active input actions
22:05:22.762 [JavaFX Application Thread] DEBUG GameApplicationServi - Removing overlay from GamePauseMenu and adding to DialogSubScene
22:05:22.762 [JavaFX Application Thread] DEBUG PrimaryStageWindow   - GamePauseMenu -> DialogSubScene
22:05:23.573 [JavaFX Application Thread] DEBUG PrimaryStageWindow   - Pop state: DialogSubScene
22:05:23.574 [JavaFX Application Thread] DEBUG Input                - Clearing active input actions
22:05:23.575 [JavaFX Application Thread] DEBUG GameApplicationServi - Removing overlay from DialogSubScene and adding to GamePauseMenu
22:05:23.576 [JavaFX Application Thread] DEBUG PrimaryStageWindow   - GamePauseMenu <- DialogSubScene
22:05:23.577 [JavaFX Application Thread] DEBUG PrimaryStageWindow   - Pop state: GamePauseMenu
22:05:23.577 [JavaFX Application Thread] DEBUG Input                - Clearing active input actions
22:05:23.577 [JavaFX Application Thread] DEBUG GameApplicationServi - Removing overlay from GamePauseMenu and adding to GameScene
22:05:23.577 [JavaFX Application Thread] DEBUG PrimaryStageWindow   - GameScene <- GamePauseMenu
22:05:23.577 [JavaFX Application Thread] DEBUG Input                - Clearing active input actions
22:05:23.582 [JavaFX Application Thread] DEBUG GameApplicationServi - Removing overlay from GameScene and adding to FXGLMainMenuDummyScene
22:05:23.582 [JavaFX Application Thread] DEBUG PrimaryStageWindow   - GameScene -> FXGLMainMenuDummyScene
22:05:23.582 [JavaFX Application Thread] DEBUG PrimaryStageWindow   - Push state: MainMenu
22:05:23.582 [JavaFX Application Thread] DEBUG Input                - Clearing active input actions
22:05:23.583 [JavaFX Application Thread] DEBUG GameApplicationServi - Removing overlay from FXGLMainMenuDummyScene and adding to MainMenu
22:05:23.583 [JavaFX Application Thread] DEBUG PrimaryStageWindow   - FXGLMainMenuDummyScene -> MainMenu
22:05:55.761 [JavaFX Application Thread] DEBUG FXGLApplication      - Exiting FXGL
22:05:55.762 [JavaFX Application Thread] DEBUG LoopRunner           - Stopping loop
22:05:55.764 [JavaFX Application Thread] DEBUG SystemBundleService  - Saving FXGL system data
22:05:55.771 [JavaFX Application Thread] DEBUG FileSystemAccess     - Writing to: /Users/ajaxestela/IdeaProjects/GitSomeSleep/Capstonee/system/fxgl.bundle
22:05:55.776 [JavaFX Application Thread] DEBUG Async                - Shutting down background threads
22:05:55.776 [JavaFX Application Thread] DEBUG PrimaryStageWindow   - Closing main window
22:05:55.822 [JavaFX Application Thread] DEBUG Logger               - Closing Logger
