21:42:40.951 [main                     ] DEBUG Logger               - Configured Logger
21:42:40.962 [main                     ] DEBUG GameApplication      - Logging settings
Title: Rhythm Impact
Version: 1.0
Width: 1280
Height: 720
Fullscreen: false
Intro: false
Profiling: false
Single step:false
App Mode: DEVELOPER
Menu Key: ESCAPE
Stage Style: DECORATED
Scene Factory: class org.example.capstonee.Menu.MenuSceneFactory

21:42:41.408 [JavaFX Application Thread] DEBUG FXGLApplication      - Initializing FXGL
21:42:41.409 [JavaFX Application Thread] INFO  Engine               - FXGL-21.1 (27.03.2024 07.52) on MAC (J:22.0.2 FX:22.0.1)
21:42:41.409 [JavaFX Application Thread] DEBUG Engine               - JRE Vendor Name: Oracle Corporation
21:42:41.410 [JavaFX Application Thread] DEBUG Engine               - Running on OS: Mac OS X version 15.3.2
21:42:41.410 [JavaFX Application Thread] DEBUG Engine               - Architecture: aarch64
21:42:41.410 [JavaFX Application Thread] INFO  Engine               - Source code and latest versions at: https://github.com/AlmasB/FXGL
21:42:41.410 [JavaFX Application Thread] INFO  Engine               -       Ask questions and discuss at: https://github.com/AlmasB/FXGL/discussions
21:42:41.410 [JavaFX Application Thread] INFO  Engine               -              Join the FXGL chat at: https://gitter.im/AlmasB/FXGL
21:42:41.445 [JavaFX Application Thread] DEBUG PrimaryStageWindow   - Creating a JavaFX scene
21:42:41.462 [JavaFX Application Thread] DEBUG PrimaryStageWindow   - Target settings size: 1280.0 x 720.0
21:42:41.462 [JavaFX Application Thread] DEBUG PrimaryStageWindow   - Scaled scene size:    1280.0 x 720.0
21:42:41.462 [JavaFX Application Thread] DEBUG PrimaryStageWindow   - Scaled ratio: (1.0, 1.0)
21:42:41.463 [JavaFX Application Thread] DEBUG PrimaryStageWindow   - Set initial scene to FXGLStartupScene
21:42:41.463 [JavaFX Application Thread] DEBUG PrimaryStageWindow   - Opening main window
21:42:41.508 [JavaFX Application Thread] DEBUG PrimaryStageWindow   - Window border size: (0.0, 28.0)
21:42:41.508 [JavaFX Application Thread] DEBUG PrimaryStageWindow   - Scaled size: 1280.0 x 720.0
21:42:41.508 [JavaFX Application Thread] DEBUG PrimaryStageWindow   - Scaled ratio: (1.0, 1.0)
21:42:41.508 [JavaFX Application Thread] DEBUG PrimaryStageWindow   - Scene size: 1280.0 x 720.0
21:42:41.508 [JavaFX Application Thread] DEBUG PrimaryStageWindow   - Stage size: 1280.0 x 748.0
21:42:41.511 [FXGL Background Thread 1 ] DEBUG Engine               - Initializing environment variables
21:42:41.530 [FXGL Background Thread 1 ] DEBUG FXGLAssetLoaderServi - User app class for loading assets: class org.example.capstonee.GameApp
21:42:41.530 [FXGL Background Thread 1 ] DEBUG GameApplicationServi - Applying CSS: fxgl_dark.css
21:42:41.531 [FXGL Background Thread 1 ] DEBUG FXGLAssetLoaderServi - Loading from file system: jar:file:///Users/ajaxestela/.m2/repository/com/github/almasb/fxgl/21.1/fxgl-21.1.jar!/fxglassets/ui/css/fxgl_dark.css
21:42:41.558 [FXGL Background Thread 1 ] DEBUG GameApplicationServi - Initializing application scenes
21:42:41.637 [FXGL Background Thread 1 ] DEBUG GameWorld            - Game world initialized
21:42:41.664 [FXGL Background Thread 1 ] DEBUG PhysicsWorld         - Physics world initialized: appHeight=720, physics.ppm=50.0
21:42:41.665 [FXGL Background Thread 1 ] DEBUG PhysicsWorld         - Using strategy: BRUTE_FORCE
21:42:41.668 [FXGL Background Thread 1 ] DEBUG GameScene            - Game scene initialized: 1280x720
21:42:41.670 [FXGL Background Thread 1 ] WARN  FXGLAssetLoaderServi - Asset "/assets/music/music/menu_theme.wav" was not found!
21:42:41.670 [FXGL Background Thread 1 ] WARN  FXGLAssetLoaderServi - Failed to load MUSIC
21:42:41.672 [FXGL Background Thread 1 ] DEBUG FXGLAssetLoaderServi - Loading from file system: file:/Users/ajaxestela/IdeaProjects/GitSomeSleep/Capstonee/target/classes/assets/textures/background/nearest4.png
21:42:41.705 [FXGL Background Thread 1 ] DEBUG FXGLAssetLoaderServi - Loading from file system: file:/Users/ajaxestela/IdeaProjects/GitSomeSleep/Capstonee/target/classes/assets/textures/background/nearest3.png
21:42:41.720 [FXGL Background Thread 1 ] DEBUG FXGLAssetLoaderServi - Loading from file system: file:/Users/ajaxestela/IdeaProjects/GitSomeSleep/Capstonee/target/classes/assets/textures/background/nearest2.png
21:42:41.730 [FXGL Background Thread 1 ] DEBUG FXGLAssetLoaderServi - Loading from file system: file:/Users/ajaxestela/IdeaProjects/GitSomeSleep/Capstonee/target/classes/assets/textures/background/%20nearest1.png
21:42:41.765 [FXGL Background Thread 1 ] DEBUG GameApplicationServi - Application scenes initialized
21:42:41.781 [FXGL Background Thread 1 ] DEBUG SystemBundleService  - Loading FXGL system data
21:42:41.784 [FXGL Background Thread 1 ] DEBUG FileSystemAccess     - Reading from: /Users/ajaxestela/IdeaProjects/GitSomeSleep/Capstonee/system/fxgl.bundle
21:42:41.790 [FXGL Background Thread 1 ] DEBUG SystemBundleService  - Bundle FXGL: {}
21:42:41.791 [FXGL Background Thread 1 ] DEBUG UpdaterService       - Checking for updates
21:42:41.799 [FXGL Background Thread 4 ] DEBUG FXGLApplication      - Loading fonts
21:42:41.800 [FXGL Background Thread 4 ] DEBUG FXGLAssetLoaderServi - Loading from file system: jar:file:///Users/ajaxestela/.m2/repository/com/github/almasb/fxgl/21.1/fxgl-21.1.jar!/fxglassets/ui/fonts/VarelaRound-Regular.ttf
21:42:41.801 [FXGL Background Thread 1 ] DEBUG FXGLApplication      - Loading default localization
21:42:41.802 [FXGL Background Thread 1 ] DEBUG FXGLAssetLoaderServi - Loading from file system: jar:file:///Users/ajaxestela/.m2/repository/com/github/almasb/fxgl/21.1/fxgl-21.1.jar!/fxglassets/languages/english.lang
21:42:41.838 [FXGL Background Thread 4 ] DEBUG FXGLAssetLoaderServi - Loading from file system: jar:file:///Users/ajaxestela/.m2/repository/com/github/almasb/fxgl/21.1/fxgl-21.1.jar!/fxglassets/ui/fonts/Abel-Regular.ttf
21:42:41.840 [FXGL Background Thread 1 ] INFO  FXGLApplication      - FXGL initialization took: 0.329 sec
21:42:41.844 [FXGL Background Thread 4 ] DEBUG FXGLAssetLoaderServi - Loading from file system: jar:file:///Users/ajaxestela/.m2/repository/com/github/almasb/fxgl/21.1/fxgl-21.1.jar!/fxglassets/ui/fonts/TerminalLandMono-Regular.otf
21:42:41.846 [JavaFX Application Thread] DEBUG Input                - Registered new binding: RhythmLane0 - H
21:42:41.846 [JavaFX Application Thread] DEBUG Input                - Registered new binding: RhythmLane1 - J
21:42:41.846 [JavaFX Application Thread] DEBUG Input                - Registered new binding: RhythmLane2 - K
21:42:41.846 [JavaFX Application Thread] DEBUG Input                - Registered new binding: RhythmLane3 - L
21:42:41.846 [JavaFX Application Thread] DEBUG Input                - Registered new binding: RhythmStart - Space
21:42:41.846 [JavaFX Application Thread] DEBUG FXGLAssetLoaderServi - Loading from file system: jar:file:///Users/ajaxestela/.m2/repository/com/github/almasb/fxgl/21.1/fxgl-21.1.jar!/fxglassets/textures/fxgl_icon.png
21:42:41.854 [FXGL Background Thread 4 ] DEBUG FXGLAssetLoaderServi - Loading from file system: jar:file:///Users/ajaxestela/.m2/repository/com/github/almasb/fxgl/21.1/fxgl-21.1.jar!/fxglassets/ui/fonts/Courier-Prime.ttf
21:42:41.909 [JavaFX Application Thread] DEBUG FXGLAssetLoaderServi - Loading from file system: jar:file:///Users/ajaxestela/.m2/repository/com/github/almasb/fxgl/21.1/fxgl-21.1.jar!/fxglassets/textures/fxgl_default_cursor.png
21:42:41.912 [JavaFX Application Thread] DEBUG Input                - Registered new binding: Screenshot - CTRL+8
21:42:41.912 [JavaFX Application Thread] DEBUG Input                - Registered new binding: System info dump - CTRL+9
21:42:41.913 [JavaFX Application Thread] DEBUG Input                - Registered new binding: Restart - CTRL+R
21:42:41.913 [JavaFX Application Thread] DEBUG Input                - Registered new binding: Toggle Debug Camera - CTRL+7
21:42:41.916 [JavaFX Application Thread] DEBUG LoopRunner           - Starting loop
21:42:41.916 [JavaFX Application Thread] DEBUG LoopRunner           - Initializing JavaFX AnimationTimerLoop
21:42:41.919 [JavaFX Application Thread] DEBUG Input                - Clearing active input actions
21:42:41.953 [JavaFX Application Thread] DEBUG GameApplicationServi - Removing overlay from FXGLStartupScene and adding to FXGLMainMenuDummyScene
21:42:41.953 [JavaFX Application Thread] DEBUG PrimaryStageWindow   - FXGLStartupScene -> FXGLMainMenuDummyScene
21:42:41.953 [JavaFX Application Thread] DEBUG PrimaryStageWindow   - Push state: MainMenu
21:42:41.954 [JavaFX Application Thread] DEBUG Input                - Clearing active input actions
21:42:41.963 [JavaFX Application Thread] DEBUG GameApplicationServi - Removing overlay from FXGLMainMenuDummyScene and adding to MainMenu
21:42:41.963 [JavaFX Application Thread] DEBUG PrimaryStageWindow   - FXGLMainMenuDummyScene -> MainMenu
21:42:42.009 [JavaFX Application Thread] DEBUG FXGLApplication      - Registering font factories with UI factory
21:42:44.802 [FXGL Background Thread 3 ] DEBUG Engine               - Logging environment variables
21:42:44.804 [FXGL Background Thread 3 ] DEBUG Engine               - achievements: []
21:42:44.804 [FXGL Background Thread 3 ] DEBUG Engine               - actualHeight: 720.0
21:42:44.804 [FXGL Background Thread 3 ] DEBUG Engine               - actualHeightProperty: ReadOnlyDoubleProperty [value: 720.0]
21:42:44.805 [FXGL Background Thread 3 ] DEBUG Engine               - actualWidth: 1280.0
21:42:44.806 [FXGL Background Thread 3 ] DEBUG Engine               - actualWidthProperty: ReadOnlyDoubleProperty [value: 1280.0]
21:42:44.806 [FXGL Background Thread 3 ] DEBUG Engine               - appIcon: fxgl_icon.png
21:42:44.806 [FXGL Background Thread 3 ] DEBUG Engine               - applicationMode: DEVELOPER
21:42:44.806 [FXGL Background Thread 3 ] DEBUG Engine               - cSSList: [fxgl_dark.css]
21:42:44.806 [FXGL Background Thread 3 ] DEBUG Engine               - collisionDetectionStrategy: BRUTE_FORCE
21:42:44.806 [FXGL Background Thread 3 ] DEBUG Engine               - configClass: Optional.empty
21:42:44.806 [FXGL Background Thread 3 ] DEBUG Engine               - credits: []
21:42:44.810 [FXGL Background Thread 3 ] DEBUG Engine               - defaultCursor: CursorInfo(imageName=fxgl_default_cursor.png, hotspotX=7.0, hotspotY=6.0)
21:42:44.810 [FXGL Background Thread 3 ] DEBUG Engine               - devBBoxColorProperty: ObjectProperty [value: 0xff0000ff]
21:42:44.811 [FXGL Background Thread 3 ] DEBUG Engine               - devEnableDebugCameraProperty: BooleanProperty [value: false]
21:42:44.811 [FXGL Background Thread 3 ] DEBUG Engine               - devSensorColorProperty: ObjectProperty [value: 0xffff00ff]
21:42:44.811 [FXGL Background Thread 3 ] DEBUG Engine               - devShowBBoxProperty: BooleanProperty [value: false]
21:42:44.811 [FXGL Background Thread 3 ] DEBUG Engine               - devShowPositionProperty: BooleanProperty [value: false]
21:42:44.811 [FXGL Background Thread 3 ] DEBUG Engine               - enabledMenuItems: []
21:42:44.812 [FXGL Background Thread 3 ] DEBUG Engine               - engineServices: [class com.almasb.fxgl.app.services.FXGLAssetLoaderService, class com.almasb.fxgl.app.FXGLApplication$GameApplicationService, class com.almasb.fxgl.app.services.FXGLDialogService, class com.almasb.fxgl.app.services.IOTaskExecutorService, class com.almasb.fxgl.io.FileSystemService, class com.almasb.fxgl.localization.LocalizationService, class com.almasb.fxgl.app.services.SystemBundleService, class com.almasb.fxgl.profile.SaveLoadService, class com.almasb.fxgl.ui.FXGLUIFactoryServiceProvider, class com.almasb.fxgl.ui.FXGLDialogFactoryServiceProvider, class com.almasb.fxgl.audio.AudioPlayer, class com.almasb.fxgl.notification.impl.NotificationServiceProvider, class com.almasb.fxgl.achievement.AchievementService, class com.almasb.fxgl.cutscene.CutsceneService, class com.almasb.fxgl.minigames.MiniGameService, class com.almasb.fxgl.net.NetService, class com.almasb.fxgl.app.services.UpdaterService, class com.almasb.fxgl.dev.DevService]
21:42:44.812 [FXGL Background Thread 3 ] DEBUG Engine               - fontGame: Abel-Regular.ttf
21:42:44.812 [FXGL Background Thread 3 ] DEBUG Engine               - fontMono: TerminalLandMono-Regular.otf
21:42:44.812 [FXGL Background Thread 3 ] DEBUG Engine               - fontSizeScaleUI: 1.0
21:42:44.812 [FXGL Background Thread 3 ] DEBUG Engine               - fontText: Courier-Prime.ttf
21:42:44.812 [FXGL Background Thread 3 ] DEBUG Engine               - fontUI: VarelaRound-Regular.ttf
21:42:44.812 [FXGL Background Thread 3 ] DEBUG Engine               - fullScreen: BooleanProperty [value: false]
21:42:44.812 [FXGL Background Thread 3 ] DEBUG Engine               - gameDifficulty: MEDIUM
21:42:44.812 [FXGL Background Thread 3 ] DEBUG Engine               - gameDifficultyProperty: ObjectProperty [value: MEDIUM]
21:42:44.812 [FXGL Background Thread 3 ] DEBUG Engine               - globalMusicVolume: 0.5
21:42:44.812 [FXGL Background Thread 3 ] DEBUG Engine               - globalMusicVolumeProperty: DoubleProperty [value: 0.5]
21:42:44.812 [FXGL Background Thread 3 ] DEBUG Engine               - globalSoundVolume: 0.5
21:42:44.812 [FXGL Background Thread 3 ] DEBUG Engine               - globalSoundVolumeProperty: DoubleProperty [value: 0.5]
21:42:44.812 [FXGL Background Thread 3 ] DEBUG Engine               - height: 720
21:42:44.812 [FXGL Background Thread 3 ] DEBUG Engine               - is3D: false
21:42:44.813 [FXGL Background Thread 3 ] DEBUG Engine               - isAndroid: false
21:42:44.813 [FXGL Background Thread 3 ] DEBUG Engine               - isBrowser: false
21:42:44.813 [FXGL Background Thread 3 ] DEBUG Engine               - isClickFeedbackEnabled: false
21:42:44.813 [FXGL Background Thread 3 ] DEBUG Engine               - isCloseConfirmation: false
21:42:44.813 [FXGL Background Thread 3 ] DEBUG Engine               - isDesktop: true
21:42:44.813 [FXGL Background Thread 3 ] DEBUG Engine               - isDeveloperMenuEnabled: false
21:42:44.813 [FXGL Background Thread 3 ] DEBUG Engine               - isEmbedded: false
21:42:44.813 [FXGL Background Thread 3 ] DEBUG Engine               - isEntityPreloadEnabled: true
21:42:44.813 [FXGL Background Thread 3 ] DEBUG Engine               - isExperimentalTiledLargeMap: false
21:42:44.813 [FXGL Background Thread 3 ] DEBUG Engine               - isFileSystemWriteAllowed: true
21:42:44.813 [FXGL Background Thread 3 ] DEBUG Engine               - isFullScreenAllowed: false
21:42:44.813 [FXGL Background Thread 3 ] DEBUG Engine               - isFullScreenFromStart: false
21:42:44.813 [FXGL Background Thread 3 ] DEBUG Engine               - isGameMenuEnabled: true
21:42:44.813 [FXGL Background Thread 3 ] DEBUG Engine               - isIOS: false
21:42:44.813 [FXGL Background Thread 3 ] DEBUG Engine               - isIntroEnabled: false
21:42:44.813 [FXGL Background Thread 3 ] DEBUG Engine               - isLinux: false
21:42:44.813 [FXGL Background Thread 3 ] DEBUG Engine               - isMac: true
21:42:44.813 [FXGL Background Thread 3 ] DEBUG Engine               - isMainMenuEnabled: true
21:42:44.814 [FXGL Background Thread 3 ] DEBUG Engine               - isManualResizeEnabled: false
21:42:44.814 [FXGL Background Thread 3 ] DEBUG Engine               - isMobile: false
21:42:44.814 [FXGL Background Thread 3 ] DEBUG Engine               - isNative: false
21:42:44.814 [FXGL Background Thread 3 ] DEBUG Engine               - isPauseMusicWhenMinimized: true
21:42:44.814 [FXGL Background Thread 3 ] DEBUG Engine               - isPreserveResizeRatio: false
21:42:44.814 [FXGL Background Thread 3 ] DEBUG Engine               - isProfilingEnabled: false
21:42:44.814 [FXGL Background Thread 3 ] DEBUG Engine               - isScaleAffectedOnResize: true
21:42:44.814 [FXGL Background Thread 3 ] DEBUG Engine               - isSingleStep: false
21:42:44.814 [FXGL Background Thread 3 ] DEBUG Engine               - isUserProfileEnabled: false
21:42:44.814 [FXGL Background Thread 3 ] DEBUG Engine               - isWindows: false
21:42:44.814 [FXGL Background Thread 3 ] DEBUG Engine               - language: ObjectProperty [value: ENGLISH]
21:42:44.814 [FXGL Background Thread 3 ] DEBUG Engine               - menuKey: ESCAPE
21:42:44.814 [FXGL Background Thread 3 ] DEBUG Engine               - mouseSensitivity: 0.2
21:42:44.814 [FXGL Background Thread 3 ] DEBUG Engine               - notificationViewClass: class com.almasb.fxgl.notification.view.XboxNotificationView
21:42:44.814 [FXGL Background Thread 3 ] DEBUG Engine               - pixelsPerMeter: 50.0
21:42:44.814 [FXGL Background Thread 3 ] DEBUG Engine               - platform: MAC
21:42:44.814 [FXGL Background Thread 3 ] DEBUG Engine               - prefHeightProperty: ReadOnlyDoubleProperty [value: 720.0]
21:42:44.814 [FXGL Background Thread 3 ] DEBUG Engine               - prefWidthProperty: ReadOnlyDoubleProperty [value: 1280.0]
21:42:44.815 [FXGL Background Thread 3 ] DEBUG Engine               - profileDir: profiles/
21:42:44.815 [FXGL Background Thread 3 ] DEBUG Engine               - profileName: StringProperty [value: DEFAULT]
21:42:44.815 [FXGL Background Thread 3 ] DEBUG Engine               - randomSeed: -1
21:42:44.815 [FXGL Background Thread 3 ] DEBUG Engine               - runtimeInfo: RuntimeInfo(platform=MAC, version=21.1, build=27.03.2024 07.52)
21:42:44.815 [FXGL Background Thread 3 ] DEBUG Engine               - saveFileExt: sav
21:42:44.815 [FXGL Background Thread 3 ] DEBUG Engine               - scaledHeightProp$fxgl: DoubleProperty [bound, value: 720.0]
21:42:44.815 [FXGL Background Thread 3 ] DEBUG Engine               - scaledWidthProp$fxgl: DoubleProperty [bound, value: 1280.0]
21:42:44.815 [FXGL Background Thread 3 ] DEBUG Engine               - sceneFactory: org.example.capstonee.Menu.MenuSceneFactory@604588d2
21:42:44.815 [FXGL Background Thread 3 ] DEBUG Engine               - secondsIn24h: 60
21:42:44.815 [FXGL Background Thread 3 ] DEBUG Engine               - soundMenuBack: menu/back.wav
21:42:44.816 [FXGL Background Thread 3 ] DEBUG Engine               - soundMenuPress: menu/press.wav
21:42:44.816 [FXGL Background Thread 3 ] DEBUG Engine               - soundMenuSelect: menu/select.wav
21:42:44.816 [FXGL Background Thread 3 ] DEBUG Engine               - soundNotification: core/notification.wav
21:42:44.816 [FXGL Background Thread 3 ] DEBUG Engine               - stageStyle: DECORATED
21:42:44.816 [FXGL Background Thread 3 ] DEBUG Engine               - supportedLanguages: [ENGLISH, FRENCH, GERMAN, HUNGARIAN, RUSSIAN]
21:42:44.816 [FXGL Background Thread 3 ] DEBUG Engine               - ticksPerSecond: -1
21:42:44.816 [FXGL Background Thread 3 ] DEBUG Engine               - title: Rhythm Impact
21:42:44.816 [FXGL Background Thread 3 ] DEBUG Engine               - urlGithub: https://github.com/AlmasB/FXGL
21:42:44.816 [FXGL Background Thread 3 ] DEBUG Engine               - urlLeaderboard: http://fxgl-top.herokuapp.com/
21:42:44.816 [FXGL Background Thread 3 ] DEBUG Engine               - urlPOM: https://raw.githubusercontent.com/AlmasB/FXGL/release/README.md
21:42:44.816 [FXGL Background Thread 3 ] DEBUG Engine               - userAppClass: class org.example.capstonee.GameApp
21:42:44.816 [FXGL Background Thread 3 ] DEBUG Engine               - version: 1.0
21:42:44.816 [FXGL Background Thread 3 ] DEBUG Engine               - versionCheckDays: 7
21:42:44.816 [FXGL Background Thread 3 ] DEBUG Engine               - width: 1280
21:42:44.816 [FXGL Background Thread 3 ] DEBUG Engine               - Logging services
21:42:44.816 [FXGL Background Thread 3 ] DEBUG Engine               - class com.almasb.fxgl.app.services.FXGLAssetLoaderService
21:42:44.816 [FXGL Background Thread 3 ] DEBUG Engine               - class com.almasb.fxgl.app.FXGLApplication$GameApplicationService
21:42:44.816 [FXGL Background Thread 3 ] DEBUG Engine               - class com.almasb.fxgl.app.services.FXGLDialogService
21:42:44.816 [FXGL Background Thread 3 ] DEBUG Engine               - class com.almasb.fxgl.app.services.IOTaskExecutorService
21:42:44.816 [FXGL Background Thread 3 ] DEBUG Engine               - class com.almasb.fxgl.io.FileSystemService
21:42:44.816 [FXGL Background Thread 3 ] DEBUG Engine               - class com.almasb.fxgl.localization.LocalizationService
21:42:44.816 [FXGL Background Thread 3 ] DEBUG Engine               - class com.almasb.fxgl.app.services.SystemBundleService
21:42:44.817 [FXGL Background Thread 3 ] DEBUG Engine               - class com.almasb.fxgl.profile.SaveLoadService
21:42:44.817 [FXGL Background Thread 3 ] DEBUG Engine               - class com.almasb.fxgl.ui.FXGLUIFactoryServiceProvider
21:42:44.817 [FXGL Background Thread 3 ] DEBUG Engine               - class com.almasb.fxgl.ui.FXGLDialogFactoryServiceProvider
21:42:44.817 [FXGL Background Thread 3 ] DEBUG Engine               - class com.almasb.fxgl.audio.AudioPlayer
21:42:44.817 [FXGL Background Thread 3 ] DEBUG Engine               - class com.almasb.fxgl.notification.impl.NotificationServiceProvider
21:42:44.817 [FXGL Background Thread 3 ] DEBUG Engine               - class com.almasb.fxgl.achievement.AchievementService
21:42:44.817 [FXGL Background Thread 3 ] DEBUG Engine               - class com.almasb.fxgl.cutscene.CutsceneService
21:42:44.817 [FXGL Background Thread 3 ] DEBUG Engine               - class com.almasb.fxgl.minigames.MiniGameService
21:42:44.817 [FXGL Background Thread 3 ] DEBUG Engine               - class com.almasb.fxgl.net.NetService
21:42:44.817 [FXGL Background Thread 3 ] DEBUG Engine               - class com.almasb.fxgl.app.services.UpdaterService
21:42:44.817 [FXGL Background Thread 3 ] DEBUG Engine               - class com.almasb.fxgl.dev.DevService
21:43:13.425 [JavaFX Application Thread] DEBUG PrimaryStageWindow   - Push state: DialogSubScene
21:43:13.425 [JavaFX Application Thread] DEBUG Input                - Clearing active input actions
21:43:13.427 [JavaFX Application Thread] DEBUG GameApplicationServi - Removing overlay from MainMenu and adding to DialogSubScene
21:43:13.427 [JavaFX Application Thread] DEBUG PrimaryStageWindow   - MainMenu -> DialogSubScene
21:43:14.685 [JavaFX Application Thread] DEBUG PrimaryStageWindow   - Pop state: DialogSubScene
21:43:14.686 [JavaFX Application Thread] DEBUG Input                - Clearing active input actions
21:43:14.687 [JavaFX Application Thread] DEBUG GameApplicationServi - Removing overlay from DialogSubScene and adding to MainMenu
21:43:14.687 [JavaFX Application Thread] DEBUG PrimaryStageWindow   - MainMenu <- DialogSubScene
21:43:15.705 [JavaFX Application Thread] DEBUG PrimaryStageWindow   - Push state: DialogSubScene
21:43:15.706 [JavaFX Application Thread] DEBUG Input                - Clearing active input actions
21:43:15.706 [JavaFX Application Thread] DEBUG GameApplicationServi - Removing overlay from MainMenu and adding to DialogSubScene
21:43:15.706 [JavaFX Application Thread] DEBUG PrimaryStageWindow   - MainMenu -> DialogSubScene
21:43:17.980 [JavaFX Application Thread] DEBUG PrimaryStageWindow   - Pop state: DialogSubScene
21:43:17.981 [JavaFX Application Thread] DEBUG Input                - Clearing active input actions
21:43:17.981 [JavaFX Application Thread] DEBUG GameApplicationServi - Removing overlay from DialogSubScene and adding to MainMenu
21:43:17.981 [JavaFX Application Thread] DEBUG PrimaryStageWindow   - MainMenu <- DialogSubScene
21:43:17.983 [JavaFX Application Thread] DEBUG PrimaryStageWindow   - Push state: DialogSubScene
21:43:17.983 [JavaFX Application Thread] DEBUG Input                - Clearing active input actions
21:43:17.983 [JavaFX Application Thread] DEBUG GameApplicationServi - Removing overlay from MainMenu and adding to DialogSubScene
21:43:17.983 [JavaFX Application Thread] DEBUG PrimaryStageWindow   - MainMenu -> DialogSubScene
21:43:18.634 [JavaFX Application Thread] DEBUG PrimaryStageWindow   - Pop state: DialogSubScene
21:43:18.635 [JavaFX Application Thread] DEBUG Input                - Clearing active input actions
21:43:18.635 [JavaFX Application Thread] DEBUG GameApplicationServi - Removing overlay from DialogSubScene and adding to MainMenu
21:43:18.635 [JavaFX Application Thread] DEBUG PrimaryStageWindow   - MainMenu <- DialogSubScene
21:43:18.636 [JavaFX Application Thread] DEBUG AudioPlayer          - Stopping music com.almasb.fxgl.audio.Music@5ea62275
21:43:18.637 [JavaFX Application Thread] DEBUG GameApplicationServi - Starting new game
21:43:18.637 [JavaFX Application Thread] DEBUG PrimaryStageWindow   - Pop state: MainMenu
21:43:18.637 [JavaFX Application Thread] DEBUG Input                - Clearing active input actions
21:43:18.637 [JavaFX Application Thread] DEBUG GameApplicationServi - Removing overlay from MainMenu and adding to FXGLMainMenuDummyScene
21:43:18.637 [JavaFX Application Thread] DEBUG PrimaryStageWindow   - FXGLMainMenuDummyScene <- MainMenu
21:43:18.638 [JavaFX Application Thread] DEBUG Input                - Clearing active input actions
21:43:18.647 [JavaFX Application Thread] DEBUG GameApplicationServi - Removing overlay from FXGLMainMenuDummyScene and adding to FXGLLoadingScene
21:43:18.647 [JavaFX Application Thread] DEBUG PrimaryStageWindow   - FXGLMainMenuDummyScene -> FXGLLoadingScene
21:43:18.647 [JavaFX Application Thread] DEBUG GameApplicationServi - Clearing previous game
21:43:18.647 [JavaFX Application Thread] DEBUG GameScene            - Clearing game scene
21:43:18.647 [JavaFX Application Thread] DEBUG GameWorld            - Clearing game world
21:43:18.648 [JavaFX Application Thread] DEBUG PhysicsWorld         - Clearing physics world
21:43:18.650 [FXGL Background Thread 2 ] DEBUG FXGLApplication      - Initializing game
21:43:18.655 [FXGL Background Thread 2 ] WARN  FXGLAssetLoaderServi - Asset "/assets/sounds/sounds/hit.wav" was not found!
21:43:18.656 [FXGL Background Thread 2 ] WARN  FXGLAssetLoaderServi - Failed to load SOUND
21:43:18.656 [FXGL Background Thread 2 ] WARN  FXGLAssetLoaderServi - Asset "/assets/sounds/sounds/miss.wav" was not found!
21:43:18.656 [FXGL Background Thread 2 ] WARN  FXGLAssetLoaderServi - Failed to load SOUND
21:43:18.670 [FXGL Background Thread 2 ] DEBUG FXGLAssetLoaderServi - Loading from file system: file:/Users/ajaxestela/IdeaProjects/GitSomeSleep/Capstonee/target/classes/assets/music/songs/raiden.wav
21:43:19.091 [FXGL Background Thread 2 ] DEBUG FXGLAssetLoaderServi - Loading from file system: file:/Users/ajaxestela/IdeaProjects/GitSomeSleep/Capstonee/target/classes/assets/textures/background/pixelatedliyue.png
21:43:19.118 [FXGL Background Thread 2 ] DEBUG FXGLAssetLoaderServi - Loading from file system: file:/Users/ajaxestela/IdeaProjects/GitSomeSleep/Capstonee/target/classes/assets/textures/notes/hilichurlhitmarker.png
21:43:19.125 [FXGL Background Thread 2 ] INFO  FXGLApplication      - Game initialization took: 0.476 sec
21:43:19.126 [JavaFX Application Thread] DEBUG Input                - Clearing active input actions
21:43:19.128 [JavaFX Application Thread] DEBUG GameApplicationServi - Removing overlay from FXGLLoadingScene and adding to GameScene
21:43:19.128 [JavaFX Application Thread] DEBUG PrimaryStageWindow   - FXGLLoadingScene -> GameScene
21:43:19.909 [JavaFX Application Thread] DEBUG AudioPlayer          - Playing music com.almasb.fxgl.audio.Music@46e06b4f
21:43:23.367 [JavaFX Application Thread] DEBUG FXGLAssetLoaderServi - Loading from file system: file:/Users/ajaxestela/IdeaProjects/GitSomeSleep/Capstonee/target/classes/assets/textures/markers/moranote.png
21:43:24.871 [JavaFX Application Thread] DEBUG FXGLAssetLoaderServi - Loading from file system: file:/Users/ajaxestela/IdeaProjects/GitSomeSleep/Capstonee/target/classes/assets/textures/particles/yellow_particle.png
21:43:46.780 [JavaFX Application Thread] DEBUG PrimaryStageWindow   - Push state: GamePauseMenu
21:43:46.781 [JavaFX Application Thread] DEBUG Input                - Clearing active input actions
21:43:46.784 [JavaFX Application Thread] DEBUG GameApplicationServi - Removing overlay from GameScene and adding to GamePauseMenu
21:43:46.784 [JavaFX Application Thread] DEBUG PrimaryStageWindow   - GameScene -> GamePauseMenu
21:43:48.164 [JavaFX Application Thread] DEBUG AudioPlayer          - Pausing music com.almasb.fxgl.audio.Music@46e06b4f
21:43:48.164 [JavaFX Application Thread] DEBUG Menu                 - fireExitToMainMenu()
21:43:48.168 [JavaFX Application Thread] DEBUG PrimaryStageWindow   - Push state: DialogSubScene
21:43:48.168 [JavaFX Application Thread] DEBUG Input                - Clearing active input actions
21:43:48.169 [JavaFX Application Thread] DEBUG GameApplicationServi - Removing overlay from GamePauseMenu and adding to DialogSubScene
21:43:48.169 [JavaFX Application Thread] DEBUG PrimaryStageWindow   - GamePauseMenu -> DialogSubScene
21:43:49.029 [JavaFX Application Thread] DEBUG PrimaryStageWindow   - Pop state: DialogSubScene
21:43:49.029 [JavaFX Application Thread] DEBUG Input                - Clearing active input actions
21:43:49.030 [JavaFX Application Thread] DEBUG GameApplicationServi - Removing overlay from DialogSubScene and adding to GamePauseMenu
21:43:49.030 [JavaFX Application Thread] DEBUG PrimaryStageWindow   - GamePauseMenu <- DialogSubScene
21:43:49.030 [JavaFX Application Thread] DEBUG PrimaryStageWindow   - Pop state: GamePauseMenu
21:43:49.030 [JavaFX Application Thread] DEBUG Input                - Clearing active input actions
21:43:49.030 [JavaFX Application Thread] DEBUG GameApplicationServi - Removing overlay from GamePauseMenu and adding to GameScene
21:43:49.031 [JavaFX Application Thread] DEBUG PrimaryStageWindow   - GameScene <- GamePauseMenu
21:43:49.031 [JavaFX Application Thread] DEBUG Input                - Clearing active input actions
21:43:49.035 [JavaFX Application Thread] DEBUG GameApplicationServi - Removing overlay from GameScene and adding to FXGLMainMenuDummyScene
21:43:49.035 [JavaFX Application Thread] DEBUG PrimaryStageWindow   - GameScene -> FXGLMainMenuDummyScene
21:43:49.035 [JavaFX Application Thread] DEBUG PrimaryStageWindow   - Push state: MainMenu
21:43:49.036 [JavaFX Application Thread] DEBUG Input                - Clearing active input actions
21:43:49.036 [JavaFX Application Thread] DEBUG GameApplicationServi - Removing overlay from FXGLMainMenuDummyScene and adding to MainMenu
21:43:49.036 [JavaFX Application Thread] DEBUG PrimaryStageWindow   - FXGLMainMenuDummyScene -> MainMenu
21:43:51.432 [JavaFX Application Thread] DEBUG PrimaryStageWindow   - Push state: DialogSubScene
21:43:51.432 [JavaFX Application Thread] DEBUG Input                - Clearing active input actions
21:43:51.434 [JavaFX Application Thread] DEBUG GameApplicationServi - Removing overlay from MainMenu and adding to DialogSubScene
21:43:51.434 [JavaFX Application Thread] DEBUG PrimaryStageWindow   - MainMenu -> DialogSubScene
21:43:53.797 [JavaFX Application Thread] DEBUG PrimaryStageWindow   - Pop state: DialogSubScene
21:43:53.797 [JavaFX Application Thread] DEBUG Input                - Clearing active input actions
21:43:53.798 [JavaFX Application Thread] DEBUG GameApplicationServi - Removing overlay from DialogSubScene and adding to MainMenu
21:43:53.798 [JavaFX Application Thread] DEBUG PrimaryStageWindow   - MainMenu <- DialogSubScene
21:43:53.799 [JavaFX Application Thread] DEBUG PrimaryStageWindow   - Push state: DialogSubScene
21:43:53.799 [JavaFX Application Thread] DEBUG Input                - Clearing active input actions
21:43:53.800 [JavaFX Application Thread] DEBUG GameApplicationServi - Removing overlay from MainMenu and adding to DialogSubScene
21:43:53.800 [JavaFX Application Thread] DEBUG PrimaryStageWindow   - MainMenu -> DialogSubScene
21:43:54.762 [JavaFX Application Thread] DEBUG PrimaryStageWindow   - Pop state: DialogSubScene
21:43:54.762 [JavaFX Application Thread] DEBUG Input                - Clearing active input actions
21:43:54.763 [JavaFX Application Thread] DEBUG GameApplicationServi - Removing overlay from DialogSubScene and adding to MainMenu
21:43:54.763 [JavaFX Application Thread] DEBUG PrimaryStageWindow   - MainMenu <- DialogSubScene
21:43:54.763 [JavaFX Application Thread] DEBUG AudioPlayer          - Stopping music com.almasb.fxgl.audio.Music@5ea62275
21:43:54.763 [JavaFX Application Thread] DEBUG GameApplicationServi - Starting new game
21:43:54.763 [JavaFX Application Thread] DEBUG PrimaryStageWindow   - Pop state: MainMenu
21:43:54.763 [JavaFX Application Thread] DEBUG Input                - Clearing active input actions
21:43:54.764 [JavaFX Application Thread] DEBUG GameApplicationServi - Removing overlay from MainMenu and adding to FXGLMainMenuDummyScene
21:43:54.764 [JavaFX Application Thread] DEBUG PrimaryStageWindow   - FXGLMainMenuDummyScene <- MainMenu
21:43:54.764 [JavaFX Application Thread] DEBUG Input                - Clearing active input actions
21:43:54.771 [JavaFX Application Thread] DEBUG GameApplicationServi - Removing overlay from FXGLMainMenuDummyScene and adding to FXGLLoadingScene
21:43:54.772 [JavaFX Application Thread] DEBUG PrimaryStageWindow   - FXGLMainMenuDummyScene -> FXGLLoadingScene
21:43:54.772 [JavaFX Application Thread] DEBUG GameApplicationServi - Clearing previous game
21:43:54.772 [JavaFX Application Thread] DEBUG GameScene            - Clearing game scene
21:43:54.772 [JavaFX Application Thread] DEBUG GameWorld            - Clearing game world
21:43:54.773 [JavaFX Application Thread] DEBUG PhysicsWorld         - Clearing physics world
21:43:54.774 [FXGL Background Thread 2 ] DEBUG FXGLApplication      - Initializing game
21:43:54.774 [FXGL Background Thread 2 ] WARN  FXGLAssetLoaderServi - Asset "/assets/sounds/sounds/hit.wav" was not found!
21:43:54.775 [FXGL Background Thread 2 ] WARN  FXGLAssetLoaderServi - Failed to load SOUND
21:43:54.775 [FXGL Background Thread 2 ] WARN  FXGLAssetLoaderServi - Asset "/assets/sounds/sounds/miss.wav" was not found!
21:43:54.775 [FXGL Background Thread 2 ] WARN  FXGLAssetLoaderServi - Failed to load SOUND
21:43:54.775 [FXGL Background Thread 2 ] DEBUG AudioPlayer          - Stopping music com.almasb.fxgl.audio.Music@46e06b4f
21:43:54.776 [FXGL Background Thread 2 ] DEBUG FXGLAssetLoaderServi - Loading from file system: file:/Users/ajaxestela/IdeaProjects/GitSomeSleep/Capstonee/target/classes/assets/music/songs/zhongli.wav
21:43:54.787 [FXGL Background Thread 2 ] INFO  FXGLApplication      - Game initialization took: 0.014 sec
21:43:54.788 [JavaFX Application Thread] DEBUG Input                - Clearing active input actions
21:43:54.790 [JavaFX Application Thread] DEBUG GameApplicationServi - Removing overlay from FXGLLoadingScene and adding to GameScene
21:43:54.790 [JavaFX Application Thread] DEBUG PrimaryStageWindow   - FXGLLoadingScene -> GameScene
21:43:55.435 [JavaFX Application Thread] DEBUG AudioPlayer          - Playing music com.almasb.fxgl.audio.Music@443af365
21:44:08.465 [JavaFX Application Thread] DEBUG PrimaryStageWindow   - Push state: GamePauseMenu
21:44:08.466 [JavaFX Application Thread] DEBUG Input                - Clearing active input actions
21:44:08.467 [JavaFX Application Thread] DEBUG GameApplicationServi - Removing overlay from GameScene and adding to GamePauseMenu
21:44:08.468 [JavaFX Application Thread] DEBUG PrimaryStageWindow   - GameScene -> GamePauseMenu
21:44:09.098 [JavaFX Application Thread] DEBUG PrimaryStageWindow   - Push state: DialogSubScene
21:44:09.098 [JavaFX Application Thread] DEBUG Input                - Clearing active input actions
21:44:09.101 [JavaFX Application Thread] DEBUG GameApplicationServi - Removing overlay from GamePauseMenu and adding to DialogSubScene
21:44:09.101 [JavaFX Application Thread] DEBUG PrimaryStageWindow   - GamePauseMenu -> DialogSubScene
21:44:11.096 [JavaFX Application Thread] DEBUG PrimaryStageWindow   - Pop state: DialogSubScene
21:44:11.096 [JavaFX Application Thread] DEBUG Input                - Clearing active input actions
21:44:11.097 [JavaFX Application Thread] DEBUG GameApplicationServi - Removing overlay from DialogSubScene and adding to GamePauseMenu
21:44:11.097 [JavaFX Application Thread] DEBUG PrimaryStageWindow   - GamePauseMenu <- DialogSubScene
21:44:11.548 [JavaFX Application Thread] DEBUG PrimaryStageWindow   - Pop state: GamePauseMenu
21:44:11.548 [JavaFX Application Thread] DEBUG Input                - Clearing active input actions
21:44:11.549 [JavaFX Application Thread] DEBUG GameApplicationServi - Removing overlay from GamePauseMenu and adding to GameScene
21:44:11.549 [JavaFX Application Thread] DEBUG PrimaryStageWindow   - GameScene <- GamePauseMenu
21:44:31.649 [JavaFX Application Thread] DEBUG AudioPlayer          - Stopping music com.almasb.fxgl.audio.Music@443af365
21:44:31.654 [JavaFX Application Thread] DEBUG PrimaryStageWindow   - Push state: DialogSubScene
21:44:31.654 [JavaFX Application Thread] DEBUG Input                - Clearing active input actions
21:44:31.654 [JavaFX Application Thread] DEBUG GameApplicationServi - Removing overlay from GameScene and adding to DialogSubScene
21:44:31.655 [JavaFX Application Thread] DEBUG PrimaryStageWindow   - GameScene -> DialogSubScene
21:44:33.571 [JavaFX Application Thread] DEBUG PrimaryStageWindow   - Pop state: DialogSubScene
21:44:33.571 [JavaFX Application Thread] DEBUG Input                - Clearing active input actions
21:44:33.571 [JavaFX Application Thread] DEBUG GameApplicationServi - Removing overlay from DialogSubScene and adding to GameScene
21:44:33.571 [JavaFX Application Thread] DEBUG PrimaryStageWindow   - GameScene <- DialogSubScene
21:44:33.572 [JavaFX Application Thread] DEBUG AudioPlayer          - Stopping music com.almasb.fxgl.audio.Music@46e06b4f
21:44:33.572 [JavaFX Application Thread] DEBUG AudioPlayer          - Stopping music com.almasb.fxgl.audio.Music@443af365
21:44:33.572 [JavaFX Application Thread] DEBUG AudioPlayer          - Stopping music com.almasb.fxgl.audio.Music@46e06b4f
21:44:33.572 [JavaFX Application Thread] DEBUG AudioPlayer          - Stopping music com.almasb.fxgl.audio.Music@443af365
21:44:33.573 [JavaFX Application Thread] DEBUG Input                - Clearing active input actions
21:44:33.578 [JavaFX Application Thread] DEBUG GameApplicationServi - Removing overlay from GameScene and adding to FXGLMainMenuDummyScene
21:44:33.579 [JavaFX Application Thread] DEBUG PrimaryStageWindow   - GameScene -> FXGLMainMenuDummyScene
21:44:33.579 [JavaFX Application Thread] DEBUG PrimaryStageWindow   - Push state: MainMenu
21:44:33.579 [JavaFX Application Thread] DEBUG Input                - Clearing active input actions
21:44:33.579 [JavaFX Application Thread] DEBUG GameApplicationServi - Removing overlay from FXGLMainMenuDummyScene and adding to MainMenu
21:44:33.579 [JavaFX Application Thread] DEBUG PrimaryStageWindow   - FXGLMainMenuDummyScene -> MainMenu
21:44:38.072 [JavaFX Application Thread] DEBUG FXGLApplication      - Exiting FXGL
21:44:38.073 [JavaFX Application Thread] DEBUG LoopRunner           - Stopping loop
21:44:38.073 [JavaFX Application Thread] DEBUG SystemBundleService  - Saving FXGL system data
21:44:38.076 [JavaFX Application Thread] DEBUG FileSystemAccess     - Writing to: /Users/ajaxestela/IdeaProjects/GitSomeSleep/Capstonee/system/fxgl.bundle
21:44:38.077 [JavaFX Application Thread] DEBUG Async                - Shutting down background threads
21:44:38.077 [JavaFX Application Thread] DEBUG PrimaryStageWindow   - Closing main window
21:44:38.096 [JavaFX Application Thread] DEBUG Logger               - Closing Logger
