16:49:20.365 [main                     ] DEBUG Logger               - Configured Logger
16:49:20.377 [main                     ] DEBUG GameApplication      - Logging settings
Title: Platformer with Rhythm
Version: 0.2
Width: 1280
Height: 720
Fullscreen: false
Intro: false
Profiling: false
Single step:false
App Mode: DEVELOPER
Menu Key: ESCAPE
Stage Style: DECORATED
Scene Factory: class com.almasb.fxgl.app.scene.SceneFactory

16:49:21.051 [JavaFX Application Thread] DEBUG FXGLApplication      - Initializing FXGL
16:49:21.053 [JavaFX Application Thread] INFO  Engine               - FXGL-21.1 (27.03.2024 07.52) on MAC (J:23 FX:22.0.1)
16:49:21.053 [JavaFX Application Thread] DEBUG Engine               - JRE Vendor Name: Oracle Corporation
16:49:21.053 [JavaFX Application Thread] DEBUG Engine               - Running on OS: Mac OS X version 15.3.2
16:49:21.053 [JavaFX Application Thread] DEBUG Engine               - Architecture: aarch64
16:49:21.053 [JavaFX Application Thread] INFO  Engine               - Source code and latest versions at: https://github.com/AlmasB/FXGL
16:49:21.053 [JavaFX Application Thread] INFO  Engine               -       Ask questions and discuss at: https://github.com/AlmasB/FXGL/discussions
16:49:21.053 [JavaFX Application Thread] INFO  Engine               -              Join the FXGL chat at: https://gitter.im/AlmasB/FXGL
16:49:21.090 [JavaFX Application Thread] DEBUG PrimaryStageWindow   - Creating a JavaFX scene
16:49:21.109 [JavaFX Application Thread] DEBUG PrimaryStageWindow   - Target settings size: 1280.0 x 720.0
16:49:21.109 [JavaFX Application Thread] DEBUG PrimaryStageWindow   - Scaled scene size:    1280.0 x 720.0
16:49:21.109 [JavaFX Application Thread] DEBUG PrimaryStageWindow   - Scaled ratio: (1.0, 1.0)
16:49:21.109 [JavaFX Application Thread] DEBUG PrimaryStageWindow   - Set initial scene to FXGLStartupScene
16:49:21.110 [JavaFX Application Thread] DEBUG PrimaryStageWindow   - Opening main window
16:49:21.182 [JavaFX Application Thread] DEBUG PrimaryStageWindow   - Window border size: (0.0, 28.0)
16:49:21.182 [JavaFX Application Thread] DEBUG PrimaryStageWindow   - Scaled size: 1280.0 x 720.0
16:49:21.182 [JavaFX Application Thread] DEBUG PrimaryStageWindow   - Scaled ratio: (1.0, 1.0)
16:49:21.182 [JavaFX Application Thread] DEBUG PrimaryStageWindow   - Scene size: 1280.0 x 720.0
16:49:21.182 [JavaFX Application Thread] DEBUG PrimaryStageWindow   - Stage size: 1280.0 x 748.0
16:49:21.185 [FXGL Background Thread 1 ] DEBUG Engine               - Initializing environment variables
16:49:21.216 [FXGL Background Thread 1 ] DEBUG FXGLAssetLoaderServi - User app class for loading assets: class org.example.capstonee.GameApp
16:49:21.216 [FXGL Background Thread 1 ] DEBUG GameApplicationServi - Applying CSS: fxgl_dark.css
16:49:21.217 [FXGL Background Thread 1 ] DEBUG FXGLAssetLoaderServi - Loading from file system: jar:file:///Users/ajaxestela/.m2/repository/com/github/almasb/fxgl/21.1/fxgl-21.1.jar!/fxglassets/ui/css/fxgl_dark.css
16:49:21.244 [FXGL Background Thread 1 ] DEBUG GameApplicationServi - Initializing application scenes
16:49:21.337 [FXGL Background Thread 1 ] DEBUG GameWorld            - Game world initialized
16:49:21.359 [FXGL Background Thread 1 ] DEBUG PhysicsWorld         - Physics world initialized: appHeight=720, physics.ppm=50.0
16:49:21.359 [FXGL Background Thread 1 ] DEBUG PhysicsWorld         - Using strategy: BRUTE_FORCE
16:49:21.360 [FXGL Background Thread 1 ] DEBUG GameScene            - Game scene initialized: 1280x720
16:49:21.364 [FXGL Background Thread 1 ] DEBUG FXGL.DefaultMenu     - createMenuBodyMainMenu()
16:49:21.370 [FXGL Background Thread 1 ] DEBUG FXGL.DefaultMenu     - createOptionsMenu()
16:49:21.374 [FXGL Background Thread 1 ] DEBUG FXGLAssetLoaderServi - Loading from file system: jar:file:///Users/ajaxestela/.m2/repository/com/github/almasb/fxgl/21.1/fxgl-21.1.jar!/fxglassets/textures/particles/smoke.png
16:49:21.413 [FXGL Background Thread 1 ] DEBUG FXGLAssetLoaderServi - Loading from file system: jar:file:///Users/ajaxestela/.m2/repository/com/github/almasb/fxgl/21.1/fxgl-21.1.jar!/fxglassets/textures/particles/trace_horizontal.png
16:49:21.429 [FXGL Background Thread 1 ] DEBUG FXGL.DefaultMenu     - createMenuBodyGameMenu()
16:49:21.429 [FXGL Background Thread 1 ] DEBUG FXGL.DefaultMenu     - createOptionsMenu()
16:49:21.436 [FXGL Background Thread 1 ] DEBUG GameApplicationServi - Application scenes initialized
16:49:21.440 [FXGL Background Thread 1 ] DEBUG SystemBundleService  - Loading FXGL system data
16:49:21.442 [FXGL Background Thread 1 ] DEBUG FileSystemAccess     - Reading from: /Users/ajaxestela/IdeaProjects/GitSomeSleep/system/fxgl.bundle
16:49:21.445 [FXGL Background Thread 1 ] DEBUG SystemBundleService  - Bundle FXGL: {}
16:49:21.445 [FXGL Background Thread 1 ] DEBUG UpdaterService       - Checking for updates
16:49:21.446 [FXGL Background Thread 4 ] DEBUG FXGLApplication      - Loading fonts
16:49:21.446 [FXGL Background Thread 1 ] DEBUG FXGLApplication      - Loading default localization
16:49:21.446 [FXGL Background Thread 4 ] DEBUG FXGLAssetLoaderServi - Loading from file system: jar:file:///Users/ajaxestela/.m2/repository/com/github/almasb/fxgl/21.1/fxgl-21.1.jar!/fxglassets/ui/fonts/VarelaRound-Regular.ttf
16:49:21.447 [FXGL Background Thread 1 ] DEBUG FXGLAssetLoaderServi - Loading from file system: jar:file:///Users/ajaxestela/.m2/repository/com/github/almasb/fxgl/21.1/fxgl-21.1.jar!/fxglassets/languages/english.lang
16:49:21.455 [FXGL Background Thread 1 ] INFO  FXGLApplication      - FXGL initialization took: 0.269 sec
16:49:21.459 [JavaFX Application Thread] DEBUG Input                - Registered new binding: Left - A
16:49:21.459 [JavaFX Application Thread] DEBUG Input                - Registered new binding: Right - D
16:49:21.459 [JavaFX Application Thread] DEBUG Input                - Registered new binding: Jump - W
16:49:21.459 [JavaFX Application Thread] DEBUG Input                - Registered new binding: Interact / Confirm - E
16:49:21.459 [JavaFX Application Thread] DEBUG Input                - Registered new binding: RhythmLane0 - H
16:49:21.459 [FXGL Background Thread 4 ] DEBUG FXGLAssetLoaderServi - Loading from file system: jar:file:///Users/ajaxestela/.m2/repository/com/github/almasb/fxgl/21.1/fxgl-21.1.jar!/fxglassets/ui/fonts/Abel-Regular.ttf
16:49:21.459 [JavaFX Application Thread] DEBUG Input                - Registered new binding: RhythmLane1 - J
16:49:21.460 [JavaFX Application Thread] DEBUG Input                - Registered new binding: RhythmLane2 - K
16:49:21.460 [JavaFX Application Thread] DEBUG Input                - Registered new binding: RhythmLane3 - L
16:49:21.460 [JavaFX Application Thread] DEBUG Input                - Registered new binding: RhythmStart - Space
16:49:21.460 [JavaFX Application Thread] DEBUG FXGLAssetLoaderServi - Loading from file system: jar:file:///Users/ajaxestela/.m2/repository/com/github/almasb/fxgl/21.1/fxgl-21.1.jar!/fxglassets/textures/fxgl_icon.png
16:49:21.461 [FXGL Background Thread 4 ] DEBUG FXGLAssetLoaderServi - Loading from file system: jar:file:///Users/ajaxestela/.m2/repository/com/github/almasb/fxgl/21.1/fxgl-21.1.jar!/fxglassets/ui/fonts/TerminalLandMono-Regular.otf
16:49:21.465 [FXGL Background Thread 4 ] DEBUG FXGLAssetLoaderServi - Loading from file system: jar:file:///Users/ajaxestela/.m2/repository/com/github/almasb/fxgl/21.1/fxgl-21.1.jar!/fxglassets/ui/fonts/Courier-Prime.ttf
16:49:21.482 [JavaFX Application Thread] DEBUG FXGLAssetLoaderServi - Loading from file system: jar:file:///Users/ajaxestela/.m2/repository/com/github/almasb/fxgl/21.1/fxgl-21.1.jar!/fxglassets/textures/fxgl_default_cursor.png
16:49:21.483 [JavaFX Application Thread] DEBUG Input                - Registered new binding: Screenshot - CTRL+8
16:49:21.483 [JavaFX Application Thread] DEBUG Input                - Registered new binding: System info dump - CTRL+9
16:49:21.483 [JavaFX Application Thread] DEBUG Input                - Registered new binding: Restart - CTRL+R
16:49:21.483 [JavaFX Application Thread] DEBUG Input                - Registered new binding: Toggle Debug Camera - CTRL+7
16:49:21.484 [JavaFX Application Thread] DEBUG LoopRunner           - Starting loop
16:49:21.484 [JavaFX Application Thread] DEBUG LoopRunner           - Initializing JavaFX AnimationTimerLoop
16:49:21.485 [JavaFX Application Thread] DEBUG Input                - Clearing active input actions
16:49:21.488 [JavaFX Application Thread] DEBUG GameApplicationServi - Removing overlay from FXGLStartupScene and adding to FXGLMainMenuDummyScene
16:49:21.488 [JavaFX Application Thread] DEBUG PrimaryStageWindow   - FXGLStartupScene -> FXGLMainMenuDummyScene
16:49:21.488 [JavaFX Application Thread] DEBUG PrimaryStageWindow   - Push state: FXGLDefaultMenu
16:49:21.490 [JavaFX Application Thread] DEBUG Input                - Clearing active input actions
16:49:21.493 [JavaFX Application Thread] DEBUG GameApplicationServi - Removing overlay from FXGLMainMenuDummyScene and adding to FXGLDefaultMenu
16:49:21.494 [JavaFX Application Thread] DEBUG PrimaryStageWindow   - FXGLMainMenuDummyScene -> FXGLDefaultMenu
16:49:21.500 [JavaFX Application Thread] DEBUG FXGLApplication      - Registering font factories with UI factory
16:49:22.993 [JavaFX Application Thread] DEBUG Menu                 - fireNewGame()
16:49:22.993 [JavaFX Application Thread] DEBUG GameApplicationServi - Starting new game
16:49:22.994 [JavaFX Application Thread] DEBUG PrimaryStageWindow   - Pop state: FXGLDefaultMenu
16:49:22.995 [JavaFX Application Thread] DEBUG Input                - Clearing active input actions
16:49:22.995 [JavaFX Application Thread] DEBUG GameApplicationServi - Removing overlay from FXGLDefaultMenu and adding to FXGLMainMenuDummyScene
16:49:22.995 [JavaFX Application Thread] DEBUG PrimaryStageWindow   - FXGLMainMenuDummyScene <- FXGLDefaultMenu
16:49:22.995 [JavaFX Application Thread] DEBUG Input                - Clearing active input actions
16:49:22.998 [JavaFX Application Thread] DEBUG GameApplicationServi - Removing overlay from FXGLMainMenuDummyScene and adding to FXGLLoadingScene
16:49:22.998 [JavaFX Application Thread] DEBUG PrimaryStageWindow   - FXGLMainMenuDummyScene -> FXGLLoadingScene
16:49:22.998 [JavaFX Application Thread] DEBUG GameApplicationServi - Clearing previous game
16:49:22.998 [JavaFX Application Thread] DEBUG GameScene            - Clearing game scene
16:49:22.998 [JavaFX Application Thread] DEBUG GameWorld            - Clearing game world
16:49:22.998 [JavaFX Application Thread] DEBUG PhysicsWorld         - Clearing physics world
16:49:22.999 [FXGL Background Thread 2 ] DEBUG FXGLApplication      - Initializing game
16:49:23.000 [FXGL Background Thread 2 ] WARN  FXGLAssetLoaderServi - Asset "/assets/sounds/sounds/hit.wav" was not found!
16:49:23.001 [FXGL Background Thread 2 ] WARN  FXGLAssetLoaderServi - Failed to load SOUND
16:49:23.001 [FXGL Background Thread 2 ] WARN  FXGLAssetLoaderServi - Asset "/assets/sounds/sounds/miss.wav" was not found!
16:49:23.001 [FXGL Background Thread 2 ] WARN  FXGLAssetLoaderServi - Failed to load SOUND
16:49:23.009 [JavaFX Application Thread] DEBUG LoopRunner           - Stopping loop
16:49:23.010 [JavaFX Application Thread] FATAL FXGLApplication      - Uncaught Exception:
java.lang.RuntimeException: Initialization failed
	at com.almasb.fxgl.all@21.1/com.almasb.fxgl.app.FXGLApplication$InitAppTask.failed(FXGLApplication.kt:347)
	at javafx.graphics@22.0.1/javafx.concurrent.Task.setState(Task.java:710)
	at javafx.graphics@22.0.1/javafx.concurrent.Task$TaskCallable.lambda$call$2(Task.java:1429)
	at javafx.graphics@22.0.1/com.sun.javafx.application.PlatformImpl.lambda$runLater$10(PlatformImpl.java:456)
	at java.base/java.security.AccessController.doPrivileged(AccessController.java:400)
	at javafx.graphics@22.0.1/com.sun.javafx.application.PlatformImpl.lambda$runLater$11(PlatformImpl.java:455)
	at javafx.graphics@22.0.1/com.sun.glass.ui.InvokeLaterDispatcher$Future.run(InvokeLaterDispatcher.java:95)
Caused by: java.lang.IllegalArgumentException: Duplicated @Spawns(background) in org.example.capstonee.LiyueMapFactory@73f75677. Already exists in org.example.capstonee.MapFactory@120f97e7=[interactionZone, npc, background, player, platform]
	at com.almasb.fxgl.entity@21.1/com.almasb.fxgl.entity.GameWorld.checkDuplicateSpawners(GameWorld.kt:341)
	at com.almasb.fxgl.entity@21.1/com.almasb.fxgl.entity.GameWorld.access$checkDuplicateSpawners(GameWorld.kt:35)
	at com.almasb.fxgl.entity@21.1/com.almasb.fxgl.entity.GameWorld$addEntityFactory$1.invoke(GameWorld.kt:314)
	at com.almasb.fxgl.entity@21.1/com.almasb.fxgl.entity.GameWorld$addEntityFactory$1.invoke(GameWorld.kt:310)
	at com.almasb.fxgl.entity@21.1/com.almasb.fxgl.entity.GameWorld.addEntityFactory$lambda$8(GameWorld.kt:310)
	at java.base/java.util.HashMap.forEach(HashMap.java:1430)
	at com.almasb.fxgl.entity@21.1/com.almasb.fxgl.entity.GameWorld.addEntityFactory(GameWorld.kt:310)
	at org.example.capstonee/org.example.capstonee.GameApp.initGame(GameApp.java:191)
	at com.almasb.fxgl.all@21.1/com.almasb.fxgl.app.FXGLApplication$InitAppTask.initGame(FXGLApplication.kt:343)
	at com.almasb.fxgl.all@21.1/com.almasb.fxgl.app.FXGLApplication$InitAppTask.call(FXGLApplication.kt:321)
	at com.almasb.fxgl.all@21.1/com.almasb.fxgl.app.FXGLApplication$InitAppTask.call(FXGLApplication.kt:313)
	at javafx.graphics@22.0.1/javafx.concurrent.Task$TaskCallable.call(Task.java:1399)
	at java.base/java.util.concurrent.FutureTask.run(FutureTask.java:317)
	at java.base/java.util.concurrent.Executors$RunnableAdapter.call(Executors.java:572)
	at java.base/java.util.concurrent.FutureTask.run(FutureTask.java:317)
	at java.base/java.util.concurrent.ThreadPoolExecutor.runWorker(ThreadPoolExecutor.java:1144)
	at java.base/java.util.concurrent.ThreadPoolExecutor$Worker.run(ThreadPoolExecutor.java:642)
	at java.base/java.lang.Thread.run(Thread.java:1575)

16:49:23.010 [JavaFX Application Thread] FATAL FXGLApplication      - Application will now exit
16:49:23.022 [JavaFX Application Thread] DEBUG PrimaryStageWindow   - Push state: ErrorSubScene
16:49:23.022 [JavaFX Application Thread] DEBUG Input                - Clearing active input actions
16:49:23.023 [JavaFX Application Thread] DEBUG GameApplicationServi - Removing overlay from FXGLLoadingScene and adding to ErrorSubScene
16:49:23.023 [JavaFX Application Thread] DEBUG PrimaryStageWindow   - FXGLLoadingScene -> ErrorSubScene
16:49:24.447 [FXGL Background Thread 3 ] DEBUG Engine               - Logging environment variables
16:49:24.448 [FXGL Background Thread 3 ] DEBUG Engine               - achievements: []
16:49:24.448 [FXGL Background Thread 3 ] DEBUG Engine               - actualHeight: 720.0
16:49:24.448 [FXGL Background Thread 3 ] DEBUG Engine               - actualHeightProperty: ReadOnlyDoubleProperty [value: 720.0]
16:49:24.448 [FXGL Background Thread 3 ] DEBUG Engine               - actualWidth: 1280.0
16:49:24.448 [FXGL Background Thread 3 ] DEBUG Engine               - actualWidthProperty: ReadOnlyDoubleProperty [value: 1280.0]
16:49:24.448 [FXGL Background Thread 3 ] DEBUG Engine               - appIcon: fxgl_icon.png
16:49:24.448 [FXGL Background Thread 3 ] DEBUG Engine               - applicationMode: DEVELOPER
16:49:24.448 [FXGL Background Thread 3 ] DEBUG Engine               - cSSList: [fxgl_dark.css]
16:49:24.448 [FXGL Background Thread 3 ] DEBUG Engine               - collisionDetectionStrategy: BRUTE_FORCE
16:49:24.448 [FXGL Background Thread 3 ] DEBUG Engine               - configClass: Optional.empty
16:49:24.448 [FXGL Background Thread 3 ] DEBUG Engine               - credits: []
16:49:24.448 [FXGL Background Thread 3 ] DEBUG Engine               - defaultCursor: CursorInfo(imageName=fxgl_default_cursor.png, hotspotX=7.0, hotspotY=6.0)
16:49:24.449 [FXGL Background Thread 3 ] DEBUG Engine               - devBBoxColorProperty: ObjectProperty [value: 0xff0000ff]
16:49:24.449 [FXGL Background Thread 3 ] DEBUG Engine               - devEnableDebugCameraProperty: BooleanProperty [value: false]
16:49:24.449 [FXGL Background Thread 3 ] DEBUG Engine               - devSensorColorProperty: ObjectProperty [value: 0xffff00ff]
16:49:24.449 [FXGL Background Thread 3 ] DEBUG Engine               - devShowBBoxProperty: BooleanProperty [value: false]
16:49:24.449 [FXGL Background Thread 3 ] DEBUG Engine               - devShowPositionProperty: BooleanProperty [value: false]
16:49:24.449 [FXGL Background Thread 3 ] DEBUG Engine               - enabledMenuItems: []
16:49:24.449 [FXGL Background Thread 3 ] DEBUG Engine               - engineServices: [class com.almasb.fxgl.app.services.FXGLAssetLoaderService, class com.almasb.fxgl.app.FXGLApplication$GameApplicationService, class com.almasb.fxgl.app.services.FXGLDialogService, class com.almasb.fxgl.app.services.IOTaskExecutorService, class com.almasb.fxgl.io.FileSystemService, class com.almasb.fxgl.localization.LocalizationService, class com.almasb.fxgl.app.services.SystemBundleService, class com.almasb.fxgl.profile.SaveLoadService, class com.almasb.fxgl.ui.FXGLUIFactoryServiceProvider, class com.almasb.fxgl.ui.FXGLDialogFactoryServiceProvider, class com.almasb.fxgl.audio.AudioPlayer, class com.almasb.fxgl.notification.impl.NotificationServiceProvider, class com.almasb.fxgl.achievement.AchievementService, class com.almasb.fxgl.cutscene.CutsceneService, class com.almasb.fxgl.minigames.MiniGameService, class com.almasb.fxgl.net.NetService, class com.almasb.fxgl.app.services.UpdaterService, class com.almasb.fxgl.dev.DevService]
16:49:24.449 [FXGL Background Thread 3 ] DEBUG Engine               - fontGame: Abel-Regular.ttf
16:49:24.449 [FXGL Background Thread 3 ] DEBUG Engine               - fontMono: TerminalLandMono-Regular.otf
16:49:24.449 [FXGL Background Thread 3 ] DEBUG Engine               - fontSizeScaleUI: 1.0
16:49:24.449 [FXGL Background Thread 3 ] DEBUG Engine               - fontText: Courier-Prime.ttf
16:49:24.449 [FXGL Background Thread 3 ] DEBUG Engine               - fontUI: VarelaRound-Regular.ttf
16:49:24.449 [FXGL Background Thread 3 ] DEBUG Engine               - fullScreen: BooleanProperty [value: false]
16:49:24.449 [FXGL Background Thread 3 ] DEBUG Engine               - gameDifficulty: MEDIUM
16:49:24.449 [FXGL Background Thread 3 ] DEBUG Engine               - gameDifficultyProperty: ObjectProperty [value: MEDIUM]
16:49:24.449 [FXGL Background Thread 3 ] DEBUG Engine               - globalMusicVolume: 0.5
16:49:24.449 [FXGL Background Thread 3 ] DEBUG Engine               - globalMusicVolumeProperty: DoubleProperty [value: 0.5]
16:49:24.449 [FXGL Background Thread 3 ] DEBUG Engine               - globalSoundVolume: 0.5
16:49:24.449 [FXGL Background Thread 3 ] DEBUG Engine               - globalSoundVolumeProperty: DoubleProperty [value: 0.5]
16:49:24.449 [FXGL Background Thread 3 ] DEBUG Engine               - height: 720
16:49:24.449 [FXGL Background Thread 3 ] DEBUG Engine               - is3D: false
16:49:24.449 [FXGL Background Thread 3 ] DEBUG Engine               - isAndroid: false
16:49:24.449 [FXGL Background Thread 3 ] DEBUG Engine               - isBrowser: false
16:49:24.449 [FXGL Background Thread 3 ] DEBUG Engine               - isClickFeedbackEnabled: false
16:49:24.449 [FXGL Background Thread 3 ] DEBUG Engine               - isCloseConfirmation: false
16:49:24.449 [FXGL Background Thread 3 ] DEBUG Engine               - isDesktop: true
16:49:24.449 [FXGL Background Thread 3 ] DEBUG Engine               - isDeveloperMenuEnabled: false
16:49:24.449 [FXGL Background Thread 3 ] DEBUG Engine               - isEmbedded: false
16:49:24.449 [FXGL Background Thread 3 ] DEBUG Engine               - isEntityPreloadEnabled: true
16:49:24.449 [FXGL Background Thread 3 ] DEBUG Engine               - isExperimentalTiledLargeMap: false
16:49:24.449 [FXGL Background Thread 3 ] DEBUG Engine               - isFileSystemWriteAllowed: true
16:49:24.449 [FXGL Background Thread 3 ] DEBUG Engine               - isFullScreenAllowed: false
16:49:24.449 [FXGL Background Thread 3 ] DEBUG Engine               - isFullScreenFromStart: false
16:49:24.449 [FXGL Background Thread 3 ] DEBUG Engine               - isGameMenuEnabled: true
16:49:24.449 [FXGL Background Thread 3 ] DEBUG Engine               - isIOS: false
16:49:24.449 [FXGL Background Thread 3 ] DEBUG Engine               - isIntroEnabled: false
16:49:24.449 [FXGL Background Thread 3 ] DEBUG Engine               - isLinux: false
16:49:24.449 [FXGL Background Thread 3 ] DEBUG Engine               - isMac: true
16:49:24.450 [FXGL Background Thread 3 ] DEBUG Engine               - isMainMenuEnabled: true
16:49:24.450 [FXGL Background Thread 3 ] DEBUG Engine               - isManualResizeEnabled: false
16:49:24.450 [FXGL Background Thread 3 ] DEBUG Engine               - isMobile: false
16:49:24.450 [FXGL Background Thread 3 ] DEBUG Engine               - isNative: false
16:49:24.450 [FXGL Background Thread 3 ] DEBUG Engine               - isPauseMusicWhenMinimized: true
16:49:24.450 [FXGL Background Thread 3 ] DEBUG Engine               - isPreserveResizeRatio: false
16:49:24.450 [FXGL Background Thread 3 ] DEBUG Engine               - isProfilingEnabled: false
16:49:24.450 [FXGL Background Thread 3 ] DEBUG Engine               - isScaleAffectedOnResize: true
16:49:24.450 [FXGL Background Thread 3 ] DEBUG Engine               - isSingleStep: false
16:49:24.450 [FXGL Background Thread 3 ] DEBUG Engine               - isUserProfileEnabled: false
16:49:24.450 [FXGL Background Thread 3 ] DEBUG Engine               - isWindows: false
16:49:24.450 [FXGL Background Thread 3 ] DEBUG Engine               - language: ObjectProperty [value: ENGLISH]
16:49:24.450 [FXGL Background Thread 3 ] DEBUG Engine               - menuKey: ESCAPE
16:49:24.450 [FXGL Background Thread 3 ] DEBUG Engine               - mouseSensitivity: 0.2
16:49:24.450 [FXGL Background Thread 3 ] DEBUG Engine               - notificationViewClass: class com.almasb.fxgl.notification.view.XboxNotificationView
16:49:24.450 [FXGL Background Thread 3 ] DEBUG Engine               - pixelsPerMeter: 50.0
16:49:24.450 [FXGL Background Thread 3 ] DEBUG Engine               - platform: MAC
16:49:24.450 [FXGL Background Thread 3 ] DEBUG Engine               - prefHeightProperty: ReadOnlyDoubleProperty [value: 720.0]
16:49:24.450 [FXGL Background Thread 3 ] DEBUG Engine               - prefWidthProperty: ReadOnlyDoubleProperty [value: 1280.0]
16:49:24.450 [FXGL Background Thread 3 ] DEBUG Engine               - profileDir: profiles/
16:49:24.450 [FXGL Background Thread 3 ] DEBUG Engine               - profileName: StringProperty [value: DEFAULT]
16:49:24.450 [FXGL Background Thread 3 ] DEBUG Engine               - randomSeed: -1
16:49:24.450 [FXGL Background Thread 3 ] DEBUG Engine               - runtimeInfo: RuntimeInfo(platform=MAC, version=21.1, build=27.03.2024 07.52)
16:49:24.450 [FXGL Background Thread 3 ] DEBUG Engine               - saveFileExt: sav
16:49:24.450 [FXGL Background Thread 3 ] DEBUG Engine               - scaledHeightProp$fxgl: DoubleProperty [bound, value: 720.0]
16:49:24.450 [FXGL Background Thread 3 ] DEBUG Engine               - scaledWidthProp$fxgl: DoubleProperty [bound, value: 1280.0]
16:49:24.450 [FXGL Background Thread 3 ] DEBUG Engine               - sceneFactory: com.almasb.fxgl.app.scene.SceneFactory@78209e11
16:49:24.450 [FXGL Background Thread 3 ] DEBUG Engine               - secondsIn24h: 60
16:49:24.450 [FXGL Background Thread 3 ] DEBUG Engine               - soundMenuBack: menu/back.wav
16:49:24.450 [FXGL Background Thread 3 ] DEBUG Engine               - soundMenuPress: menu/press.wav
16:49:24.450 [FXGL Background Thread 3 ] DEBUG Engine               - soundMenuSelect: menu/select.wav
16:49:24.450 [FXGL Background Thread 3 ] DEBUG Engine               - soundNotification: core/notification.wav
16:49:24.450 [FXGL Background Thread 3 ] DEBUG Engine               - stageStyle: DECORATED
16:49:24.450 [FXGL Background Thread 3 ] DEBUG Engine               - supportedLanguages: [ENGLISH, FRENCH, GERMAN, HUNGARIAN, RUSSIAN]
16:49:24.450 [FXGL Background Thread 3 ] DEBUG Engine               - ticksPerSecond: -1
16:49:24.450 [FXGL Background Thread 3 ] DEBUG Engine               - title: Platformer with Rhythm
16:49:24.450 [FXGL Background Thread 3 ] DEBUG Engine               - urlGithub: https://github.com/AlmasB/FXGL
16:49:24.450 [FXGL Background Thread 3 ] DEBUG Engine               - urlLeaderboard: http://fxgl-top.herokuapp.com/
16:49:24.450 [FXGL Background Thread 3 ] DEBUG Engine               - urlPOM: https://raw.githubusercontent.com/AlmasB/FXGL/release/README.md
16:49:24.450 [FXGL Background Thread 3 ] DEBUG Engine               - userAppClass: class org.example.capstonee.GameApp
16:49:24.450 [FXGL Background Thread 3 ] DEBUG Engine               - version: 0.2
16:49:24.450 [FXGL Background Thread 3 ] DEBUG Engine               - versionCheckDays: 7
16:49:24.450 [FXGL Background Thread 3 ] DEBUG Engine               - width: 1280
16:49:24.450 [FXGL Background Thread 3 ] DEBUG Engine               - Logging services
16:49:24.450 [FXGL Background Thread 3 ] DEBUG Engine               - class com.almasb.fxgl.app.services.FXGLAssetLoaderService
16:49:24.450 [FXGL Background Thread 3 ] DEBUG Engine               - class com.almasb.fxgl.app.FXGLApplication$GameApplicationService
16:49:24.451 [FXGL Background Thread 3 ] DEBUG Engine               - class com.almasb.fxgl.app.services.FXGLDialogService
16:49:24.451 [FXGL Background Thread 3 ] DEBUG Engine               - class com.almasb.fxgl.app.services.IOTaskExecutorService
16:49:24.451 [FXGL Background Thread 3 ] DEBUG Engine               - class com.almasb.fxgl.io.FileSystemService
16:49:24.451 [FXGL Background Thread 3 ] DEBUG Engine               - class com.almasb.fxgl.localization.LocalizationService
16:49:24.451 [FXGL Background Thread 3 ] DEBUG Engine               - class com.almasb.fxgl.app.services.SystemBundleService
16:49:24.451 [FXGL Background Thread 3 ] DEBUG Engine               - class com.almasb.fxgl.profile.SaveLoadService
16:49:24.451 [FXGL Background Thread 3 ] DEBUG Engine               - class com.almasb.fxgl.ui.FXGLUIFactoryServiceProvider
16:49:24.451 [FXGL Background Thread 3 ] DEBUG Engine               - class com.almasb.fxgl.ui.FXGLDialogFactoryServiceProvider
16:49:24.451 [FXGL Background Thread 3 ] DEBUG Engine               - class com.almasb.fxgl.audio.AudioPlayer
16:49:24.451 [FXGL Background Thread 3 ] DEBUG Engine               - class com.almasb.fxgl.notification.impl.NotificationServiceProvider
16:49:24.451 [FXGL Background Thread 3 ] DEBUG Engine               - class com.almasb.fxgl.achievement.AchievementService
16:49:24.451 [FXGL Background Thread 3 ] DEBUG Engine               - class com.almasb.fxgl.cutscene.CutsceneService
16:49:24.451 [FXGL Background Thread 3 ] DEBUG Engine               - class com.almasb.fxgl.minigames.MiniGameService
16:49:24.451 [FXGL Background Thread 3 ] DEBUG Engine               - class com.almasb.fxgl.net.NetService
16:49:24.451 [FXGL Background Thread 3 ] DEBUG Engine               - class com.almasb.fxgl.app.services.UpdaterService
16:49:24.451 [FXGL Background Thread 3 ] DEBUG Engine               - class com.almasb.fxgl.dev.DevService
16:49:24.710 [JavaFX Application Thread] DEBUG FXGLApplication      - Exiting FXGL
16:49:24.710 [JavaFX Application Thread] DEBUG Async                - Shutting down background threads
16:49:24.711 [JavaFX Application Thread] DEBUG PrimaryStageWindow   - Closing main window
16:49:24.748 [JavaFX Application Thread] DEBUG Logger               - Closing Logger
