12:46:47.839 [main                     ] DEBUG Logger               - Configured Logger
12:46:47.858 [main                     ] DEBUG GameApplication      - Logging settings
Title: Game App
Version: 0.1
Width: 1280
Height: 720
Fullscreen: false
Intro: false
Profiling: false
Single step:false
App Mode: DEVELOPER
Menu Key: ESCAPE
Stage Style: DECORATED
Scene Factory: class com.almasb.fxgl.app.scene.SceneFactory

12:46:48.158 [JavaFX Application Thread] DEBUG FXGLApplication      - Initializing FXGL
12:46:48.160 [JavaFX Application Thread] INFO  Engine               - FXGL-21.1 (27.03.2024 07.52) on MAC (J:23.0.2 FX:22.0.1)
12:46:48.160 [JavaFX Application Thread] DEBUG Engine               - JRE Vendor Name: Homebrew
12:46:48.160 [JavaFX Application Thread] DEBUG Engine               - Running on OS: Mac OS X version 15.3.2
12:46:48.160 [JavaFX Application Thread] DEBUG Engine               - Architecture: aarch64
12:46:48.160 [JavaFX Application Thread] INFO  Engine               - Source code and latest versions at: https://github.com/AlmasB/FXGL
12:46:48.160 [JavaFX Application Thread] INFO  Engine               -       Ask questions and discuss at: https://github.com/AlmasB/FXGL/discussions
12:46:48.160 [JavaFX Application Thread] INFO  Engine               -              Join the FXGL chat at: https://gitter.im/AlmasB/FXGL
12:46:48.205 [JavaFX Application Thread] DEBUG PrimaryStageWindow   - Creating a JavaFX scene
12:46:48.228 [JavaFX Application Thread] DEBUG PrimaryStageWindow   - Target settings size: 1280.0 x 720.0
12:46:48.228 [JavaFX Application Thread] DEBUG PrimaryStageWindow   - Scaled scene size:    1280.0 x 720.0
12:46:48.228 [JavaFX Application Thread] DEBUG PrimaryStageWindow   - Scaled ratio: (1.0, 1.0)
12:46:48.228 [JavaFX Application Thread] DEBUG PrimaryStageWindow   - Set initial scene to FXGLStartupScene
12:46:48.229 [JavaFX Application Thread] DEBUG PrimaryStageWindow   - Opening main window
12:46:48.309 [JavaFX Application Thread] DEBUG PrimaryStageWindow   - Window border size: (0.0, 28.0)
12:46:48.309 [JavaFX Application Thread] DEBUG PrimaryStageWindow   - Scaled size: 1280.0 x 720.0
12:46:48.309 [JavaFX Application Thread] DEBUG PrimaryStageWindow   - Scaled ratio: (1.0, 1.0)
12:46:48.309 [JavaFX Application Thread] DEBUG PrimaryStageWindow   - Scene size: 1280.0 x 720.0
12:46:48.309 [JavaFX Application Thread] DEBUG PrimaryStageWindow   - Stage size: 1280.0 x 748.0
12:46:48.313 [FXGL Background Thread 1 ] DEBUG Engine               - Initializing environment variables
12:46:48.366 [FXGL Background Thread 1 ] DEBUG FXGLAssetLoaderServi - User app class for loading assets: class org.example.capstonee.GameApp
12:46:48.367 [FXGL Background Thread 1 ] DEBUG GameApplicationServi - Applying CSS: fxgl_dark.css
12:46:48.367 [FXGL Background Thread 1 ] DEBUG FXGLAssetLoaderServi - Loading from file system: jar:file:///Users/ajaxestela/.m2/repository/com/github/almasb/fxgl/21.1/fxgl-21.1.jar!/fxglassets/ui/css/fxgl_dark.css
12:46:48.405 [FXGL Background Thread 1 ] DEBUG GameApplicationServi - Initializing application scenes
12:46:48.534 [FXGL Background Thread 1 ] DEBUG GameWorld            - Game world initialized
12:46:48.623 [FXGL Background Thread 1 ] DEBUG PhysicsWorld         - Physics world initialized: appHeight=720, physics.ppm=50.0
12:46:48.623 [FXGL Background Thread 1 ] DEBUG PhysicsWorld         - Using strategy: BRUTE_FORCE
12:46:48.626 [FXGL Background Thread 1 ] DEBUG GameScene            - Game scene initialized: 1280x720
12:46:48.637 [FXGL Background Thread 1 ] DEBUG FXGL.DefaultMenu     - createMenuBodyGameMenu()
12:46:48.660 [FXGL Background Thread 1 ] DEBUG FXGL.DefaultMenu     - createOptionsMenu()
12:46:48.665 [FXGL Background Thread 1 ] DEBUG FXGLAssetLoaderServi - Loading from file system: jar:file:///Users/ajaxestela/.m2/repository/com/github/almasb/fxgl/21.1/fxgl-21.1.jar!/fxglassets/textures/particles/smoke.png
12:46:48.745 [FXGL Background Thread 1 ] DEBUG FXGLAssetLoaderServi - Loading from file system: jar:file:///Users/ajaxestela/.m2/repository/com/github/almasb/fxgl/21.1/fxgl-21.1.jar!/fxglassets/textures/particles/trace_horizontal.png
12:46:48.785 [FXGL Background Thread 1 ] DEBUG GameApplicationServi - Application scenes initialized
12:46:48.798 [FXGL Background Thread 1 ] DEBUG SystemBundleService  - Loading FXGL system data
12:46:48.808 [FXGL Background Thread 1 ] DEBUG FileSystemAccess     - Reading from: /Users/ajaxestela/IdeaProjects/GitSomeSleep/system/fxgl.bundle
12:46:48.816 [FXGL Background Thread 1 ] DEBUG SystemBundleService  - Bundle FXGL: {}
12:46:48.816 [FXGL Background Thread 1 ] DEBUG UpdaterService       - Checking for updates
12:46:48.821 [FXGL Background Thread 4 ] DEBUG FXGLApplication      - Loading fonts
12:46:48.821 [FXGL Background Thread 1 ] DEBUG FXGLApplication      - Loading default localization
12:46:48.821 [FXGL Background Thread 4 ] DEBUG FXGLAssetLoaderServi - Loading from file system: jar:file:///Users/ajaxestela/.m2/repository/com/github/almasb/fxgl/21.1/fxgl-21.1.jar!/fxglassets/ui/fonts/VarelaRound-Regular.ttf
12:46:48.821 [FXGL Background Thread 1 ] DEBUG FXGLAssetLoaderServi - Loading from file system: jar:file:///Users/ajaxestela/.m2/repository/com/github/almasb/fxgl/21.1/fxgl-21.1.jar!/fxglassets/languages/english.lang
12:46:48.841 [FXGL Background Thread 1 ] INFO  FXGLApplication      - FXGL initialization took: 0.529 sec
12:46:48.848 [JavaFX Application Thread] DEBUG Input                - Registered new binding: Left - A
12:46:48.848 [JavaFX Application Thread] DEBUG Input                - Registered new binding: Right - D
12:46:48.848 [JavaFX Application Thread] DEBUG Input                - Registered new binding: Jump - W
12:46:48.848 [JavaFX Application Thread] DEBUG Input                - Registered new binding: Interact - E
12:46:48.848 [JavaFX Application Thread] DEBUG Input                - Registered new binding: RhythmLane0 - F
12:46:48.848 [JavaFX Application Thread] DEBUG Input                - Registered new binding: RhythmLane1 - G
12:46:48.848 [JavaFX Application Thread] DEBUG Input                - Registered new binding: RhythmLane2 - H
12:46:48.848 [JavaFX Application Thread] DEBUG Input                - Registered new binding: RhythmLane3 - J
12:46:48.848 [JavaFX Application Thread] DEBUG Input                - Registered new binding: RhythmStart - Space
12:46:48.848 [JavaFX Application Thread] DEBUG FXGLAssetLoaderServi - Loading from file system: jar:file:///Users/ajaxestela/.m2/repository/com/github/almasb/fxgl/21.1/fxgl-21.1.jar!/fxglassets/textures/fxgl_icon.png
12:46:48.883 [FXGL Background Thread 4 ] DEBUG FXGLAssetLoaderServi - Loading from file system: jar:file:///Users/ajaxestela/.m2/repository/com/github/almasb/fxgl/21.1/fxgl-21.1.jar!/fxglassets/ui/fonts/Abel-Regular.ttf
12:46:48.886 [FXGL Background Thread 4 ] DEBUG FXGLAssetLoaderServi - Loading from file system: jar:file:///Users/ajaxestela/.m2/repository/com/github/almasb/fxgl/21.1/fxgl-21.1.jar!/fxglassets/ui/fonts/TerminalLandMono-Regular.otf
12:46:48.900 [JavaFX Application Thread] DEBUG FXGLAssetLoaderServi - Loading from file system: jar:file:///Users/ajaxestela/.m2/repository/com/github/almasb/fxgl/21.1/fxgl-21.1.jar!/fxglassets/textures/fxgl_default_cursor.png
12:46:48.901 [JavaFX Application Thread] DEBUG Input                - Registered new binding: Screenshot - CTRL+8
12:46:48.901 [JavaFX Application Thread] DEBUG Input                - Registered new binding: System info dump - CTRL+9
12:46:48.901 [JavaFX Application Thread] DEBUG Input                - Registered new binding: Restart - CTRL+R
12:46:48.901 [JavaFX Application Thread] DEBUG Input                - Registered new binding: Toggle Debug Camera - CTRL+7
12:46:48.902 [JavaFX Application Thread] DEBUG LoopRunner           - Starting loop
12:46:48.902 [JavaFX Application Thread] DEBUG LoopRunner           - Initializing JavaFX AnimationTimerLoop
12:46:48.903 [JavaFX Application Thread] DEBUG GameApplicationServi - Starting new game
12:46:48.903 [JavaFX Application Thread] DEBUG Input                - Clearing active input actions
12:46:48.910 [JavaFX Application Thread] DEBUG GameApplicationServi - Removing overlay from FXGLStartupScene and adding to FXGLLoadingScene
12:46:48.910 [JavaFX Application Thread] DEBUG PrimaryStageWindow   - FXGLStartupScene -> FXGLLoadingScene
12:46:48.910 [JavaFX Application Thread] DEBUG GameApplicationServi - Clearing previous game
12:46:48.910 [JavaFX Application Thread] DEBUG GameScene            - Clearing game scene
12:46:48.910 [JavaFX Application Thread] DEBUG GameWorld            - Clearing game world
12:46:48.911 [JavaFX Application Thread] DEBUG PhysicsWorld         - Clearing physics world
12:46:48.911 [FXGL Background Thread 1 ] DEBUG FXGLApplication      - Initializing game
12:46:49.017 [FXGL Background Thread 1 ] WARN  TMXLevelLoader       - TiledMap generated from 1.11.0. Supported version: 1.9.0. Some features may not be parsed fully.
12:46:49.023 [FXGL Background Thread 1 ] DEBUG TMXLevelLoader       - Parsed TiledMap: file:/Users/ajaxestela/IdeaProjects/GitSomeSleep/Capstonee/target/classes/assets/levels/tmx/test.tmx
12:46:49.023 [FXGL Background Thread 1 ] DEBUG TMXLevelLoader       - Creating tile layer entities
12:46:49.024 [FXGL Background Thread 1 ] DEBUG TilesetLoader        - Loading view for layer Tile Layer 1
12:46:49.025 [FXGL Background Thread 1 ] DEBUG TilesetLoader        - Created buffer with size 320.0x320.0
12:46:49.033 [FXGL Background Thread 1 ] DEBUG TMXLevelLoader       - Creating object layer entities
12:46:49.044 [FXGL Background Thread 1 ] DEBUG GameWorld            - Clearing removable entities
12:46:49.045 [FXGL Background Thread 1 ] DEBUG GameWorld            - Setting level: com.almasb.fxgl.entity.level.Level@70cca73d
12:46:49.051 [FXGL Background Thread 1 ] WARN  FXGLAssetLoaderServi - Asset "/assets/textures/player.png" was not found!
12:46:49.051 [FXGL Background Thread 1 ] WARN  FXGLAssetLoaderServi - Failed to load IMAGE
12:46:49.186 [FXGL Background Thread 4 ] DEBUG FXGLAssetLoaderServi - Loading from file system: jar:file:///Users/ajaxestela/.m2/repository/com/github/almasb/fxgl/21.1/fxgl-21.1.jar!/fxglassets/ui/fonts/Courier-Prime.ttf
12:46:49.220 [JavaFX Application Thread] DEBUG FXGLApplication      - Registering font factories with UI factory
12:46:49.227 [FXGL Background Thread 1 ] DEBUG FXGLAssetLoaderServi - Loading from file system: file:/Users/ajaxestela/IdeaProjects/GitSomeSleep/Capstonee/target/classes/assets/textures/background/bruh.jpg
12:46:49.285 [FXGL Background Thread 1 ] INFO  FXGLApplication      - Game initialization took: 0.373 sec
12:46:49.285 [JavaFX Application Thread] DEBUG Input                - Clearing active input actions
12:46:49.289 [JavaFX Application Thread] DEBUG GameApplicationServi - Removing overlay from FXGLLoadingScene and adding to GameScene
12:46:49.289 [JavaFX Application Thread] DEBUG PrimaryStageWindow   - FXGLLoadingScene -> GameScene
12:46:51.824 [FXGL Background Thread 3 ] DEBUG Engine               - Logging environment variables
12:46:51.825 [FXGL Background Thread 3 ] DEBUG Engine               - achievements: []
12:46:51.825 [FXGL Background Thread 3 ] DEBUG Engine               - actualHeight: 720.0
12:46:51.825 [FXGL Background Thread 3 ] DEBUG Engine               - actualHeightProperty: ReadOnlyDoubleProperty [value: 720.0]
12:46:51.825 [FXGL Background Thread 3 ] DEBUG Engine               - actualWidth: 1280.0
12:46:51.825 [FXGL Background Thread 3 ] DEBUG Engine               - actualWidthProperty: ReadOnlyDoubleProperty [value: 1280.0]
12:46:51.825 [FXGL Background Thread 3 ] DEBUG Engine               - appIcon: fxgl_icon.png
12:46:51.825 [FXGL Background Thread 3 ] DEBUG Engine               - applicationMode: DEVELOPER
12:46:51.826 [FXGL Background Thread 3 ] DEBUG Engine               - cSSList: [fxgl_dark.css]
12:46:51.826 [FXGL Background Thread 3 ] DEBUG Engine               - collisionDetectionStrategy: BRUTE_FORCE
12:46:51.826 [FXGL Background Thread 3 ] DEBUG Engine               - configClass: Optional.empty
12:46:51.826 [FXGL Background Thread 3 ] DEBUG Engine               - credits: []
12:46:51.826 [FXGL Background Thread 3 ] DEBUG Engine               - defaultCursor: CursorInfo(imageName=fxgl_default_cursor.png, hotspotX=7.0, hotspotY=6.0)
12:46:51.826 [FXGL Background Thread 3 ] DEBUG Engine               - devBBoxColorProperty: ObjectProperty [value: 0xff0000ff]
12:46:51.826 [FXGL Background Thread 3 ] DEBUG Engine               - devEnableDebugCameraProperty: BooleanProperty [value: false]
12:46:51.826 [FXGL Background Thread 3 ] DEBUG Engine               - devSensorColorProperty: ObjectProperty [value: 0xffff00ff]
12:46:51.826 [FXGL Background Thread 3 ] DEBUG Engine               - devShowBBoxProperty: BooleanProperty [value: false]
12:46:51.827 [FXGL Background Thread 3 ] DEBUG Engine               - devShowPositionProperty: BooleanProperty [value: false]
12:46:51.827 [FXGL Background Thread 3 ] DEBUG Engine               - enabledMenuItems: []
12:46:51.827 [FXGL Background Thread 3 ] DEBUG Engine               - engineServices: [class com.almasb.fxgl.app.services.FXGLAssetLoaderService, class com.almasb.fxgl.app.FXGLApplication$GameApplicationService, class com.almasb.fxgl.app.services.FXGLDialogService, class com.almasb.fxgl.app.services.IOTaskExecutorService, class com.almasb.fxgl.io.FileSystemService, class com.almasb.fxgl.localization.LocalizationService, class com.almasb.fxgl.app.services.SystemBundleService, class com.almasb.fxgl.profile.SaveLoadService, class com.almasb.fxgl.ui.FXGLUIFactoryServiceProvider, class com.almasb.fxgl.ui.FXGLDialogFactoryServiceProvider, class com.almasb.fxgl.audio.AudioPlayer, class com.almasb.fxgl.notification.impl.NotificationServiceProvider, class com.almasb.fxgl.achievement.AchievementService, class com.almasb.fxgl.cutscene.CutsceneService, class com.almasb.fxgl.minigames.MiniGameService, class com.almasb.fxgl.net.NetService, class com.almasb.fxgl.app.services.UpdaterService, class com.almasb.fxgl.dev.DevService]
12:46:51.827 [FXGL Background Thread 3 ] DEBUG Engine               - fontGame: Abel-Regular.ttf
12:46:51.827 [FXGL Background Thread 3 ] DEBUG Engine               - fontMono: TerminalLandMono-Regular.otf
12:46:51.827 [FXGL Background Thread 3 ] DEBUG Engine               - fontSizeScaleUI: 1.0
12:46:51.827 [FXGL Background Thread 3 ] DEBUG Engine               - fontText: Courier-Prime.ttf
12:46:51.827 [FXGL Background Thread 3 ] DEBUG Engine               - fontUI: VarelaRound-Regular.ttf
12:46:51.827 [FXGL Background Thread 3 ] DEBUG Engine               - fullScreen: BooleanProperty [value: false]
12:46:51.827 [FXGL Background Thread 3 ] DEBUG Engine               - gameDifficulty: MEDIUM
12:46:51.827 [FXGL Background Thread 3 ] DEBUG Engine               - gameDifficultyProperty: ObjectProperty [value: MEDIUM]
12:46:51.827 [FXGL Background Thread 3 ] DEBUG Engine               - globalMusicVolume: 0.5
12:46:51.827 [FXGL Background Thread 3 ] DEBUG Engine               - globalMusicVolumeProperty: DoubleProperty [value: 0.5]
12:46:51.827 [FXGL Background Thread 3 ] DEBUG Engine               - globalSoundVolume: 0.5
12:46:51.827 [FXGL Background Thread 3 ] DEBUG Engine               - globalSoundVolumeProperty: DoubleProperty [value: 0.5]
12:46:51.827 [FXGL Background Thread 3 ] DEBUG Engine               - height: 720
12:46:51.827 [FXGL Background Thread 3 ] DEBUG Engine               - is3D: false
12:46:51.827 [FXGL Background Thread 3 ] DEBUG Engine               - isAndroid: false
12:46:51.827 [FXGL Background Thread 3 ] DEBUG Engine               - isBrowser: false
12:46:51.828 [FXGL Background Thread 3 ] DEBUG Engine               - isClickFeedbackEnabled: false
12:46:51.828 [FXGL Background Thread 3 ] DEBUG Engine               - isCloseConfirmation: false
12:46:51.828 [FXGL Background Thread 3 ] DEBUG Engine               - isDesktop: true
12:46:51.828 [FXGL Background Thread 3 ] DEBUG Engine               - isDeveloperMenuEnabled: false
12:46:51.828 [FXGL Background Thread 3 ] DEBUG Engine               - isEmbedded: false
12:46:51.828 [FXGL Background Thread 3 ] DEBUG Engine               - isEntityPreloadEnabled: true
12:46:51.828 [FXGL Background Thread 3 ] DEBUG Engine               - isExperimentalTiledLargeMap: false
12:46:51.828 [FXGL Background Thread 3 ] DEBUG Engine               - isFileSystemWriteAllowed: true
12:46:51.828 [FXGL Background Thread 3 ] DEBUG Engine               - isFullScreenAllowed: false
12:46:51.828 [FXGL Background Thread 3 ] DEBUG Engine               - isFullScreenFromStart: false
12:46:51.828 [FXGL Background Thread 3 ] DEBUG Engine               - isGameMenuEnabled: true
12:46:51.828 [FXGL Background Thread 3 ] DEBUG Engine               - isIOS: false
12:46:51.828 [FXGL Background Thread 3 ] DEBUG Engine               - isIntroEnabled: false
12:46:51.828 [FXGL Background Thread 3 ] DEBUG Engine               - isLinux: false
12:46:51.828 [FXGL Background Thread 3 ] DEBUG Engine               - isMac: true
12:46:51.828 [FXGL Background Thread 3 ] DEBUG Engine               - isMainMenuEnabled: false
12:46:51.828 [FXGL Background Thread 3 ] DEBUG Engine               - isManualResizeEnabled: false
12:46:51.828 [FXGL Background Thread 3 ] DEBUG Engine               - isMobile: false
12:46:51.828 [FXGL Background Thread 3 ] DEBUG Engine               - isNative: false
12:46:51.828 [FXGL Background Thread 3 ] DEBUG Engine               - isPauseMusicWhenMinimized: true
12:46:51.828 [FXGL Background Thread 3 ] DEBUG Engine               - isPreserveResizeRatio: false
12:46:51.828 [FXGL Background Thread 3 ] DEBUG Engine               - isProfilingEnabled: false
12:46:51.828 [FXGL Background Thread 3 ] DEBUG Engine               - isScaleAffectedOnResize: true
12:46:51.828 [FXGL Background Thread 3 ] DEBUG Engine               - isSingleStep: false
12:46:51.828 [FXGL Background Thread 3 ] DEBUG Engine               - isUserProfileEnabled: false
12:46:51.828 [FXGL Background Thread 3 ] DEBUG Engine               - isWindows: false
12:46:51.829 [FXGL Background Thread 3 ] DEBUG Engine               - language: ObjectProperty [value: ENGLISH]
12:46:51.829 [FXGL Background Thread 3 ] DEBUG Engine               - menuKey: ESCAPE
12:46:51.829 [FXGL Background Thread 3 ] DEBUG Engine               - mouseSensitivity: 0.2
12:46:51.829 [FXGL Background Thread 3 ] DEBUG Engine               - notificationViewClass: class com.almasb.fxgl.notification.view.XboxNotificationView
12:46:51.829 [FXGL Background Thread 3 ] DEBUG Engine               - pixelsPerMeter: 50.0
12:46:51.829 [FXGL Background Thread 3 ] DEBUG Engine               - platform: MAC
12:46:51.829 [FXGL Background Thread 3 ] DEBUG Engine               - prefHeightProperty: ReadOnlyDoubleProperty [value: 720.0]
12:46:51.829 [FXGL Background Thread 3 ] DEBUG Engine               - prefWidthProperty: ReadOnlyDoubleProperty [value: 1280.0]
12:46:51.829 [FXGL Background Thread 3 ] DEBUG Engine               - profileDir: profiles/
12:46:51.829 [FXGL Background Thread 3 ] DEBUG Engine               - profileName: StringProperty [value: DEFAULT]
12:46:51.829 [FXGL Background Thread 3 ] DEBUG Engine               - randomSeed: -1
12:46:51.829 [FXGL Background Thread 3 ] DEBUG Engine               - runtimeInfo: RuntimeInfo(platform=MAC, version=21.1, build=27.03.2024 07.52)
12:46:51.829 [FXGL Background Thread 3 ] DEBUG Engine               - saveFileExt: sav
12:46:51.829 [FXGL Background Thread 3 ] DEBUG Engine               - scaledHeightProp$fxgl: DoubleProperty [bound, value: 720.0]
12:46:51.829 [FXGL Background Thread 3 ] DEBUG Engine               - scaledWidthProp$fxgl: DoubleProperty [bound, value: 1280.0]
12:46:51.829 [FXGL Background Thread 3 ] DEBUG Engine               - sceneFactory: com.almasb.fxgl.app.scene.SceneFactory@7870ceb1
12:46:51.829 [FXGL Background Thread 3 ] DEBUG Engine               - secondsIn24h: 60
12:46:51.829 [FXGL Background Thread 3 ] DEBUG Engine               - soundMenuBack: menu/back.wav
12:46:51.829 [FXGL Background Thread 3 ] DEBUG Engine               - soundMenuPress: menu/press.wav
12:46:51.830 [FXGL Background Thread 3 ] DEBUG Engine               - soundMenuSelect: menu/select.wav
12:46:51.830 [FXGL Background Thread 3 ] DEBUG Engine               - soundNotification: core/notification.wav
12:46:51.830 [FXGL Background Thread 3 ] DEBUG Engine               - stageStyle: DECORATED
12:46:51.830 [FXGL Background Thread 3 ] DEBUG Engine               - supportedLanguages: [ENGLISH, FRENCH, GERMAN, HUNGARIAN, RUSSIAN]
12:46:51.830 [FXGL Background Thread 3 ] DEBUG Engine               - ticksPerSecond: -1
12:46:51.830 [FXGL Background Thread 3 ] DEBUG Engine               - title: Game App
12:46:51.830 [FXGL Background Thread 3 ] DEBUG Engine               - urlGithub: https://github.com/AlmasB/FXGL
12:46:51.830 [FXGL Background Thread 3 ] DEBUG Engine               - urlLeaderboard: http://fxgl-top.herokuapp.com/
12:46:51.830 [FXGL Background Thread 3 ] DEBUG Engine               - urlPOM: https://raw.githubusercontent.com/AlmasB/FXGL/release/README.md
12:46:51.830 [FXGL Background Thread 3 ] DEBUG Engine               - userAppClass: class org.example.capstonee.GameApp
12:46:51.830 [FXGL Background Thread 3 ] DEBUG Engine               - version: 0.1
12:46:51.830 [FXGL Background Thread 3 ] DEBUG Engine               - versionCheckDays: 7
12:46:51.830 [FXGL Background Thread 3 ] DEBUG Engine               - width: 1280
12:46:51.830 [FXGL Background Thread 3 ] DEBUG Engine               - Logging services
12:46:51.830 [FXGL Background Thread 3 ] DEBUG Engine               - class com.almasb.fxgl.app.services.FXGLAssetLoaderService
12:46:51.830 [FXGL Background Thread 3 ] DEBUG Engine               - class com.almasb.fxgl.app.FXGLApplication$GameApplicationService
12:46:51.830 [FXGL Background Thread 3 ] DEBUG Engine               - class com.almasb.fxgl.app.services.FXGLDialogService
12:46:51.830 [FXGL Background Thread 3 ] DEBUG Engine               - class com.almasb.fxgl.app.services.IOTaskExecutorService
12:46:51.830 [FXGL Background Thread 3 ] DEBUG Engine               - class com.almasb.fxgl.io.FileSystemService
12:46:51.830 [FXGL Background Thread 3 ] DEBUG Engine               - class com.almasb.fxgl.localization.LocalizationService
12:46:51.830 [FXGL Background Thread 3 ] DEBUG Engine               - class com.almasb.fxgl.app.services.SystemBundleService
12:46:51.830 [FXGL Background Thread 3 ] DEBUG Engine               - class com.almasb.fxgl.profile.SaveLoadService
12:46:51.830 [FXGL Background Thread 3 ] DEBUG Engine               - class com.almasb.fxgl.ui.FXGLUIFactoryServiceProvider
12:46:51.830 [FXGL Background Thread 3 ] DEBUG Engine               - class com.almasb.fxgl.ui.FXGLDialogFactoryServiceProvider
12:46:51.830 [FXGL Background Thread 3 ] DEBUG Engine               - class com.almasb.fxgl.audio.AudioPlayer
12:46:51.830 [FXGL Background Thread 3 ] DEBUG Engine               - class com.almasb.fxgl.notification.impl.NotificationServiceProvider
12:46:51.830 [FXGL Background Thread 3 ] DEBUG Engine               - class com.almasb.fxgl.achievement.AchievementService
12:46:51.830 [FXGL Background Thread 3 ] DEBUG Engine               - class com.almasb.fxgl.cutscene.CutsceneService
12:46:51.830 [FXGL Background Thread 3 ] DEBUG Engine               - class com.almasb.fxgl.minigames.MiniGameService
12:46:51.830 [FXGL Background Thread 3 ] DEBUG Engine               - class com.almasb.fxgl.net.NetService
12:46:51.830 [FXGL Background Thread 3 ] DEBUG Engine               - class com.almasb.fxgl.app.services.UpdaterService
12:46:51.830 [FXGL Background Thread 3 ] DEBUG Engine               - class com.almasb.fxgl.dev.DevService
12:46:54.103 [JavaFX Application Thread] WARN  FXGLAssetLoaderServi - Asset "/assets/sounds/sounds/hit.wav" was not found!
12:46:54.104 [JavaFX Application Thread] WARN  FXGLAssetLoaderServi - Failed to load SOUND
12:46:54.105 [JavaFX Application Thread] WARN  FXGLAssetLoaderServi - Asset "/assets/sounds/sounds/miss.wav" was not found!
12:46:54.105 [JavaFX Application Thread] WARN  FXGLAssetLoaderServi - Failed to load SOUND
12:46:54.105 [JavaFX Application Thread] WARN  FXGLAssetLoaderServi - Asset "/assets/music/songs/desperato.wav" was not found!
12:46:54.106 [JavaFX Application Thread] WARN  FXGLAssetLoaderServi - Failed to load MUSIC
12:46:55.043 [JavaFX Application Thread] DEBUG AudioPlayer          - Playing music com.almasb.fxgl.audio.Music@77562eef
12:46:55.043 [JavaFX Application Thread] DEBUG AudioPlayer          - Playing music com.almasb.fxgl.audio.Music@77562eef
12:47:05.866 [JavaFX Application Thread] DEBUG FXGLApplication      - Exiting FXGL
12:47:05.867 [JavaFX Application Thread] DEBUG LoopRunner           - Stopping loop
12:47:05.869 [JavaFX Application Thread] DEBUG SystemBundleService  - Saving FXGL system data
12:47:05.879 [JavaFX Application Thread] DEBUG FileSystemAccess     - Writing to: /Users/ajaxestela/IdeaProjects/GitSomeSleep/system/fxgl.bundle
12:47:05.883 [JavaFX Application Thread] DEBUG Async                - Shutting down background threads
12:47:05.883 [JavaFX Application Thread] DEBUG PrimaryStageWindow   - Closing main window
12:47:05.891 [JavaFX Application Thread] DEBUG Logger               - Closing Logger
