13:19:54.834 [main                     ] DEBUG Logger               - Configured Logger
13:19:54.844 [main                     ] DEBUG GameApplication      - Logging settings
Title: Game App
Version: 0.1
Width: 1280
Height: 720
Fullscreen: false
Intro: false
Profiling: false
Single step:false
App Mode: DEVELOPER
Menu Key: ESCAPE
Stage Style: DECORATED
Scene Factory: class com.almasb.fxgl.app.scene.SceneFactory

13:19:55.540 [JavaFX Application Thread] DEBUG FXGLApplication      - Initializing FXGL
13:19:55.542 [JavaFX Application Thread] INFO  Engine               - FXGL-21.1 (27.03.2024 07.52) on MAC (J:23.0.2 FX:22.0.1)
13:19:55.542 [JavaFX Application Thread] DEBUG Engine               - JRE Vendor Name: Homebrew
13:19:55.542 [JavaFX Application Thread] DEBUG Engine               - Running on OS: Mac OS X version 15.3.2
13:19:55.542 [JavaFX Application Thread] DEBUG Engine               - Architecture: aarch64
13:19:55.542 [JavaFX Application Thread] INFO  Engine               - Source code and latest versions at: https://github.com/AlmasB/FXGL
13:19:55.542 [JavaFX Application Thread] INFO  Engine               -       Ask questions and discuss at: https://github.com/AlmasB/FXGL/discussions
13:19:55.542 [JavaFX Application Thread] INFO  Engine               -              Join the FXGL chat at: https://gitter.im/AlmasB/FXGL
13:19:55.579 [JavaFX Application Thread] DEBUG PrimaryStageWindow   - Creating a JavaFX scene
13:19:55.596 [JavaFX Application Thread] DEBUG PrimaryStageWindow   - Target settings size: 1280.0 x 720.0
13:19:55.596 [JavaFX Application Thread] DEBUG PrimaryStageWindow   - Scaled scene size:    1280.0 x 720.0
13:19:55.596 [JavaFX Application Thread] DEBUG PrimaryStageWindow   - Scaled ratio: (1.0, 1.0)
13:19:55.596 [JavaFX Application Thread] DEBUG PrimaryStageWindow   - Set initial scene to FXGLStartupScene
13:19:55.597 [JavaFX Application Thread] DEBUG PrimaryStageWindow   - Opening main window
13:19:55.680 [JavaFX Application Thread] DEBUG PrimaryStageWindow   - Window border size: (0.0, 28.0)
13:19:55.681 [JavaFX Application Thread] DEBUG PrimaryStageWindow   - Scaled size: 1280.0 x 720.0
13:19:55.681 [JavaFX Application Thread] DEBUG PrimaryStageWindow   - Scaled ratio: (1.0, 1.0)
13:19:55.681 [JavaFX Application Thread] DEBUG PrimaryStageWindow   - Scene size: 1280.0 x 720.0
13:19:55.681 [JavaFX Application Thread] DEBUG PrimaryStageWindow   - Stage size: 1280.0 x 748.0
13:19:55.684 [FXGL Background Thread 1 ] DEBUG Engine               - Initializing environment variables
13:19:55.716 [FXGL Background Thread 1 ] DEBUG FXGLAssetLoaderServi - User app class for loading assets: class org.example.capstonee.GameApp
13:19:55.716 [FXGL Background Thread 1 ] DEBUG GameApplicationServi - Applying CSS: fxgl_dark.css
13:19:55.716 [FXGL Background Thread 1 ] DEBUG FXGLAssetLoaderServi - Loading from file system: jar:file:///Users/ajaxestela/.m2/repository/com/github/almasb/fxgl/21.1/fxgl-21.1.jar!/fxglassets/ui/css/fxgl_dark.css
13:19:55.738 [FXGL Background Thread 1 ] DEBUG GameApplicationServi - Initializing application scenes
13:19:55.862 [FXGL Background Thread 1 ] DEBUG GameWorld            - Game world initialized
13:19:55.988 [FXGL Background Thread 1 ] DEBUG PhysicsWorld         - Physics world initialized: appHeight=720, physics.ppm=50.0
13:19:55.989 [FXGL Background Thread 1 ] DEBUG PhysicsWorld         - Using strategy: BRUTE_FORCE
13:19:55.992 [FXGL Background Thread 1 ] DEBUG GameScene            - Game scene initialized: 1280x720
13:19:56.010 [FXGL Background Thread 1 ] DEBUG FXGL.DefaultMenu     - createMenuBodyGameMenu()
13:19:56.034 [FXGL Background Thread 1 ] DEBUG FXGL.DefaultMenu     - createOptionsMenu()
13:19:56.065 [FXGL Background Thread 1 ] DEBUG FXGLAssetLoaderServi - Loading from file system: jar:file:///Users/ajaxestela/.m2/repository/com/github/almasb/fxgl/21.1/fxgl-21.1.jar!/fxglassets/textures/particles/smoke.png
13:19:56.151 [FXGL Background Thread 1 ] DEBUG FXGLAssetLoaderServi - Loading from file system: jar:file:///Users/ajaxestela/.m2/repository/com/github/almasb/fxgl/21.1/fxgl-21.1.jar!/fxglassets/textures/particles/trace_horizontal.png
13:19:56.168 [FXGL Background Thread 1 ] DEBUG GameApplicationServi - Application scenes initialized
13:19:56.179 [FXGL Background Thread 1 ] DEBUG SystemBundleService  - Loading FXGL system data
13:19:56.190 [FXGL Background Thread 1 ] DEBUG FileSystemAccess     - Reading from: /Users/ajaxestela/IdeaProjects/GitSomeSleep/system/fxgl.bundle
13:19:56.198 [FXGL Background Thread 1 ] DEBUG SystemBundleService  - Bundle FXGL: {}
13:19:56.198 [FXGL Background Thread 1 ] DEBUG UpdaterService       - Checking for updates
13:19:56.199 [FXGL Background Thread 4 ] DEBUG FXGLApplication      - Loading fonts
13:19:56.199 [FXGL Background Thread 4 ] DEBUG FXGLAssetLoaderServi - Loading from file system: jar:file:///Users/ajaxestela/.m2/repository/com/github/almasb/fxgl/21.1/fxgl-21.1.jar!/fxglassets/ui/fonts/VarelaRound-Regular.ttf
13:19:56.199 [FXGL Background Thread 1 ] DEBUG FXGLApplication      - Loading default localization
13:19:56.199 [FXGL Background Thread 1 ] DEBUG FXGLAssetLoaderServi - Loading from file system: jar:file:///Users/ajaxestela/.m2/repository/com/github/almasb/fxgl/21.1/fxgl-21.1.jar!/fxglassets/languages/english.lang
13:19:56.225 [FXGL Background Thread 1 ] INFO  FXGLApplication      - FXGL initialization took: 0.541 sec
13:19:56.233 [JavaFX Application Thread] DEBUG Input                - Registered new binding: Left - A
13:19:56.233 [JavaFX Application Thread] DEBUG Input                - Registered new binding: Right - D
13:19:56.233 [JavaFX Application Thread] DEBUG Input                - Registered new binding: Jump - W
13:19:56.233 [JavaFX Application Thread] DEBUG Input                - Registered new binding: Interact - E
13:19:56.233 [JavaFX Application Thread] DEBUG Input                - Registered new binding: RhythmLane0 - F
13:19:56.233 [JavaFX Application Thread] DEBUG Input                - Registered new binding: RhythmLane1 - G
13:19:56.233 [JavaFX Application Thread] DEBUG Input                - Registered new binding: RhythmLane2 - H
13:19:56.233 [JavaFX Application Thread] DEBUG Input                - Registered new binding: RhythmLane3 - J
13:19:56.233 [JavaFX Application Thread] DEBUG Input                - Registered new binding: RhythmStart - Space
13:19:56.233 [JavaFX Application Thread] DEBUG FXGLAssetLoaderServi - Loading from file system: jar:file:///Users/ajaxestela/.m2/repository/com/github/almasb/fxgl/21.1/fxgl-21.1.jar!/fxglassets/textures/fxgl_icon.png
13:19:56.235 [FXGL Background Thread 4 ] DEBUG FXGLAssetLoaderServi - Loading from file system: jar:file:///Users/ajaxestela/.m2/repository/com/github/almasb/fxgl/21.1/fxgl-21.1.jar!/fxglassets/ui/fonts/Abel-Regular.ttf
13:19:56.239 [FXGL Background Thread 4 ] DEBUG FXGLAssetLoaderServi - Loading from file system: jar:file:///Users/ajaxestela/.m2/repository/com/github/almasb/fxgl/21.1/fxgl-21.1.jar!/fxglassets/ui/fonts/TerminalLandMono-Regular.otf
13:19:56.247 [FXGL Background Thread 4 ] DEBUG FXGLAssetLoaderServi - Loading from file system: jar:file:///Users/ajaxestela/.m2/repository/com/github/almasb/fxgl/21.1/fxgl-21.1.jar!/fxglassets/ui/fonts/Courier-Prime.ttf
13:19:56.271 [JavaFX Application Thread] DEBUG FXGLAssetLoaderServi - Loading from file system: jar:file:///Users/ajaxestela/.m2/repository/com/github/almasb/fxgl/21.1/fxgl-21.1.jar!/fxglassets/textures/fxgl_default_cursor.png
13:19:56.274 [JavaFX Application Thread] DEBUG Input                - Registered new binding: Screenshot - CTRL+8
13:19:56.274 [JavaFX Application Thread] DEBUG Input                - Registered new binding: System info dump - CTRL+9
13:19:56.275 [JavaFX Application Thread] DEBUG Input                - Registered new binding: Restart - CTRL+R
13:19:56.275 [JavaFX Application Thread] DEBUG Input                - Registered new binding: Toggle Debug Camera - CTRL+7
13:19:56.275 [JavaFX Application Thread] DEBUG LoopRunner           - Starting loop
13:19:56.275 [JavaFX Application Thread] DEBUG LoopRunner           - Initializing JavaFX AnimationTimerLoop
13:19:56.276 [JavaFX Application Thread] DEBUG GameApplicationServi - Starting new game
13:19:56.276 [JavaFX Application Thread] DEBUG Input                - Clearing active input actions
13:19:56.281 [JavaFX Application Thread] DEBUG GameApplicationServi - Removing overlay from FXGLStartupScene and adding to FXGLLoadingScene
13:19:56.281 [JavaFX Application Thread] DEBUG PrimaryStageWindow   - FXGLStartupScene -> FXGLLoadingScene
13:19:56.281 [JavaFX Application Thread] DEBUG GameApplicationServi - Clearing previous game
13:19:56.281 [JavaFX Application Thread] DEBUG GameScene            - Clearing game scene
13:19:56.281 [JavaFX Application Thread] DEBUG GameWorld            - Clearing game world
13:19:56.281 [JavaFX Application Thread] DEBUG PhysicsWorld         - Clearing physics world
13:19:56.282 [FXGL Background Thread 4 ] DEBUG FXGLApplication      - Initializing game
13:19:56.338 [JavaFX Application Thread] DEBUG FXGLApplication      - Registering font factories with UI factory
13:19:56.395 [FXGL Background Thread 4 ] WARN  TMXLevelLoader       - TiledMap generated from 1.11.0. Supported version: 1.9.0. Some features may not be parsed fully.
13:19:56.403 [FXGL Background Thread 4 ] DEBUG TMXLevelLoader       - Parsed TiledMap: file:/Users/ajaxestela/IdeaProjects/GitSomeSleep/Capstonee/target/classes/assets/levels/tmx/test.tmx
13:19:56.404 [FXGL Background Thread 4 ] DEBUG TMXLevelLoader       - Creating tile layer entities
13:19:56.404 [FXGL Background Thread 4 ] DEBUG TilesetLoader        - Loading view for layer Tile Layer 1
13:19:56.404 [FXGL Background Thread 4 ] DEBUG TilesetLoader        - Created buffer with size 320.0x320.0
13:19:56.407 [FXGL Background Thread 4 ] DEBUG TMXLevelLoader       - Creating object layer entities
13:19:56.417 [FXGL Background Thread 4 ] DEBUG GameWorld            - Clearing removable entities
13:19:56.417 [FXGL Background Thread 4 ] DEBUG GameWorld            - Setting level: com.almasb.fxgl.entity.level.Level@26a50d03
13:19:56.425 [FXGL Background Thread 4 ] WARN  FXGLAssetLoaderServi - Asset "/assets/textures/player.png" was not found!
13:19:56.425 [FXGL Background Thread 4 ] WARN  FXGLAssetLoaderServi - Failed to load IMAGE
13:19:56.472 [FXGL Background Thread 4 ] DEBUG FXGLAssetLoaderServi - Loading from file system: file:/Users/ajaxestela/IdeaProjects/GitSomeSleep/Capstonee/target/classes/assets/textures/background/bruh.jpg
13:19:56.521 [FXGL Background Thread 4 ] INFO  FXGLApplication      - Game initialization took: 0.240 sec
13:19:56.522 [JavaFX Application Thread] DEBUG Input                - Clearing active input actions
13:19:56.526 [JavaFX Application Thread] DEBUG GameApplicationServi - Removing overlay from FXGLLoadingScene and adding to GameScene
13:19:56.526 [JavaFX Application Thread] DEBUG PrimaryStageWindow   - FXGLLoadingScene -> GameScene
13:19:59.204 [FXGL Background Thread 3 ] DEBUG Engine               - Logging environment variables
13:19:59.206 [FXGL Background Thread 3 ] DEBUG Engine               - achievements: []
13:19:59.206 [FXGL Background Thread 3 ] DEBUG Engine               - actualHeight: 720.0
13:19:59.206 [FXGL Background Thread 3 ] DEBUG Engine               - actualHeightProperty: ReadOnlyDoubleProperty [value: 720.0]
13:19:59.206 [FXGL Background Thread 3 ] DEBUG Engine               - actualWidth: 1280.0
13:19:59.206 [FXGL Background Thread 3 ] DEBUG Engine               - actualWidthProperty: ReadOnlyDoubleProperty [value: 1280.0]
13:19:59.207 [FXGL Background Thread 3 ] DEBUG Engine               - appIcon: fxgl_icon.png
13:19:59.207 [FXGL Background Thread 3 ] DEBUG Engine               - applicationMode: DEVELOPER
13:19:59.207 [FXGL Background Thread 3 ] DEBUG Engine               - cSSList: [fxgl_dark.css]
13:19:59.207 [FXGL Background Thread 3 ] DEBUG Engine               - collisionDetectionStrategy: BRUTE_FORCE
13:19:59.207 [FXGL Background Thread 3 ] DEBUG Engine               - configClass: Optional.empty
13:19:59.207 [FXGL Background Thread 3 ] DEBUG Engine               - credits: []
13:19:59.208 [FXGL Background Thread 3 ] DEBUG Engine               - defaultCursor: CursorInfo(imageName=fxgl_default_cursor.png, hotspotX=7.0, hotspotY=6.0)
13:19:59.208 [FXGL Background Thread 3 ] DEBUG Engine               - devBBoxColorProperty: ObjectProperty [value: 0xff0000ff]
13:19:59.208 [FXGL Background Thread 3 ] DEBUG Engine               - devEnableDebugCameraProperty: BooleanProperty [value: false]
13:19:59.208 [FXGL Background Thread 3 ] DEBUG Engine               - devSensorColorProperty: ObjectProperty [value: 0xffff00ff]
13:19:59.208 [FXGL Background Thread 3 ] DEBUG Engine               - devShowBBoxProperty: BooleanProperty [value: false]
13:19:59.208 [FXGL Background Thread 3 ] DEBUG Engine               - devShowPositionProperty: BooleanProperty [value: false]
13:19:59.209 [FXGL Background Thread 3 ] DEBUG Engine               - enabledMenuItems: []
13:19:59.209 [FXGL Background Thread 3 ] DEBUG Engine               - engineServices: [class com.almasb.fxgl.app.services.FXGLAssetLoaderService, class com.almasb.fxgl.app.FXGLApplication$GameApplicationService, class com.almasb.fxgl.app.services.FXGLDialogService, class com.almasb.fxgl.app.services.IOTaskExecutorService, class com.almasb.fxgl.io.FileSystemService, class com.almasb.fxgl.localization.LocalizationService, class com.almasb.fxgl.app.services.SystemBundleService, class com.almasb.fxgl.profile.SaveLoadService, class com.almasb.fxgl.ui.FXGLUIFactoryServiceProvider, class com.almasb.fxgl.ui.FXGLDialogFactoryServiceProvider, class com.almasb.fxgl.audio.AudioPlayer, class com.almasb.fxgl.notification.impl.NotificationServiceProvider, class com.almasb.fxgl.achievement.AchievementService, class com.almasb.fxgl.cutscene.CutsceneService, class com.almasb.fxgl.minigames.MiniGameService, class com.almasb.fxgl.net.NetService, class com.almasb.fxgl.app.services.UpdaterService, class com.almasb.fxgl.dev.DevService]
13:19:59.209 [FXGL Background Thread 3 ] DEBUG Engine               - fontGame: Abel-Regular.ttf
13:19:59.209 [FXGL Background Thread 3 ] DEBUG Engine               - fontMono: TerminalLandMono-Regular.otf
13:19:59.209 [FXGL Background Thread 3 ] DEBUG Engine               - fontSizeScaleUI: 1.0
13:19:59.209 [FXGL Background Thread 3 ] DEBUG Engine               - fontText: Courier-Prime.ttf
13:19:59.209 [FXGL Background Thread 3 ] DEBUG Engine               - fontUI: VarelaRound-Regular.ttf
13:19:59.209 [FXGL Background Thread 3 ] DEBUG Engine               - fullScreen: BooleanProperty [value: false]
13:19:59.209 [FXGL Background Thread 3 ] DEBUG Engine               - gameDifficulty: MEDIUM
13:19:59.209 [FXGL Background Thread 3 ] DEBUG Engine               - gameDifficultyProperty: ObjectProperty [value: MEDIUM]
13:19:59.209 [FXGL Background Thread 3 ] DEBUG Engine               - globalMusicVolume: 0.5
13:19:59.209 [FXGL Background Thread 3 ] DEBUG Engine               - globalMusicVolumeProperty: DoubleProperty [value: 0.5]
13:19:59.209 [FXGL Background Thread 3 ] DEBUG Engine               - globalSoundVolume: 0.5
13:19:59.209 [FXGL Background Thread 3 ] DEBUG Engine               - globalSoundVolumeProperty: DoubleProperty [value: 0.5]
13:19:59.210 [FXGL Background Thread 3 ] DEBUG Engine               - height: 720
13:19:59.210 [FXGL Background Thread 3 ] DEBUG Engine               - is3D: false
13:19:59.210 [FXGL Background Thread 3 ] DEBUG Engine               - isAndroid: false
13:19:59.210 [FXGL Background Thread 3 ] DEBUG Engine               - isBrowser: false
13:19:59.210 [FXGL Background Thread 3 ] DEBUG Engine               - isClickFeedbackEnabled: false
13:19:59.210 [FXGL Background Thread 3 ] DEBUG Engine               - isCloseConfirmation: false
13:19:59.210 [FXGL Background Thread 3 ] DEBUG Engine               - isDesktop: true
13:19:59.210 [FXGL Background Thread 3 ] DEBUG Engine               - isDeveloperMenuEnabled: false
13:19:59.210 [FXGL Background Thread 3 ] DEBUG Engine               - isEmbedded: false
13:19:59.210 [FXGL Background Thread 3 ] DEBUG Engine               - isEntityPreloadEnabled: true
13:19:59.210 [FXGL Background Thread 3 ] DEBUG Engine               - isExperimentalTiledLargeMap: false
13:19:59.210 [FXGL Background Thread 3 ] DEBUG Engine               - isFileSystemWriteAllowed: true
13:19:59.210 [FXGL Background Thread 3 ] DEBUG Engine               - isFullScreenAllowed: false
13:19:59.210 [FXGL Background Thread 3 ] DEBUG Engine               - isFullScreenFromStart: false
13:19:59.210 [FXGL Background Thread 3 ] DEBUG Engine               - isGameMenuEnabled: true
13:19:59.210 [FXGL Background Thread 3 ] DEBUG Engine               - isIOS: false
13:19:59.210 [FXGL Background Thread 3 ] DEBUG Engine               - isIntroEnabled: false
13:19:59.211 [FXGL Background Thread 3 ] DEBUG Engine               - isLinux: false
13:19:59.211 [FXGL Background Thread 3 ] DEBUG Engine               - isMac: true
13:19:59.211 [FXGL Background Thread 3 ] DEBUG Engine               - isMainMenuEnabled: false
13:19:59.211 [FXGL Background Thread 3 ] DEBUG Engine               - isManualResizeEnabled: false
13:19:59.211 [FXGL Background Thread 3 ] DEBUG Engine               - isMobile: false
13:19:59.211 [FXGL Background Thread 3 ] DEBUG Engine               - isNative: false
13:19:59.211 [FXGL Background Thread 3 ] DEBUG Engine               - isPauseMusicWhenMinimized: true
13:19:59.211 [FXGL Background Thread 3 ] DEBUG Engine               - isPreserveResizeRatio: false
13:19:59.211 [FXGL Background Thread 3 ] DEBUG Engine               - isProfilingEnabled: false
13:19:59.211 [FXGL Background Thread 3 ] DEBUG Engine               - isScaleAffectedOnResize: true
13:19:59.211 [FXGL Background Thread 3 ] DEBUG Engine               - isSingleStep: false
13:19:59.212 [FXGL Background Thread 3 ] DEBUG Engine               - isUserProfileEnabled: false
13:19:59.212 [FXGL Background Thread 3 ] DEBUG Engine               - isWindows: false
13:19:59.212 [FXGL Background Thread 3 ] DEBUG Engine               - language: ObjectProperty [value: ENGLISH]
13:19:59.212 [FXGL Background Thread 3 ] DEBUG Engine               - menuKey: ESCAPE
13:19:59.212 [FXGL Background Thread 3 ] DEBUG Engine               - mouseSensitivity: 0.2
13:19:59.212 [FXGL Background Thread 3 ] DEBUG Engine               - notificationViewClass: class com.almasb.fxgl.notification.view.XboxNotificationView
13:19:59.212 [FXGL Background Thread 3 ] DEBUG Engine               - pixelsPerMeter: 50.0
13:19:59.212 [FXGL Background Thread 3 ] DEBUG Engine               - platform: MAC
13:19:59.212 [FXGL Background Thread 3 ] DEBUG Engine               - prefHeightProperty: ReadOnlyDoubleProperty [value: 720.0]
13:19:59.212 [FXGL Background Thread 3 ] DEBUG Engine               - prefWidthProperty: ReadOnlyDoubleProperty [value: 1280.0]
13:19:59.212 [FXGL Background Thread 3 ] DEBUG Engine               - profileDir: profiles/
13:19:59.212 [FXGL Background Thread 3 ] DEBUG Engine               - profileName: StringProperty [value: DEFAULT]
13:19:59.213 [FXGL Background Thread 3 ] DEBUG Engine               - randomSeed: -1
13:19:59.213 [FXGL Background Thread 3 ] DEBUG Engine               - runtimeInfo: RuntimeInfo(platform=MAC, version=21.1, build=27.03.2024 07.52)
13:19:59.213 [FXGL Background Thread 3 ] DEBUG Engine               - saveFileExt: sav
13:19:59.213 [FXGL Background Thread 3 ] DEBUG Engine               - scaledHeightProp$fxgl: DoubleProperty [bound, value: 720.0]
13:19:59.213 [FXGL Background Thread 3 ] DEBUG Engine               - scaledWidthProp$fxgl: DoubleProperty [bound, value: 1280.0]
13:19:59.213 [FXGL Background Thread 3 ] DEBUG Engine               - sceneFactory: com.almasb.fxgl.app.scene.SceneFactory@4cf03da9
13:19:59.214 [FXGL Background Thread 3 ] DEBUG Engine               - secondsIn24h: 60
13:19:59.214 [FXGL Background Thread 3 ] DEBUG Engine               - soundMenuBack: menu/back.wav
13:19:59.214 [FXGL Background Thread 3 ] DEBUG Engine               - soundMenuPress: menu/press.wav
13:19:59.214 [FXGL Background Thread 3 ] DEBUG Engine               - soundMenuSelect: menu/select.wav
13:19:59.214 [FXGL Background Thread 3 ] DEBUG Engine               - soundNotification: core/notification.wav
13:19:59.214 [FXGL Background Thread 3 ] DEBUG Engine               - stageStyle: DECORATED
13:19:59.214 [FXGL Background Thread 3 ] DEBUG Engine               - supportedLanguages: [ENGLISH, FRENCH, GERMAN, HUNGARIAN, RUSSIAN]
13:19:59.214 [FXGL Background Thread 3 ] DEBUG Engine               - ticksPerSecond: -1
13:19:59.214 [FXGL Background Thread 3 ] DEBUG Engine               - title: Game App
13:19:59.214 [FXGL Background Thread 3 ] DEBUG Engine               - urlGithub: https://github.com/AlmasB/FXGL
13:19:59.214 [FXGL Background Thread 3 ] DEBUG Engine               - urlLeaderboard: http://fxgl-top.herokuapp.com/
13:19:59.214 [FXGL Background Thread 3 ] DEBUG Engine               - urlPOM: https://raw.githubusercontent.com/AlmasB/FXGL/release/README.md
13:19:59.214 [FXGL Background Thread 3 ] DEBUG Engine               - userAppClass: class org.example.capstonee.GameApp
13:19:59.214 [FXGL Background Thread 3 ] DEBUG Engine               - version: 0.1
13:19:59.214 [FXGL Background Thread 3 ] DEBUG Engine               - versionCheckDays: 7
13:19:59.214 [FXGL Background Thread 3 ] DEBUG Engine               - width: 1280
13:19:59.214 [FXGL Background Thread 3 ] DEBUG Engine               - Logging services
13:19:59.214 [FXGL Background Thread 3 ] DEBUG Engine               - class com.almasb.fxgl.app.services.FXGLAssetLoaderService
13:19:59.214 [FXGL Background Thread 3 ] DEBUG Engine               - class com.almasb.fxgl.app.FXGLApplication$GameApplicationService
13:19:59.214 [FXGL Background Thread 3 ] DEBUG Engine               - class com.almasb.fxgl.app.services.FXGLDialogService
13:19:59.214 [FXGL Background Thread 3 ] DEBUG Engine               - class com.almasb.fxgl.app.services.IOTaskExecutorService
13:19:59.214 [FXGL Background Thread 3 ] DEBUG Engine               - class com.almasb.fxgl.io.FileSystemService
13:19:59.214 [FXGL Background Thread 3 ] DEBUG Engine               - class com.almasb.fxgl.localization.LocalizationService
13:19:59.214 [FXGL Background Thread 3 ] DEBUG Engine               - class com.almasb.fxgl.app.services.SystemBundleService
13:19:59.214 [FXGL Background Thread 3 ] DEBUG Engine               - class com.almasb.fxgl.profile.SaveLoadService
13:19:59.215 [FXGL Background Thread 3 ] DEBUG Engine               - class com.almasb.fxgl.ui.FXGLUIFactoryServiceProvider
13:19:59.215 [FXGL Background Thread 3 ] DEBUG Engine               - class com.almasb.fxgl.ui.FXGLDialogFactoryServiceProvider
13:19:59.215 [FXGL Background Thread 3 ] DEBUG Engine               - class com.almasb.fxgl.audio.AudioPlayer
13:19:59.215 [FXGL Background Thread 3 ] DEBUG Engine               - class com.almasb.fxgl.notification.impl.NotificationServiceProvider
13:19:59.215 [FXGL Background Thread 3 ] DEBUG Engine               - class com.almasb.fxgl.achievement.AchievementService
13:19:59.215 [FXGL Background Thread 3 ] DEBUG Engine               - class com.almasb.fxgl.cutscene.CutsceneService
13:19:59.215 [FXGL Background Thread 3 ] DEBUG Engine               - class com.almasb.fxgl.minigames.MiniGameService
13:19:59.215 [FXGL Background Thread 3 ] DEBUG Engine               - class com.almasb.fxgl.net.NetService
13:19:59.215 [FXGL Background Thread 3 ] DEBUG Engine               - class com.almasb.fxgl.app.services.UpdaterService
13:19:59.215 [FXGL Background Thread 3 ] DEBUG Engine               - class com.almasb.fxgl.dev.DevService
13:19:59.464 [JavaFX Application Thread] WARN  FXGLAssetLoaderServi - Asset "/assets/sounds/sounds/hit.wav" was not found!
13:19:59.464 [JavaFX Application Thread] WARN  FXGLAssetLoaderServi - Failed to load SOUND
13:19:59.465 [JavaFX Application Thread] WARN  FXGLAssetLoaderServi - Asset "/assets/sounds/sounds/miss.wav" was not found!
13:19:59.465 [JavaFX Application Thread] WARN  FXGLAssetLoaderServi - Failed to load SOUND
13:19:59.465 [JavaFX Application Thread] WARN  FXGLAssetLoaderServi - Asset "/assets/music/songs/desperato.wav" was not found!
13:19:59.465 [JavaFX Application Thread] WARN  FXGLAssetLoaderServi - Failed to load MUSIC
13:20:00.266 [JavaFX Application Thread] DEBUG AudioPlayer          - Playing music com.almasb.fxgl.audio.Music@775c033f
13:20:00.267 [JavaFX Application Thread] DEBUG AudioPlayer          - Playing music com.almasb.fxgl.audio.Music@775c033f
13:20:30.299 [JavaFX Application Thread] DEBUG FXGLApplication      - Exiting FXGL
13:20:30.299 [JavaFX Application Thread] DEBUG LoopRunner           - Stopping loop
13:20:30.301 [JavaFX Application Thread] DEBUG SystemBundleService  - Saving FXGL system data
13:20:30.307 [JavaFX Application Thread] DEBUG FileSystemAccess     - Writing to: /Users/ajaxestela/IdeaProjects/GitSomeSleep/system/fxgl.bundle
13:20:30.311 [JavaFX Application Thread] DEBUG Async                - Shutting down background threads
13:20:30.311 [JavaFX Application Thread] DEBUG PrimaryStageWindow   - Closing main window
13:20:30.321 [JavaFX Application Thread] DEBUG Logger               - Closing Logger
