06:04:50.866 [main                     ] DEBUG Logger               - Configured Logger
06:04:50.876 [main                     ] DEBUG GameApplication      - Logging settings
Title: Game App
Version: 0.1
Width: 1280
Height: 720
Fullscreen: false
Intro: false
Profiling: false
Single step:false
App Mode: DEVELOPER
Menu Key: ESCAPE
Stage Style: DECORATED
Scene Factory: class com.almasb.fxgl.app.scene.SceneFactory

06:04:51.247 [JavaFX Application Thread] DEBUG FXGLApplication      - Initializing FXGL
06:04:51.249 [JavaFX Application Thread] INFO  Engine               - FXGL-21.1 (27.03.2024 07.52) on MAC (J:23.0.2 FX:22.0.1)
06:04:51.249 [JavaFX Application Thread] DEBUG Engine               - JRE Vendor Name: Homebrew
06:04:51.249 [JavaFX Application Thread] DEBUG Engine               - Running on OS: Mac OS X version 15.3.2
06:04:51.249 [JavaFX Application Thread] DEBUG Engine               - Architecture: aarch64
06:04:51.249 [JavaFX Application Thread] INFO  Engine               - Source code and latest versions at: https://github.com/AlmasB/FXGL
06:04:51.249 [JavaFX Application Thread] INFO  Engine               -       Ask questions and discuss at: https://github.com/AlmasB/FXGL/discussions
06:04:51.249 [JavaFX Application Thread] INFO  Engine               -              Join the FXGL chat at: https://gitter.im/AlmasB/FXGL
06:04:51.283 [JavaFX Application Thread] DEBUG PrimaryStageWindow   - Creating a JavaFX scene
06:04:51.301 [JavaFX Application Thread] DEBUG PrimaryStageWindow   - Target settings size: 1280.0 x 720.0
06:04:51.301 [JavaFX Application Thread] DEBUG PrimaryStageWindow   - Scaled scene size:    1280.0 x 720.0
06:04:51.301 [JavaFX Application Thread] DEBUG PrimaryStageWindow   - Scaled ratio: (1.0, 1.0)
06:04:51.301 [JavaFX Application Thread] DEBUG PrimaryStageWindow   - Set initial scene to FXGLStartupScene
06:04:51.302 [JavaFX Application Thread] DEBUG PrimaryStageWindow   - Opening main window
06:04:51.374 [JavaFX Application Thread] DEBUG PrimaryStageWindow   - Window border size: (0.0, 28.0)
06:04:51.375 [JavaFX Application Thread] DEBUG PrimaryStageWindow   - Scaled size: 1280.0 x 720.0
06:04:51.375 [JavaFX Application Thread] DEBUG PrimaryStageWindow   - Scaled ratio: (1.0, 1.0)
06:04:51.375 [JavaFX Application Thread] DEBUG PrimaryStageWindow   - Scene size: 1280.0 x 720.0
06:04:51.375 [JavaFX Application Thread] DEBUG PrimaryStageWindow   - Stage size: 1280.0 x 748.0
06:04:51.377 [FXGL Background Thread 1 ] DEBUG Engine               - Initializing environment variables
06:04:51.404 [FXGL Background Thread 1 ] DEBUG FXGLAssetLoaderServi - User app class for loading assets: class org.example.capstonee.GameApp
06:04:51.404 [FXGL Background Thread 1 ] DEBUG GameApplicationServi - Applying CSS: fxgl_dark.css
06:04:51.404 [FXGL Background Thread 1 ] DEBUG FXGLAssetLoaderServi - Loading from file system: jar:file:///Users/ajaxestela/.m2/repository/com/github/almasb/fxgl/21.1/fxgl-21.1.jar!/fxglassets/ui/css/fxgl_dark.css
06:04:51.426 [FXGL Background Thread 1 ] DEBUG GameApplicationServi - Initializing application scenes
06:04:51.495 [FXGL Background Thread 1 ] DEBUG GameWorld            - Game world initialized
06:04:51.521 [FXGL Background Thread 1 ] DEBUG PhysicsWorld         - Physics world initialized: appHeight=720, physics.ppm=50.0
06:04:51.521 [FXGL Background Thread 1 ] DEBUG PhysicsWorld         - Using strategy: BRUTE_FORCE
06:04:51.523 [FXGL Background Thread 1 ] DEBUG GameScene            - Game scene initialized: 1280x720
06:04:51.529 [FXGL Background Thread 1 ] DEBUG FXGL.DefaultMenu     - createMenuBodyGameMenu()
06:04:51.540 [FXGL Background Thread 1 ] DEBUG FXGL.DefaultMenu     - createOptionsMenu()
06:04:51.545 [FXGL Background Thread 1 ] DEBUG FXGLAssetLoaderServi - Loading from file system: jar:file:///Users/ajaxestela/.m2/repository/com/github/almasb/fxgl/21.1/fxgl-21.1.jar!/fxglassets/textures/particles/smoke.png
06:04:51.707 [FXGL Background Thread 1 ] DEBUG FXGLAssetLoaderServi - Loading from file system: jar:file:///Users/ajaxestela/.m2/repository/com/github/almasb/fxgl/21.1/fxgl-21.1.jar!/fxglassets/textures/particles/trace_horizontal.png
06:04:51.727 [FXGL Background Thread 1 ] DEBUG GameApplicationServi - Application scenes initialized
06:04:51.737 [FXGL Background Thread 1 ] DEBUG SystemBundleService  - Loading FXGL system data
06:04:51.746 [FXGL Background Thread 1 ] DEBUG FileSystemAccess     - Reading from: /Users/ajaxestela/IdeaProjects/GitSomeSleep/system/fxgl.bundle
06:04:51.767 [FXGL Background Thread 1 ] DEBUG SystemBundleService  - Bundle FXGL: {}
06:04:51.767 [FXGL Background Thread 1 ] DEBUG UpdaterService       - Checking for updates
06:04:51.769 [FXGL Background Thread 4 ] DEBUG FXGLApplication      - Loading fonts
06:04:51.769 [FXGL Background Thread 4 ] DEBUG FXGLAssetLoaderServi - Loading from file system: jar:file:///Users/ajaxestela/.m2/repository/com/github/almasb/fxgl/21.1/fxgl-21.1.jar!/fxglassets/ui/fonts/VarelaRound-Regular.ttf
06:04:51.769 [FXGL Background Thread 1 ] DEBUG FXGLApplication      - Loading default localization
06:04:51.769 [FXGL Background Thread 1 ] DEBUG FXGLAssetLoaderServi - Loading from file system: jar:file:///Users/ajaxestela/.m2/repository/com/github/almasb/fxgl/21.1/fxgl-21.1.jar!/fxglassets/languages/english.lang
06:04:51.782 [FXGL Background Thread 1 ] INFO  FXGLApplication      - FXGL initialization took: 0.405 sec
06:04:51.787 [JavaFX Application Thread] DEBUG Input                - Registered new binding: Left - A
06:04:51.787 [JavaFX Application Thread] DEBUG Input                - Registered new binding: Right - D
06:04:51.787 [JavaFX Application Thread] DEBUG Input                - Registered new binding: Jump - W
06:04:51.787 [JavaFX Application Thread] DEBUG Input                - Registered new binding: Interact - E
06:04:51.788 [JavaFX Application Thread] DEBUG Input                - Registered new binding: RhythmLane0 - F
06:04:51.788 [JavaFX Application Thread] DEBUG Input                - Registered new binding: RhythmLane1 - G
06:04:51.788 [JavaFX Application Thread] DEBUG Input                - Registered new binding: RhythmLane2 - H
06:04:51.788 [JavaFX Application Thread] DEBUG Input                - Registered new binding: RhythmLane3 - J
06:04:51.788 [JavaFX Application Thread] DEBUG Input                - Registered new binding: RhythmStart - Space
06:04:51.788 [JavaFX Application Thread] DEBUG FXGLAssetLoaderServi - Loading from file system: jar:file:///Users/ajaxestela/.m2/repository/com/github/almasb/fxgl/21.1/fxgl-21.1.jar!/fxglassets/textures/fxgl_icon.png
06:04:51.794 [FXGL Background Thread 4 ] DEBUG FXGLAssetLoaderServi - Loading from file system: jar:file:///Users/ajaxestela/.m2/repository/com/github/almasb/fxgl/21.1/fxgl-21.1.jar!/fxglassets/ui/fonts/Abel-Regular.ttf
06:04:51.796 [FXGL Background Thread 4 ] DEBUG FXGLAssetLoaderServi - Loading from file system: jar:file:///Users/ajaxestela/.m2/repository/com/github/almasb/fxgl/21.1/fxgl-21.1.jar!/fxglassets/ui/fonts/TerminalLandMono-Regular.otf
06:04:51.805 [FXGL Background Thread 4 ] DEBUG FXGLAssetLoaderServi - Loading from file system: jar:file:///Users/ajaxestela/.m2/repository/com/github/almasb/fxgl/21.1/fxgl-21.1.jar!/fxglassets/ui/fonts/Courier-Prime.ttf
06:04:51.810 [JavaFX Application Thread] DEBUG FXGLAssetLoaderServi - Loading from file system: jar:file:///Users/ajaxestela/.m2/repository/com/github/almasb/fxgl/21.1/fxgl-21.1.jar!/fxglassets/textures/fxgl_default_cursor.png
06:04:51.811 [JavaFX Application Thread] DEBUG Input                - Registered new binding: Screenshot - CTRL+8
06:04:51.811 [JavaFX Application Thread] DEBUG Input                - Registered new binding: System info dump - CTRL+9
06:04:51.811 [JavaFX Application Thread] DEBUG Input                - Registered new binding: Restart - CTRL+R
06:04:51.811 [JavaFX Application Thread] DEBUG Input                - Registered new binding: Toggle Debug Camera - CTRL+7
06:04:51.812 [JavaFX Application Thread] DEBUG LoopRunner           - Starting loop
06:04:51.812 [JavaFX Application Thread] DEBUG LoopRunner           - Initializing JavaFX AnimationTimerLoop
06:04:51.812 [JavaFX Application Thread] DEBUG GameApplicationServi - Starting new game
06:04:51.812 [JavaFX Application Thread] DEBUG Input                - Clearing active input actions
06:04:51.816 [JavaFX Application Thread] DEBUG GameApplicationServi - Removing overlay from FXGLStartupScene and adding to FXGLLoadingScene
06:04:51.816 [JavaFX Application Thread] DEBUG PrimaryStageWindow   - FXGLStartupScene -> FXGLLoadingScene
06:04:51.816 [JavaFX Application Thread] DEBUG GameApplicationServi - Clearing previous game
06:04:51.816 [JavaFX Application Thread] DEBUG GameScene            - Clearing game scene
06:04:51.816 [JavaFX Application Thread] DEBUG GameWorld            - Clearing game world
06:04:51.817 [JavaFX Application Thread] DEBUG PhysicsWorld         - Clearing physics world
06:04:51.817 [FXGL Background Thread 4 ] DEBUG FXGLApplication      - Initializing game
06:04:51.829 [JavaFX Application Thread] DEBUG FXGLApplication      - Registering font factories with UI factory
06:04:51.917 [FXGL Background Thread 4 ] WARN  TMXLevelLoader       - TiledMap generated from 1.11.0. Supported version: 1.9.0. Some features may not be parsed fully.
06:04:51.924 [FXGL Background Thread 4 ] DEBUG TMXLevelLoader       - Parsed TiledMap: file:/Users/ajaxestela/IdeaProjects/GitSomeSleep/Capstonee/target/classes/assets/levels/tmx/test.tmx
06:04:51.924 [FXGL Background Thread 4 ] DEBUG TMXLevelLoader       - Creating tile layer entities
06:04:51.925 [FXGL Background Thread 4 ] DEBUG TilesetLoader        - Loading view for layer Tile Layer 1
06:04:51.926 [FXGL Background Thread 4 ] DEBUG TilesetLoader        - Created buffer with size 320.0x320.0
06:04:51.930 [FXGL Background Thread 4 ] DEBUG TMXLevelLoader       - Creating object layer entities
06:04:51.944 [FXGL Background Thread 4 ] DEBUG GameWorld            - Clearing removable entities
06:04:51.944 [FXGL Background Thread 4 ] DEBUG GameWorld            - Setting level: com.almasb.fxgl.entity.level.Level@33e2d783
06:04:51.947 [FXGL Background Thread 4 ] WARN  FXGLAssetLoaderServi - Asset "/assets/textures/player.png" was not found!
06:04:51.947 [FXGL Background Thread 4 ] WARN  FXGLAssetLoaderServi - Failed to load IMAGE
06:04:51.962 [FXGL Background Thread 4 ] DEBUG FXGLAssetLoaderServi - Loading from file system: file:/Users/ajaxestela/IdeaProjects/GitSomeSleep/Capstonee/target/classes/assets/textures/background/bruh.jpg
06:04:51.999 [FXGL Background Thread 4 ] INFO  FXGLApplication      - Game initialization took: 0.181 sec
06:04:51.999 [JavaFX Application Thread] DEBUG Input                - Clearing active input actions
06:04:52.004 [JavaFX Application Thread] DEBUG GameApplicationServi - Removing overlay from FXGLLoadingScene and adding to GameScene
06:04:52.004 [JavaFX Application Thread] DEBUG PrimaryStageWindow   - FXGLLoadingScene -> GameScene
06:04:54.473 [JavaFX Application Thread] WARN  FXGLAssetLoaderServi - Asset "/assets/sounds/sounds/hit.wav" was not found!
06:04:54.474 [JavaFX Application Thread] WARN  FXGLAssetLoaderServi - Failed to load SOUND
06:04:54.475 [JavaFX Application Thread] WARN  FXGLAssetLoaderServi - Asset "/assets/sounds/sounds/miss.wav" was not found!
06:04:54.475 [JavaFX Application Thread] WARN  FXGLAssetLoaderServi - Failed to load SOUND
06:04:54.476 [JavaFX Application Thread] DEBUG FXGLAssetLoaderServi - Loading from file system: file:/Users/ajaxestela/IdeaProjects/GitSomeSleep/Capstonee/target/classes/assets/music/songs/desperato.wav
06:04:54.771 [FXGL Background Thread 3 ] DEBUG Engine               - Logging environment variables
06:04:54.771 [FXGL Background Thread 3 ] DEBUG Engine               - achievements: []
06:04:54.771 [FXGL Background Thread 3 ] DEBUG Engine               - actualHeight: 720.0
06:04:54.772 [FXGL Background Thread 3 ] DEBUG Engine               - actualHeightProperty: ReadOnlyDoubleProperty [value: 720.0]
06:04:54.772 [FXGL Background Thread 3 ] DEBUG Engine               - actualWidth: 1280.0
06:04:54.772 [FXGL Background Thread 3 ] DEBUG Engine               - actualWidthProperty: ReadOnlyDoubleProperty [value: 1280.0]
06:04:54.772 [FXGL Background Thread 3 ] DEBUG Engine               - appIcon: fxgl_icon.png
06:04:54.772 [FXGL Background Thread 3 ] DEBUG Engine               - applicationMode: DEVELOPER
06:04:54.772 [FXGL Background Thread 3 ] DEBUG Engine               - cSSList: [fxgl_dark.css]
06:04:54.772 [FXGL Background Thread 3 ] DEBUG Engine               - collisionDetectionStrategy: BRUTE_FORCE
06:04:54.772 [FXGL Background Thread 3 ] DEBUG Engine               - configClass: Optional.empty
06:04:54.772 [FXGL Background Thread 3 ] DEBUG Engine               - credits: []
06:04:54.772 [FXGL Background Thread 3 ] DEBUG Engine               - defaultCursor: CursorInfo(imageName=fxgl_default_cursor.png, hotspotX=7.0, hotspotY=6.0)
06:04:54.772 [FXGL Background Thread 3 ] DEBUG Engine               - devBBoxColorProperty: ObjectProperty [value: 0xff0000ff]
06:04:54.772 [FXGL Background Thread 3 ] DEBUG Engine               - devEnableDebugCameraProperty: BooleanProperty [value: false]
06:04:54.772 [FXGL Background Thread 3 ] DEBUG Engine               - devSensorColorProperty: ObjectProperty [value: 0xffff00ff]
06:04:54.772 [FXGL Background Thread 3 ] DEBUG Engine               - devShowBBoxProperty: BooleanProperty [value: false]
06:04:54.772 [FXGL Background Thread 3 ] DEBUG Engine               - devShowPositionProperty: BooleanProperty [value: false]
06:04:54.772 [FXGL Background Thread 3 ] DEBUG Engine               - enabledMenuItems: []
06:04:54.772 [FXGL Background Thread 3 ] DEBUG Engine               - engineServices: [class com.almasb.fxgl.app.services.FXGLAssetLoaderService, class com.almasb.fxgl.app.FXGLApplication$GameApplicationService, class com.almasb.fxgl.app.services.FXGLDialogService, class com.almasb.fxgl.app.services.IOTaskExecutorService, class com.almasb.fxgl.io.FileSystemService, class com.almasb.fxgl.localization.LocalizationService, class com.almasb.fxgl.app.services.SystemBundleService, class com.almasb.fxgl.profile.SaveLoadService, class com.almasb.fxgl.ui.FXGLUIFactoryServiceProvider, class com.almasb.fxgl.ui.FXGLDialogFactoryServiceProvider, class com.almasb.fxgl.audio.AudioPlayer, class com.almasb.fxgl.notification.impl.NotificationServiceProvider, class com.almasb.fxgl.achievement.AchievementService, class com.almasb.fxgl.cutscene.CutsceneService, class com.almasb.fxgl.minigames.MiniGameService, class com.almasb.fxgl.net.NetService, class com.almasb.fxgl.app.services.UpdaterService, class com.almasb.fxgl.dev.DevService]
06:04:54.772 [FXGL Background Thread 3 ] DEBUG Engine               - fontGame: Abel-Regular.ttf
06:04:54.772 [FXGL Background Thread 3 ] DEBUG Engine               - fontMono: TerminalLandMono-Regular.otf
06:04:54.772 [FXGL Background Thread 3 ] DEBUG Engine               - fontSizeScaleUI: 1.0
06:04:54.772 [FXGL Background Thread 3 ] DEBUG Engine               - fontText: Courier-Prime.ttf
06:04:54.772 [FXGL Background Thread 3 ] DEBUG Engine               - fontUI: VarelaRound-Regular.ttf
06:04:54.772 [FXGL Background Thread 3 ] DEBUG Engine               - fullScreen: BooleanProperty [value: false]
06:04:54.772 [FXGL Background Thread 3 ] DEBUG Engine               - gameDifficulty: MEDIUM
06:04:54.772 [FXGL Background Thread 3 ] DEBUG Engine               - gameDifficultyProperty: ObjectProperty [value: MEDIUM]
06:04:54.772 [FXGL Background Thread 3 ] DEBUG Engine               - globalMusicVolume: 0.5
06:04:54.772 [FXGL Background Thread 3 ] DEBUG Engine               - globalMusicVolumeProperty: DoubleProperty [value: 1.0]
06:04:54.772 [FXGL Background Thread 3 ] DEBUG Engine               - globalSoundVolume: 0.5
06:04:54.772 [FXGL Background Thread 3 ] DEBUG Engine               - globalSoundVolumeProperty: DoubleProperty [value: 1.0]
06:04:54.772 [FXGL Background Thread 3 ] DEBUG Engine               - height: 720
06:04:54.773 [FXGL Background Thread 3 ] DEBUG Engine               - is3D: false
06:04:54.773 [FXGL Background Thread 3 ] DEBUG Engine               - isAndroid: false
06:04:54.773 [FXGL Background Thread 3 ] DEBUG Engine               - isBrowser: false
06:04:54.773 [FXGL Background Thread 3 ] DEBUG Engine               - isClickFeedbackEnabled: false
06:04:54.773 [FXGL Background Thread 3 ] DEBUG Engine               - isCloseConfirmation: false
06:04:54.773 [FXGL Background Thread 3 ] DEBUG Engine               - isDesktop: true
06:04:54.773 [FXGL Background Thread 3 ] DEBUG Engine               - isDeveloperMenuEnabled: false
06:04:54.773 [FXGL Background Thread 3 ] DEBUG Engine               - isEmbedded: false
06:04:54.773 [FXGL Background Thread 3 ] DEBUG Engine               - isEntityPreloadEnabled: true
06:04:54.773 [FXGL Background Thread 3 ] DEBUG Engine               - isExperimentalTiledLargeMap: false
06:04:54.773 [FXGL Background Thread 3 ] DEBUG Engine               - isFileSystemWriteAllowed: true
06:04:54.773 [FXGL Background Thread 3 ] DEBUG Engine               - isFullScreenAllowed: false
06:04:54.773 [FXGL Background Thread 3 ] DEBUG Engine               - isFullScreenFromStart: false
06:04:54.773 [FXGL Background Thread 3 ] DEBUG Engine               - isGameMenuEnabled: true
06:04:54.773 [FXGL Background Thread 3 ] DEBUG Engine               - isIOS: false
06:04:54.773 [FXGL Background Thread 3 ] DEBUG Engine               - isIntroEnabled: false
06:04:54.773 [FXGL Background Thread 3 ] DEBUG Engine               - isLinux: false
06:04:54.773 [FXGL Background Thread 3 ] DEBUG Engine               - isMac: true
06:04:54.773 [FXGL Background Thread 3 ] DEBUG Engine               - isMainMenuEnabled: false
06:04:54.773 [FXGL Background Thread 3 ] DEBUG Engine               - isManualResizeEnabled: false
06:04:54.773 [FXGL Background Thread 3 ] DEBUG Engine               - isMobile: false
06:04:54.773 [FXGL Background Thread 3 ] DEBUG Engine               - isNative: false
06:04:54.773 [FXGL Background Thread 3 ] DEBUG Engine               - isPauseMusicWhenMinimized: true
06:04:54.773 [FXGL Background Thread 3 ] DEBUG Engine               - isPreserveResizeRatio: false
06:04:54.773 [FXGL Background Thread 3 ] DEBUG Engine               - isProfilingEnabled: false
06:04:54.773 [FXGL Background Thread 3 ] DEBUG Engine               - isScaleAffectedOnResize: true
06:04:54.773 [FXGL Background Thread 3 ] DEBUG Engine               - isSingleStep: false
06:04:54.773 [FXGL Background Thread 3 ] DEBUG Engine               - isUserProfileEnabled: false
06:04:54.773 [FXGL Background Thread 3 ] DEBUG Engine               - isWindows: false
06:04:54.773 [FXGL Background Thread 3 ] DEBUG Engine               - language: ObjectProperty [value: ENGLISH]
06:04:54.773 [FXGL Background Thread 3 ] DEBUG Engine               - menuKey: ESCAPE
06:04:54.773 [FXGL Background Thread 3 ] DEBUG Engine               - mouseSensitivity: 0.2
06:04:54.773 [FXGL Background Thread 3 ] DEBUG Engine               - notificationViewClass: class com.almasb.fxgl.notification.view.XboxNotificationView
06:04:54.773 [FXGL Background Thread 3 ] DEBUG Engine               - pixelsPerMeter: 50.0
06:04:54.773 [FXGL Background Thread 3 ] DEBUG Engine               - platform: MAC
06:04:54.773 [FXGL Background Thread 3 ] DEBUG Engine               - prefHeightProperty: ReadOnlyDoubleProperty [value: 720.0]
06:04:54.773 [FXGL Background Thread 3 ] DEBUG Engine               - prefWidthProperty: ReadOnlyDoubleProperty [value: 1280.0]
06:04:54.773 [FXGL Background Thread 3 ] DEBUG Engine               - profileDir: profiles/
06:04:54.773 [FXGL Background Thread 3 ] DEBUG Engine               - profileName: StringProperty [value: DEFAULT]
06:04:54.773 [FXGL Background Thread 3 ] DEBUG Engine               - randomSeed: -1
06:04:54.773 [FXGL Background Thread 3 ] DEBUG Engine               - runtimeInfo: RuntimeInfo(platform=MAC, version=21.1, build=27.03.2024 07.52)
06:04:54.773 [FXGL Background Thread 3 ] DEBUG Engine               - saveFileExt: sav
06:04:54.773 [FXGL Background Thread 3 ] DEBUG Engine               - scaledHeightProp$fxgl: DoubleProperty [bound, value: 720.0]
06:04:54.773 [FXGL Background Thread 3 ] DEBUG Engine               - scaledWidthProp$fxgl: DoubleProperty [bound, value: 1280.0]
06:04:54.773 [FXGL Background Thread 3 ] DEBUG Engine               - sceneFactory: com.almasb.fxgl.app.scene.SceneFactory@66955283
06:04:54.773 [FXGL Background Thread 3 ] DEBUG Engine               - secondsIn24h: 60
06:04:54.773 [FXGL Background Thread 3 ] DEBUG Engine               - soundMenuBack: menu/back.wav
06:04:54.773 [FXGL Background Thread 3 ] DEBUG Engine               - soundMenuPress: menu/press.wav
06:04:54.773 [FXGL Background Thread 3 ] DEBUG Engine               - soundMenuSelect: menu/select.wav
06:04:54.773 [FXGL Background Thread 3 ] DEBUG Engine               - soundNotification: core/notification.wav
06:04:54.773 [FXGL Background Thread 3 ] DEBUG Engine               - stageStyle: DECORATED
06:04:54.773 [FXGL Background Thread 3 ] DEBUG Engine               - supportedLanguages: [ENGLISH, FRENCH, GERMAN, HUNGARIAN, RUSSIAN]
06:04:54.774 [FXGL Background Thread 3 ] DEBUG Engine               - ticksPerSecond: -1
06:04:54.774 [FXGL Background Thread 3 ] DEBUG Engine               - title: Game App
06:04:54.774 [FXGL Background Thread 3 ] DEBUG Engine               - urlGithub: https://github.com/AlmasB/FXGL
06:04:54.774 [FXGL Background Thread 3 ] DEBUG Engine               - urlLeaderboard: http://fxgl-top.herokuapp.com/
06:04:54.774 [FXGL Background Thread 3 ] DEBUG Engine               - urlPOM: https://raw.githubusercontent.com/AlmasB/FXGL/release/README.md
06:04:54.774 [FXGL Background Thread 3 ] DEBUG Engine               - userAppClass: class org.example.capstonee.GameApp
06:04:54.774 [FXGL Background Thread 3 ] DEBUG Engine               - version: 0.1
06:04:54.774 [FXGL Background Thread 3 ] DEBUG Engine               - versionCheckDays: 7
06:04:54.774 [FXGL Background Thread 3 ] DEBUG Engine               - width: 1280
06:04:54.774 [FXGL Background Thread 3 ] DEBUG Engine               - Logging services
06:04:54.774 [FXGL Background Thread 3 ] DEBUG Engine               - class com.almasb.fxgl.app.services.FXGLAssetLoaderService
06:04:54.774 [FXGL Background Thread 3 ] DEBUG Engine               - class com.almasb.fxgl.app.FXGLApplication$GameApplicationService
06:04:54.774 [FXGL Background Thread 3 ] DEBUG Engine               - class com.almasb.fxgl.app.services.FXGLDialogService
06:04:54.774 [FXGL Background Thread 3 ] DEBUG Engine               - class com.almasb.fxgl.app.services.IOTaskExecutorService
06:04:54.774 [FXGL Background Thread 3 ] DEBUG Engine               - class com.almasb.fxgl.io.FileSystemService
06:04:54.774 [FXGL Background Thread 3 ] DEBUG Engine               - class com.almasb.fxgl.localization.LocalizationService
06:04:54.774 [FXGL Background Thread 3 ] DEBUG Engine               - class com.almasb.fxgl.app.services.SystemBundleService
06:04:54.774 [FXGL Background Thread 3 ] DEBUG Engine               - class com.almasb.fxgl.profile.SaveLoadService
06:04:54.774 [FXGL Background Thread 3 ] DEBUG Engine               - class com.almasb.fxgl.ui.FXGLUIFactoryServiceProvider
06:04:54.774 [FXGL Background Thread 3 ] DEBUG Engine               - class com.almasb.fxgl.ui.FXGLDialogFactoryServiceProvider
06:04:54.774 [FXGL Background Thread 3 ] DEBUG Engine               - class com.almasb.fxgl.audio.AudioPlayer
06:04:54.774 [FXGL Background Thread 3 ] DEBUG Engine               - class com.almasb.fxgl.notification.impl.NotificationServiceProvider
06:04:54.774 [FXGL Background Thread 3 ] DEBUG Engine               - class com.almasb.fxgl.achievement.AchievementService
06:04:54.774 [FXGL Background Thread 3 ] DEBUG Engine               - class com.almasb.fxgl.cutscene.CutsceneService
06:04:54.774 [FXGL Background Thread 3 ] DEBUG Engine               - class com.almasb.fxgl.minigames.MiniGameService
06:04:54.774 [FXGL Background Thread 3 ] DEBUG Engine               - class com.almasb.fxgl.net.NetService
06:04:54.774 [FXGL Background Thread 3 ] DEBUG Engine               - class com.almasb.fxgl.app.services.UpdaterService
06:04:54.774 [FXGL Background Thread 3 ] DEBUG Engine               - class com.almasb.fxgl.dev.DevService
06:04:55.245 [JavaFX Application Thread] DEBUG AudioPlayer          - Playing music com.almasb.fxgl.audio.Music@6e9d1086
06:05:28.562 [JavaFX Application Thread] DEBUG PrimaryStageWindow   - Push state: FXGLDefaultMenu
06:05:28.567 [JavaFX Application Thread] DEBUG Input                - Clearing active input actions
06:05:28.576 [JavaFX Application Thread] DEBUG GameApplicationServi - Removing overlay from GameScene and adding to FXGLDefaultMenu
06:05:28.577 [JavaFX Application Thread] DEBUG PrimaryStageWindow   - GameScene -> FXGLDefaultMenu
06:05:36.525 [JavaFX Application Thread] DEBUG Menu                 - fireExit()
06:05:36.526 [JavaFX Application Thread] DEBUG PrimaryStageWindow   - Push state: DialogSubScene
06:05:36.526 [JavaFX Application Thread] DEBUG Input                - Clearing active input actions
06:05:36.527 [JavaFX Application Thread] DEBUG GameApplicationServi - Removing overlay from FXGLDefaultMenu and adding to DialogSubScene
06:05:36.527 [JavaFX Application Thread] DEBUG PrimaryStageWindow   - FXGLDefaultMenu -> DialogSubScene
06:05:37.713 [JavaFX Application Thread] DEBUG PrimaryStageWindow   - Pop state: DialogSubScene
06:05:37.714 [JavaFX Application Thread] DEBUG Input                - Clearing active input actions
06:05:37.715 [JavaFX Application Thread] DEBUG GameApplicationServi - Removing overlay from DialogSubScene and adding to FXGLDefaultMenu
06:05:37.715 [JavaFX Application Thread] DEBUG PrimaryStageWindow   - FXGLDefaultMenu <- DialogSubScene
06:05:37.715 [JavaFX Application Thread] DEBUG FXGLApplication      - Exiting FXGL
06:05:37.715 [JavaFX Application Thread] DEBUG LoopRunner           - Stopping loop
06:05:37.716 [JavaFX Application Thread] DEBUG SystemBundleService  - Saving FXGL system data
06:05:37.720 [JavaFX Application Thread] DEBUG FileSystemAccess     - Writing to: /Users/ajaxestela/IdeaProjects/GitSomeSleep/system/fxgl.bundle
06:05:37.725 [JavaFX Application Thread] DEBUG Async                - Shutting down background threads
06:05:37.725 [JavaFX Application Thread] DEBUG PrimaryStageWindow   - Closing main window
06:05:37.735 [JavaFX Application Thread] DEBUG Logger               - Closing Logger
