22:23:51.717 [main                     ] DEBUG Logger               - Configured Logger
22:23:51.755 [main                     ] DEBUG GameApplication      - Logging settings
Title: Platformer with Rhythm
Version: 0.2
Width: 1280
Height: 720
Fullscreen: false
Intro: false
Profiling: false
Single step:false
App Mode: DEVELOPER
Menu Key: ESCAPE
Stage Style: DECORATED
Scene Factory: class org.example.capstonee.Menu.MenuSceneFactory

22:23:52.333 [JavaFX Application Thread] DEBUG FXGLApplication      - Initializing FXGL
22:23:52.337 [JavaFX Application Thread] INFO  Engine               - FXGL-21.1 (27.03.2024 07.52) on WINDOWS (J:23.0.1 FX:22.0.1)
22:23:52.337 [JavaFX Application Thread] DEBUG Engine               - JRE Vendor Name: Oracle Corporation
22:23:52.337 [JavaFX Application Thread] DEBUG Engine               - Running on OS: Windows 11 version 10.0
22:23:52.337 [JavaFX Application Thread] DEBUG Engine               - Architecture: amd64
22:23:52.337 [JavaFX Application Thread] INFO  Engine               - Source code and latest versions at: https://github.com/AlmasB/FXGL
22:23:52.337 [JavaFX Application Thread] INFO  Engine               -       Ask questions and discuss at: https://github.com/AlmasB/FXGL/discussions
22:23:52.337 [JavaFX Application Thread] INFO  Engine               -              Join the FXGL chat at: https://gitter.im/AlmasB/FXGL
22:23:52.434 [JavaFX Application Thread] DEBUG PrimaryStageWindow   - Creating a JavaFX scene
22:23:52.481 [JavaFX Application Thread] DEBUG PrimaryStageWindow   - Target settings size: 1280.0 x 720.0
22:23:52.482 [JavaFX Application Thread] DEBUG PrimaryStageWindow   - Scaled scene size:    1280.0 x 720.0
22:23:52.482 [JavaFX Application Thread] DEBUG PrimaryStageWindow   - Scaled ratio: (1.0, 1.0)
22:23:52.482 [JavaFX Application Thread] DEBUG PrimaryStageWindow   - Set initial scene to FXGLStartupScene
22:23:52.485 [JavaFX Application Thread] DEBUG PrimaryStageWindow   - Opening main window
22:23:52.858 [JavaFX Application Thread] DEBUG PrimaryStageWindow   - Window border size: (16.0, 39.0)
22:23:52.859 [JavaFX Application Thread] DEBUG PrimaryStageWindow   - Scaled size: 1280.0 x 720.0
22:23:52.859 [JavaFX Application Thread] DEBUG PrimaryStageWindow   - Scaled ratio: (1.0, 1.0)
22:23:52.860 [JavaFX Application Thread] DEBUG PrimaryStageWindow   - Scene size: 1280.0 x 720.0
22:23:52.860 [JavaFX Application Thread] DEBUG PrimaryStageWindow   - Stage size: 1296.0 x 759.0
22:23:52.878 [FXGL Background Thread 1 ] DEBUG Engine               - Initializing environment variables
22:23:53.043 [FXGL Background Thread 1 ] DEBUG FXGLAssetLoaderServi - User app class for loading assets: class org.example.capstonee.GameApp
22:23:53.043 [FXGL Background Thread 1 ] DEBUG GameApplicationServi - Applying CSS: fxgl_dark.css
22:23:53.044 [FXGL Background Thread 1 ] DEBUG FXGLAssetLoaderServi - Loading from file system: jar:file:/C:/Users/Shaun/.m2/repository/com/github/almasb/fxgl/21.1/fxgl-21.1.jar!/fxglassets/ui/css/fxgl_dark.css
22:23:53.101 [FXGL Background Thread 1 ] DEBUG GameApplicationServi - Initializing application scenes
22:23:53.167 [FXGL Background Thread 1 ] DEBUG GameWorld            - Game world initialized
22:23:53.252 [FXGL Background Thread 1 ] DEBUG PhysicsWorld         - Physics world initialized: appHeight=720, physics.ppm=50.0
22:23:53.252 [FXGL Background Thread 1 ] DEBUG PhysicsWorld         - Using strategy: BRUTE_FORCE
22:23:53.256 [FXGL Background Thread 1 ] DEBUG GameScene            - Game scene initialized: 1280x720
22:23:53.266 [FXGL Background Thread 1 ] DEBUG FXGLAssetLoaderServi - Loading from file system: file:/C:/Users/Shaun/Documents/JAVA%20CODES/furRhythm-v2/GitSomeSleep/Capstonee/target/classes/assets/textures/background/nearest4.png
22:23:53.306 [FXGL Background Thread 1 ] DEBUG FXGLAssetLoaderServi - Loading from file system: file:/C:/Users/Shaun/Documents/JAVA%20CODES/furRhythm-v2/GitSomeSleep/Capstonee/target/classes/assets/textures/background/nearest3.png
22:23:53.325 [FXGL Background Thread 1 ] DEBUG FXGLAssetLoaderServi - Loading from file system: file:/C:/Users/Shaun/Documents/JAVA%20CODES/furRhythm-v2/GitSomeSleep/Capstonee/target/classes/assets/textures/background/nearest2.png
22:23:53.333 [FXGL Background Thread 1 ] DEBUG FXGLAssetLoaderServi - Loading from file system: file:/C:/Users/Shaun/Documents/JAVA%20CODES/furRhythm-v2/GitSomeSleep/Capstonee/target/classes/assets/textures/background/%20nearest1.png
22:23:53.361 [FXGL Background Thread 1 ] DEBUG FXGL.DefaultMenu     - createMenuBodyGameMenu()
22:23:53.373 [FXGL Background Thread 1 ] DEBUG FXGL.DefaultMenu     - createOptionsMenu()
22:23:53.378 [FXGL Background Thread 1 ] DEBUG FXGLAssetLoaderServi - Loading from file system: jar:file:/C:/Users/Shaun/.m2/repository/com/github/almasb/fxgl/21.1/fxgl-21.1.jar!/fxglassets/textures/particles/smoke.png
22:23:53.468 [FXGL Background Thread 1 ] DEBUG FXGLAssetLoaderServi - Loading from file system: jar:file:/C:/Users/Shaun/.m2/repository/com/github/almasb/fxgl/21.1/fxgl-21.1.jar!/fxglassets/textures/particles/trace_horizontal.png
22:23:53.482 [FXGL Background Thread 1 ] DEBUG GameApplicationServi - Application scenes initialized
22:23:53.500 [FXGL Background Thread 1 ] DEBUG SystemBundleService  - Loading FXGL system data
22:23:53.506 [FXGL Background Thread 1 ] DEBUG FileSystemAccess     - Reading from: C:\Users\Shaun\Documents\JAVA CODES\furRhythm-v2\GitSomeSleep\system\fxgl.bundle
22:23:53.516 [FXGL Background Thread 1 ] DEBUG SystemBundleService  - Bundle FXGL: {}
22:23:53.516 [FXGL Background Thread 1 ] DEBUG UpdaterService       - Checking for updates
22:23:53.520 [FXGL Background Thread 4 ] DEBUG FXGLApplication      - Loading fonts
22:23:53.520 [FXGL Background Thread 4 ] DEBUG FXGLAssetLoaderServi - Loading from file system: jar:file:/C:/Users/Shaun/.m2/repository/com/github/almasb/fxgl/21.1/fxgl-21.1.jar!/fxglassets/ui/fonts/VarelaRound-Regular.ttf
22:23:53.521 [FXGL Background Thread 1 ] DEBUG FXGLApplication      - Loading default localization
22:23:53.521 [FXGL Background Thread 1 ] DEBUG FXGLAssetLoaderServi - Loading from file system: jar:file:/C:/Users/Shaun/.m2/repository/com/github/almasb/fxgl/21.1/fxgl-21.1.jar!/fxglassets/languages/english.lang
22:23:53.563 [FXGL Background Thread 4 ] DEBUG FXGLAssetLoaderServi - Loading from file system: jar:file:/C:/Users/Shaun/.m2/repository/com/github/almasb/fxgl/21.1/fxgl-21.1.jar!/fxglassets/ui/fonts/Abel-Regular.ttf
22:23:53.564 [FXGL Background Thread 1 ] INFO  FXGLApplication      - FXGL initialization took: 0.685 sec
22:23:53.568 [FXGL Background Thread 4 ] DEBUG FXGLAssetLoaderServi - Loading from file system: jar:file:/C:/Users/Shaun/.m2/repository/com/github/almasb/fxgl/21.1/fxgl-21.1.jar!/fxglassets/ui/fonts/TerminalLandMono-Regular.otf
22:23:53.573 [FXGL Background Thread 4 ] DEBUG FXGLAssetLoaderServi - Loading from file system: jar:file:/C:/Users/Shaun/.m2/repository/com/github/almasb/fxgl/21.1/fxgl-21.1.jar!/fxglassets/ui/fonts/Courier-Prime.ttf
22:23:53.574 [JavaFX Application Thread] DEBUG Input                - Registered new binding: Left - A
22:23:53.574 [JavaFX Application Thread] DEBUG Input                - Registered new binding: Right - D
22:23:53.574 [JavaFX Application Thread] DEBUG Input                - Registered new binding: Jump - W
22:23:53.575 [JavaFX Application Thread] DEBUG Input                - Registered new binding: Interact / Confirm - E
22:23:53.575 [JavaFX Application Thread] DEBUG Input                - Registered new binding: RhythmLane0 - H
22:23:53.575 [JavaFX Application Thread] DEBUG Input                - Registered new binding: RhythmLane1 - J
22:23:53.575 [JavaFX Application Thread] DEBUG Input                - Registered new binding: RhythmLane2 - K
22:23:53.575 [JavaFX Application Thread] DEBUG Input                - Registered new binding: RhythmLane3 - L
22:23:53.575 [JavaFX Application Thread] DEBUG Input                - Registered new binding: RhythmStart - Space
22:23:53.576 [JavaFX Application Thread] DEBUG FXGLAssetLoaderServi - Loading from file system: jar:file:/C:/Users/Shaun/.m2/repository/com/github/almasb/fxgl/21.1/fxgl-21.1.jar!/fxglassets/textures/fxgl_icon.png
22:23:53.587 [JavaFX Application Thread] DEBUG FXGLAssetLoaderServi - Loading from file system: jar:file:/C:/Users/Shaun/.m2/repository/com/github/almasb/fxgl/21.1/fxgl-21.1.jar!/fxglassets/textures/fxgl_default_cursor.png
22:23:53.589 [JavaFX Application Thread] DEBUG Input                - Registered new binding: Screenshot - CTRL+8
22:23:53.592 [JavaFX Application Thread] DEBUG Input                - Registered new binding: System info dump - CTRL+9
22:23:53.592 [JavaFX Application Thread] DEBUG Input                - Registered new binding: Restart - CTRL+R
22:23:53.594 [JavaFX Application Thread] DEBUG Input                - Registered new binding: Toggle Debug Camera - CTRL+7
22:23:53.602 [JavaFX Application Thread] DEBUG LoopRunner           - Starting loop
22:23:53.602 [JavaFX Application Thread] DEBUG LoopRunner           - Initializing JavaFX AnimationTimerLoop
22:23:53.607 [JavaFX Application Thread] DEBUG Input                - Clearing active input actions
22:23:53.616 [JavaFX Application Thread] DEBUG GameApplicationServi - Removing overlay from FXGLStartupScene and adding to FXGLMainMenuDummyScene
22:23:53.616 [JavaFX Application Thread] DEBUG PrimaryStageWindow   - FXGLStartupScene -> FXGLMainMenuDummyScene
22:23:53.616 [JavaFX Application Thread] DEBUG PrimaryStageWindow   - Push state: MainMenu
22:23:53.617 [JavaFX Application Thread] DEBUG Input                - Clearing active input actions
22:23:53.632 [JavaFX Application Thread] DEBUG GameApplicationServi - Removing overlay from FXGLMainMenuDummyScene and adding to MainMenu
22:23:53.633 [JavaFX Application Thread] DEBUG PrimaryStageWindow   - FXGLMainMenuDummyScene -> MainMenu
22:23:53.714 [JavaFX Application Thread] DEBUG FXGLApplication      - Registering font factories with UI factory
22:23:54.512 [JavaFX Application Thread] DEBUG PrimaryStageWindow   - Push state: DialogSubScene
22:23:54.512 [JavaFX Application Thread] DEBUG Input                - Clearing active input actions
22:23:54.512 [JavaFX Application Thread] DEBUG GameApplicationServi - Removing overlay from MainMenu and adding to DialogSubScene
22:23:54.513 [JavaFX Application Thread] DEBUG PrimaryStageWindow   - MainMenu -> DialogSubScene
22:23:54.950 [JavaFX Application Thread] DEBUG PrimaryStageWindow   - Pop state: DialogSubScene
22:23:54.950 [JavaFX Application Thread] DEBUG Input                - Clearing active input actions
22:23:54.951 [JavaFX Application Thread] DEBUG GameApplicationServi - Removing overlay from DialogSubScene and adding to MainMenu
22:23:54.951 [JavaFX Application Thread] DEBUG PrimaryStageWindow   - MainMenu <- DialogSubScene
22:23:54.959 [JavaFX Application Thread] DEBUG PrimaryStageWindow   - Push state: DialogSubScene
22:23:54.959 [JavaFX Application Thread] DEBUG Input                - Clearing active input actions
22:23:54.963 [JavaFX Application Thread] DEBUG GameApplicationServi - Removing overlay from MainMenu and adding to DialogSubScene
22:23:54.963 [JavaFX Application Thread] DEBUG PrimaryStageWindow   - MainMenu -> DialogSubScene
22:23:55.415 [JavaFX Application Thread] DEBUG PrimaryStageWindow   - Pop state: DialogSubScene
22:23:55.416 [JavaFX Application Thread] DEBUG Input                - Clearing active input actions
22:23:55.416 [JavaFX Application Thread] DEBUG GameApplicationServi - Removing overlay from DialogSubScene and adding to MainMenu
22:23:55.417 [JavaFX Application Thread] DEBUG PrimaryStageWindow   - MainMenu <- DialogSubScene
22:23:55.418 [JavaFX Application Thread] DEBUG PrimaryStageWindow   - Push state: DialogSubScene
22:23:55.418 [JavaFX Application Thread] DEBUG Input                - Clearing active input actions
22:23:55.418 [JavaFX Application Thread] DEBUG GameApplicationServi - Removing overlay from MainMenu and adding to DialogSubScene
22:23:55.418 [JavaFX Application Thread] DEBUG PrimaryStageWindow   - MainMenu -> DialogSubScene
22:23:55.785 [JavaFX Application Thread] DEBUG PrimaryStageWindow   - Pop state: DialogSubScene
22:23:55.785 [JavaFX Application Thread] DEBUG Input                - Clearing active input actions
22:23:55.785 [JavaFX Application Thread] DEBUG GameApplicationServi - Removing overlay from DialogSubScene and adding to MainMenu
22:23:55.786 [JavaFX Application Thread] DEBUG PrimaryStageWindow   - MainMenu <- DialogSubScene
22:23:55.786 [JavaFX Application Thread] DEBUG Menu                 - fireNewGame()
22:23:55.786 [JavaFX Application Thread] DEBUG GameApplicationServi - Starting new game
22:23:55.786 [JavaFX Application Thread] DEBUG PrimaryStageWindow   - Pop state: MainMenu
22:23:55.786 [JavaFX Application Thread] DEBUG Input                - Clearing active input actions
22:23:55.786 [JavaFX Application Thread] DEBUG GameApplicationServi - Removing overlay from MainMenu and adding to FXGLMainMenuDummyScene
22:23:55.786 [JavaFX Application Thread] DEBUG PrimaryStageWindow   - FXGLMainMenuDummyScene <- MainMenu
22:23:55.786 [JavaFX Application Thread] DEBUG Input                - Clearing active input actions
22:23:55.792 [JavaFX Application Thread] DEBUG GameApplicationServi - Removing overlay from FXGLMainMenuDummyScene and adding to FXGLLoadingScene
22:23:55.793 [JavaFX Application Thread] DEBUG PrimaryStageWindow   - FXGLMainMenuDummyScene -> FXGLLoadingScene
22:23:55.793 [JavaFX Application Thread] DEBUG GameApplicationServi - Clearing previous game
22:23:55.793 [JavaFX Application Thread] DEBUG GameScene            - Clearing game scene
22:23:55.793 [JavaFX Application Thread] DEBUG GameWorld            - Clearing game world
22:23:55.793 [JavaFX Application Thread] DEBUG PhysicsWorld         - Clearing physics world
22:23:55.796 [FXGL Background Thread 2 ] DEBUG FXGLApplication      - Initializing game
22:23:55.800 [FXGL Background Thread 2 ] WARN  FXGLAssetLoaderServi - Asset "/assets/sounds/sounds/hit.wav" was not found!
22:23:55.800 [FXGL Background Thread 2 ] WARN  FXGLAssetLoaderServi - Failed to load SOUND
22:23:55.802 [FXGL Background Thread 2 ] WARN  FXGLAssetLoaderServi - Asset "/assets/sounds/sounds/miss.wav" was not found!
22:23:55.802 [FXGL Background Thread 2 ] WARN  FXGLAssetLoaderServi - Failed to load SOUND
22:23:55.888 [FXGL Background Thread 2 ] WARN  TMXLevelLoader       - TiledMap generated from 1.11.0. Supported version: 1.9.0. Some features may not be parsed fully.
22:23:55.907 [FXGL Background Thread 2 ] DEBUG TMXLevelLoader       - Parsed TiledMap: file:/C:/Users/Shaun/Documents/JAVA%20CODES/furRhythm-v2/GitSomeSleep/Capstonee/target/classes/assets/levels/tmx/tutorial.tmx
22:23:55.910 [FXGL Background Thread 2 ] DEBUG TMXLevelLoader       - Creating tile layer entities
22:23:55.911 [FXGL Background Thread 2 ] DEBUG TilesetLoader        - Loading view for layer bg1
22:23:55.912 [FXGL Background Thread 2 ] DEBUG TilesetLoader        - Created buffer with size 1600.0x256.0
22:23:55.921 [FXGL Background Thread 2 ] DEBUG TilesetLoader        - Loading view for layer bg2
22:23:55.922 [FXGL Background Thread 2 ] DEBUG TilesetLoader        - Created buffer with size 1600.0x256.0
22:23:55.927 [FXGL Background Thread 2 ] DEBUG TilesetLoader        - Loading view for layer bg3
22:23:55.929 [FXGL Background Thread 2 ] DEBUG TilesetLoader        - Created buffer with size 1600.0x256.0
22:23:55.934 [FXGL Background Thread 2 ] DEBUG TilesetLoader        - Loading view for layer Platform
22:23:55.935 [FXGL Background Thread 2 ] DEBUG TilesetLoader        - Created buffer with size 1600.0x256.0
22:23:55.940 [FXGL Background Thread 2 ] DEBUG TMXLevelLoader       - Creating object layer entities
22:23:55.970 [FXGL Background Thread 2 ] DEBUG GameWorld            - Clearing removable entities
22:23:55.972 [FXGL Background Thread 2 ] DEBUG GameWorld            - Setting level: com.almasb.fxgl.entity.level.Level@9470c03
22:23:55.984 [FXGL Background Thread 2 ] WARN  FXGLAssetLoaderServi - Asset "/assets/textures/player.png" was not found!
22:23:55.985 [FXGL Background Thread 2 ] WARN  FXGLAssetLoaderServi - Failed to load IMAGE
22:23:56.011 [FXGL Background Thread 2 ] DEBUG FXGLAssetLoaderServi - Loading from file system: file:/C:/Users/Shaun/Documents/JAVA%20CODES/furRhythm-v2/GitSomeSleep/Capstonee/target/classes/assets/textures/background/Black.png
22:23:56.024 [FXGL Background Thread 2 ] INFO  FXGLApplication      - Game initialization took: 0.229 sec
22:23:56.025 [JavaFX Application Thread] DEBUG Input                - Clearing active input actions
22:23:56.032 [JavaFX Application Thread] DEBUG GameApplicationServi - Removing overlay from FXGLLoadingScene and adding to GameScene
22:23:56.033 [JavaFX Application Thread] DEBUG PrimaryStageWindow   - FXGLLoadingScene -> GameScene
22:23:56.520 [FXGL Background Thread 3 ] DEBUG Engine               - Logging environment variables
22:23:56.520 [FXGL Background Thread 3 ] DEBUG Engine               - achievements: []
22:23:56.520 [FXGL Background Thread 3 ] DEBUG Engine               - actualHeight: 720.0
22:23:56.520 [FXGL Background Thread 3 ] DEBUG Engine               - actualHeightProperty: ReadOnlyDoubleProperty [value: 720.0]
22:23:56.520 [FXGL Background Thread 3 ] DEBUG Engine               - actualWidth: 1280.0
22:23:56.521 [FXGL Background Thread 3 ] DEBUG Engine               - actualWidthProperty: ReadOnlyDoubleProperty [value: 1280.0]
22:23:56.521 [FXGL Background Thread 3 ] DEBUG Engine               - appIcon: fxgl_icon.png
22:23:56.521 [FXGL Background Thread 3 ] DEBUG Engine               - applicationMode: DEVELOPER
22:23:56.521 [FXGL Background Thread 3 ] DEBUG Engine               - cSSList: [fxgl_dark.css]
22:23:56.521 [FXGL Background Thread 3 ] DEBUG Engine               - collisionDetectionStrategy: BRUTE_FORCE
22:23:56.521 [FXGL Background Thread 3 ] DEBUG Engine               - configClass: Optional.empty
22:23:56.521 [FXGL Background Thread 3 ] DEBUG Engine               - credits: []
22:23:56.521 [FXGL Background Thread 3 ] DEBUG Engine               - defaultCursor: CursorInfo(imageName=fxgl_default_cursor.png, hotspotX=7.0, hotspotY=6.0)
22:23:56.521 [FXGL Background Thread 3 ] DEBUG Engine               - devBBoxColorProperty: ObjectProperty [value: 0xff0000ff]
22:23:56.521 [FXGL Background Thread 3 ] DEBUG Engine               - devEnableDebugCameraProperty: BooleanProperty [value: false]
22:23:56.521 [FXGL Background Thread 3 ] DEBUG Engine               - devSensorColorProperty: ObjectProperty [value: 0xffff00ff]
22:23:56.521 [FXGL Background Thread 3 ] DEBUG Engine               - devShowBBoxProperty: BooleanProperty [value: false]
22:23:56.521 [FXGL Background Thread 3 ] DEBUG Engine               - devShowPositionProperty: BooleanProperty [value: false]
22:23:56.521 [FXGL Background Thread 3 ] DEBUG Engine               - enabledMenuItems: []
22:23:56.521 [FXGL Background Thread 3 ] DEBUG Engine               - engineServices: [class com.almasb.fxgl.app.services.FXGLAssetLoaderService, class com.almasb.fxgl.app.FXGLApplication$GameApplicationService, class com.almasb.fxgl.app.services.FXGLDialogService, class com.almasb.fxgl.app.services.IOTaskExecutorService, class com.almasb.fxgl.io.FileSystemService, class com.almasb.fxgl.localization.LocalizationService, class com.almasb.fxgl.app.services.SystemBundleService, class com.almasb.fxgl.profile.SaveLoadService, class com.almasb.fxgl.ui.FXGLUIFactoryServiceProvider, class com.almasb.fxgl.ui.FXGLDialogFactoryServiceProvider, class com.almasb.fxgl.audio.AudioPlayer, class com.almasb.fxgl.notification.impl.NotificationServiceProvider, class com.almasb.fxgl.achievement.AchievementService, class com.almasb.fxgl.cutscene.CutsceneService, class com.almasb.fxgl.minigames.MiniGameService, class com.almasb.fxgl.net.NetService, class com.almasb.fxgl.app.services.UpdaterService, class com.almasb.fxgl.dev.DevService]
22:23:56.521 [FXGL Background Thread 3 ] DEBUG Engine               - fontGame: Abel-Regular.ttf
22:23:56.521 [FXGL Background Thread 3 ] DEBUG Engine               - fontMono: TerminalLandMono-Regular.otf
22:23:56.521 [FXGL Background Thread 3 ] DEBUG Engine               - fontSizeScaleUI: 1.0
22:23:56.521 [FXGL Background Thread 3 ] DEBUG Engine               - fontText: Courier-Prime.ttf
22:23:56.521 [FXGL Background Thread 3 ] DEBUG Engine               - fontUI: VarelaRound-Regular.ttf
22:23:56.521 [FXGL Background Thread 3 ] DEBUG Engine               - fullScreen: BooleanProperty [value: false]
22:23:56.521 [FXGL Background Thread 3 ] DEBUG Engine               - gameDifficulty: MEDIUM
22:23:56.521 [FXGL Background Thread 3 ] DEBUG Engine               - gameDifficultyProperty: ObjectProperty [value: MEDIUM]
22:23:56.522 [FXGL Background Thread 3 ] DEBUG Engine               - globalMusicVolume: 0.5
22:23:56.522 [FXGL Background Thread 3 ] DEBUG Engine               - globalMusicVolumeProperty: DoubleProperty [value: 0.5]
22:23:56.522 [FXGL Background Thread 3 ] DEBUG Engine               - globalSoundVolume: 0.5
22:23:56.522 [FXGL Background Thread 3 ] DEBUG Engine               - globalSoundVolumeProperty: DoubleProperty [value: 0.5]
22:23:56.522 [FXGL Background Thread 3 ] DEBUG Engine               - height: 720
22:23:56.522 [FXGL Background Thread 3 ] DEBUG Engine               - is3D: false
22:23:56.522 [FXGL Background Thread 3 ] DEBUG Engine               - isAndroid: false
22:23:56.522 [FXGL Background Thread 3 ] DEBUG Engine               - isBrowser: false
22:23:56.522 [FXGL Background Thread 3 ] DEBUG Engine               - isClickFeedbackEnabled: false
22:23:56.522 [FXGL Background Thread 3 ] DEBUG Engine               - isCloseConfirmation: false
22:23:56.522 [FXGL Background Thread 3 ] DEBUG Engine               - isDesktop: true
22:23:56.522 [FXGL Background Thread 3 ] DEBUG Engine               - isDeveloperMenuEnabled: false
22:23:56.522 [FXGL Background Thread 3 ] DEBUG Engine               - isEmbedded: false
22:23:56.522 [FXGL Background Thread 3 ] DEBUG Engine               - isEntityPreloadEnabled: true
22:23:56.522 [FXGL Background Thread 3 ] DEBUG Engine               - isExperimentalTiledLargeMap: false
22:23:56.522 [FXGL Background Thread 3 ] DEBUG Engine               - isFileSystemWriteAllowed: true
22:23:56.522 [FXGL Background Thread 3 ] DEBUG Engine               - isFullScreenAllowed: false
22:23:56.522 [FXGL Background Thread 3 ] DEBUG Engine               - isFullScreenFromStart: false
22:23:56.522 [FXGL Background Thread 3 ] DEBUG Engine               - isGameMenuEnabled: true
22:23:56.522 [FXGL Background Thread 3 ] DEBUG Engine               - isIOS: false
22:23:56.522 [FXGL Background Thread 3 ] DEBUG Engine               - isIntroEnabled: false
22:23:56.522 [FXGL Background Thread 3 ] DEBUG Engine               - isLinux: false
22:23:56.522 [FXGL Background Thread 3 ] DEBUG Engine               - isMac: false
22:23:56.522 [FXGL Background Thread 3 ] DEBUG Engine               - isMainMenuEnabled: true
22:23:56.522 [FXGL Background Thread 3 ] DEBUG Engine               - isManualResizeEnabled: false
22:23:56.522 [FXGL Background Thread 3 ] DEBUG Engine               - isMobile: false
22:23:56.522 [FXGL Background Thread 3 ] DEBUG Engine               - isNative: false
22:23:56.522 [FXGL Background Thread 3 ] DEBUG Engine               - isPauseMusicWhenMinimized: true
22:23:56.523 [FXGL Background Thread 3 ] DEBUG Engine               - isPreserveResizeRatio: false
22:23:56.523 [FXGL Background Thread 3 ] DEBUG Engine               - isProfilingEnabled: false
22:23:56.523 [FXGL Background Thread 3 ] DEBUG Engine               - isScaleAffectedOnResize: true
22:23:56.523 [FXGL Background Thread 3 ] DEBUG Engine               - isSingleStep: false
22:23:56.523 [FXGL Background Thread 3 ] DEBUG Engine               - isUserProfileEnabled: false
22:23:56.523 [FXGL Background Thread 3 ] DEBUG Engine               - isWindows: true
22:23:56.523 [FXGL Background Thread 3 ] DEBUG Engine               - language: ObjectProperty [value: ENGLISH]
22:23:56.523 [FXGL Background Thread 3 ] DEBUG Engine               - menuKey: ESCAPE
22:23:56.523 [FXGL Background Thread 3 ] DEBUG Engine               - mouseSensitivity: 0.2
22:23:56.523 [FXGL Background Thread 3 ] DEBUG Engine               - notificationViewClass: class com.almasb.fxgl.notification.view.XboxNotificationView
22:23:56.523 [FXGL Background Thread 3 ] DEBUG Engine               - pixelsPerMeter: 50.0
22:23:56.523 [FXGL Background Thread 3 ] DEBUG Engine               - platform: WINDOWS
22:23:56.523 [FXGL Background Thread 3 ] DEBUG Engine               - prefHeightProperty: ReadOnlyDoubleProperty [value: 720.0]
22:23:56.523 [FXGL Background Thread 3 ] DEBUG Engine               - prefWidthProperty: ReadOnlyDoubleProperty [value: 1280.0]
22:23:56.523 [FXGL Background Thread 3 ] DEBUG Engine               - profileDir: profiles/
22:23:56.523 [FXGL Background Thread 3 ] DEBUG Engine               - profileName: StringProperty [value: DEFAULT]
22:23:56.523 [FXGL Background Thread 3 ] DEBUG Engine               - randomSeed: -1
22:23:56.524 [FXGL Background Thread 3 ] DEBUG Engine               - runtimeInfo: RuntimeInfo(platform=WINDOWS, version=21.1, build=27.03.2024 07.52)
22:23:56.524 [FXGL Background Thread 3 ] DEBUG Engine               - saveFileExt: sav
22:23:56.524 [FXGL Background Thread 3 ] DEBUG Engine               - scaledHeightProp$fxgl: DoubleProperty [bound, value: 720.0]
22:23:56.524 [FXGL Background Thread 3 ] DEBUG Engine               - scaledWidthProp$fxgl: DoubleProperty [bound, value: 1280.0]
22:23:56.524 [FXGL Background Thread 3 ] DEBUG Engine               - sceneFactory: org.example.capstonee.Menu.MenuSceneFactory@17c9197c
22:23:56.524 [FXGL Background Thread 3 ] DEBUG Engine               - secondsIn24h: 60
22:23:56.524 [FXGL Background Thread 3 ] DEBUG Engine               - soundMenuBack: menu/back.wav
22:23:56.524 [FXGL Background Thread 3 ] DEBUG Engine               - soundMenuPress: menu/press.wav
22:23:56.524 [FXGL Background Thread 3 ] DEBUG Engine               - soundMenuSelect: menu/select.wav
22:23:56.524 [FXGL Background Thread 3 ] DEBUG Engine               - soundNotification: core/notification.wav
22:23:56.524 [FXGL Background Thread 3 ] DEBUG Engine               - stageStyle: DECORATED
22:23:56.524 [FXGL Background Thread 3 ] DEBUG Engine               - supportedLanguages: [ENGLISH, FRENCH, GERMAN, HUNGARIAN, RUSSIAN]
22:23:56.524 [FXGL Background Thread 3 ] DEBUG Engine               - ticksPerSecond: -1
22:23:56.524 [FXGL Background Thread 3 ] DEBUG Engine               - title: Platformer with Rhythm
22:23:56.524 [FXGL Background Thread 3 ] DEBUG Engine               - urlGithub: https://github.com/AlmasB/FXGL
22:23:56.524 [FXGL Background Thread 3 ] DEBUG Engine               - urlLeaderboard: http://fxgl-top.herokuapp.com/
22:23:56.524 [FXGL Background Thread 3 ] DEBUG Engine               - urlPOM: https://raw.githubusercontent.com/AlmasB/FXGL/release/README.md
22:23:56.524 [FXGL Background Thread 3 ] DEBUG Engine               - userAppClass: class org.example.capstonee.GameApp
22:23:56.524 [FXGL Background Thread 3 ] DEBUG Engine               - version: 0.2
22:23:56.524 [FXGL Background Thread 3 ] DEBUG Engine               - versionCheckDays: 7
22:23:56.524 [FXGL Background Thread 3 ] DEBUG Engine               - width: 1280
22:23:56.524 [FXGL Background Thread 3 ] DEBUG Engine               - Logging services
22:23:56.524 [FXGL Background Thread 3 ] DEBUG Engine               - class com.almasb.fxgl.app.services.FXGLAssetLoaderService
22:23:56.524 [FXGL Background Thread 3 ] DEBUG Engine               - class com.almasb.fxgl.app.FXGLApplication$GameApplicationService
22:23:56.524 [FXGL Background Thread 3 ] DEBUG Engine               - class com.almasb.fxgl.app.services.FXGLDialogService
22:23:56.524 [FXGL Background Thread 3 ] DEBUG Engine               - class com.almasb.fxgl.app.services.IOTaskExecutorService
22:23:56.524 [FXGL Background Thread 3 ] DEBUG Engine               - class com.almasb.fxgl.io.FileSystemService
22:23:56.524 [FXGL Background Thread 3 ] DEBUG Engine               - class com.almasb.fxgl.localization.LocalizationService
22:23:56.524 [FXGL Background Thread 3 ] DEBUG Engine               - class com.almasb.fxgl.app.services.SystemBundleService
22:23:56.524 [FXGL Background Thread 3 ] DEBUG Engine               - class com.almasb.fxgl.profile.SaveLoadService
22:23:56.524 [FXGL Background Thread 3 ] DEBUG Engine               - class com.almasb.fxgl.ui.FXGLUIFactoryServiceProvider
22:23:56.524 [FXGL Background Thread 3 ] DEBUG Engine               - class com.almasb.fxgl.ui.FXGLDialogFactoryServiceProvider
22:23:56.524 [FXGL Background Thread 3 ] DEBUG Engine               - class com.almasb.fxgl.audio.AudioPlayer
22:23:56.525 [FXGL Background Thread 3 ] DEBUG Engine               - class com.almasb.fxgl.notification.impl.NotificationServiceProvider
22:23:56.525 [FXGL Background Thread 3 ] DEBUG Engine               - class com.almasb.fxgl.achievement.AchievementService
22:23:56.525 [FXGL Background Thread 3 ] DEBUG Engine               - class com.almasb.fxgl.cutscene.CutsceneService
22:23:56.525 [FXGL Background Thread 3 ] DEBUG Engine               - class com.almasb.fxgl.minigames.MiniGameService
22:23:56.525 [FXGL Background Thread 3 ] DEBUG Engine               - class com.almasb.fxgl.net.NetService
22:23:56.525 [FXGL Background Thread 3 ] DEBUG Engine               - class com.almasb.fxgl.app.services.UpdaterService
22:23:56.525 [FXGL Background Thread 3 ] DEBUG Engine               - class com.almasb.fxgl.dev.DevService
22:23:59.587 [JavaFX Application Thread] DEBUG FXGLAssetLoaderServi - Loading from file system: file:/C:/Users/Shaun/Documents/JAVA%20CODES/furRhythm-v2/GitSomeSleep/Capstonee/target/classes/assets/text/gameCutscene_sample1.txt
22:23:59.593 [JavaFX Application Thread] DEBUG Input                - Registered new binding: Next RPG Line - Enter
22:23:59.595 [JavaFX Application Thread] WARN  FXGLAssetLoaderServi - Asset "/assets/textures/bruh.png" was not found!
22:23:59.595 [JavaFX Application Thread] WARN  FXGLAssetLoaderServi - Failed to load IMAGE
22:23:59.595 [JavaFX Application Thread] DEBUG PrimaryStageWindow   - Push state: CutsceneScene
22:23:59.596 [JavaFX Application Thread] DEBUG Input                - Clearing active input actions
22:23:59.597 [JavaFX Application Thread] DEBUG GameApplicationServi - Removing overlay from GameScene and adding to CutsceneScene
22:23:59.597 [JavaFX Application Thread] DEBUG PrimaryStageWindow   - GameScene -> CutsceneScene
22:24:00.397 [JavaFX Application Thread] DEBUG FXGLAssetLoaderServi - Loading from file system: file:/C:/Users/Shaun/Documents/JAVA%20CODES/furRhythm-v2/GitSomeSleep/Capstonee/target/classes/assets/textures/tuntunsahur.png
22:24:01.147 [JavaFX Application Thread] DEBUG PrimaryStageWindow   - Pop state: CutsceneScene
22:24:01.147 [JavaFX Application Thread] DEBUG Input                - Clearing active input actions
22:24:01.148 [JavaFX Application Thread] DEBUG GameApplicationServi - Removing overlay from CutsceneScene and adding to GameScene
22:24:01.148 [JavaFX Application Thread] DEBUG PrimaryStageWindow   - GameScene <- CutsceneScene
22:24:01.157 [JavaFX Application Thread] DEBUG FXGLAssetLoaderServi - Loading from file system: file:/C:/Users/Shaun/Documents/JAVA%20CODES/furRhythm-v2/GitSomeSleep/Capstonee/target/classes/assets/textures/background/pixelatedliyue.png
22:24:01.192 [JavaFX Application Thread] DEBUG FXGLAssetLoaderServi - Loading from file system: file:/C:/Users/Shaun/Documents/JAVA%20CODES/furRhythm-v2/GitSomeSleep/Capstonee/target/classes/assets/music/songs/zhongli.wav
22:24:01.441 [JavaFX Application Thread] DEBUG FXGLAssetLoaderServi - Loading from file system: file:/C:/Users/Shaun/Documents/JAVA%20CODES/furRhythm-v2/GitSomeSleep/Capstonee/target/classes/assets/textures/notes/hilichurlhitmarker.png
22:24:01.971 [JavaFX Application Thread] DEBUG AudioPlayer          - Playing music com.almasb.fxgl.audio.Music@5adc44a2
22:24:04.087 [JavaFX Application Thread] DEBUG PrimaryStageWindow   - Push state: FXGLDefaultMenu
22:24:04.088 [JavaFX Application Thread] DEBUG Input                - Clearing active input actions
22:24:04.088 [JavaFX Application Thread] DEBUG GameApplicationServi - Removing overlay from GameScene and adding to FXGLDefaultMenu
22:24:04.090 [JavaFX Application Thread] DEBUG PrimaryStageWindow   - GameScene -> FXGLDefaultMenu
22:24:05.610 [JavaFX Application Thread] DEBUG Menu                 - fireResume()
22:24:05.610 [JavaFX Application Thread] DEBUG PrimaryStageWindow   - Pop state: FXGLDefaultMenu
22:24:05.610 [JavaFX Application Thread] DEBUG Input                - Clearing active input actions
22:24:05.612 [JavaFX Application Thread] DEBUG GameApplicationServi - Removing overlay from FXGLDefaultMenu and adding to GameScene
22:24:05.612 [JavaFX Application Thread] DEBUG PrimaryStageWindow   - GameScene <- FXGLDefaultMenu
22:24:05.615 [JavaFX Application Thread] DEBUG FXGLAssetLoaderServi - Loading from file system: file:/C:/Users/Shaun/Documents/JAVA%20CODES/furRhythm-v2/GitSomeSleep/Capstonee/target/classes/assets/textures/markers/moranote.png
22:24:08.258 [JavaFX Application Thread] DEBUG FXGLAssetLoaderServi - Loading from file system: file:/C:/Users/Shaun/Documents/JAVA%20CODES/furRhythm-v2/GitSomeSleep/Capstonee/target/classes/assets/textures/particles/yellow_particle.png
22:24:10.205 [JavaFX Application Thread] DEBUG PrimaryStageWindow   - Push state: FXGLDefaultMenu
22:24:10.205 [JavaFX Application Thread] DEBUG Input                - Clearing active input actions
22:24:10.209 [JavaFX Application Thread] DEBUG GameApplicationServi - Removing overlay from GameScene and adding to FXGLDefaultMenu
22:24:10.210 [JavaFX Application Thread] DEBUG PrimaryStageWindow   - GameScene -> FXGLDefaultMenu
22:24:11.348 [JavaFX Application Thread] DEBUG Menu                 - fireExitToMainMenu()
22:24:11.350 [JavaFX Application Thread] DEBUG PrimaryStageWindow   - Push state: DialogSubScene
22:24:11.350 [JavaFX Application Thread] DEBUG Input                - Clearing active input actions
22:24:11.350 [JavaFX Application Thread] DEBUG GameApplicationServi - Removing overlay from FXGLDefaultMenu and adding to DialogSubScene
22:24:11.352 [JavaFX Application Thread] DEBUG PrimaryStageWindow   - FXGLDefaultMenu -> DialogSubScene
22:24:12.024 [JavaFX Application Thread] DEBUG PrimaryStageWindow   - Pop state: DialogSubScene
22:24:12.024 [JavaFX Application Thread] DEBUG Input                - Clearing active input actions
22:24:12.024 [JavaFX Application Thread] DEBUG GameApplicationServi - Removing overlay from DialogSubScene and adding to FXGLDefaultMenu
22:24:12.024 [JavaFX Application Thread] DEBUG PrimaryStageWindow   - FXGLDefaultMenu <- DialogSubScene
22:24:12.024 [JavaFX Application Thread] DEBUG PrimaryStageWindow   - Pop state: FXGLDefaultMenu
22:24:12.024 [JavaFX Application Thread] DEBUG Input                - Clearing active input actions
22:24:12.024 [JavaFX Application Thread] DEBUG GameApplicationServi - Removing overlay from FXGLDefaultMenu and adding to GameScene
22:24:12.024 [JavaFX Application Thread] DEBUG PrimaryStageWindow   - GameScene <- FXGLDefaultMenu
22:24:12.024 [JavaFX Application Thread] DEBUG Input                - Clearing active input actions
22:24:12.029 [JavaFX Application Thread] DEBUG GameApplicationServi - Removing overlay from GameScene and adding to FXGLMainMenuDummyScene
22:24:12.029 [JavaFX Application Thread] DEBUG PrimaryStageWindow   - GameScene -> FXGLMainMenuDummyScene
22:24:12.029 [JavaFX Application Thread] DEBUG PrimaryStageWindow   - Push state: MainMenu
22:24:12.029 [JavaFX Application Thread] DEBUG Input                - Clearing active input actions
22:24:12.031 [JavaFX Application Thread] DEBUG GameApplicationServi - Removing overlay from FXGLMainMenuDummyScene and adding to MainMenu
22:24:12.031 [JavaFX Application Thread] DEBUG PrimaryStageWindow   - FXGLMainMenuDummyScene -> MainMenu
22:24:12.872 [JavaFX Application Thread] DEBUG Menu                 - fireExit()
22:24:12.874 [JavaFX Application Thread] DEBUG PrimaryStageWindow   - Push state: DialogSubScene
22:24:12.874 [JavaFX Application Thread] DEBUG Input                - Clearing active input actions
22:24:12.875 [JavaFX Application Thread] DEBUG GameApplicationServi - Removing overlay from MainMenu and adding to DialogSubScene
22:24:12.875 [JavaFX Application Thread] DEBUG PrimaryStageWindow   - MainMenu -> DialogSubScene
22:24:13.360 [JavaFX Application Thread] DEBUG PrimaryStageWindow   - Pop state: DialogSubScene
22:24:13.360 [JavaFX Application Thread] DEBUG Input                - Clearing active input actions
22:24:13.360 [JavaFX Application Thread] DEBUG GameApplicationServi - Removing overlay from DialogSubScene and adding to MainMenu
22:24:13.360 [JavaFX Application Thread] DEBUG PrimaryStageWindow   - MainMenu <- DialogSubScene
22:24:13.360 [JavaFX Application Thread] DEBUG FXGLApplication      - Exiting FXGL
22:24:13.360 [JavaFX Application Thread] DEBUG LoopRunner           - Stopping loop
22:24:13.360 [JavaFX Application Thread] DEBUG SystemBundleService  - Saving FXGL system data
22:24:13.364 [JavaFX Application Thread] DEBUG FileSystemAccess     - Writing to: C:\Users\Shaun\Documents\JAVA CODES\furRhythm-v2\GitSomeSleep\system\fxgl.bundle
22:24:13.366 [JavaFX Application Thread] DEBUG Async                - Shutting down background threads
22:24:13.366 [JavaFX Application Thread] DEBUG PrimaryStageWindow   - Closing main window
22:24:13.387 [JavaFX Application Thread] DEBUG Logger               - Closing Logger
