17:32:15.852 [main                     ] DEBUG Logger               - Configured Logger
17:32:15.864 [main                     ] DEBUG GameApplication      - Logging settings
Title: Platformer with Rhythm
Version: 0.2
Width: 1280
Height: 720
Fullscreen: false
Intro: false
Profiling: false
Single step:false
App Mode: DEVELOPER
Menu Key: ESCAPE
Stage Style: DECORATED
Scene Factory: class com.almasb.fxgl.app.scene.SceneFactory

17:32:16.506 [JavaFX Application Thread] DEBUG FXGLApplication      - Initializing FXGL
17:32:16.508 [JavaFX Application Thread] INFO  Engine               - FXGL-21.1 (27.03.2024 07.52) on MAC (J:23 FX:22.0.1)
17:32:16.508 [JavaFX Application Thread] DEBUG Engine               - JRE Vendor Name: Oracle Corporation
17:32:16.508 [JavaFX Application Thread] DEBUG Engine               - Running on OS: Mac OS X version 15.3.2
17:32:16.508 [JavaFX Application Thread] DEBUG Engine               - Architecture: aarch64
17:32:16.508 [JavaFX Application Thread] INFO  Engine               - Source code and latest versions at: https://github.com/AlmasB/FXGL
17:32:16.508 [JavaFX Application Thread] INFO  Engine               -       Ask questions and discuss at: https://github.com/AlmasB/FXGL/discussions
17:32:16.508 [JavaFX Application Thread] INFO  Engine               -              Join the FXGL chat at: https://gitter.im/AlmasB/FXGL
17:32:16.542 [JavaFX Application Thread] DEBUG PrimaryStageWindow   - Creating a JavaFX scene
17:32:16.559 [JavaFX Application Thread] DEBUG PrimaryStageWindow   - Target settings size: 1280.0 x 720.0
17:32:16.559 [JavaFX Application Thread] DEBUG PrimaryStageWindow   - Scaled scene size:    1280.0 x 720.0
17:32:16.559 [JavaFX Application Thread] DEBUG PrimaryStageWindow   - Scaled ratio: (1.0, 1.0)
17:32:16.560 [JavaFX Application Thread] DEBUG PrimaryStageWindow   - Set initial scene to FXGLStartupScene
17:32:16.560 [JavaFX Application Thread] DEBUG PrimaryStageWindow   - Opening main window
17:32:16.627 [JavaFX Application Thread] DEBUG PrimaryStageWindow   - Window border size: (0.0, 28.0)
17:32:16.627 [JavaFX Application Thread] DEBUG PrimaryStageWindow   - Scaled size: 1280.0 x 720.0
17:32:16.627 [JavaFX Application Thread] DEBUG PrimaryStageWindow   - Scaled ratio: (1.0, 1.0)
17:32:16.627 [JavaFX Application Thread] DEBUG PrimaryStageWindow   - Scene size: 1280.0 x 720.0
17:32:16.627 [JavaFX Application Thread] DEBUG PrimaryStageWindow   - Stage size: 1280.0 x 748.0
17:32:16.630 [FXGL Background Thread 1 ] DEBUG Engine               - Initializing environment variables
17:32:16.662 [FXGL Background Thread 1 ] DEBUG FXGLAssetLoaderServi - User app class for loading assets: class org.example.capstonee.GameApp
17:32:16.662 [FXGL Background Thread 1 ] DEBUG GameApplicationServi - Applying CSS: fxgl_dark.css
17:32:16.663 [FXGL Background Thread 1 ] DEBUG FXGLAssetLoaderServi - Loading from file system: jar:file:///Users/ajaxestela/.m2/repository/com/github/almasb/fxgl/21.1/fxgl-21.1.jar!/fxglassets/ui/css/fxgl_dark.css
17:32:16.692 [FXGL Background Thread 1 ] DEBUG GameApplicationServi - Initializing application scenes
17:32:16.774 [FXGL Background Thread 1 ] DEBUG GameWorld            - Game world initialized
17:32:16.797 [FXGL Background Thread 1 ] DEBUG PhysicsWorld         - Physics world initialized: appHeight=720, physics.ppm=50.0
17:32:16.797 [FXGL Background Thread 1 ] DEBUG PhysicsWorld         - Using strategy: BRUTE_FORCE
17:32:16.798 [FXGL Background Thread 1 ] DEBUG GameScene            - Game scene initialized: 1280x720
17:32:16.802 [FXGL Background Thread 1 ] DEBUG FXGL.DefaultMenu     - createMenuBodyMainMenu()
17:32:16.809 [FXGL Background Thread 1 ] DEBUG FXGL.DefaultMenu     - createOptionsMenu()
17:32:16.812 [FXGL Background Thread 1 ] DEBUG FXGLAssetLoaderServi - Loading from file system: jar:file:///Users/ajaxestela/.m2/repository/com/github/almasb/fxgl/21.1/fxgl-21.1.jar!/fxglassets/textures/particles/smoke.png
17:32:16.849 [FXGL Background Thread 1 ] DEBUG FXGLAssetLoaderServi - Loading from file system: jar:file:///Users/ajaxestela/.m2/repository/com/github/almasb/fxgl/21.1/fxgl-21.1.jar!/fxglassets/textures/particles/trace_horizontal.png
17:32:16.860 [FXGL Background Thread 1 ] DEBUG FXGL.DefaultMenu     - createMenuBodyGameMenu()
17:32:16.860 [FXGL Background Thread 1 ] DEBUG FXGL.DefaultMenu     - createOptionsMenu()
17:32:16.867 [FXGL Background Thread 1 ] DEBUG GameApplicationServi - Application scenes initialized
17:32:16.873 [FXGL Background Thread 1 ] DEBUG SystemBundleService  - Loading FXGL system data
17:32:16.875 [FXGL Background Thread 1 ] DEBUG FileSystemAccess     - Reading from: /Users/ajaxestela/IdeaProjects/GitSomeSleep/system/fxgl.bundle
17:32:16.878 [FXGL Background Thread 1 ] DEBUG SystemBundleService  - Bundle FXGL: {}
17:32:16.878 [FXGL Background Thread 1 ] DEBUG UpdaterService       - Checking for updates
17:32:16.879 [FXGL Background Thread 4 ] DEBUG FXGLApplication      - Loading fonts
17:32:16.879 [FXGL Background Thread 4 ] DEBUG FXGLAssetLoaderServi - Loading from file system: jar:file:///Users/ajaxestela/.m2/repository/com/github/almasb/fxgl/21.1/fxgl-21.1.jar!/fxglassets/ui/fonts/VarelaRound-Regular.ttf
17:32:16.879 [FXGL Background Thread 1 ] DEBUG FXGLApplication      - Loading default localization
17:32:16.879 [FXGL Background Thread 1 ] DEBUG FXGLAssetLoaderServi - Loading from file system: jar:file:///Users/ajaxestela/.m2/repository/com/github/almasb/fxgl/21.1/fxgl-21.1.jar!/fxglassets/languages/english.lang
17:32:16.888 [FXGL Background Thread 1 ] INFO  FXGLApplication      - FXGL initialization took: 0.258 sec
17:32:16.890 [FXGL Background Thread 4 ] DEBUG FXGLAssetLoaderServi - Loading from file system: jar:file:///Users/ajaxestela/.m2/repository/com/github/almasb/fxgl/21.1/fxgl-21.1.jar!/fxglassets/ui/fonts/Abel-Regular.ttf
17:32:16.892 [FXGL Background Thread 4 ] DEBUG FXGLAssetLoaderServi - Loading from file system: jar:file:///Users/ajaxestela/.m2/repository/com/github/almasb/fxgl/21.1/fxgl-21.1.jar!/fxglassets/ui/fonts/TerminalLandMono-Regular.otf
17:32:16.893 [JavaFX Application Thread] DEBUG Input                - Registered new binding: Left - A
17:32:16.894 [JavaFX Application Thread] DEBUG Input                - Registered new binding: Right - D
17:32:16.894 [JavaFX Application Thread] DEBUG Input                - Registered new binding: Jump - W
17:32:16.894 [JavaFX Application Thread] DEBUG Input                - Registered new binding: Interact / Confirm - E
17:32:16.894 [JavaFX Application Thread] DEBUG Input                - Registered new binding: RhythmLane0 - H
17:32:16.894 [JavaFX Application Thread] DEBUG Input                - Registered new binding: RhythmLane1 - J
17:32:16.894 [JavaFX Application Thread] DEBUG Input                - Registered new binding: RhythmLane2 - K
17:32:16.894 [JavaFX Application Thread] DEBUG Input                - Registered new binding: RhythmLane3 - L
17:32:16.894 [JavaFX Application Thread] DEBUG Input                - Registered new binding: RhythmStart - Space
17:32:16.894 [JavaFX Application Thread] DEBUG FXGLAssetLoaderServi - Loading from file system: jar:file:///Users/ajaxestela/.m2/repository/com/github/almasb/fxgl/21.1/fxgl-21.1.jar!/fxglassets/textures/fxgl_icon.png
17:32:16.894 [FXGL Background Thread 4 ] DEBUG FXGLAssetLoaderServi - Loading from file system: jar:file:///Users/ajaxestela/.m2/repository/com/github/almasb/fxgl/21.1/fxgl-21.1.jar!/fxglassets/ui/fonts/Courier-Prime.ttf
17:32:16.909 [JavaFX Application Thread] DEBUG FXGLAssetLoaderServi - Loading from file system: jar:file:///Users/ajaxestela/.m2/repository/com/github/almasb/fxgl/21.1/fxgl-21.1.jar!/fxglassets/textures/fxgl_default_cursor.png
17:32:16.911 [JavaFX Application Thread] DEBUG Input                - Registered new binding: Screenshot - CTRL+8
17:32:16.911 [JavaFX Application Thread] DEBUG Input                - Registered new binding: System info dump - CTRL+9
17:32:16.911 [JavaFX Application Thread] DEBUG Input                - Registered new binding: Restart - CTRL+R
17:32:16.911 [JavaFX Application Thread] DEBUG Input                - Registered new binding: Toggle Debug Camera - CTRL+7
17:32:16.912 [JavaFX Application Thread] DEBUG LoopRunner           - Starting loop
17:32:16.912 [JavaFX Application Thread] DEBUG LoopRunner           - Initializing JavaFX AnimationTimerLoop
17:32:16.912 [JavaFX Application Thread] DEBUG Input                - Clearing active input actions
17:32:16.915 [JavaFX Application Thread] DEBUG GameApplicationServi - Removing overlay from FXGLStartupScene and adding to FXGLMainMenuDummyScene
17:32:16.915 [JavaFX Application Thread] DEBUG PrimaryStageWindow   - FXGLStartupScene -> FXGLMainMenuDummyScene
17:32:16.915 [JavaFX Application Thread] DEBUG PrimaryStageWindow   - Push state: FXGLDefaultMenu
17:32:16.917 [JavaFX Application Thread] DEBUG Input                - Clearing active input actions
17:32:16.920 [JavaFX Application Thread] DEBUG GameApplicationServi - Removing overlay from FXGLMainMenuDummyScene and adding to FXGLDefaultMenu
17:32:16.920 [JavaFX Application Thread] DEBUG PrimaryStageWindow   - FXGLMainMenuDummyScene -> FXGLDefaultMenu
17:32:16.924 [JavaFX Application Thread] DEBUG FXGLApplication      - Registering font factories with UI factory
17:32:18.421 [JavaFX Application Thread] DEBUG Menu                 - fireNewGame()
17:32:18.421 [JavaFX Application Thread] DEBUG GameApplicationServi - Starting new game
17:32:18.422 [JavaFX Application Thread] DEBUG PrimaryStageWindow   - Pop state: FXGLDefaultMenu
17:32:18.422 [JavaFX Application Thread] DEBUG Input                - Clearing active input actions
17:32:18.422 [JavaFX Application Thread] DEBUG GameApplicationServi - Removing overlay from FXGLDefaultMenu and adding to FXGLMainMenuDummyScene
17:32:18.423 [JavaFX Application Thread] DEBUG PrimaryStageWindow   - FXGLMainMenuDummyScene <- FXGLDefaultMenu
17:32:18.423 [JavaFX Application Thread] DEBUG Input                - Clearing active input actions
17:32:18.427 [JavaFX Application Thread] DEBUG GameApplicationServi - Removing overlay from FXGLMainMenuDummyScene and adding to FXGLLoadingScene
17:32:18.427 [JavaFX Application Thread] DEBUG PrimaryStageWindow   - FXGLMainMenuDummyScene -> FXGLLoadingScene
17:32:18.427 [JavaFX Application Thread] DEBUG GameApplicationServi - Clearing previous game
17:32:18.427 [JavaFX Application Thread] DEBUG GameScene            - Clearing game scene
17:32:18.427 [JavaFX Application Thread] DEBUG GameWorld            - Clearing game world
17:32:18.427 [JavaFX Application Thread] DEBUG PhysicsWorld         - Clearing physics world
17:32:18.428 [FXGL Background Thread 2 ] DEBUG FXGLApplication      - Initializing game
17:32:18.430 [FXGL Background Thread 2 ] WARN  FXGLAssetLoaderServi - Asset "/assets/sounds/sounds/hit.wav" was not found!
17:32:18.430 [FXGL Background Thread 2 ] WARN  FXGLAssetLoaderServi - Failed to load SOUND
17:32:18.430 [FXGL Background Thread 2 ] WARN  FXGLAssetLoaderServi - Asset "/assets/sounds/sounds/miss.wav" was not found!
17:32:18.430 [FXGL Background Thread 2 ] WARN  FXGLAssetLoaderServi - Failed to load SOUND
17:32:18.458 [FXGL Background Thread 2 ] WARN  TMXLevelLoader       - TiledMap generated from 1.11.0. Supported version: 1.9.0. Some features may not be parsed fully.
17:32:18.460 [FXGL Background Thread 2 ] DEBUG TMXLevelLoader       - Parsed TiledMap: file:/Users/ajaxestela/IdeaProjects/GitSomeSleep/Capstonee/target/classes/assets/levels/tmx/test.tmx
17:32:18.461 [FXGL Background Thread 2 ] DEBUG TMXLevelLoader       - Creating tile layer entities
17:32:18.461 [FXGL Background Thread 2 ] DEBUG TilesetLoader        - Loading view for layer Tile Layer 1
17:32:18.464 [FXGL Background Thread 2 ] DEBUG TilesetLoader        - Created buffer with size 320.0x320.0
17:32:18.466 [FXGL Background Thread 2 ] DEBUG TMXLevelLoader       - Creating object layer entities
17:32:18.473 [FXGL Background Thread 2 ] DEBUG GameWorld            - Clearing removable entities
17:32:18.473 [FXGL Background Thread 2 ] DEBUG GameWorld            - Setting level: com.almasb.fxgl.entity.level.Level@2330b641
17:32:18.476 [FXGL Background Thread 2 ] WARN  FXGLAssetLoaderServi - Asset "/assets/textures/player.png" was not found!
17:32:18.476 [FXGL Background Thread 2 ] WARN  FXGLAssetLoaderServi - Failed to load IMAGE
17:32:18.482 [FXGL Background Thread 2 ] DEBUG FXGLAssetLoaderServi - Loading from file system: file:/Users/ajaxestela/IdeaProjects/GitSomeSleep/Capstonee/target/classes/assets/textures/background/bruh.jpg
17:32:18.495 [FXGL Background Thread 2 ] INFO  FXGLApplication      - Game initialization took: 0.067 sec
17:32:18.495 [JavaFX Application Thread] DEBUG Input                - Clearing active input actions
17:32:18.497 [JavaFX Application Thread] DEBUG GameApplicationServi - Removing overlay from FXGLLoadingScene and adding to GameScene
17:32:18.498 [JavaFX Application Thread] DEBUG PrimaryStageWindow   - FXGLLoadingScene -> GameScene
17:32:19.884 [FXGL Background Thread 3 ] DEBUG Engine               - Logging environment variables
17:32:19.884 [FXGL Background Thread 3 ] DEBUG Engine               - achievements: []
17:32:19.884 [FXGL Background Thread 3 ] DEBUG Engine               - actualHeight: 720.0
17:32:19.884 [FXGL Background Thread 3 ] DEBUG Engine               - actualHeightProperty: ReadOnlyDoubleProperty [value: 720.0]
17:32:19.884 [FXGL Background Thread 3 ] DEBUG Engine               - actualWidth: 1280.0
17:32:19.884 [FXGL Background Thread 3 ] DEBUG Engine               - actualWidthProperty: ReadOnlyDoubleProperty [value: 1280.0]
17:32:19.884 [FXGL Background Thread 3 ] DEBUG Engine               - appIcon: fxgl_icon.png
17:32:19.884 [FXGL Background Thread 3 ] DEBUG Engine               - applicationMode: DEVELOPER
17:32:19.884 [FXGL Background Thread 3 ] DEBUG Engine               - cSSList: [fxgl_dark.css]
17:32:19.884 [FXGL Background Thread 3 ] DEBUG Engine               - collisionDetectionStrategy: BRUTE_FORCE
17:32:19.884 [FXGL Background Thread 3 ] DEBUG Engine               - configClass: Optional.empty
17:32:19.884 [FXGL Background Thread 3 ] DEBUG Engine               - credits: []
17:32:19.885 [FXGL Background Thread 3 ] DEBUG Engine               - defaultCursor: CursorInfo(imageName=fxgl_default_cursor.png, hotspotX=7.0, hotspotY=6.0)
17:32:19.885 [FXGL Background Thread 3 ] DEBUG Engine               - devBBoxColorProperty: ObjectProperty [value: 0xff0000ff]
17:32:19.885 [FXGL Background Thread 3 ] DEBUG Engine               - devEnableDebugCameraProperty: BooleanProperty [value: false]
17:32:19.885 [FXGL Background Thread 3 ] DEBUG Engine               - devSensorColorProperty: ObjectProperty [value: 0xffff00ff]
17:32:19.885 [FXGL Background Thread 3 ] DEBUG Engine               - devShowBBoxProperty: BooleanProperty [value: false]
17:32:19.885 [FXGL Background Thread 3 ] DEBUG Engine               - devShowPositionProperty: BooleanProperty [value: false]
17:32:19.885 [FXGL Background Thread 3 ] DEBUG Engine               - enabledMenuItems: []
17:32:19.885 [FXGL Background Thread 3 ] DEBUG Engine               - engineServices: [class com.almasb.fxgl.app.services.FXGLAssetLoaderService, class com.almasb.fxgl.app.FXGLApplication$GameApplicationService, class com.almasb.fxgl.app.services.FXGLDialogService, class com.almasb.fxgl.app.services.IOTaskExecutorService, class com.almasb.fxgl.io.FileSystemService, class com.almasb.fxgl.localization.LocalizationService, class com.almasb.fxgl.app.services.SystemBundleService, class com.almasb.fxgl.profile.SaveLoadService, class com.almasb.fxgl.ui.FXGLUIFactoryServiceProvider, class com.almasb.fxgl.ui.FXGLDialogFactoryServiceProvider, class com.almasb.fxgl.audio.AudioPlayer, class com.almasb.fxgl.notification.impl.NotificationServiceProvider, class com.almasb.fxgl.achievement.AchievementService, class com.almasb.fxgl.cutscene.CutsceneService, class com.almasb.fxgl.minigames.MiniGameService, class com.almasb.fxgl.net.NetService, class com.almasb.fxgl.app.services.UpdaterService, class com.almasb.fxgl.dev.DevService]
17:32:19.885 [FXGL Background Thread 3 ] DEBUG Engine               - fontGame: Abel-Regular.ttf
17:32:19.885 [FXGL Background Thread 3 ] DEBUG Engine               - fontMono: TerminalLandMono-Regular.otf
17:32:19.885 [FXGL Background Thread 3 ] DEBUG Engine               - fontSizeScaleUI: 1.0
17:32:19.885 [FXGL Background Thread 3 ] DEBUG Engine               - fontText: Courier-Prime.ttf
17:32:19.885 [FXGL Background Thread 3 ] DEBUG Engine               - fontUI: VarelaRound-Regular.ttf
17:32:19.885 [FXGL Background Thread 3 ] DEBUG Engine               - fullScreen: BooleanProperty [value: false]
17:32:19.885 [FXGL Background Thread 3 ] DEBUG Engine               - gameDifficulty: MEDIUM
17:32:19.885 [FXGL Background Thread 3 ] DEBUG Engine               - gameDifficultyProperty: ObjectProperty [value: MEDIUM]
17:32:19.885 [FXGL Background Thread 3 ] DEBUG Engine               - globalMusicVolume: 0.5
17:32:19.885 [FXGL Background Thread 3 ] DEBUG Engine               - globalMusicVolumeProperty: DoubleProperty [value: 0.5]
17:32:19.885 [FXGL Background Thread 3 ] DEBUG Engine               - globalSoundVolume: 0.5
17:32:19.885 [FXGL Background Thread 3 ] DEBUG Engine               - globalSoundVolumeProperty: DoubleProperty [value: 0.5]
17:32:19.885 [FXGL Background Thread 3 ] DEBUG Engine               - height: 720
17:32:19.885 [FXGL Background Thread 3 ] DEBUG Engine               - is3D: false
17:32:19.885 [FXGL Background Thread 3 ] DEBUG Engine               - isAndroid: false
17:32:19.885 [FXGL Background Thread 3 ] DEBUG Engine               - isBrowser: false
17:32:19.885 [FXGL Background Thread 3 ] DEBUG Engine               - isClickFeedbackEnabled: false
17:32:19.885 [FXGL Background Thread 3 ] DEBUG Engine               - isCloseConfirmation: false
17:32:19.885 [FXGL Background Thread 3 ] DEBUG Engine               - isDesktop: true
17:32:19.886 [FXGL Background Thread 3 ] DEBUG Engine               - isDeveloperMenuEnabled: false
17:32:19.886 [FXGL Background Thread 3 ] DEBUG Engine               - isEmbedded: false
17:32:19.886 [FXGL Background Thread 3 ] DEBUG Engine               - isEntityPreloadEnabled: true
17:32:19.886 [FXGL Background Thread 3 ] DEBUG Engine               - isExperimentalTiledLargeMap: false
17:32:19.886 [FXGL Background Thread 3 ] DEBUG Engine               - isFileSystemWriteAllowed: true
17:32:19.886 [FXGL Background Thread 3 ] DEBUG Engine               - isFullScreenAllowed: false
17:32:19.886 [FXGL Background Thread 3 ] DEBUG Engine               - isFullScreenFromStart: false
17:32:19.886 [FXGL Background Thread 3 ] DEBUG Engine               - isGameMenuEnabled: true
17:32:19.886 [FXGL Background Thread 3 ] DEBUG Engine               - isIOS: false
17:32:19.886 [FXGL Background Thread 3 ] DEBUG Engine               - isIntroEnabled: false
17:32:19.886 [FXGL Background Thread 3 ] DEBUG Engine               - isLinux: false
17:32:19.886 [FXGL Background Thread 3 ] DEBUG Engine               - isMac: true
17:32:19.886 [FXGL Background Thread 3 ] DEBUG Engine               - isMainMenuEnabled: true
17:32:19.886 [FXGL Background Thread 3 ] DEBUG Engine               - isManualResizeEnabled: false
17:32:19.886 [FXGL Background Thread 3 ] DEBUG Engine               - isMobile: false
17:32:19.886 [FXGL Background Thread 3 ] DEBUG Engine               - isNative: false
17:32:19.886 [FXGL Background Thread 3 ] DEBUG Engine               - isPauseMusicWhenMinimized: true
17:32:19.886 [FXGL Background Thread 3 ] DEBUG Engine               - isPreserveResizeRatio: false
17:32:19.886 [FXGL Background Thread 3 ] DEBUG Engine               - isProfilingEnabled: false
17:32:19.886 [FXGL Background Thread 3 ] DEBUG Engine               - isScaleAffectedOnResize: true
17:32:19.886 [FXGL Background Thread 3 ] DEBUG Engine               - isSingleStep: false
17:32:19.886 [FXGL Background Thread 3 ] DEBUG Engine               - isUserProfileEnabled: false
17:32:19.886 [FXGL Background Thread 3 ] DEBUG Engine               - isWindows: false
17:32:19.886 [FXGL Background Thread 3 ] DEBUG Engine               - language: ObjectProperty [value: ENGLISH]
17:32:19.886 [FXGL Background Thread 3 ] DEBUG Engine               - menuKey: ESCAPE
17:32:19.886 [FXGL Background Thread 3 ] DEBUG Engine               - mouseSensitivity: 0.2
17:32:19.886 [FXGL Background Thread 3 ] DEBUG Engine               - notificationViewClass: class com.almasb.fxgl.notification.view.XboxNotificationView
17:32:19.886 [FXGL Background Thread 3 ] DEBUG Engine               - pixelsPerMeter: 50.0
17:32:19.886 [FXGL Background Thread 3 ] DEBUG Engine               - platform: MAC
17:32:19.886 [FXGL Background Thread 3 ] DEBUG Engine               - prefHeightProperty: ReadOnlyDoubleProperty [value: 720.0]
17:32:19.886 [FXGL Background Thread 3 ] DEBUG Engine               - prefWidthProperty: ReadOnlyDoubleProperty [value: 1280.0]
17:32:19.886 [FXGL Background Thread 3 ] DEBUG Engine               - profileDir: profiles/
17:32:19.886 [FXGL Background Thread 3 ] DEBUG Engine               - profileName: StringProperty [value: DEFAULT]
17:32:19.886 [FXGL Background Thread 3 ] DEBUG Engine               - randomSeed: -1
17:32:19.886 [FXGL Background Thread 3 ] DEBUG Engine               - runtimeInfo: RuntimeInfo(platform=MAC, version=21.1, build=27.03.2024 07.52)
17:32:19.886 [FXGL Background Thread 3 ] DEBUG Engine               - saveFileExt: sav
17:32:19.886 [FXGL Background Thread 3 ] DEBUG Engine               - scaledHeightProp$fxgl: DoubleProperty [bound, value: 720.0]
17:32:19.886 [FXGL Background Thread 3 ] DEBUG Engine               - scaledWidthProp$fxgl: DoubleProperty [bound, value: 1280.0]
17:32:19.887 [FXGL Background Thread 3 ] DEBUG Engine               - sceneFactory: com.almasb.fxgl.app.scene.SceneFactory@45f997ca
17:32:19.887 [FXGL Background Thread 3 ] DEBUG Engine               - secondsIn24h: 60
17:32:19.887 [FXGL Background Thread 3 ] DEBUG Engine               - soundMenuBack: menu/back.wav
17:32:19.887 [FXGL Background Thread 3 ] DEBUG Engine               - soundMenuPress: menu/press.wav
17:32:19.887 [FXGL Background Thread 3 ] DEBUG Engine               - soundMenuSelect: menu/select.wav
17:32:19.887 [FXGL Background Thread 3 ] DEBUG Engine               - soundNotification: core/notification.wav
17:32:19.887 [FXGL Background Thread 3 ] DEBUG Engine               - stageStyle: DECORATED
17:32:19.887 [FXGL Background Thread 3 ] DEBUG Engine               - supportedLanguages: [ENGLISH, FRENCH, GERMAN, HUNGARIAN, RUSSIAN]
17:32:19.887 [FXGL Background Thread 3 ] DEBUG Engine               - ticksPerSecond: -1
17:32:19.887 [FXGL Background Thread 3 ] DEBUG Engine               - title: Platformer with Rhythm
17:32:19.887 [FXGL Background Thread 3 ] DEBUG Engine               - urlGithub: https://github.com/AlmasB/FXGL
17:32:19.887 [FXGL Background Thread 3 ] DEBUG Engine               - urlLeaderboard: http://fxgl-top.herokuapp.com/
17:32:19.887 [FXGL Background Thread 3 ] DEBUG Engine               - urlPOM: https://raw.githubusercontent.com/AlmasB/FXGL/release/README.md
17:32:19.887 [FXGL Background Thread 3 ] DEBUG Engine               - userAppClass: class org.example.capstonee.GameApp
17:32:19.887 [FXGL Background Thread 3 ] DEBUG Engine               - version: 0.2
17:32:19.887 [FXGL Background Thread 3 ] DEBUG Engine               - versionCheckDays: 7
17:32:19.887 [FXGL Background Thread 3 ] DEBUG Engine               - width: 1280
17:32:19.887 [FXGL Background Thread 3 ] DEBUG Engine               - Logging services
17:32:19.887 [FXGL Background Thread 3 ] DEBUG Engine               - class com.almasb.fxgl.app.services.FXGLAssetLoaderService
17:32:19.887 [FXGL Background Thread 3 ] DEBUG Engine               - class com.almasb.fxgl.app.FXGLApplication$GameApplicationService
17:32:19.887 [FXGL Background Thread 3 ] DEBUG Engine               - class com.almasb.fxgl.app.services.FXGLDialogService
17:32:19.887 [FXGL Background Thread 3 ] DEBUG Engine               - class com.almasb.fxgl.app.services.IOTaskExecutorService
17:32:19.887 [FXGL Background Thread 3 ] DEBUG Engine               - class com.almasb.fxgl.io.FileSystemService
17:32:19.887 [FXGL Background Thread 3 ] DEBUG Engine               - class com.almasb.fxgl.localization.LocalizationService
17:32:19.887 [FXGL Background Thread 3 ] DEBUG Engine               - class com.almasb.fxgl.app.services.SystemBundleService
17:32:19.887 [FXGL Background Thread 3 ] DEBUG Engine               - class com.almasb.fxgl.profile.SaveLoadService
17:32:19.887 [FXGL Background Thread 3 ] DEBUG Engine               - class com.almasb.fxgl.ui.FXGLUIFactoryServiceProvider
17:32:19.887 [FXGL Background Thread 3 ] DEBUG Engine               - class com.almasb.fxgl.ui.FXGLDialogFactoryServiceProvider
17:32:19.887 [FXGL Background Thread 3 ] DEBUG Engine               - class com.almasb.fxgl.audio.AudioPlayer
17:32:19.887 [FXGL Background Thread 3 ] DEBUG Engine               - class com.almasb.fxgl.notification.impl.NotificationServiceProvider
17:32:19.887 [FXGL Background Thread 3 ] DEBUG Engine               - class com.almasb.fxgl.achievement.AchievementService
17:32:19.887 [FXGL Background Thread 3 ] DEBUG Engine               - class com.almasb.fxgl.cutscene.CutsceneService
17:32:19.887 [FXGL Background Thread 3 ] DEBUG Engine               - class com.almasb.fxgl.minigames.MiniGameService
17:32:19.887 [FXGL Background Thread 3 ] DEBUG Engine               - class com.almasb.fxgl.net.NetService
17:32:19.887 [FXGL Background Thread 3 ] DEBUG Engine               - class com.almasb.fxgl.app.services.UpdaterService
17:32:19.887 [FXGL Background Thread 3 ] DEBUG Engine               - class com.almasb.fxgl.dev.DevService
17:32:21.052 [JavaFX Application Thread] DEBUG FXGLAssetLoaderServi - Loading from file system: file:/Users/ajaxestela/IdeaProjects/GitSomeSleep/Capstonee/target/classes/assets/text/gameCutscene_sample1.txt
17:32:21.059 [JavaFX Application Thread] DEBUG Input                - Registered new binding: Next RPG Line - Enter
17:32:21.060 [JavaFX Application Thread] WARN  FXGLAssetLoaderServi - Asset "/assets/textures/bruh.png" was not found!
17:32:21.060 [JavaFX Application Thread] WARN  FXGLAssetLoaderServi - Failed to load IMAGE
17:32:21.060 [JavaFX Application Thread] DEBUG PrimaryStageWindow   - Push state: CutsceneScene
17:32:21.061 [JavaFX Application Thread] DEBUG Input                - Clearing active input actions
17:32:21.061 [JavaFX Application Thread] DEBUG GameApplicationServi - Removing overlay from GameScene and adding to CutsceneScene
17:32:21.061 [JavaFX Application Thread] DEBUG PrimaryStageWindow   - GameScene -> CutsceneScene
17:32:21.996 [JavaFX Application Thread] DEBUG FXGLAssetLoaderServi - Loading from file system: file:/Users/ajaxestela/IdeaProjects/GitSomeSleep/Capstonee/target/classes/assets/textures/tuntunsahur.png
17:32:23.175 [JavaFX Application Thread] DEBUG PrimaryStageWindow   - Pop state: CutsceneScene
17:32:23.175 [JavaFX Application Thread] DEBUG Input                - Clearing active input actions
17:32:23.176 [JavaFX Application Thread] DEBUG GameApplicationServi - Removing overlay from CutsceneScene and adding to GameScene
17:32:23.177 [JavaFX Application Thread] DEBUG PrimaryStageWindow   - GameScene <- CutsceneScene
17:32:23.195 [JavaFX Application Thread] DEBUG FXGLAssetLoaderServi - Loading from file system: file:/Users/ajaxestela/IdeaProjects/GitSomeSleep/Capstonee/target/classes/assets/textures/background/pixelatedliyue.png
17:32:23.322 [JavaFX Application Thread] DEBUG FXGLAssetLoaderServi - Loading from file system: file:/Users/ajaxestela/IdeaProjects/GitSomeSleep/Capstonee/target/classes/assets/music/songs/desperato.wav
17:32:25.059 [JavaFX Application Thread] DEBUG AudioPlayer          - Playing music com.almasb.fxgl.audio.Music@7195460d
17:32:27.871 [JavaFX Application Thread] DEBUG FXGLApplication      - Exiting FXGL
17:32:27.872 [JavaFX Application Thread] DEBUG LoopRunner           - Stopping loop
17:32:27.872 [JavaFX Application Thread] DEBUG SystemBundleService  - Saving FXGL system data
17:32:27.874 [JavaFX Application Thread] DEBUG FileSystemAccess     - Writing to: /Users/ajaxestela/IdeaProjects/GitSomeSleep/system/fxgl.bundle
17:32:27.877 [JavaFX Application Thread] DEBUG Async                - Shutting down background threads
17:32:27.877 [JavaFX Application Thread] DEBUG PrimaryStageWindow   - Closing main window
17:32:27.912 [JavaFX Application Thread] DEBUG Logger               - Closing Logger
