11:33:42.913 [main                     ] DEBUG Logger               - Configured Logger
11:33:42.935 [main                     ] DEBUG GameApplication      - Logging settings
Title: Platformer with Rhythm
Version: 0.2
Width: 1280
Height: 720
Fullscreen: false
Intro: false
Profiling: false
Single step:false
App Mode: DEVELOPER
Menu Key: ESCAPE
Stage Style: DECORATED
Scene Factory: class com.almasb.fxgl.app.scene.SceneFactory

11:33:43.260 [JavaFX Application Thread] DEBUG FXGLApplication      - Initializing FXGL
11:33:43.264 [JavaFX Application Thread] INFO  Engine               - FXGL-21.1 (27.03.2024 07.52) on WINDOWS (J:23 FX:22.0.1)
11:33:43.264 [JavaFX Application Thread] DEBUG Engine               - JRE Vendor Name: Oracle Corporation
11:33:43.264 [JavaFX Application Thread] DEBUG Engine               - Running on OS: Windows 10 version 10.0
11:33:43.264 [JavaFX Application Thread] DEBUG Engine               - Architecture: amd64
11:33:43.264 [JavaFX Application Thread] INFO  Engine               - Source code and latest versions at: https://github.com/AlmasB/FXGL
11:33:43.265 [JavaFX Application Thread] INFO  Engine               -       Ask questions and discuss at: https://github.com/AlmasB/FXGL/discussions
11:33:43.265 [JavaFX Application Thread] INFO  Engine               -              Join the FXGL chat at: https://gitter.im/AlmasB/FXGL
11:33:43.364 [JavaFX Application Thread] DEBUG PrimaryStageWindow   - Creating a JavaFX scene
11:33:43.414 [JavaFX Application Thread] DEBUG PrimaryStageWindow   - Target settings size: 1280.0 x 720.0
11:33:43.414 [JavaFX Application Thread] DEBUG PrimaryStageWindow   - Scaled scene size:    1280.0 x 720.0
11:33:43.414 [JavaFX Application Thread] DEBUG PrimaryStageWindow   - Scaled ratio: (1.0, 1.0)
11:33:43.415 [JavaFX Application Thread] DEBUG PrimaryStageWindow   - Set initial scene to FXGLStartupScene
11:33:43.417 [JavaFX Application Thread] DEBUG PrimaryStageWindow   - Opening main window
11:33:43.651 [JavaFX Application Thread] DEBUG PrimaryStageWindow   - Window border size: (16.0, 39.0)
11:33:43.651 [JavaFX Application Thread] DEBUG PrimaryStageWindow   - Scaled size: 1280.0 x 720.0
11:33:43.652 [JavaFX Application Thread] DEBUG PrimaryStageWindow   - Scaled ratio: (1.0, 1.0)
11:33:43.652 [JavaFX Application Thread] DEBUG PrimaryStageWindow   - Scene size: 1280.0 x 720.0
11:33:43.652 [JavaFX Application Thread] DEBUG PrimaryStageWindow   - Stage size: 1296.0 x 759.0
11:33:43.660 [FXGL Background Thread 1 ] DEBUG Engine               - Initializing environment variables
11:33:43.755 [FXGL Background Thread 1 ] DEBUG FXGLAssetLoaderServi - User app class for loading assets: class org.example.capstonee.GameApp
11:33:43.756 [FXGL Background Thread 1 ] DEBUG GameApplicationServi - Applying CSS: fxgl_dark.css
11:33:43.759 [FXGL Background Thread 1 ] DEBUG FXGLAssetLoaderServi - Loading from file system: jar:file:///C:/Users/Admin/.m2/repository/com/github/almasb/fxgl/21.1/fxgl-21.1.jar!/fxglassets/ui/css/fxgl_dark.css
11:33:43.802 [FXGL Background Thread 1 ] DEBUG GameApplicationServi - Initializing application scenes
11:33:43.851 [FXGL Background Thread 1 ] DEBUG GameWorld            - Game world initialized
11:33:43.920 [FXGL Background Thread 1 ] DEBUG PhysicsWorld         - Physics world initialized: appHeight=720, physics.ppm=50.0
11:33:43.920 [FXGL Background Thread 1 ] DEBUG PhysicsWorld         - Using strategy: BRUTE_FORCE
11:33:43.923 [FXGL Background Thread 1 ] DEBUG GameScene            - Game scene initialized: 1280x720
11:33:43.931 [FXGL Background Thread 1 ] DEBUG FXGL.DefaultMenu     - createMenuBodyMainMenu()
11:33:43.942 [FXGL Background Thread 1 ] DEBUG FXGL.DefaultMenu     - createOptionsMenu()
11:33:43.952 [FXGL Background Thread 1 ] DEBUG FXGLAssetLoaderServi - Loading from file system: jar:file:///C:/Users/Admin/.m2/repository/com/github/almasb/fxgl/21.1/fxgl-21.1.jar!/fxglassets/textures/particles/smoke.png
11:33:44.024 [FXGL Background Thread 1 ] DEBUG FXGLAssetLoaderServi - Loading from file system: jar:file:///C:/Users/Admin/.m2/repository/com/github/almasb/fxgl/21.1/fxgl-21.1.jar!/fxglassets/textures/particles/trace_horizontal.png
11:33:44.045 [FXGL Background Thread 1 ] DEBUG FXGL.DefaultMenu     - createMenuBodyGameMenu()
11:33:44.046 [FXGL Background Thread 1 ] DEBUG FXGL.DefaultMenu     - createOptionsMenu()
11:33:44.056 [FXGL Background Thread 1 ] DEBUG GameApplicationServi - Application scenes initialized
11:33:44.065 [FXGL Background Thread 1 ] DEBUG SystemBundleService  - Loading FXGL system data
11:33:44.068 [FXGL Background Thread 1 ] DEBUG FileSystemAccess     - Reading from: C:\Users\Admin\IdeaProjects\GitSomeSleep\system\fxgl.bundle
11:33:44.073 [FXGL Background Thread 1 ] DEBUG SystemBundleService  - Bundle FXGL: {}
11:33:44.073 [FXGL Background Thread 1 ] DEBUG UpdaterService       - Checking for updates
11:33:44.076 [FXGL Background Thread 4 ] DEBUG FXGLApplication      - Loading fonts
11:33:44.076 [FXGL Background Thread 1 ] DEBUG FXGLApplication      - Loading default localization
11:33:44.076 [FXGL Background Thread 4 ] DEBUG FXGLAssetLoaderServi - Loading from file system: jar:file:///C:/Users/Admin/.m2/repository/com/github/almasb/fxgl/21.1/fxgl-21.1.jar!/fxglassets/ui/fonts/VarelaRound-Regular.ttf
11:33:44.077 [FXGL Background Thread 1 ] DEBUG FXGLAssetLoaderServi - Loading from file system: jar:file:///C:/Users/Admin/.m2/repository/com/github/almasb/fxgl/21.1/fxgl-21.1.jar!/fxglassets/languages/english.lang
11:33:44.096 [FXGL Background Thread 1 ] INFO  FXGLApplication      - FXGL initialization took: 0.436 sec
11:33:44.104 [FXGL Background Thread 4 ] DEBUG FXGLAssetLoaderServi - Loading from file system: jar:file:///C:/Users/Admin/.m2/repository/com/github/almasb/fxgl/21.1/fxgl-21.1.jar!/fxglassets/ui/fonts/Abel-Regular.ttf
11:33:44.113 [FXGL Background Thread 4 ] DEBUG FXGLAssetLoaderServi - Loading from file system: jar:file:///C:/Users/Admin/.m2/repository/com/github/almasb/fxgl/21.1/fxgl-21.1.jar!/fxglassets/ui/fonts/TerminalLandMono-Regular.otf
11:33:44.115 [JavaFX Application Thread] DEBUG Input                - Registered new binding: Left - A
11:33:44.115 [JavaFX Application Thread] DEBUG Input                - Registered new binding: Right - D
11:33:44.115 [JavaFX Application Thread] DEBUG Input                - Registered new binding: Jump - W
11:33:44.116 [JavaFX Application Thread] DEBUG Input                - Registered new binding: Interact / Confirm - E
11:33:44.116 [JavaFX Application Thread] DEBUG Input                - Registered new binding: RhythmLane0 - H
11:33:44.116 [JavaFX Application Thread] DEBUG Input                - Registered new binding: RhythmLane1 - J
11:33:44.116 [JavaFX Application Thread] DEBUG Input                - Registered new binding: RhythmLane2 - K
11:33:44.116 [FXGL Background Thread 4 ] DEBUG FXGLAssetLoaderServi - Loading from file system: jar:file:///C:/Users/Admin/.m2/repository/com/github/almasb/fxgl/21.1/fxgl-21.1.jar!/fxglassets/ui/fonts/Courier-Prime.ttf
11:33:44.116 [JavaFX Application Thread] DEBUG Input                - Registered new binding: RhythmLane3 - L
11:33:44.116 [JavaFX Application Thread] DEBUG Input                - Registered new binding: RhythmStart - Space
11:33:44.117 [JavaFX Application Thread] DEBUG FXGLAssetLoaderServi - Loading from file system: jar:file:///C:/Users/Admin/.m2/repository/com/github/almasb/fxgl/21.1/fxgl-21.1.jar!/fxglassets/textures/fxgl_icon.png
11:33:44.130 [JavaFX Application Thread] DEBUG FXGLAssetLoaderServi - Loading from file system: jar:file:///C:/Users/Admin/.m2/repository/com/github/almasb/fxgl/21.1/fxgl-21.1.jar!/fxglassets/textures/fxgl_default_cursor.png
11:33:44.132 [JavaFX Application Thread] DEBUG Input                - Registered new binding: Screenshot - CTRL+8
11:33:44.132 [JavaFX Application Thread] DEBUG Input                - Registered new binding: System info dump - CTRL+9
11:33:44.132 [JavaFX Application Thread] DEBUG Input                - Registered new binding: Restart - CTRL+R
11:33:44.133 [JavaFX Application Thread] DEBUG Input                - Registered new binding: Toggle Debug Camera - CTRL+7
11:33:44.135 [JavaFX Application Thread] DEBUG LoopRunner           - Starting loop
11:33:44.136 [JavaFX Application Thread] DEBUG LoopRunner           - Initializing JavaFX AnimationTimerLoop
11:33:44.138 [JavaFX Application Thread] DEBUG Input                - Clearing active input actions
11:33:44.144 [JavaFX Application Thread] DEBUG GameApplicationServi - Removing overlay from FXGLStartupScene and adding to FXGLMainMenuDummyScene
11:33:44.145 [JavaFX Application Thread] DEBUG PrimaryStageWindow   - FXGLStartupScene -> FXGLMainMenuDummyScene
11:33:44.145 [JavaFX Application Thread] DEBUG PrimaryStageWindow   - Push state: FXGLDefaultMenu
11:33:44.150 [JavaFX Application Thread] DEBUG Input                - Clearing active input actions
11:33:44.156 [JavaFX Application Thread] DEBUG GameApplicationServi - Removing overlay from FXGLMainMenuDummyScene and adding to FXGLDefaultMenu
11:33:44.157 [JavaFX Application Thread] DEBUG PrimaryStageWindow   - FXGLMainMenuDummyScene -> FXGLDefaultMenu
11:33:44.157 [JavaFX Application Thread] DEBUG FXGLApplication      - Registering font factories with UI factory
11:33:47.076 [FXGL Background Thread 3 ] DEBUG Engine               - Logging environment variables
11:33:47.076 [FXGL Background Thread 3 ] DEBUG Engine               - achievements: []
11:33:47.076 [FXGL Background Thread 3 ] DEBUG Engine               - actualHeight: 720.0
11:33:47.076 [FXGL Background Thread 3 ] DEBUG Engine               - actualHeightProperty: ReadOnlyDoubleProperty [value: 720.0]
11:33:47.076 [FXGL Background Thread 3 ] DEBUG Engine               - actualWidth: 1280.0
11:33:47.077 [FXGL Background Thread 3 ] DEBUG Engine               - actualWidthProperty: ReadOnlyDoubleProperty [value: 1280.0]
11:33:47.077 [FXGL Background Thread 3 ] DEBUG Engine               - appIcon: fxgl_icon.png
11:33:47.077 [FXGL Background Thread 3 ] DEBUG Engine               - applicationMode: DEVELOPER
11:33:47.077 [FXGL Background Thread 3 ] DEBUG Engine               - cSSList: [fxgl_dark.css]
11:33:47.077 [FXGL Background Thread 3 ] DEBUG Engine               - collisionDetectionStrategy: BRUTE_FORCE
11:33:47.077 [FXGL Background Thread 3 ] DEBUG Engine               - configClass: Optional.empty
11:33:47.077 [FXGL Background Thread 3 ] DEBUG Engine               - credits: []
11:33:47.077 [FXGL Background Thread 3 ] DEBUG Engine               - defaultCursor: CursorInfo(imageName=fxgl_default_cursor.png, hotspotX=7.0, hotspotY=6.0)
11:33:47.077 [FXGL Background Thread 3 ] DEBUG Engine               - devBBoxColorProperty: ObjectProperty [value: 0xff0000ff]
11:33:47.077 [FXGL Background Thread 3 ] DEBUG Engine               - devEnableDebugCameraProperty: BooleanProperty [value: false]
11:33:47.077 [FXGL Background Thread 3 ] DEBUG Engine               - devSensorColorProperty: ObjectProperty [value: 0xffff00ff]
11:33:47.077 [FXGL Background Thread 3 ] DEBUG Engine               - devShowBBoxProperty: BooleanProperty [value: false]
11:33:47.077 [FXGL Background Thread 3 ] DEBUG Engine               - devShowPositionProperty: BooleanProperty [value: false]
11:33:47.077 [FXGL Background Thread 3 ] DEBUG Engine               - enabledMenuItems: []
11:33:47.077 [FXGL Background Thread 3 ] DEBUG Engine               - engineServices: [class com.almasb.fxgl.app.services.FXGLAssetLoaderService, class com.almasb.fxgl.app.FXGLApplication$GameApplicationService, class com.almasb.fxgl.app.services.FXGLDialogService, class com.almasb.fxgl.app.services.IOTaskExecutorService, class com.almasb.fxgl.io.FileSystemService, class com.almasb.fxgl.localization.LocalizationService, class com.almasb.fxgl.app.services.SystemBundleService, class com.almasb.fxgl.profile.SaveLoadService, class com.almasb.fxgl.ui.FXGLUIFactoryServiceProvider, class com.almasb.fxgl.ui.FXGLDialogFactoryServiceProvider, class com.almasb.fxgl.audio.AudioPlayer, class com.almasb.fxgl.notification.impl.NotificationServiceProvider, class com.almasb.fxgl.achievement.AchievementService, class com.almasb.fxgl.cutscene.CutsceneService, class com.almasb.fxgl.minigames.MiniGameService, class com.almasb.fxgl.net.NetService, class com.almasb.fxgl.app.services.UpdaterService, class com.almasb.fxgl.dev.DevService]
11:33:47.077 [FXGL Background Thread 3 ] DEBUG Engine               - fontGame: Abel-Regular.ttf
11:33:47.078 [FXGL Background Thread 3 ] DEBUG Engine               - fontMono: TerminalLandMono-Regular.otf
11:33:47.078 [FXGL Background Thread 3 ] DEBUG Engine               - fontSizeScaleUI: 1.0
11:33:47.078 [FXGL Background Thread 3 ] DEBUG Engine               - fontText: Courier-Prime.ttf
11:33:47.078 [FXGL Background Thread 3 ] DEBUG Engine               - fontUI: VarelaRound-Regular.ttf
11:33:47.078 [FXGL Background Thread 3 ] DEBUG Engine               - fullScreen: BooleanProperty [value: false]
11:33:47.078 [FXGL Background Thread 3 ] DEBUG Engine               - gameDifficulty: MEDIUM
11:33:47.078 [FXGL Background Thread 3 ] DEBUG Engine               - gameDifficultyProperty: ObjectProperty [value: MEDIUM]
11:33:47.078 [FXGL Background Thread 3 ] DEBUG Engine               - globalMusicVolume: 0.5
11:33:47.078 [FXGL Background Thread 3 ] DEBUG Engine               - globalMusicVolumeProperty: DoubleProperty [value: 0.5]
11:33:47.078 [FXGL Background Thread 3 ] DEBUG Engine               - globalSoundVolume: 0.5
11:33:47.078 [FXGL Background Thread 3 ] DEBUG Engine               - globalSoundVolumeProperty: DoubleProperty [value: 0.5]
11:33:47.078 [FXGL Background Thread 3 ] DEBUG Engine               - height: 720
11:33:47.078 [FXGL Background Thread 3 ] DEBUG Engine               - is3D: false
11:33:47.078 [FXGL Background Thread 3 ] DEBUG Engine               - isAndroid: false
11:33:47.078 [FXGL Background Thread 3 ] DEBUG Engine               - isBrowser: false
11:33:47.078 [FXGL Background Thread 3 ] DEBUG Engine               - isClickFeedbackEnabled: false
11:33:47.078 [FXGL Background Thread 3 ] DEBUG Engine               - isCloseConfirmation: false
11:33:47.078 [FXGL Background Thread 3 ] DEBUG Engine               - isDesktop: true
11:33:47.078 [FXGL Background Thread 3 ] DEBUG Engine               - isDeveloperMenuEnabled: false
11:33:47.078 [FXGL Background Thread 3 ] DEBUG Engine               - isEmbedded: false
11:33:47.078 [FXGL Background Thread 3 ] DEBUG Engine               - isEntityPreloadEnabled: true
11:33:47.078 [FXGL Background Thread 3 ] DEBUG Engine               - isExperimentalTiledLargeMap: false
11:33:47.078 [FXGL Background Thread 3 ] DEBUG Engine               - isFileSystemWriteAllowed: true
11:33:47.078 [FXGL Background Thread 3 ] DEBUG Engine               - isFullScreenAllowed: false
11:33:47.079 [FXGL Background Thread 3 ] DEBUG Engine               - isFullScreenFromStart: false
11:33:47.079 [FXGL Background Thread 3 ] DEBUG Engine               - isGameMenuEnabled: true
11:33:47.079 [FXGL Background Thread 3 ] DEBUG Engine               - isIOS: false
11:33:47.079 [FXGL Background Thread 3 ] DEBUG Engine               - isIntroEnabled: false
11:33:47.079 [FXGL Background Thread 3 ] DEBUG Engine               - isLinux: false
11:33:47.079 [FXGL Background Thread 3 ] DEBUG Engine               - isMac: false
11:33:47.079 [FXGL Background Thread 3 ] DEBUG Engine               - isMainMenuEnabled: true
11:33:47.079 [FXGL Background Thread 3 ] DEBUG Engine               - isManualResizeEnabled: false
11:33:47.079 [FXGL Background Thread 3 ] DEBUG Engine               - isMobile: false
11:33:47.079 [FXGL Background Thread 3 ] DEBUG Engine               - isNative: false
11:33:47.079 [FXGL Background Thread 3 ] DEBUG Engine               - isPauseMusicWhenMinimized: true
11:33:47.079 [FXGL Background Thread 3 ] DEBUG Engine               - isPreserveResizeRatio: false
11:33:47.079 [FXGL Background Thread 3 ] DEBUG Engine               - isProfilingEnabled: false
11:33:47.079 [FXGL Background Thread 3 ] DEBUG Engine               - isScaleAffectedOnResize: true
11:33:47.079 [FXGL Background Thread 3 ] DEBUG Engine               - isSingleStep: false
11:33:47.079 [FXGL Background Thread 3 ] DEBUG Engine               - isUserProfileEnabled: false
11:33:47.079 [FXGL Background Thread 3 ] DEBUG Engine               - isWindows: true
11:33:47.079 [FXGL Background Thread 3 ] DEBUG Engine               - language: ObjectProperty [value: ENGLISH]
11:33:47.079 [FXGL Background Thread 3 ] DEBUG Engine               - menuKey: ESCAPE
11:33:47.079 [FXGL Background Thread 3 ] DEBUG Engine               - mouseSensitivity: 0.2
11:33:47.079 [FXGL Background Thread 3 ] DEBUG Engine               - notificationViewClass: class com.almasb.fxgl.notification.view.XboxNotificationView
11:33:47.079 [FXGL Background Thread 3 ] DEBUG Engine               - pixelsPerMeter: 50.0
11:33:47.079 [FXGL Background Thread 3 ] DEBUG Engine               - platform: WINDOWS
11:33:47.079 [FXGL Background Thread 3 ] DEBUG Engine               - prefHeightProperty: ReadOnlyDoubleProperty [value: 720.0]
11:33:47.079 [FXGL Background Thread 3 ] DEBUG Engine               - prefWidthProperty: ReadOnlyDoubleProperty [value: 1280.0]
11:33:47.080 [FXGL Background Thread 3 ] DEBUG Engine               - profileDir: profiles/
11:33:47.080 [FXGL Background Thread 3 ] DEBUG Engine               - profileName: StringProperty [value: DEFAULT]
11:33:47.080 [FXGL Background Thread 3 ] DEBUG Engine               - randomSeed: -1
11:33:47.081 [FXGL Background Thread 3 ] DEBUG Engine               - runtimeInfo: RuntimeInfo(platform=WINDOWS, version=21.1, build=27.03.2024 07.52)
11:33:47.081 [FXGL Background Thread 3 ] DEBUG Engine               - saveFileExt: sav
11:33:47.081 [FXGL Background Thread 3 ] DEBUG Engine               - scaledHeightProp$fxgl: DoubleProperty [bound, value: 720.0]
11:33:47.081 [FXGL Background Thread 3 ] DEBUG Engine               - scaledWidthProp$fxgl: DoubleProperty [bound, value: 1280.0]
11:33:47.081 [FXGL Background Thread 3 ] DEBUG Engine               - sceneFactory: com.almasb.fxgl.app.scene.SceneFactory@6194e9e3
11:33:47.081 [FXGL Background Thread 3 ] DEBUG Engine               - secondsIn24h: 60
11:33:47.081 [FXGL Background Thread 3 ] DEBUG Engine               - soundMenuBack: menu/back.wav
11:33:47.081 [FXGL Background Thread 3 ] DEBUG Engine               - soundMenuPress: menu/press.wav
11:33:47.081 [FXGL Background Thread 3 ] DEBUG Engine               - soundMenuSelect: menu/select.wav
11:33:47.081 [FXGL Background Thread 3 ] DEBUG Engine               - soundNotification: core/notification.wav
11:33:47.081 [FXGL Background Thread 3 ] DEBUG Engine               - stageStyle: DECORATED
11:33:47.081 [FXGL Background Thread 3 ] DEBUG Engine               - supportedLanguages: [ENGLISH, FRENCH, GERMAN, HUNGARIAN, RUSSIAN]
11:33:47.081 [FXGL Background Thread 3 ] DEBUG Engine               - ticksPerSecond: -1
11:33:47.081 [FXGL Background Thread 3 ] DEBUG Engine               - title: Platformer with Rhythm
11:33:47.081 [FXGL Background Thread 3 ] DEBUG Engine               - urlGithub: https://github.com/AlmasB/FXGL
11:33:47.081 [FXGL Background Thread 3 ] DEBUG Engine               - urlLeaderboard: http://fxgl-top.herokuapp.com/
11:33:47.081 [FXGL Background Thread 3 ] DEBUG Engine               - urlPOM: https://raw.githubusercontent.com/AlmasB/FXGL/release/README.md
11:33:47.081 [FXGL Background Thread 3 ] DEBUG Engine               - userAppClass: class org.example.capstonee.GameApp
11:33:47.081 [FXGL Background Thread 3 ] DEBUG Engine               - version: 0.2
11:33:47.081 [FXGL Background Thread 3 ] DEBUG Engine               - versionCheckDays: 7
11:33:47.081 [FXGL Background Thread 3 ] DEBUG Engine               - width: 1280
11:33:47.082 [FXGL Background Thread 3 ] DEBUG Engine               - Logging services
11:33:47.082 [FXGL Background Thread 3 ] DEBUG Engine               - class com.almasb.fxgl.app.services.FXGLAssetLoaderService
11:33:47.082 [FXGL Background Thread 3 ] DEBUG Engine               - class com.almasb.fxgl.app.FXGLApplication$GameApplicationService
11:33:47.082 [FXGL Background Thread 3 ] DEBUG Engine               - class com.almasb.fxgl.app.services.FXGLDialogService
11:33:47.082 [FXGL Background Thread 3 ] DEBUG Engine               - class com.almasb.fxgl.app.services.IOTaskExecutorService
11:33:47.082 [FXGL Background Thread 3 ] DEBUG Engine               - class com.almasb.fxgl.io.FileSystemService
11:33:47.082 [FXGL Background Thread 3 ] DEBUG Engine               - class com.almasb.fxgl.localization.LocalizationService
11:33:47.082 [FXGL Background Thread 3 ] DEBUG Engine               - class com.almasb.fxgl.app.services.SystemBundleService
11:33:47.082 [FXGL Background Thread 3 ] DEBUG Engine               - class com.almasb.fxgl.profile.SaveLoadService
11:33:47.082 [FXGL Background Thread 3 ] DEBUG Engine               - class com.almasb.fxgl.ui.FXGLUIFactoryServiceProvider
11:33:47.082 [FXGL Background Thread 3 ] DEBUG Engine               - class com.almasb.fxgl.ui.FXGLDialogFactoryServiceProvider
11:33:47.082 [FXGL Background Thread 3 ] DEBUG Engine               - class com.almasb.fxgl.audio.AudioPlayer
11:33:47.082 [FXGL Background Thread 3 ] DEBUG Engine               - class com.almasb.fxgl.notification.impl.NotificationServiceProvider
11:33:47.082 [FXGL Background Thread 3 ] DEBUG Engine               - class com.almasb.fxgl.achievement.AchievementService
11:33:47.082 [FXGL Background Thread 3 ] DEBUG Engine               - class com.almasb.fxgl.cutscene.CutsceneService
11:33:47.082 [FXGL Background Thread 3 ] DEBUG Engine               - class com.almasb.fxgl.minigames.MiniGameService
11:33:47.082 [FXGL Background Thread 3 ] DEBUG Engine               - class com.almasb.fxgl.net.NetService
11:33:47.082 [FXGL Background Thread 3 ] DEBUG Engine               - class com.almasb.fxgl.app.services.UpdaterService
11:33:47.082 [FXGL Background Thread 3 ] DEBUG Engine               - class com.almasb.fxgl.dev.DevService
11:33:47.859 [JavaFX Application Thread] DEBUG Menu                 - fireNewGame()
11:33:47.859 [JavaFX Application Thread] DEBUG GameApplicationServi - Starting new game
11:33:47.863 [JavaFX Application Thread] DEBUG PrimaryStageWindow   - Pop state: FXGLDefaultMenu
11:33:47.863 [JavaFX Application Thread] DEBUG Input                - Clearing active input actions
11:33:47.865 [JavaFX Application Thread] DEBUG GameApplicationServi - Removing overlay from FXGLDefaultMenu and adding to FXGLMainMenuDummyScene
11:33:47.866 [JavaFX Application Thread] DEBUG PrimaryStageWindow   - FXGLMainMenuDummyScene <- FXGLDefaultMenu
11:33:47.866 [JavaFX Application Thread] DEBUG Input                - Clearing active input actions
11:33:47.878 [JavaFX Application Thread] DEBUG GameApplicationServi - Removing overlay from FXGLMainMenuDummyScene and adding to FXGLLoadingScene
11:33:47.878 [JavaFX Application Thread] DEBUG PrimaryStageWindow   - FXGLMainMenuDummyScene -> FXGLLoadingScene
11:33:47.878 [JavaFX Application Thread] DEBUG GameApplicationServi - Clearing previous game
11:33:47.878 [JavaFX Application Thread] DEBUG GameScene            - Clearing game scene
11:33:47.878 [JavaFX Application Thread] DEBUG GameWorld            - Clearing game world
11:33:47.879 [JavaFX Application Thread] DEBUG PhysicsWorld         - Clearing physics world
11:33:47.881 [FXGL Background Thread 2 ] DEBUG FXGLApplication      - Initializing game
11:33:47.886 [FXGL Background Thread 2 ] WARN  FXGLAssetLoaderServi - Asset "/assets/sounds/sounds/hit.wav" was not found!
11:33:47.886 [FXGL Background Thread 2 ] WARN  FXGLAssetLoaderServi - Failed to load SOUND
11:33:47.888 [FXGL Background Thread 2 ] WARN  FXGLAssetLoaderServi - Asset "/assets/sounds/sounds/miss.wav" was not found!
11:33:47.888 [FXGL Background Thread 2 ] WARN  FXGLAssetLoaderServi - Failed to load SOUND
11:33:47.994 [FXGL Background Thread 2 ] WARN  TMXLevelLoader       - TiledMap generated from 1.11.0. Supported version: 1.9.0. Some features may not be parsed fully.
11:33:48.002 [FXGL Background Thread 2 ] DEBUG TMXLevelLoader       - Parsed TiledMap: file:/C:/Users/Admin/IdeaProjects/GitSomeSleep/Capstonee/target/classes/assets/levels/tmx/test.tmx
11:33:48.003 [FXGL Background Thread 2 ] DEBUG TMXLevelLoader       - Creating tile layer entities
11:33:48.004 [FXGL Background Thread 2 ] DEBUG TilesetLoader        - Loading view for layer Tile Layer 1
11:33:48.004 [FXGL Background Thread 2 ] DEBUG TilesetLoader        - Created buffer with size 320.0x320.0
11:33:48.014 [FXGL Background Thread 2 ] DEBUG TMXLevelLoader       - Creating object layer entities
11:33:48.040 [FXGL Background Thread 2 ] DEBUG GameWorld            - Clearing removable entities
11:33:48.041 [FXGL Background Thread 2 ] DEBUG GameWorld            - Setting level: com.almasb.fxgl.entity.level.Level@31061ff3
11:33:48.053 [FXGL Background Thread 2 ] WARN  FXGLAssetLoaderServi - Asset "/assets/textures/player.png" was not found!
11:33:48.053 [FXGL Background Thread 2 ] WARN  FXGLAssetLoaderServi - Failed to load IMAGE
11:33:48.081 [FXGL Background Thread 2 ] DEBUG FXGLAssetLoaderServi - Loading from file system: file:/C:/Users/Admin/IdeaProjects/GitSomeSleep/Capstonee/target/classes/assets/textures/background/bruh.jpg
11:33:48.116 [FXGL Background Thread 2 ] INFO  FXGLApplication      - Game initialization took: 0.235 sec
11:33:48.118 [JavaFX Application Thread] DEBUG Input                - Clearing active input actions
11:33:48.127 [JavaFX Application Thread] DEBUG GameApplicationServi - Removing overlay from FXGLLoadingScene and adding to GameScene
11:33:48.128 [JavaFX Application Thread] DEBUG PrimaryStageWindow   - FXGLLoadingScene -> GameScene
11:33:52.477 [JavaFX Application Thread] DEBUG FXGLAssetLoaderServi - Loading from file system: file:/C:/Users/Admin/IdeaProjects/GitSomeSleep/Capstonee/target/classes/assets/text/gameCutscene_sample1.txt
11:33:52.484 [JavaFX Application Thread] DEBUG Input                - Registered new binding: Next RPG Line - Enter
11:33:52.486 [JavaFX Application Thread] WARN  FXGLAssetLoaderServi - Asset "/assets/textures/bruh.png" was not found!
11:33:52.486 [JavaFX Application Thread] WARN  FXGLAssetLoaderServi - Failed to load IMAGE
11:33:52.486 [JavaFX Application Thread] DEBUG PrimaryStageWindow   - Push state: CutsceneScene
11:33:52.486 [JavaFX Application Thread] DEBUG Input                - Clearing active input actions
11:33:52.487 [JavaFX Application Thread] DEBUG GameApplicationServi - Removing overlay from GameScene and adding to CutsceneScene
11:33:52.487 [JavaFX Application Thread] DEBUG PrimaryStageWindow   - GameScene -> CutsceneScene
11:33:53.111 [JavaFX Application Thread] DEBUG FXGLAssetLoaderServi - Loading from file system: file:/C:/Users/Admin/IdeaProjects/GitSomeSleep/Capstonee/target/classes/assets/textures/tuntunsahur.png
11:33:54.051 [JavaFX Application Thread] DEBUG PrimaryStageWindow   - Pop state: CutsceneScene
11:33:54.051 [JavaFX Application Thread] DEBUG Input                - Clearing active input actions
11:33:54.051 [JavaFX Application Thread] DEBUG GameApplicationServi - Removing overlay from CutsceneScene and adding to GameScene
11:33:54.051 [JavaFX Application Thread] DEBUG PrimaryStageWindow   - GameScene <- CutsceneScene
11:33:54.068 [JavaFX Application Thread] DEBUG FXGLAssetLoaderServi - Loading from file system: file:/C:/Users/Admin/IdeaProjects/GitSomeSleep/Capstonee/target/classes/assets/textures/background/pixelatedliyue.png
11:33:54.130 [JavaFX Application Thread] DEBUG FXGLAssetLoaderServi - Loading from file system: file:/C:/Users/Admin/IdeaProjects/GitSomeSleep/Capstonee/target/classes/assets/music/songs/zhongli.wav
11:33:54.294 [JavaFX Application Thread] DEBUG FXGLAssetLoaderServi - Loading from file system: file:/C:/Users/Admin/IdeaProjects/GitSomeSleep/Capstonee/target/classes/assets/textures/notes/hilichurlhitmarker.png
11:33:54.808 [JavaFX Application Thread] DEBUG AudioPlayer          - Playing music com.almasb.fxgl.audio.Music@30ef6a10
11:33:55.267 [JavaFX Application Thread] DEBUG FXGLAssetLoaderServi - Loading from file system: file:/C:/Users/Admin/IdeaProjects/GitSomeSleep/Capstonee/target/classes/assets/textures/markers/moranote.png
11:33:59.905 [JavaFX Application Thread] DEBUG FXGLApplication      - Exiting FXGL
11:33:59.905 [JavaFX Application Thread] DEBUG LoopRunner           - Stopping loop
11:33:59.906 [JavaFX Application Thread] DEBUG SystemBundleService  - Saving FXGL system data
11:33:59.908 [JavaFX Application Thread] DEBUG FileSystemAccess     - Writing to: C:\Users\Admin\IdeaProjects\GitSomeSleep\system\fxgl.bundle
11:33:59.910 [JavaFX Application Thread] DEBUG Async                - Shutting down background threads
11:33:59.910 [JavaFX Application Thread] DEBUG PrimaryStageWindow   - Closing main window
11:33:59.920 [JavaFX Application Thread] DEBUG Logger               - Closing Logger
