14:20:10.878 [main                     ] DEBUG Logger               - Configured Logger
14:20:10.888 [main                     ] DEBUG GameApplication      - Logging settings
Title: Platformer with Rhythm
Version: 0.2
Width: 1280
Height: 720
Fullscreen: false
Intro: false
Profiling: false
Single step:false
App Mode: DEVELOPER
Menu Key: ESCAPE
Stage Style: DECORATED
Scene Factory: class com.almasb.fxgl.app.scene.SceneFactory

14:20:11.087 [JavaFX Application Thread] DEBUG FXGLApplication      - Initializing FXGL
14:20:11.088 [JavaFX Application Thread] INFO  Engine               - FXGL-21.1 (27.03.2024 07.52) on MAC (J:23 FX:22.0.1)
14:20:11.088 [JavaFX Application Thread] DEBUG Engine               - JRE Vendor Name: Oracle Corporation
14:20:11.089 [JavaFX Application Thread] DEBUG Engine               - Running on OS: Mac OS X version 15.3.2
14:20:11.089 [JavaFX Application Thread] DEBUG Engine               - Architecture: aarch64
14:20:11.089 [JavaFX Application Thread] INFO  Engine               - Source code and latest versions at: https://github.com/AlmasB/FXGL
14:20:11.089 [JavaFX Application Thread] INFO  Engine               -       Ask questions and discuss at: https://github.com/AlmasB/FXGL/discussions
14:20:11.089 [JavaFX Application Thread] INFO  Engine               -              Join the FXGL chat at: https://gitter.im/AlmasB/FXGL
14:20:11.128 [JavaFX Application Thread] DEBUG PrimaryStageWindow   - Creating a JavaFX scene
14:20:11.148 [JavaFX Application Thread] DEBUG PrimaryStageWindow   - Target settings size: 1280.0 x 720.0
14:20:11.149 [JavaFX Application Thread] DEBUG PrimaryStageWindow   - Scaled scene size:    1280.0 x 720.0
14:20:11.149 [JavaFX Application Thread] DEBUG PrimaryStageWindow   - Scaled ratio: (1.0, 1.0)
14:20:11.149 [JavaFX Application Thread] DEBUG PrimaryStageWindow   - Set initial scene to FXGLStartupScene
14:20:11.150 [JavaFX Application Thread] DEBUG PrimaryStageWindow   - Opening main window
14:20:11.194 [JavaFX Application Thread] DEBUG PrimaryStageWindow   - Window border size: (0.0, 28.0)
14:20:11.194 [JavaFX Application Thread] DEBUG PrimaryStageWindow   - Scaled size: 1280.0 x 720.0
14:20:11.194 [JavaFX Application Thread] DEBUG PrimaryStageWindow   - Scaled ratio: (1.0, 1.0)
14:20:11.194 [JavaFX Application Thread] DEBUG PrimaryStageWindow   - Scene size: 1280.0 x 720.0
14:20:11.194 [JavaFX Application Thread] DEBUG PrimaryStageWindow   - Stage size: 1280.0 x 748.0
14:20:11.197 [FXGL Background Thread 1 ] DEBUG Engine               - Initializing environment variables
14:20:11.234 [FXGL Background Thread 1 ] DEBUG FXGLAssetLoaderServi - User app class for loading assets: class org.example.capstonee.GameApp
14:20:11.234 [FXGL Background Thread 1 ] DEBUG GameApplicationServi - Applying CSS: fxgl_dark.css
14:20:11.234 [FXGL Background Thread 1 ] DEBUG FXGLAssetLoaderServi - Loading from file system: jar:file:///Users/ajaxestela/.m2/repository/com/github/almasb/fxgl/21.1/fxgl-21.1.jar!/fxglassets/ui/css/fxgl_dark.css
14:20:11.256 [FXGL Background Thread 1 ] DEBUG GameApplicationServi - Initializing application scenes
14:20:11.305 [FXGL Background Thread 1 ] DEBUG GameWorld            - Game world initialized
14:20:11.328 [FXGL Background Thread 1 ] DEBUG PhysicsWorld         - Physics world initialized: appHeight=720, physics.ppm=50.0
14:20:11.328 [FXGL Background Thread 1 ] DEBUG PhysicsWorld         - Using strategy: BRUTE_FORCE
14:20:11.329 [FXGL Background Thread 1 ] DEBUG GameScene            - Game scene initialized: 1280x720
14:20:11.333 [FXGL Background Thread 1 ] DEBUG FXGL.DefaultMenu     - createMenuBodyGameMenu()
14:20:11.340 [FXGL Background Thread 1 ] DEBUG FXGL.DefaultMenu     - createOptionsMenu()
14:20:11.344 [FXGL Background Thread 1 ] DEBUG FXGLAssetLoaderServi - Loading from file system: jar:file:///Users/ajaxestela/.m2/repository/com/github/almasb/fxgl/21.1/fxgl-21.1.jar!/fxglassets/textures/particles/smoke.png
14:20:11.410 [FXGL Background Thread 1 ] DEBUG FXGLAssetLoaderServi - Loading from file system: jar:file:///Users/ajaxestela/.m2/repository/com/github/almasb/fxgl/21.1/fxgl-21.1.jar!/fxglassets/textures/particles/trace_horizontal.png
14:20:11.498 [FXGL Background Thread 1 ] DEBUG GameApplicationServi - Application scenes initialized
14:20:11.527 [FXGL Background Thread 1 ] DEBUG SystemBundleService  - Loading FXGL system data
14:20:11.533 [FXGL Background Thread 1 ] DEBUG FileSystemAccess     - Reading from: /Users/ajaxestela/IdeaProjects/GitSomeSleep/system/fxgl.bundle
14:20:11.559 [FXGL Background Thread 1 ] DEBUG SystemBundleService  - Bundle FXGL: {}
14:20:11.560 [FXGL Background Thread 1 ] DEBUG UpdaterService       - Checking for updates
14:20:11.576 [FXGL Background Thread 4 ] DEBUG FXGLApplication      - Loading fonts
14:20:11.577 [FXGL Background Thread 4 ] DEBUG FXGLAssetLoaderServi - Loading from file system: jar:file:///Users/ajaxestela/.m2/repository/com/github/almasb/fxgl/21.1/fxgl-21.1.jar!/fxglassets/ui/fonts/VarelaRound-Regular.ttf
14:20:11.577 [FXGL Background Thread 1 ] DEBUG FXGLApplication      - Loading default localization
14:20:11.594 [FXGL Background Thread 1 ] DEBUG FXGLAssetLoaderServi - Loading from file system: jar:file:///Users/ajaxestela/.m2/repository/com/github/almasb/fxgl/21.1/fxgl-21.1.jar!/fxglassets/languages/english.lang
14:20:11.635 [FXGL Background Thread 4 ] DEBUG FXGLAssetLoaderServi - Loading from file system: jar:file:///Users/ajaxestela/.m2/repository/com/github/almasb/fxgl/21.1/fxgl-21.1.jar!/fxglassets/ui/fonts/Abel-Regular.ttf
14:20:11.637 [FXGL Background Thread 1 ] INFO  FXGLApplication      - FXGL initialization took: 0.439 sec
14:20:11.641 [FXGL Background Thread 4 ] DEBUG FXGLAssetLoaderServi - Loading from file system: jar:file:///Users/ajaxestela/.m2/repository/com/github/almasb/fxgl/21.1/fxgl-21.1.jar!/fxglassets/ui/fonts/TerminalLandMono-Regular.otf
14:20:11.642 [JavaFX Application Thread] DEBUG Input                - Registered new binding: Left - A
14:20:11.642 [JavaFX Application Thread] DEBUG Input                - Registered new binding: Right - D
14:20:11.642 [JavaFX Application Thread] DEBUG Input                - Registered new binding: Jump - W
14:20:11.642 [JavaFX Application Thread] DEBUG Input                - Registered new binding: Interact / Confirm - E
14:20:11.642 [JavaFX Application Thread] DEBUG Input                - Registered new binding: RhythmLane0 - H
14:20:11.642 [JavaFX Application Thread] DEBUG Input                - Registered new binding: RhythmLane1 - J
14:20:11.642 [JavaFX Application Thread] DEBUG Input                - Registered new binding: RhythmLane2 - K
14:20:11.642 [JavaFX Application Thread] DEBUG Input                - Registered new binding: RhythmLane3 - L
14:20:11.642 [JavaFX Application Thread] DEBUG Input                - Registered new binding: RhythmStart - Space
14:20:11.643 [JavaFX Application Thread] DEBUG FXGLAssetLoaderServi - Loading from file system: jar:file:///Users/ajaxestela/.m2/repository/com/github/almasb/fxgl/21.1/fxgl-21.1.jar!/fxglassets/textures/fxgl_icon.png
14:20:11.649 [FXGL Background Thread 4 ] DEBUG FXGLAssetLoaderServi - Loading from file system: jar:file:///Users/ajaxestela/.m2/repository/com/github/almasb/fxgl/21.1/fxgl-21.1.jar!/fxglassets/ui/fonts/Courier-Prime.ttf
14:20:11.665 [JavaFX Application Thread] DEBUG FXGLAssetLoaderServi - Loading from file system: jar:file:///Users/ajaxestela/.m2/repository/com/github/almasb/fxgl/21.1/fxgl-21.1.jar!/fxglassets/textures/fxgl_default_cursor.png
14:20:11.666 [JavaFX Application Thread] DEBUG Input                - Registered new binding: Screenshot - CTRL+8
14:20:11.666 [JavaFX Application Thread] DEBUG Input                - Registered new binding: System info dump - CTRL+9
14:20:11.666 [JavaFX Application Thread] DEBUG Input                - Registered new binding: Restart - CTRL+R
14:20:11.666 [JavaFX Application Thread] DEBUG Input                - Registered new binding: Toggle Debug Camera - CTRL+7
14:20:11.667 [JavaFX Application Thread] DEBUG LoopRunner           - Starting loop
14:20:11.667 [JavaFX Application Thread] DEBUG LoopRunner           - Initializing JavaFX AnimationTimerLoop
14:20:11.667 [JavaFX Application Thread] DEBUG GameApplicationServi - Starting new game
14:20:11.667 [JavaFX Application Thread] DEBUG Input                - Clearing active input actions
14:20:11.671 [JavaFX Application Thread] DEBUG GameApplicationServi - Removing overlay from FXGLStartupScene and adding to FXGLLoadingScene
14:20:11.671 [JavaFX Application Thread] DEBUG PrimaryStageWindow   - FXGLStartupScene -> FXGLLoadingScene
14:20:11.671 [JavaFX Application Thread] DEBUG GameApplicationServi - Clearing previous game
14:20:11.671 [JavaFX Application Thread] DEBUG GameScene            - Clearing game scene
14:20:11.671 [JavaFX Application Thread] DEBUG GameWorld            - Clearing game world
14:20:11.672 [JavaFX Application Thread] DEBUG PhysicsWorld         - Clearing physics world
14:20:11.672 [FXGL Background Thread 4 ] DEBUG FXGLApplication      - Initializing game
14:20:11.673 [FXGL Background Thread 4 ] WARN  FXGLAssetLoaderServi - Asset "/assets/sounds/sounds/hit.wav" was not found!
14:20:11.673 [FXGL Background Thread 4 ] WARN  FXGLAssetLoaderServi - Failed to load SOUND
14:20:11.674 [FXGL Background Thread 4 ] WARN  FXGLAssetLoaderServi - Asset "/assets/sounds/sounds/miss.wav" was not found!
14:20:11.674 [JavaFX Application Thread] DEBUG FXGLApplication      - Registering font factories with UI factory
14:20:11.674 [FXGL Background Thread 4 ] WARN  FXGLAssetLoaderServi - Failed to load SOUND
14:20:11.721 [FXGL Background Thread 4 ] WARN  TMXLevelLoader       - TiledMap generated from 1.11.0. Supported version: 1.9.0. Some features may not be parsed fully.
14:20:11.724 [FXGL Background Thread 4 ] DEBUG TMXLevelLoader       - Parsed TiledMap: file:/Users/ajaxestela/IdeaProjects/GitSomeSleep/Capstonee/target/classes/assets/levels/tmx/test.tmx
14:20:11.724 [FXGL Background Thread 4 ] DEBUG TMXLevelLoader       - Creating tile layer entities
14:20:11.726 [FXGL Background Thread 4 ] DEBUG TilesetLoader        - Loading view for layer Tile Layer 1
14:20:11.726 [FXGL Background Thread 4 ] DEBUG TilesetLoader        - Created buffer with size 320.0x320.0
14:20:11.729 [FXGL Background Thread 4 ] DEBUG TMXLevelLoader       - Creating object layer entities
14:20:11.738 [FXGL Background Thread 4 ] DEBUG GameWorld            - Clearing removable entities
14:20:11.738 [FXGL Background Thread 4 ] DEBUG GameWorld            - Setting level: com.almasb.fxgl.entity.level.Level@1e81f829
14:20:11.742 [FXGL Background Thread 4 ] WARN  FXGLAssetLoaderServi - Asset "/assets/textures/player.png" was not found!
14:20:11.742 [FXGL Background Thread 4 ] WARN  FXGLAssetLoaderServi - Failed to load IMAGE
14:20:11.779 [FXGL Background Thread 4 ] DEBUG FXGLAssetLoaderServi - Loading from file system: file:/Users/ajaxestela/IdeaProjects/GitSomeSleep/Capstonee/target/classes/assets/textures/background/bruh.jpg
14:20:11.808 [FXGL Background Thread 4 ] INFO  FXGLApplication      - Game initialization took: 0.136 sec
14:20:11.808 [JavaFX Application Thread] DEBUG Input                - Clearing active input actions
14:20:11.813 [JavaFX Application Thread] DEBUG GameApplicationServi - Removing overlay from FXGLLoadingScene and adding to GameScene
14:20:11.814 [JavaFX Application Thread] DEBUG PrimaryStageWindow   - FXGLLoadingScene -> GameScene
14:20:14.575 [FXGL Background Thread 3 ] DEBUG Engine               - Logging environment variables
14:20:14.576 [FXGL Background Thread 3 ] DEBUG Engine               - achievements: []
14:20:14.576 [FXGL Background Thread 3 ] DEBUG Engine               - actualHeight: 720.0
14:20:14.576 [FXGL Background Thread 3 ] DEBUG Engine               - actualHeightProperty: ReadOnlyDoubleProperty [value: 720.0]
14:20:14.577 [FXGL Background Thread 3 ] DEBUG Engine               - actualWidth: 1280.0
14:20:14.577 [FXGL Background Thread 3 ] DEBUG Engine               - actualWidthProperty: ReadOnlyDoubleProperty [value: 1280.0]
14:20:14.577 [FXGL Background Thread 3 ] DEBUG Engine               - appIcon: fxgl_icon.png
14:20:14.577 [FXGL Background Thread 3 ] DEBUG Engine               - applicationMode: DEVELOPER
14:20:14.577 [FXGL Background Thread 3 ] DEBUG Engine               - cSSList: [fxgl_dark.css]
14:20:14.577 [FXGL Background Thread 3 ] DEBUG Engine               - collisionDetectionStrategy: BRUTE_FORCE
14:20:14.577 [FXGL Background Thread 3 ] DEBUG Engine               - configClass: Optional.empty
14:20:14.577 [FXGL Background Thread 3 ] DEBUG Engine               - credits: []
14:20:14.578 [FXGL Background Thread 3 ] DEBUG Engine               - defaultCursor: CursorInfo(imageName=fxgl_default_cursor.png, hotspotX=7.0, hotspotY=6.0)
14:20:14.578 [FXGL Background Thread 3 ] DEBUG Engine               - devBBoxColorProperty: ObjectProperty [value: 0xff0000ff]
14:20:14.578 [FXGL Background Thread 3 ] DEBUG Engine               - devEnableDebugCameraProperty: BooleanProperty [value: false]
14:20:14.581 [FXGL Background Thread 3 ] DEBUG Engine               - devSensorColorProperty: ObjectProperty [value: 0xffff00ff]
14:20:14.581 [FXGL Background Thread 3 ] DEBUG Engine               - devShowBBoxProperty: BooleanProperty [value: false]
14:20:14.581 [FXGL Background Thread 3 ] DEBUG Engine               - devShowPositionProperty: BooleanProperty [value: false]
14:20:14.581 [FXGL Background Thread 3 ] DEBUG Engine               - enabledMenuItems: []
14:20:14.581 [FXGL Background Thread 3 ] DEBUG Engine               - engineServices: [class com.almasb.fxgl.app.services.FXGLAssetLoaderService, class com.almasb.fxgl.app.FXGLApplication$GameApplicationService, class com.almasb.fxgl.app.services.FXGLDialogService, class com.almasb.fxgl.app.services.IOTaskExecutorService, class com.almasb.fxgl.io.FileSystemService, class com.almasb.fxgl.localization.LocalizationService, class com.almasb.fxgl.app.services.SystemBundleService, class com.almasb.fxgl.profile.SaveLoadService, class com.almasb.fxgl.ui.FXGLUIFactoryServiceProvider, class com.almasb.fxgl.ui.FXGLDialogFactoryServiceProvider, class com.almasb.fxgl.audio.AudioPlayer, class com.almasb.fxgl.notification.impl.NotificationServiceProvider, class com.almasb.fxgl.achievement.AchievementService, class com.almasb.fxgl.cutscene.CutsceneService, class com.almasb.fxgl.minigames.MiniGameService, class com.almasb.fxgl.net.NetService, class com.almasb.fxgl.app.services.UpdaterService, class com.almasb.fxgl.dev.DevService]
14:20:14.581 [FXGL Background Thread 3 ] DEBUG Engine               - fontGame: Abel-Regular.ttf
14:20:14.582 [FXGL Background Thread 3 ] DEBUG Engine               - fontMono: TerminalLandMono-Regular.otf
14:20:14.582 [FXGL Background Thread 3 ] DEBUG Engine               - fontSizeScaleUI: 1.0
14:20:14.582 [FXGL Background Thread 3 ] DEBUG Engine               - fontText: Courier-Prime.ttf
14:20:14.582 [FXGL Background Thread 3 ] DEBUG Engine               - fontUI: VarelaRound-Regular.ttf
14:20:14.582 [FXGL Background Thread 3 ] DEBUG Engine               - fullScreen: BooleanProperty [value: false]
14:20:14.582 [FXGL Background Thread 3 ] DEBUG Engine               - gameDifficulty: MEDIUM
14:20:14.582 [FXGL Background Thread 3 ] DEBUG Engine               - gameDifficultyProperty: ObjectProperty [value: MEDIUM]
14:20:14.582 [FXGL Background Thread 3 ] DEBUG Engine               - globalMusicVolume: 0.5
14:20:14.582 [FXGL Background Thread 3 ] DEBUG Engine               - globalMusicVolumeProperty: DoubleProperty [value: 0.5]
14:20:14.582 [FXGL Background Thread 3 ] DEBUG Engine               - globalSoundVolume: 0.5
14:20:14.582 [FXGL Background Thread 3 ] DEBUG Engine               - globalSoundVolumeProperty: DoubleProperty [value: 0.5]
14:20:14.582 [FXGL Background Thread 3 ] DEBUG Engine               - height: 720
14:20:14.582 [FXGL Background Thread 3 ] DEBUG Engine               - is3D: false
14:20:14.583 [FXGL Background Thread 3 ] DEBUG Engine               - isAndroid: false
14:20:14.583 [FXGL Background Thread 3 ] DEBUG Engine               - isBrowser: false
14:20:14.583 [FXGL Background Thread 3 ] DEBUG Engine               - isClickFeedbackEnabled: false
14:20:14.583 [FXGL Background Thread 3 ] DEBUG Engine               - isCloseConfirmation: false
14:20:14.583 [FXGL Background Thread 3 ] DEBUG Engine               - isDesktop: true
14:20:14.583 [FXGL Background Thread 3 ] DEBUG Engine               - isDeveloperMenuEnabled: false
14:20:14.583 [FXGL Background Thread 3 ] DEBUG Engine               - isEmbedded: false
14:20:14.583 [FXGL Background Thread 3 ] DEBUG Engine               - isEntityPreloadEnabled: true
14:20:14.583 [FXGL Background Thread 3 ] DEBUG Engine               - isExperimentalTiledLargeMap: false
14:20:14.583 [FXGL Background Thread 3 ] DEBUG Engine               - isFileSystemWriteAllowed: true
14:20:14.583 [FXGL Background Thread 3 ] DEBUG Engine               - isFullScreenAllowed: false
14:20:14.583 [FXGL Background Thread 3 ] DEBUG Engine               - isFullScreenFromStart: false
14:20:14.583 [FXGL Background Thread 3 ] DEBUG Engine               - isGameMenuEnabled: true
14:20:14.583 [FXGL Background Thread 3 ] DEBUG Engine               - isIOS: false
14:20:14.583 [FXGL Background Thread 3 ] DEBUG Engine               - isIntroEnabled: false
14:20:14.584 [FXGL Background Thread 3 ] DEBUG Engine               - isLinux: false
14:20:14.584 [FXGL Background Thread 3 ] DEBUG Engine               - isMac: true
14:20:14.584 [FXGL Background Thread 3 ] DEBUG Engine               - isMainMenuEnabled: false
14:20:14.584 [FXGL Background Thread 3 ] DEBUG Engine               - isManualResizeEnabled: false
14:20:14.584 [FXGL Background Thread 3 ] DEBUG Engine               - isMobile: false
14:20:14.584 [FXGL Background Thread 3 ] DEBUG Engine               - isNative: false
14:20:14.584 [FXGL Background Thread 3 ] DEBUG Engine               - isPauseMusicWhenMinimized: true
14:20:14.584 [FXGL Background Thread 3 ] DEBUG Engine               - isPreserveResizeRatio: false
14:20:14.584 [FXGL Background Thread 3 ] DEBUG Engine               - isProfilingEnabled: false
14:20:14.584 [FXGL Background Thread 3 ] DEBUG Engine               - isScaleAffectedOnResize: true
14:20:14.584 [FXGL Background Thread 3 ] DEBUG Engine               - isSingleStep: false
14:20:14.584 [FXGL Background Thread 3 ] DEBUG Engine               - isUserProfileEnabled: false
14:20:14.584 [FXGL Background Thread 3 ] DEBUG Engine               - isWindows: false
14:20:14.584 [FXGL Background Thread 3 ] DEBUG Engine               - language: ObjectProperty [value: ENGLISH]
14:20:14.584 [FXGL Background Thread 3 ] DEBUG Engine               - menuKey: ESCAPE
14:20:14.584 [FXGL Background Thread 3 ] DEBUG Engine               - mouseSensitivity: 0.2
14:20:14.584 [FXGL Background Thread 3 ] DEBUG Engine               - notificationViewClass: class com.almasb.fxgl.notification.view.XboxNotificationView
14:20:14.584 [FXGL Background Thread 3 ] DEBUG Engine               - pixelsPerMeter: 50.0
14:20:14.585 [FXGL Background Thread 3 ] DEBUG Engine               - platform: MAC
14:20:14.585 [FXGL Background Thread 3 ] DEBUG Engine               - prefHeightProperty: ReadOnlyDoubleProperty [value: 720.0]
14:20:14.585 [FXGL Background Thread 3 ] DEBUG Engine               - prefWidthProperty: ReadOnlyDoubleProperty [value: 1280.0]
14:20:14.585 [FXGL Background Thread 3 ] DEBUG Engine               - profileDir: profiles/
14:20:14.585 [FXGL Background Thread 3 ] DEBUG Engine               - profileName: StringProperty [value: DEFAULT]
14:20:14.585 [FXGL Background Thread 3 ] DEBUG Engine               - randomSeed: -1
14:20:14.586 [FXGL Background Thread 3 ] DEBUG Engine               - runtimeInfo: RuntimeInfo(platform=MAC, version=21.1, build=27.03.2024 07.52)
14:20:14.586 [FXGL Background Thread 3 ] DEBUG Engine               - saveFileExt: sav
14:20:14.586 [FXGL Background Thread 3 ] DEBUG Engine               - scaledHeightProp$fxgl: DoubleProperty [bound, value: 720.0]
14:20:14.586 [FXGL Background Thread 3 ] DEBUG Engine               - scaledWidthProp$fxgl: DoubleProperty [bound, value: 1280.0]
14:20:14.586 [FXGL Background Thread 3 ] DEBUG Engine               - sceneFactory: com.almasb.fxgl.app.scene.SceneFactory@683c33c4
14:20:14.587 [FXGL Background Thread 3 ] DEBUG Engine               - secondsIn24h: 60
14:20:14.587 [FXGL Background Thread 3 ] DEBUG Engine               - soundMenuBack: menu/back.wav
14:20:14.587 [FXGL Background Thread 3 ] DEBUG Engine               - soundMenuPress: menu/press.wav
14:20:14.587 [FXGL Background Thread 3 ] DEBUG Engine               - soundMenuSelect: menu/select.wav
14:20:14.587 [FXGL Background Thread 3 ] DEBUG Engine               - soundNotification: core/notification.wav
14:20:14.587 [FXGL Background Thread 3 ] DEBUG Engine               - stageStyle: DECORATED
14:20:14.587 [FXGL Background Thread 3 ] DEBUG Engine               - supportedLanguages: [ENGLISH, FRENCH, GERMAN, HUNGARIAN, RUSSIAN]
14:20:14.587 [FXGL Background Thread 3 ] DEBUG Engine               - ticksPerSecond: -1
14:20:14.587 [FXGL Background Thread 3 ] DEBUG Engine               - title: Platformer with Rhythm
14:20:14.587 [FXGL Background Thread 3 ] DEBUG Engine               - urlGithub: https://github.com/AlmasB/FXGL
14:20:14.587 [FXGL Background Thread 3 ] DEBUG Engine               - urlLeaderboard: http://fxgl-top.herokuapp.com/
14:20:14.587 [FXGL Background Thread 3 ] DEBUG Engine               - urlPOM: https://raw.githubusercontent.com/AlmasB/FXGL/release/README.md
14:20:14.588 [FXGL Background Thread 3 ] DEBUG Engine               - userAppClass: class org.example.capstonee.GameApp
14:20:14.588 [FXGL Background Thread 3 ] DEBUG Engine               - version: 0.2
14:20:14.588 [FXGL Background Thread 3 ] DEBUG Engine               - versionCheckDays: 7
14:20:14.588 [FXGL Background Thread 3 ] DEBUG Engine               - width: 1280
14:20:14.588 [FXGL Background Thread 3 ] DEBUG Engine               - Logging services
14:20:14.588 [FXGL Background Thread 3 ] DEBUG Engine               - class com.almasb.fxgl.app.services.FXGLAssetLoaderService
14:20:14.588 [FXGL Background Thread 3 ] DEBUG Engine               - class com.almasb.fxgl.app.FXGLApplication$GameApplicationService
14:20:14.588 [FXGL Background Thread 3 ] DEBUG Engine               - class com.almasb.fxgl.app.services.FXGLDialogService
14:20:14.588 [FXGL Background Thread 3 ] DEBUG Engine               - class com.almasb.fxgl.app.services.IOTaskExecutorService
14:20:14.588 [FXGL Background Thread 3 ] DEBUG Engine               - class com.almasb.fxgl.io.FileSystemService
14:20:14.588 [FXGL Background Thread 3 ] DEBUG Engine               - class com.almasb.fxgl.localization.LocalizationService
14:20:14.588 [FXGL Background Thread 3 ] DEBUG Engine               - class com.almasb.fxgl.app.services.SystemBundleService
14:20:14.588 [FXGL Background Thread 3 ] DEBUG Engine               - class com.almasb.fxgl.profile.SaveLoadService
14:20:14.588 [FXGL Background Thread 3 ] DEBUG Engine               - class com.almasb.fxgl.ui.FXGLUIFactoryServiceProvider
14:20:14.588 [FXGL Background Thread 3 ] DEBUG Engine               - class com.almasb.fxgl.ui.FXGLDialogFactoryServiceProvider
14:20:14.588 [FXGL Background Thread 3 ] DEBUG Engine               - class com.almasb.fxgl.audio.AudioPlayer
14:20:14.588 [FXGL Background Thread 3 ] DEBUG Engine               - class com.almasb.fxgl.notification.impl.NotificationServiceProvider
14:20:14.588 [FXGL Background Thread 3 ] DEBUG Engine               - class com.almasb.fxgl.achievement.AchievementService
14:20:14.588 [FXGL Background Thread 3 ] DEBUG Engine               - class com.almasb.fxgl.cutscene.CutsceneService
14:20:14.588 [FXGL Background Thread 3 ] DEBUG Engine               - class com.almasb.fxgl.minigames.MiniGameService
14:20:14.588 [FXGL Background Thread 3 ] DEBUG Engine               - class com.almasb.fxgl.net.NetService
14:20:14.588 [FXGL Background Thread 3 ] DEBUG Engine               - class com.almasb.fxgl.app.services.UpdaterService
14:20:14.588 [FXGL Background Thread 3 ] DEBUG Engine               - class com.almasb.fxgl.dev.DevService
14:20:15.604 [JavaFX Application Thread] DEBUG FXGLAssetLoaderServi - Loading from file system: file:/Users/ajaxestela/IdeaProjects/GitSomeSleep/Capstonee/target/classes/assets/text/gameCutscene_sample1.txt
14:20:15.608 [JavaFX Application Thread] DEBUG Input                - Registered new binding: Next RPG Line - Enter
14:20:15.609 [JavaFX Application Thread] WARN  FXGLAssetLoaderServi - Asset "/assets/textures/bruh.png" was not found!
14:20:15.609 [JavaFX Application Thread] WARN  FXGLAssetLoaderServi - Failed to load IMAGE
14:20:15.609 [JavaFX Application Thread] DEBUG PrimaryStageWindow   - Push state: CutsceneScene
14:20:15.610 [JavaFX Application Thread] DEBUG Input                - Clearing active input actions
14:20:15.610 [JavaFX Application Thread] DEBUG GameApplicationServi - Removing overlay from GameScene and adding to CutsceneScene
14:20:15.610 [JavaFX Application Thread] DEBUG PrimaryStageWindow   - GameScene -> CutsceneScene
14:20:15.616 [JavaFX Application Thread] DEBUG FXGLAssetLoaderServi - Loading from file system: file:/Users/ajaxestela/IdeaProjects/GitSomeSleep/Capstonee/target/classes/assets/music/songs/desperato.wav
14:20:17.213 [JavaFX Application Thread] DEBUG FXGLAssetLoaderServi - Loading from file system: file:/Users/ajaxestela/IdeaProjects/GitSomeSleep/Capstonee/target/classes/assets/textures/tuntunsahur.png
14:20:18.170 [JavaFX Application Thread] DEBUG PrimaryStageWindow   - Pop state: CutsceneScene
14:20:18.170 [JavaFX Application Thread] DEBUG Input                - Clearing active input actions
14:20:18.171 [JavaFX Application Thread] DEBUG GameApplicationServi - Removing overlay from CutsceneScene and adding to GameScene
14:20:18.172 [JavaFX Application Thread] DEBUG PrimaryStageWindow   - GameScene <- CutsceneScene
14:20:18.747 [JavaFX Application Thread] DEBUG AudioPlayer          - Playing music com.almasb.fxgl.audio.Music@70adc224
14:20:25.052 [JavaFX Application Thread] DEBUG FXGLApplication      - Exiting FXGL
14:20:25.052 [JavaFX Application Thread] DEBUG LoopRunner           - Stopping loop
14:20:25.053 [JavaFX Application Thread] DEBUG SystemBundleService  - Saving FXGL system data
14:20:25.054 [JavaFX Application Thread] DEBUG FileSystemAccess     - Writing to: /Users/ajaxestela/IdeaProjects/GitSomeSleep/system/fxgl.bundle
14:20:25.055 [JavaFX Application Thread] DEBUG Async                - Shutting down background threads
14:20:25.055 [JavaFX Application Thread] DEBUG PrimaryStageWindow   - Closing main window
14:20:25.088 [JavaFX Application Thread] DEBUG Logger               - Closing Logger
