09:50:46.352 [main                     ] DEBUG Logger               - Configured Logger
09:50:46.369 [main                     ] DEBUG GameApplication      - Logging settings
Title: Platformer with Rhythm
Version: 0.2
Width: 1280
Height: 720
Fullscreen: false
Intro: false
Profiling: false
Single step:false
App Mode: DEVELOPER
Menu Key: ESCAPE
Stage Style: DECORATED
Scene Factory: class com.almasb.fxgl.app.scene.SceneFactory

09:50:46.629 [JavaFX Application Thread] DEBUG FXGLApplication      - Initializing FXGL
09:50:46.633 [JavaFX Application Thread] INFO  Engine               - FXGL-21.1 (27.03.2024 07.52) on WINDOWS (J:23 FX:22.0.1)
09:50:46.634 [JavaFX Application Thread] DEBUG Engine               - JRE Vendor Name: Oracle Corporation
09:50:46.634 [JavaFX Application Thread] DEBUG Engine               - Running on OS: Windows 10 version 10.0
09:50:46.634 [JavaFX Application Thread] DEBUG Engine               - Architecture: amd64
09:50:46.634 [JavaFX Application Thread] INFO  Engine               - Source code and latest versions at: https://github.com/AlmasB/FXGL
09:50:46.634 [JavaFX Application Thread] INFO  Engine               -       Ask questions and discuss at: https://github.com/AlmasB/FXGL/discussions
09:50:46.634 [JavaFX Application Thread] INFO  Engine               -              Join the FXGL chat at: https://gitter.im/AlmasB/FXGL
09:50:46.710 [JavaFX Application Thread] DEBUG PrimaryStageWindow   - Creating a JavaFX scene
09:50:46.754 [JavaFX Application Thread] DEBUG PrimaryStageWindow   - Target settings size: 1280.0 x 720.0
09:50:46.754 [JavaFX Application Thread] DEBUG PrimaryStageWindow   - Scaled scene size:    1280.0 x 720.0
09:50:46.754 [JavaFX Application Thread] DEBUG PrimaryStageWindow   - Scaled ratio: (1.0, 1.0)
09:50:46.755 [JavaFX Application Thread] DEBUG PrimaryStageWindow   - Set initial scene to FXGLStartupScene
09:50:46.757 [JavaFX Application Thread] DEBUG PrimaryStageWindow   - Opening main window
09:50:47.014 [JavaFX Application Thread] DEBUG PrimaryStageWindow   - Window border size: (16.0, 39.0)
09:50:47.014 [JavaFX Application Thread] DEBUG PrimaryStageWindow   - Scaled size: 1280.0 x 720.0
09:50:47.014 [JavaFX Application Thread] DEBUG PrimaryStageWindow   - Scaled ratio: (1.0, 1.0)
09:50:47.014 [JavaFX Application Thread] DEBUG PrimaryStageWindow   - Scene size: 1280.0 x 720.0
09:50:47.014 [JavaFX Application Thread] DEBUG PrimaryStageWindow   - Stage size: 1296.0 x 759.0
09:50:47.024 [FXGL Background Thread 1 ] DEBUG Engine               - Initializing environment variables
09:50:47.110 [FXGL Background Thread 1 ] DEBUG FXGLAssetLoaderServi - User app class for loading assets: class org.example.capstonee.GameApp
09:50:47.111 [FXGL Background Thread 1 ] DEBUG GameApplicationServi - Applying CSS: fxgl_dark.css
09:50:47.111 [FXGL Background Thread 1 ] DEBUG FXGLAssetLoaderServi - Loading from file system: jar:file:///C:/Users/Admin/.m2/repository/com/github/almasb/fxgl/21.1/fxgl-21.1.jar!/fxglassets/ui/css/fxgl_dark.css
09:50:47.162 [FXGL Background Thread 1 ] DEBUG GameApplicationServi - Initializing application scenes
09:50:47.204 [FXGL Background Thread 1 ] DEBUG GameWorld            - Game world initialized
09:50:47.271 [FXGL Background Thread 1 ] DEBUG PhysicsWorld         - Physics world initialized: appHeight=720, physics.ppm=50.0
09:50:47.271 [FXGL Background Thread 1 ] DEBUG PhysicsWorld         - Using strategy: BRUTE_FORCE
09:50:47.274 [FXGL Background Thread 1 ] DEBUG GameScene            - Game scene initialized: 1280x720
09:50:47.282 [FXGL Background Thread 1 ] DEBUG FXGL.DefaultMenu     - createMenuBodyMainMenu()
09:50:47.293 [FXGL Background Thread 1 ] DEBUG FXGL.DefaultMenu     - createOptionsMenu()
09:50:47.301 [FXGL Background Thread 1 ] DEBUG FXGLAssetLoaderServi - Loading from file system: jar:file:///C:/Users/Admin/.m2/repository/com/github/almasb/fxgl/21.1/fxgl-21.1.jar!/fxglassets/textures/particles/smoke.png
09:50:47.371 [FXGL Background Thread 1 ] DEBUG FXGLAssetLoaderServi - Loading from file system: jar:file:///C:/Users/Admin/.m2/repository/com/github/almasb/fxgl/21.1/fxgl-21.1.jar!/fxglassets/textures/particles/trace_horizontal.png
09:50:47.395 [FXGL Background Thread 1 ] DEBUG FXGL.DefaultMenu     - createMenuBodyGameMenu()
09:50:47.395 [FXGL Background Thread 1 ] DEBUG FXGL.DefaultMenu     - createOptionsMenu()
09:50:47.406 [FXGL Background Thread 1 ] DEBUG GameApplicationServi - Application scenes initialized
09:50:47.415 [FXGL Background Thread 1 ] DEBUG SystemBundleService  - Loading FXGL system data
09:50:47.417 [FXGL Background Thread 1 ] DEBUG FileSystemAccess     - Reading from: C:\Users\Admin\IdeaProjects\GitSomeSleep\system\fxgl.bundle
09:50:47.422 [FXGL Background Thread 1 ] DEBUG SystemBundleService  - Bundle FXGL: {}
09:50:47.422 [FXGL Background Thread 1 ] DEBUG UpdaterService       - Checking for updates
09:50:47.425 [FXGL Background Thread 4 ] DEBUG FXGLApplication      - Loading fonts
09:50:47.425 [FXGL Background Thread 4 ] DEBUG FXGLAssetLoaderServi - Loading from file system: jar:file:///C:/Users/Admin/.m2/repository/com/github/almasb/fxgl/21.1/fxgl-21.1.jar!/fxglassets/ui/fonts/VarelaRound-Regular.ttf
09:50:47.425 [FXGL Background Thread 1 ] DEBUG FXGLApplication      - Loading default localization
09:50:47.425 [FXGL Background Thread 1 ] DEBUG FXGLAssetLoaderServi - Loading from file system: jar:file:///C:/Users/Admin/.m2/repository/com/github/almasb/fxgl/21.1/fxgl-21.1.jar!/fxglassets/languages/english.lang
09:50:47.447 [FXGL Background Thread 1 ] INFO  FXGLApplication      - FXGL initialization took: 0.423 sec
09:50:47.461 [FXGL Background Thread 4 ] DEBUG FXGLAssetLoaderServi - Loading from file system: jar:file:///C:/Users/Admin/.m2/repository/com/github/almasb/fxgl/21.1/fxgl-21.1.jar!/fxglassets/ui/fonts/Abel-Regular.ttf
09:50:47.464 [FXGL Background Thread 4 ] DEBUG FXGLAssetLoaderServi - Loading from file system: jar:file:///C:/Users/Admin/.m2/repository/com/github/almasb/fxgl/21.1/fxgl-21.1.jar!/fxglassets/ui/fonts/TerminalLandMono-Regular.otf
09:50:47.464 [JavaFX Application Thread] DEBUG Input                - Registered new binding: Left - A
09:50:47.464 [JavaFX Application Thread] DEBUG Input                - Registered new binding: Right - D
09:50:47.465 [JavaFX Application Thread] DEBUG Input                - Registered new binding: Jump - W
09:50:47.465 [JavaFX Application Thread] DEBUG Input                - Registered new binding: Interact / Confirm - E
09:50:47.465 [JavaFX Application Thread] DEBUG Input                - Registered new binding: RhythmLane0 - H
09:50:47.465 [JavaFX Application Thread] DEBUG Input                - Registered new binding: RhythmLane1 - J
09:50:47.465 [JavaFX Application Thread] DEBUG Input                - Registered new binding: RhythmLane2 - K
09:50:47.465 [JavaFX Application Thread] DEBUG Input                - Registered new binding: RhythmLane3 - L
09:50:47.465 [JavaFX Application Thread] DEBUG Input                - Registered new binding: RhythmStart - Space
09:50:47.465 [JavaFX Application Thread] DEBUG FXGLAssetLoaderServi - Loading from file system: jar:file:///C:/Users/Admin/.m2/repository/com/github/almasb/fxgl/21.1/fxgl-21.1.jar!/fxglassets/textures/fxgl_icon.png
09:50:47.466 [FXGL Background Thread 4 ] DEBUG FXGLAssetLoaderServi - Loading from file system: jar:file:///C:/Users/Admin/.m2/repository/com/github/almasb/fxgl/21.1/fxgl-21.1.jar!/fxglassets/ui/fonts/Courier-Prime.ttf
09:50:47.485 [JavaFX Application Thread] DEBUG FXGLAssetLoaderServi - Loading from file system: jar:file:///C:/Users/Admin/.m2/repository/com/github/almasb/fxgl/21.1/fxgl-21.1.jar!/fxglassets/textures/fxgl_default_cursor.png
09:50:47.488 [JavaFX Application Thread] DEBUG Input                - Registered new binding: Screenshot - CTRL+8
09:50:47.488 [JavaFX Application Thread] DEBUG Input                - Registered new binding: System info dump - CTRL+9
09:50:47.488 [JavaFX Application Thread] DEBUG Input                - Registered new binding: Restart - CTRL+R
09:50:47.489 [JavaFX Application Thread] DEBUG Input                - Registered new binding: Toggle Debug Camera - CTRL+7
09:50:47.493 [JavaFX Application Thread] DEBUG LoopRunner           - Starting loop
09:50:47.493 [JavaFX Application Thread] DEBUG LoopRunner           - Initializing JavaFX AnimationTimerLoop
09:50:47.496 [JavaFX Application Thread] DEBUG Input                - Clearing active input actions
09:50:47.505 [JavaFX Application Thread] DEBUG GameApplicationServi - Removing overlay from FXGLStartupScene and adding to FXGLMainMenuDummyScene
09:50:47.505 [JavaFX Application Thread] DEBUG PrimaryStageWindow   - FXGLStartupScene -> FXGLMainMenuDummyScene
09:50:47.505 [JavaFX Application Thread] DEBUG PrimaryStageWindow   - Push state: FXGLDefaultMenu
09:50:47.511 [JavaFX Application Thread] DEBUG Input                - Clearing active input actions
09:50:47.520 [JavaFX Application Thread] DEBUG GameApplicationServi - Removing overlay from FXGLMainMenuDummyScene and adding to FXGLDefaultMenu
09:50:47.520 [JavaFX Application Thread] DEBUG PrimaryStageWindow   - FXGLMainMenuDummyScene -> FXGLDefaultMenu
09:50:47.527 [JavaFX Application Thread] DEBUG FXGLApplication      - Registering font factories with UI factory
09:50:49.844 [JavaFX Application Thread] DEBUG Menu                 - fireNewGame()
09:50:49.844 [JavaFX Application Thread] DEBUG GameApplicationServi - Starting new game
09:50:49.846 [JavaFX Application Thread] DEBUG PrimaryStageWindow   - Pop state: FXGLDefaultMenu
09:50:49.846 [JavaFX Application Thread] DEBUG Input                - Clearing active input actions
09:50:49.848 [JavaFX Application Thread] DEBUG GameApplicationServi - Removing overlay from FXGLDefaultMenu and adding to FXGLMainMenuDummyScene
09:50:49.850 [JavaFX Application Thread] DEBUG PrimaryStageWindow   - FXGLMainMenuDummyScene <- FXGLDefaultMenu
09:50:49.852 [JavaFX Application Thread] DEBUG Input                - Clearing active input actions
09:50:49.860 [JavaFX Application Thread] DEBUG GameApplicationServi - Removing overlay from FXGLMainMenuDummyScene and adding to FXGLLoadingScene
09:50:49.860 [JavaFX Application Thread] DEBUG PrimaryStageWindow   - FXGLMainMenuDummyScene -> FXGLLoadingScene
09:50:49.860 [JavaFX Application Thread] DEBUG GameApplicationServi - Clearing previous game
09:50:49.860 [JavaFX Application Thread] DEBUG GameScene            - Clearing game scene
09:50:49.860 [JavaFX Application Thread] DEBUG GameWorld            - Clearing game world
09:50:49.860 [JavaFX Application Thread] DEBUG PhysicsWorld         - Clearing physics world
09:50:49.862 [FXGL Background Thread 2 ] DEBUG FXGLApplication      - Initializing game
09:50:49.864 [FXGL Background Thread 2 ] WARN  FXGLAssetLoaderServi - Asset "/assets/sounds/sounds/hit.wav" was not found!
09:50:49.865 [FXGL Background Thread 2 ] WARN  FXGLAssetLoaderServi - Failed to load SOUND
09:50:49.867 [FXGL Background Thread 2 ] WARN  FXGLAssetLoaderServi - Asset "/assets/sounds/sounds/miss.wav" was not found!
09:50:49.867 [FXGL Background Thread 2 ] WARN  FXGLAssetLoaderServi - Failed to load SOUND
09:50:49.932 [FXGL Background Thread 2 ] WARN  TMXLevelLoader       - TiledMap generated from 1.11.0. Supported version: 1.9.0. Some features may not be parsed fully.
09:50:49.942 [FXGL Background Thread 2 ] DEBUG TMXLevelLoader       - Parsed TiledMap: file:/C:/Users/Admin/IdeaProjects/GitSomeSleep/Capstonee/target/classes/assets/levels/tmx/test.tmx
09:50:49.943 [FXGL Background Thread 2 ] DEBUG TMXLevelLoader       - Creating tile layer entities
09:50:49.945 [FXGL Background Thread 2 ] DEBUG TilesetLoader        - Loading view for layer Tile Layer 1
09:50:49.945 [FXGL Background Thread 2 ] DEBUG TilesetLoader        - Created buffer with size 320.0x320.0
09:50:49.955 [FXGL Background Thread 2 ] DEBUG TMXLevelLoader       - Creating object layer entities
09:50:49.975 [FXGL Background Thread 2 ] DEBUG GameWorld            - Clearing removable entities
09:50:49.977 [FXGL Background Thread 2 ] DEBUG GameWorld            - Setting level: com.almasb.fxgl.entity.level.Level@2b1f83ce
09:50:49.987 [FXGL Background Thread 2 ] WARN  FXGLAssetLoaderServi - Asset "/assets/textures/player.png" was not found!
09:50:49.987 [FXGL Background Thread 2 ] WARN  FXGLAssetLoaderServi - Failed to load IMAGE
09:50:50.004 [FXGL Background Thread 2 ] DEBUG FXGLAssetLoaderServi - Loading from file system: file:/C:/Users/Admin/IdeaProjects/GitSomeSleep/Capstonee/target/classes/assets/textures/background/bruh.jpg
09:50:50.028 [FXGL Background Thread 2 ] INFO  FXGLApplication      - Game initialization took: 0.165 sec
09:50:50.028 [JavaFX Application Thread] DEBUG Input                - Clearing active input actions
09:50:50.034 [JavaFX Application Thread] DEBUG GameApplicationServi - Removing overlay from FXGLLoadingScene and adding to GameScene
09:50:50.034 [JavaFX Application Thread] DEBUG PrimaryStageWindow   - FXGLLoadingScene -> GameScene
09:50:50.427 [FXGL Background Thread 3 ] DEBUG Engine               - Logging environment variables
09:50:50.428 [FXGL Background Thread 3 ] DEBUG Engine               - achievements: []
09:50:50.428 [FXGL Background Thread 3 ] DEBUG Engine               - actualHeight: 720.0
09:50:50.428 [FXGL Background Thread 3 ] DEBUG Engine               - actualHeightProperty: ReadOnlyDoubleProperty [value: 720.0]
09:50:50.428 [FXGL Background Thread 3 ] DEBUG Engine               - actualWidth: 1280.0
09:50:50.428 [FXGL Background Thread 3 ] DEBUG Engine               - actualWidthProperty: ReadOnlyDoubleProperty [value: 1280.0]
09:50:50.428 [FXGL Background Thread 3 ] DEBUG Engine               - appIcon: fxgl_icon.png
09:50:50.428 [FXGL Background Thread 3 ] DEBUG Engine               - applicationMode: DEVELOPER
09:50:50.428 [FXGL Background Thread 3 ] DEBUG Engine               - cSSList: [fxgl_dark.css]
09:50:50.428 [FXGL Background Thread 3 ] DEBUG Engine               - collisionDetectionStrategy: BRUTE_FORCE
09:50:50.429 [FXGL Background Thread 3 ] DEBUG Engine               - configClass: Optional.empty
09:50:50.429 [FXGL Background Thread 3 ] DEBUG Engine               - credits: []
09:50:50.429 [FXGL Background Thread 3 ] DEBUG Engine               - defaultCursor: CursorInfo(imageName=fxgl_default_cursor.png, hotspotX=7.0, hotspotY=6.0)
09:50:50.429 [FXGL Background Thread 3 ] DEBUG Engine               - devBBoxColorProperty: ObjectProperty [value: 0xff0000ff]
09:50:50.429 [FXGL Background Thread 3 ] DEBUG Engine               - devEnableDebugCameraProperty: BooleanProperty [value: false]
09:50:50.429 [FXGL Background Thread 3 ] DEBUG Engine               - devSensorColorProperty: ObjectProperty [value: 0xffff00ff]
09:50:50.429 [FXGL Background Thread 3 ] DEBUG Engine               - devShowBBoxProperty: BooleanProperty [value: false]
09:50:50.429 [FXGL Background Thread 3 ] DEBUG Engine               - devShowPositionProperty: BooleanProperty [value: false]
09:50:50.429 [FXGL Background Thread 3 ] DEBUG Engine               - enabledMenuItems: []
09:50:50.429 [FXGL Background Thread 3 ] DEBUG Engine               - engineServices: [class com.almasb.fxgl.app.services.FXGLAssetLoaderService, class com.almasb.fxgl.app.FXGLApplication$GameApplicationService, class com.almasb.fxgl.app.services.FXGLDialogService, class com.almasb.fxgl.app.services.IOTaskExecutorService, class com.almasb.fxgl.io.FileSystemService, class com.almasb.fxgl.localization.LocalizationService, class com.almasb.fxgl.app.services.SystemBundleService, class com.almasb.fxgl.profile.SaveLoadService, class com.almasb.fxgl.ui.FXGLUIFactoryServiceProvider, class com.almasb.fxgl.ui.FXGLDialogFactoryServiceProvider, class com.almasb.fxgl.audio.AudioPlayer, class com.almasb.fxgl.notification.impl.NotificationServiceProvider, class com.almasb.fxgl.achievement.AchievementService, class com.almasb.fxgl.cutscene.CutsceneService, class com.almasb.fxgl.minigames.MiniGameService, class com.almasb.fxgl.net.NetService, class com.almasb.fxgl.app.services.UpdaterService, class com.almasb.fxgl.dev.DevService]
09:50:50.429 [FXGL Background Thread 3 ] DEBUG Engine               - fontGame: Abel-Regular.ttf
09:50:50.429 [FXGL Background Thread 3 ] DEBUG Engine               - fontMono: TerminalLandMono-Regular.otf
09:50:50.430 [FXGL Background Thread 3 ] DEBUG Engine               - fontSizeScaleUI: 1.0
09:50:50.430 [FXGL Background Thread 3 ] DEBUG Engine               - fontText: Courier-Prime.ttf
09:50:50.430 [FXGL Background Thread 3 ] DEBUG Engine               - fontUI: VarelaRound-Regular.ttf
09:50:50.430 [FXGL Background Thread 3 ] DEBUG Engine               - fullScreen: BooleanProperty [value: false]
09:50:50.430 [FXGL Background Thread 3 ] DEBUG Engine               - gameDifficulty: MEDIUM
09:50:50.430 [FXGL Background Thread 3 ] DEBUG Engine               - gameDifficultyProperty: ObjectProperty [value: MEDIUM]
09:50:50.430 [FXGL Background Thread 3 ] DEBUG Engine               - globalMusicVolume: 0.5
09:50:50.430 [FXGL Background Thread 3 ] DEBUG Engine               - globalMusicVolumeProperty: DoubleProperty [value: 0.5]
09:50:50.430 [FXGL Background Thread 3 ] DEBUG Engine               - globalSoundVolume: 0.5
09:50:50.430 [FXGL Background Thread 3 ] DEBUG Engine               - globalSoundVolumeProperty: DoubleProperty [value: 0.5]
09:50:50.430 [FXGL Background Thread 3 ] DEBUG Engine               - height: 720
09:50:50.430 [FXGL Background Thread 3 ] DEBUG Engine               - is3D: false
09:50:50.430 [FXGL Background Thread 3 ] DEBUG Engine               - isAndroid: false
09:50:50.430 [FXGL Background Thread 3 ] DEBUG Engine               - isBrowser: false
09:50:50.430 [FXGL Background Thread 3 ] DEBUG Engine               - isClickFeedbackEnabled: false
09:50:50.430 [FXGL Background Thread 3 ] DEBUG Engine               - isCloseConfirmation: false
09:50:50.430 [FXGL Background Thread 3 ] DEBUG Engine               - isDesktop: true
09:50:50.430 [FXGL Background Thread 3 ] DEBUG Engine               - isDeveloperMenuEnabled: false
09:50:50.430 [FXGL Background Thread 3 ] DEBUG Engine               - isEmbedded: false
09:50:50.430 [FXGL Background Thread 3 ] DEBUG Engine               - isEntityPreloadEnabled: true
09:50:50.430 [FXGL Background Thread 3 ] DEBUG Engine               - isExperimentalTiledLargeMap: false
09:50:50.430 [FXGL Background Thread 3 ] DEBUG Engine               - isFileSystemWriteAllowed: true
09:50:50.430 [FXGL Background Thread 3 ] DEBUG Engine               - isFullScreenAllowed: false
09:50:50.430 [FXGL Background Thread 3 ] DEBUG Engine               - isFullScreenFromStart: false
09:50:50.430 [FXGL Background Thread 3 ] DEBUG Engine               - isGameMenuEnabled: true
09:50:50.430 [FXGL Background Thread 3 ] DEBUG Engine               - isIOS: false
09:50:50.430 [FXGL Background Thread 3 ] DEBUG Engine               - isIntroEnabled: false
09:50:50.430 [FXGL Background Thread 3 ] DEBUG Engine               - isLinux: false
09:50:50.430 [FXGL Background Thread 3 ] DEBUG Engine               - isMac: false
09:50:50.431 [FXGL Background Thread 3 ] DEBUG Engine               - isMainMenuEnabled: true
09:50:50.431 [FXGL Background Thread 3 ] DEBUG Engine               - isManualResizeEnabled: false
09:50:50.431 [FXGL Background Thread 3 ] DEBUG Engine               - isMobile: false
09:50:50.431 [FXGL Background Thread 3 ] DEBUG Engine               - isNative: false
09:50:50.431 [FXGL Background Thread 3 ] DEBUG Engine               - isPauseMusicWhenMinimized: true
09:50:50.431 [FXGL Background Thread 3 ] DEBUG Engine               - isPreserveResizeRatio: false
09:50:50.431 [FXGL Background Thread 3 ] DEBUG Engine               - isProfilingEnabled: false
09:50:50.431 [FXGL Background Thread 3 ] DEBUG Engine               - isScaleAffectedOnResize: true
09:50:50.431 [FXGL Background Thread 3 ] DEBUG Engine               - isSingleStep: false
09:50:50.431 [FXGL Background Thread 3 ] DEBUG Engine               - isUserProfileEnabled: false
09:50:50.431 [FXGL Background Thread 3 ] DEBUG Engine               - isWindows: true
09:50:50.431 [FXGL Background Thread 3 ] DEBUG Engine               - language: ObjectProperty [value: ENGLISH]
09:50:50.431 [FXGL Background Thread 3 ] DEBUG Engine               - menuKey: ESCAPE
09:50:50.431 [FXGL Background Thread 3 ] DEBUG Engine               - mouseSensitivity: 0.2
09:50:50.431 [FXGL Background Thread 3 ] DEBUG Engine               - notificationViewClass: class com.almasb.fxgl.notification.view.XboxNotificationView
09:50:50.431 [FXGL Background Thread 3 ] DEBUG Engine               - pixelsPerMeter: 50.0
09:50:50.431 [FXGL Background Thread 3 ] DEBUG Engine               - platform: WINDOWS
09:50:50.431 [FXGL Background Thread 3 ] DEBUG Engine               - prefHeightProperty: ReadOnlyDoubleProperty [value: 720.0]
09:50:50.431 [FXGL Background Thread 3 ] DEBUG Engine               - prefWidthProperty: ReadOnlyDoubleProperty [value: 1280.0]
09:50:50.431 [FXGL Background Thread 3 ] DEBUG Engine               - profileDir: profiles/
09:50:50.431 [FXGL Background Thread 3 ] DEBUG Engine               - profileName: StringProperty [value: DEFAULT]
09:50:50.431 [FXGL Background Thread 3 ] DEBUG Engine               - randomSeed: -1
09:50:50.432 [FXGL Background Thread 3 ] DEBUG Engine               - runtimeInfo: RuntimeInfo(platform=WINDOWS, version=21.1, build=27.03.2024 07.52)
09:50:50.432 [FXGL Background Thread 3 ] DEBUG Engine               - saveFileExt: sav
09:50:50.432 [FXGL Background Thread 3 ] DEBUG Engine               - scaledHeightProp$fxgl: DoubleProperty [bound, value: 720.0]
09:50:50.432 [FXGL Background Thread 3 ] DEBUG Engine               - scaledWidthProp$fxgl: DoubleProperty [bound, value: 1280.0]
09:50:50.432 [FXGL Background Thread 3 ] DEBUG Engine               - sceneFactory: com.almasb.fxgl.app.scene.SceneFactory@7615cf6e
09:50:50.432 [FXGL Background Thread 3 ] DEBUG Engine               - secondsIn24h: 60
09:50:50.432 [FXGL Background Thread 3 ] DEBUG Engine               - soundMenuBack: menu/back.wav
09:50:50.432 [FXGL Background Thread 3 ] DEBUG Engine               - soundMenuPress: menu/press.wav
09:50:50.432 [FXGL Background Thread 3 ] DEBUG Engine               - soundMenuSelect: menu/select.wav
09:50:50.432 [FXGL Background Thread 3 ] DEBUG Engine               - soundNotification: core/notification.wav
09:50:50.432 [FXGL Background Thread 3 ] DEBUG Engine               - stageStyle: DECORATED
09:50:50.432 [FXGL Background Thread 3 ] DEBUG Engine               - supportedLanguages: [ENGLISH, FRENCH, GERMAN, HUNGARIAN, RUSSIAN]
09:50:50.432 [FXGL Background Thread 3 ] DEBUG Engine               - ticksPerSecond: -1
09:50:50.432 [FXGL Background Thread 3 ] DEBUG Engine               - title: Platformer with Rhythm
09:50:50.432 [FXGL Background Thread 3 ] DEBUG Engine               - urlGithub: https://github.com/AlmasB/FXGL
09:50:50.432 [FXGL Background Thread 3 ] DEBUG Engine               - urlLeaderboard: http://fxgl-top.herokuapp.com/
09:50:50.432 [FXGL Background Thread 3 ] DEBUG Engine               - urlPOM: https://raw.githubusercontent.com/AlmasB/FXGL/release/README.md
09:50:50.432 [FXGL Background Thread 3 ] DEBUG Engine               - userAppClass: class org.example.capstonee.GameApp
09:50:50.432 [FXGL Background Thread 3 ] DEBUG Engine               - version: 0.2
09:50:50.432 [FXGL Background Thread 3 ] DEBUG Engine               - versionCheckDays: 7
09:50:50.432 [FXGL Background Thread 3 ] DEBUG Engine               - width: 1280
09:50:50.432 [FXGL Background Thread 3 ] DEBUG Engine               - Logging services
09:50:50.432 [FXGL Background Thread 3 ] DEBUG Engine               - class com.almasb.fxgl.app.services.FXGLAssetLoaderService
09:50:50.432 [FXGL Background Thread 3 ] DEBUG Engine               - class com.almasb.fxgl.app.FXGLApplication$GameApplicationService
09:50:50.432 [FXGL Background Thread 3 ] DEBUG Engine               - class com.almasb.fxgl.app.services.FXGLDialogService
09:50:50.432 [FXGL Background Thread 3 ] DEBUG Engine               - class com.almasb.fxgl.app.services.IOTaskExecutorService
09:50:50.432 [FXGL Background Thread 3 ] DEBUG Engine               - class com.almasb.fxgl.io.FileSystemService
09:50:50.433 [FXGL Background Thread 3 ] DEBUG Engine               - class com.almasb.fxgl.localization.LocalizationService
09:50:50.433 [FXGL Background Thread 3 ] DEBUG Engine               - class com.almasb.fxgl.app.services.SystemBundleService
09:50:50.433 [FXGL Background Thread 3 ] DEBUG Engine               - class com.almasb.fxgl.profile.SaveLoadService
09:50:50.433 [FXGL Background Thread 3 ] DEBUG Engine               - class com.almasb.fxgl.ui.FXGLUIFactoryServiceProvider
09:50:50.433 [FXGL Background Thread 3 ] DEBUG Engine               - class com.almasb.fxgl.ui.FXGLDialogFactoryServiceProvider
09:50:50.433 [FXGL Background Thread 3 ] DEBUG Engine               - class com.almasb.fxgl.audio.AudioPlayer
09:50:50.433 [FXGL Background Thread 3 ] DEBUG Engine               - class com.almasb.fxgl.notification.impl.NotificationServiceProvider
09:50:50.433 [FXGL Background Thread 3 ] DEBUG Engine               - class com.almasb.fxgl.achievement.AchievementService
09:50:50.433 [FXGL Background Thread 3 ] DEBUG Engine               - class com.almasb.fxgl.cutscene.CutsceneService
09:50:50.433 [FXGL Background Thread 3 ] DEBUG Engine               - class com.almasb.fxgl.minigames.MiniGameService
09:50:50.433 [FXGL Background Thread 3 ] DEBUG Engine               - class com.almasb.fxgl.net.NetService
09:50:50.433 [FXGL Background Thread 3 ] DEBUG Engine               - class com.almasb.fxgl.app.services.UpdaterService
09:50:50.433 [FXGL Background Thread 3 ] DEBUG Engine               - class com.almasb.fxgl.dev.DevService
09:50:53.210 [JavaFX Application Thread] DEBUG FXGLAssetLoaderServi - Loading from file system: file:/C:/Users/Admin/IdeaProjects/GitSomeSleep/Capstonee/target/classes/assets/text/gameCutscene_sample1.txt
09:50:53.215 [JavaFX Application Thread] DEBUG Input                - Registered new binding: Next RPG Line - Enter
09:50:53.216 [JavaFX Application Thread] WARN  FXGLAssetLoaderServi - Asset "/assets/textures/bruh.png" was not found!
09:50:53.216 [JavaFX Application Thread] WARN  FXGLAssetLoaderServi - Failed to load IMAGE
09:50:53.216 [JavaFX Application Thread] DEBUG PrimaryStageWindow   - Push state: CutsceneScene
09:50:53.216 [JavaFX Application Thread] DEBUG Input                - Clearing active input actions
09:50:53.217 [JavaFX Application Thread] DEBUG GameApplicationServi - Removing overlay from GameScene and adding to CutsceneScene
09:50:53.217 [JavaFX Application Thread] DEBUG PrimaryStageWindow   - GameScene -> CutsceneScene
09:50:53.703 [JavaFX Application Thread] DEBUG FXGLAssetLoaderServi - Loading from file system: file:/C:/Users/Admin/IdeaProjects/GitSomeSleep/Capstonee/target/classes/assets/textures/tuntunsahur.png
09:50:54.542 [JavaFX Application Thread] DEBUG PrimaryStageWindow   - Pop state: CutsceneScene
09:50:54.543 [JavaFX Application Thread] DEBUG Input                - Clearing active input actions
09:50:54.543 [JavaFX Application Thread] DEBUG GameApplicationServi - Removing overlay from CutsceneScene and adding to GameScene
09:50:54.544 [JavaFX Application Thread] DEBUG PrimaryStageWindow   - GameScene <- CutsceneScene
09:50:54.554 [JavaFX Application Thread] DEBUG FXGLAssetLoaderServi - Loading from file system: file:/C:/Users/Admin/IdeaProjects/GitSomeSleep/Capstonee/target/classes/assets/textures/background/pixelatedliyue.png
09:50:54.587 [JavaFX Application Thread] DEBUG FXGLAssetLoaderServi - Loading from file system: file:/C:/Users/Admin/IdeaProjects/GitSomeSleep/Capstonee/target/classes/assets/music/songs/desperato.wav
09:50:54.727 [JavaFX Application Thread] DEBUG FXGLAssetLoaderServi - Loading from file system: file:/C:/Users/Admin/IdeaProjects/GitSomeSleep/Capstonee/target/classes/assets/textures/notes/hilichurlhitmarker.png
09:50:55.340 [JavaFX Application Thread] DEBUG AudioPlayer          - Playing music com.almasb.fxgl.audio.Music@1375f9d5
09:50:55.807 [JavaFX Application Thread] DEBUG FXGLAssetLoaderServi - Loading from file system: file:/C:/Users/Admin/IdeaProjects/GitSomeSleep/Capstonee/target/classes/assets/textures/markers/moranote.png
09:51:02.584 [JavaFX Application Thread] DEBUG FXGLAssetLoaderServi - Loading from file system: file:/C:/Users/Admin/IdeaProjects/GitSomeSleep/Capstonee/target/classes/assets/textures/particles/yellow_particle.png
09:51:05.665 [JavaFX Application Thread] DEBUG AudioPlayer          - Stopping music com.almasb.fxgl.audio.Music@1375f9d5
09:51:07.461 [JavaFX Application Thread] DEBUG FXGLApplication      - Exiting FXGL
09:51:07.461 [JavaFX Application Thread] DEBUG LoopRunner           - Stopping loop
09:51:07.461 [JavaFX Application Thread] DEBUG SystemBundleService  - Saving FXGL system data
09:51:07.463 [JavaFX Application Thread] DEBUG FileSystemAccess     - Writing to: C:\Users\Admin\IdeaProjects\GitSomeSleep\system\fxgl.bundle
09:51:07.465 [JavaFX Application Thread] DEBUG Async                - Shutting down background threads
09:51:07.465 [JavaFX Application Thread] DEBUG PrimaryStageWindow   - Closing main window
09:51:07.483 [JavaFX Application Thread] DEBUG Logger               - Closing Logger
