11:31:29.045 [main                     ] DEBUG Logger               - Configured Logger
11:31:29.064 [main                     ] DEBUG GameApplication      - Logging settings
Title: Platformer with Rhythm
Version: 0.2
Width: 1280
Height: 720
Fullscreen: false
Intro: false
Profiling: false
Single step:false
App Mode: DEVELOPER
Menu Key: ESCAPE
Stage Style: DECORATED
Scene Factory: class com.almasb.fxgl.app.scene.SceneFactory

11:31:29.469 [JavaFX Application Thread] DEBUG FXGLApplication      - Initializing FXGL
11:31:29.475 [JavaFX Application Thread] INFO  Engine               - FXGL-21.1 (27.03.2024 07.52) on WINDOWS (J:23 FX:22.0.1)
11:31:29.475 [JavaFX Application Thread] DEBUG Engine               - JRE Vendor Name: Oracle Corporation
11:31:29.475 [JavaFX Application Thread] DEBUG Engine               - Running on OS: Windows 10 version 10.0
11:31:29.475 [JavaFX Application Thread] DEBUG Engine               - Architecture: amd64
11:31:29.475 [JavaFX Application Thread] INFO  Engine               - Source code and latest versions at: https://github.com/AlmasB/FXGL
11:31:29.476 [JavaFX Application Thread] INFO  Engine               -       Ask questions and discuss at: https://github.com/AlmasB/FXGL/discussions
11:31:29.476 [JavaFX Application Thread] INFO  Engine               -              Join the FXGL chat at: https://gitter.im/AlmasB/FXGL
11:31:29.583 [JavaFX Application Thread] DEBUG PrimaryStageWindow   - Creating a JavaFX scene
11:31:29.635 [JavaFX Application Thread] DEBUG PrimaryStageWindow   - Target settings size: 1280.0 x 720.0
11:31:29.635 [JavaFX Application Thread] DEBUG PrimaryStageWindow   - Scaled scene size:    1280.0 x 720.0
11:31:29.635 [JavaFX Application Thread] DEBUG PrimaryStageWindow   - Scaled ratio: (1.0, 1.0)
11:31:29.636 [JavaFX Application Thread] DEBUG PrimaryStageWindow   - Set initial scene to FXGLStartupScene
11:31:29.638 [JavaFX Application Thread] DEBUG PrimaryStageWindow   - Opening main window
11:31:29.902 [JavaFX Application Thread] DEBUG PrimaryStageWindow   - Window border size: (16.0, 39.0)
11:31:29.902 [JavaFX Application Thread] DEBUG PrimaryStageWindow   - Scaled size: 1280.0 x 720.0
11:31:29.903 [JavaFX Application Thread] DEBUG PrimaryStageWindow   - Scaled ratio: (1.0, 1.0)
11:31:29.903 [JavaFX Application Thread] DEBUG PrimaryStageWindow   - Scene size: 1280.0 x 720.0
11:31:29.903 [JavaFX Application Thread] DEBUG PrimaryStageWindow   - Stage size: 1296.0 x 759.0
11:31:29.912 [FXGL Background Thread 1 ] DEBUG Engine               - Initializing environment variables
11:31:30.030 [FXGL Background Thread 1 ] DEBUG FXGLAssetLoaderServi - User app class for loading assets: class org.example.capstonee.GameApp
11:31:30.031 [FXGL Background Thread 1 ] DEBUG GameApplicationServi - Applying CSS: fxgl_dark.css
11:31:30.032 [FXGL Background Thread 1 ] DEBUG FXGLAssetLoaderServi - Loading from file system: jar:file:///C:/Users/Admin/.m2/repository/com/github/almasb/fxgl/21.1/fxgl-21.1.jar!/fxglassets/ui/css/fxgl_dark.css
11:31:30.087 [FXGL Background Thread 1 ] DEBUG GameApplicationServi - Initializing application scenes
11:31:30.140 [FXGL Background Thread 1 ] DEBUG GameWorld            - Game world initialized
11:31:30.203 [FXGL Background Thread 1 ] DEBUG PhysicsWorld         - Physics world initialized: appHeight=720, physics.ppm=50.0
11:31:30.203 [FXGL Background Thread 1 ] DEBUG PhysicsWorld         - Using strategy: BRUTE_FORCE
11:31:30.206 [FXGL Background Thread 1 ] DEBUG GameScene            - Game scene initialized: 1280x720
11:31:30.215 [FXGL Background Thread 1 ] DEBUG FXGL.DefaultMenu     - createMenuBodyMainMenu()
11:31:30.228 [FXGL Background Thread 1 ] DEBUG FXGL.DefaultMenu     - createOptionsMenu()
11:31:30.237 [FXGL Background Thread 1 ] DEBUG FXGLAssetLoaderServi - Loading from file system: jar:file:///C:/Users/Admin/.m2/repository/com/github/almasb/fxgl/21.1/fxgl-21.1.jar!/fxglassets/textures/particles/smoke.png
11:31:30.313 [FXGL Background Thread 1 ] DEBUG FXGLAssetLoaderServi - Loading from file system: jar:file:///C:/Users/Admin/.m2/repository/com/github/almasb/fxgl/21.1/fxgl-21.1.jar!/fxglassets/textures/particles/trace_horizontal.png
11:31:30.334 [FXGL Background Thread 1 ] DEBUG FXGL.DefaultMenu     - createMenuBodyGameMenu()
11:31:30.335 [FXGL Background Thread 1 ] DEBUG FXGL.DefaultMenu     - createOptionsMenu()
11:31:30.346 [FXGL Background Thread 1 ] DEBUG GameApplicationServi - Application scenes initialized
11:31:30.356 [FXGL Background Thread 1 ] DEBUG SystemBundleService  - Loading FXGL system data
11:31:30.359 [FXGL Background Thread 1 ] DEBUG FileSystemAccess     - Reading from: C:\Users\Admin\IdeaProjects\GitSomeSleep\system\fxgl.bundle
11:31:30.365 [FXGL Background Thread 1 ] DEBUG SystemBundleService  - Bundle FXGL: {}
11:31:30.365 [FXGL Background Thread 1 ] DEBUG UpdaterService       - Checking for updates
11:31:30.369 [FXGL Background Thread 4 ] DEBUG FXGLApplication      - Loading fonts
11:31:30.369 [FXGL Background Thread 1 ] DEBUG FXGLApplication      - Loading default localization
11:31:30.369 [FXGL Background Thread 4 ] DEBUG FXGLAssetLoaderServi - Loading from file system: jar:file:///C:/Users/Admin/.m2/repository/com/github/almasb/fxgl/21.1/fxgl-21.1.jar!/fxglassets/ui/fonts/VarelaRound-Regular.ttf
11:31:30.369 [FXGL Background Thread 1 ] DEBUG FXGLAssetLoaderServi - Loading from file system: jar:file:///C:/Users/Admin/.m2/repository/com/github/almasb/fxgl/21.1/fxgl-21.1.jar!/fxglassets/languages/english.lang
11:31:30.391 [FXGL Background Thread 1 ] INFO  FXGLApplication      - FXGL initialization took: 0.478 sec
11:31:30.398 [JavaFX Application Thread] DEBUG Input                - Registered new binding: Left - A
11:31:30.398 [JavaFX Application Thread] DEBUG Input                - Registered new binding: Right - D
11:31:30.398 [JavaFX Application Thread] DEBUG Input                - Registered new binding: Jump - W
11:31:30.398 [JavaFX Application Thread] DEBUG Input                - Registered new binding: Interact / Confirm - E
11:31:30.398 [JavaFX Application Thread] DEBUG Input                - Registered new binding: RhythmLane0 - H
11:31:30.398 [JavaFX Application Thread] DEBUG Input                - Registered new binding: RhythmLane1 - J
11:31:30.398 [JavaFX Application Thread] DEBUG Input                - Registered new binding: RhythmLane2 - K
11:31:30.399 [JavaFX Application Thread] DEBUG Input                - Registered new binding: RhythmLane3 - L
11:31:30.399 [JavaFX Application Thread] DEBUG Input                - Registered new binding: RhythmStart - Space
11:31:30.399 [JavaFX Application Thread] DEBUG FXGLAssetLoaderServi - Loading from file system: jar:file:///C:/Users/Admin/.m2/repository/com/github/almasb/fxgl/21.1/fxgl-21.1.jar!/fxglassets/textures/fxgl_icon.png
11:31:30.419 [JavaFX Application Thread] DEBUG FXGLAssetLoaderServi - Loading from file system: jar:file:///C:/Users/Admin/.m2/repository/com/github/almasb/fxgl/21.1/fxgl-21.1.jar!/fxglassets/textures/fxgl_default_cursor.png
11:31:30.422 [JavaFX Application Thread] DEBUG Input                - Registered new binding: Screenshot - CTRL+8
11:31:30.423 [JavaFX Application Thread] DEBUG Input                - Registered new binding: System info dump - CTRL+9
11:31:30.423 [JavaFX Application Thread] DEBUG Input                - Registered new binding: Restart - CTRL+R
11:31:30.423 [JavaFX Application Thread] DEBUG Input                - Registered new binding: Toggle Debug Camera - CTRL+7
11:31:30.426 [JavaFX Application Thread] DEBUG LoopRunner           - Starting loop
11:31:30.426 [JavaFX Application Thread] DEBUG LoopRunner           - Initializing JavaFX AnimationTimerLoop
11:31:30.428 [JavaFX Application Thread] DEBUG Input                - Clearing active input actions
11:31:30.434 [JavaFX Application Thread] DEBUG GameApplicationServi - Removing overlay from FXGLStartupScene and adding to FXGLMainMenuDummyScene
11:31:30.434 [JavaFX Application Thread] DEBUG PrimaryStageWindow   - FXGLStartupScene -> FXGLMainMenuDummyScene
11:31:30.434 [JavaFX Application Thread] DEBUG PrimaryStageWindow   - Push state: FXGLDefaultMenu
11:31:30.442 [JavaFX Application Thread] DEBUG Input                - Clearing active input actions
11:31:30.449 [JavaFX Application Thread] DEBUG GameApplicationServi - Removing overlay from FXGLMainMenuDummyScene and adding to FXGLDefaultMenu
11:31:30.449 [JavaFX Application Thread] DEBUG PrimaryStageWindow   - FXGLMainMenuDummyScene -> FXGLDefaultMenu
11:31:30.467 [FXGL Background Thread 4 ] DEBUG FXGLAssetLoaderServi - Loading from file system: jar:file:///C:/Users/Admin/.m2/repository/com/github/almasb/fxgl/21.1/fxgl-21.1.jar!/fxglassets/ui/fonts/Abel-Regular.ttf
11:31:30.471 [FXGL Background Thread 4 ] DEBUG FXGLAssetLoaderServi - Loading from file system: jar:file:///C:/Users/Admin/.m2/repository/com/github/almasb/fxgl/21.1/fxgl-21.1.jar!/fxglassets/ui/fonts/TerminalLandMono-Regular.otf
11:31:30.478 [FXGL Background Thread 4 ] DEBUG FXGLAssetLoaderServi - Loading from file system: jar:file:///C:/Users/Admin/.m2/repository/com/github/almasb/fxgl/21.1/fxgl-21.1.jar!/fxglassets/ui/fonts/Courier-Prime.ttf
11:31:30.521 [JavaFX Application Thread] DEBUG FXGLApplication      - Registering font factories with UI factory
11:31:33.370 [FXGL Background Thread 3 ] DEBUG Engine               - Logging environment variables
11:31:33.370 [FXGL Background Thread 3 ] DEBUG Engine               - achievements: []
11:31:33.370 [FXGL Background Thread 3 ] DEBUG Engine               - actualHeight: 720.0
11:31:33.371 [FXGL Background Thread 3 ] DEBUG Engine               - actualHeightProperty: ReadOnlyDoubleProperty [value: 720.0]
11:31:33.371 [FXGL Background Thread 3 ] DEBUG Engine               - actualWidth: 1280.0
11:31:33.371 [FXGL Background Thread 3 ] DEBUG Engine               - actualWidthProperty: ReadOnlyDoubleProperty [value: 1280.0]
11:31:33.371 [FXGL Background Thread 3 ] DEBUG Engine               - appIcon: fxgl_icon.png
11:31:33.371 [FXGL Background Thread 3 ] DEBUG Engine               - applicationMode: DEVELOPER
11:31:33.371 [FXGL Background Thread 3 ] DEBUG Engine               - cSSList: [fxgl_dark.css]
11:31:33.371 [FXGL Background Thread 3 ] DEBUG Engine               - collisionDetectionStrategy: BRUTE_FORCE
11:31:33.371 [FXGL Background Thread 3 ] DEBUG Engine               - configClass: Optional.empty
11:31:33.371 [FXGL Background Thread 3 ] DEBUG Engine               - credits: []
11:31:33.371 [FXGL Background Thread 3 ] DEBUG Engine               - defaultCursor: CursorInfo(imageName=fxgl_default_cursor.png, hotspotX=7.0, hotspotY=6.0)
11:31:33.371 [FXGL Background Thread 3 ] DEBUG Engine               - devBBoxColorProperty: ObjectProperty [value: 0xff0000ff]
11:31:33.371 [FXGL Background Thread 3 ] DEBUG Engine               - devEnableDebugCameraProperty: BooleanProperty [value: false]
11:31:33.371 [FXGL Background Thread 3 ] DEBUG Engine               - devSensorColorProperty: ObjectProperty [value: 0xffff00ff]
11:31:33.371 [FXGL Background Thread 3 ] DEBUG Engine               - devShowBBoxProperty: BooleanProperty [value: false]
11:31:33.372 [FXGL Background Thread 3 ] DEBUG Engine               - devShowPositionProperty: BooleanProperty [value: false]
11:31:33.372 [FXGL Background Thread 3 ] DEBUG Engine               - enabledMenuItems: []
11:31:33.372 [FXGL Background Thread 3 ] DEBUG Engine               - engineServices: [class com.almasb.fxgl.app.services.FXGLAssetLoaderService, class com.almasb.fxgl.app.FXGLApplication$GameApplicationService, class com.almasb.fxgl.app.services.FXGLDialogService, class com.almasb.fxgl.app.services.IOTaskExecutorService, class com.almasb.fxgl.io.FileSystemService, class com.almasb.fxgl.localization.LocalizationService, class com.almasb.fxgl.app.services.SystemBundleService, class com.almasb.fxgl.profile.SaveLoadService, class com.almasb.fxgl.ui.FXGLUIFactoryServiceProvider, class com.almasb.fxgl.ui.FXGLDialogFactoryServiceProvider, class com.almasb.fxgl.audio.AudioPlayer, class com.almasb.fxgl.notification.impl.NotificationServiceProvider, class com.almasb.fxgl.achievement.AchievementService, class com.almasb.fxgl.cutscene.CutsceneService, class com.almasb.fxgl.minigames.MiniGameService, class com.almasb.fxgl.net.NetService, class com.almasb.fxgl.app.services.UpdaterService, class com.almasb.fxgl.dev.DevService]
11:31:33.372 [FXGL Background Thread 3 ] DEBUG Engine               - fontGame: Abel-Regular.ttf
11:31:33.372 [FXGL Background Thread 3 ] DEBUG Engine               - fontMono: TerminalLandMono-Regular.otf
11:31:33.372 [FXGL Background Thread 3 ] DEBUG Engine               - fontSizeScaleUI: 1.0
11:31:33.372 [FXGL Background Thread 3 ] DEBUG Engine               - fontText: Courier-Prime.ttf
11:31:33.372 [FXGL Background Thread 3 ] DEBUG Engine               - fontUI: VarelaRound-Regular.ttf
11:31:33.372 [FXGL Background Thread 3 ] DEBUG Engine               - fullScreen: BooleanProperty [value: false]
11:31:33.372 [FXGL Background Thread 3 ] DEBUG Engine               - gameDifficulty: MEDIUM
11:31:33.372 [FXGL Background Thread 3 ] DEBUG Engine               - gameDifficultyProperty: ObjectProperty [value: MEDIUM]
11:31:33.372 [FXGL Background Thread 3 ] DEBUG Engine               - globalMusicVolume: 0.5
11:31:33.372 [FXGL Background Thread 3 ] DEBUG Engine               - globalMusicVolumeProperty: DoubleProperty [value: 0.5]
11:31:33.372 [FXGL Background Thread 3 ] DEBUG Engine               - globalSoundVolume: 0.5
11:31:33.372 [FXGL Background Thread 3 ] DEBUG Engine               - globalSoundVolumeProperty: DoubleProperty [value: 0.5]
11:31:33.372 [FXGL Background Thread 3 ] DEBUG Engine               - height: 720
11:31:33.372 [FXGL Background Thread 3 ] DEBUG Engine               - is3D: false
11:31:33.372 [FXGL Background Thread 3 ] DEBUG Engine               - isAndroid: false
11:31:33.372 [FXGL Background Thread 3 ] DEBUG Engine               - isBrowser: false
11:31:33.373 [FXGL Background Thread 3 ] DEBUG Engine               - isClickFeedbackEnabled: false
11:31:33.373 [FXGL Background Thread 3 ] DEBUG Engine               - isCloseConfirmation: false
11:31:33.373 [FXGL Background Thread 3 ] DEBUG Engine               - isDesktop: true
11:31:33.373 [FXGL Background Thread 3 ] DEBUG Engine               - isDeveloperMenuEnabled: false
11:31:33.373 [FXGL Background Thread 3 ] DEBUG Engine               - isEmbedded: false
11:31:33.373 [FXGL Background Thread 3 ] DEBUG Engine               - isEntityPreloadEnabled: true
11:31:33.373 [FXGL Background Thread 3 ] DEBUG Engine               - isExperimentalTiledLargeMap: false
11:31:33.373 [FXGL Background Thread 3 ] DEBUG Engine               - isFileSystemWriteAllowed: true
11:31:33.373 [FXGL Background Thread 3 ] DEBUG Engine               - isFullScreenAllowed: false
11:31:33.373 [FXGL Background Thread 3 ] DEBUG Engine               - isFullScreenFromStart: false
11:31:33.373 [FXGL Background Thread 3 ] DEBUG Engine               - isGameMenuEnabled: true
11:31:33.373 [FXGL Background Thread 3 ] DEBUG Engine               - isIOS: false
11:31:33.373 [FXGL Background Thread 3 ] DEBUG Engine               - isIntroEnabled: false
11:31:33.373 [FXGL Background Thread 3 ] DEBUG Engine               - isLinux: false
11:31:33.373 [FXGL Background Thread 3 ] DEBUG Engine               - isMac: false
11:31:33.373 [FXGL Background Thread 3 ] DEBUG Engine               - isMainMenuEnabled: true
11:31:33.373 [FXGL Background Thread 3 ] DEBUG Engine               - isManualResizeEnabled: false
11:31:33.373 [FXGL Background Thread 3 ] DEBUG Engine               - isMobile: false
11:31:33.374 [FXGL Background Thread 3 ] DEBUG Engine               - isNative: false
11:31:33.374 [FXGL Background Thread 3 ] DEBUG Engine               - isPauseMusicWhenMinimized: true
11:31:33.374 [FXGL Background Thread 3 ] DEBUG Engine               - isPreserveResizeRatio: false
11:31:33.374 [FXGL Background Thread 3 ] DEBUG Engine               - isProfilingEnabled: false
11:31:33.374 [FXGL Background Thread 3 ] DEBUG Engine               - isScaleAffectedOnResize: true
11:31:33.374 [FXGL Background Thread 3 ] DEBUG Engine               - isSingleStep: false
11:31:33.374 [FXGL Background Thread 3 ] DEBUG Engine               - isUserProfileEnabled: false
11:31:33.374 [FXGL Background Thread 3 ] DEBUG Engine               - isWindows: true
11:31:33.374 [FXGL Background Thread 3 ] DEBUG Engine               - language: ObjectProperty [value: ENGLISH]
11:31:33.374 [FXGL Background Thread 3 ] DEBUG Engine               - menuKey: ESCAPE
11:31:33.374 [FXGL Background Thread 3 ] DEBUG Engine               - mouseSensitivity: 0.2
11:31:33.374 [FXGL Background Thread 3 ] DEBUG Engine               - notificationViewClass: class com.almasb.fxgl.notification.view.XboxNotificationView
11:31:33.374 [FXGL Background Thread 3 ] DEBUG Engine               - pixelsPerMeter: 50.0
11:31:33.374 [FXGL Background Thread 3 ] DEBUG Engine               - platform: WINDOWS
11:31:33.374 [FXGL Background Thread 3 ] DEBUG Engine               - prefHeightProperty: ReadOnlyDoubleProperty [value: 720.0]
11:31:33.374 [FXGL Background Thread 3 ] DEBUG Engine               - prefWidthProperty: ReadOnlyDoubleProperty [value: 1280.0]
11:31:33.374 [FXGL Background Thread 3 ] DEBUG Engine               - profileDir: profiles/
11:31:33.374 [FXGL Background Thread 3 ] DEBUG Engine               - profileName: StringProperty [value: DEFAULT]
11:31:33.374 [FXGL Background Thread 3 ] DEBUG Engine               - randomSeed: -1
11:31:33.375 [FXGL Background Thread 3 ] DEBUG Engine               - runtimeInfo: RuntimeInfo(platform=WINDOWS, version=21.1, build=27.03.2024 07.52)
11:31:33.375 [FXGL Background Thread 3 ] DEBUG Engine               - saveFileExt: sav
11:31:33.375 [FXGL Background Thread 3 ] DEBUG Engine               - scaledHeightProp$fxgl: DoubleProperty [bound, value: 720.0]
11:31:33.375 [FXGL Background Thread 3 ] DEBUG Engine               - scaledWidthProp$fxgl: DoubleProperty [bound, value: 1280.0]
11:31:33.375 [FXGL Background Thread 3 ] DEBUG Engine               - sceneFactory: com.almasb.fxgl.app.scene.SceneFactory@204d330
11:31:33.375 [FXGL Background Thread 3 ] DEBUG Engine               - secondsIn24h: 60
11:31:33.375 [FXGL Background Thread 3 ] DEBUG Engine               - soundMenuBack: menu/back.wav
11:31:33.375 [FXGL Background Thread 3 ] DEBUG Engine               - soundMenuPress: menu/press.wav
11:31:33.375 [FXGL Background Thread 3 ] DEBUG Engine               - soundMenuSelect: menu/select.wav
11:31:33.375 [FXGL Background Thread 3 ] DEBUG Engine               - soundNotification: core/notification.wav
11:31:33.375 [FXGL Background Thread 3 ] DEBUG Engine               - stageStyle: DECORATED
11:31:33.375 [FXGL Background Thread 3 ] DEBUG Engine               - supportedLanguages: [ENGLISH, FRENCH, GERMAN, HUNGARIAN, RUSSIAN]
11:31:33.375 [FXGL Background Thread 3 ] DEBUG Engine               - ticksPerSecond: -1
11:31:33.375 [FXGL Background Thread 3 ] DEBUG Engine               - title: Platformer with Rhythm
11:31:33.375 [FXGL Background Thread 3 ] DEBUG Engine               - urlGithub: https://github.com/AlmasB/FXGL
11:31:33.376 [FXGL Background Thread 3 ] DEBUG Engine               - urlLeaderboard: http://fxgl-top.herokuapp.com/
11:31:33.376 [FXGL Background Thread 3 ] DEBUG Engine               - urlPOM: https://raw.githubusercontent.com/AlmasB/FXGL/release/README.md
11:31:33.376 [FXGL Background Thread 3 ] DEBUG Engine               - userAppClass: class org.example.capstonee.GameApp
11:31:33.376 [FXGL Background Thread 3 ] DEBUG Engine               - version: 0.2
11:31:33.376 [FXGL Background Thread 3 ] DEBUG Engine               - versionCheckDays: 7
11:31:33.376 [FXGL Background Thread 3 ] DEBUG Engine               - width: 1280
11:31:33.376 [FXGL Background Thread 3 ] DEBUG Engine               - Logging services
11:31:33.376 [FXGL Background Thread 3 ] DEBUG Engine               - class com.almasb.fxgl.app.services.FXGLAssetLoaderService
11:31:33.376 [FXGL Background Thread 3 ] DEBUG Engine               - class com.almasb.fxgl.app.FXGLApplication$GameApplicationService
11:31:33.376 [FXGL Background Thread 3 ] DEBUG Engine               - class com.almasb.fxgl.app.services.FXGLDialogService
11:31:33.376 [FXGL Background Thread 3 ] DEBUG Engine               - class com.almasb.fxgl.app.services.IOTaskExecutorService
11:31:33.376 [FXGL Background Thread 3 ] DEBUG Engine               - class com.almasb.fxgl.io.FileSystemService
11:31:33.376 [FXGL Background Thread 3 ] DEBUG Engine               - class com.almasb.fxgl.localization.LocalizationService
11:31:33.376 [FXGL Background Thread 3 ] DEBUG Engine               - class com.almasb.fxgl.app.services.SystemBundleService
11:31:33.376 [FXGL Background Thread 3 ] DEBUG Engine               - class com.almasb.fxgl.profile.SaveLoadService
11:31:33.376 [FXGL Background Thread 3 ] DEBUG Engine               - class com.almasb.fxgl.ui.FXGLUIFactoryServiceProvider
11:31:33.376 [FXGL Background Thread 3 ] DEBUG Engine               - class com.almasb.fxgl.ui.FXGLDialogFactoryServiceProvider
11:31:33.376 [FXGL Background Thread 3 ] DEBUG Engine               - class com.almasb.fxgl.audio.AudioPlayer
11:31:33.376 [FXGL Background Thread 3 ] DEBUG Engine               - class com.almasb.fxgl.notification.impl.NotificationServiceProvider
11:31:33.376 [FXGL Background Thread 3 ] DEBUG Engine               - class com.almasb.fxgl.achievement.AchievementService
11:31:33.376 [FXGL Background Thread 3 ] DEBUG Engine               - class com.almasb.fxgl.cutscene.CutsceneService
11:31:33.376 [FXGL Background Thread 3 ] DEBUG Engine               - class com.almasb.fxgl.minigames.MiniGameService
11:31:33.376 [FXGL Background Thread 3 ] DEBUG Engine               - class com.almasb.fxgl.net.NetService
11:31:33.376 [FXGL Background Thread 3 ] DEBUG Engine               - class com.almasb.fxgl.app.services.UpdaterService
11:31:33.376 [FXGL Background Thread 3 ] DEBUG Engine               - class com.almasb.fxgl.dev.DevService
11:31:39.772 [JavaFX Application Thread] DEBUG Menu                 - fireNewGame()
11:31:39.772 [JavaFX Application Thread] DEBUG GameApplicationServi - Starting new game
11:31:39.775 [JavaFX Application Thread] DEBUG PrimaryStageWindow   - Pop state: FXGLDefaultMenu
11:31:39.775 [JavaFX Application Thread] DEBUG Input                - Clearing active input actions
11:31:39.776 [JavaFX Application Thread] DEBUG GameApplicationServi - Removing overlay from FXGLDefaultMenu and adding to FXGLMainMenuDummyScene
11:31:39.776 [JavaFX Application Thread] DEBUG PrimaryStageWindow   - FXGLMainMenuDummyScene <- FXGLDefaultMenu
11:31:39.777 [JavaFX Application Thread] DEBUG Input                - Clearing active input actions
11:31:39.784 [JavaFX Application Thread] DEBUG GameApplicationServi - Removing overlay from FXGLMainMenuDummyScene and adding to FXGLLoadingScene
11:31:39.784 [JavaFX Application Thread] DEBUG PrimaryStageWindow   - FXGLMainMenuDummyScene -> FXGLLoadingScene
11:31:39.784 [JavaFX Application Thread] DEBUG GameApplicationServi - Clearing previous game
11:31:39.784 [JavaFX Application Thread] DEBUG GameScene            - Clearing game scene
11:31:39.784 [JavaFX Application Thread] DEBUG GameWorld            - Clearing game world
11:31:39.784 [JavaFX Application Thread] DEBUG PhysicsWorld         - Clearing physics world
11:31:39.786 [FXGL Background Thread 2 ] DEBUG FXGLApplication      - Initializing game
11:31:39.790 [FXGL Background Thread 2 ] WARN  FXGLAssetLoaderServi - Asset "/assets/sounds/sounds/hit.wav" was not found!
11:31:39.790 [FXGL Background Thread 2 ] WARN  FXGLAssetLoaderServi - Failed to load SOUND
11:31:39.792 [FXGL Background Thread 2 ] WARN  FXGLAssetLoaderServi - Asset "/assets/sounds/sounds/miss.wav" was not found!
11:31:39.792 [FXGL Background Thread 2 ] WARN  FXGLAssetLoaderServi - Failed to load SOUND
11:31:39.888 [FXGL Background Thread 2 ] WARN  TMXLevelLoader       - TiledMap generated from 1.11.0. Supported version: 1.9.0. Some features may not be parsed fully.
11:31:39.895 [FXGL Background Thread 2 ] DEBUG TMXLevelLoader       - Parsed TiledMap: file:/C:/Users/Admin/IdeaProjects/GitSomeSleep/Capstonee/target/classes/assets/levels/tmx/test.tmx
11:31:39.896 [FXGL Background Thread 2 ] DEBUG TMXLevelLoader       - Creating tile layer entities
11:31:39.897 [FXGL Background Thread 2 ] DEBUG TilesetLoader        - Loading view for layer Tile Layer 1
11:31:39.897 [FXGL Background Thread 2 ] DEBUG TilesetLoader        - Created buffer with size 320.0x320.0
11:31:39.903 [FXGL Background Thread 2 ] DEBUG TMXLevelLoader       - Creating object layer entities
11:31:39.928 [FXGL Background Thread 2 ] DEBUG GameWorld            - Clearing removable entities
11:31:39.929 [FXGL Background Thread 2 ] DEBUG GameWorld            - Setting level: com.almasb.fxgl.entity.level.Level@6c3a9b13
11:31:39.938 [FXGL Background Thread 2 ] WARN  FXGLAssetLoaderServi - Asset "/assets/textures/player.png" was not found!
11:31:39.938 [FXGL Background Thread 2 ] WARN  FXGLAssetLoaderServi - Failed to load IMAGE
11:31:39.968 [FXGL Background Thread 2 ] DEBUG FXGLAssetLoaderServi - Loading from file system: file:/C:/Users/Admin/IdeaProjects/GitSomeSleep/Capstonee/target/classes/assets/textures/background/bruh.jpg
11:31:39.996 [FXGL Background Thread 2 ] INFO  FXGLApplication      - Game initialization took: 0.209 sec
11:31:39.996 [JavaFX Application Thread] DEBUG Input                - Clearing active input actions
11:31:40.004 [JavaFX Application Thread] DEBUG GameApplicationServi - Removing overlay from FXGLLoadingScene and adding to GameScene
11:31:40.004 [JavaFX Application Thread] DEBUG PrimaryStageWindow   - FXGLLoadingScene -> GameScene
11:31:42.510 [JavaFX Application Thread] DEBUG FXGLAssetLoaderServi - Loading from file system: file:/C:/Users/Admin/IdeaProjects/GitSomeSleep/Capstonee/target/classes/assets/text/gameCutscene_sample1.txt
11:31:42.515 [JavaFX Application Thread] DEBUG Input                - Registered new binding: Next RPG Line - Enter
11:31:42.516 [JavaFX Application Thread] WARN  FXGLAssetLoaderServi - Asset "/assets/textures/bruh.png" was not found!
11:31:42.516 [JavaFX Application Thread] WARN  FXGLAssetLoaderServi - Failed to load IMAGE
11:31:42.516 [JavaFX Application Thread] DEBUG PrimaryStageWindow   - Push state: CutsceneScene
11:31:42.516 [JavaFX Application Thread] DEBUG Input                - Clearing active input actions
11:31:42.517 [JavaFX Application Thread] DEBUG GameApplicationServi - Removing overlay from GameScene and adding to CutsceneScene
11:31:42.517 [JavaFX Application Thread] DEBUG PrimaryStageWindow   - GameScene -> CutsceneScene
11:31:43.191 [JavaFX Application Thread] DEBUG FXGLAssetLoaderServi - Loading from file system: file:/C:/Users/Admin/IdeaProjects/GitSomeSleep/Capstonee/target/classes/assets/textures/tuntunsahur.png
11:31:43.969 [JavaFX Application Thread] DEBUG PrimaryStageWindow   - Pop state: CutsceneScene
11:31:43.969 [JavaFX Application Thread] DEBUG Input                - Clearing active input actions
11:31:43.969 [JavaFX Application Thread] DEBUG GameApplicationServi - Removing overlay from CutsceneScene and adding to GameScene
11:31:43.969 [JavaFX Application Thread] DEBUG PrimaryStageWindow   - GameScene <- CutsceneScene
11:31:43.987 [JavaFX Application Thread] DEBUG FXGLAssetLoaderServi - Loading from file system: file:/C:/Users/Admin/IdeaProjects/GitSomeSleep/Capstonee/target/classes/assets/textures/background/pixelatedliyue.png
11:31:44.023 [JavaFX Application Thread] DEBUG FXGLAssetLoaderServi - Loading from file system: file:/C:/Users/Admin/IdeaProjects/GitSomeSleep/Capstonee/target/classes/assets/music/songs/zhongli.wav
11:31:44.193 [JavaFX Application Thread] DEBUG FXGLAssetLoaderServi - Loading from file system: file:/C:/Users/Admin/IdeaProjects/GitSomeSleep/Capstonee/target/classes/assets/textures/notes/hilichurlhitmarker.png
11:31:44.624 [JavaFX Application Thread] DEBUG AudioPlayer          - Playing music com.almasb.fxgl.audio.Music@6eb2017f
11:31:45.090 [JavaFX Application Thread] DEBUG FXGLAssetLoaderServi - Loading from file system: file:/C:/Users/Admin/IdeaProjects/GitSomeSleep/Capstonee/target/classes/assets/textures/markers/moranote.png
11:31:50.911 [JavaFX Application Thread] DEBUG FXGLAssetLoaderServi - Loading from file system: file:/C:/Users/Admin/IdeaProjects/GitSomeSleep/Capstonee/target/classes/assets/textures/particles/yellow_particle.png
11:31:54.881 [JavaFX Application Thread] DEBUG AudioPlayer          - Stopping music com.almasb.fxgl.audio.Music@6eb2017f
11:32:14.670 [JavaFX Application Thread] DEBUG FXGLApplication      - Exiting FXGL
11:32:14.670 [JavaFX Application Thread] DEBUG LoopRunner           - Stopping loop
11:32:14.671 [JavaFX Application Thread] DEBUG SystemBundleService  - Saving FXGL system data
11:32:14.672 [JavaFX Application Thread] DEBUG FileSystemAccess     - Writing to: C:\Users\Admin\IdeaProjects\GitSomeSleep\system\fxgl.bundle
11:32:14.675 [JavaFX Application Thread] DEBUG Async                - Shutting down background threads
11:32:14.675 [JavaFX Application Thread] DEBUG PrimaryStageWindow   - Closing main window
11:32:14.692 [JavaFX Application Thread] DEBUG Logger               - Closing Logger
