08:55:41.975 [main                     ] DEBUG Logger               - Configured Logger
08:55:41.995 [main                     ] DEBUG GameApplication      - Logging settings
Title: Platformer with Rhythm
Version: 0.2
Width: 1280
Height: 720
Fullscreen: false
Intro: false
Profiling: false
Single step:false
App Mode: DEVELOPER
Menu Key: ESCAPE
Stage Style: DECORATED
Scene Factory: class com.almasb.fxgl.app.scene.SceneFactory

08:55:42.262 [JavaFX Application Thread] DEBUG FXGLApplication      - Initializing FXGL
08:55:42.266 [JavaFX Application Thread] INFO  Engine               - FXGL-21.1 (27.03.2024 07.52) on WINDOWS (J:23 FX:22.0.1)
08:55:42.266 [JavaFX Application Thread] DEBUG Engine               - JRE Vendor Name: Oracle Corporation
08:55:42.266 [JavaFX Application Thread] DEBUG Engine               - Running on OS: Windows 10 version 10.0
08:55:42.267 [JavaFX Application Thread] DEBUG Engine               - Architecture: amd64
08:55:42.267 [JavaFX Application Thread] INFO  Engine               - Source code and latest versions at: https://github.com/AlmasB/FXGL
08:55:42.267 [JavaFX Application Thread] INFO  Engine               -       Ask questions and discuss at: https://github.com/AlmasB/FXGL/discussions
08:55:42.267 [JavaFX Application Thread] INFO  Engine               -              Join the FXGL chat at: https://gitter.im/AlmasB/FXGL
08:55:42.341 [JavaFX Application Thread] DEBUG PrimaryStageWindow   - Creating a JavaFX scene
08:55:42.389 [JavaFX Application Thread] DEBUG PrimaryStageWindow   - Target settings size: 1280.0 x 720.0
08:55:42.389 [JavaFX Application Thread] DEBUG PrimaryStageWindow   - Scaled scene size:    1280.0 x 720.0
08:55:42.389 [JavaFX Application Thread] DEBUG PrimaryStageWindow   - Scaled ratio: (1.0, 1.0)
08:55:42.390 [JavaFX Application Thread] DEBUG PrimaryStageWindow   - Set initial scene to FXGLStartupScene
08:55:42.392 [JavaFX Application Thread] DEBUG PrimaryStageWindow   - Opening main window
08:55:42.619 [JavaFX Application Thread] DEBUG PrimaryStageWindow   - Window border size: (16.0, 39.0)
08:55:42.619 [JavaFX Application Thread] DEBUG PrimaryStageWindow   - Scaled size: 1280.0 x 720.0
08:55:42.619 [JavaFX Application Thread] DEBUG PrimaryStageWindow   - Scaled ratio: (1.0, 1.0)
08:55:42.619 [JavaFX Application Thread] DEBUG PrimaryStageWindow   - Scene size: 1280.0 x 720.0
08:55:42.620 [JavaFX Application Thread] DEBUG PrimaryStageWindow   - Stage size: 1296.0 x 759.0
08:55:42.628 [FXGL Background Thread 1 ] DEBUG Engine               - Initializing environment variables
08:55:42.719 [FXGL Background Thread 1 ] DEBUG FXGLAssetLoaderServi - User app class for loading assets: class org.example.capstonee.GameApp
08:55:42.719 [FXGL Background Thread 1 ] DEBUG GameApplicationServi - Applying CSS: fxgl_dark.css
08:55:42.719 [FXGL Background Thread 1 ] DEBUG FXGLAssetLoaderServi - Loading from file system: jar:file:///C:/Users/Admin/.m2/repository/com/github/almasb/fxgl/21.1/fxgl-21.1.jar!/fxglassets/ui/css/fxgl_dark.css
08:55:42.779 [FXGL Background Thread 1 ] DEBUG GameApplicationServi - Initializing application scenes
08:55:42.828 [FXGL Background Thread 1 ] DEBUG GameWorld            - Game world initialized
08:55:42.895 [FXGL Background Thread 1 ] DEBUG PhysicsWorld         - Physics world initialized: appHeight=720, physics.ppm=50.0
08:55:42.895 [FXGL Background Thread 1 ] DEBUG PhysicsWorld         - Using strategy: BRUTE_FORCE
08:55:42.898 [FXGL Background Thread 1 ] DEBUG GameScene            - Game scene initialized: 1280x720
08:55:42.910 [FXGL Background Thread 1 ] DEBUG FXGL.DefaultMenu     - createMenuBodyMainMenu()
08:55:42.923 [FXGL Background Thread 1 ] DEBUG FXGL.DefaultMenu     - createOptionsMenu()
08:55:42.932 [FXGL Background Thread 1 ] DEBUG FXGLAssetLoaderServi - Loading from file system: jar:file:///C:/Users/Admin/.m2/repository/com/github/almasb/fxgl/21.1/fxgl-21.1.jar!/fxglassets/textures/particles/smoke.png
08:55:43.003 [FXGL Background Thread 1 ] DEBUG FXGLAssetLoaderServi - Loading from file system: jar:file:///C:/Users/Admin/.m2/repository/com/github/almasb/fxgl/21.1/fxgl-21.1.jar!/fxglassets/textures/particles/trace_horizontal.png
08:55:43.023 [FXGL Background Thread 1 ] DEBUG FXGL.DefaultMenu     - createMenuBodyGameMenu()
08:55:43.024 [FXGL Background Thread 1 ] DEBUG FXGL.DefaultMenu     - createOptionsMenu()
08:55:43.036 [FXGL Background Thread 1 ] DEBUG GameApplicationServi - Application scenes initialized
08:55:43.045 [FXGL Background Thread 1 ] DEBUG SystemBundleService  - Loading FXGL system data
08:55:43.048 [FXGL Background Thread 1 ] DEBUG FileSystemAccess     - Reading from: C:\Users\Admin\IdeaProjects\GitSomeSleep\system\fxgl.bundle
08:55:43.052 [FXGL Background Thread 1 ] DEBUG SystemBundleService  - Bundle FXGL: {}
08:55:43.052 [FXGL Background Thread 1 ] DEBUG UpdaterService       - Checking for updates
08:55:43.056 [FXGL Background Thread 4 ] DEBUG FXGLApplication      - Loading fonts
08:55:43.056 [FXGL Background Thread 4 ] DEBUG FXGLAssetLoaderServi - Loading from file system: jar:file:///C:/Users/Admin/.m2/repository/com/github/almasb/fxgl/21.1/fxgl-21.1.jar!/fxglassets/ui/fonts/VarelaRound-Regular.ttf
08:55:43.057 [FXGL Background Thread 1 ] DEBUG FXGLApplication      - Loading default localization
08:55:43.057 [FXGL Background Thread 1 ] DEBUG FXGLAssetLoaderServi - Loading from file system: jar:file:///C:/Users/Admin/.m2/repository/com/github/almasb/fxgl/21.1/fxgl-21.1.jar!/fxglassets/languages/english.lang
08:55:43.089 [FXGL Background Thread 1 ] INFO  FXGLApplication      - FXGL initialization took: 0.461 sec
08:55:43.090 [FXGL Background Thread 4 ] DEBUG FXGLAssetLoaderServi - Loading from file system: jar:file:///C:/Users/Admin/.m2/repository/com/github/almasb/fxgl/21.1/fxgl-21.1.jar!/fxglassets/ui/fonts/Abel-Regular.ttf
08:55:43.093 [FXGL Background Thread 4 ] DEBUG FXGLAssetLoaderServi - Loading from file system: jar:file:///C:/Users/Admin/.m2/repository/com/github/almasb/fxgl/21.1/fxgl-21.1.jar!/fxglassets/ui/fonts/TerminalLandMono-Regular.otf
08:55:43.096 [FXGL Background Thread 4 ] DEBUG FXGLAssetLoaderServi - Loading from file system: jar:file:///C:/Users/Admin/.m2/repository/com/github/almasb/fxgl/21.1/fxgl-21.1.jar!/fxglassets/ui/fonts/Courier-Prime.ttf
08:55:43.097 [JavaFX Application Thread] DEBUG Input                - Registered new binding: Left - A
08:55:43.097 [JavaFX Application Thread] DEBUG Input                - Registered new binding: Right - D
08:55:43.097 [JavaFX Application Thread] DEBUG Input                - Registered new binding: Jump - W
08:55:43.098 [JavaFX Application Thread] DEBUG Input                - Registered new binding: Interact / Confirm - E
08:55:43.098 [JavaFX Application Thread] DEBUG Input                - Registered new binding: RhythmLane0 - H
08:55:43.098 [JavaFX Application Thread] DEBUG Input                - Registered new binding: RhythmLane1 - J
08:55:43.098 [JavaFX Application Thread] DEBUG Input                - Registered new binding: RhythmLane2 - K
08:55:43.098 [JavaFX Application Thread] DEBUG Input                - Registered new binding: RhythmLane3 - L
08:55:43.098 [JavaFX Application Thread] DEBUG Input                - Registered new binding: RhythmStart - Space
08:55:43.099 [JavaFX Application Thread] DEBUG FXGLAssetLoaderServi - Loading from file system: jar:file:///C:/Users/Admin/.m2/repository/com/github/almasb/fxgl/21.1/fxgl-21.1.jar!/fxglassets/textures/fxgl_icon.png
08:55:43.113 [JavaFX Application Thread] DEBUG FXGLAssetLoaderServi - Loading from file system: jar:file:///C:/Users/Admin/.m2/repository/com/github/almasb/fxgl/21.1/fxgl-21.1.jar!/fxglassets/textures/fxgl_default_cursor.png
08:55:43.116 [JavaFX Application Thread] DEBUG Input                - Registered new binding: Screenshot - CTRL+8
08:55:43.117 [JavaFX Application Thread] DEBUG Input                - Registered new binding: System info dump - CTRL+9
08:55:43.117 [JavaFX Application Thread] DEBUG Input                - Registered new binding: Restart - CTRL+R
08:55:43.118 [JavaFX Application Thread] DEBUG Input                - Registered new binding: Toggle Debug Camera - CTRL+7
08:55:43.121 [JavaFX Application Thread] DEBUG LoopRunner           - Starting loop
08:55:43.121 [JavaFX Application Thread] DEBUG LoopRunner           - Initializing JavaFX AnimationTimerLoop
08:55:43.123 [JavaFX Application Thread] DEBUG Input                - Clearing active input actions
08:55:43.129 [JavaFX Application Thread] DEBUG GameApplicationServi - Removing overlay from FXGLStartupScene and adding to FXGLMainMenuDummyScene
08:55:43.129 [JavaFX Application Thread] DEBUG PrimaryStageWindow   - FXGLStartupScene -> FXGLMainMenuDummyScene
08:55:43.129 [JavaFX Application Thread] DEBUG PrimaryStageWindow   - Push state: FXGLDefaultMenu
08:55:43.138 [JavaFX Application Thread] DEBUG Input                - Clearing active input actions
08:55:43.144 [JavaFX Application Thread] DEBUG GameApplicationServi - Removing overlay from FXGLMainMenuDummyScene and adding to FXGLDefaultMenu
08:55:43.144 [JavaFX Application Thread] DEBUG PrimaryStageWindow   - FXGLMainMenuDummyScene -> FXGLDefaultMenu
08:55:43.151 [JavaFX Application Thread] DEBUG FXGLApplication      - Registering font factories with UI factory
08:55:45.759 [JavaFX Application Thread] DEBUG Menu                 - fireNewGame()
08:55:45.759 [JavaFX Application Thread] DEBUG GameApplicationServi - Starting new game
08:55:45.760 [JavaFX Application Thread] DEBUG PrimaryStageWindow   - Pop state: FXGLDefaultMenu
08:55:45.760 [JavaFX Application Thread] DEBUG Input                - Clearing active input actions
08:55:45.761 [JavaFX Application Thread] DEBUG GameApplicationServi - Removing overlay from FXGLDefaultMenu and adding to FXGLMainMenuDummyScene
08:55:45.761 [JavaFX Application Thread] DEBUG PrimaryStageWindow   - FXGLMainMenuDummyScene <- FXGLDefaultMenu
08:55:45.762 [JavaFX Application Thread] DEBUG Input                - Clearing active input actions
08:55:45.769 [JavaFX Application Thread] DEBUG GameApplicationServi - Removing overlay from FXGLMainMenuDummyScene and adding to FXGLLoadingScene
08:55:45.769 [JavaFX Application Thread] DEBUG PrimaryStageWindow   - FXGLMainMenuDummyScene -> FXGLLoadingScene
08:55:45.769 [JavaFX Application Thread] DEBUG GameApplicationServi - Clearing previous game
08:55:45.769 [JavaFX Application Thread] DEBUG GameScene            - Clearing game scene
08:55:45.770 [JavaFX Application Thread] DEBUG GameWorld            - Clearing game world
08:55:45.770 [JavaFX Application Thread] DEBUG PhysicsWorld         - Clearing physics world
08:55:45.772 [FXGL Background Thread 2 ] DEBUG FXGLApplication      - Initializing game
08:55:45.776 [FXGL Background Thread 2 ] WARN  FXGLAssetLoaderServi - Asset "/assets/sounds/sounds/hit.wav" was not found!
08:55:45.776 [FXGL Background Thread 2 ] WARN  FXGLAssetLoaderServi - Failed to load SOUND
08:55:45.778 [FXGL Background Thread 2 ] WARN  FXGLAssetLoaderServi - Asset "/assets/sounds/sounds/miss.wav" was not found!
08:55:45.778 [FXGL Background Thread 2 ] WARN  FXGLAssetLoaderServi - Failed to load SOUND
08:55:45.861 [FXGL Background Thread 2 ] WARN  TMXLevelLoader       - TiledMap generated from 1.11.0. Supported version: 1.9.0. Some features may not be parsed fully.
08:55:45.871 [FXGL Background Thread 2 ] DEBUG TMXLevelLoader       - Parsed TiledMap: file:/C:/Users/Admin/IdeaProjects/GitSomeSleep/Capstonee/target/classes/assets/levels/tmx/test.tmx
08:55:45.872 [FXGL Background Thread 2 ] DEBUG TMXLevelLoader       - Creating tile layer entities
08:55:45.874 [FXGL Background Thread 2 ] DEBUG TilesetLoader        - Loading view for layer Tile Layer 1
08:55:45.875 [FXGL Background Thread 2 ] DEBUG TilesetLoader        - Created buffer with size 320.0x320.0
08:55:45.883 [FXGL Background Thread 2 ] DEBUG TMXLevelLoader       - Creating object layer entities
08:55:45.904 [FXGL Background Thread 2 ] DEBUG GameWorld            - Clearing removable entities
08:55:45.905 [FXGL Background Thread 2 ] DEBUG GameWorld            - Setting level: com.almasb.fxgl.entity.level.Level@4bd8a90e
08:55:45.912 [FXGL Background Thread 2 ] WARN  FXGLAssetLoaderServi - Asset "/assets/textures/player.png" was not found!
08:55:45.913 [FXGL Background Thread 2 ] WARN  FXGLAssetLoaderServi - Failed to load IMAGE
08:55:45.939 [FXGL Background Thread 2 ] DEBUG FXGLAssetLoaderServi - Loading from file system: file:/C:/Users/Admin/IdeaProjects/GitSomeSleep/Capstonee/target/classes/assets/textures/background/bruh.jpg
08:55:45.962 [FXGL Background Thread 2 ] INFO  FXGLApplication      - Game initialization took: 0.190 sec
08:55:45.965 [JavaFX Application Thread] DEBUG Input                - Clearing active input actions
08:55:45.975 [JavaFX Application Thread] DEBUG GameApplicationServi - Removing overlay from FXGLLoadingScene and adding to GameScene
08:55:45.975 [JavaFX Application Thread] DEBUG PrimaryStageWindow   - FXGLLoadingScene -> GameScene
08:55:46.055 [FXGL Background Thread 3 ] DEBUG Engine               - Logging environment variables
08:55:46.056 [FXGL Background Thread 3 ] DEBUG Engine               - achievements: []
08:55:46.056 [FXGL Background Thread 3 ] DEBUG Engine               - actualHeight: 720.0
08:55:46.056 [FXGL Background Thread 3 ] DEBUG Engine               - actualHeightProperty: ReadOnlyDoubleProperty [value: 720.0]
08:55:46.056 [FXGL Background Thread 3 ] DEBUG Engine               - actualWidth: 1280.0
08:55:46.056 [FXGL Background Thread 3 ] DEBUG Engine               - actualWidthProperty: ReadOnlyDoubleProperty [value: 1280.0]
08:55:46.056 [FXGL Background Thread 3 ] DEBUG Engine               - appIcon: fxgl_icon.png
08:55:46.057 [FXGL Background Thread 3 ] DEBUG Engine               - applicationMode: DEVELOPER
08:55:46.057 [FXGL Background Thread 3 ] DEBUG Engine               - cSSList: [fxgl_dark.css]
08:55:46.057 [FXGL Background Thread 3 ] DEBUG Engine               - collisionDetectionStrategy: BRUTE_FORCE
08:55:46.057 [FXGL Background Thread 3 ] DEBUG Engine               - configClass: Optional.empty
08:55:46.057 [FXGL Background Thread 3 ] DEBUG Engine               - credits: []
08:55:46.058 [FXGL Background Thread 3 ] DEBUG Engine               - defaultCursor: CursorInfo(imageName=fxgl_default_cursor.png, hotspotX=7.0, hotspotY=6.0)
08:55:46.059 [FXGL Background Thread 3 ] DEBUG Engine               - devBBoxColorProperty: ObjectProperty [value: 0xff0000ff]
08:55:46.059 [FXGL Background Thread 3 ] DEBUG Engine               - devEnableDebugCameraProperty: BooleanProperty [value: false]
08:55:46.059 [FXGL Background Thread 3 ] DEBUG Engine               - devSensorColorProperty: ObjectProperty [value: 0xffff00ff]
08:55:46.059 [FXGL Background Thread 3 ] DEBUG Engine               - devShowBBoxProperty: BooleanProperty [value: false]
08:55:46.059 [FXGL Background Thread 3 ] DEBUG Engine               - devShowPositionProperty: BooleanProperty [value: false]
08:55:46.059 [FXGL Background Thread 3 ] DEBUG Engine               - enabledMenuItems: []
08:55:46.060 [FXGL Background Thread 3 ] DEBUG Engine               - engineServices: [class com.almasb.fxgl.app.services.FXGLAssetLoaderService, class com.almasb.fxgl.app.FXGLApplication$GameApplicationService, class com.almasb.fxgl.app.services.FXGLDialogService, class com.almasb.fxgl.app.services.IOTaskExecutorService, class com.almasb.fxgl.io.FileSystemService, class com.almasb.fxgl.localization.LocalizationService, class com.almasb.fxgl.app.services.SystemBundleService, class com.almasb.fxgl.profile.SaveLoadService, class com.almasb.fxgl.ui.FXGLUIFactoryServiceProvider, class com.almasb.fxgl.ui.FXGLDialogFactoryServiceProvider, class com.almasb.fxgl.audio.AudioPlayer, class com.almasb.fxgl.notification.impl.NotificationServiceProvider, class com.almasb.fxgl.achievement.AchievementService, class com.almasb.fxgl.cutscene.CutsceneService, class com.almasb.fxgl.minigames.MiniGameService, class com.almasb.fxgl.net.NetService, class com.almasb.fxgl.app.services.UpdaterService, class com.almasb.fxgl.dev.DevService]
08:55:46.060 [FXGL Background Thread 3 ] DEBUG Engine               - fontGame: Abel-Regular.ttf
08:55:46.060 [FXGL Background Thread 3 ] DEBUG Engine               - fontMono: TerminalLandMono-Regular.otf
08:55:46.061 [FXGL Background Thread 3 ] DEBUG Engine               - fontSizeScaleUI: 1.0
08:55:46.061 [FXGL Background Thread 3 ] DEBUG Engine               - fontText: Courier-Prime.ttf
08:55:46.061 [FXGL Background Thread 3 ] DEBUG Engine               - fontUI: VarelaRound-Regular.ttf
08:55:46.061 [FXGL Background Thread 3 ] DEBUG Engine               - fullScreen: BooleanProperty [value: false]
08:55:46.061 [FXGL Background Thread 3 ] DEBUG Engine               - gameDifficulty: MEDIUM
08:55:46.061 [FXGL Background Thread 3 ] DEBUG Engine               - gameDifficultyProperty: ObjectProperty [value: MEDIUM]
08:55:46.061 [FXGL Background Thread 3 ] DEBUG Engine               - globalMusicVolume: 0.5
08:55:46.061 [FXGL Background Thread 3 ] DEBUG Engine               - globalMusicVolumeProperty: DoubleProperty [value: 0.5]
08:55:46.061 [FXGL Background Thread 3 ] DEBUG Engine               - globalSoundVolume: 0.5
08:55:46.061 [FXGL Background Thread 3 ] DEBUG Engine               - globalSoundVolumeProperty: DoubleProperty [value: 0.5]
08:55:46.061 [FXGL Background Thread 3 ] DEBUG Engine               - height: 720
08:55:46.061 [FXGL Background Thread 3 ] DEBUG Engine               - is3D: false
08:55:46.061 [FXGL Background Thread 3 ] DEBUG Engine               - isAndroid: false
08:55:46.061 [FXGL Background Thread 3 ] DEBUG Engine               - isBrowser: false
08:55:46.061 [FXGL Background Thread 3 ] DEBUG Engine               - isClickFeedbackEnabled: false
08:55:46.061 [FXGL Background Thread 3 ] DEBUG Engine               - isCloseConfirmation: false
08:55:46.061 [FXGL Background Thread 3 ] DEBUG Engine               - isDesktop: true
08:55:46.062 [FXGL Background Thread 3 ] DEBUG Engine               - isDeveloperMenuEnabled: false
08:55:46.062 [FXGL Background Thread 3 ] DEBUG Engine               - isEmbedded: false
08:55:46.062 [FXGL Background Thread 3 ] DEBUG Engine               - isEntityPreloadEnabled: true
08:55:46.062 [FXGL Background Thread 3 ] DEBUG Engine               - isExperimentalTiledLargeMap: false
08:55:46.062 [FXGL Background Thread 3 ] DEBUG Engine               - isFileSystemWriteAllowed: true
08:55:46.062 [FXGL Background Thread 3 ] DEBUG Engine               - isFullScreenAllowed: false
08:55:46.062 [FXGL Background Thread 3 ] DEBUG Engine               - isFullScreenFromStart: false
08:55:46.062 [FXGL Background Thread 3 ] DEBUG Engine               - isGameMenuEnabled: true
08:55:46.062 [FXGL Background Thread 3 ] DEBUG Engine               - isIOS: false
08:55:46.062 [FXGL Background Thread 3 ] DEBUG Engine               - isIntroEnabled: false
08:55:46.062 [FXGL Background Thread 3 ] DEBUG Engine               - isLinux: false
08:55:46.062 [FXGL Background Thread 3 ] DEBUG Engine               - isMac: false
08:55:46.062 [FXGL Background Thread 3 ] DEBUG Engine               - isMainMenuEnabled: true
08:55:46.062 [FXGL Background Thread 3 ] DEBUG Engine               - isManualResizeEnabled: false
08:55:46.062 [FXGL Background Thread 3 ] DEBUG Engine               - isMobile: false
08:55:46.062 [FXGL Background Thread 3 ] DEBUG Engine               - isNative: false
08:55:46.062 [FXGL Background Thread 3 ] DEBUG Engine               - isPauseMusicWhenMinimized: true
08:55:46.062 [FXGL Background Thread 3 ] DEBUG Engine               - isPreserveResizeRatio: false
08:55:46.062 [FXGL Background Thread 3 ] DEBUG Engine               - isProfilingEnabled: false
08:55:46.062 [FXGL Background Thread 3 ] DEBUG Engine               - isScaleAffectedOnResize: true
08:55:46.062 [FXGL Background Thread 3 ] DEBUG Engine               - isSingleStep: false
08:55:46.063 [FXGL Background Thread 3 ] DEBUG Engine               - isUserProfileEnabled: false
08:55:46.063 [FXGL Background Thread 3 ] DEBUG Engine               - isWindows: true
08:55:46.063 [FXGL Background Thread 3 ] DEBUG Engine               - language: ObjectProperty [value: ENGLISH]
08:55:46.063 [FXGL Background Thread 3 ] DEBUG Engine               - menuKey: ESCAPE
08:55:46.063 [FXGL Background Thread 3 ] DEBUG Engine               - mouseSensitivity: 0.2
08:55:46.063 [FXGL Background Thread 3 ] DEBUG Engine               - notificationViewClass: class com.almasb.fxgl.notification.view.XboxNotificationView
08:55:46.063 [FXGL Background Thread 3 ] DEBUG Engine               - pixelsPerMeter: 50.0
08:55:46.063 [FXGL Background Thread 3 ] DEBUG Engine               - platform: WINDOWS
08:55:46.063 [FXGL Background Thread 3 ] DEBUG Engine               - prefHeightProperty: ReadOnlyDoubleProperty [value: 720.0]
08:55:46.063 [FXGL Background Thread 3 ] DEBUG Engine               - prefWidthProperty: ReadOnlyDoubleProperty [value: 1280.0]
08:55:46.063 [FXGL Background Thread 3 ] DEBUG Engine               - profileDir: profiles/
08:55:46.063 [FXGL Background Thread 3 ] DEBUG Engine               - profileName: StringProperty [value: DEFAULT]
08:55:46.063 [FXGL Background Thread 3 ] DEBUG Engine               - randomSeed: -1
08:55:46.064 [FXGL Background Thread 3 ] DEBUG Engine               - runtimeInfo: RuntimeInfo(platform=WINDOWS, version=21.1, build=27.03.2024 07.52)
08:55:46.064 [FXGL Background Thread 3 ] DEBUG Engine               - saveFileExt: sav
08:55:46.064 [FXGL Background Thread 3 ] DEBUG Engine               - scaledHeightProp$fxgl: DoubleProperty [bound, value: 720.0]
08:55:46.064 [FXGL Background Thread 3 ] DEBUG Engine               - scaledWidthProp$fxgl: DoubleProperty [bound, value: 1280.0]
08:55:46.064 [FXGL Background Thread 3 ] DEBUG Engine               - sceneFactory: com.almasb.fxgl.app.scene.SceneFactory@55eab0ec
08:55:46.064 [FXGL Background Thread 3 ] DEBUG Engine               - secondsIn24h: 60
08:55:46.064 [FXGL Background Thread 3 ] DEBUG Engine               - soundMenuBack: menu/back.wav
08:55:46.064 [FXGL Background Thread 3 ] DEBUG Engine               - soundMenuPress: menu/press.wav
08:55:46.064 [FXGL Background Thread 3 ] DEBUG Engine               - soundMenuSelect: menu/select.wav
08:55:46.064 [FXGL Background Thread 3 ] DEBUG Engine               - soundNotification: core/notification.wav
08:55:46.064 [FXGL Background Thread 3 ] DEBUG Engine               - stageStyle: DECORATED
08:55:46.064 [FXGL Background Thread 3 ] DEBUG Engine               - supportedLanguages: [ENGLISH, FRENCH, GERMAN, HUNGARIAN, RUSSIAN]
08:55:46.064 [FXGL Background Thread 3 ] DEBUG Engine               - ticksPerSecond: -1
08:55:46.064 [FXGL Background Thread 3 ] DEBUG Engine               - title: Platformer with Rhythm
08:55:46.064 [FXGL Background Thread 3 ] DEBUG Engine               - urlGithub: https://github.com/AlmasB/FXGL
08:55:46.064 [FXGL Background Thread 3 ] DEBUG Engine               - urlLeaderboard: http://fxgl-top.herokuapp.com/
08:55:46.064 [FXGL Background Thread 3 ] DEBUG Engine               - urlPOM: https://raw.githubusercontent.com/AlmasB/FXGL/release/README.md
08:55:46.064 [FXGL Background Thread 3 ] DEBUG Engine               - userAppClass: class org.example.capstonee.GameApp
08:55:46.065 [FXGL Background Thread 3 ] DEBUG Engine               - version: 0.2
08:55:46.065 [FXGL Background Thread 3 ] DEBUG Engine               - versionCheckDays: 7
08:55:46.065 [FXGL Background Thread 3 ] DEBUG Engine               - width: 1280
08:55:46.065 [FXGL Background Thread 3 ] DEBUG Engine               - Logging services
08:55:46.065 [FXGL Background Thread 3 ] DEBUG Engine               - class com.almasb.fxgl.app.services.FXGLAssetLoaderService
08:55:46.065 [FXGL Background Thread 3 ] DEBUG Engine               - class com.almasb.fxgl.app.FXGLApplication$GameApplicationService
08:55:46.065 [FXGL Background Thread 3 ] DEBUG Engine               - class com.almasb.fxgl.app.services.FXGLDialogService
08:55:46.065 [FXGL Background Thread 3 ] DEBUG Engine               - class com.almasb.fxgl.app.services.IOTaskExecutorService
08:55:46.065 [FXGL Background Thread 3 ] DEBUG Engine               - class com.almasb.fxgl.io.FileSystemService
08:55:46.065 [FXGL Background Thread 3 ] DEBUG Engine               - class com.almasb.fxgl.localization.LocalizationService
08:55:46.065 [FXGL Background Thread 3 ] DEBUG Engine               - class com.almasb.fxgl.app.services.SystemBundleService
08:55:46.065 [FXGL Background Thread 3 ] DEBUG Engine               - class com.almasb.fxgl.profile.SaveLoadService
08:55:46.065 [FXGL Background Thread 3 ] DEBUG Engine               - class com.almasb.fxgl.ui.FXGLUIFactoryServiceProvider
08:55:46.065 [FXGL Background Thread 3 ] DEBUG Engine               - class com.almasb.fxgl.ui.FXGLDialogFactoryServiceProvider
08:55:46.065 [FXGL Background Thread 3 ] DEBUG Engine               - class com.almasb.fxgl.audio.AudioPlayer
08:55:46.065 [FXGL Background Thread 3 ] DEBUG Engine               - class com.almasb.fxgl.notification.impl.NotificationServiceProvider
08:55:46.065 [FXGL Background Thread 3 ] DEBUG Engine               - class com.almasb.fxgl.achievement.AchievementService
08:55:46.065 [FXGL Background Thread 3 ] DEBUG Engine               - class com.almasb.fxgl.cutscene.CutsceneService
08:55:46.065 [FXGL Background Thread 3 ] DEBUG Engine               - class com.almasb.fxgl.minigames.MiniGameService
08:55:46.066 [FXGL Background Thread 3 ] DEBUG Engine               - class com.almasb.fxgl.net.NetService
08:55:46.066 [FXGL Background Thread 3 ] DEBUG Engine               - class com.almasb.fxgl.app.services.UpdaterService
08:55:46.066 [FXGL Background Thread 3 ] DEBUG Engine               - class com.almasb.fxgl.dev.DevService
08:55:48.330 [JavaFX Application Thread] DEBUG FXGLAssetLoaderServi - Loading from file system: file:/C:/Users/Admin/IdeaProjects/GitSomeSleep/Capstonee/target/classes/assets/text/gameCutscene_sample1.txt
08:55:48.336 [JavaFX Application Thread] DEBUG Input                - Registered new binding: Next RPG Line - Enter
08:55:48.337 [JavaFX Application Thread] WARN  FXGLAssetLoaderServi - Asset "/assets/textures/bruh.png" was not found!
08:55:48.337 [JavaFX Application Thread] WARN  FXGLAssetLoaderServi - Failed to load IMAGE
08:55:48.337 [JavaFX Application Thread] DEBUG PrimaryStageWindow   - Push state: CutsceneScene
08:55:48.338 [JavaFX Application Thread] DEBUG Input                - Clearing active input actions
08:55:48.338 [JavaFX Application Thread] DEBUG GameApplicationServi - Removing overlay from GameScene and adding to CutsceneScene
08:55:48.338 [JavaFX Application Thread] DEBUG PrimaryStageWindow   - GameScene -> CutsceneScene
08:55:49.018 [JavaFX Application Thread] DEBUG FXGLAssetLoaderServi - Loading from file system: file:/C:/Users/Admin/IdeaProjects/GitSomeSleep/Capstonee/target/classes/assets/textures/tuntunsahur.png
08:55:49.946 [JavaFX Application Thread] DEBUG PrimaryStageWindow   - Pop state: CutsceneScene
08:55:49.946 [JavaFX Application Thread] DEBUG Input                - Clearing active input actions
08:55:49.946 [JavaFX Application Thread] DEBUG GameApplicationServi - Removing overlay from CutsceneScene and adding to GameScene
08:55:49.946 [JavaFX Application Thread] DEBUG PrimaryStageWindow   - GameScene <- CutsceneScene
08:55:49.962 [JavaFX Application Thread] WARN  FXGLAssetLoaderServi - Asset "/assets/textures/your_rhythm_background.png" was not found!
08:55:49.962 [JavaFX Application Thread] WARN  FXGLAssetLoaderServi - Failed to load IMAGE
08:55:49.973 [JavaFX Application Thread] DEBUG FXGLAssetLoaderServi - Loading from file system: file:/C:/Users/Admin/IdeaProjects/GitSomeSleep/Capstonee/target/classes/assets/music/songs/desperato.wav
08:55:50.128 [JavaFX Application Thread] DEBUG FXGLAssetLoaderServi - Loading from file system: file:/C:/Users/Admin/IdeaProjects/GitSomeSleep/Capstonee/target/classes/assets/textures/notes/hilichurlhitmarker.png
08:55:51.090 [JavaFX Application Thread] DEBUG AudioPlayer          - Playing music com.almasb.fxgl.audio.Music@e8f8bfb
08:55:51.546 [JavaFX Application Thread] DEBUG FXGLAssetLoaderServi - Loading from file system: file:/C:/Users/Admin/IdeaProjects/GitSomeSleep/Capstonee/target/classes/assets/textures/markers/moranote.png
08:55:55.209 [JavaFX Application Thread] DEBUG FXGLAssetLoaderServi - Loading from file system: file:/C:/Users/Admin/IdeaProjects/GitSomeSleep/Capstonee/target/classes/assets/textures/particles/yellow_particle.png
08:56:01.386 [JavaFX Application Thread] DEBUG AudioPlayer          - Stopping music com.almasb.fxgl.audio.Music@e8f8bfb
08:56:02.313 [JavaFX Application Thread] DEBUG PrimaryStageWindow   - Push state: FXGLDefaultMenu
08:56:02.313 [JavaFX Application Thread] DEBUG Input                - Clearing active input actions
08:56:02.314 [JavaFX Application Thread] DEBUG GameApplicationServi - Removing overlay from GameScene and adding to FXGLDefaultMenu
08:56:02.314 [JavaFX Application Thread] DEBUG PrimaryStageWindow   - GameScene -> FXGLDefaultMenu
08:56:02.822 [JavaFX Application Thread] DEBUG PrimaryStageWindow   - Pop state: FXGLDefaultMenu
08:56:02.822 [JavaFX Application Thread] DEBUG Input                - Clearing active input actions
08:56:02.823 [JavaFX Application Thread] DEBUG GameApplicationServi - Removing overlay from FXGLDefaultMenu and adding to GameScene
08:56:02.823 [JavaFX Application Thread] DEBUG PrimaryStageWindow   - GameScene <- FXGLDefaultMenu
08:56:03.904 [JavaFX Application Thread] DEBUG FXGLApplication      - Exiting FXGL
08:56:03.904 [JavaFX Application Thread] DEBUG LoopRunner           - Stopping loop
08:56:03.904 [JavaFX Application Thread] DEBUG SystemBundleService  - Saving FXGL system data
08:56:03.906 [JavaFX Application Thread] DEBUG FileSystemAccess     - Writing to: C:\Users\Admin\IdeaProjects\GitSomeSleep\system\fxgl.bundle
08:56:03.908 [JavaFX Application Thread] DEBUG Async                - Shutting down background threads
08:56:03.908 [JavaFX Application Thread] DEBUG PrimaryStageWindow   - Closing main window
08:56:03.928 [JavaFX Application Thread] DEBUG Logger               - Closing Logger
