18:28:07.831 [main                     ] DEBUG Logger               - Configured Logger
18:28:07.842 [main                     ] DEBUG GameApplication      - Logging settings
Title: Platformer with Rhythm
Version: 0.2
Width: 1280
Height: 720
Fullscreen: false
Intro: false
Profiling: false
Single step:false
App Mode: DEVELOPER
Menu Key: ESCAPE
Stage Style: DECORATED
Scene Factory: class com.almasb.fxgl.app.scene.SceneFactory

18:28:08.709 [JavaFX Application Thread] DEBUG FXGLApplication      - Initializing FXGL
18:28:08.711 [JavaFX Application Thread] INFO  Engine               - FXGL-21.1 (27.03.2024 07.52) on MAC (J:23 FX:22.0.1)
18:28:08.711 [JavaFX Application Thread] DEBUG Engine               - JRE Vendor Name: Oracle Corporation
18:28:08.711 [JavaFX Application Thread] DEBUG Engine               - Running on OS: Mac OS X version 15.3.2
18:28:08.711 [JavaFX Application Thread] DEBUG Engine               - Architecture: aarch64
18:28:08.711 [JavaFX Application Thread] INFO  Engine               - Source code and latest versions at: https://github.com/AlmasB/FXGL
18:28:08.711 [JavaFX Application Thread] INFO  Engine               -       Ask questions and discuss at: https://github.com/AlmasB/FXGL/discussions
18:28:08.711 [JavaFX Application Thread] INFO  Engine               -              Join the FXGL chat at: https://gitter.im/AlmasB/FXGL
18:28:08.754 [JavaFX Application Thread] DEBUG PrimaryStageWindow   - Creating a JavaFX scene
18:28:08.772 [JavaFX Application Thread] DEBUG PrimaryStageWindow   - Target settings size: 1280.0 x 720.0
18:28:08.772 [JavaFX Application Thread] DEBUG PrimaryStageWindow   - Scaled scene size:    1280.0 x 720.0
18:28:08.772 [JavaFX Application Thread] DEBUG PrimaryStageWindow   - Scaled ratio: (1.0, 1.0)
18:28:08.772 [JavaFX Application Thread] DEBUG PrimaryStageWindow   - Set initial scene to FXGLStartupScene
18:28:08.773 [JavaFX Application Thread] DEBUG PrimaryStageWindow   - Opening main window
18:28:08.855 [JavaFX Application Thread] DEBUG PrimaryStageWindow   - Window border size: (0.0, 28.0)
18:28:08.855 [JavaFX Application Thread] DEBUG PrimaryStageWindow   - Scaled size: 1280.0 x 720.0
18:28:08.855 [JavaFX Application Thread] DEBUG PrimaryStageWindow   - Scaled ratio: (1.0, 1.0)
18:28:08.855 [JavaFX Application Thread] DEBUG PrimaryStageWindow   - Scene size: 1280.0 x 720.0
18:28:08.855 [JavaFX Application Thread] DEBUG PrimaryStageWindow   - Stage size: 1280.0 x 748.0
18:28:08.858 [FXGL Background Thread 1 ] DEBUG Engine               - Initializing environment variables
18:28:08.888 [FXGL Background Thread 1 ] DEBUG FXGLAssetLoaderServi - User app class for loading assets: class org.example.capstonee.GameApp
18:28:08.888 [FXGL Background Thread 1 ] DEBUG GameApplicationServi - Applying CSS: fxgl_dark.css
18:28:08.889 [FXGL Background Thread 1 ] DEBUG FXGLAssetLoaderServi - Loading from file system: jar:file:///Users/ajaxestela/.m2/repository/com/github/almasb/fxgl/21.1/fxgl-21.1.jar!/fxglassets/ui/css/fxgl_dark.css
18:28:08.918 [FXGL Background Thread 1 ] DEBUG GameApplicationServi - Initializing application scenes
18:28:09.030 [FXGL Background Thread 1 ] DEBUG GameWorld            - Game world initialized
18:28:09.055 [FXGL Background Thread 1 ] DEBUG PhysicsWorld         - Physics world initialized: appHeight=720, physics.ppm=50.0
18:28:09.055 [FXGL Background Thread 1 ] DEBUG PhysicsWorld         - Using strategy: BRUTE_FORCE
18:28:09.057 [FXGL Background Thread 1 ] DEBUG GameScene            - Game scene initialized: 1280x720
18:28:09.061 [FXGL Background Thread 1 ] DEBUG FXGL.DefaultMenu     - createMenuBodyMainMenu()
18:28:09.070 [FXGL Background Thread 1 ] DEBUG FXGL.DefaultMenu     - createOptionsMenu()
18:28:09.074 [FXGL Background Thread 1 ] DEBUG FXGLAssetLoaderServi - Loading from file system: jar:file:///Users/ajaxestela/.m2/repository/com/github/almasb/fxgl/21.1/fxgl-21.1.jar!/fxglassets/textures/particles/smoke.png
18:28:09.112 [FXGL Background Thread 1 ] DEBUG FXGLAssetLoaderServi - Loading from file system: jar:file:///Users/ajaxestela/.m2/repository/com/github/almasb/fxgl/21.1/fxgl-21.1.jar!/fxglassets/textures/particles/trace_horizontal.png
18:28:09.124 [FXGL Background Thread 1 ] DEBUG FXGL.DefaultMenu     - createMenuBodyGameMenu()
18:28:09.124 [FXGL Background Thread 1 ] DEBUG FXGL.DefaultMenu     - createOptionsMenu()
18:28:09.132 [FXGL Background Thread 1 ] DEBUG GameApplicationServi - Application scenes initialized
18:28:09.137 [FXGL Background Thread 1 ] DEBUG SystemBundleService  - Loading FXGL system data
18:28:09.139 [FXGL Background Thread 1 ] DEBUG FileSystemAccess     - Reading from: /Users/ajaxestela/IdeaProjects/GitSomeSleep/system/fxgl.bundle
18:28:09.142 [FXGL Background Thread 1 ] DEBUG SystemBundleService  - Bundle FXGL: {}
18:28:09.142 [FXGL Background Thread 1 ] DEBUG UpdaterService       - Checking for updates
18:28:09.143 [FXGL Background Thread 4 ] DEBUG FXGLApplication      - Loading fonts
18:28:09.144 [FXGL Background Thread 1 ] DEBUG FXGLApplication      - Loading default localization
18:28:09.144 [FXGL Background Thread 4 ] DEBUG FXGLAssetLoaderServi - Loading from file system: jar:file:///Users/ajaxestela/.m2/repository/com/github/almasb/fxgl/21.1/fxgl-21.1.jar!/fxglassets/ui/fonts/VarelaRound-Regular.ttf
18:28:09.144 [FXGL Background Thread 1 ] DEBUG FXGLAssetLoaderServi - Loading from file system: jar:file:///Users/ajaxestela/.m2/repository/com/github/almasb/fxgl/21.1/fxgl-21.1.jar!/fxglassets/languages/english.lang
18:28:09.153 [FXGL Background Thread 1 ] INFO  FXGLApplication      - FXGL initialization took: 0.294 sec
18:28:09.155 [FXGL Background Thread 4 ] DEBUG FXGLAssetLoaderServi - Loading from file system: jar:file:///Users/ajaxestela/.m2/repository/com/github/almasb/fxgl/21.1/fxgl-21.1.jar!/fxglassets/ui/fonts/Abel-Regular.ttf
18:28:09.156 [FXGL Background Thread 4 ] DEBUG FXGLAssetLoaderServi - Loading from file system: jar:file:///Users/ajaxestela/.m2/repository/com/github/almasb/fxgl/21.1/fxgl-21.1.jar!/fxglassets/ui/fonts/TerminalLandMono-Regular.otf
18:28:09.156 [JavaFX Application Thread] DEBUG Input                - Registered new binding: Left - A
18:28:09.156 [JavaFX Application Thread] DEBUG Input                - Registered new binding: Right - D
18:28:09.156 [JavaFX Application Thread] DEBUG Input                - Registered new binding: Jump - W
18:28:09.156 [JavaFX Application Thread] DEBUG Input                - Registered new binding: Interact / Confirm - E
18:28:09.157 [JavaFX Application Thread] DEBUG Input                - Registered new binding: RhythmLane0 - H
18:28:09.157 [JavaFX Application Thread] DEBUG Input                - Registered new binding: RhythmLane1 - J
18:28:09.157 [JavaFX Application Thread] DEBUG Input                - Registered new binding: RhythmLane2 - K
18:28:09.157 [JavaFX Application Thread] DEBUG Input                - Registered new binding: RhythmLane3 - L
18:28:09.157 [JavaFX Application Thread] DEBUG Input                - Registered new binding: RhythmStart - Space
18:28:09.157 [JavaFX Application Thread] DEBUG FXGLAssetLoaderServi - Loading from file system: jar:file:///Users/ajaxestela/.m2/repository/com/github/almasb/fxgl/21.1/fxgl-21.1.jar!/fxglassets/textures/fxgl_icon.png
18:28:09.162 [FXGL Background Thread 4 ] DEBUG FXGLAssetLoaderServi - Loading from file system: jar:file:///Users/ajaxestela/.m2/repository/com/github/almasb/fxgl/21.1/fxgl-21.1.jar!/fxglassets/ui/fonts/Courier-Prime.ttf
18:28:09.176 [JavaFX Application Thread] DEBUG FXGLAssetLoaderServi - Loading from file system: jar:file:///Users/ajaxestela/.m2/repository/com/github/almasb/fxgl/21.1/fxgl-21.1.jar!/fxglassets/textures/fxgl_default_cursor.png
18:28:09.177 [JavaFX Application Thread] DEBUG Input                - Registered new binding: Screenshot - CTRL+8
18:28:09.177 [JavaFX Application Thread] DEBUG Input                - Registered new binding: System info dump - CTRL+9
18:28:09.177 [JavaFX Application Thread] DEBUG Input                - Registered new binding: Restart - CTRL+R
18:28:09.177 [JavaFX Application Thread] DEBUG Input                - Registered new binding: Toggle Debug Camera - CTRL+7
18:28:09.178 [JavaFX Application Thread] DEBUG LoopRunner           - Starting loop
18:28:09.178 [JavaFX Application Thread] DEBUG LoopRunner           - Initializing JavaFX AnimationTimerLoop
18:28:09.179 [JavaFX Application Thread] DEBUG Input                - Clearing active input actions
18:28:09.181 [JavaFX Application Thread] DEBUG GameApplicationServi - Removing overlay from FXGLStartupScene and adding to FXGLMainMenuDummyScene
18:28:09.182 [JavaFX Application Thread] DEBUG PrimaryStageWindow   - FXGLStartupScene -> FXGLMainMenuDummyScene
18:28:09.182 [JavaFX Application Thread] DEBUG PrimaryStageWindow   - Push state: FXGLDefaultMenu
18:28:09.183 [JavaFX Application Thread] DEBUG Input                - Clearing active input actions
18:28:09.186 [JavaFX Application Thread] DEBUG GameApplicationServi - Removing overlay from FXGLMainMenuDummyScene and adding to FXGLDefaultMenu
18:28:09.187 [JavaFX Application Thread] DEBUG PrimaryStageWindow   - FXGLMainMenuDummyScene -> FXGLDefaultMenu
18:28:09.202 [JavaFX Application Thread] DEBUG FXGLApplication      - Registering font factories with UI factory
18:28:10.144 [JavaFX Application Thread] DEBUG Menu                 - fireNewGame()
18:28:10.144 [JavaFX Application Thread] DEBUG GameApplicationServi - Starting new game
18:28:10.144 [JavaFX Application Thread] DEBUG PrimaryStageWindow   - Pop state: FXGLDefaultMenu
18:28:10.145 [JavaFX Application Thread] DEBUG Input                - Clearing active input actions
18:28:10.145 [JavaFX Application Thread] DEBUG GameApplicationServi - Removing overlay from FXGLDefaultMenu and adding to FXGLMainMenuDummyScene
18:28:10.145 [JavaFX Application Thread] DEBUG PrimaryStageWindow   - FXGLMainMenuDummyScene <- FXGLDefaultMenu
18:28:10.145 [JavaFX Application Thread] DEBUG Input                - Clearing active input actions
18:28:10.148 [JavaFX Application Thread] DEBUG GameApplicationServi - Removing overlay from FXGLMainMenuDummyScene and adding to FXGLLoadingScene
18:28:10.148 [JavaFX Application Thread] DEBUG PrimaryStageWindow   - FXGLMainMenuDummyScene -> FXGLLoadingScene
18:28:10.148 [JavaFX Application Thread] DEBUG GameApplicationServi - Clearing previous game
18:28:10.148 [JavaFX Application Thread] DEBUG GameScene            - Clearing game scene
18:28:10.148 [JavaFX Application Thread] DEBUG GameWorld            - Clearing game world
18:28:10.148 [JavaFX Application Thread] DEBUG PhysicsWorld         - Clearing physics world
18:28:10.148 [FXGL Background Thread 2 ] DEBUG FXGLApplication      - Initializing game
18:28:10.149 [FXGL Background Thread 2 ] WARN  FXGLAssetLoaderServi - Asset "/assets/sounds/sounds/hit.wav" was not found!
18:28:10.149 [FXGL Background Thread 2 ] WARN  FXGLAssetLoaderServi - Failed to load SOUND
18:28:10.150 [FXGL Background Thread 2 ] WARN  FXGLAssetLoaderServi - Asset "/assets/sounds/sounds/miss.wav" was not found!
18:28:10.150 [FXGL Background Thread 2 ] WARN  FXGLAssetLoaderServi - Failed to load SOUND
18:28:10.158 [JavaFX Application Thread] DEBUG LoopRunner           - Stopping loop
18:28:10.158 [JavaFX Application Thread] FATAL FXGLApplication      - Uncaught Exception:
java.lang.RuntimeException: Initialization failed
	at com.almasb.fxgl.all@21.1/com.almasb.fxgl.app.FXGLApplication$InitAppTask.failed(FXGLApplication.kt:347)
	at javafx.graphics@22.0.1/javafx.concurrent.Task.setState(Task.java:710)
	at javafx.graphics@22.0.1/javafx.concurrent.Task$TaskCallable.lambda$call$2(Task.java:1429)
	at javafx.graphics@22.0.1/com.sun.javafx.application.PlatformImpl.lambda$runLater$10(PlatformImpl.java:456)
	at java.base/java.security.AccessController.doPrivileged(AccessController.java:400)
	at javafx.graphics@22.0.1/com.sun.javafx.application.PlatformImpl.lambda$runLater$11(PlatformImpl.java:455)
	at javafx.graphics@22.0.1/com.sun.glass.ui.InvokeLaterDispatcher$Future.run(InvokeLaterDispatcher.java:95)
Caused by: java.lang.IllegalArgumentException: Duplicated @Spawns(background) in org.example.capstonee.LiyueMapFactory@1d84bba5. Already exists in org.example.capstonee.MapFactory@5969d687=[interactionZone, npc, background, player, platform]
	at com.almasb.fxgl.entity@21.1/com.almasb.fxgl.entity.GameWorld.checkDuplicateSpawners(GameWorld.kt:341)
	at com.almasb.fxgl.entity@21.1/com.almasb.fxgl.entity.GameWorld.access$checkDuplicateSpawners(GameWorld.kt:35)
	at com.almasb.fxgl.entity@21.1/com.almasb.fxgl.entity.GameWorld$addEntityFactory$1.invoke(GameWorld.kt:314)
	at com.almasb.fxgl.entity@21.1/com.almasb.fxgl.entity.GameWorld$addEntityFactory$1.invoke(GameWorld.kt:310)
	at com.almasb.fxgl.entity@21.1/com.almasb.fxgl.entity.GameWorld.addEntityFactory$lambda$8(GameWorld.kt:310)
	at java.base/java.util.HashMap.forEach(HashMap.java:1430)
	at com.almasb.fxgl.entity@21.1/com.almasb.fxgl.entity.GameWorld.addEntityFactory(GameWorld.kt:310)
	at org.example.capstonee/org.example.capstonee.GameApp.initGame(GameApp.java:191)
	at com.almasb.fxgl.all@21.1/com.almasb.fxgl.app.FXGLApplication$InitAppTask.initGame(FXGLApplication.kt:343)
	at com.almasb.fxgl.all@21.1/com.almasb.fxgl.app.FXGLApplication$InitAppTask.call(FXGLApplication.kt:321)
	at com.almasb.fxgl.all@21.1/com.almasb.fxgl.app.FXGLApplication$InitAppTask.call(FXGLApplication.kt:313)
	at javafx.graphics@22.0.1/javafx.concurrent.Task$TaskCallable.call(Task.java:1399)
	at java.base/java.util.concurrent.FutureTask.run(FutureTask.java:317)
	at java.base/java.util.concurrent.Executors$RunnableAdapter.call(Executors.java:572)
	at java.base/java.util.concurrent.FutureTask.run(FutureTask.java:317)
	at java.base/java.util.concurrent.ThreadPoolExecutor.runWorker(ThreadPoolExecutor.java:1144)
	at java.base/java.util.concurrent.ThreadPoolExecutor$Worker.run(ThreadPoolExecutor.java:642)
	at java.base/java.lang.Thread.run(Thread.java:1575)

18:28:10.158 [JavaFX Application Thread] FATAL FXGLApplication      - Application will now exit
18:28:10.165 [JavaFX Application Thread] DEBUG PrimaryStageWindow   - Push state: ErrorSubScene
18:28:10.165 [JavaFX Application Thread] DEBUG Input                - Clearing active input actions
18:28:10.166 [JavaFX Application Thread] DEBUG GameApplicationServi - Removing overlay from FXGLLoadingScene and adding to ErrorSubScene
18:28:10.166 [JavaFX Application Thread] DEBUG PrimaryStageWindow   - FXGLLoadingScene -> ErrorSubScene
18:28:12.148 [FXGL Background Thread 3 ] DEBUG Engine               - Logging environment variables
18:28:12.150 [FXGL Background Thread 3 ] DEBUG Engine               - achievements: []
18:28:12.150 [FXGL Background Thread 3 ] DEBUG Engine               - actualHeight: 720.0
18:28:12.150 [FXGL Background Thread 3 ] DEBUG Engine               - actualHeightProperty: ReadOnlyDoubleProperty [value: 720.0]
18:28:12.151 [FXGL Background Thread 3 ] DEBUG Engine               - actualWidth: 1280.0
18:28:12.152 [FXGL Background Thread 3 ] DEBUG Engine               - actualWidthProperty: ReadOnlyDoubleProperty [value: 1280.0]
18:28:12.152 [FXGL Background Thread 3 ] DEBUG Engine               - appIcon: fxgl_icon.png
18:28:12.152 [FXGL Background Thread 3 ] DEBUG Engine               - applicationMode: DEVELOPER
18:28:12.152 [FXGL Background Thread 3 ] DEBUG Engine               - cSSList: [fxgl_dark.css]
18:28:12.152 [FXGL Background Thread 3 ] DEBUG Engine               - collisionDetectionStrategy: BRUTE_FORCE
18:28:12.153 [FXGL Background Thread 3 ] DEBUG Engine               - configClass: Optional.empty
18:28:12.153 [FXGL Background Thread 3 ] DEBUG Engine               - credits: []
18:28:12.153 [FXGL Background Thread 3 ] DEBUG Engine               - defaultCursor: CursorInfo(imageName=fxgl_default_cursor.png, hotspotX=7.0, hotspotY=6.0)
18:28:12.153 [FXGL Background Thread 3 ] DEBUG Engine               - devBBoxColorProperty: ObjectProperty [value: 0xff0000ff]
18:28:12.154 [FXGL Background Thread 3 ] DEBUG Engine               - devEnableDebugCameraProperty: BooleanProperty [value: false]
18:28:12.154 [FXGL Background Thread 3 ] DEBUG Engine               - devSensorColorProperty: ObjectProperty [value: 0xffff00ff]
18:28:12.154 [FXGL Background Thread 3 ] DEBUG Engine               - devShowBBoxProperty: BooleanProperty [value: false]
18:28:12.154 [FXGL Background Thread 3 ] DEBUG Engine               - devShowPositionProperty: BooleanProperty [value: false]
18:28:12.154 [FXGL Background Thread 3 ] DEBUG Engine               - enabledMenuItems: []
18:28:12.154 [FXGL Background Thread 3 ] DEBUG Engine               - engineServices: [class com.almasb.fxgl.app.services.FXGLAssetLoaderService, class com.almasb.fxgl.app.FXGLApplication$GameApplicationService, class com.almasb.fxgl.app.services.FXGLDialogService, class com.almasb.fxgl.app.services.IOTaskExecutorService, class com.almasb.fxgl.io.FileSystemService, class com.almasb.fxgl.localization.LocalizationService, class com.almasb.fxgl.app.services.SystemBundleService, class com.almasb.fxgl.profile.SaveLoadService, class com.almasb.fxgl.ui.FXGLUIFactoryServiceProvider, class com.almasb.fxgl.ui.FXGLDialogFactoryServiceProvider, class com.almasb.fxgl.audio.AudioPlayer, class com.almasb.fxgl.notification.impl.NotificationServiceProvider, class com.almasb.fxgl.achievement.AchievementService, class com.almasb.fxgl.cutscene.CutsceneService, class com.almasb.fxgl.minigames.MiniGameService, class com.almasb.fxgl.net.NetService, class com.almasb.fxgl.app.services.UpdaterService, class com.almasb.fxgl.dev.DevService]
18:28:12.154 [FXGL Background Thread 3 ] DEBUG Engine               - fontGame: Abel-Regular.ttf
18:28:12.154 [FXGL Background Thread 3 ] DEBUG Engine               - fontMono: TerminalLandMono-Regular.otf
18:28:12.154 [FXGL Background Thread 3 ] DEBUG Engine               - fontSizeScaleUI: 1.0
18:28:12.154 [FXGL Background Thread 3 ] DEBUG Engine               - fontText: Courier-Prime.ttf
18:28:12.154 [FXGL Background Thread 3 ] DEBUG Engine               - fontUI: VarelaRound-Regular.ttf
18:28:12.154 [FXGL Background Thread 3 ] DEBUG Engine               - fullScreen: BooleanProperty [value: false]
18:28:12.154 [FXGL Background Thread 3 ] DEBUG Engine               - gameDifficulty: MEDIUM
18:28:12.154 [FXGL Background Thread 3 ] DEBUG Engine               - gameDifficultyProperty: ObjectProperty [value: MEDIUM]
18:28:12.155 [FXGL Background Thread 3 ] DEBUG Engine               - globalMusicVolume: 0.5
18:28:12.155 [FXGL Background Thread 3 ] DEBUG Engine               - globalMusicVolumeProperty: DoubleProperty [value: 0.5]
18:28:12.155 [FXGL Background Thread 3 ] DEBUG Engine               - globalSoundVolume: 0.5
18:28:12.155 [FXGL Background Thread 3 ] DEBUG Engine               - globalSoundVolumeProperty: DoubleProperty [value: 0.5]
18:28:12.155 [FXGL Background Thread 3 ] DEBUG Engine               - height: 720
18:28:12.155 [FXGL Background Thread 3 ] DEBUG Engine               - is3D: false
18:28:12.155 [FXGL Background Thread 3 ] DEBUG Engine               - isAndroid: false
18:28:12.155 [FXGL Background Thread 3 ] DEBUG Engine               - isBrowser: false
18:28:12.155 [FXGL Background Thread 3 ] DEBUG Engine               - isClickFeedbackEnabled: false
18:28:12.155 [FXGL Background Thread 3 ] DEBUG Engine               - isCloseConfirmation: false
18:28:12.155 [FXGL Background Thread 3 ] DEBUG Engine               - isDesktop: true
18:28:12.155 [FXGL Background Thread 3 ] DEBUG Engine               - isDeveloperMenuEnabled: false
18:28:12.155 [FXGL Background Thread 3 ] DEBUG Engine               - isEmbedded: false
18:28:12.155 [FXGL Background Thread 3 ] DEBUG Engine               - isEntityPreloadEnabled: true
18:28:12.155 [FXGL Background Thread 3 ] DEBUG Engine               - isExperimentalTiledLargeMap: false
18:28:12.156 [FXGL Background Thread 3 ] DEBUG Engine               - isFileSystemWriteAllowed: true
18:28:12.156 [FXGL Background Thread 3 ] DEBUG Engine               - isFullScreenAllowed: false
18:28:12.156 [FXGL Background Thread 3 ] DEBUG Engine               - isFullScreenFromStart: false
18:28:12.156 [FXGL Background Thread 3 ] DEBUG Engine               - isGameMenuEnabled: true
18:28:12.156 [FXGL Background Thread 3 ] DEBUG Engine               - isIOS: false
18:28:12.156 [FXGL Background Thread 3 ] DEBUG Engine               - isIntroEnabled: false
18:28:12.156 [FXGL Background Thread 3 ] DEBUG Engine               - isLinux: false
18:28:12.156 [FXGL Background Thread 3 ] DEBUG Engine               - isMac: true
18:28:12.157 [FXGL Background Thread 3 ] DEBUG Engine               - isMainMenuEnabled: true
18:28:12.157 [FXGL Background Thread 3 ] DEBUG Engine               - isManualResizeEnabled: false
18:28:12.157 [FXGL Background Thread 3 ] DEBUG Engine               - isMobile: false
18:28:12.157 [FXGL Background Thread 3 ] DEBUG Engine               - isNative: false
18:28:12.157 [FXGL Background Thread 3 ] DEBUG Engine               - isPauseMusicWhenMinimized: true
18:28:12.157 [FXGL Background Thread 3 ] DEBUG Engine               - isPreserveResizeRatio: false
18:28:12.157 [FXGL Background Thread 3 ] DEBUG Engine               - isProfilingEnabled: false
18:28:12.157 [FXGL Background Thread 3 ] DEBUG Engine               - isScaleAffectedOnResize: true
18:28:12.157 [FXGL Background Thread 3 ] DEBUG Engine               - isSingleStep: false
18:28:12.157 [FXGL Background Thread 3 ] DEBUG Engine               - isUserProfileEnabled: false
18:28:12.157 [FXGL Background Thread 3 ] DEBUG Engine               - isWindows: false
18:28:12.157 [FXGL Background Thread 3 ] DEBUG Engine               - language: ObjectProperty [value: ENGLISH]
18:28:12.157 [FXGL Background Thread 3 ] DEBUG Engine               - menuKey: ESCAPE
18:28:12.157 [FXGL Background Thread 3 ] DEBUG Engine               - mouseSensitivity: 0.2
18:28:12.157 [FXGL Background Thread 3 ] DEBUG Engine               - notificationViewClass: class com.almasb.fxgl.notification.view.XboxNotificationView
18:28:12.158 [FXGL Background Thread 3 ] DEBUG Engine               - pixelsPerMeter: 50.0
18:28:12.158 [FXGL Background Thread 3 ] DEBUG Engine               - platform: MAC
18:28:12.158 [FXGL Background Thread 3 ] DEBUG Engine               - prefHeightProperty: ReadOnlyDoubleProperty [value: 720.0]
18:28:12.158 [FXGL Background Thread 3 ] DEBUG Engine               - prefWidthProperty: ReadOnlyDoubleProperty [value: 1280.0]
18:28:12.158 [FXGL Background Thread 3 ] DEBUG Engine               - profileDir: profiles/
18:28:12.158 [FXGL Background Thread 3 ] DEBUG Engine               - profileName: StringProperty [value: DEFAULT]
18:28:12.158 [FXGL Background Thread 3 ] DEBUG Engine               - randomSeed: -1
18:28:12.159 [FXGL Background Thread 3 ] DEBUG Engine               - runtimeInfo: RuntimeInfo(platform=MAC, version=21.1, build=27.03.2024 07.52)
18:28:12.159 [FXGL Background Thread 3 ] DEBUG Engine               - saveFileExt: sav
18:28:12.159 [FXGL Background Thread 3 ] DEBUG Engine               - scaledHeightProp$fxgl: DoubleProperty [bound, value: 720.0]
18:28:12.159 [FXGL Background Thread 3 ] DEBUG Engine               - scaledWidthProp$fxgl: DoubleProperty [bound, value: 1280.0]
18:28:12.159 [FXGL Background Thread 3 ] DEBUG Engine               - sceneFactory: com.almasb.fxgl.app.scene.SceneFactory@2c1ce715
18:28:12.159 [FXGL Background Thread 3 ] DEBUG Engine               - secondsIn24h: 60
18:28:12.159 [FXGL Background Thread 3 ] DEBUG Engine               - soundMenuBack: menu/back.wav
18:28:12.160 [FXGL Background Thread 3 ] DEBUG Engine               - soundMenuPress: menu/press.wav
18:28:12.160 [FXGL Background Thread 3 ] DEBUG Engine               - soundMenuSelect: menu/select.wav
18:28:12.160 [FXGL Background Thread 3 ] DEBUG Engine               - soundNotification: core/notification.wav
18:28:12.160 [FXGL Background Thread 3 ] DEBUG Engine               - stageStyle: DECORATED
18:28:12.160 [FXGL Background Thread 3 ] DEBUG Engine               - supportedLanguages: [ENGLISH, FRENCH, GERMAN, HUNGARIAN, RUSSIAN]
18:28:12.160 [FXGL Background Thread 3 ] DEBUG Engine               - ticksPerSecond: -1
18:28:12.160 [FXGL Background Thread 3 ] DEBUG Engine               - title: Platformer with Rhythm
18:28:12.160 [FXGL Background Thread 3 ] DEBUG Engine               - urlGithub: https://github.com/AlmasB/FXGL
18:28:12.160 [FXGL Background Thread 3 ] DEBUG Engine               - urlLeaderboard: http://fxgl-top.herokuapp.com/
18:28:12.160 [FXGL Background Thread 3 ] DEBUG Engine               - urlPOM: https://raw.githubusercontent.com/AlmasB/FXGL/release/README.md
18:28:12.160 [FXGL Background Thread 3 ] DEBUG Engine               - userAppClass: class org.example.capstonee.GameApp
18:28:12.160 [FXGL Background Thread 3 ] DEBUG Engine               - version: 0.2
18:28:12.160 [FXGL Background Thread 3 ] DEBUG Engine               - versionCheckDays: 7
18:28:12.160 [FXGL Background Thread 3 ] DEBUG Engine               - width: 1280
18:28:12.160 [FXGL Background Thread 3 ] DEBUG Engine               - Logging services
18:28:12.160 [FXGL Background Thread 3 ] DEBUG Engine               - class com.almasb.fxgl.app.services.FXGLAssetLoaderService
18:28:12.160 [FXGL Background Thread 3 ] DEBUG Engine               - class com.almasb.fxgl.app.FXGLApplication$GameApplicationService
18:28:12.160 [FXGL Background Thread 3 ] DEBUG Engine               - class com.almasb.fxgl.app.services.FXGLDialogService
18:28:12.160 [FXGL Background Thread 3 ] DEBUG Engine               - class com.almasb.fxgl.app.services.IOTaskExecutorService
18:28:12.161 [FXGL Background Thread 3 ] DEBUG Engine               - class com.almasb.fxgl.io.FileSystemService
18:28:12.161 [FXGL Background Thread 3 ] DEBUG Engine               - class com.almasb.fxgl.localization.LocalizationService
18:28:12.161 [FXGL Background Thread 3 ] DEBUG Engine               - class com.almasb.fxgl.app.services.SystemBundleService
18:28:12.161 [FXGL Background Thread 3 ] DEBUG Engine               - class com.almasb.fxgl.profile.SaveLoadService
18:28:12.161 [FXGL Background Thread 3 ] DEBUG Engine               - class com.almasb.fxgl.ui.FXGLUIFactoryServiceProvider
18:28:12.161 [FXGL Background Thread 3 ] DEBUG Engine               - class com.almasb.fxgl.ui.FXGLDialogFactoryServiceProvider
18:28:12.161 [FXGL Background Thread 3 ] DEBUG Engine               - class com.almasb.fxgl.audio.AudioPlayer
18:28:12.161 [FXGL Background Thread 3 ] DEBUG Engine               - class com.almasb.fxgl.notification.impl.NotificationServiceProvider
18:28:12.161 [FXGL Background Thread 3 ] DEBUG Engine               - class com.almasb.fxgl.achievement.AchievementService
18:28:12.161 [FXGL Background Thread 3 ] DEBUG Engine               - class com.almasb.fxgl.cutscene.CutsceneService
18:28:12.161 [FXGL Background Thread 3 ] DEBUG Engine               - class com.almasb.fxgl.minigames.MiniGameService
18:28:12.161 [FXGL Background Thread 3 ] DEBUG Engine               - class com.almasb.fxgl.net.NetService
18:28:12.161 [FXGL Background Thread 3 ] DEBUG Engine               - class com.almasb.fxgl.app.services.UpdaterService
18:28:12.161 [FXGL Background Thread 3 ] DEBUG Engine               - class com.almasb.fxgl.dev.DevService
18:28:22.994 [JavaFX Application Thread] DEBUG FXGLApplication      - Exiting FXGL
18:28:22.994 [JavaFX Application Thread] DEBUG Async                - Shutting down background threads
18:28:22.995 [JavaFX Application Thread] DEBUG PrimaryStageWindow   - Closing main window
18:28:23.051 [JavaFX Application Thread] DEBUG Logger               - Closing Logger
