08:50:27.656 [main                     ] DEBUG Logger               - Configured Logger
08:50:27.680 [main                     ] DEBUG GameApplication      - Logging settings
Title: Platformer with Rhythm
Version: 0.2
Width: 1280
Height: 720
Fullscreen: false
Intro: false
Profiling: false
Single step:false
App Mode: DEVELOPER
Menu Key: ESCAPE
Stage Style: DECORATED
Scene Factory: class com.almasb.fxgl.app.scene.SceneFactory

08:50:28.010 [JavaFX Application Thread] DEBUG FXGLApplication      - Initializing FXGL
08:50:28.014 [JavaFX Application Thread] INFO  Engine               - FXGL-21.1 (27.03.2024 07.52) on WINDOWS (J:23 FX:22.0.1)
08:50:28.014 [JavaFX Application Thread] DEBUG Engine               - JRE Vendor Name: Oracle Corporation
08:50:28.014 [JavaFX Application Thread] DEBUG Engine               - Running on OS: Windows 10 version 10.0
08:50:28.014 [JavaFX Application Thread] DEBUG Engine               - Architecture: amd64
08:50:28.014 [JavaFX Application Thread] INFO  Engine               - Source code and latest versions at: https://github.com/AlmasB/FXGL
08:50:28.014 [JavaFX Application Thread] INFO  Engine               -       Ask questions and discuss at: https://github.com/AlmasB/FXGL/discussions
08:50:28.014 [JavaFX Application Thread] INFO  Engine               -              Join the FXGL chat at: https://gitter.im/AlmasB/FXGL
08:50:28.101 [JavaFX Application Thread] DEBUG PrimaryStageWindow   - Creating a JavaFX scene
08:50:28.155 [JavaFX Application Thread] DEBUG PrimaryStageWindow   - Target settings size: 1280.0 x 720.0
08:50:28.156 [JavaFX Application Thread] DEBUG PrimaryStageWindow   - Scaled scene size:    1280.0 x 720.0
08:50:28.156 [JavaFX Application Thread] DEBUG PrimaryStageWindow   - Scaled ratio: (1.0, 1.0)
08:50:28.157 [JavaFX Application Thread] DEBUG PrimaryStageWindow   - Set initial scene to FXGLStartupScene
08:50:28.159 [JavaFX Application Thread] DEBUG PrimaryStageWindow   - Opening main window
08:50:28.408 [JavaFX Application Thread] DEBUG PrimaryStageWindow   - Window border size: (16.0, 39.0)
08:50:28.409 [JavaFX Application Thread] DEBUG PrimaryStageWindow   - Scaled size: 1280.0 x 720.0
08:50:28.410 [JavaFX Application Thread] DEBUG PrimaryStageWindow   - Scaled ratio: (1.0, 1.0)
08:50:28.410 [JavaFX Application Thread] DEBUG PrimaryStageWindow   - Scene size: 1280.0 x 720.0
08:50:28.410 [JavaFX Application Thread] DEBUG PrimaryStageWindow   - Stage size: 1296.0 x 759.0
08:50:28.418 [FXGL Background Thread 1 ] DEBUG Engine               - Initializing environment variables
08:50:28.557 [FXGL Background Thread 1 ] DEBUG FXGLAssetLoaderServi - User app class for loading assets: class org.example.capstonee.GameApp
08:50:28.557 [FXGL Background Thread 1 ] DEBUG GameApplicationServi - Applying CSS: fxgl_dark.css
08:50:28.558 [FXGL Background Thread 1 ] DEBUG FXGLAssetLoaderServi - Loading from file system: jar:file:///C:/Users/Admin/.m2/repository/com/github/almasb/fxgl/21.1/fxgl-21.1.jar!/fxglassets/ui/css/fxgl_dark.css
08:50:28.627 [FXGL Background Thread 1 ] DEBUG GameApplicationServi - Initializing application scenes
08:50:28.702 [FXGL Background Thread 1 ] DEBUG GameWorld            - Game world initialized
08:50:28.750 [FXGL Background Thread 1 ] DEBUG PhysicsWorld         - Physics world initialized: appHeight=720, physics.ppm=50.0
08:50:28.750 [FXGL Background Thread 1 ] DEBUG PhysicsWorld         - Using strategy: BRUTE_FORCE
08:50:28.753 [FXGL Background Thread 1 ] DEBUG GameScene            - Game scene initialized: 1280x720
08:50:28.762 [FXGL Background Thread 1 ] DEBUG FXGL.DefaultMenu     - createMenuBodyMainMenu()
08:50:28.773 [FXGL Background Thread 1 ] DEBUG FXGL.DefaultMenu     - createOptionsMenu()
08:50:28.779 [FXGL Background Thread 1 ] DEBUG FXGLAssetLoaderServi - Loading from file system: jar:file:///C:/Users/Admin/.m2/repository/com/github/almasb/fxgl/21.1/fxgl-21.1.jar!/fxglassets/textures/particles/smoke.png
08:50:28.854 [FXGL Background Thread 1 ] DEBUG FXGLAssetLoaderServi - Loading from file system: jar:file:///C:/Users/Admin/.m2/repository/com/github/almasb/fxgl/21.1/fxgl-21.1.jar!/fxglassets/textures/particles/trace_horizontal.png
08:50:28.876 [FXGL Background Thread 1 ] DEBUG FXGL.DefaultMenu     - createMenuBodyGameMenu()
08:50:28.878 [FXGL Background Thread 1 ] DEBUG FXGL.DefaultMenu     - createOptionsMenu()
08:50:28.890 [FXGL Background Thread 1 ] DEBUG GameApplicationServi - Application scenes initialized
08:50:28.900 [FXGL Background Thread 1 ] DEBUG SystemBundleService  - Loading FXGL system data
08:50:28.906 [FXGL Background Thread 1 ] DEBUG FileSystemAccess     - Reading from: C:\Users\Admin\IdeaProjects\GitSomeSleep\system\fxgl.bundle
08:50:28.914 [FXGL Background Thread 1 ] DEBUG SystemBundleService  - Bundle FXGL: {}
08:50:28.914 [FXGL Background Thread 1 ] DEBUG UpdaterService       - Checking for updates
08:50:28.918 [FXGL Background Thread 4 ] DEBUG FXGLApplication      - Loading fonts
08:50:28.918 [FXGL Background Thread 1 ] DEBUG FXGLApplication      - Loading default localization
08:50:28.918 [FXGL Background Thread 4 ] DEBUG FXGLAssetLoaderServi - Loading from file system: jar:file:///C:/Users/Admin/.m2/repository/com/github/almasb/fxgl/21.1/fxgl-21.1.jar!/fxglassets/ui/fonts/VarelaRound-Regular.ttf
08:50:28.919 [FXGL Background Thread 1 ] DEBUG FXGLAssetLoaderServi - Loading from file system: jar:file:///C:/Users/Admin/.m2/repository/com/github/almasb/fxgl/21.1/fxgl-21.1.jar!/fxglassets/languages/english.lang
08:50:28.942 [FXGL Background Thread 1 ] INFO  FXGLApplication      - FXGL initialization took: 0.523 sec
08:50:28.950 [FXGL Background Thread 4 ] DEBUG FXGLAssetLoaderServi - Loading from file system: jar:file:///C:/Users/Admin/.m2/repository/com/github/almasb/fxgl/21.1/fxgl-21.1.jar!/fxglassets/ui/fonts/Abel-Regular.ttf
08:50:28.953 [FXGL Background Thread 4 ] DEBUG FXGLAssetLoaderServi - Loading from file system: jar:file:///C:/Users/Admin/.m2/repository/com/github/almasb/fxgl/21.1/fxgl-21.1.jar!/fxglassets/ui/fonts/TerminalLandMono-Regular.otf
08:50:28.963 [JavaFX Application Thread] DEBUG Input                - Registered new binding: Left - A
08:50:28.963 [JavaFX Application Thread] DEBUG Input                - Registered new binding: Right - D
08:50:28.964 [JavaFX Application Thread] DEBUG Input                - Registered new binding: Jump - W
08:50:28.964 [FXGL Background Thread 4 ] DEBUG FXGLAssetLoaderServi - Loading from file system: jar:file:///C:/Users/Admin/.m2/repository/com/github/almasb/fxgl/21.1/fxgl-21.1.jar!/fxglassets/ui/fonts/Courier-Prime.ttf
08:50:28.964 [JavaFX Application Thread] DEBUG Input                - Registered new binding: Interact / Confirm - E
08:50:28.964 [JavaFX Application Thread] DEBUG Input                - Registered new binding: RhythmLane0 - H
08:50:28.964 [JavaFX Application Thread] DEBUG Input                - Registered new binding: RhythmLane1 - J
08:50:28.964 [JavaFX Application Thread] DEBUG Input                - Registered new binding: RhythmLane2 - K
08:50:28.965 [JavaFX Application Thread] DEBUG Input                - Registered new binding: RhythmLane3 - L
08:50:28.965 [JavaFX Application Thread] DEBUG Input                - Registered new binding: RhythmStart - Space
08:50:28.965 [JavaFX Application Thread] DEBUG FXGLAssetLoaderServi - Loading from file system: jar:file:///C:/Users/Admin/.m2/repository/com/github/almasb/fxgl/21.1/fxgl-21.1.jar!/fxglassets/textures/fxgl_icon.png
08:50:28.979 [JavaFX Application Thread] DEBUG FXGLAssetLoaderServi - Loading from file system: jar:file:///C:/Users/Admin/.m2/repository/com/github/almasb/fxgl/21.1/fxgl-21.1.jar!/fxglassets/textures/fxgl_default_cursor.png
08:50:28.981 [JavaFX Application Thread] DEBUG Input                - Registered new binding: Screenshot - CTRL+8
08:50:28.982 [JavaFX Application Thread] DEBUG Input                - Registered new binding: System info dump - CTRL+9
08:50:28.982 [JavaFX Application Thread] DEBUG Input                - Registered new binding: Restart - CTRL+R
08:50:28.984 [JavaFX Application Thread] DEBUG Input                - Registered new binding: Toggle Debug Camera - CTRL+7
08:50:28.986 [JavaFX Application Thread] DEBUG LoopRunner           - Starting loop
08:50:28.986 [JavaFX Application Thread] DEBUG LoopRunner           - Initializing JavaFX AnimationTimerLoop
08:50:28.989 [JavaFX Application Thread] DEBUG Input                - Clearing active input actions
08:50:28.994 [JavaFX Application Thread] DEBUG GameApplicationServi - Removing overlay from FXGLStartupScene and adding to FXGLMainMenuDummyScene
08:50:28.995 [JavaFX Application Thread] DEBUG PrimaryStageWindow   - FXGLStartupScene -> FXGLMainMenuDummyScene
08:50:28.995 [JavaFX Application Thread] DEBUG PrimaryStageWindow   - Push state: FXGLDefaultMenu
08:50:29.003 [JavaFX Application Thread] DEBUG Input                - Clearing active input actions
08:50:29.011 [JavaFX Application Thread] DEBUG GameApplicationServi - Removing overlay from FXGLMainMenuDummyScene and adding to FXGLDefaultMenu
08:50:29.011 [JavaFX Application Thread] DEBUG PrimaryStageWindow   - FXGLMainMenuDummyScene -> FXGLDefaultMenu
08:50:29.022 [JavaFX Application Thread] DEBUG FXGLApplication      - Registering font factories with UI factory
08:50:29.823 [JavaFX Application Thread] DEBUG Menu                 - fireNewGame()
08:50:29.823 [JavaFX Application Thread] DEBUG GameApplicationServi - Starting new game
08:50:29.825 [JavaFX Application Thread] DEBUG PrimaryStageWindow   - Pop state: FXGLDefaultMenu
08:50:29.825 [JavaFX Application Thread] DEBUG Input                - Clearing active input actions
08:50:29.826 [JavaFX Application Thread] DEBUG GameApplicationServi - Removing overlay from FXGLDefaultMenu and adding to FXGLMainMenuDummyScene
08:50:29.827 [JavaFX Application Thread] DEBUG PrimaryStageWindow   - FXGLMainMenuDummyScene <- FXGLDefaultMenu
08:50:29.827 [JavaFX Application Thread] DEBUG Input                - Clearing active input actions
08:50:29.835 [JavaFX Application Thread] DEBUG GameApplicationServi - Removing overlay from FXGLMainMenuDummyScene and adding to FXGLLoadingScene
08:50:29.835 [JavaFX Application Thread] DEBUG PrimaryStageWindow   - FXGLMainMenuDummyScene -> FXGLLoadingScene
08:50:29.835 [JavaFX Application Thread] DEBUG GameApplicationServi - Clearing previous game
08:50:29.835 [JavaFX Application Thread] DEBUG GameScene            - Clearing game scene
08:50:29.835 [JavaFX Application Thread] DEBUG GameWorld            - Clearing game world
08:50:29.835 [JavaFX Application Thread] DEBUG PhysicsWorld         - Clearing physics world
08:50:29.837 [FXGL Background Thread 4 ] DEBUG FXGLApplication      - Initializing game
08:50:29.840 [FXGL Background Thread 4 ] WARN  FXGLAssetLoaderServi - Asset "/assets/sounds/sounds/hit.wav" was not found!
08:50:29.840 [FXGL Background Thread 4 ] WARN  FXGLAssetLoaderServi - Failed to load SOUND
08:50:29.842 [FXGL Background Thread 4 ] WARN  FXGLAssetLoaderServi - Asset "/assets/sounds/sounds/miss.wav" was not found!
08:50:29.842 [FXGL Background Thread 4 ] WARN  FXGLAssetLoaderServi - Failed to load SOUND
08:50:29.855 [JavaFX Application Thread] DEBUG LoopRunner           - Stopping loop
08:50:29.857 [JavaFX Application Thread] FATAL FXGLApplication      - Uncaught Exception:
java.lang.RuntimeException: Initialization failed
	at com.almasb.fxgl.all@21.1/com.almasb.fxgl.app.FXGLApplication$InitAppTask.failed(FXGLApplication.kt:347)
	at javafx.graphics@22.0.1/javafx.concurrent.Task.setState(Task.java:710)
	at javafx.graphics@22.0.1/javafx.concurrent.Task$TaskCallable.lambda$call$2(Task.java:1429)
	at javafx.graphics@22.0.1/com.sun.javafx.application.PlatformImpl.lambda$runLater$10(PlatformImpl.java:456)
	at java.base/java.security.AccessController.doPrivileged(AccessController.java:400)
	at javafx.graphics@22.0.1/com.sun.javafx.application.PlatformImpl.lambda$runLater$11(PlatformImpl.java:455)
	at javafx.graphics@22.0.1/com.sun.glass.ui.InvokeLaterDispatcher$Future.run(InvokeLaterDispatcher.java:95)
	at javafx.graphics@22.0.1/com.sun.glass.ui.win.WinApplication._runLoop(Native Method)
	at javafx.graphics@22.0.1/com.sun.glass.ui.win.WinApplication.lambda$runLoop$3(WinApplication.java:184)
	at java.base/java.lang.Thread.run(Thread.java:1575)
Caused by: java.lang.IllegalArgumentException: Duplicated @Spawns(rhythmBackground) in org.example.capstonee.RhythmGame.RhythmGameFactory@6c87a36f. Already exists in org.example.capstonee.MapFactory@23602d92=[interactionZone, npc, background, rhythmBackground, player, platform]
	at com.almasb.fxgl.entity@21.1/com.almasb.fxgl.entity.GameWorld.checkDuplicateSpawners(GameWorld.kt:341)
	at com.almasb.fxgl.entity@21.1/com.almasb.fxgl.entity.GameWorld.access$checkDuplicateSpawners(GameWorld.kt:35)
	at com.almasb.fxgl.entity@21.1/com.almasb.fxgl.entity.GameWorld$addEntityFactory$1.invoke(GameWorld.kt:314)
	at com.almasb.fxgl.entity@21.1/com.almasb.fxgl.entity.GameWorld$addEntityFactory$1.invoke(GameWorld.kt:310)
	at com.almasb.fxgl.entity@21.1/com.almasb.fxgl.entity.GameWorld.addEntityFactory$lambda$8(GameWorld.kt:310)
	at java.base/java.util.HashMap.forEach(HashMap.java:1430)
	at com.almasb.fxgl.entity@21.1/com.almasb.fxgl.entity.GameWorld.addEntityFactory(GameWorld.kt:310)
	at org.example.capstonee/org.example.capstonee.GameApp.initGame(GameApp.java:149)
	at com.almasb.fxgl.all@21.1/com.almasb.fxgl.app.FXGLApplication$InitAppTask.initGame(FXGLApplication.kt:343)
	at com.almasb.fxgl.all@21.1/com.almasb.fxgl.app.FXGLApplication$InitAppTask.call(FXGLApplication.kt:321)
	at com.almasb.fxgl.all@21.1/com.almasb.fxgl.app.FXGLApplication$InitAppTask.call(FXGLApplication.kt:313)
	at javafx.graphics@22.0.1/javafx.concurrent.Task$TaskCallable.call(Task.java:1399)
	at java.base/java.util.concurrent.FutureTask.run(FutureTask.java:317)
	at java.base/java.util.concurrent.Executors$RunnableAdapter.call(Executors.java:572)
	at java.base/java.util.concurrent.FutureTask.run(FutureTask.java:317)
	at java.base/java.util.concurrent.ThreadPoolExecutor.runWorker(ThreadPoolExecutor.java:1144)
	at java.base/java.util.concurrent.ThreadPoolExecutor$Worker.run(ThreadPoolExecutor.java:642)
	... 1 more

08:50:29.858 [JavaFX Application Thread] FATAL FXGLApplication      - Application will now exit
08:50:29.874 [JavaFX Application Thread] DEBUG PrimaryStageWindow   - Push state: ErrorSubScene
08:50:29.874 [JavaFX Application Thread] DEBUG Input                - Clearing active input actions
08:50:29.877 [JavaFX Application Thread] DEBUG GameApplicationServi - Removing overlay from FXGLLoadingScene and adding to ErrorSubScene
08:50:29.877 [JavaFX Application Thread] DEBUG PrimaryStageWindow   - FXGLLoadingScene -> ErrorSubScene
08:50:31.918 [FXGL Background Thread 3 ] DEBUG Engine               - Logging environment variables
08:50:31.919 [FXGL Background Thread 3 ] DEBUG Engine               - achievements: []
08:50:31.919 [FXGL Background Thread 3 ] DEBUG Engine               - actualHeight: 720.0
08:50:31.920 [FXGL Background Thread 3 ] DEBUG Engine               - actualHeightProperty: ReadOnlyDoubleProperty [value: 720.0]
08:50:31.920 [FXGL Background Thread 3 ] DEBUG Engine               - actualWidth: 1280.0
08:50:31.920 [FXGL Background Thread 3 ] DEBUG Engine               - actualWidthProperty: ReadOnlyDoubleProperty [value: 1280.0]
08:50:31.920 [FXGL Background Thread 3 ] DEBUG Engine               - appIcon: fxgl_icon.png
08:50:31.920 [FXGL Background Thread 3 ] DEBUG Engine               - applicationMode: DEVELOPER
08:50:31.920 [FXGL Background Thread 3 ] DEBUG Engine               - cSSList: [fxgl_dark.css]
08:50:31.920 [FXGL Background Thread 3 ] DEBUG Engine               - collisionDetectionStrategy: BRUTE_FORCE
08:50:31.920 [FXGL Background Thread 3 ] DEBUG Engine               - configClass: Optional.empty
08:50:31.920 [FXGL Background Thread 3 ] DEBUG Engine               - credits: []
08:50:31.920 [FXGL Background Thread 3 ] DEBUG Engine               - defaultCursor: CursorInfo(imageName=fxgl_default_cursor.png, hotspotX=7.0, hotspotY=6.0)
08:50:31.921 [FXGL Background Thread 3 ] DEBUG Engine               - devBBoxColorProperty: ObjectProperty [value: 0xff0000ff]
08:50:31.921 [FXGL Background Thread 3 ] DEBUG Engine               - devEnableDebugCameraProperty: BooleanProperty [value: false]
08:50:31.921 [FXGL Background Thread 3 ] DEBUG Engine               - devSensorColorProperty: ObjectProperty [value: 0xffff00ff]
08:50:31.921 [FXGL Background Thread 3 ] DEBUG Engine               - devShowBBoxProperty: BooleanProperty [value: false]
08:50:31.921 [FXGL Background Thread 3 ] DEBUG Engine               - devShowPositionProperty: BooleanProperty [value: false]
08:50:31.921 [FXGL Background Thread 3 ] DEBUG Engine               - enabledMenuItems: []
08:50:31.921 [FXGL Background Thread 3 ] DEBUG Engine               - engineServices: [class com.almasb.fxgl.app.services.FXGLAssetLoaderService, class com.almasb.fxgl.app.FXGLApplication$GameApplicationService, class com.almasb.fxgl.app.services.FXGLDialogService, class com.almasb.fxgl.app.services.IOTaskExecutorService, class com.almasb.fxgl.io.FileSystemService, class com.almasb.fxgl.localization.LocalizationService, class com.almasb.fxgl.app.services.SystemBundleService, class com.almasb.fxgl.profile.SaveLoadService, class com.almasb.fxgl.ui.FXGLUIFactoryServiceProvider, class com.almasb.fxgl.ui.FXGLDialogFactoryServiceProvider, class com.almasb.fxgl.audio.AudioPlayer, class com.almasb.fxgl.notification.impl.NotificationServiceProvider, class com.almasb.fxgl.achievement.AchievementService, class com.almasb.fxgl.cutscene.CutsceneService, class com.almasb.fxgl.minigames.MiniGameService, class com.almasb.fxgl.net.NetService, class com.almasb.fxgl.app.services.UpdaterService, class com.almasb.fxgl.dev.DevService]
08:50:31.921 [FXGL Background Thread 3 ] DEBUG Engine               - fontGame: Abel-Regular.ttf
08:50:31.921 [FXGL Background Thread 3 ] DEBUG Engine               - fontMono: TerminalLandMono-Regular.otf
08:50:31.921 [FXGL Background Thread 3 ] DEBUG Engine               - fontSizeScaleUI: 1.0
08:50:31.921 [FXGL Background Thread 3 ] DEBUG Engine               - fontText: Courier-Prime.ttf
08:50:31.921 [FXGL Background Thread 3 ] DEBUG Engine               - fontUI: VarelaRound-Regular.ttf
08:50:31.921 [FXGL Background Thread 3 ] DEBUG Engine               - fullScreen: BooleanProperty [value: false]
08:50:31.921 [FXGL Background Thread 3 ] DEBUG Engine               - gameDifficulty: MEDIUM
08:50:31.921 [FXGL Background Thread 3 ] DEBUG Engine               - gameDifficultyProperty: ObjectProperty [value: MEDIUM]
08:50:31.921 [FXGL Background Thread 3 ] DEBUG Engine               - globalMusicVolume: 0.5
08:50:31.921 [FXGL Background Thread 3 ] DEBUG Engine               - globalMusicVolumeProperty: DoubleProperty [value: 0.5]
08:50:31.921 [FXGL Background Thread 3 ] DEBUG Engine               - globalSoundVolume: 0.5
08:50:31.922 [FXGL Background Thread 3 ] DEBUG Engine               - globalSoundVolumeProperty: DoubleProperty [value: 0.5]
08:50:31.922 [FXGL Background Thread 3 ] DEBUG Engine               - height: 720
08:50:31.922 [FXGL Background Thread 3 ] DEBUG Engine               - is3D: false
08:50:31.922 [FXGL Background Thread 3 ] DEBUG Engine               - isAndroid: false
08:50:31.922 [FXGL Background Thread 3 ] DEBUG Engine               - isBrowser: false
08:50:31.922 [FXGL Background Thread 3 ] DEBUG Engine               - isClickFeedbackEnabled: false
08:50:31.922 [FXGL Background Thread 3 ] DEBUG Engine               - isCloseConfirmation: false
08:50:31.922 [FXGL Background Thread 3 ] DEBUG Engine               - isDesktop: true
08:50:31.922 [FXGL Background Thread 3 ] DEBUG Engine               - isDeveloperMenuEnabled: false
08:50:31.922 [FXGL Background Thread 3 ] DEBUG Engine               - isEmbedded: false
08:50:31.922 [FXGL Background Thread 3 ] DEBUG Engine               - isEntityPreloadEnabled: true
08:50:31.922 [FXGL Background Thread 3 ] DEBUG Engine               - isExperimentalTiledLargeMap: false
08:50:31.922 [FXGL Background Thread 3 ] DEBUG Engine               - isFileSystemWriteAllowed: true
08:50:31.922 [FXGL Background Thread 3 ] DEBUG Engine               - isFullScreenAllowed: false
08:50:31.922 [FXGL Background Thread 3 ] DEBUG Engine               - isFullScreenFromStart: false
08:50:31.922 [FXGL Background Thread 3 ] DEBUG Engine               - isGameMenuEnabled: true
08:50:31.922 [FXGL Background Thread 3 ] DEBUG Engine               - isIOS: false
08:50:31.922 [FXGL Background Thread 3 ] DEBUG Engine               - isIntroEnabled: false
08:50:31.922 [FXGL Background Thread 3 ] DEBUG Engine               - isLinux: false
08:50:31.922 [FXGL Background Thread 3 ] DEBUG Engine               - isMac: false
08:50:31.922 [FXGL Background Thread 3 ] DEBUG Engine               - isMainMenuEnabled: true
08:50:31.922 [FXGL Background Thread 3 ] DEBUG Engine               - isManualResizeEnabled: false
08:50:31.922 [FXGL Background Thread 3 ] DEBUG Engine               - isMobile: false
08:50:31.922 [FXGL Background Thread 3 ] DEBUG Engine               - isNative: false
08:50:31.922 [FXGL Background Thread 3 ] DEBUG Engine               - isPauseMusicWhenMinimized: true
08:50:31.922 [FXGL Background Thread 3 ] DEBUG Engine               - isPreserveResizeRatio: false
08:50:31.922 [FXGL Background Thread 3 ] DEBUG Engine               - isProfilingEnabled: false
08:50:31.922 [FXGL Background Thread 3 ] DEBUG Engine               - isScaleAffectedOnResize: true
08:50:31.922 [FXGL Background Thread 3 ] DEBUG Engine               - isSingleStep: false
08:50:31.922 [FXGL Background Thread 3 ] DEBUG Engine               - isUserProfileEnabled: false
08:50:31.922 [FXGL Background Thread 3 ] DEBUG Engine               - isWindows: true
08:50:31.922 [FXGL Background Thread 3 ] DEBUG Engine               - language: ObjectProperty [value: ENGLISH]
08:50:31.923 [FXGL Background Thread 3 ] DEBUG Engine               - menuKey: ESCAPE
08:50:31.923 [FXGL Background Thread 3 ] DEBUG Engine               - mouseSensitivity: 0.2
08:50:31.923 [FXGL Background Thread 3 ] DEBUG Engine               - notificationViewClass: class com.almasb.fxgl.notification.view.XboxNotificationView
08:50:31.923 [FXGL Background Thread 3 ] DEBUG Engine               - pixelsPerMeter: 50.0
08:50:31.923 [FXGL Background Thread 3 ] DEBUG Engine               - platform: WINDOWS
08:50:31.923 [FXGL Background Thread 3 ] DEBUG Engine               - prefHeightProperty: ReadOnlyDoubleProperty [value: 720.0]
08:50:31.923 [FXGL Background Thread 3 ] DEBUG Engine               - prefWidthProperty: ReadOnlyDoubleProperty [value: 1280.0]
08:50:31.923 [FXGL Background Thread 3 ] DEBUG Engine               - profileDir: profiles/
08:50:31.923 [FXGL Background Thread 3 ] DEBUG Engine               - profileName: StringProperty [value: DEFAULT]
08:50:31.923 [FXGL Background Thread 3 ] DEBUG Engine               - randomSeed: -1
08:50:31.923 [FXGL Background Thread 3 ] DEBUG Engine               - runtimeInfo: RuntimeInfo(platform=WINDOWS, version=21.1, build=27.03.2024 07.52)
08:50:31.923 [FXGL Background Thread 3 ] DEBUG Engine               - saveFileExt: sav
08:50:31.923 [FXGL Background Thread 3 ] DEBUG Engine               - scaledHeightProp$fxgl: DoubleProperty [bound, value: 720.0]
08:50:31.923 [FXGL Background Thread 3 ] DEBUG Engine               - scaledWidthProp$fxgl: DoubleProperty [bound, value: 1280.0]
08:50:31.923 [FXGL Background Thread 3 ] DEBUG Engine               - sceneFactory: com.almasb.fxgl.app.scene.SceneFactory@2cea06ca
08:50:31.923 [FXGL Background Thread 3 ] DEBUG Engine               - secondsIn24h: 60
08:50:31.923 [FXGL Background Thread 3 ] DEBUG Engine               - soundMenuBack: menu/back.wav
08:50:31.923 [FXGL Background Thread 3 ] DEBUG Engine               - soundMenuPress: menu/press.wav
08:50:31.923 [FXGL Background Thread 3 ] DEBUG Engine               - soundMenuSelect: menu/select.wav
08:50:31.923 [FXGL Background Thread 3 ] DEBUG Engine               - soundNotification: core/notification.wav
08:50:31.923 [FXGL Background Thread 3 ] DEBUG Engine               - stageStyle: DECORATED
08:50:31.924 [FXGL Background Thread 3 ] DEBUG Engine               - supportedLanguages: [ENGLISH, FRENCH, GERMAN, HUNGARIAN, RUSSIAN]
08:50:31.924 [FXGL Background Thread 3 ] DEBUG Engine               - ticksPerSecond: -1
08:50:31.924 [FXGL Background Thread 3 ] DEBUG Engine               - title: Platformer with Rhythm
08:50:31.924 [FXGL Background Thread 3 ] DEBUG Engine               - urlGithub: https://github.com/AlmasB/FXGL
08:50:31.924 [FXGL Background Thread 3 ] DEBUG Engine               - urlLeaderboard: http://fxgl-top.herokuapp.com/
08:50:31.924 [FXGL Background Thread 3 ] DEBUG Engine               - urlPOM: https://raw.githubusercontent.com/AlmasB/FXGL/release/README.md
08:50:31.924 [FXGL Background Thread 3 ] DEBUG Engine               - userAppClass: class org.example.capstonee.GameApp
08:50:31.924 [FXGL Background Thread 3 ] DEBUG Engine               - version: 0.2
08:50:31.924 [FXGL Background Thread 3 ] DEBUG Engine               - versionCheckDays: 7
08:50:31.924 [FXGL Background Thread 3 ] DEBUG Engine               - width: 1280
08:50:31.924 [FXGL Background Thread 3 ] DEBUG Engine               - Logging services
08:50:31.924 [FXGL Background Thread 3 ] DEBUG Engine               - class com.almasb.fxgl.app.services.FXGLAssetLoaderService
08:50:31.924 [FXGL Background Thread 3 ] DEBUG Engine               - class com.almasb.fxgl.app.FXGLApplication$GameApplicationService
08:50:31.924 [FXGL Background Thread 3 ] DEBUG Engine               - class com.almasb.fxgl.app.services.FXGLDialogService
08:50:31.924 [FXGL Background Thread 3 ] DEBUG Engine               - class com.almasb.fxgl.app.services.IOTaskExecutorService
08:50:31.924 [FXGL Background Thread 3 ] DEBUG Engine               - class com.almasb.fxgl.io.FileSystemService
08:50:31.924 [FXGL Background Thread 3 ] DEBUG Engine               - class com.almasb.fxgl.localization.LocalizationService
08:50:31.924 [FXGL Background Thread 3 ] DEBUG Engine               - class com.almasb.fxgl.app.services.SystemBundleService
08:50:31.924 [FXGL Background Thread 3 ] DEBUG Engine               - class com.almasb.fxgl.profile.SaveLoadService
08:50:31.924 [FXGL Background Thread 3 ] DEBUG Engine               - class com.almasb.fxgl.ui.FXGLUIFactoryServiceProvider
08:50:31.924 [FXGL Background Thread 3 ] DEBUG Engine               - class com.almasb.fxgl.ui.FXGLDialogFactoryServiceProvider
08:50:31.924 [FXGL Background Thread 3 ] DEBUG Engine               - class com.almasb.fxgl.audio.AudioPlayer
08:50:31.924 [FXGL Background Thread 3 ] DEBUG Engine               - class com.almasb.fxgl.notification.impl.NotificationServiceProvider
08:50:31.924 [FXGL Background Thread 3 ] DEBUG Engine               - class com.almasb.fxgl.achievement.AchievementService
08:50:31.924 [FXGL Background Thread 3 ] DEBUG Engine               - class com.almasb.fxgl.cutscene.CutsceneService
08:50:31.924 [FXGL Background Thread 3 ] DEBUG Engine               - class com.almasb.fxgl.minigames.MiniGameService
08:50:31.924 [FXGL Background Thread 3 ] DEBUG Engine               - class com.almasb.fxgl.net.NetService
08:50:31.924 [FXGL Background Thread 3 ] DEBUG Engine               - class com.almasb.fxgl.app.services.UpdaterService
08:50:31.924 [FXGL Background Thread 3 ] DEBUG Engine               - class com.almasb.fxgl.dev.DevService
08:50:48.428 [JavaFX Application Thread] DEBUG FXGLApplication      - Exiting FXGL
08:50:48.428 [JavaFX Application Thread] DEBUG Async                - Shutting down background threads
08:50:48.429 [JavaFX Application Thread] DEBUG PrimaryStageWindow   - Closing main window
08:50:48.457 [JavaFX Application Thread] DEBUG Logger               - Closing Logger
