12:04:28.213 [main                     ] DEBUG Logger               - Configured Logger
12:04:28.226 [main                     ] DEBUG GameApplication      - Logging settings
Title: Game App
Version: 0.1
Width: 1280
Height: 720
Fullscreen: false
Intro: false
Profiling: false
Single step:false
App Mode: DEVELOPER
Menu Key: ESCAPE
Stage Style: DECORATED
Scene Factory: class com.almasb.fxgl.app.scene.SceneFactory

12:04:29.703 [JavaFX Application Thread] DEBUG FXGLApplication      - Initializing FXGL
12:04:29.705 [JavaFX Application Thread] INFO  Engine               - FXGL-21.1 (27.03.2024 07.52) on MAC (J:23.0.2 FX:22.0.1)
12:04:29.706 [JavaFX Application Thread] DEBUG Engine               - JRE Vendor Name: Homebrew
12:04:29.706 [JavaFX Application Thread] DEBUG Engine               - Running on OS: Mac OS X version 15.3.2
12:04:29.706 [JavaFX Application Thread] DEBUG Engine               - Architecture: aarch64
12:04:29.706 [JavaFX Application Thread] INFO  Engine               - Source code and latest versions at: https://github.com/AlmasB/FXGL
12:04:29.706 [JavaFX Application Thread] INFO  Engine               -       Ask questions and discuss at: https://github.com/AlmasB/FXGL/discussions
12:04:29.706 [JavaFX Application Thread] INFO  Engine               -              Join the FXGL chat at: https://gitter.im/AlmasB/FXGL
12:04:29.798 [JavaFX Application Thread] DEBUG PrimaryStageWindow   - Creating a JavaFX scene
12:04:29.826 [JavaFX Application Thread] DEBUG PrimaryStageWindow   - Target settings size: 1280.0 x 720.0
12:04:29.826 [JavaFX Application Thread] DEBUG PrimaryStageWindow   - Scaled scene size:    1280.0 x 720.0
12:04:29.826 [JavaFX Application Thread] DEBUG PrimaryStageWindow   - Scaled ratio: (1.0, 1.0)
12:04:29.826 [JavaFX Application Thread] DEBUG PrimaryStageWindow   - Set initial scene to FXGLStartupScene
12:04:29.827 [JavaFX Application Thread] DEBUG PrimaryStageWindow   - Opening main window
12:04:30.016 [JavaFX Application Thread] DEBUG PrimaryStageWindow   - Window border size: (0.0, 28.0)
12:04:30.016 [JavaFX Application Thread] DEBUG PrimaryStageWindow   - Scaled size: 1280.0 x 720.0
12:04:30.016 [JavaFX Application Thread] DEBUG PrimaryStageWindow   - Scaled ratio: (1.0, 1.0)
12:04:30.016 [JavaFX Application Thread] DEBUG PrimaryStageWindow   - Scene size: 1280.0 x 720.0
12:04:30.016 [JavaFX Application Thread] DEBUG PrimaryStageWindow   - Stage size: 1280.0 x 748.0
12:04:30.021 [FXGL Background Thread 1 ] DEBUG Engine               - Initializing environment variables
12:04:30.053 [FXGL Background Thread 1 ] DEBUG FXGLAssetLoaderServi - User app class for loading assets: class org.example.capstonee.GameApp
12:04:30.053 [FXGL Background Thread 1 ] DEBUG GameApplicationServi - Applying CSS: fxgl_dark.css
12:04:30.053 [FXGL Background Thread 1 ] DEBUG FXGLAssetLoaderServi - Loading from file system: jar:file:///Users/ajaxestela/.m2/repository/com/github/almasb/fxgl/21.1/fxgl-21.1.jar!/fxglassets/ui/css/fxgl_dark.css
12:04:30.074 [FXGL Background Thread 1 ] DEBUG GameApplicationServi - Initializing application scenes
12:04:30.306 [FXGL Background Thread 1 ] DEBUG GameWorld            - Game world initialized
12:04:30.341 [FXGL Background Thread 1 ] DEBUG PhysicsWorld         - Physics world initialized: appHeight=720, physics.ppm=50.0
12:04:30.342 [FXGL Background Thread 1 ] DEBUG PhysicsWorld         - Using strategy: BRUTE_FORCE
12:04:30.344 [FXGL Background Thread 1 ] DEBUG GameScene            - Game scene initialized: 1280x720
12:04:30.349 [FXGL Background Thread 1 ] DEBUG FXGL.DefaultMenu     - createMenuBodyGameMenu()
12:04:30.358 [FXGL Background Thread 1 ] DEBUG FXGL.DefaultMenu     - createOptionsMenu()
12:04:30.361 [FXGL Background Thread 1 ] DEBUG FXGLAssetLoaderServi - Loading from file system: jar:file:///Users/ajaxestela/.m2/repository/com/github/almasb/fxgl/21.1/fxgl-21.1.jar!/fxglassets/textures/particles/smoke.png
12:04:30.433 [FXGL Background Thread 1 ] DEBUG FXGLAssetLoaderServi - Loading from file system: jar:file:///Users/ajaxestela/.m2/repository/com/github/almasb/fxgl/21.1/fxgl-21.1.jar!/fxglassets/textures/particles/trace_horizontal.png
12:04:30.446 [FXGL Background Thread 1 ] DEBUG GameApplicationServi - Application scenes initialized
12:04:30.452 [FXGL Background Thread 1 ] DEBUG SystemBundleService  - Loading FXGL system data
12:04:30.456 [FXGL Background Thread 1 ] DEBUG FileSystemAccess     - Reading from: /Users/ajaxestela/IdeaProjects/GitSomeSleep/system/fxgl.bundle
12:04:30.462 [FXGL Background Thread 1 ] DEBUG SystemBundleService  - Bundle FXGL: {}
12:04:30.462 [FXGL Background Thread 1 ] DEBUG UpdaterService       - Checking for updates
12:04:30.464 [FXGL Background Thread 4 ] DEBUG FXGLApplication      - Loading fonts
12:04:30.465 [FXGL Background Thread 4 ] DEBUG FXGLAssetLoaderServi - Loading from file system: jar:file:///Users/ajaxestela/.m2/repository/com/github/almasb/fxgl/21.1/fxgl-21.1.jar!/fxglassets/ui/fonts/VarelaRound-Regular.ttf
12:04:30.465 [FXGL Background Thread 1 ] DEBUG FXGLApplication      - Loading default localization
12:04:30.465 [FXGL Background Thread 1 ] DEBUG FXGLAssetLoaderServi - Loading from file system: jar:file:///Users/ajaxestela/.m2/repository/com/github/almasb/fxgl/21.1/fxgl-21.1.jar!/fxglassets/languages/english.lang
12:04:30.478 [FXGL Background Thread 1 ] INFO  FXGLApplication      - FXGL initialization took: 0.457 sec
12:04:30.483 [JavaFX Application Thread] DEBUG Input                - Registered new binding: Left - A
12:04:30.483 [JavaFX Application Thread] DEBUG Input                - Registered new binding: Right - D
12:04:30.483 [FXGL Background Thread 4 ] DEBUG FXGLAssetLoaderServi - Loading from file system: jar:file:///Users/ajaxestela/.m2/repository/com/github/almasb/fxgl/21.1/fxgl-21.1.jar!/fxglassets/ui/fonts/Abel-Regular.ttf
12:04:30.483 [JavaFX Application Thread] DEBUG Input                - Registered new binding: Jump - W
12:04:30.483 [JavaFX Application Thread] DEBUG Input                - Registered new binding: Interact - E
12:04:30.483 [JavaFX Application Thread] DEBUG Input                - Registered new binding: RhythmLane0 - F
12:04:30.483 [JavaFX Application Thread] DEBUG Input                - Registered new binding: RhythmLane1 - G
12:04:30.483 [JavaFX Application Thread] DEBUG Input                - Registered new binding: RhythmLane2 - H
12:04:30.483 [JavaFX Application Thread] DEBUG Input                - Registered new binding: RhythmLane3 - J
12:04:30.483 [JavaFX Application Thread] DEBUG Input                - Registered new binding: RhythmStart - Space
12:04:30.483 [JavaFX Application Thread] DEBUG FXGLAssetLoaderServi - Loading from file system: jar:file:///Users/ajaxestela/.m2/repository/com/github/almasb/fxgl/21.1/fxgl-21.1.jar!/fxglassets/textures/fxgl_icon.png
12:04:30.486 [FXGL Background Thread 4 ] DEBUG FXGLAssetLoaderServi - Loading from file system: jar:file:///Users/ajaxestela/.m2/repository/com/github/almasb/fxgl/21.1/fxgl-21.1.jar!/fxglassets/ui/fonts/TerminalLandMono-Regular.otf
12:04:30.491 [FXGL Background Thread 4 ] DEBUG FXGLAssetLoaderServi - Loading from file system: jar:file:///Users/ajaxestela/.m2/repository/com/github/almasb/fxgl/21.1/fxgl-21.1.jar!/fxglassets/ui/fonts/Courier-Prime.ttf
12:04:30.504 [JavaFX Application Thread] DEBUG FXGLAssetLoaderServi - Loading from file system: jar:file:///Users/ajaxestela/.m2/repository/com/github/almasb/fxgl/21.1/fxgl-21.1.jar!/fxglassets/textures/fxgl_default_cursor.png
12:04:30.506 [JavaFX Application Thread] DEBUG Input                - Registered new binding: Screenshot - CTRL+8
12:04:30.506 [JavaFX Application Thread] DEBUG Input                - Registered new binding: System info dump - CTRL+9
12:04:30.506 [JavaFX Application Thread] DEBUG Input                - Registered new binding: Restart - CTRL+R
12:04:30.506 [JavaFX Application Thread] DEBUG Input                - Registered new binding: Toggle Debug Camera - CTRL+7
12:04:30.506 [JavaFX Application Thread] DEBUG LoopRunner           - Starting loop
12:04:30.506 [JavaFX Application Thread] DEBUG LoopRunner           - Initializing JavaFX AnimationTimerLoop
12:04:30.507 [JavaFX Application Thread] DEBUG GameApplicationServi - Starting new game
12:04:30.507 [JavaFX Application Thread] DEBUG Input                - Clearing active input actions
12:04:30.511 [JavaFX Application Thread] DEBUG GameApplicationServi - Removing overlay from FXGLStartupScene and adding to FXGLLoadingScene
12:04:30.511 [JavaFX Application Thread] DEBUG PrimaryStageWindow   - FXGLStartupScene -> FXGLLoadingScene
12:04:30.511 [JavaFX Application Thread] DEBUG GameApplicationServi - Clearing previous game
12:04:30.511 [JavaFX Application Thread] DEBUG GameScene            - Clearing game scene
12:04:30.511 [JavaFX Application Thread] DEBUG GameWorld            - Clearing game world
12:04:30.511 [JavaFX Application Thread] DEBUG PhysicsWorld         - Clearing physics world
12:04:30.512 [FXGL Background Thread 4 ] DEBUG FXGLApplication      - Initializing game
12:04:30.537 [JavaFX Application Thread] DEBUG FXGLApplication      - Registering font factories with UI factory
12:04:30.567 [FXGL Background Thread 4 ] WARN  TMXLevelLoader       - TiledMap generated from 1.11.0. Supported version: 1.9.0. Some features may not be parsed fully.
12:04:30.571 [FXGL Background Thread 4 ] DEBUG TMXLevelLoader       - Parsed TiledMap: file:/Users/ajaxestela/IdeaProjects/GitSomeSleep/Capstonee/target/classes/assets/levels/tmx/test.tmx
12:04:30.571 [FXGL Background Thread 4 ] DEBUG TMXLevelLoader       - Creating tile layer entities
12:04:30.571 [FXGL Background Thread 4 ] DEBUG TilesetLoader        - Loading view for layer Tile Layer 1
12:04:30.572 [FXGL Background Thread 4 ] DEBUG TilesetLoader        - Created buffer with size 320.0x320.0
12:04:30.578 [FXGL Background Thread 4 ] DEBUG TMXLevelLoader       - Creating object layer entities
12:04:30.587 [FXGL Background Thread 4 ] DEBUG GameWorld            - Clearing removable entities
12:04:30.587 [FXGL Background Thread 4 ] DEBUG GameWorld            - Setting level: com.almasb.fxgl.entity.level.Level@26a50d03
12:04:30.592 [FXGL Background Thread 4 ] WARN  FXGLAssetLoaderServi - Asset "/assets/textures/player.png" was not found!
12:04:30.592 [FXGL Background Thread 4 ] WARN  FXGLAssetLoaderServi - Failed to load IMAGE
12:04:30.627 [FXGL Background Thread 4 ] DEBUG FXGLAssetLoaderServi - Loading from file system: file:/Users/ajaxestela/IdeaProjects/GitSomeSleep/Capstonee/target/classes/assets/textures/background/bruh.jpg
12:04:30.658 [FXGL Background Thread 4 ] INFO  FXGLApplication      - Game initialization took: 0.146 sec
12:04:30.659 [JavaFX Application Thread] DEBUG Input                - Clearing active input actions
12:04:30.663 [JavaFX Application Thread] DEBUG GameApplicationServi - Removing overlay from FXGLLoadingScene and adding to GameScene
12:04:30.663 [JavaFX Application Thread] DEBUG PrimaryStageWindow   - FXGLLoadingScene -> GameScene
12:04:33.469 [FXGL Background Thread 3 ] DEBUG Engine               - Logging environment variables
12:04:33.470 [FXGL Background Thread 3 ] DEBUG Engine               - achievements: []
12:04:33.470 [FXGL Background Thread 3 ] DEBUG Engine               - actualHeight: 720.0
12:04:33.471 [FXGL Background Thread 3 ] DEBUG Engine               - actualHeightProperty: ReadOnlyDoubleProperty [value: 720.0]
12:04:33.471 [FXGL Background Thread 3 ] DEBUG Engine               - actualWidth: 1280.0
12:04:33.471 [FXGL Background Thread 3 ] DEBUG Engine               - actualWidthProperty: ReadOnlyDoubleProperty [value: 1280.0]
12:04:33.471 [FXGL Background Thread 3 ] DEBUG Engine               - appIcon: fxgl_icon.png
12:04:33.471 [FXGL Background Thread 3 ] DEBUG Engine               - applicationMode: DEVELOPER
12:04:33.471 [FXGL Background Thread 3 ] DEBUG Engine               - cSSList: [fxgl_dark.css]
12:04:33.471 [FXGL Background Thread 3 ] DEBUG Engine               - collisionDetectionStrategy: BRUTE_FORCE
12:04:33.471 [FXGL Background Thread 3 ] DEBUG Engine               - configClass: Optional.empty
12:04:33.471 [FXGL Background Thread 3 ] DEBUG Engine               - credits: []
12:04:33.472 [FXGL Background Thread 3 ] DEBUG Engine               - defaultCursor: CursorInfo(imageName=fxgl_default_cursor.png, hotspotX=7.0, hotspotY=6.0)
12:04:33.472 [FXGL Background Thread 3 ] DEBUG Engine               - devBBoxColorProperty: ObjectProperty [value: 0xff0000ff]
12:04:33.472 [FXGL Background Thread 3 ] DEBUG Engine               - devEnableDebugCameraProperty: BooleanProperty [value: false]
12:04:33.472 [FXGL Background Thread 3 ] DEBUG Engine               - devSensorColorProperty: ObjectProperty [value: 0xffff00ff]
12:04:33.472 [FXGL Background Thread 3 ] DEBUG Engine               - devShowBBoxProperty: BooleanProperty [value: false]
12:04:33.472 [FXGL Background Thread 3 ] DEBUG Engine               - devShowPositionProperty: BooleanProperty [value: false]
12:04:33.472 [FXGL Background Thread 3 ] DEBUG Engine               - enabledMenuItems: []
12:04:33.472 [FXGL Background Thread 3 ] DEBUG Engine               - engineServices: [class com.almasb.fxgl.app.services.FXGLAssetLoaderService, class com.almasb.fxgl.app.FXGLApplication$GameApplicationService, class com.almasb.fxgl.app.services.FXGLDialogService, class com.almasb.fxgl.app.services.IOTaskExecutorService, class com.almasb.fxgl.io.FileSystemService, class com.almasb.fxgl.localization.LocalizationService, class com.almasb.fxgl.app.services.SystemBundleService, class com.almasb.fxgl.profile.SaveLoadService, class com.almasb.fxgl.ui.FXGLUIFactoryServiceProvider, class com.almasb.fxgl.ui.FXGLDialogFactoryServiceProvider, class com.almasb.fxgl.audio.AudioPlayer, class com.almasb.fxgl.notification.impl.NotificationServiceProvider, class com.almasb.fxgl.achievement.AchievementService, class com.almasb.fxgl.cutscene.CutsceneService, class com.almasb.fxgl.minigames.MiniGameService, class com.almasb.fxgl.net.NetService, class com.almasb.fxgl.app.services.UpdaterService, class com.almasb.fxgl.dev.DevService]
12:04:33.472 [FXGL Background Thread 3 ] DEBUG Engine               - fontGame: Abel-Regular.ttf
12:04:33.473 [FXGL Background Thread 3 ] DEBUG Engine               - fontMono: TerminalLandMono-Regular.otf
12:04:33.473 [FXGL Background Thread 3 ] DEBUG Engine               - fontSizeScaleUI: 1.0
12:04:33.473 [FXGL Background Thread 3 ] DEBUG Engine               - fontText: Courier-Prime.ttf
12:04:33.473 [FXGL Background Thread 3 ] DEBUG Engine               - fontUI: VarelaRound-Regular.ttf
12:04:33.473 [FXGL Background Thread 3 ] DEBUG Engine               - fullScreen: BooleanProperty [value: false]
12:04:33.473 [FXGL Background Thread 3 ] DEBUG Engine               - gameDifficulty: MEDIUM
12:04:33.473 [FXGL Background Thread 3 ] DEBUG Engine               - gameDifficultyProperty: ObjectProperty [value: MEDIUM]
12:04:33.473 [FXGL Background Thread 3 ] DEBUG Engine               - globalMusicVolume: 0.5
12:04:33.473 [FXGL Background Thread 3 ] DEBUG Engine               - globalMusicVolumeProperty: DoubleProperty [value: 0.5]
12:04:33.473 [FXGL Background Thread 3 ] DEBUG Engine               - globalSoundVolume: 0.5
12:04:33.473 [FXGL Background Thread 3 ] DEBUG Engine               - globalSoundVolumeProperty: DoubleProperty [value: 0.5]
12:04:33.473 [FXGL Background Thread 3 ] DEBUG Engine               - height: 720
12:04:33.473 [FXGL Background Thread 3 ] DEBUG Engine               - is3D: false
12:04:33.473 [FXGL Background Thread 3 ] DEBUG Engine               - isAndroid: false
12:04:33.473 [FXGL Background Thread 3 ] DEBUG Engine               - isBrowser: false
12:04:33.473 [FXGL Background Thread 3 ] DEBUG Engine               - isClickFeedbackEnabled: false
12:04:33.473 [FXGL Background Thread 3 ] DEBUG Engine               - isCloseConfirmation: false
12:04:33.473 [FXGL Background Thread 3 ] DEBUG Engine               - isDesktop: true
12:04:33.474 [FXGL Background Thread 3 ] DEBUG Engine               - isDeveloperMenuEnabled: false
12:04:33.474 [FXGL Background Thread 3 ] DEBUG Engine               - isEmbedded: false
12:04:33.474 [FXGL Background Thread 3 ] DEBUG Engine               - isEntityPreloadEnabled: true
12:04:33.474 [FXGL Background Thread 3 ] DEBUG Engine               - isExperimentalTiledLargeMap: false
12:04:33.474 [FXGL Background Thread 3 ] DEBUG Engine               - isFileSystemWriteAllowed: true
12:04:33.474 [FXGL Background Thread 3 ] DEBUG Engine               - isFullScreenAllowed: false
12:04:33.474 [FXGL Background Thread 3 ] DEBUG Engine               - isFullScreenFromStart: false
12:04:33.474 [FXGL Background Thread 3 ] DEBUG Engine               - isGameMenuEnabled: true
12:04:33.474 [FXGL Background Thread 3 ] DEBUG Engine               - isIOS: false
12:04:33.474 [FXGL Background Thread 3 ] DEBUG Engine               - isIntroEnabled: false
12:04:33.474 [FXGL Background Thread 3 ] DEBUG Engine               - isLinux: false
12:04:33.474 [FXGL Background Thread 3 ] DEBUG Engine               - isMac: true
12:04:33.474 [FXGL Background Thread 3 ] DEBUG Engine               - isMainMenuEnabled: false
12:04:33.474 [FXGL Background Thread 3 ] DEBUG Engine               - isManualResizeEnabled: false
12:04:33.474 [FXGL Background Thread 3 ] DEBUG Engine               - isMobile: false
12:04:33.474 [FXGL Background Thread 3 ] DEBUG Engine               - isNative: false
12:04:33.474 [FXGL Background Thread 3 ] DEBUG Engine               - isPauseMusicWhenMinimized: true
12:04:33.474 [FXGL Background Thread 3 ] DEBUG Engine               - isPreserveResizeRatio: false
12:04:33.474 [FXGL Background Thread 3 ] DEBUG Engine               - isProfilingEnabled: false
12:04:33.474 [FXGL Background Thread 3 ] DEBUG Engine               - isScaleAffectedOnResize: true
12:04:33.474 [FXGL Background Thread 3 ] DEBUG Engine               - isSingleStep: false
12:04:33.474 [FXGL Background Thread 3 ] DEBUG Engine               - isUserProfileEnabled: false
12:04:33.474 [FXGL Background Thread 3 ] DEBUG Engine               - isWindows: false
12:04:33.474 [FXGL Background Thread 3 ] DEBUG Engine               - language: ObjectProperty [value: ENGLISH]
12:04:33.475 [FXGL Background Thread 3 ] DEBUG Engine               - menuKey: ESCAPE
12:04:33.475 [FXGL Background Thread 3 ] DEBUG Engine               - mouseSensitivity: 0.2
12:04:33.475 [FXGL Background Thread 3 ] DEBUG Engine               - notificationViewClass: class com.almasb.fxgl.notification.view.XboxNotificationView
12:04:33.475 [FXGL Background Thread 3 ] DEBUG Engine               - pixelsPerMeter: 50.0
12:04:33.475 [FXGL Background Thread 3 ] DEBUG Engine               - platform: MAC
12:04:33.475 [FXGL Background Thread 3 ] DEBUG Engine               - prefHeightProperty: ReadOnlyDoubleProperty [value: 720.0]
12:04:33.475 [FXGL Background Thread 3 ] DEBUG Engine               - prefWidthProperty: ReadOnlyDoubleProperty [value: 1280.0]
12:04:33.475 [FXGL Background Thread 3 ] DEBUG Engine               - profileDir: profiles/
12:04:33.475 [FXGL Background Thread 3 ] DEBUG Engine               - profileName: StringProperty [value: DEFAULT]
12:04:33.475 [FXGL Background Thread 3 ] DEBUG Engine               - randomSeed: -1
12:04:33.475 [FXGL Background Thread 3 ] DEBUG Engine               - runtimeInfo: RuntimeInfo(platform=MAC, version=21.1, build=27.03.2024 07.52)
12:04:33.475 [FXGL Background Thread 3 ] DEBUG Engine               - saveFileExt: sav
12:04:33.475 [FXGL Background Thread 3 ] DEBUG Engine               - scaledHeightProp$fxgl: DoubleProperty [bound, value: 720.0]
12:04:33.475 [FXGL Background Thread 3 ] DEBUG Engine               - scaledWidthProp$fxgl: DoubleProperty [bound, value: 1280.0]
12:04:33.475 [FXGL Background Thread 3 ] DEBUG Engine               - sceneFactory: com.almasb.fxgl.app.scene.SceneFactory@4cf03da9
12:04:33.476 [FXGL Background Thread 3 ] DEBUG Engine               - secondsIn24h: 60
12:04:33.476 [FXGL Background Thread 3 ] DEBUG Engine               - soundMenuBack: menu/back.wav
12:04:33.476 [FXGL Background Thread 3 ] DEBUG Engine               - soundMenuPress: menu/press.wav
12:04:33.476 [FXGL Background Thread 3 ] DEBUG Engine               - soundMenuSelect: menu/select.wav
12:04:33.476 [FXGL Background Thread 3 ] DEBUG Engine               - soundNotification: core/notification.wav
12:04:33.476 [FXGL Background Thread 3 ] DEBUG Engine               - stageStyle: DECORATED
12:04:33.476 [FXGL Background Thread 3 ] DEBUG Engine               - supportedLanguages: [ENGLISH, FRENCH, GERMAN, HUNGARIAN, RUSSIAN]
12:04:33.476 [FXGL Background Thread 3 ] DEBUG Engine               - ticksPerSecond: -1
12:04:33.476 [FXGL Background Thread 3 ] DEBUG Engine               - title: Game App
12:04:33.476 [FXGL Background Thread 3 ] DEBUG Engine               - urlGithub: https://github.com/AlmasB/FXGL
12:04:33.476 [FXGL Background Thread 3 ] DEBUG Engine               - urlLeaderboard: http://fxgl-top.herokuapp.com/
12:04:33.476 [FXGL Background Thread 3 ] DEBUG Engine               - urlPOM: https://raw.githubusercontent.com/AlmasB/FXGL/release/README.md
12:04:33.476 [FXGL Background Thread 3 ] DEBUG Engine               - userAppClass: class org.example.capstonee.GameApp
12:04:33.476 [FXGL Background Thread 3 ] DEBUG Engine               - version: 0.1
12:04:33.476 [FXGL Background Thread 3 ] DEBUG Engine               - versionCheckDays: 7
12:04:33.476 [FXGL Background Thread 3 ] DEBUG Engine               - width: 1280
12:04:33.476 [FXGL Background Thread 3 ] DEBUG Engine               - Logging services
12:04:33.476 [FXGL Background Thread 3 ] DEBUG Engine               - class com.almasb.fxgl.app.services.FXGLAssetLoaderService
12:04:33.476 [FXGL Background Thread 3 ] DEBUG Engine               - class com.almasb.fxgl.app.FXGLApplication$GameApplicationService
12:04:33.476 [FXGL Background Thread 3 ] DEBUG Engine               - class com.almasb.fxgl.app.services.FXGLDialogService
12:04:33.476 [FXGL Background Thread 3 ] DEBUG Engine               - class com.almasb.fxgl.app.services.IOTaskExecutorService
12:04:33.477 [FXGL Background Thread 3 ] DEBUG Engine               - class com.almasb.fxgl.io.FileSystemService
12:04:33.477 [FXGL Background Thread 3 ] DEBUG Engine               - class com.almasb.fxgl.localization.LocalizationService
12:04:33.477 [FXGL Background Thread 3 ] DEBUG Engine               - class com.almasb.fxgl.app.services.SystemBundleService
12:04:33.477 [FXGL Background Thread 3 ] DEBUG Engine               - class com.almasb.fxgl.profile.SaveLoadService
12:04:33.477 [FXGL Background Thread 3 ] DEBUG Engine               - class com.almasb.fxgl.ui.FXGLUIFactoryServiceProvider
12:04:33.477 [FXGL Background Thread 3 ] DEBUG Engine               - class com.almasb.fxgl.ui.FXGLDialogFactoryServiceProvider
12:04:33.477 [FXGL Background Thread 3 ] DEBUG Engine               - class com.almasb.fxgl.audio.AudioPlayer
12:04:33.477 [FXGL Background Thread 3 ] DEBUG Engine               - class com.almasb.fxgl.notification.impl.NotificationServiceProvider
12:04:33.477 [FXGL Background Thread 3 ] DEBUG Engine               - class com.almasb.fxgl.achievement.AchievementService
12:04:33.477 [FXGL Background Thread 3 ] DEBUG Engine               - class com.almasb.fxgl.cutscene.CutsceneService
12:04:33.477 [FXGL Background Thread 3 ] DEBUG Engine               - class com.almasb.fxgl.minigames.MiniGameService
12:04:33.477 [FXGL Background Thread 3 ] DEBUG Engine               - class com.almasb.fxgl.net.NetService
12:04:33.477 [FXGL Background Thread 3 ] DEBUG Engine               - class com.almasb.fxgl.app.services.UpdaterService
12:04:33.477 [FXGL Background Thread 3 ] DEBUG Engine               - class com.almasb.fxgl.dev.DevService
12:04:34.586 [JavaFX Application Thread] WARN  FXGLAssetLoaderServi - Asset "/assets/sounds/sounds/hit.wav" was not found!
12:04:34.586 [JavaFX Application Thread] WARN  FXGLAssetLoaderServi - Failed to load SOUND
12:04:34.587 [JavaFX Application Thread] WARN  FXGLAssetLoaderServi - Asset "/assets/sounds/sounds/miss.wav" was not found!
12:04:34.588 [JavaFX Application Thread] WARN  FXGLAssetLoaderServi - Failed to load SOUND
12:04:34.588 [JavaFX Application Thread] WARN  FXGLAssetLoaderServi - Asset "/assets/music/songs/desperato.wav" was not found!
12:04:34.588 [JavaFX Application Thread] WARN  FXGLAssetLoaderServi - Failed to load MUSIC
12:04:37.467 [JavaFX Application Thread] DEBUG AudioPlayer          - Playing music com.almasb.fxgl.audio.Music@775c033f
12:04:37.467 [JavaFX Application Thread] DEBUG AudioPlayer          - Playing music com.almasb.fxgl.audio.Music@775c033f
12:04:52.465 [JavaFX Application Thread] DEBUG FXGLApplication      - Exiting FXGL
12:04:52.465 [JavaFX Application Thread] DEBUG LoopRunner           - Stopping loop
12:04:52.466 [JavaFX Application Thread] DEBUG SystemBundleService  - Saving FXGL system data
12:04:52.467 [JavaFX Application Thread] DEBUG FileSystemAccess     - Writing to: /Users/ajaxestela/IdeaProjects/GitSomeSleep/system/fxgl.bundle
12:04:52.469 [JavaFX Application Thread] DEBUG Async                - Shutting down background threads
12:04:52.469 [JavaFX Application Thread] DEBUG PrimaryStageWindow   - Closing main window
12:04:52.488 [JavaFX Application Thread] DEBUG Logger               - Closing Logger
