06:43:18.254 [main                     ] DEBUG Logger               - Configured Logger
06:43:18.264 [main                     ] DEBUG GameApplication      - Logging settings
Title: Platformer with Rhythm
Version: 0.2
Width: 1280
Height: 720
Fullscreen: false
Intro: false
Profiling: false
Single step:false
App Mode: DEVELOPER
Menu Key: ESCAPE
Stage Style: DECORATED
Scene Factory: class com.almasb.fxgl.app.scene.SceneFactory

06:43:18.928 [JavaFX Application Thread] DEBUG FXGLApplication      - Initializing FXGL
06:43:18.929 [JavaFX Application Thread] INFO  Engine               - FXGL-21.1 (27.03.2024 07.52) on MAC (J:23.0.2 FX:22.0.1)
06:43:18.929 [JavaFX Application Thread] DEBUG Engine               - JRE Vendor Name: Homebrew
06:43:18.929 [JavaFX Application Thread] DEBUG Engine               - Running on OS: Mac OS X version 15.3.2
06:43:18.929 [JavaFX Application Thread] DEBUG Engine               - Architecture: aarch64
06:43:18.929 [JavaFX Application Thread] INFO  Engine               - Source code and latest versions at: https://github.com/AlmasB/FXGL
06:43:18.930 [JavaFX Application Thread] INFO  Engine               -       Ask questions and discuss at: https://github.com/AlmasB/FXGL/discussions
06:43:18.930 [JavaFX Application Thread] INFO  Engine               -              Join the FXGL chat at: https://gitter.im/AlmasB/FXGL
06:43:18.963 [JavaFX Application Thread] DEBUG PrimaryStageWindow   - Creating a JavaFX scene
06:43:18.980 [JavaFX Application Thread] DEBUG PrimaryStageWindow   - Target settings size: 1280.0 x 720.0
06:43:18.981 [JavaFX Application Thread] DEBUG PrimaryStageWindow   - Scaled scene size:    1280.0 x 720.0
06:43:18.981 [JavaFX Application Thread] DEBUG PrimaryStageWindow   - Scaled ratio: (1.0, 1.0)
06:43:18.981 [JavaFX Application Thread] DEBUG PrimaryStageWindow   - Set initial scene to FXGLStartupScene
06:43:18.982 [JavaFX Application Thread] DEBUG PrimaryStageWindow   - Opening main window
06:43:19.072 [JavaFX Application Thread] DEBUG PrimaryStageWindow   - Window border size: (0.0, 28.0)
06:43:19.072 [JavaFX Application Thread] DEBUG PrimaryStageWindow   - Scaled size: 1280.0 x 720.0
06:43:19.072 [JavaFX Application Thread] DEBUG PrimaryStageWindow   - Scaled ratio: (1.0, 1.0)
06:43:19.072 [JavaFX Application Thread] DEBUG PrimaryStageWindow   - Scene size: 1280.0 x 720.0
06:43:19.072 [JavaFX Application Thread] DEBUG PrimaryStageWindow   - Stage size: 1280.0 x 748.0
06:43:19.076 [FXGL Background Thread 1 ] DEBUG Engine               - Initializing environment variables
06:43:19.101 [FXGL Background Thread 1 ] DEBUG FXGLAssetLoaderServi - User app class for loading assets: class org.example.capstonee.GameApp
06:43:19.101 [FXGL Background Thread 1 ] DEBUG GameApplicationServi - Applying CSS: fxgl_dark.css
06:43:19.101 [FXGL Background Thread 1 ] DEBUG FXGLAssetLoaderServi - Loading from file system: jar:file:///Users/ajaxestela/.m2/repository/com/github/almasb/fxgl/21.1/fxgl-21.1.jar!/fxglassets/ui/css/fxgl_dark.css
06:43:19.122 [FXGL Background Thread 1 ] DEBUG GameApplicationServi - Initializing application scenes
06:43:19.278 [FXGL Background Thread 1 ] DEBUG GameWorld            - Game world initialized
06:43:19.428 [FXGL Background Thread 1 ] DEBUG PhysicsWorld         - Physics world initialized: appHeight=720, physics.ppm=50.0
06:43:19.428 [FXGL Background Thread 1 ] DEBUG PhysicsWorld         - Using strategy: BRUTE_FORCE
06:43:19.456 [FXGL Background Thread 1 ] DEBUG GameScene            - Game scene initialized: 1280x720
06:43:19.487 [FXGL Background Thread 1 ] DEBUG FXGL.DefaultMenu     - createMenuBodyGameMenu()
06:43:19.515 [FXGL Background Thread 1 ] DEBUG FXGL.DefaultMenu     - createOptionsMenu()
06:43:19.524 [FXGL Background Thread 1 ] DEBUG FXGLAssetLoaderServi - Loading from file system: jar:file:///Users/ajaxestela/.m2/repository/com/github/almasb/fxgl/21.1/fxgl-21.1.jar!/fxglassets/textures/particles/smoke.png
06:43:19.587 [FXGL Background Thread 1 ] DEBUG FXGLAssetLoaderServi - Loading from file system: jar:file:///Users/ajaxestela/.m2/repository/com/github/almasb/fxgl/21.1/fxgl-21.1.jar!/fxglassets/textures/particles/trace_horizontal.png
06:43:19.598 [FXGL Background Thread 1 ] DEBUG GameApplicationServi - Application scenes initialized
06:43:19.611 [FXGL Background Thread 1 ] DEBUG SystemBundleService  - Loading FXGL system data
06:43:19.615 [FXGL Background Thread 1 ] DEBUG FileSystemAccess     - Reading from: /Users/ajaxestela/IdeaProjects/GitSomeSleep/system/fxgl.bundle
06:43:19.622 [FXGL Background Thread 1 ] DEBUG SystemBundleService  - Bundle FXGL: {}
06:43:19.622 [FXGL Background Thread 1 ] DEBUG UpdaterService       - Checking for updates
06:43:19.624 [FXGL Background Thread 4 ] DEBUG FXGLApplication      - Loading fonts
06:43:19.624 [FXGL Background Thread 4 ] DEBUG FXGLAssetLoaderServi - Loading from file system: jar:file:///Users/ajaxestela/.m2/repository/com/github/almasb/fxgl/21.1/fxgl-21.1.jar!/fxglassets/ui/fonts/VarelaRound-Regular.ttf
06:43:19.624 [FXGL Background Thread 1 ] DEBUG FXGLApplication      - Loading default localization
06:43:19.625 [FXGL Background Thread 1 ] DEBUG FXGLAssetLoaderServi - Loading from file system: jar:file:///Users/ajaxestela/.m2/repository/com/github/almasb/fxgl/21.1/fxgl-21.1.jar!/fxglassets/languages/english.lang
06:43:19.653 [FXGL Background Thread 1 ] INFO  FXGLApplication      - FXGL initialization took: 0.577 sec
06:43:19.662 [JavaFX Application Thread] DEBUG Input                - Registered new binding: Left - A
06:43:19.662 [JavaFX Application Thread] DEBUG Input                - Registered new binding: Right - D
06:43:19.662 [JavaFX Application Thread] DEBUG Input                - Registered new binding: Jump - W
06:43:19.662 [JavaFX Application Thread] DEBUG Input                - Registered new binding: Interact / Confirm - E
06:43:19.663 [JavaFX Application Thread] DEBUG Input                - Registered new binding: RhythmLane0 - F
06:43:19.663 [JavaFX Application Thread] DEBUG Input                - Registered new binding: RhythmLane1 - G
06:43:19.663 [JavaFX Application Thread] DEBUG Input                - Registered new binding: RhythmLane2 - H
06:43:19.663 [JavaFX Application Thread] DEBUG Input                - Registered new binding: RhythmLane3 - J
06:43:19.663 [JavaFX Application Thread] DEBUG Input                - Registered new binding: RhythmStart - Space
06:43:19.663 [JavaFX Application Thread] DEBUG FXGLAssetLoaderServi - Loading from file system: jar:file:///Users/ajaxestela/.m2/repository/com/github/almasb/fxgl/21.1/fxgl-21.1.jar!/fxglassets/textures/fxgl_icon.png
06:43:19.667 [FXGL Background Thread 4 ] DEBUG FXGLAssetLoaderServi - Loading from file system: jar:file:///Users/ajaxestela/.m2/repository/com/github/almasb/fxgl/21.1/fxgl-21.1.jar!/fxglassets/ui/fonts/Abel-Regular.ttf
06:43:19.669 [FXGL Background Thread 4 ] DEBUG FXGLAssetLoaderServi - Loading from file system: jar:file:///Users/ajaxestela/.m2/repository/com/github/almasb/fxgl/21.1/fxgl-21.1.jar!/fxglassets/ui/fonts/TerminalLandMono-Regular.otf
06:43:19.680 [FXGL Background Thread 4 ] DEBUG FXGLAssetLoaderServi - Loading from file system: jar:file:///Users/ajaxestela/.m2/repository/com/github/almasb/fxgl/21.1/fxgl-21.1.jar!/fxglassets/ui/fonts/Courier-Prime.ttf
06:43:19.689 [JavaFX Application Thread] DEBUG FXGLAssetLoaderServi - Loading from file system: jar:file:///Users/ajaxestela/.m2/repository/com/github/almasb/fxgl/21.1/fxgl-21.1.jar!/fxglassets/textures/fxgl_default_cursor.png
06:43:19.690 [JavaFX Application Thread] DEBUG Input                - Registered new binding: Screenshot - CTRL+8
06:43:19.690 [JavaFX Application Thread] DEBUG Input                - Registered new binding: System info dump - CTRL+9
06:43:19.690 [JavaFX Application Thread] DEBUG Input                - Registered new binding: Restart - CTRL+R
06:43:19.690 [JavaFX Application Thread] DEBUG Input                - Registered new binding: Toggle Debug Camera - CTRL+7
06:43:19.691 [JavaFX Application Thread] DEBUG LoopRunner           - Starting loop
06:43:19.691 [JavaFX Application Thread] DEBUG LoopRunner           - Initializing JavaFX AnimationTimerLoop
06:43:19.692 [JavaFX Application Thread] DEBUG GameApplicationServi - Starting new game
06:43:19.692 [JavaFX Application Thread] DEBUG Input                - Clearing active input actions
06:43:19.698 [JavaFX Application Thread] DEBUG GameApplicationServi - Removing overlay from FXGLStartupScene and adding to FXGLLoadingScene
06:43:19.698 [JavaFX Application Thread] DEBUG PrimaryStageWindow   - FXGLStartupScene -> FXGLLoadingScene
06:43:19.698 [JavaFX Application Thread] DEBUG GameApplicationServi - Clearing previous game
06:43:19.698 [JavaFX Application Thread] DEBUG GameScene            - Clearing game scene
06:43:19.698 [JavaFX Application Thread] DEBUG GameWorld            - Clearing game world
06:43:19.698 [JavaFX Application Thread] DEBUG PhysicsWorld         - Clearing physics world
06:43:19.699 [FXGL Background Thread 4 ] DEBUG FXGLApplication      - Initializing game
06:43:19.700 [FXGL Background Thread 4 ] WARN  FXGLAssetLoaderServi - Asset "/assets/sounds/sounds/hit.wav" was not found!
06:43:19.700 [FXGL Background Thread 4 ] WARN  FXGLAssetLoaderServi - Failed to load SOUND
06:43:19.701 [FXGL Background Thread 4 ] WARN  FXGLAssetLoaderServi - Asset "/assets/sounds/sounds/miss.wav" was not found!
06:43:19.701 [FXGL Background Thread 4 ] WARN  FXGLAssetLoaderServi - Failed to load SOUND
06:43:19.784 [JavaFX Application Thread] DEBUG FXGLApplication      - Registering font factories with UI factory
06:43:19.815 [FXGL Background Thread 4 ] WARN  TMXLevelLoader       - TiledMap generated from 1.11.0. Supported version: 1.9.0. Some features may not be parsed fully.
06:43:19.824 [FXGL Background Thread 4 ] DEBUG TMXLevelLoader       - Parsed TiledMap: file:/Users/ajaxestela/IdeaProjects/GitSomeSleep/Capstonee/target/classes/assets/levels/tmx/test.tmx
06:43:19.825 [FXGL Background Thread 4 ] DEBUG TMXLevelLoader       - Creating tile layer entities
06:43:19.825 [FXGL Background Thread 4 ] DEBUG TilesetLoader        - Loading view for layer Tile Layer 1
06:43:19.825 [FXGL Background Thread 4 ] DEBUG TilesetLoader        - Created buffer with size 320.0x320.0
06:43:19.829 [FXGL Background Thread 4 ] DEBUG TMXLevelLoader       - Creating object layer entities
06:43:19.843 [FXGL Background Thread 4 ] DEBUG GameWorld            - Clearing removable entities
06:43:19.843 [FXGL Background Thread 4 ] DEBUG GameWorld            - Setting level: com.almasb.fxgl.entity.level.Level@704047a1
06:43:19.848 [FXGL Background Thread 4 ] WARN  FXGLAssetLoaderServi - Asset "/assets/textures/player.png" was not found!
06:43:19.848 [FXGL Background Thread 4 ] WARN  FXGLAssetLoaderServi - Failed to load IMAGE
06:43:19.923 [FXGL Background Thread 4 ] DEBUG FXGLAssetLoaderServi - Loading from file system: file:/Users/ajaxestela/IdeaProjects/GitSomeSleep/Capstonee/target/classes/assets/textures/background/bruh.jpg
06:43:19.957 [FXGL Background Thread 4 ] INFO  FXGLApplication      - Game initialization took: 0.258 sec
06:43:19.957 [JavaFX Application Thread] DEBUG Input                - Clearing active input actions
06:43:19.963 [JavaFX Application Thread] DEBUG GameApplicationServi - Removing overlay from FXGLLoadingScene and adding to GameScene
06:43:19.963 [JavaFX Application Thread] DEBUG PrimaryStageWindow   - FXGLLoadingScene -> GameScene
06:43:22.497 [JavaFX Application Thread] DEBUG FXGLAssetLoaderServi - Loading from file system: file:/Users/ajaxestela/IdeaProjects/GitSomeSleep/Capstonee/target/classes/assets/music/songs/desperato.wav
06:43:22.629 [FXGL Background Thread 3 ] DEBUG Engine               - Logging environment variables
06:43:22.629 [FXGL Background Thread 3 ] DEBUG Engine               - achievements: []
06:43:22.629 [FXGL Background Thread 3 ] DEBUG Engine               - actualHeight: 720.0
06:43:22.629 [FXGL Background Thread 3 ] DEBUG Engine               - actualHeightProperty: ReadOnlyDoubleProperty [value: 720.0]
06:43:22.629 [FXGL Background Thread 3 ] DEBUG Engine               - actualWidth: 1280.0
06:43:22.629 [FXGL Background Thread 3 ] DEBUG Engine               - actualWidthProperty: ReadOnlyDoubleProperty [value: 1280.0]
06:43:22.629 [FXGL Background Thread 3 ] DEBUG Engine               - appIcon: fxgl_icon.png
06:43:22.629 [FXGL Background Thread 3 ] DEBUG Engine               - applicationMode: DEVELOPER
06:43:22.629 [FXGL Background Thread 3 ] DEBUG Engine               - cSSList: [fxgl_dark.css]
06:43:22.629 [FXGL Background Thread 3 ] DEBUG Engine               - collisionDetectionStrategy: BRUTE_FORCE
06:43:22.629 [FXGL Background Thread 3 ] DEBUG Engine               - configClass: Optional.empty
06:43:22.629 [FXGL Background Thread 3 ] DEBUG Engine               - credits: []
06:43:22.630 [FXGL Background Thread 3 ] DEBUG Engine               - defaultCursor: CursorInfo(imageName=fxgl_default_cursor.png, hotspotX=7.0, hotspotY=6.0)
06:43:22.630 [FXGL Background Thread 3 ] DEBUG Engine               - devBBoxColorProperty: ObjectProperty [value: 0xff0000ff]
06:43:22.630 [FXGL Background Thread 3 ] DEBUG Engine               - devEnableDebugCameraProperty: BooleanProperty [value: false]
06:43:22.630 [FXGL Background Thread 3 ] DEBUG Engine               - devSensorColorProperty: ObjectProperty [value: 0xffff00ff]
06:43:22.630 [FXGL Background Thread 3 ] DEBUG Engine               - devShowBBoxProperty: BooleanProperty [value: false]
06:43:22.630 [FXGL Background Thread 3 ] DEBUG Engine               - devShowPositionProperty: BooleanProperty [value: false]
06:43:22.630 [FXGL Background Thread 3 ] DEBUG Engine               - enabledMenuItems: []
06:43:22.630 [FXGL Background Thread 3 ] DEBUG Engine               - engineServices: [class com.almasb.fxgl.app.services.FXGLAssetLoaderService, class com.almasb.fxgl.app.FXGLApplication$GameApplicationService, class com.almasb.fxgl.app.services.FXGLDialogService, class com.almasb.fxgl.app.services.IOTaskExecutorService, class com.almasb.fxgl.io.FileSystemService, class com.almasb.fxgl.localization.LocalizationService, class com.almasb.fxgl.app.services.SystemBundleService, class com.almasb.fxgl.profile.SaveLoadService, class com.almasb.fxgl.ui.FXGLUIFactoryServiceProvider, class com.almasb.fxgl.ui.FXGLDialogFactoryServiceProvider, class com.almasb.fxgl.audio.AudioPlayer, class com.almasb.fxgl.notification.impl.NotificationServiceProvider, class com.almasb.fxgl.achievement.AchievementService, class com.almasb.fxgl.cutscene.CutsceneService, class com.almasb.fxgl.minigames.MiniGameService, class com.almasb.fxgl.net.NetService, class com.almasb.fxgl.app.services.UpdaterService, class com.almasb.fxgl.dev.DevService]
06:43:22.630 [FXGL Background Thread 3 ] DEBUG Engine               - fontGame: Abel-Regular.ttf
06:43:22.630 [FXGL Background Thread 3 ] DEBUG Engine               - fontMono: TerminalLandMono-Regular.otf
06:43:22.630 [FXGL Background Thread 3 ] DEBUG Engine               - fontSizeScaleUI: 1.0
06:43:22.630 [FXGL Background Thread 3 ] DEBUG Engine               - fontText: Courier-Prime.ttf
06:43:22.630 [FXGL Background Thread 3 ] DEBUG Engine               - fontUI: VarelaRound-Regular.ttf
06:43:22.630 [FXGL Background Thread 3 ] DEBUG Engine               - fullScreen: BooleanProperty [value: false]
06:43:22.630 [FXGL Background Thread 3 ] DEBUG Engine               - gameDifficulty: MEDIUM
06:43:22.630 [FXGL Background Thread 3 ] DEBUG Engine               - gameDifficultyProperty: ObjectProperty [value: MEDIUM]
06:43:22.630 [FXGL Background Thread 3 ] DEBUG Engine               - globalMusicVolume: 0.5
06:43:22.630 [FXGL Background Thread 3 ] DEBUG Engine               - globalMusicVolumeProperty: DoubleProperty [value: 0.5]
06:43:22.630 [FXGL Background Thread 3 ] DEBUG Engine               - globalSoundVolume: 0.5
06:43:22.630 [FXGL Background Thread 3 ] DEBUG Engine               - globalSoundVolumeProperty: DoubleProperty [value: 0.5]
06:43:22.630 [FXGL Background Thread 3 ] DEBUG Engine               - height: 720
06:43:22.630 [FXGL Background Thread 3 ] DEBUG Engine               - is3D: false
06:43:22.630 [FXGL Background Thread 3 ] DEBUG Engine               - isAndroid: false
06:43:22.630 [FXGL Background Thread 3 ] DEBUG Engine               - isBrowser: false
06:43:22.630 [FXGL Background Thread 3 ] DEBUG Engine               - isClickFeedbackEnabled: false
06:43:22.630 [FXGL Background Thread 3 ] DEBUG Engine               - isCloseConfirmation: false
06:43:22.630 [FXGL Background Thread 3 ] DEBUG Engine               - isDesktop: true
06:43:22.630 [FXGL Background Thread 3 ] DEBUG Engine               - isDeveloperMenuEnabled: false
06:43:22.630 [FXGL Background Thread 3 ] DEBUG Engine               - isEmbedded: false
06:43:22.630 [FXGL Background Thread 3 ] DEBUG Engine               - isEntityPreloadEnabled: true
06:43:22.630 [FXGL Background Thread 3 ] DEBUG Engine               - isExperimentalTiledLargeMap: false
06:43:22.630 [FXGL Background Thread 3 ] DEBUG Engine               - isFileSystemWriteAllowed: true
06:43:22.630 [FXGL Background Thread 3 ] DEBUG Engine               - isFullScreenAllowed: false
06:43:22.630 [FXGL Background Thread 3 ] DEBUG Engine               - isFullScreenFromStart: false
06:43:22.630 [FXGL Background Thread 3 ] DEBUG Engine               - isGameMenuEnabled: true
06:43:22.631 [FXGL Background Thread 3 ] DEBUG Engine               - isIOS: false
06:43:22.631 [FXGL Background Thread 3 ] DEBUG Engine               - isIntroEnabled: false
06:43:22.631 [FXGL Background Thread 3 ] DEBUG Engine               - isLinux: false
06:43:22.631 [FXGL Background Thread 3 ] DEBUG Engine               - isMac: true
06:43:22.631 [FXGL Background Thread 3 ] DEBUG Engine               - isMainMenuEnabled: false
06:43:22.631 [FXGL Background Thread 3 ] DEBUG Engine               - isManualResizeEnabled: false
06:43:22.631 [FXGL Background Thread 3 ] DEBUG Engine               - isMobile: false
06:43:22.631 [FXGL Background Thread 3 ] DEBUG Engine               - isNative: false
06:43:22.631 [FXGL Background Thread 3 ] DEBUG Engine               - isPauseMusicWhenMinimized: true
06:43:22.631 [FXGL Background Thread 3 ] DEBUG Engine               - isPreserveResizeRatio: false
06:43:22.631 [FXGL Background Thread 3 ] DEBUG Engine               - isProfilingEnabled: false
06:43:22.631 [FXGL Background Thread 3 ] DEBUG Engine               - isScaleAffectedOnResize: true
06:43:22.631 [FXGL Background Thread 3 ] DEBUG Engine               - isSingleStep: false
06:43:22.631 [FXGL Background Thread 3 ] DEBUG Engine               - isUserProfileEnabled: false
06:43:22.631 [FXGL Background Thread 3 ] DEBUG Engine               - isWindows: false
06:43:22.631 [FXGL Background Thread 3 ] DEBUG Engine               - language: ObjectProperty [value: ENGLISH]
06:43:22.631 [FXGL Background Thread 3 ] DEBUG Engine               - menuKey: ESCAPE
06:43:22.631 [FXGL Background Thread 3 ] DEBUG Engine               - mouseSensitivity: 0.2
06:43:22.631 [FXGL Background Thread 3 ] DEBUG Engine               - notificationViewClass: class com.almasb.fxgl.notification.view.XboxNotificationView
06:43:22.631 [FXGL Background Thread 3 ] DEBUG Engine               - pixelsPerMeter: 50.0
06:43:22.631 [FXGL Background Thread 3 ] DEBUG Engine               - platform: MAC
06:43:22.631 [FXGL Background Thread 3 ] DEBUG Engine               - prefHeightProperty: ReadOnlyDoubleProperty [value: 720.0]
06:43:22.631 [FXGL Background Thread 3 ] DEBUG Engine               - prefWidthProperty: ReadOnlyDoubleProperty [value: 1280.0]
06:43:22.631 [FXGL Background Thread 3 ] DEBUG Engine               - profileDir: profiles/
06:43:22.631 [FXGL Background Thread 3 ] DEBUG Engine               - profileName: StringProperty [value: DEFAULT]
06:43:22.631 [FXGL Background Thread 3 ] DEBUG Engine               - randomSeed: -1
06:43:22.631 [FXGL Background Thread 3 ] DEBUG Engine               - runtimeInfo: RuntimeInfo(platform=MAC, version=21.1, build=27.03.2024 07.52)
06:43:22.631 [FXGL Background Thread 3 ] DEBUG Engine               - saveFileExt: sav
06:43:22.631 [FXGL Background Thread 3 ] DEBUG Engine               - scaledHeightProp$fxgl: DoubleProperty [bound, value: 720.0]
06:43:22.631 [FXGL Background Thread 3 ] DEBUG Engine               - scaledWidthProp$fxgl: DoubleProperty [bound, value: 1280.0]
06:43:22.631 [FXGL Background Thread 3 ] DEBUG Engine               - sceneFactory: com.almasb.fxgl.app.scene.SceneFactory@12b55884
06:43:22.631 [FXGL Background Thread 3 ] DEBUG Engine               - secondsIn24h: 60
06:43:22.631 [FXGL Background Thread 3 ] DEBUG Engine               - soundMenuBack: menu/back.wav
06:43:22.631 [FXGL Background Thread 3 ] DEBUG Engine               - soundMenuPress: menu/press.wav
06:43:22.631 [FXGL Background Thread 3 ] DEBUG Engine               - soundMenuSelect: menu/select.wav
06:43:22.631 [FXGL Background Thread 3 ] DEBUG Engine               - soundNotification: core/notification.wav
06:43:22.631 [FXGL Background Thread 3 ] DEBUG Engine               - stageStyle: DECORATED
06:43:22.631 [FXGL Background Thread 3 ] DEBUG Engine               - supportedLanguages: [ENGLISH, FRENCH, GERMAN, HUNGARIAN, RUSSIAN]
06:43:22.631 [FXGL Background Thread 3 ] DEBUG Engine               - ticksPerSecond: -1
06:43:22.631 [FXGL Background Thread 3 ] DEBUG Engine               - title: Platformer with Rhythm
06:43:22.631 [FXGL Background Thread 3 ] DEBUG Engine               - urlGithub: https://github.com/AlmasB/FXGL
06:43:22.631 [FXGL Background Thread 3 ] DEBUG Engine               - urlLeaderboard: http://fxgl-top.herokuapp.com/
06:43:22.631 [FXGL Background Thread 3 ] DEBUG Engine               - urlPOM: https://raw.githubusercontent.com/AlmasB/FXGL/release/README.md
06:43:22.631 [FXGL Background Thread 3 ] DEBUG Engine               - userAppClass: class org.example.capstonee.GameApp
06:43:22.631 [FXGL Background Thread 3 ] DEBUG Engine               - version: 0.2
06:43:22.631 [FXGL Background Thread 3 ] DEBUG Engine               - versionCheckDays: 7
06:43:22.631 [FXGL Background Thread 3 ] DEBUG Engine               - width: 1280
06:43:22.631 [FXGL Background Thread 3 ] DEBUG Engine               - Logging services
06:43:22.631 [FXGL Background Thread 3 ] DEBUG Engine               - class com.almasb.fxgl.app.services.FXGLAssetLoaderService
06:43:22.631 [FXGL Background Thread 3 ] DEBUG Engine               - class com.almasb.fxgl.app.FXGLApplication$GameApplicationService
06:43:22.631 [FXGL Background Thread 3 ] DEBUG Engine               - class com.almasb.fxgl.app.services.FXGLDialogService
06:43:22.631 [FXGL Background Thread 3 ] DEBUG Engine               - class com.almasb.fxgl.app.services.IOTaskExecutorService
06:43:22.632 [FXGL Background Thread 3 ] DEBUG Engine               - class com.almasb.fxgl.io.FileSystemService
06:43:22.632 [FXGL Background Thread 3 ] DEBUG Engine               - class com.almasb.fxgl.localization.LocalizationService
06:43:22.632 [FXGL Background Thread 3 ] DEBUG Engine               - class com.almasb.fxgl.app.services.SystemBundleService
06:43:22.632 [FXGL Background Thread 3 ] DEBUG Engine               - class com.almasb.fxgl.profile.SaveLoadService
06:43:22.632 [FXGL Background Thread 3 ] DEBUG Engine               - class com.almasb.fxgl.ui.FXGLUIFactoryServiceProvider
06:43:22.632 [FXGL Background Thread 3 ] DEBUG Engine               - class com.almasb.fxgl.ui.FXGLDialogFactoryServiceProvider
06:43:22.632 [FXGL Background Thread 3 ] DEBUG Engine               - class com.almasb.fxgl.audio.AudioPlayer
06:43:22.632 [FXGL Background Thread 3 ] DEBUG Engine               - class com.almasb.fxgl.notification.impl.NotificationServiceProvider
06:43:22.632 [FXGL Background Thread 3 ] DEBUG Engine               - class com.almasb.fxgl.achievement.AchievementService
06:43:22.632 [FXGL Background Thread 3 ] DEBUG Engine               - class com.almasb.fxgl.cutscene.CutsceneService
06:43:22.632 [FXGL Background Thread 3 ] DEBUG Engine               - class com.almasb.fxgl.minigames.MiniGameService
06:43:22.632 [FXGL Background Thread 3 ] DEBUG Engine               - class com.almasb.fxgl.net.NetService
06:43:22.632 [FXGL Background Thread 3 ] DEBUG Engine               - class com.almasb.fxgl.app.services.UpdaterService
06:43:22.632 [FXGL Background Thread 3 ] DEBUG Engine               - class com.almasb.fxgl.dev.DevService
06:43:25.422 [JavaFX Application Thread] DEBUG AudioPlayer          - Playing music com.almasb.fxgl.audio.Music@534f6e0
06:43:34.164 [JavaFX Application Thread] DEBUG FXGLApplication      - Exiting FXGL
06:43:34.165 [JavaFX Application Thread] DEBUG LoopRunner           - Stopping loop
06:43:34.165 [JavaFX Application Thread] DEBUG SystemBundleService  - Saving FXGL system data
06:43:34.167 [JavaFX Application Thread] DEBUG FileSystemAccess     - Writing to: /Users/ajaxestela/IdeaProjects/GitSomeSleep/system/fxgl.bundle
06:43:34.170 [JavaFX Application Thread] DEBUG Async                - Shutting down background threads
06:43:34.170 [JavaFX Application Thread] DEBUG PrimaryStageWindow   - Closing main window
06:43:34.207 [JavaFX Application Thread] DEBUG Logger               - Closing Logger
