10:04:55.383 [main                     ] DEBUG Logger               - Configured Logger
10:04:55.402 [main                     ] DEBUG GameApplication      - Logging settings
Title: Platformer with Rhythm
Version: 0.2
Width: 1280
Height: 720
Fullscreen: false
Intro: false
Profiling: false
Single step:false
App Mode: DEVELOPER
Menu Key: ESCAPE
Stage Style: DECORATED
Scene Factory: class com.almasb.fxgl.app.scene.SceneFactory

10:04:55.661 [JavaFX Application Thread] DEBUG FXGLApplication      - Initializing FXGL
10:04:55.665 [JavaFX Application Thread] INFO  Engine               - FXGL-21.1 (27.03.2024 07.52) on WINDOWS (J:23 FX:22.0.1)
10:04:55.665 [JavaFX Application Thread] DEBUG Engine               - JRE Vendor Name: Oracle Corporation
10:04:55.665 [JavaFX Application Thread] DEBUG Engine               - Running on OS: Windows 10 version 10.0
10:04:55.665 [JavaFX Application Thread] DEBUG Engine               - Architecture: amd64
10:04:55.665 [JavaFX Application Thread] INFO  Engine               - Source code and latest versions at: https://github.com/AlmasB/FXGL
10:04:55.665 [JavaFX Application Thread] INFO  Engine               -       Ask questions and discuss at: https://github.com/AlmasB/FXGL/discussions
10:04:55.665 [JavaFX Application Thread] INFO  Engine               -              Join the FXGL chat at: https://gitter.im/AlmasB/FXGL
10:04:55.737 [JavaFX Application Thread] DEBUG PrimaryStageWindow   - Creating a JavaFX scene
10:04:55.778 [JavaFX Application Thread] DEBUG PrimaryStageWindow   - Target settings size: 1280.0 x 720.0
10:04:55.779 [JavaFX Application Thread] DEBUG PrimaryStageWindow   - Scaled scene size:    1280.0 x 720.0
10:04:55.779 [JavaFX Application Thread] DEBUG PrimaryStageWindow   - Scaled ratio: (1.0, 1.0)
10:04:55.780 [JavaFX Application Thread] DEBUG PrimaryStageWindow   - Set initial scene to FXGLStartupScene
10:04:55.783 [JavaFX Application Thread] DEBUG PrimaryStageWindow   - Opening main window
10:04:56.019 [JavaFX Application Thread] DEBUG PrimaryStageWindow   - Window border size: (16.0, 39.0)
10:04:56.019 [JavaFX Application Thread] DEBUG PrimaryStageWindow   - Scaled size: 1280.0 x 720.0
10:04:56.019 [JavaFX Application Thread] DEBUG PrimaryStageWindow   - Scaled ratio: (1.0, 1.0)
10:04:56.020 [JavaFX Application Thread] DEBUG PrimaryStageWindow   - Scene size: 1280.0 x 720.0
10:04:56.020 [JavaFX Application Thread] DEBUG PrimaryStageWindow   - Stage size: 1296.0 x 759.0
10:04:56.028 [FXGL Background Thread 1 ] DEBUG Engine               - Initializing environment variables
10:04:56.109 [FXGL Background Thread 1 ] DEBUG FXGLAssetLoaderServi - User app class for loading assets: class org.example.capstonee.GameApp
10:04:56.109 [FXGL Background Thread 1 ] DEBUG GameApplicationServi - Applying CSS: fxgl_dark.css
10:04:56.110 [FXGL Background Thread 1 ] DEBUG FXGLAssetLoaderServi - Loading from file system: jar:file:///C:/Users/Admin/.m2/repository/com/github/almasb/fxgl/21.1/fxgl-21.1.jar!/fxglassets/ui/css/fxgl_dark.css
10:04:56.159 [FXGL Background Thread 1 ] DEBUG GameApplicationServi - Initializing application scenes
10:04:56.193 [FXGL Background Thread 1 ] DEBUG GameWorld            - Game world initialized
10:04:56.254 [FXGL Background Thread 1 ] DEBUG PhysicsWorld         - Physics world initialized: appHeight=720, physics.ppm=50.0
10:04:56.254 [FXGL Background Thread 1 ] DEBUG PhysicsWorld         - Using strategy: BRUTE_FORCE
10:04:56.259 [FXGL Background Thread 1 ] DEBUG GameScene            - Game scene initialized: 1280x720
10:04:56.271 [FXGL Background Thread 1 ] DEBUG FXGL.DefaultMenu     - createMenuBodyMainMenu()
10:04:56.282 [FXGL Background Thread 1 ] DEBUG FXGL.DefaultMenu     - createOptionsMenu()
10:04:56.290 [FXGL Background Thread 1 ] DEBUG FXGLAssetLoaderServi - Loading from file system: jar:file:///C:/Users/Admin/.m2/repository/com/github/almasb/fxgl/21.1/fxgl-21.1.jar!/fxglassets/textures/particles/smoke.png
10:04:56.363 [FXGL Background Thread 1 ] DEBUG FXGLAssetLoaderServi - Loading from file system: jar:file:///C:/Users/Admin/.m2/repository/com/github/almasb/fxgl/21.1/fxgl-21.1.jar!/fxglassets/textures/particles/trace_horizontal.png
10:04:56.383 [FXGL Background Thread 1 ] DEBUG FXGL.DefaultMenu     - createMenuBodyGameMenu()
10:04:56.383 [FXGL Background Thread 1 ] DEBUG FXGL.DefaultMenu     - createOptionsMenu()
10:04:56.395 [FXGL Background Thread 1 ] DEBUG GameApplicationServi - Application scenes initialized
10:04:56.403 [FXGL Background Thread 1 ] DEBUG SystemBundleService  - Loading FXGL system data
10:04:56.406 [FXGL Background Thread 1 ] DEBUG FileSystemAccess     - Reading from: C:\Users\Admin\IdeaProjects\GitSomeSleep\system\fxgl.bundle
10:04:56.411 [FXGL Background Thread 1 ] DEBUG SystemBundleService  - Bundle FXGL: {}
10:04:56.411 [FXGL Background Thread 1 ] DEBUG UpdaterService       - Checking for updates
10:04:56.413 [FXGL Background Thread 4 ] DEBUG FXGLApplication      - Loading fonts
10:04:56.414 [FXGL Background Thread 4 ] DEBUG FXGLAssetLoaderServi - Loading from file system: jar:file:///C:/Users/Admin/.m2/repository/com/github/almasb/fxgl/21.1/fxgl-21.1.jar!/fxglassets/ui/fonts/VarelaRound-Regular.ttf
10:04:56.414 [FXGL Background Thread 1 ] DEBUG FXGLApplication      - Loading default localization
10:04:56.414 [FXGL Background Thread 1 ] DEBUG FXGLAssetLoaderServi - Loading from file system: jar:file:///C:/Users/Admin/.m2/repository/com/github/almasb/fxgl/21.1/fxgl-21.1.jar!/fxglassets/languages/english.lang
10:04:56.445 [FXGL Background Thread 1 ] INFO  FXGLApplication      - FXGL initialization took: 0.417 sec
10:04:56.453 [FXGL Background Thread 4 ] DEBUG FXGLAssetLoaderServi - Loading from file system: jar:file:///C:/Users/Admin/.m2/repository/com/github/almasb/fxgl/21.1/fxgl-21.1.jar!/fxglassets/ui/fonts/Abel-Regular.ttf
10:04:56.456 [JavaFX Application Thread] DEBUG Input                - Registered new binding: Left - A
10:04:56.456 [JavaFX Application Thread] DEBUG Input                - Registered new binding: Right - D
10:04:56.456 [JavaFX Application Thread] DEBUG Input                - Registered new binding: Jump - W
10:04:56.457 [JavaFX Application Thread] DEBUG Input                - Registered new binding: Interact / Confirm - E
10:04:56.457 [JavaFX Application Thread] DEBUG Input                - Registered new binding: RhythmLane0 - H
10:04:56.457 [JavaFX Application Thread] DEBUG Input                - Registered new binding: RhythmLane1 - J
10:04:56.457 [JavaFX Application Thread] DEBUG Input                - Registered new binding: RhythmLane2 - K
10:04:56.457 [JavaFX Application Thread] DEBUG Input                - Registered new binding: RhythmLane3 - L
10:04:56.457 [JavaFX Application Thread] DEBUG Input                - Registered new binding: RhythmStart - Space
10:04:56.457 [JavaFX Application Thread] DEBUG FXGLAssetLoaderServi - Loading from file system: jar:file:///C:/Users/Admin/.m2/repository/com/github/almasb/fxgl/21.1/fxgl-21.1.jar!/fxglassets/textures/fxgl_icon.png
10:04:56.458 [FXGL Background Thread 4 ] DEBUG FXGLAssetLoaderServi - Loading from file system: jar:file:///C:/Users/Admin/.m2/repository/com/github/almasb/fxgl/21.1/fxgl-21.1.jar!/fxglassets/ui/fonts/TerminalLandMono-Regular.otf
10:04:56.460 [FXGL Background Thread 4 ] DEBUG FXGLAssetLoaderServi - Loading from file system: jar:file:///C:/Users/Admin/.m2/repository/com/github/almasb/fxgl/21.1/fxgl-21.1.jar!/fxglassets/ui/fonts/Courier-Prime.ttf
10:04:56.477 [JavaFX Application Thread] DEBUG FXGLAssetLoaderServi - Loading from file system: jar:file:///C:/Users/Admin/.m2/repository/com/github/almasb/fxgl/21.1/fxgl-21.1.jar!/fxglassets/textures/fxgl_default_cursor.png
10:04:56.479 [JavaFX Application Thread] DEBUG Input                - Registered new binding: Screenshot - CTRL+8
10:04:56.479 [JavaFX Application Thread] DEBUG Input                - Registered new binding: System info dump - CTRL+9
10:04:56.480 [JavaFX Application Thread] DEBUG Input                - Registered new binding: Restart - CTRL+R
10:04:56.480 [JavaFX Application Thread] DEBUG Input                - Registered new binding: Toggle Debug Camera - CTRL+7
10:04:56.484 [JavaFX Application Thread] DEBUG LoopRunner           - Starting loop
10:04:56.484 [JavaFX Application Thread] DEBUG LoopRunner           - Initializing JavaFX AnimationTimerLoop
10:04:56.486 [JavaFX Application Thread] DEBUG Input                - Clearing active input actions
10:04:56.491 [JavaFX Application Thread] DEBUG GameApplicationServi - Removing overlay from FXGLStartupScene and adding to FXGLMainMenuDummyScene
10:04:56.492 [JavaFX Application Thread] DEBUG PrimaryStageWindow   - FXGLStartupScene -> FXGLMainMenuDummyScene
10:04:56.492 [JavaFX Application Thread] DEBUG PrimaryStageWindow   - Push state: FXGLDefaultMenu
10:04:56.496 [JavaFX Application Thread] DEBUG Input                - Clearing active input actions
10:04:56.504 [JavaFX Application Thread] DEBUG GameApplicationServi - Removing overlay from FXGLMainMenuDummyScene and adding to FXGLDefaultMenu
10:04:56.504 [JavaFX Application Thread] DEBUG PrimaryStageWindow   - FXGLMainMenuDummyScene -> FXGLDefaultMenu
10:04:56.505 [JavaFX Application Thread] DEBUG FXGLApplication      - Registering font factories with UI factory
10:04:58.797 [JavaFX Application Thread] DEBUG Menu                 - fireNewGame()
10:04:58.798 [JavaFX Application Thread] DEBUG GameApplicationServi - Starting new game
10:04:58.800 [JavaFX Application Thread] DEBUG PrimaryStageWindow   - Pop state: FXGLDefaultMenu
10:04:58.800 [JavaFX Application Thread] DEBUG Input                - Clearing active input actions
10:04:58.801 [JavaFX Application Thread] DEBUG GameApplicationServi - Removing overlay from FXGLDefaultMenu and adding to FXGLMainMenuDummyScene
10:04:58.801 [JavaFX Application Thread] DEBUG PrimaryStageWindow   - FXGLMainMenuDummyScene <- FXGLDefaultMenu
10:04:58.801 [JavaFX Application Thread] DEBUG Input                - Clearing active input actions
10:04:58.809 [JavaFX Application Thread] DEBUG GameApplicationServi - Removing overlay from FXGLMainMenuDummyScene and adding to FXGLLoadingScene
10:04:58.809 [JavaFX Application Thread] DEBUG PrimaryStageWindow   - FXGLMainMenuDummyScene -> FXGLLoadingScene
10:04:58.809 [JavaFX Application Thread] DEBUG GameApplicationServi - Clearing previous game
10:04:58.809 [JavaFX Application Thread] DEBUG GameScene            - Clearing game scene
10:04:58.809 [JavaFX Application Thread] DEBUG GameWorld            - Clearing game world
10:04:58.809 [JavaFX Application Thread] DEBUG PhysicsWorld         - Clearing physics world
10:04:58.812 [FXGL Background Thread 2 ] DEBUG FXGLApplication      - Initializing game
10:04:58.814 [FXGL Background Thread 2 ] WARN  FXGLAssetLoaderServi - Asset "/assets/sounds/sounds/hit.wav" was not found!
10:04:58.815 [FXGL Background Thread 2 ] WARN  FXGLAssetLoaderServi - Failed to load SOUND
10:04:58.817 [FXGL Background Thread 2 ] WARN  FXGLAssetLoaderServi - Asset "/assets/sounds/sounds/miss.wav" was not found!
10:04:58.817 [FXGL Background Thread 2 ] WARN  FXGLAssetLoaderServi - Failed to load SOUND
10:04:58.901 [FXGL Background Thread 2 ] WARN  TMXLevelLoader       - TiledMap generated from 1.11.0. Supported version: 1.9.0. Some features may not be parsed fully.
10:04:58.910 [FXGL Background Thread 2 ] DEBUG TMXLevelLoader       - Parsed TiledMap: file:/C:/Users/Admin/IdeaProjects/GitSomeSleep/Capstonee/target/classes/assets/levels/tmx/test.tmx
10:04:58.911 [FXGL Background Thread 2 ] DEBUG TMXLevelLoader       - Creating tile layer entities
10:04:58.912 [FXGL Background Thread 2 ] DEBUG TilesetLoader        - Loading view for layer Tile Layer 1
10:04:58.912 [FXGL Background Thread 2 ] DEBUG TilesetLoader        - Created buffer with size 320.0x320.0
10:04:58.920 [FXGL Background Thread 2 ] DEBUG TMXLevelLoader       - Creating object layer entities
10:04:58.949 [FXGL Background Thread 2 ] DEBUG GameWorld            - Clearing removable entities
10:04:58.950 [FXGL Background Thread 2 ] DEBUG GameWorld            - Setting level: com.almasb.fxgl.entity.level.Level@31061ff3
10:04:58.960 [FXGL Background Thread 2 ] WARN  FXGLAssetLoaderServi - Asset "/assets/textures/player.png" was not found!
10:04:58.960 [FXGL Background Thread 2 ] WARN  FXGLAssetLoaderServi - Failed to load IMAGE
10:04:58.981 [FXGL Background Thread 2 ] DEBUG FXGLAssetLoaderServi - Loading from file system: file:/C:/Users/Admin/IdeaProjects/GitSomeSleep/Capstonee/target/classes/assets/textures/background/bruh.jpg
10:04:59.029 [FXGL Background Thread 2 ] INFO  FXGLApplication      - Game initialization took: 0.217 sec
10:04:59.030 [JavaFX Application Thread] DEBUG Input                - Clearing active input actions
10:04:59.043 [JavaFX Application Thread] DEBUG GameApplicationServi - Removing overlay from FXGLLoadingScene and adding to GameScene
10:04:59.044 [JavaFX Application Thread] DEBUG PrimaryStageWindow   - FXGLLoadingScene -> GameScene
10:04:59.414 [FXGL Background Thread 3 ] DEBUG Engine               - Logging environment variables
10:04:59.415 [FXGL Background Thread 3 ] DEBUG Engine               - achievements: []
10:04:59.415 [FXGL Background Thread 3 ] DEBUG Engine               - actualHeight: 720.0
10:04:59.415 [FXGL Background Thread 3 ] DEBUG Engine               - actualHeightProperty: ReadOnlyDoubleProperty [value: 720.0]
10:04:59.415 [FXGL Background Thread 3 ] DEBUG Engine               - actualWidth: 1280.0
10:04:59.415 [FXGL Background Thread 3 ] DEBUG Engine               - actualWidthProperty: ReadOnlyDoubleProperty [value: 1280.0]
10:04:59.415 [FXGL Background Thread 3 ] DEBUG Engine               - appIcon: fxgl_icon.png
10:04:59.415 [FXGL Background Thread 3 ] DEBUG Engine               - applicationMode: DEVELOPER
10:04:59.415 [FXGL Background Thread 3 ] DEBUG Engine               - cSSList: [fxgl_dark.css]
10:04:59.415 [FXGL Background Thread 3 ] DEBUG Engine               - collisionDetectionStrategy: BRUTE_FORCE
10:04:59.415 [FXGL Background Thread 3 ] DEBUG Engine               - configClass: Optional.empty
10:04:59.415 [FXGL Background Thread 3 ] DEBUG Engine               - credits: []
10:04:59.416 [FXGL Background Thread 3 ] DEBUG Engine               - defaultCursor: CursorInfo(imageName=fxgl_default_cursor.png, hotspotX=7.0, hotspotY=6.0)
10:04:59.417 [FXGL Background Thread 3 ] DEBUG Engine               - devBBoxColorProperty: ObjectProperty [value: 0xff0000ff]
10:04:59.417 [FXGL Background Thread 3 ] DEBUG Engine               - devEnableDebugCameraProperty: BooleanProperty [value: false]
10:04:59.417 [FXGL Background Thread 3 ] DEBUG Engine               - devSensorColorProperty: ObjectProperty [value: 0xffff00ff]
10:04:59.417 [FXGL Background Thread 3 ] DEBUG Engine               - devShowBBoxProperty: BooleanProperty [value: false]
10:04:59.417 [FXGL Background Thread 3 ] DEBUG Engine               - devShowPositionProperty: BooleanProperty [value: false]
10:04:59.417 [FXGL Background Thread 3 ] DEBUG Engine               - enabledMenuItems: []
10:04:59.417 [FXGL Background Thread 3 ] DEBUG Engine               - engineServices: [class com.almasb.fxgl.app.services.FXGLAssetLoaderService, class com.almasb.fxgl.app.FXGLApplication$GameApplicationService, class com.almasb.fxgl.app.services.FXGLDialogService, class com.almasb.fxgl.app.services.IOTaskExecutorService, class com.almasb.fxgl.io.FileSystemService, class com.almasb.fxgl.localization.LocalizationService, class com.almasb.fxgl.app.services.SystemBundleService, class com.almasb.fxgl.profile.SaveLoadService, class com.almasb.fxgl.ui.FXGLUIFactoryServiceProvider, class com.almasb.fxgl.ui.FXGLDialogFactoryServiceProvider, class com.almasb.fxgl.audio.AudioPlayer, class com.almasb.fxgl.notification.impl.NotificationServiceProvider, class com.almasb.fxgl.achievement.AchievementService, class com.almasb.fxgl.cutscene.CutsceneService, class com.almasb.fxgl.minigames.MiniGameService, class com.almasb.fxgl.net.NetService, class com.almasb.fxgl.app.services.UpdaterService, class com.almasb.fxgl.dev.DevService]
10:04:59.417 [FXGL Background Thread 3 ] DEBUG Engine               - fontGame: Abel-Regular.ttf
10:04:59.417 [FXGL Background Thread 3 ] DEBUG Engine               - fontMono: TerminalLandMono-Regular.otf
10:04:59.417 [FXGL Background Thread 3 ] DEBUG Engine               - fontSizeScaleUI: 1.0
10:04:59.417 [FXGL Background Thread 3 ] DEBUG Engine               - fontText: Courier-Prime.ttf
10:04:59.417 [FXGL Background Thread 3 ] DEBUG Engine               - fontUI: VarelaRound-Regular.ttf
10:04:59.417 [FXGL Background Thread 3 ] DEBUG Engine               - fullScreen: BooleanProperty [value: false]
10:04:59.417 [FXGL Background Thread 3 ] DEBUG Engine               - gameDifficulty: MEDIUM
10:04:59.417 [FXGL Background Thread 3 ] DEBUG Engine               - gameDifficultyProperty: ObjectProperty [value: MEDIUM]
10:04:59.418 [FXGL Background Thread 3 ] DEBUG Engine               - globalMusicVolume: 0.5
10:04:59.418 [FXGL Background Thread 3 ] DEBUG Engine               - globalMusicVolumeProperty: DoubleProperty [value: 0.5]
10:04:59.418 [FXGL Background Thread 3 ] DEBUG Engine               - globalSoundVolume: 0.5
10:04:59.418 [FXGL Background Thread 3 ] DEBUG Engine               - globalSoundVolumeProperty: DoubleProperty [value: 0.5]
10:04:59.418 [FXGL Background Thread 3 ] DEBUG Engine               - height: 720
10:04:59.418 [FXGL Background Thread 3 ] DEBUG Engine               - is3D: false
10:04:59.418 [FXGL Background Thread 3 ] DEBUG Engine               - isAndroid: false
10:04:59.418 [FXGL Background Thread 3 ] DEBUG Engine               - isBrowser: false
10:04:59.418 [FXGL Background Thread 3 ] DEBUG Engine               - isClickFeedbackEnabled: false
10:04:59.418 [FXGL Background Thread 3 ] DEBUG Engine               - isCloseConfirmation: false
10:04:59.418 [FXGL Background Thread 3 ] DEBUG Engine               - isDesktop: true
10:04:59.418 [FXGL Background Thread 3 ] DEBUG Engine               - isDeveloperMenuEnabled: false
10:04:59.418 [FXGL Background Thread 3 ] DEBUG Engine               - isEmbedded: false
10:04:59.418 [FXGL Background Thread 3 ] DEBUG Engine               - isEntityPreloadEnabled: true
10:04:59.418 [FXGL Background Thread 3 ] DEBUG Engine               - isExperimentalTiledLargeMap: false
10:04:59.418 [FXGL Background Thread 3 ] DEBUG Engine               - isFileSystemWriteAllowed: true
10:04:59.418 [FXGL Background Thread 3 ] DEBUG Engine               - isFullScreenAllowed: false
10:04:59.418 [FXGL Background Thread 3 ] DEBUG Engine               - isFullScreenFromStart: false
10:04:59.418 [FXGL Background Thread 3 ] DEBUG Engine               - isGameMenuEnabled: true
10:04:59.418 [FXGL Background Thread 3 ] DEBUG Engine               - isIOS: false
10:04:59.418 [FXGL Background Thread 3 ] DEBUG Engine               - isIntroEnabled: false
10:04:59.418 [FXGL Background Thread 3 ] DEBUG Engine               - isLinux: false
10:04:59.418 [FXGL Background Thread 3 ] DEBUG Engine               - isMac: false
10:04:59.419 [FXGL Background Thread 3 ] DEBUG Engine               - isMainMenuEnabled: true
10:04:59.419 [FXGL Background Thread 3 ] DEBUG Engine               - isManualResizeEnabled: false
10:04:59.419 [FXGL Background Thread 3 ] DEBUG Engine               - isMobile: false
10:04:59.419 [FXGL Background Thread 3 ] DEBUG Engine               - isNative: false
10:04:59.419 [FXGL Background Thread 3 ] DEBUG Engine               - isPauseMusicWhenMinimized: true
10:04:59.419 [FXGL Background Thread 3 ] DEBUG Engine               - isPreserveResizeRatio: false
10:04:59.419 [FXGL Background Thread 3 ] DEBUG Engine               - isProfilingEnabled: false
10:04:59.419 [FXGL Background Thread 3 ] DEBUG Engine               - isScaleAffectedOnResize: true
10:04:59.419 [FXGL Background Thread 3 ] DEBUG Engine               - isSingleStep: false
10:04:59.419 [FXGL Background Thread 3 ] DEBUG Engine               - isUserProfileEnabled: false
10:04:59.419 [FXGL Background Thread 3 ] DEBUG Engine               - isWindows: true
10:04:59.419 [FXGL Background Thread 3 ] DEBUG Engine               - language: ObjectProperty [value: ENGLISH]
10:04:59.419 [FXGL Background Thread 3 ] DEBUG Engine               - menuKey: ESCAPE
10:04:59.419 [FXGL Background Thread 3 ] DEBUG Engine               - mouseSensitivity: 0.2
10:04:59.419 [FXGL Background Thread 3 ] DEBUG Engine               - notificationViewClass: class com.almasb.fxgl.notification.view.XboxNotificationView
10:04:59.419 [FXGL Background Thread 3 ] DEBUG Engine               - pixelsPerMeter: 50.0
10:04:59.419 [FXGL Background Thread 3 ] DEBUG Engine               - platform: WINDOWS
10:04:59.419 [FXGL Background Thread 3 ] DEBUG Engine               - prefHeightProperty: ReadOnlyDoubleProperty [value: 720.0]
10:04:59.419 [FXGL Background Thread 3 ] DEBUG Engine               - prefWidthProperty: ReadOnlyDoubleProperty [value: 1280.0]
10:04:59.419 [FXGL Background Thread 3 ] DEBUG Engine               - profileDir: profiles/
10:04:59.419 [FXGL Background Thread 3 ] DEBUG Engine               - profileName: StringProperty [value: DEFAULT]
10:04:59.419 [FXGL Background Thread 3 ] DEBUG Engine               - randomSeed: -1
10:04:59.420 [FXGL Background Thread 3 ] DEBUG Engine               - runtimeInfo: RuntimeInfo(platform=WINDOWS, version=21.1, build=27.03.2024 07.52)
10:04:59.420 [FXGL Background Thread 3 ] DEBUG Engine               - saveFileExt: sav
10:04:59.420 [FXGL Background Thread 3 ] DEBUG Engine               - scaledHeightProp$fxgl: DoubleProperty [bound, value: 720.0]
10:04:59.420 [FXGL Background Thread 3 ] DEBUG Engine               - scaledWidthProp$fxgl: DoubleProperty [bound, value: 1280.0]
10:04:59.420 [FXGL Background Thread 3 ] DEBUG Engine               - sceneFactory: com.almasb.fxgl.app.scene.SceneFactory@32b20919
10:04:59.420 [FXGL Background Thread 3 ] DEBUG Engine               - secondsIn24h: 60
10:04:59.420 [FXGL Background Thread 3 ] DEBUG Engine               - soundMenuBack: menu/back.wav
10:04:59.420 [FXGL Background Thread 3 ] DEBUG Engine               - soundMenuPress: menu/press.wav
10:04:59.420 [FXGL Background Thread 3 ] DEBUG Engine               - soundMenuSelect: menu/select.wav
10:04:59.420 [FXGL Background Thread 3 ] DEBUG Engine               - soundNotification: core/notification.wav
10:04:59.420 [FXGL Background Thread 3 ] DEBUG Engine               - stageStyle: DECORATED
10:04:59.420 [FXGL Background Thread 3 ] DEBUG Engine               - supportedLanguages: [ENGLISH, FRENCH, GERMAN, HUNGARIAN, RUSSIAN]
10:04:59.420 [FXGL Background Thread 3 ] DEBUG Engine               - ticksPerSecond: -1
10:04:59.420 [FXGL Background Thread 3 ] DEBUG Engine               - title: Platformer with Rhythm
10:04:59.420 [FXGL Background Thread 3 ] DEBUG Engine               - urlGithub: https://github.com/AlmasB/FXGL
10:04:59.421 [FXGL Background Thread 3 ] DEBUG Engine               - urlLeaderboard: http://fxgl-top.herokuapp.com/
10:04:59.421 [FXGL Background Thread 3 ] DEBUG Engine               - urlPOM: https://raw.githubusercontent.com/AlmasB/FXGL/release/README.md
10:04:59.421 [FXGL Background Thread 3 ] DEBUG Engine               - userAppClass: class org.example.capstonee.GameApp
10:04:59.421 [FXGL Background Thread 3 ] DEBUG Engine               - version: 0.2
10:04:59.421 [FXGL Background Thread 3 ] DEBUG Engine               - versionCheckDays: 7
10:04:59.421 [FXGL Background Thread 3 ] DEBUG Engine               - width: 1280
10:04:59.421 [FXGL Background Thread 3 ] DEBUG Engine               - Logging services
10:04:59.421 [FXGL Background Thread 3 ] DEBUG Engine               - class com.almasb.fxgl.app.services.FXGLAssetLoaderService
10:04:59.421 [FXGL Background Thread 3 ] DEBUG Engine               - class com.almasb.fxgl.app.FXGLApplication$GameApplicationService
10:04:59.421 [FXGL Background Thread 3 ] DEBUG Engine               - class com.almasb.fxgl.app.services.FXGLDialogService
10:04:59.421 [FXGL Background Thread 3 ] DEBUG Engine               - class com.almasb.fxgl.app.services.IOTaskExecutorService
10:04:59.421 [FXGL Background Thread 3 ] DEBUG Engine               - class com.almasb.fxgl.io.FileSystemService
10:04:59.421 [FXGL Background Thread 3 ] DEBUG Engine               - class com.almasb.fxgl.localization.LocalizationService
10:04:59.421 [FXGL Background Thread 3 ] DEBUG Engine               - class com.almasb.fxgl.app.services.SystemBundleService
10:04:59.421 [FXGL Background Thread 3 ] DEBUG Engine               - class com.almasb.fxgl.profile.SaveLoadService
10:04:59.421 [FXGL Background Thread 3 ] DEBUG Engine               - class com.almasb.fxgl.ui.FXGLUIFactoryServiceProvider
10:04:59.421 [FXGL Background Thread 3 ] DEBUG Engine               - class com.almasb.fxgl.ui.FXGLDialogFactoryServiceProvider
10:04:59.421 [FXGL Background Thread 3 ] DEBUG Engine               - class com.almasb.fxgl.audio.AudioPlayer
10:04:59.421 [FXGL Background Thread 3 ] DEBUG Engine               - class com.almasb.fxgl.notification.impl.NotificationServiceProvider
10:04:59.421 [FXGL Background Thread 3 ] DEBUG Engine               - class com.almasb.fxgl.achievement.AchievementService
10:04:59.421 [FXGL Background Thread 3 ] DEBUG Engine               - class com.almasb.fxgl.cutscene.CutsceneService
10:04:59.421 [FXGL Background Thread 3 ] DEBUG Engine               - class com.almasb.fxgl.minigames.MiniGameService
10:04:59.421 [FXGL Background Thread 3 ] DEBUG Engine               - class com.almasb.fxgl.net.NetService
10:04:59.421 [FXGL Background Thread 3 ] DEBUG Engine               - class com.almasb.fxgl.app.services.UpdaterService
10:04:59.421 [FXGL Background Thread 3 ] DEBUG Engine               - class com.almasb.fxgl.dev.DevService
10:05:04.099 [JavaFX Application Thread] DEBUG FXGLAssetLoaderServi - Loading from file system: file:/C:/Users/Admin/IdeaProjects/GitSomeSleep/Capstonee/target/classes/assets/text/gameCutscene_sample1.txt
10:05:04.103 [JavaFX Application Thread] DEBUG Input                - Registered new binding: Next RPG Line - Enter
10:05:04.104 [JavaFX Application Thread] WARN  FXGLAssetLoaderServi - Asset "/assets/textures/bruh.png" was not found!
10:05:04.104 [JavaFX Application Thread] WARN  FXGLAssetLoaderServi - Failed to load IMAGE
10:05:04.104 [JavaFX Application Thread] DEBUG PrimaryStageWindow   - Push state: CutsceneScene
10:05:04.104 [JavaFX Application Thread] DEBUG Input                - Clearing active input actions
10:05:04.104 [JavaFX Application Thread] DEBUG GameApplicationServi - Removing overlay from GameScene and adding to CutsceneScene
10:05:04.105 [JavaFX Application Thread] DEBUG PrimaryStageWindow   - GameScene -> CutsceneScene
10:05:04.892 [JavaFX Application Thread] DEBUG FXGLAssetLoaderServi - Loading from file system: file:/C:/Users/Admin/IdeaProjects/GitSomeSleep/Capstonee/target/classes/assets/textures/tuntunsahur.png
10:05:05.880 [JavaFX Application Thread] DEBUG PrimaryStageWindow   - Pop state: CutsceneScene
10:05:05.880 [JavaFX Application Thread] DEBUG Input                - Clearing active input actions
10:05:05.880 [JavaFX Application Thread] DEBUG GameApplicationServi - Removing overlay from CutsceneScene and adding to GameScene
10:05:05.880 [JavaFX Application Thread] DEBUG PrimaryStageWindow   - GameScene <- CutsceneScene
10:05:05.895 [JavaFX Application Thread] DEBUG FXGLAssetLoaderServi - Loading from file system: file:/C:/Users/Admin/IdeaProjects/GitSomeSleep/Capstonee/target/classes/assets/textures/background/pixelatedliyue.png
10:05:05.954 [JavaFX Application Thread] DEBUG FXGLAssetLoaderServi - Loading from file system: file:/C:/Users/Admin/IdeaProjects/GitSomeSleep/Capstonee/target/classes/assets/music/songs/desperato.wav
10:05:06.089 [JavaFX Application Thread] DEBUG FXGLAssetLoaderServi - Loading from file system: file:/C:/Users/Admin/IdeaProjects/GitSomeSleep/Capstonee/target/classes/assets/textures/notes/hilichurlhitmarker.png
10:05:06.783 [JavaFX Application Thread] DEBUG AudioPlayer          - Playing music com.almasb.fxgl.audio.Music@2f79d445
10:05:07.240 [JavaFX Application Thread] DEBUG FXGLAssetLoaderServi - Loading from file system: file:/C:/Users/Admin/IdeaProjects/GitSomeSleep/Capstonee/target/classes/assets/textures/markers/moranote.png
10:05:10.894 [JavaFX Application Thread] DEBUG FXGLAssetLoaderServi - Loading from file system: file:/C:/Users/Admin/IdeaProjects/GitSomeSleep/Capstonee/target/classes/assets/textures/particles/yellow_particle.png
10:05:17.113 [JavaFX Application Thread] DEBUG AudioPlayer          - Stopping music com.almasb.fxgl.audio.Music@2f79d445
10:05:18.577 [JavaFX Application Thread] DEBUG FXGLApplication      - Exiting FXGL
10:05:18.577 [JavaFX Application Thread] DEBUG LoopRunner           - Stopping loop
10:05:18.577 [JavaFX Application Thread] DEBUG SystemBundleService  - Saving FXGL system data
10:05:18.579 [JavaFX Application Thread] DEBUG FileSystemAccess     - Writing to: C:\Users\Admin\IdeaProjects\GitSomeSleep\system\fxgl.bundle
10:05:18.581 [JavaFX Application Thread] DEBUG Async                - Shutting down background threads
10:05:18.581 [JavaFX Application Thread] DEBUG PrimaryStageWindow   - Closing main window
10:05:18.592 [JavaFX Application Thread] DEBUG Logger               - Closing Logger
