18:20:46.520 [main                     ] DEBUG Logger               - Configured Logger
18:20:46.534 [main                     ] DEBUG GameApplication      - Logging settings
Title: Platformer with Rhythm
Version: 0.2
Width: 1280
Height: 720
Fullscreen: false
Intro: false
Profiling: false
Single step:false
App Mode: DEVELOPER
Menu Key: ESCAPE
Stage Style: DECORATED
Scene Factory: class com.almasb.fxgl.app.scene.SceneFactory

18:20:47.274 [JavaFX Application Thread] DEBUG FXGLApplication      - Initializing FXGL
18:20:47.276 [JavaFX Application Thread] INFO  Engine               - FXGL-21.1 (27.03.2024 07.52) on MAC (J:23 FX:22.0.1)
18:20:47.276 [JavaFX Application Thread] DEBUG Engine               - JRE Vendor Name: Oracle Corporation
18:20:47.276 [JavaFX Application Thread] DEBUG Engine               - Running on OS: Mac OS X version 15.3.2
18:20:47.276 [JavaFX Application Thread] DEBUG Engine               - Architecture: aarch64
18:20:47.276 [JavaFX Application Thread] INFO  Engine               - Source code and latest versions at: https://github.com/AlmasB/FXGL
18:20:47.276 [JavaFX Application Thread] INFO  Engine               -       Ask questions and discuss at: https://github.com/AlmasB/FXGL/discussions
18:20:47.276 [JavaFX Application Thread] INFO  Engine               -              Join the FXGL chat at: https://gitter.im/AlmasB/FXGL
18:20:47.311 [JavaFX Application Thread] DEBUG PrimaryStageWindow   - Creating a JavaFX scene
18:20:47.328 [JavaFX Application Thread] DEBUG PrimaryStageWindow   - Target settings size: 1280.0 x 720.0
18:20:47.328 [JavaFX Application Thread] DEBUG PrimaryStageWindow   - Scaled scene size:    1280.0 x 720.0
18:20:47.328 [JavaFX Application Thread] DEBUG PrimaryStageWindow   - Scaled ratio: (1.0, 1.0)
18:20:47.329 [JavaFX Application Thread] DEBUG PrimaryStageWindow   - Set initial scene to FXGLStartupScene
18:20:47.330 [JavaFX Application Thread] DEBUG PrimaryStageWindow   - Opening main window
18:20:47.419 [JavaFX Application Thread] DEBUG PrimaryStageWindow   - Window border size: (0.0, 28.0)
18:20:47.419 [JavaFX Application Thread] DEBUG PrimaryStageWindow   - Scaled size: 1280.0 x 720.0
18:20:47.420 [JavaFX Application Thread] DEBUG PrimaryStageWindow   - Scaled ratio: (1.0, 1.0)
18:20:47.420 [JavaFX Application Thread] DEBUG PrimaryStageWindow   - Scene size: 1280.0 x 720.0
18:20:47.420 [JavaFX Application Thread] DEBUG PrimaryStageWindow   - Stage size: 1280.0 x 748.0
18:20:47.423 [FXGL Background Thread 1 ] DEBUG Engine               - Initializing environment variables
18:20:47.455 [FXGL Background Thread 1 ] DEBUG FXGLAssetLoaderServi - User app class for loading assets: class org.example.capstonee.GameApp
18:20:47.455 [FXGL Background Thread 1 ] DEBUG GameApplicationServi - Applying CSS: fxgl_dark.css
18:20:47.455 [FXGL Background Thread 1 ] DEBUG FXGLAssetLoaderServi - Loading from file system: jar:file:///Users/ajaxestela/.m2/repository/com/github/almasb/fxgl/21.1/fxgl-21.1.jar!/fxglassets/ui/css/fxgl_dark.css
18:20:47.480 [FXGL Background Thread 1 ] DEBUG GameApplicationServi - Initializing application scenes
18:20:47.563 [FXGL Background Thread 1 ] DEBUG GameWorld            - Game world initialized
18:20:47.586 [FXGL Background Thread 1 ] DEBUG PhysicsWorld         - Physics world initialized: appHeight=720, physics.ppm=50.0
18:20:47.586 [FXGL Background Thread 1 ] DEBUG PhysicsWorld         - Using strategy: BRUTE_FORCE
18:20:47.588 [FXGL Background Thread 1 ] DEBUG GameScene            - Game scene initialized: 1280x720
18:20:47.592 [FXGL Background Thread 1 ] DEBUG FXGL.DefaultMenu     - createMenuBodyMainMenu()
18:20:47.599 [FXGL Background Thread 1 ] DEBUG FXGL.DefaultMenu     - createOptionsMenu()
18:20:47.603 [FXGL Background Thread 1 ] DEBUG FXGLAssetLoaderServi - Loading from file system: jar:file:///Users/ajaxestela/.m2/repository/com/github/almasb/fxgl/21.1/fxgl-21.1.jar!/fxglassets/textures/particles/smoke.png
18:20:47.641 [FXGL Background Thread 1 ] DEBUG FXGLAssetLoaderServi - Loading from file system: jar:file:///Users/ajaxestela/.m2/repository/com/github/almasb/fxgl/21.1/fxgl-21.1.jar!/fxglassets/textures/particles/trace_horizontal.png
18:20:47.651 [FXGL Background Thread 1 ] DEBUG FXGL.DefaultMenu     - createMenuBodyGameMenu()
18:20:47.652 [FXGL Background Thread 1 ] DEBUG FXGL.DefaultMenu     - createOptionsMenu()
18:20:47.658 [FXGL Background Thread 1 ] DEBUG GameApplicationServi - Application scenes initialized
18:20:47.663 [FXGL Background Thread 1 ] DEBUG SystemBundleService  - Loading FXGL system data
18:20:47.665 [FXGL Background Thread 1 ] DEBUG FileSystemAccess     - Reading from: /Users/ajaxestela/IdeaProjects/GitSomeSleep/system/fxgl.bundle
18:20:47.668 [FXGL Background Thread 1 ] DEBUG SystemBundleService  - Bundle FXGL: {}
18:20:47.668 [FXGL Background Thread 1 ] DEBUG UpdaterService       - Checking for updates
18:20:47.669 [FXGL Background Thread 4 ] DEBUG FXGLApplication      - Loading fonts
18:20:47.669 [FXGL Background Thread 1 ] DEBUG FXGLApplication      - Loading default localization
18:20:47.669 [FXGL Background Thread 4 ] DEBUG FXGLAssetLoaderServi - Loading from file system: jar:file:///Users/ajaxestela/.m2/repository/com/github/almasb/fxgl/21.1/fxgl-21.1.jar!/fxglassets/ui/fonts/VarelaRound-Regular.ttf
18:20:47.669 [FXGL Background Thread 1 ] DEBUG FXGLAssetLoaderServi - Loading from file system: jar:file:///Users/ajaxestela/.m2/repository/com/github/almasb/fxgl/21.1/fxgl-21.1.jar!/fxglassets/languages/english.lang
18:20:47.677 [FXGL Background Thread 1 ] INFO  FXGLApplication      - FXGL initialization took: 0.254 sec
18:20:47.678 [FXGL Background Thread 4 ] DEBUG FXGLAssetLoaderServi - Loading from file system: jar:file:///Users/ajaxestela/.m2/repository/com/github/almasb/fxgl/21.1/fxgl-21.1.jar!/fxglassets/ui/fonts/Abel-Regular.ttf
18:20:47.679 [FXGL Background Thread 4 ] DEBUG FXGLAssetLoaderServi - Loading from file system: jar:file:///Users/ajaxestela/.m2/repository/com/github/almasb/fxgl/21.1/fxgl-21.1.jar!/fxglassets/ui/fonts/TerminalLandMono-Regular.otf
18:20:47.681 [JavaFX Application Thread] DEBUG Input                - Registered new binding: Left - A
18:20:47.681 [JavaFX Application Thread] DEBUG Input                - Registered new binding: Right - D
18:20:47.681 [JavaFX Application Thread] DEBUG Input                - Registered new binding: Jump - W
18:20:47.681 [JavaFX Application Thread] DEBUG Input                - Registered new binding: Interact / Confirm - E
18:20:47.681 [JavaFX Application Thread] DEBUG Input                - Registered new binding: RhythmLane0 - H
18:20:47.681 [JavaFX Application Thread] DEBUG Input                - Registered new binding: RhythmLane1 - J
18:20:47.681 [JavaFX Application Thread] DEBUG Input                - Registered new binding: RhythmLane2 - K
18:20:47.681 [JavaFX Application Thread] DEBUG Input                - Registered new binding: RhythmLane3 - L
18:20:47.681 [JavaFX Application Thread] DEBUG Input                - Registered new binding: RhythmStart - Space
18:20:47.681 [JavaFX Application Thread] DEBUG FXGLAssetLoaderServi - Loading from file system: jar:file:///Users/ajaxestela/.m2/repository/com/github/almasb/fxgl/21.1/fxgl-21.1.jar!/fxglassets/textures/fxgl_icon.png
18:20:47.682 [FXGL Background Thread 4 ] DEBUG FXGLAssetLoaderServi - Loading from file system: jar:file:///Users/ajaxestela/.m2/repository/com/github/almasb/fxgl/21.1/fxgl-21.1.jar!/fxglassets/ui/fonts/Courier-Prime.ttf
18:20:47.696 [JavaFX Application Thread] DEBUG FXGLAssetLoaderServi - Loading from file system: jar:file:///Users/ajaxestela/.m2/repository/com/github/almasb/fxgl/21.1/fxgl-21.1.jar!/fxglassets/textures/fxgl_default_cursor.png
18:20:47.697 [JavaFX Application Thread] DEBUG Input                - Registered new binding: Screenshot - CTRL+8
18:20:47.697 [JavaFX Application Thread] DEBUG Input                - Registered new binding: System info dump - CTRL+9
18:20:47.697 [JavaFX Application Thread] DEBUG Input                - Registered new binding: Restart - CTRL+R
18:20:47.697 [JavaFX Application Thread] DEBUG Input                - Registered new binding: Toggle Debug Camera - CTRL+7
18:20:47.698 [JavaFX Application Thread] DEBUG LoopRunner           - Starting loop
18:20:47.698 [JavaFX Application Thread] DEBUG LoopRunner           - Initializing JavaFX AnimationTimerLoop
18:20:47.698 [JavaFX Application Thread] DEBUG Input                - Clearing active input actions
18:20:47.701 [JavaFX Application Thread] DEBUG GameApplicationServi - Removing overlay from FXGLStartupScene and adding to FXGLMainMenuDummyScene
18:20:47.701 [JavaFX Application Thread] DEBUG PrimaryStageWindow   - FXGLStartupScene -> FXGLMainMenuDummyScene
18:20:47.701 [JavaFX Application Thread] DEBUG PrimaryStageWindow   - Push state: FXGLDefaultMenu
18:20:47.703 [JavaFX Application Thread] DEBUG Input                - Clearing active input actions
18:20:47.707 [JavaFX Application Thread] DEBUG GameApplicationServi - Removing overlay from FXGLMainMenuDummyScene and adding to FXGLDefaultMenu
18:20:47.707 [JavaFX Application Thread] DEBUG PrimaryStageWindow   - FXGLMainMenuDummyScene -> FXGLDefaultMenu
18:20:47.714 [JavaFX Application Thread] DEBUG FXGLApplication      - Registering font factories with UI factory
18:20:48.927 [JavaFX Application Thread] DEBUG Menu                 - fireNewGame()
18:20:48.927 [JavaFX Application Thread] DEBUG GameApplicationServi - Starting new game
18:20:48.928 [JavaFX Application Thread] DEBUG PrimaryStageWindow   - Pop state: FXGLDefaultMenu
18:20:48.928 [JavaFX Application Thread] DEBUG Input                - Clearing active input actions
18:20:48.928 [JavaFX Application Thread] DEBUG GameApplicationServi - Removing overlay from FXGLDefaultMenu and adding to FXGLMainMenuDummyScene
18:20:48.929 [JavaFX Application Thread] DEBUG PrimaryStageWindow   - FXGLMainMenuDummyScene <- FXGLDefaultMenu
18:20:48.929 [JavaFX Application Thread] DEBUG Input                - Clearing active input actions
18:20:48.933 [JavaFX Application Thread] DEBUG GameApplicationServi - Removing overlay from FXGLMainMenuDummyScene and adding to FXGLLoadingScene
18:20:48.933 [JavaFX Application Thread] DEBUG PrimaryStageWindow   - FXGLMainMenuDummyScene -> FXGLLoadingScene
18:20:48.933 [JavaFX Application Thread] DEBUG GameApplicationServi - Clearing previous game
18:20:48.933 [JavaFX Application Thread] DEBUG GameScene            - Clearing game scene
18:20:48.933 [JavaFX Application Thread] DEBUG GameWorld            - Clearing game world
18:20:48.933 [JavaFX Application Thread] DEBUG PhysicsWorld         - Clearing physics world
18:20:48.934 [FXGL Background Thread 2 ] DEBUG FXGLApplication      - Initializing game
18:20:48.936 [FXGL Background Thread 2 ] WARN  FXGLAssetLoaderServi - Asset "/assets/sounds/sounds/hit.wav" was not found!
18:20:48.936 [FXGL Background Thread 2 ] WARN  FXGLAssetLoaderServi - Failed to load SOUND
18:20:48.937 [FXGL Background Thread 2 ] WARN  FXGLAssetLoaderServi - Asset "/assets/sounds/sounds/miss.wav" was not found!
18:20:48.937 [FXGL Background Thread 2 ] WARN  FXGLAssetLoaderServi - Failed to load SOUND
18:20:48.969 [FXGL Background Thread 2 ] WARN  TMXLevelLoader       - TiledMap generated from 1.11.0. Supported version: 1.9.0. Some features may not be parsed fully.
18:20:48.971 [FXGL Background Thread 2 ] DEBUG TMXLevelLoader       - Parsed TiledMap: file:/Users/ajaxestela/IdeaProjects/GitSomeSleep/Capstonee/target/classes/assets/levels/tmx/test.tmx
18:20:48.971 [FXGL Background Thread 2 ] DEBUG TMXLevelLoader       - Creating tile layer entities
18:20:48.972 [FXGL Background Thread 2 ] DEBUG TilesetLoader        - Loading view for layer Tile Layer 1
18:20:48.972 [FXGL Background Thread 2 ] DEBUG TilesetLoader        - Created buffer with size 320.0x320.0
18:20:48.975 [FXGL Background Thread 2 ] DEBUG TMXLevelLoader       - Creating object layer entities
18:20:48.984 [FXGL Background Thread 2 ] DEBUG GameWorld            - Clearing removable entities
18:20:48.984 [FXGL Background Thread 2 ] DEBUG GameWorld            - Setting level: com.almasb.fxgl.entity.level.Level@40557c4f
18:20:48.988 [FXGL Background Thread 2 ] WARN  FXGLAssetLoaderServi - Asset "/assets/textures/player.png" was not found!
18:20:48.988 [FXGL Background Thread 2 ] WARN  FXGLAssetLoaderServi - Failed to load IMAGE
18:20:48.993 [FXGL Background Thread 2 ] DEBUG FXGLAssetLoaderServi - Loading from file system: file:/Users/ajaxestela/IdeaProjects/GitSomeSleep/Capstonee/target/classes/assets/textures/background/bruh.jpg
18:20:49.014 [FXGL Background Thread 2 ] INFO  FXGLApplication      - Game initialization took: 0.080 sec
18:20:49.014 [JavaFX Application Thread] DEBUG Input                - Clearing active input actions
18:20:49.016 [JavaFX Application Thread] DEBUG GameApplicationServi - Removing overlay from FXGLLoadingScene and adding to GameScene
18:20:49.016 [JavaFX Application Thread] DEBUG PrimaryStageWindow   - FXGLLoadingScene -> GameScene
18:20:50.674 [FXGL Background Thread 3 ] DEBUG Engine               - Logging environment variables
18:20:50.676 [FXGL Background Thread 3 ] DEBUG Engine               - achievements: []
18:20:50.676 [FXGL Background Thread 3 ] DEBUG Engine               - actualHeight: 720.0
18:20:50.676 [FXGL Background Thread 3 ] DEBUG Engine               - actualHeightProperty: ReadOnlyDoubleProperty [value: 720.0]
18:20:50.676 [FXGL Background Thread 3 ] DEBUG Engine               - actualWidth: 1280.0
18:20:50.676 [FXGL Background Thread 3 ] DEBUG Engine               - actualWidthProperty: ReadOnlyDoubleProperty [value: 1280.0]
18:20:50.676 [FXGL Background Thread 3 ] DEBUG Engine               - appIcon: fxgl_icon.png
18:20:50.676 [FXGL Background Thread 3 ] DEBUG Engine               - applicationMode: DEVELOPER
18:20:50.676 [FXGL Background Thread 3 ] DEBUG Engine               - cSSList: [fxgl_dark.css]
18:20:50.677 [FXGL Background Thread 3 ] DEBUG Engine               - collisionDetectionStrategy: BRUTE_FORCE
18:20:50.677 [FXGL Background Thread 3 ] DEBUG Engine               - configClass: Optional.empty
18:20:50.677 [FXGL Background Thread 3 ] DEBUG Engine               - credits: []
18:20:50.677 [FXGL Background Thread 3 ] DEBUG Engine               - defaultCursor: CursorInfo(imageName=fxgl_default_cursor.png, hotspotX=7.0, hotspotY=6.0)
18:20:50.677 [FXGL Background Thread 3 ] DEBUG Engine               - devBBoxColorProperty: ObjectProperty [value: 0xff0000ff]
18:20:50.677 [FXGL Background Thread 3 ] DEBUG Engine               - devEnableDebugCameraProperty: BooleanProperty [value: false]
18:20:50.678 [FXGL Background Thread 3 ] DEBUG Engine               - devSensorColorProperty: ObjectProperty [value: 0xffff00ff]
18:20:50.678 [FXGL Background Thread 3 ] DEBUG Engine               - devShowBBoxProperty: BooleanProperty [value: false]
18:20:50.678 [FXGL Background Thread 3 ] DEBUG Engine               - devShowPositionProperty: BooleanProperty [value: false]
18:20:50.678 [FXGL Background Thread 3 ] DEBUG Engine               - enabledMenuItems: []
18:20:50.678 [FXGL Background Thread 3 ] DEBUG Engine               - engineServices: [class com.almasb.fxgl.app.services.FXGLAssetLoaderService, class com.almasb.fxgl.app.FXGLApplication$GameApplicationService, class com.almasb.fxgl.app.services.FXGLDialogService, class com.almasb.fxgl.app.services.IOTaskExecutorService, class com.almasb.fxgl.io.FileSystemService, class com.almasb.fxgl.localization.LocalizationService, class com.almasb.fxgl.app.services.SystemBundleService, class com.almasb.fxgl.profile.SaveLoadService, class com.almasb.fxgl.ui.FXGLUIFactoryServiceProvider, class com.almasb.fxgl.ui.FXGLDialogFactoryServiceProvider, class com.almasb.fxgl.audio.AudioPlayer, class com.almasb.fxgl.notification.impl.NotificationServiceProvider, class com.almasb.fxgl.achievement.AchievementService, class com.almasb.fxgl.cutscene.CutsceneService, class com.almasb.fxgl.minigames.MiniGameService, class com.almasb.fxgl.net.NetService, class com.almasb.fxgl.app.services.UpdaterService, class com.almasb.fxgl.dev.DevService]
18:20:50.678 [FXGL Background Thread 3 ] DEBUG Engine               - fontGame: Abel-Regular.ttf
18:20:50.678 [FXGL Background Thread 3 ] DEBUG Engine               - fontMono: TerminalLandMono-Regular.otf
18:20:50.678 [FXGL Background Thread 3 ] DEBUG Engine               - fontSizeScaleUI: 1.0
18:20:50.678 [FXGL Background Thread 3 ] DEBUG Engine               - fontText: Courier-Prime.ttf
18:20:50.678 [FXGL Background Thread 3 ] DEBUG Engine               - fontUI: VarelaRound-Regular.ttf
18:20:50.678 [FXGL Background Thread 3 ] DEBUG Engine               - fullScreen: BooleanProperty [value: false]
18:20:50.678 [FXGL Background Thread 3 ] DEBUG Engine               - gameDifficulty: MEDIUM
18:20:50.678 [FXGL Background Thread 3 ] DEBUG Engine               - gameDifficultyProperty: ObjectProperty [value: MEDIUM]
18:20:50.678 [FXGL Background Thread 3 ] DEBUG Engine               - globalMusicVolume: 0.5
18:20:50.678 [FXGL Background Thread 3 ] DEBUG Engine               - globalMusicVolumeProperty: DoubleProperty [value: 0.5]
18:20:50.678 [FXGL Background Thread 3 ] DEBUG Engine               - globalSoundVolume: 0.5
18:20:50.679 [FXGL Background Thread 3 ] DEBUG Engine               - globalSoundVolumeProperty: DoubleProperty [value: 0.5]
18:20:50.679 [FXGL Background Thread 3 ] DEBUG Engine               - height: 720
18:20:50.679 [FXGL Background Thread 3 ] DEBUG Engine               - is3D: false
18:20:50.679 [FXGL Background Thread 3 ] DEBUG Engine               - isAndroid: false
18:20:50.679 [FXGL Background Thread 3 ] DEBUG Engine               - isBrowser: false
18:20:50.679 [FXGL Background Thread 3 ] DEBUG Engine               - isClickFeedbackEnabled: false
18:20:50.679 [FXGL Background Thread 3 ] DEBUG Engine               - isCloseConfirmation: false
18:20:50.679 [FXGL Background Thread 3 ] DEBUG Engine               - isDesktop: true
18:20:50.679 [FXGL Background Thread 3 ] DEBUG Engine               - isDeveloperMenuEnabled: false
18:20:50.679 [FXGL Background Thread 3 ] DEBUG Engine               - isEmbedded: false
18:20:50.679 [FXGL Background Thread 3 ] DEBUG Engine               - isEntityPreloadEnabled: true
18:20:50.679 [FXGL Background Thread 3 ] DEBUG Engine               - isExperimentalTiledLargeMap: false
18:20:50.679 [FXGL Background Thread 3 ] DEBUG Engine               - isFileSystemWriteAllowed: true
18:20:50.679 [FXGL Background Thread 3 ] DEBUG Engine               - isFullScreenAllowed: false
18:20:50.679 [FXGL Background Thread 3 ] DEBUG Engine               - isFullScreenFromStart: false
18:20:50.679 [FXGL Background Thread 3 ] DEBUG Engine               - isGameMenuEnabled: true
18:20:50.679 [FXGL Background Thread 3 ] DEBUG Engine               - isIOS: false
18:20:50.679 [FXGL Background Thread 3 ] DEBUG Engine               - isIntroEnabled: false
18:20:50.679 [FXGL Background Thread 3 ] DEBUG Engine               - isLinux: false
18:20:50.679 [FXGL Background Thread 3 ] DEBUG Engine               - isMac: true
18:20:50.679 [FXGL Background Thread 3 ] DEBUG Engine               - isMainMenuEnabled: true
18:20:50.679 [FXGL Background Thread 3 ] DEBUG Engine               - isManualResizeEnabled: false
18:20:50.679 [FXGL Background Thread 3 ] DEBUG Engine               - isMobile: false
18:20:50.679 [FXGL Background Thread 3 ] DEBUG Engine               - isNative: false
18:20:50.679 [FXGL Background Thread 3 ] DEBUG Engine               - isPauseMusicWhenMinimized: true
18:20:50.679 [FXGL Background Thread 3 ] DEBUG Engine               - isPreserveResizeRatio: false
18:20:50.679 [FXGL Background Thread 3 ] DEBUG Engine               - isProfilingEnabled: false
18:20:50.679 [FXGL Background Thread 3 ] DEBUG Engine               - isScaleAffectedOnResize: true
18:20:50.680 [FXGL Background Thread 3 ] DEBUG Engine               - isSingleStep: false
18:20:50.680 [FXGL Background Thread 3 ] DEBUG Engine               - isUserProfileEnabled: false
18:20:50.680 [FXGL Background Thread 3 ] DEBUG Engine               - isWindows: false
18:20:50.680 [FXGL Background Thread 3 ] DEBUG Engine               - language: ObjectProperty [value: ENGLISH]
18:20:50.680 [FXGL Background Thread 3 ] DEBUG Engine               - menuKey: ESCAPE
18:20:50.680 [FXGL Background Thread 3 ] DEBUG Engine               - mouseSensitivity: 0.2
18:20:50.680 [FXGL Background Thread 3 ] DEBUG Engine               - notificationViewClass: class com.almasb.fxgl.notification.view.XboxNotificationView
18:20:50.680 [FXGL Background Thread 3 ] DEBUG Engine               - pixelsPerMeter: 50.0
18:20:50.680 [FXGL Background Thread 3 ] DEBUG Engine               - platform: MAC
18:20:50.680 [FXGL Background Thread 3 ] DEBUG Engine               - prefHeightProperty: ReadOnlyDoubleProperty [value: 720.0]
18:20:50.680 [FXGL Background Thread 3 ] DEBUG Engine               - prefWidthProperty: ReadOnlyDoubleProperty [value: 1280.0]
18:20:50.680 [FXGL Background Thread 3 ] DEBUG Engine               - profileDir: profiles/
18:20:50.680 [FXGL Background Thread 3 ] DEBUG Engine               - profileName: StringProperty [value: DEFAULT]
18:20:50.680 [FXGL Background Thread 3 ] DEBUG Engine               - randomSeed: -1
18:20:50.681 [FXGL Background Thread 3 ] DEBUG Engine               - runtimeInfo: RuntimeInfo(platform=MAC, version=21.1, build=27.03.2024 07.52)
18:20:50.681 [FXGL Background Thread 3 ] DEBUG Engine               - saveFileExt: sav
18:20:50.681 [FXGL Background Thread 3 ] DEBUG Engine               - scaledHeightProp$fxgl: DoubleProperty [bound, value: 720.0]
18:20:50.681 [FXGL Background Thread 3 ] DEBUG Engine               - scaledWidthProp$fxgl: DoubleProperty [bound, value: 1280.0]
18:20:50.681 [FXGL Background Thread 3 ] DEBUG Engine               - sceneFactory: com.almasb.fxgl.app.scene.SceneFactory@152d72b9
18:20:50.681 [FXGL Background Thread 3 ] DEBUG Engine               - secondsIn24h: 60
18:20:50.681 [FXGL Background Thread 3 ] DEBUG Engine               - soundMenuBack: menu/back.wav
18:20:50.681 [FXGL Background Thread 3 ] DEBUG Engine               - soundMenuPress: menu/press.wav
18:20:50.681 [FXGL Background Thread 3 ] DEBUG Engine               - soundMenuSelect: menu/select.wav
18:20:50.681 [FXGL Background Thread 3 ] DEBUG Engine               - soundNotification: core/notification.wav
18:20:50.681 [FXGL Background Thread 3 ] DEBUG Engine               - stageStyle: DECORATED
18:20:50.681 [FXGL Background Thread 3 ] DEBUG Engine               - supportedLanguages: [ENGLISH, FRENCH, GERMAN, HUNGARIAN, RUSSIAN]
18:20:50.681 [FXGL Background Thread 3 ] DEBUG Engine               - ticksPerSecond: -1
18:20:50.681 [FXGL Background Thread 3 ] DEBUG Engine               - title: Platformer with Rhythm
18:20:50.681 [FXGL Background Thread 3 ] DEBUG Engine               - urlGithub: https://github.com/AlmasB/FXGL
18:20:50.681 [FXGL Background Thread 3 ] DEBUG Engine               - urlLeaderboard: http://fxgl-top.herokuapp.com/
18:20:50.681 [FXGL Background Thread 3 ] DEBUG Engine               - urlPOM: https://raw.githubusercontent.com/AlmasB/FXGL/release/README.md
18:20:50.681 [FXGL Background Thread 3 ] DEBUG Engine               - userAppClass: class org.example.capstonee.GameApp
18:20:50.682 [FXGL Background Thread 3 ] DEBUG Engine               - version: 0.2
18:20:50.682 [FXGL Background Thread 3 ] DEBUG Engine               - versionCheckDays: 7
18:20:50.682 [FXGL Background Thread 3 ] DEBUG Engine               - width: 1280
18:20:50.682 [FXGL Background Thread 3 ] DEBUG Engine               - Logging services
18:20:50.682 [FXGL Background Thread 3 ] DEBUG Engine               - class com.almasb.fxgl.app.services.FXGLAssetLoaderService
18:20:50.682 [FXGL Background Thread 3 ] DEBUG Engine               - class com.almasb.fxgl.app.FXGLApplication$GameApplicationService
18:20:50.682 [FXGL Background Thread 3 ] DEBUG Engine               - class com.almasb.fxgl.app.services.FXGLDialogService
18:20:50.682 [FXGL Background Thread 3 ] DEBUG Engine               - class com.almasb.fxgl.app.services.IOTaskExecutorService
18:20:50.682 [FXGL Background Thread 3 ] DEBUG Engine               - class com.almasb.fxgl.io.FileSystemService
18:20:50.682 [FXGL Background Thread 3 ] DEBUG Engine               - class com.almasb.fxgl.localization.LocalizationService
18:20:50.682 [FXGL Background Thread 3 ] DEBUG Engine               - class com.almasb.fxgl.app.services.SystemBundleService
18:20:50.682 [FXGL Background Thread 3 ] DEBUG Engine               - class com.almasb.fxgl.profile.SaveLoadService
18:20:50.682 [FXGL Background Thread 3 ] DEBUG Engine               - class com.almasb.fxgl.ui.FXGLUIFactoryServiceProvider
18:20:50.682 [FXGL Background Thread 3 ] DEBUG Engine               - class com.almasb.fxgl.ui.FXGLDialogFactoryServiceProvider
18:20:50.682 [FXGL Background Thread 3 ] DEBUG Engine               - class com.almasb.fxgl.audio.AudioPlayer
18:20:50.682 [FXGL Background Thread 3 ] DEBUG Engine               - class com.almasb.fxgl.notification.impl.NotificationServiceProvider
18:20:50.682 [FXGL Background Thread 3 ] DEBUG Engine               - class com.almasb.fxgl.achievement.AchievementService
18:20:50.682 [FXGL Background Thread 3 ] DEBUG Engine               - class com.almasb.fxgl.cutscene.CutsceneService
18:20:50.682 [FXGL Background Thread 3 ] DEBUG Engine               - class com.almasb.fxgl.minigames.MiniGameService
18:20:50.682 [FXGL Background Thread 3 ] DEBUG Engine               - class com.almasb.fxgl.net.NetService
18:20:50.682 [FXGL Background Thread 3 ] DEBUG Engine               - class com.almasb.fxgl.app.services.UpdaterService
18:20:50.682 [FXGL Background Thread 3 ] DEBUG Engine               - class com.almasb.fxgl.dev.DevService
18:20:51.558 [JavaFX Application Thread] DEBUG FXGLAssetLoaderServi - Loading from file system: file:/Users/ajaxestela/IdeaProjects/GitSomeSleep/Capstonee/target/classes/assets/text/gameCutscene_sample1.txt
18:20:51.562 [JavaFX Application Thread] DEBUG Input                - Registered new binding: Next RPG Line - Enter
18:20:51.562 [JavaFX Application Thread] WARN  FXGLAssetLoaderServi - Asset "/assets/textures/bruh.png" was not found!
18:20:51.563 [JavaFX Application Thread] WARN  FXGLAssetLoaderServi - Failed to load IMAGE
18:20:51.563 [JavaFX Application Thread] DEBUG PrimaryStageWindow   - Push state: CutsceneScene
18:20:51.563 [JavaFX Application Thread] DEBUG Input                - Clearing active input actions
18:20:51.563 [JavaFX Application Thread] DEBUG GameApplicationServi - Removing overlay from GameScene and adding to CutsceneScene
18:20:51.563 [JavaFX Application Thread] DEBUG PrimaryStageWindow   - GameScene -> CutsceneScene
18:20:52.783 [JavaFX Application Thread] DEBUG FXGLAssetLoaderServi - Loading from file system: file:/Users/ajaxestela/IdeaProjects/GitSomeSleep/Capstonee/target/classes/assets/textures/tuntunsahur.png
18:20:53.748 [JavaFX Application Thread] DEBUG PrimaryStageWindow   - Pop state: CutsceneScene
18:20:53.748 [JavaFX Application Thread] DEBUG Input                - Clearing active input actions
18:20:53.749 [JavaFX Application Thread] DEBUG GameApplicationServi - Removing overlay from CutsceneScene and adding to GameScene
18:20:53.749 [JavaFX Application Thread] DEBUG PrimaryStageWindow   - GameScene <- CutsceneScene
18:20:53.767 [JavaFX Application Thread] DEBUG LoopRunner           - Stopping loop
18:20:53.768 [JavaFX Application Thread] FATAL FXGLApplication      - Uncaught Exception:
java.lang.IllegalArgumentException: No EntityFactory has a method annotated @Spawns(rhythmBackground)
	at com.almasb.fxgl.entity@21.1/com.almasb.fxgl.entity.GameWorld.create(GameWorld.kt:413)
	at com.almasb.fxgl.entity@21.1/com.almasb.fxgl.entity.GameWorld.spawn(GameWorld.kt:396)
	at com.almasb.fxgl.entity@21.1/com.almasb.fxgl.entity.GameWorld.spawn(GameWorld.kt:384)
	at com.almasb.fxgl.entity@21.1/com.almasb.fxgl.entity.GameWorld.spawn(GameWorld.kt:359)
	at com.almasb.fxgl.all@21.1/com.almasb.fxgl.dsl.FXGL$Companion.spawn(FXGL.kt:564)
	at com.almasb.fxgl.all@21.1/com.almasb.fxgl.dsl.FXGL.spawn(FXGL.kt)
	at org.example.capstonee/org.example.capstonee.RhythmGame.RhythmGameManager.start(RhythmGameManager.java:89)
	at org.example.capstonee/org.example.capstonee.Cutscene.CutsceneHandler.lambda$playCutscene$0(CutsceneHandler.java:43)
	at com.almasb.fxgl.core@21.1/com.almasb.fxgl.time.TimerAction.update(TimerAction.kt:69)
	at com.almasb.fxgl.core@21.1/com.almasb.fxgl.time.Timer.update(Timer.kt:38)
	at com.almasb.fxgl.scene@21.1/com.almasb.fxgl.scene.Scene.update(Scene.kt:104)
	at com.almasb.fxgl.all@21.1/com.almasb.fxgl.app.MainWindow$update$1.invoke(MainWindow.kt:121)
	at com.almasb.fxgl.all@21.1/com.almasb.fxgl.app.MainWindow$update$1.invoke(MainWindow.kt:121)
	at com.almasb.fxgl.core@21.1/com.almasb.fxgl.core.fsm.StateMachine.runOnActiveStates(StateMachine.kt:69)
	at com.almasb.fxgl.all@21.1/com.almasb.fxgl.app.MainWindow.update(MainWindow.kt:121)
	at com.almasb.fxgl.all@21.1/com.almasb.fxgl.app.FXGLApplication$GameApplicationService.onUpdate(FXGLApplication.kt:445)
	at com.almasb.fxgl.all@21.1/com.almasb.fxgl.app.Engine.loop(Engine.kt:134)
	at com.almasb.fxgl.all@21.1/com.almasb.fxgl.app.Engine.access$loop(Engine.kt:24)
	at com.almasb.fxgl.all@21.1/com.almasb.fxgl.app.Engine$loop$1.invoke(Engine.kt:28)
	at com.almasb.fxgl.all@21.1/com.almasb.fxgl.app.Engine$loop$1.invoke(Engine.kt:28)
	at com.almasb.fxgl.all@21.1/com.almasb.fxgl.app.LoopRunner.frame(LoopRunner.kt:103)
	at com.almasb.fxgl.all@21.1/com.almasb.fxgl.app.LoopRunner.access$frame(LoopRunner.kt:23)
	at com.almasb.fxgl.all@21.1/com.almasb.fxgl.app.LoopRunner$impl$2$1.onTick(LoopRunner.kt:57)
	at com.almasb.fxgl.all@21.1/com.almasb.fxgl.app.AnimationTimerLoop$timer$1.handle(LoopRunner.kt:137)
	at javafx.graphics@22.0.1/javafx.animation.AnimationTimer$AnimationTimerReceiver.lambda$handle$0(AnimationTimer.java:60)
	at java.base/java.security.AccessController.doPrivileged(AccessController.java:400)
	at javafx.graphics@22.0.1/javafx.animation.AnimationTimer$AnimationTimerReceiver.handle(AnimationTimer.java:59)
	at javafx.graphics@22.0.1/com.sun.scenario.animation.AbstractPrimaryTimer.timePulseImpl(AbstractPrimaryTimer.java:356)
	at javafx.graphics@22.0.1/com.sun.scenario.animation.AbstractPrimaryTimer$MainLoop.run(AbstractPrimaryTimer.java:266)
	at javafx.graphics@22.0.1/com.sun.javafx.tk.quantum.QuantumToolkit.pulse(QuantumToolkit.java:594)
	at javafx.graphics@22.0.1/com.sun.javafx.tk.quantum.QuantumToolkit.pulse(QuantumToolkit.java:578)
	at javafx.graphics@22.0.1/com.sun.javafx.tk.quantum.QuantumToolkit.pulseFromQueue(QuantumToolkit.java:571)
	at javafx.graphics@22.0.1/com.sun.javafx.tk.quantum.QuantumToolkit.lambda$runToolkit$11(QuantumToolkit.java:352)
	at javafx.graphics@22.0.1/com.sun.glass.ui.InvokeLaterDispatcher$Future.run(InvokeLaterDispatcher.java:95)

18:20:53.768 [JavaFX Application Thread] FATAL FXGLApplication      - Application will now exit
18:20:53.781 [JavaFX Application Thread] DEBUG PrimaryStageWindow   - Push state: ErrorSubScene
18:20:53.782 [JavaFX Application Thread] DEBUG Input                - Clearing active input actions
18:20:53.783 [JavaFX Application Thread] DEBUG GameApplicationServi - Removing overlay from GameScene and adding to ErrorSubScene
18:20:53.783 [JavaFX Application Thread] DEBUG PrimaryStageWindow   - GameScene -> ErrorSubScene
18:20:59.145 [JavaFX Application Thread] DEBUG FXGLApplication      - Exiting FXGL
18:20:59.146 [JavaFX Application Thread] DEBUG Async                - Shutting down background threads
18:20:59.146 [JavaFX Application Thread] DEBUG PrimaryStageWindow   - Closing main window
18:20:59.182 [JavaFX Application Thread] DEBUG Logger               - Closing Logger
