16:43:40.207 [main                     ] DEBUG Logger               - Configured Logger
16:43:40.217 [main                     ] DEBUG GameApplication      - Logging settings
Title: Platformer with Rhythm
Version: 0.2
Width: 1280
Height: 720
Fullscreen: false
Intro: false
Profiling: false
Single step:false
App Mode: DEVELOPER
Menu Key: ESCAPE
Stage Style: DECORATED
Scene Factory: class com.almasb.fxgl.app.scene.SceneFactory

16:43:41.105 [JavaFX Application Thread] DEBUG FXGLApplication      - Initializing FXGL
16:43:41.107 [JavaFX Application Thread] INFO  Engine               - FXGL-21.1 (27.03.2024 07.52) on MAC (J:23 FX:22.0.1)
16:43:41.107 [JavaFX Application Thread] DEBUG Engine               - JRE Vendor Name: Oracle Corporation
16:43:41.107 [JavaFX Application Thread] DEBUG Engine               - Running on OS: Mac OS X version 15.3.2
16:43:41.107 [JavaFX Application Thread] DEBUG Engine               - Architecture: aarch64
16:43:41.107 [JavaFX Application Thread] INFO  Engine               - Source code and latest versions at: https://github.com/AlmasB/FXGL
16:43:41.107 [JavaFX Application Thread] INFO  Engine               -       Ask questions and discuss at: https://github.com/AlmasB/FXGL/discussions
16:43:41.107 [JavaFX Application Thread] INFO  Engine               -              Join the FXGL chat at: https://gitter.im/AlmasB/FXGL
16:43:41.148 [JavaFX Application Thread] DEBUG PrimaryStageWindow   - Creating a JavaFX scene
16:43:41.166 [JavaFX Application Thread] DEBUG PrimaryStageWindow   - Target settings size: 1280.0 x 720.0
16:43:41.166 [JavaFX Application Thread] DEBUG PrimaryStageWindow   - Scaled scene size:    1280.0 x 720.0
16:43:41.166 [JavaFX Application Thread] DEBUG PrimaryStageWindow   - Scaled ratio: (1.0, 1.0)
16:43:41.167 [JavaFX Application Thread] DEBUG PrimaryStageWindow   - Set initial scene to FXGLStartupScene
16:43:41.167 [JavaFX Application Thread] DEBUG PrimaryStageWindow   - Opening main window
16:43:41.257 [JavaFX Application Thread] DEBUG PrimaryStageWindow   - Window border size: (0.0, 28.0)
16:43:41.257 [JavaFX Application Thread] DEBUG PrimaryStageWindow   - Scaled size: 1280.0 x 720.0
16:43:41.258 [JavaFX Application Thread] DEBUG PrimaryStageWindow   - Scaled ratio: (1.0, 1.0)
16:43:41.258 [JavaFX Application Thread] DEBUG PrimaryStageWindow   - Scene size: 1280.0 x 720.0
16:43:41.258 [JavaFX Application Thread] DEBUG PrimaryStageWindow   - Stage size: 1280.0 x 748.0
16:43:41.260 [FXGL Background Thread 1 ] DEBUG Engine               - Initializing environment variables
16:43:41.291 [FXGL Background Thread 1 ] DEBUG FXGLAssetLoaderServi - User app class for loading assets: class org.example.capstonee.GameApp
16:43:41.291 [FXGL Background Thread 1 ] DEBUG GameApplicationServi - Applying CSS: fxgl_dark.css
16:43:41.291 [FXGL Background Thread 1 ] DEBUG FXGLAssetLoaderServi - Loading from file system: jar:file:///Users/ajaxestela/.m2/repository/com/github/almasb/fxgl/21.1/fxgl-21.1.jar!/fxglassets/ui/css/fxgl_dark.css
16:43:41.313 [FXGL Background Thread 1 ] DEBUG GameApplicationServi - Initializing application scenes
16:43:41.401 [FXGL Background Thread 1 ] DEBUG GameWorld            - Game world initialized
16:43:41.426 [FXGL Background Thread 1 ] DEBUG PhysicsWorld         - Physics world initialized: appHeight=720, physics.ppm=50.0
16:43:41.426 [FXGL Background Thread 1 ] DEBUG PhysicsWorld         - Using strategy: BRUTE_FORCE
16:43:41.428 [FXGL Background Thread 1 ] DEBUG GameScene            - Game scene initialized: 1280x720
16:43:41.433 [FXGL Background Thread 1 ] DEBUG FXGL.DefaultMenu     - createMenuBodyMainMenu()
16:43:41.440 [FXGL Background Thread 1 ] DEBUG FXGL.DefaultMenu     - createOptionsMenu()
16:43:41.443 [FXGL Background Thread 1 ] DEBUG FXGLAssetLoaderServi - Loading from file system: jar:file:///Users/ajaxestela/.m2/repository/com/github/almasb/fxgl/21.1/fxgl-21.1.jar!/fxglassets/textures/particles/smoke.png
16:43:41.484 [FXGL Background Thread 1 ] DEBUG FXGLAssetLoaderServi - Loading from file system: jar:file:///Users/ajaxestela/.m2/repository/com/github/almasb/fxgl/21.1/fxgl-21.1.jar!/fxglassets/textures/particles/trace_horizontal.png
16:43:41.496 [FXGL Background Thread 1 ] DEBUG FXGL.DefaultMenu     - createMenuBodyGameMenu()
16:43:41.496 [FXGL Background Thread 1 ] DEBUG FXGL.DefaultMenu     - createOptionsMenu()
16:43:41.503 [FXGL Background Thread 1 ] DEBUG GameApplicationServi - Application scenes initialized
16:43:41.508 [FXGL Background Thread 1 ] DEBUG SystemBundleService  - Loading FXGL system data
16:43:41.511 [FXGL Background Thread 1 ] DEBUG FileSystemAccess     - Reading from: /Users/ajaxestela/IdeaProjects/GitSomeSleep/system/fxgl.bundle
16:43:41.514 [FXGL Background Thread 1 ] DEBUG SystemBundleService  - Bundle FXGL: {}
16:43:41.514 [FXGL Background Thread 1 ] DEBUG UpdaterService       - Checking for updates
16:43:41.515 [FXGL Background Thread 4 ] DEBUG FXGLApplication      - Loading fonts
16:43:41.515 [FXGL Background Thread 4 ] DEBUG FXGLAssetLoaderServi - Loading from file system: jar:file:///Users/ajaxestela/.m2/repository/com/github/almasb/fxgl/21.1/fxgl-21.1.jar!/fxglassets/ui/fonts/VarelaRound-Regular.ttf
16:43:41.515 [FXGL Background Thread 1 ] DEBUG FXGLApplication      - Loading default localization
16:43:41.515 [FXGL Background Thread 1 ] DEBUG FXGLAssetLoaderServi - Loading from file system: jar:file:///Users/ajaxestela/.m2/repository/com/github/almasb/fxgl/21.1/fxgl-21.1.jar!/fxglassets/languages/english.lang
16:43:41.527 [FXGL Background Thread 1 ] INFO  FXGLApplication      - FXGL initialization took: 0.267 sec
16:43:41.531 [FXGL Background Thread 4 ] DEBUG FXGLAssetLoaderServi - Loading from file system: jar:file:///Users/ajaxestela/.m2/repository/com/github/almasb/fxgl/21.1/fxgl-21.1.jar!/fxglassets/ui/fonts/Abel-Regular.ttf
16:43:41.531 [JavaFX Application Thread] DEBUG Input                - Registered new binding: Left - A
16:43:41.531 [JavaFX Application Thread] DEBUG Input                - Registered new binding: Right - D
16:43:41.531 [JavaFX Application Thread] DEBUG Input                - Registered new binding: Jump - W
16:43:41.532 [JavaFX Application Thread] DEBUG Input                - Registered new binding: Interact / Confirm - E
16:43:41.532 [JavaFX Application Thread] DEBUG Input                - Registered new binding: RhythmLane0 - H
16:43:41.532 [JavaFX Application Thread] DEBUG Input                - Registered new binding: RhythmLane1 - J
16:43:41.532 [JavaFX Application Thread] DEBUG Input                - Registered new binding: RhythmLane2 - K
16:43:41.532 [JavaFX Application Thread] DEBUG Input                - Registered new binding: RhythmLane3 - L
16:43:41.532 [JavaFX Application Thread] DEBUG Input                - Registered new binding: RhythmStart - Space
16:43:41.532 [JavaFX Application Thread] DEBUG FXGLAssetLoaderServi - Loading from file system: jar:file:///Users/ajaxestela/.m2/repository/com/github/almasb/fxgl/21.1/fxgl-21.1.jar!/fxglassets/textures/fxgl_icon.png
16:43:41.532 [FXGL Background Thread 4 ] DEBUG FXGLAssetLoaderServi - Loading from file system: jar:file:///Users/ajaxestela/.m2/repository/com/github/almasb/fxgl/21.1/fxgl-21.1.jar!/fxglassets/ui/fonts/TerminalLandMono-Regular.otf
16:43:41.536 [FXGL Background Thread 4 ] DEBUG FXGLAssetLoaderServi - Loading from file system: jar:file:///Users/ajaxestela/.m2/repository/com/github/almasb/fxgl/21.1/fxgl-21.1.jar!/fxglassets/ui/fonts/Courier-Prime.ttf
16:43:41.548 [JavaFX Application Thread] DEBUG FXGLAssetLoaderServi - Loading from file system: jar:file:///Users/ajaxestela/.m2/repository/com/github/almasb/fxgl/21.1/fxgl-21.1.jar!/fxglassets/textures/fxgl_default_cursor.png
16:43:41.549 [JavaFX Application Thread] DEBUG Input                - Registered new binding: Screenshot - CTRL+8
16:43:41.550 [JavaFX Application Thread] DEBUG Input                - Registered new binding: System info dump - CTRL+9
16:43:41.550 [JavaFX Application Thread] DEBUG Input                - Registered new binding: Restart - CTRL+R
16:43:41.550 [JavaFX Application Thread] DEBUG Input                - Registered new binding: Toggle Debug Camera - CTRL+7
16:43:41.550 [JavaFX Application Thread] DEBUG LoopRunner           - Starting loop
16:43:41.550 [JavaFX Application Thread] DEBUG LoopRunner           - Initializing JavaFX AnimationTimerLoop
16:43:41.551 [JavaFX Application Thread] DEBUG Input                - Clearing active input actions
16:43:41.554 [JavaFX Application Thread] DEBUG GameApplicationServi - Removing overlay from FXGLStartupScene and adding to FXGLMainMenuDummyScene
16:43:41.554 [JavaFX Application Thread] DEBUG PrimaryStageWindow   - FXGLStartupScene -> FXGLMainMenuDummyScene
16:43:41.554 [JavaFX Application Thread] DEBUG PrimaryStageWindow   - Push state: FXGLDefaultMenu
16:43:41.556 [JavaFX Application Thread] DEBUG Input                - Clearing active input actions
16:43:41.560 [JavaFX Application Thread] DEBUG GameApplicationServi - Removing overlay from FXGLMainMenuDummyScene and adding to FXGLDefaultMenu
16:43:41.560 [JavaFX Application Thread] DEBUG PrimaryStageWindow   - FXGLMainMenuDummyScene -> FXGLDefaultMenu
16:43:41.588 [JavaFX Application Thread] DEBUG FXGLApplication      - Registering font factories with UI factory
16:43:42.728 [JavaFX Application Thread] DEBUG Menu                 - fireNewGame()
16:43:42.728 [JavaFX Application Thread] DEBUG GameApplicationServi - Starting new game
16:43:42.729 [JavaFX Application Thread] DEBUG PrimaryStageWindow   - Pop state: FXGLDefaultMenu
16:43:42.729 [JavaFX Application Thread] DEBUG Input                - Clearing active input actions
16:43:42.729 [JavaFX Application Thread] DEBUG GameApplicationServi - Removing overlay from FXGLDefaultMenu and adding to FXGLMainMenuDummyScene
16:43:42.729 [JavaFX Application Thread] DEBUG PrimaryStageWindow   - FXGLMainMenuDummyScene <- FXGLDefaultMenu
16:43:42.729 [JavaFX Application Thread] DEBUG Input                - Clearing active input actions
16:43:42.732 [JavaFX Application Thread] DEBUG GameApplicationServi - Removing overlay from FXGLMainMenuDummyScene and adding to FXGLLoadingScene
16:43:42.732 [JavaFX Application Thread] DEBUG PrimaryStageWindow   - FXGLMainMenuDummyScene -> FXGLLoadingScene
16:43:42.732 [JavaFX Application Thread] DEBUG GameApplicationServi - Clearing previous game
16:43:42.732 [JavaFX Application Thread] DEBUG GameScene            - Clearing game scene
16:43:42.732 [JavaFX Application Thread] DEBUG GameWorld            - Clearing game world
16:43:42.732 [JavaFX Application Thread] DEBUG PhysicsWorld         - Clearing physics world
16:43:42.733 [FXGL Background Thread 2 ] DEBUG FXGLApplication      - Initializing game
16:43:42.734 [FXGL Background Thread 2 ] WARN  FXGLAssetLoaderServi - Asset "/assets/sounds/sounds/hit.wav" was not found!
16:43:42.734 [FXGL Background Thread 2 ] WARN  FXGLAssetLoaderServi - Failed to load SOUND
16:43:42.734 [FXGL Background Thread 2 ] WARN  FXGLAssetLoaderServi - Asset "/assets/sounds/sounds/miss.wav" was not found!
16:43:42.734 [FXGL Background Thread 2 ] WARN  FXGLAssetLoaderServi - Failed to load SOUND
16:43:42.763 [FXGL Background Thread 2 ] WARN  TMXLevelLoader       - TiledMap generated from 1.11.0. Supported version: 1.9.0. Some features may not be parsed fully.
16:43:42.765 [FXGL Background Thread 2 ] DEBUG TMXLevelLoader       - Parsed TiledMap: file:/Users/ajaxestela/IdeaProjects/GitSomeSleep/Capstonee/target/classes/assets/levels/tmx/test.tmx
16:43:42.766 [FXGL Background Thread 2 ] DEBUG TMXLevelLoader       - Creating tile layer entities
16:43:42.766 [FXGL Background Thread 2 ] DEBUG TilesetLoader        - Loading view for layer Tile Layer 1
16:43:42.766 [FXGL Background Thread 2 ] DEBUG TilesetLoader        - Created buffer with size 320.0x320.0
16:43:42.769 [FXGL Background Thread 2 ] DEBUG TMXLevelLoader       - Creating object layer entities
16:43:42.776 [FXGL Background Thread 2 ] DEBUG GameWorld            - Clearing removable entities
16:43:42.776 [FXGL Background Thread 2 ] DEBUG GameWorld            - Setting level: com.almasb.fxgl.entity.level.Level@2a9bc449
16:43:42.779 [FXGL Background Thread 2 ] WARN  FXGLAssetLoaderServi - Asset "/assets/textures/player.png" was not found!
16:43:42.779 [FXGL Background Thread 2 ] WARN  FXGLAssetLoaderServi - Failed to load IMAGE
16:43:42.786 [FXGL Background Thread 2 ] DEBUG FXGLAssetLoaderServi - Loading from file system: file:/Users/ajaxestela/IdeaProjects/GitSomeSleep/Capstonee/target/classes/assets/textures/background/bruh.jpg
16:43:42.804 [FXGL Background Thread 2 ] INFO  FXGLApplication      - Game initialization took: 0.071 sec
16:43:42.804 [JavaFX Application Thread] DEBUG Input                - Clearing active input actions
16:43:42.806 [JavaFX Application Thread] DEBUG GameApplicationServi - Removing overlay from FXGLLoadingScene and adding to GameScene
16:43:42.806 [JavaFX Application Thread] DEBUG PrimaryStageWindow   - FXGLLoadingScene -> GameScene
16:43:44.520 [FXGL Background Thread 3 ] DEBUG Engine               - Logging environment variables
16:43:44.521 [FXGL Background Thread 3 ] DEBUG Engine               - achievements: []
16:43:44.521 [FXGL Background Thread 3 ] DEBUG Engine               - actualHeight: 720.0
16:43:44.521 [FXGL Background Thread 3 ] DEBUG Engine               - actualHeightProperty: ReadOnlyDoubleProperty [value: 720.0]
16:43:44.522 [FXGL Background Thread 3 ] DEBUG Engine               - actualWidth: 1280.0
16:43:44.522 [FXGL Background Thread 3 ] DEBUG Engine               - actualWidthProperty: ReadOnlyDoubleProperty [value: 1280.0]
16:43:44.522 [FXGL Background Thread 3 ] DEBUG Engine               - appIcon: fxgl_icon.png
16:43:44.522 [FXGL Background Thread 3 ] DEBUG Engine               - applicationMode: DEVELOPER
16:43:44.522 [FXGL Background Thread 3 ] DEBUG Engine               - cSSList: [fxgl_dark.css]
16:43:44.522 [FXGL Background Thread 3 ] DEBUG Engine               - collisionDetectionStrategy: BRUTE_FORCE
16:43:44.522 [FXGL Background Thread 3 ] DEBUG Engine               - configClass: Optional.empty
16:43:44.522 [FXGL Background Thread 3 ] DEBUG Engine               - credits: []
16:43:44.522 [FXGL Background Thread 3 ] DEBUG Engine               - defaultCursor: CursorInfo(imageName=fxgl_default_cursor.png, hotspotX=7.0, hotspotY=6.0)
16:43:44.523 [FXGL Background Thread 3 ] DEBUG Engine               - devBBoxColorProperty: ObjectProperty [value: 0xff0000ff]
16:43:44.523 [FXGL Background Thread 3 ] DEBUG Engine               - devEnableDebugCameraProperty: BooleanProperty [value: false]
16:43:44.523 [FXGL Background Thread 3 ] DEBUG Engine               - devSensorColorProperty: ObjectProperty [value: 0xffff00ff]
16:43:44.523 [FXGL Background Thread 3 ] DEBUG Engine               - devShowBBoxProperty: BooleanProperty [value: false]
16:43:44.523 [FXGL Background Thread 3 ] DEBUG Engine               - devShowPositionProperty: BooleanProperty [value: false]
16:43:44.523 [FXGL Background Thread 3 ] DEBUG Engine               - enabledMenuItems: []
16:43:44.523 [FXGL Background Thread 3 ] DEBUG Engine               - engineServices: [class com.almasb.fxgl.app.services.FXGLAssetLoaderService, class com.almasb.fxgl.app.FXGLApplication$GameApplicationService, class com.almasb.fxgl.app.services.FXGLDialogService, class com.almasb.fxgl.app.services.IOTaskExecutorService, class com.almasb.fxgl.io.FileSystemService, class com.almasb.fxgl.localization.LocalizationService, class com.almasb.fxgl.app.services.SystemBundleService, class com.almasb.fxgl.profile.SaveLoadService, class com.almasb.fxgl.ui.FXGLUIFactoryServiceProvider, class com.almasb.fxgl.ui.FXGLDialogFactoryServiceProvider, class com.almasb.fxgl.audio.AudioPlayer, class com.almasb.fxgl.notification.impl.NotificationServiceProvider, class com.almasb.fxgl.achievement.AchievementService, class com.almasb.fxgl.cutscene.CutsceneService, class com.almasb.fxgl.minigames.MiniGameService, class com.almasb.fxgl.net.NetService, class com.almasb.fxgl.app.services.UpdaterService, class com.almasb.fxgl.dev.DevService]
16:43:44.524 [FXGL Background Thread 3 ] DEBUG Engine               - fontGame: Abel-Regular.ttf
16:43:44.524 [FXGL Background Thread 3 ] DEBUG Engine               - fontMono: TerminalLandMono-Regular.otf
16:43:44.524 [FXGL Background Thread 3 ] DEBUG Engine               - fontSizeScaleUI: 1.0
16:43:44.524 [FXGL Background Thread 3 ] DEBUG Engine               - fontText: Courier-Prime.ttf
16:43:44.524 [FXGL Background Thread 3 ] DEBUG Engine               - fontUI: VarelaRound-Regular.ttf
16:43:44.524 [FXGL Background Thread 3 ] DEBUG Engine               - fullScreen: BooleanProperty [value: false]
16:43:44.524 [FXGL Background Thread 3 ] DEBUG Engine               - gameDifficulty: MEDIUM
16:43:44.524 [FXGL Background Thread 3 ] DEBUG Engine               - gameDifficultyProperty: ObjectProperty [value: MEDIUM]
16:43:44.524 [FXGL Background Thread 3 ] DEBUG Engine               - globalMusicVolume: 0.5
16:43:44.524 [FXGL Background Thread 3 ] DEBUG Engine               - globalMusicVolumeProperty: DoubleProperty [value: 0.5]
16:43:44.524 [FXGL Background Thread 3 ] DEBUG Engine               - globalSoundVolume: 0.5
16:43:44.524 [FXGL Background Thread 3 ] DEBUG Engine               - globalSoundVolumeProperty: DoubleProperty [value: 0.5]
16:43:44.524 [FXGL Background Thread 3 ] DEBUG Engine               - height: 720
16:43:44.524 [FXGL Background Thread 3 ] DEBUG Engine               - is3D: false
16:43:44.524 [FXGL Background Thread 3 ] DEBUG Engine               - isAndroid: false
16:43:44.525 [FXGL Background Thread 3 ] DEBUG Engine               - isBrowser: false
16:43:44.525 [FXGL Background Thread 3 ] DEBUG Engine               - isClickFeedbackEnabled: false
16:43:44.525 [FXGL Background Thread 3 ] DEBUG Engine               - isCloseConfirmation: false
16:43:44.525 [FXGL Background Thread 3 ] DEBUG Engine               - isDesktop: true
16:43:44.525 [FXGL Background Thread 3 ] DEBUG Engine               - isDeveloperMenuEnabled: false
16:43:44.525 [FXGL Background Thread 3 ] DEBUG Engine               - isEmbedded: false
16:43:44.525 [FXGL Background Thread 3 ] DEBUG Engine               - isEntityPreloadEnabled: true
16:43:44.525 [FXGL Background Thread 3 ] DEBUG Engine               - isExperimentalTiledLargeMap: false
16:43:44.525 [FXGL Background Thread 3 ] DEBUG Engine               - isFileSystemWriteAllowed: true
16:43:44.525 [FXGL Background Thread 3 ] DEBUG Engine               - isFullScreenAllowed: false
16:43:44.525 [FXGL Background Thread 3 ] DEBUG Engine               - isFullScreenFromStart: false
16:43:44.525 [FXGL Background Thread 3 ] DEBUG Engine               - isGameMenuEnabled: true
16:43:44.525 [FXGL Background Thread 3 ] DEBUG Engine               - isIOS: false
16:43:44.525 [FXGL Background Thread 3 ] DEBUG Engine               - isIntroEnabled: false
16:43:44.525 [FXGL Background Thread 3 ] DEBUG Engine               - isLinux: false
16:43:44.525 [FXGL Background Thread 3 ] DEBUG Engine               - isMac: true
16:43:44.525 [FXGL Background Thread 3 ] DEBUG Engine               - isMainMenuEnabled: true
16:43:44.525 [FXGL Background Thread 3 ] DEBUG Engine               - isManualResizeEnabled: false
16:43:44.525 [FXGL Background Thread 3 ] DEBUG Engine               - isMobile: false
16:43:44.526 [FXGL Background Thread 3 ] DEBUG Engine               - isNative: false
16:43:44.526 [FXGL Background Thread 3 ] DEBUG Engine               - isPauseMusicWhenMinimized: true
16:43:44.526 [FXGL Background Thread 3 ] DEBUG Engine               - isPreserveResizeRatio: false
16:43:44.526 [FXGL Background Thread 3 ] DEBUG Engine               - isProfilingEnabled: false
16:43:44.526 [FXGL Background Thread 3 ] DEBUG Engine               - isScaleAffectedOnResize: true
16:43:44.526 [FXGL Background Thread 3 ] DEBUG Engine               - isSingleStep: false
16:43:44.526 [FXGL Background Thread 3 ] DEBUG Engine               - isUserProfileEnabled: false
16:43:44.526 [FXGL Background Thread 3 ] DEBUG Engine               - isWindows: false
16:43:44.526 [FXGL Background Thread 3 ] DEBUG Engine               - language: ObjectProperty [value: ENGLISH]
16:43:44.526 [FXGL Background Thread 3 ] DEBUG Engine               - menuKey: ESCAPE
16:43:44.526 [FXGL Background Thread 3 ] DEBUG Engine               - mouseSensitivity: 0.2
16:43:44.526 [FXGL Background Thread 3 ] DEBUG Engine               - notificationViewClass: class com.almasb.fxgl.notification.view.XboxNotificationView
16:43:44.527 [FXGL Background Thread 3 ] DEBUG Engine               - pixelsPerMeter: 50.0
16:43:44.527 [FXGL Background Thread 3 ] DEBUG Engine               - platform: MAC
16:43:44.527 [FXGL Background Thread 3 ] DEBUG Engine               - prefHeightProperty: ReadOnlyDoubleProperty [value: 720.0]
16:43:44.527 [FXGL Background Thread 3 ] DEBUG Engine               - prefWidthProperty: ReadOnlyDoubleProperty [value: 1280.0]
16:43:44.527 [FXGL Background Thread 3 ] DEBUG Engine               - profileDir: profiles/
16:43:44.527 [FXGL Background Thread 3 ] DEBUG Engine               - profileName: StringProperty [value: DEFAULT]
16:43:44.527 [FXGL Background Thread 3 ] DEBUG Engine               - randomSeed: -1
16:43:44.528 [FXGL Background Thread 3 ] DEBUG Engine               - runtimeInfo: RuntimeInfo(platform=MAC, version=21.1, build=27.03.2024 07.52)
16:43:44.528 [FXGL Background Thread 3 ] DEBUG Engine               - saveFileExt: sav
16:43:44.528 [FXGL Background Thread 3 ] DEBUG Engine               - scaledHeightProp$fxgl: DoubleProperty [bound, value: 720.0]
16:43:44.528 [FXGL Background Thread 3 ] DEBUG Engine               - scaledWidthProp$fxgl: DoubleProperty [bound, value: 1280.0]
16:43:44.528 [FXGL Background Thread 3 ] DEBUG Engine               - sceneFactory: com.almasb.fxgl.app.scene.SceneFactory@480d27a8
16:43:44.528 [FXGL Background Thread 3 ] DEBUG Engine               - secondsIn24h: 60
16:43:44.528 [FXGL Background Thread 3 ] DEBUG Engine               - soundMenuBack: menu/back.wav
16:43:44.528 [FXGL Background Thread 3 ] DEBUG Engine               - soundMenuPress: menu/press.wav
16:43:44.528 [FXGL Background Thread 3 ] DEBUG Engine               - soundMenuSelect: menu/select.wav
16:43:44.528 [FXGL Background Thread 3 ] DEBUG Engine               - soundNotification: core/notification.wav
16:43:44.528 [FXGL Background Thread 3 ] DEBUG Engine               - stageStyle: DECORATED
16:43:44.528 [FXGL Background Thread 3 ] DEBUG Engine               - supportedLanguages: [ENGLISH, FRENCH, GERMAN, HUNGARIAN, RUSSIAN]
16:43:44.528 [FXGL Background Thread 3 ] DEBUG Engine               - ticksPerSecond: -1
16:43:44.528 [FXGL Background Thread 3 ] DEBUG Engine               - title: Platformer with Rhythm
16:43:44.528 [FXGL Background Thread 3 ] DEBUG Engine               - urlGithub: https://github.com/AlmasB/FXGL
16:43:44.528 [FXGL Background Thread 3 ] DEBUG Engine               - urlLeaderboard: http://fxgl-top.herokuapp.com/
16:43:44.528 [FXGL Background Thread 3 ] DEBUG Engine               - urlPOM: https://raw.githubusercontent.com/AlmasB/FXGL/release/README.md
16:43:44.528 [FXGL Background Thread 3 ] DEBUG Engine               - userAppClass: class org.example.capstonee.GameApp
16:43:44.528 [FXGL Background Thread 3 ] DEBUG Engine               - version: 0.2
16:43:44.529 [FXGL Background Thread 3 ] DEBUG Engine               - versionCheckDays: 7
16:43:44.529 [FXGL Background Thread 3 ] DEBUG Engine               - width: 1280
16:43:44.529 [FXGL Background Thread 3 ] DEBUG Engine               - Logging services
16:43:44.529 [FXGL Background Thread 3 ] DEBUG Engine               - class com.almasb.fxgl.app.services.FXGLAssetLoaderService
16:43:44.529 [FXGL Background Thread 3 ] DEBUG Engine               - class com.almasb.fxgl.app.FXGLApplication$GameApplicationService
16:43:44.529 [FXGL Background Thread 3 ] DEBUG Engine               - class com.almasb.fxgl.app.services.FXGLDialogService
16:43:44.529 [FXGL Background Thread 3 ] DEBUG Engine               - class com.almasb.fxgl.app.services.IOTaskExecutorService
16:43:44.529 [FXGL Background Thread 3 ] DEBUG Engine               - class com.almasb.fxgl.io.FileSystemService
16:43:44.529 [FXGL Background Thread 3 ] DEBUG Engine               - class com.almasb.fxgl.localization.LocalizationService
16:43:44.529 [FXGL Background Thread 3 ] DEBUG Engine               - class com.almasb.fxgl.app.services.SystemBundleService
16:43:44.529 [FXGL Background Thread 3 ] DEBUG Engine               - class com.almasb.fxgl.profile.SaveLoadService
16:43:44.529 [FXGL Background Thread 3 ] DEBUG Engine               - class com.almasb.fxgl.ui.FXGLUIFactoryServiceProvider
16:43:44.529 [FXGL Background Thread 3 ] DEBUG Engine               - class com.almasb.fxgl.ui.FXGLDialogFactoryServiceProvider
16:43:44.529 [FXGL Background Thread 3 ] DEBUG Engine               - class com.almasb.fxgl.audio.AudioPlayer
16:43:44.529 [FXGL Background Thread 3 ] DEBUG Engine               - class com.almasb.fxgl.notification.impl.NotificationServiceProvider
16:43:44.529 [FXGL Background Thread 3 ] DEBUG Engine               - class com.almasb.fxgl.achievement.AchievementService
16:43:44.529 [FXGL Background Thread 3 ] DEBUG Engine               - class com.almasb.fxgl.cutscene.CutsceneService
16:43:44.529 [FXGL Background Thread 3 ] DEBUG Engine               - class com.almasb.fxgl.minigames.MiniGameService
16:43:44.529 [FXGL Background Thread 3 ] DEBUG Engine               - class com.almasb.fxgl.net.NetService
16:43:44.529 [FXGL Background Thread 3 ] DEBUG Engine               - class com.almasb.fxgl.app.services.UpdaterService
16:43:44.529 [FXGL Background Thread 3 ] DEBUG Engine               - class com.almasb.fxgl.dev.DevService
16:43:44.700 [JavaFX Application Thread] DEBUG FXGLAssetLoaderServi - Loading from file system: file:/Users/ajaxestela/IdeaProjects/GitSomeSleep/Capstonee/target/classes/assets/text/gameCutscene_sample1.txt
16:43:44.705 [JavaFX Application Thread] DEBUG Input                - Registered new binding: Next RPG Line - Enter
16:43:44.706 [JavaFX Application Thread] WARN  FXGLAssetLoaderServi - Asset "/assets/textures/bruh.png" was not found!
16:43:44.706 [JavaFX Application Thread] WARN  FXGLAssetLoaderServi - Failed to load IMAGE
16:43:44.706 [JavaFX Application Thread] DEBUG PrimaryStageWindow   - Push state: CutsceneScene
16:43:44.707 [JavaFX Application Thread] DEBUG Input                - Clearing active input actions
16:43:44.707 [JavaFX Application Thread] DEBUG GameApplicationServi - Removing overlay from GameScene and adding to CutsceneScene
16:43:44.707 [JavaFX Application Thread] DEBUG PrimaryStageWindow   - GameScene -> CutsceneScene
16:43:45.517 [JavaFX Application Thread] DEBUG FXGLAssetLoaderServi - Loading from file system: file:/Users/ajaxestela/IdeaProjects/GitSomeSleep/Capstonee/target/classes/assets/textures/tuntunsahur.png
16:43:46.482 [JavaFX Application Thread] DEBUG PrimaryStageWindow   - Pop state: CutsceneScene
16:43:46.483 [JavaFX Application Thread] DEBUG Input                - Clearing active input actions
16:43:46.484 [JavaFX Application Thread] DEBUG GameApplicationServi - Removing overlay from CutsceneScene and adding to GameScene
16:43:46.484 [JavaFX Application Thread] DEBUG PrimaryStageWindow   - GameScene <- CutsceneScene
16:43:46.502 [JavaFX Application Thread] WARN  FXGLAssetLoaderServi - Asset "/assets/textures/background/pixelatedliyue.jpg" was not found!
16:43:46.503 [JavaFX Application Thread] WARN  FXGLAssetLoaderServi - Failed to load IMAGE
16:43:46.517 [JavaFX Application Thread] DEBUG FXGLAssetLoaderServi - Loading from file system: file:/Users/ajaxestela/IdeaProjects/GitSomeSleep/Capstonee/target/classes/assets/music/songs/desperato.wav
16:43:51.661 [JavaFX Application Thread] DEBUG AudioPlayer          - Playing music com.almasb.fxgl.audio.Music@283fc41f
16:44:01.384 [JavaFX Application Thread] DEBUG AudioPlayer          - Stopping music com.almasb.fxgl.audio.Music@283fc41f
16:44:08.764 [JavaFX Application Thread] DEBUG FXGLApplication      - Exiting FXGL
16:44:08.764 [JavaFX Application Thread] DEBUG LoopRunner           - Stopping loop
16:44:08.765 [JavaFX Application Thread] DEBUG SystemBundleService  - Saving FXGL system data
16:44:08.771 [JavaFX Application Thread] DEBUG FileSystemAccess     - Writing to: /Users/ajaxestela/IdeaProjects/GitSomeSleep/system/fxgl.bundle
16:44:08.775 [JavaFX Application Thread] DEBUG Async                - Shutting down background threads
16:44:08.776 [JavaFX Application Thread] DEBUG PrimaryStageWindow   - Closing main window
16:44:08.788 [JavaFX Application Thread] DEBUG Logger               - Closing Logger
