08:44:45.213 [main                     ] DEBUG Logger               - Configured Logger
08:44:45.235 [main                     ] DEBUG GameApplication      - Logging settings
Title: Platformer with Rhythm
Version: 0.2
Width: 1280
Height: 720
Fullscreen: false
Intro: false
Profiling: false
Single step:false
App Mode: DEVELOPER
Menu Key: ESCAPE
Stage Style: DECORATED
Scene Factory: class com.almasb.fxgl.app.scene.SceneFactory

08:44:45.715 [JavaFX Application Thread] DEBUG FXGLApplication      - Initializing FXGL
08:44:45.721 [JavaFX Application Thread] INFO  Engine               - FXGL-21.1 (27.03.2024 07.52) on WINDOWS (J:23 FX:22.0.1)
08:44:45.722 [JavaFX Application Thread] DEBUG Engine               - JRE Vendor Name: Oracle Corporation
08:44:45.722 [JavaFX Application Thread] DEBUG Engine               - Running on OS: Windows 10 version 10.0
08:44:45.722 [JavaFX Application Thread] DEBUG Engine               - Architecture: amd64
08:44:45.723 [JavaFX Application Thread] INFO  Engine               - Source code and latest versions at: https://github.com/AlmasB/FXGL
08:44:45.723 [JavaFX Application Thread] INFO  Engine               -       Ask questions and discuss at: https://github.com/AlmasB/FXGL/discussions
08:44:45.723 [JavaFX Application Thread] INFO  Engine               -              Join the FXGL chat at: https://gitter.im/AlmasB/FXGL
08:44:45.855 [JavaFX Application Thread] DEBUG PrimaryStageWindow   - Creating a JavaFX scene
08:44:45.940 [JavaFX Application Thread] DEBUG PrimaryStageWindow   - Target settings size: 1280.0 x 720.0
08:44:45.940 [JavaFX Application Thread] DEBUG PrimaryStageWindow   - Scaled scene size:    1280.0 x 720.0
08:44:45.941 [JavaFX Application Thread] DEBUG PrimaryStageWindow   - Scaled ratio: (1.0, 1.0)
08:44:45.942 [JavaFX Application Thread] DEBUG PrimaryStageWindow   - Set initial scene to FXGLStartupScene
08:44:45.947 [JavaFX Application Thread] DEBUG PrimaryStageWindow   - Opening main window
08:44:46.225 [JavaFX Application Thread] DEBUG PrimaryStageWindow   - Window border size: (16.0, 39.0)
08:44:46.225 [JavaFX Application Thread] DEBUG PrimaryStageWindow   - Scaled size: 1280.0 x 720.0
08:44:46.225 [JavaFX Application Thread] DEBUG PrimaryStageWindow   - Scaled ratio: (1.0, 1.0)
08:44:46.225 [JavaFX Application Thread] DEBUG PrimaryStageWindow   - Scene size: 1280.0 x 720.0
08:44:46.226 [JavaFX Application Thread] DEBUG PrimaryStageWindow   - Stage size: 1296.0 x 759.0
08:44:46.236 [FXGL Background Thread 1 ] DEBUG Engine               - Initializing environment variables
08:44:46.385 [FXGL Background Thread 1 ] DEBUG FXGLAssetLoaderServi - User app class for loading assets: class org.example.capstonee.GameApp
08:44:46.385 [FXGL Background Thread 1 ] DEBUG GameApplicationServi - Applying CSS: fxgl_dark.css
08:44:46.386 [FXGL Background Thread 1 ] DEBUG FXGLAssetLoaderServi - Loading from file system: jar:file:///C:/Users/Admin/.m2/repository/com/github/almasb/fxgl/21.1/fxgl-21.1.jar!/fxglassets/ui/css/fxgl_dark.css
08:44:46.510 [FXGL Background Thread 1 ] DEBUG GameApplicationServi - Initializing application scenes
08:44:46.577 [FXGL Background Thread 1 ] DEBUG GameWorld            - Game world initialized
08:44:46.658 [FXGL Background Thread 1 ] DEBUG PhysicsWorld         - Physics world initialized: appHeight=720, physics.ppm=50.0
08:44:46.658 [FXGL Background Thread 1 ] DEBUG PhysicsWorld         - Using strategy: BRUTE_FORCE
08:44:46.665 [FXGL Background Thread 1 ] DEBUG GameScene            - Game scene initialized: 1280x720
08:44:46.682 [FXGL Background Thread 1 ] DEBUG FXGL.DefaultMenu     - createMenuBodyMainMenu()
08:44:46.727 [FXGL Background Thread 1 ] DEBUG FXGL.DefaultMenu     - createOptionsMenu()
08:44:46.752 [FXGL Background Thread 1 ] DEBUG FXGLAssetLoaderServi - Loading from file system: jar:file:///C:/Users/Admin/.m2/repository/com/github/almasb/fxgl/21.1/fxgl-21.1.jar!/fxglassets/textures/particles/smoke.png
08:44:46.927 [FXGL Background Thread 1 ] DEBUG FXGLAssetLoaderServi - Loading from file system: jar:file:///C:/Users/Admin/.m2/repository/com/github/almasb/fxgl/21.1/fxgl-21.1.jar!/fxglassets/textures/particles/trace_horizontal.png
08:44:46.967 [FXGL Background Thread 1 ] DEBUG FXGL.DefaultMenu     - createMenuBodyGameMenu()
08:44:46.969 [FXGL Background Thread 1 ] DEBUG FXGL.DefaultMenu     - createOptionsMenu()
08:44:47.012 [FXGL Background Thread 1 ] DEBUG GameApplicationServi - Application scenes initialized
08:44:47.054 [FXGL Background Thread 1 ] DEBUG SystemBundleService  - Loading FXGL system data
08:44:47.065 [FXGL Background Thread 1 ] DEBUG FileSystemAccess     - Reading from: C:\Users\Admin\IdeaProjects\GitSomeSleep\system\fxgl.bundle
08:44:47.096 [FXGL Background Thread 1 ] DEBUG SystemBundleService  - Bundle FXGL: {}
08:44:47.096 [FXGL Background Thread 1 ] DEBUG UpdaterService       - Checking for updates
08:44:47.105 [FXGL Background Thread 1 ] DEBUG FXGLApplication      - Loading default localization
08:44:47.107 [FXGL Background Thread 1 ] DEBUG FXGLAssetLoaderServi - Loading from file system: jar:file:///C:/Users/Admin/.m2/repository/com/github/almasb/fxgl/21.1/fxgl-21.1.jar!/fxglassets/languages/english.lang
08:44:47.125 [FXGL Background Thread 4 ] DEBUG FXGLApplication      - Loading fonts
08:44:47.128 [FXGL Background Thread 4 ] DEBUG FXGLAssetLoaderServi - Loading from file system: jar:file:///C:/Users/Admin/.m2/repository/com/github/almasb/fxgl/21.1/fxgl-21.1.jar!/fxglassets/ui/fonts/VarelaRound-Regular.ttf
08:44:47.211 [FXGL Background Thread 1 ] INFO  FXGLApplication      - FXGL initialization took: 0.974 sec
08:44:47.230 [JavaFX Application Thread] DEBUG Input                - Registered new binding: Left - A
08:44:47.231 [JavaFX Application Thread] DEBUG Input                - Registered new binding: Right - D
08:44:47.231 [JavaFX Application Thread] DEBUG Input                - Registered new binding: Jump - W
08:44:47.231 [JavaFX Application Thread] DEBUG Input                - Registered new binding: Interact / Confirm - E
08:44:47.231 [JavaFX Application Thread] DEBUG Input                - Registered new binding: RhythmLane0 - H
08:44:47.231 [JavaFX Application Thread] DEBUG Input                - Registered new binding: RhythmLane1 - J
08:44:47.232 [JavaFX Application Thread] DEBUG Input                - Registered new binding: RhythmLane2 - K
08:44:47.232 [JavaFX Application Thread] DEBUG Input                - Registered new binding: RhythmLane3 - L
08:44:47.232 [JavaFX Application Thread] DEBUG Input                - Registered new binding: RhythmStart - Space
08:44:47.233 [JavaFX Application Thread] DEBUG FXGLAssetLoaderServi - Loading from file system: jar:file:///C:/Users/Admin/.m2/repository/com/github/almasb/fxgl/21.1/fxgl-21.1.jar!/fxglassets/textures/fxgl_icon.png
08:44:47.291 [JavaFX Application Thread] DEBUG FXGLAssetLoaderServi - Loading from file system: jar:file:///C:/Users/Admin/.m2/repository/com/github/almasb/fxgl/21.1/fxgl-21.1.jar!/fxglassets/textures/fxgl_default_cursor.png
08:44:47.299 [JavaFX Application Thread] DEBUG Input                - Registered new binding: Screenshot - CTRL+8
08:44:47.300 [JavaFX Application Thread] DEBUG Input                - Registered new binding: System info dump - CTRL+9
08:44:47.302 [JavaFX Application Thread] DEBUG Input                - Registered new binding: Restart - CTRL+R
08:44:47.304 [JavaFX Application Thread] DEBUG Input                - Registered new binding: Toggle Debug Camera - CTRL+7
08:44:47.309 [JavaFX Application Thread] DEBUG LoopRunner           - Starting loop
08:44:47.309 [JavaFX Application Thread] DEBUG LoopRunner           - Initializing JavaFX AnimationTimerLoop
08:44:47.314 [JavaFX Application Thread] DEBUG Input                - Clearing active input actions
08:44:47.331 [JavaFX Application Thread] DEBUG GameApplicationServi - Removing overlay from FXGLStartupScene and adding to FXGLMainMenuDummyScene
08:44:47.332 [JavaFX Application Thread] DEBUG PrimaryStageWindow   - FXGLStartupScene -> FXGLMainMenuDummyScene
08:44:47.333 [JavaFX Application Thread] DEBUG PrimaryStageWindow   - Push state: FXGLDefaultMenu
08:44:47.341 [FXGL Background Thread 4 ] DEBUG FXGLAssetLoaderServi - Loading from file system: jar:file:///C:/Users/Admin/.m2/repository/com/github/almasb/fxgl/21.1/fxgl-21.1.jar!/fxglassets/ui/fonts/Abel-Regular.ttf
08:44:47.346 [JavaFX Application Thread] DEBUG Input                - Clearing active input actions
08:44:47.347 [FXGL Background Thread 4 ] DEBUG FXGLAssetLoaderServi - Loading from file system: jar:file:///C:/Users/Admin/.m2/repository/com/github/almasb/fxgl/21.1/fxgl-21.1.jar!/fxglassets/ui/fonts/TerminalLandMono-Regular.otf
08:44:47.354 [FXGL Background Thread 4 ] DEBUG FXGLAssetLoaderServi - Loading from file system: jar:file:///C:/Users/Admin/.m2/repository/com/github/almasb/fxgl/21.1/fxgl-21.1.jar!/fxglassets/ui/fonts/Courier-Prime.ttf
08:44:47.362 [JavaFX Application Thread] DEBUG GameApplicationServi - Removing overlay from FXGLMainMenuDummyScene and adding to FXGLDefaultMenu
08:44:47.363 [JavaFX Application Thread] DEBUG PrimaryStageWindow   - FXGLMainMenuDummyScene -> FXGLDefaultMenu
08:44:47.504 [JavaFX Application Thread] DEBUG FXGLApplication      - Registering font factories with UI factory
08:44:50.103 [FXGL Background Thread 3 ] DEBUG Engine               - Logging environment variables
08:44:50.103 [FXGL Background Thread 3 ] DEBUG Engine               - achievements: []
08:44:50.104 [FXGL Background Thread 3 ] DEBUG Engine               - actualHeight: 720.0
08:44:50.104 [FXGL Background Thread 3 ] DEBUG Engine               - actualHeightProperty: ReadOnlyDoubleProperty [value: 720.0]
08:44:50.104 [FXGL Background Thread 3 ] DEBUG Engine               - actualWidth: 1280.0
08:44:50.104 [FXGL Background Thread 3 ] DEBUG Engine               - actualWidthProperty: ReadOnlyDoubleProperty [value: 1280.0]
08:44:50.104 [FXGL Background Thread 3 ] DEBUG Engine               - appIcon: fxgl_icon.png
08:44:50.104 [FXGL Background Thread 3 ] DEBUG Engine               - applicationMode: DEVELOPER
08:44:50.104 [FXGL Background Thread 3 ] DEBUG Engine               - cSSList: [fxgl_dark.css]
08:44:50.104 [FXGL Background Thread 3 ] DEBUG Engine               - collisionDetectionStrategy: BRUTE_FORCE
08:44:50.104 [FXGL Background Thread 3 ] DEBUG Engine               - configClass: Optional.empty
08:44:50.104 [FXGL Background Thread 3 ] DEBUG Engine               - credits: []
08:44:50.104 [FXGL Background Thread 3 ] DEBUG Engine               - defaultCursor: CursorInfo(imageName=fxgl_default_cursor.png, hotspotX=7.0, hotspotY=6.0)
08:44:50.105 [FXGL Background Thread 3 ] DEBUG Engine               - devBBoxColorProperty: ObjectProperty [value: 0xff0000ff]
08:44:50.105 [FXGL Background Thread 3 ] DEBUG Engine               - devEnableDebugCameraProperty: BooleanProperty [value: false]
08:44:50.105 [FXGL Background Thread 3 ] DEBUG Engine               - devSensorColorProperty: ObjectProperty [value: 0xffff00ff]
08:44:50.105 [FXGL Background Thread 3 ] DEBUG Engine               - devShowBBoxProperty: BooleanProperty [value: false]
08:44:50.105 [FXGL Background Thread 3 ] DEBUG Engine               - devShowPositionProperty: BooleanProperty [value: false]
08:44:50.105 [FXGL Background Thread 3 ] DEBUG Engine               - enabledMenuItems: []
08:44:50.105 [FXGL Background Thread 3 ] DEBUG Engine               - engineServices: [class com.almasb.fxgl.app.services.FXGLAssetLoaderService, class com.almasb.fxgl.app.FXGLApplication$GameApplicationService, class com.almasb.fxgl.app.services.FXGLDialogService, class com.almasb.fxgl.app.services.IOTaskExecutorService, class com.almasb.fxgl.io.FileSystemService, class com.almasb.fxgl.localization.LocalizationService, class com.almasb.fxgl.app.services.SystemBundleService, class com.almasb.fxgl.profile.SaveLoadService, class com.almasb.fxgl.ui.FXGLUIFactoryServiceProvider, class com.almasb.fxgl.ui.FXGLDialogFactoryServiceProvider, class com.almasb.fxgl.audio.AudioPlayer, class com.almasb.fxgl.notification.impl.NotificationServiceProvider, class com.almasb.fxgl.achievement.AchievementService, class com.almasb.fxgl.cutscene.CutsceneService, class com.almasb.fxgl.minigames.MiniGameService, class com.almasb.fxgl.net.NetService, class com.almasb.fxgl.app.services.UpdaterService, class com.almasb.fxgl.dev.DevService]
08:44:50.105 [FXGL Background Thread 3 ] DEBUG Engine               - fontGame: Abel-Regular.ttf
08:44:50.105 [FXGL Background Thread 3 ] DEBUG Engine               - fontMono: TerminalLandMono-Regular.otf
08:44:50.105 [FXGL Background Thread 3 ] DEBUG Engine               - fontSizeScaleUI: 1.0
08:44:50.105 [FXGL Background Thread 3 ] DEBUG Engine               - fontText: Courier-Prime.ttf
08:44:50.105 [FXGL Background Thread 3 ] DEBUG Engine               - fontUI: VarelaRound-Regular.ttf
08:44:50.105 [FXGL Background Thread 3 ] DEBUG Engine               - fullScreen: BooleanProperty [value: false]
08:44:50.105 [FXGL Background Thread 3 ] DEBUG Engine               - gameDifficulty: MEDIUM
08:44:50.105 [FXGL Background Thread 3 ] DEBUG Engine               - gameDifficultyProperty: ObjectProperty [value: MEDIUM]
08:44:50.106 [FXGL Background Thread 3 ] DEBUG Engine               - globalMusicVolume: 0.5
08:44:50.106 [FXGL Background Thread 3 ] DEBUG Engine               - globalMusicVolumeProperty: DoubleProperty [value: 0.5]
08:44:50.106 [FXGL Background Thread 3 ] DEBUG Engine               - globalSoundVolume: 0.5
08:44:50.106 [FXGL Background Thread 3 ] DEBUG Engine               - globalSoundVolumeProperty: DoubleProperty [value: 0.5]
08:44:50.106 [FXGL Background Thread 3 ] DEBUG Engine               - height: 720
08:44:50.106 [FXGL Background Thread 3 ] DEBUG Engine               - is3D: false
08:44:50.106 [FXGL Background Thread 3 ] DEBUG Engine               - isAndroid: false
08:44:50.106 [FXGL Background Thread 3 ] DEBUG Engine               - isBrowser: false
08:44:50.106 [FXGL Background Thread 3 ] DEBUG Engine               - isClickFeedbackEnabled: false
08:44:50.106 [FXGL Background Thread 3 ] DEBUG Engine               - isCloseConfirmation: false
08:44:50.106 [FXGL Background Thread 3 ] DEBUG Engine               - isDesktop: true
08:44:50.106 [FXGL Background Thread 3 ] DEBUG Engine               - isDeveloperMenuEnabled: false
08:44:50.106 [FXGL Background Thread 3 ] DEBUG Engine               - isEmbedded: false
08:44:50.106 [FXGL Background Thread 3 ] DEBUG Engine               - isEntityPreloadEnabled: true
08:44:50.107 [FXGL Background Thread 3 ] DEBUG Engine               - isExperimentalTiledLargeMap: false
08:44:50.107 [FXGL Background Thread 3 ] DEBUG Engine               - isFileSystemWriteAllowed: true
08:44:50.107 [FXGL Background Thread 3 ] DEBUG Engine               - isFullScreenAllowed: false
08:44:50.107 [FXGL Background Thread 3 ] DEBUG Engine               - isFullScreenFromStart: false
08:44:50.107 [FXGL Background Thread 3 ] DEBUG Engine               - isGameMenuEnabled: true
08:44:50.107 [FXGL Background Thread 3 ] DEBUG Engine               - isIOS: false
08:44:50.107 [FXGL Background Thread 3 ] DEBUG Engine               - isIntroEnabled: false
08:44:50.107 [FXGL Background Thread 3 ] DEBUG Engine               - isLinux: false
08:44:50.107 [FXGL Background Thread 3 ] DEBUG Engine               - isMac: false
08:44:50.107 [FXGL Background Thread 3 ] DEBUG Engine               - isMainMenuEnabled: true
08:44:50.107 [FXGL Background Thread 3 ] DEBUG Engine               - isManualResizeEnabled: false
08:44:50.107 [FXGL Background Thread 3 ] DEBUG Engine               - isMobile: false
08:44:50.107 [FXGL Background Thread 3 ] DEBUG Engine               - isNative: false
08:44:50.107 [FXGL Background Thread 3 ] DEBUG Engine               - isPauseMusicWhenMinimized: true
08:44:50.107 [FXGL Background Thread 3 ] DEBUG Engine               - isPreserveResizeRatio: false
08:44:50.107 [FXGL Background Thread 3 ] DEBUG Engine               - isProfilingEnabled: false
08:44:50.107 [FXGL Background Thread 3 ] DEBUG Engine               - isScaleAffectedOnResize: true
08:44:50.107 [FXGL Background Thread 3 ] DEBUG Engine               - isSingleStep: false
08:44:50.107 [FXGL Background Thread 3 ] DEBUG Engine               - isUserProfileEnabled: false
08:44:50.108 [FXGL Background Thread 3 ] DEBUG Engine               - isWindows: true
08:44:50.108 [FXGL Background Thread 3 ] DEBUG Engine               - language: ObjectProperty [value: ENGLISH]
08:44:50.108 [FXGL Background Thread 3 ] DEBUG Engine               - menuKey: ESCAPE
08:44:50.108 [FXGL Background Thread 3 ] DEBUG Engine               - mouseSensitivity: 0.2
08:44:50.108 [FXGL Background Thread 3 ] DEBUG Engine               - notificationViewClass: class com.almasb.fxgl.notification.view.XboxNotificationView
08:44:50.108 [FXGL Background Thread 3 ] DEBUG Engine               - pixelsPerMeter: 50.0
08:44:50.108 [FXGL Background Thread 3 ] DEBUG Engine               - platform: WINDOWS
08:44:50.108 [FXGL Background Thread 3 ] DEBUG Engine               - prefHeightProperty: ReadOnlyDoubleProperty [value: 720.0]
08:44:50.108 [FXGL Background Thread 3 ] DEBUG Engine               - prefWidthProperty: ReadOnlyDoubleProperty [value: 1280.0]
08:44:50.108 [FXGL Background Thread 3 ] DEBUG Engine               - profileDir: profiles/
08:44:50.108 [FXGL Background Thread 3 ] DEBUG Engine               - profileName: StringProperty [value: DEFAULT]
08:44:50.108 [FXGL Background Thread 3 ] DEBUG Engine               - randomSeed: -1
08:44:50.109 [FXGL Background Thread 3 ] DEBUG Engine               - runtimeInfo: RuntimeInfo(platform=WINDOWS, version=21.1, build=27.03.2024 07.52)
08:44:50.109 [FXGL Background Thread 3 ] DEBUG Engine               - saveFileExt: sav
08:44:50.109 [FXGL Background Thread 3 ] DEBUG Engine               - scaledHeightProp$fxgl: DoubleProperty [bound, value: 720.0]
08:44:50.109 [FXGL Background Thread 3 ] DEBUG Engine               - scaledWidthProp$fxgl: DoubleProperty [bound, value: 1280.0]
08:44:50.109 [FXGL Background Thread 3 ] DEBUG Engine               - sceneFactory: com.almasb.fxgl.app.scene.SceneFactory@24c3d1a9
08:44:50.109 [FXGL Background Thread 3 ] DEBUG Engine               - secondsIn24h: 60
08:44:50.109 [FXGL Background Thread 3 ] DEBUG Engine               - soundMenuBack: menu/back.wav
08:44:50.109 [FXGL Background Thread 3 ] DEBUG Engine               - soundMenuPress: menu/press.wav
08:44:50.109 [FXGL Background Thread 3 ] DEBUG Engine               - soundMenuSelect: menu/select.wav
08:44:50.109 [FXGL Background Thread 3 ] DEBUG Engine               - soundNotification: core/notification.wav
08:44:50.109 [FXGL Background Thread 3 ] DEBUG Engine               - stageStyle: DECORATED
08:44:50.109 [FXGL Background Thread 3 ] DEBUG Engine               - supportedLanguages: [ENGLISH, FRENCH, GERMAN, HUNGARIAN, RUSSIAN]
08:44:50.109 [FXGL Background Thread 3 ] DEBUG Engine               - ticksPerSecond: -1
08:44:50.109 [FXGL Background Thread 3 ] DEBUG Engine               - title: Platformer with Rhythm
08:44:50.109 [FXGL Background Thread 3 ] DEBUG Engine               - urlGithub: https://github.com/AlmasB/FXGL
08:44:50.109 [FXGL Background Thread 3 ] DEBUG Engine               - urlLeaderboard: http://fxgl-top.herokuapp.com/
08:44:50.109 [FXGL Background Thread 3 ] DEBUG Engine               - urlPOM: https://raw.githubusercontent.com/AlmasB/FXGL/release/README.md
08:44:50.109 [FXGL Background Thread 3 ] DEBUG Engine               - userAppClass: class org.example.capstonee.GameApp
08:44:50.110 [FXGL Background Thread 3 ] DEBUG Engine               - version: 0.2
08:44:50.110 [FXGL Background Thread 3 ] DEBUG Engine               - versionCheckDays: 7
08:44:50.110 [FXGL Background Thread 3 ] DEBUG Engine               - width: 1280
08:44:50.110 [FXGL Background Thread 3 ] DEBUG Engine               - Logging services
08:44:50.110 [FXGL Background Thread 3 ] DEBUG Engine               - class com.almasb.fxgl.app.services.FXGLAssetLoaderService
08:44:50.110 [FXGL Background Thread 3 ] DEBUG Engine               - class com.almasb.fxgl.app.FXGLApplication$GameApplicationService
08:44:50.110 [FXGL Background Thread 3 ] DEBUG Engine               - class com.almasb.fxgl.app.services.FXGLDialogService
08:44:50.110 [FXGL Background Thread 3 ] DEBUG Engine               - class com.almasb.fxgl.app.services.IOTaskExecutorService
08:44:50.110 [FXGL Background Thread 3 ] DEBUG Engine               - class com.almasb.fxgl.io.FileSystemService
08:44:50.110 [FXGL Background Thread 3 ] DEBUG Engine               - class com.almasb.fxgl.localization.LocalizationService
08:44:50.110 [FXGL Background Thread 3 ] DEBUG Engine               - class com.almasb.fxgl.app.services.SystemBundleService
08:44:50.110 [FXGL Background Thread 3 ] DEBUG Engine               - class com.almasb.fxgl.profile.SaveLoadService
08:44:50.110 [FXGL Background Thread 3 ] DEBUG Engine               - class com.almasb.fxgl.ui.FXGLUIFactoryServiceProvider
08:44:50.110 [FXGL Background Thread 3 ] DEBUG Engine               - class com.almasb.fxgl.ui.FXGLDialogFactoryServiceProvider
08:44:50.110 [FXGL Background Thread 3 ] DEBUG Engine               - class com.almasb.fxgl.audio.AudioPlayer
08:44:50.110 [FXGL Background Thread 3 ] DEBUG Engine               - class com.almasb.fxgl.notification.impl.NotificationServiceProvider
08:44:50.110 [FXGL Background Thread 3 ] DEBUG Engine               - class com.almasb.fxgl.achievement.AchievementService
08:44:50.110 [FXGL Background Thread 3 ] DEBUG Engine               - class com.almasb.fxgl.cutscene.CutsceneService
08:44:50.110 [FXGL Background Thread 3 ] DEBUG Engine               - class com.almasb.fxgl.minigames.MiniGameService
08:44:50.110 [FXGL Background Thread 3 ] DEBUG Engine               - class com.almasb.fxgl.net.NetService
08:44:50.110 [FXGL Background Thread 3 ] DEBUG Engine               - class com.almasb.fxgl.app.services.UpdaterService
08:44:50.110 [FXGL Background Thread 3 ] DEBUG Engine               - class com.almasb.fxgl.dev.DevService
08:44:51.190 [JavaFX Application Thread] DEBUG Menu                 - fireNewGame()
08:44:51.190 [JavaFX Application Thread] DEBUG GameApplicationServi - Starting new game
08:44:51.199 [JavaFX Application Thread] DEBUG PrimaryStageWindow   - Pop state: FXGLDefaultMenu
08:44:51.199 [JavaFX Application Thread] DEBUG Input                - Clearing active input actions
08:44:51.200 [JavaFX Application Thread] DEBUG GameApplicationServi - Removing overlay from FXGLDefaultMenu and adding to FXGLMainMenuDummyScene
08:44:51.201 [JavaFX Application Thread] DEBUG PrimaryStageWindow   - FXGLMainMenuDummyScene <- FXGLDefaultMenu
08:44:51.202 [JavaFX Application Thread] DEBUG Input                - Clearing active input actions
08:44:51.210 [JavaFX Application Thread] DEBUG GameApplicationServi - Removing overlay from FXGLMainMenuDummyScene and adding to FXGLLoadingScene
08:44:51.210 [JavaFX Application Thread] DEBUG PrimaryStageWindow   - FXGLMainMenuDummyScene -> FXGLLoadingScene
08:44:51.211 [JavaFX Application Thread] DEBUG GameApplicationServi - Clearing previous game
08:44:51.211 [JavaFX Application Thread] DEBUG GameScene            - Clearing game scene
08:44:51.211 [JavaFX Application Thread] DEBUG GameWorld            - Clearing game world
08:44:51.211 [JavaFX Application Thread] DEBUG PhysicsWorld         - Clearing physics world
08:44:51.212 [FXGL Background Thread 2 ] DEBUG FXGLApplication      - Initializing game
08:44:51.216 [FXGL Background Thread 2 ] WARN  FXGLAssetLoaderServi - Asset "/assets/sounds/sounds/hit.wav" was not found!
08:44:51.217 [FXGL Background Thread 2 ] WARN  FXGLAssetLoaderServi - Failed to load SOUND
08:44:51.219 [FXGL Background Thread 2 ] WARN  FXGLAssetLoaderServi - Asset "/assets/sounds/sounds/miss.wav" was not found!
08:44:51.220 [FXGL Background Thread 2 ] WARN  FXGLAssetLoaderServi - Failed to load SOUND
08:44:51.367 [FXGL Background Thread 2 ] WARN  TMXLevelLoader       - TiledMap generated from 1.11.0. Supported version: 1.9.0. Some features may not be parsed fully.
08:44:51.380 [FXGL Background Thread 2 ] DEBUG TMXLevelLoader       - Parsed TiledMap: file:/C:/Users/Admin/IdeaProjects/GitSomeSleep/Capstonee/target/classes/assets/levels/tmx/test.tmx
08:44:51.381 [FXGL Background Thread 2 ] DEBUG TMXLevelLoader       - Creating tile layer entities
08:44:51.383 [FXGL Background Thread 2 ] DEBUG TilesetLoader        - Loading view for layer Tile Layer 1
08:44:51.383 [FXGL Background Thread 2 ] DEBUG TilesetLoader        - Created buffer with size 320.0x320.0
08:44:51.395 [FXGL Background Thread 2 ] DEBUG TMXLevelLoader       - Creating object layer entities
08:44:51.424 [FXGL Background Thread 2 ] DEBUG GameWorld            - Clearing removable entities
08:44:51.425 [FXGL Background Thread 2 ] DEBUG GameWorld            - Setting level: com.almasb.fxgl.entity.level.Level@5eb7bbc1
08:44:51.453 [FXGL Background Thread 2 ] WARN  FXGLAssetLoaderServi - Asset "/assets/textures/player.png" was not found!
08:44:51.453 [FXGL Background Thread 2 ] WARN  FXGLAssetLoaderServi - Failed to load IMAGE
08:44:51.508 [FXGL Background Thread 2 ] DEBUG FXGLAssetLoaderServi - Loading from file system: file:/C:/Users/Admin/IdeaProjects/GitSomeSleep/Capstonee/target/classes/assets/textures/background/bruh.jpg
08:44:51.605 [FXGL Background Thread 2 ] INFO  FXGLApplication      - Game initialization took: 0.393 sec
08:44:51.610 [JavaFX Application Thread] DEBUG Input                - Clearing active input actions
08:44:51.616 [JavaFX Application Thread] DEBUG GameApplicationServi - Removing overlay from FXGLLoadingScene and adding to GameScene
08:44:51.616 [JavaFX Application Thread] DEBUG PrimaryStageWindow   - FXGLLoadingScene -> GameScene
08:44:53.563 [JavaFX Application Thread] DEBUG FXGLAssetLoaderServi - Loading from file system: file:/C:/Users/Admin/IdeaProjects/GitSomeSleep/Capstonee/target/classes/assets/text/gameCutscene_sample1.txt
08:44:53.567 [JavaFX Application Thread] DEBUG Input                - Registered new binding: Next RPG Line - Enter
08:44:53.568 [JavaFX Application Thread] WARN  FXGLAssetLoaderServi - Asset "/assets/textures/bruh.png" was not found!
08:44:53.568 [JavaFX Application Thread] WARN  FXGLAssetLoaderServi - Failed to load IMAGE
08:44:53.568 [JavaFX Application Thread] DEBUG PrimaryStageWindow   - Push state: CutsceneScene
08:44:53.569 [JavaFX Application Thread] DEBUG Input                - Clearing active input actions
08:44:53.570 [JavaFX Application Thread] DEBUG GameApplicationServi - Removing overlay from GameScene and adding to CutsceneScene
08:44:53.570 [JavaFX Application Thread] DEBUG PrimaryStageWindow   - GameScene -> CutsceneScene
08:44:54.144 [JavaFX Application Thread] DEBUG FXGLAssetLoaderServi - Loading from file system: file:/C:/Users/Admin/IdeaProjects/GitSomeSleep/Capstonee/target/classes/assets/textures/tuntunsahur.png
08:44:55.139 [JavaFX Application Thread] DEBUG PrimaryStageWindow   - Pop state: CutsceneScene
08:44:55.139 [JavaFX Application Thread] DEBUG Input                - Clearing active input actions
08:44:55.139 [JavaFX Application Thread] DEBUG GameApplicationServi - Removing overlay from CutsceneScene and adding to GameScene
08:44:55.139 [JavaFX Application Thread] DEBUG PrimaryStageWindow   - GameScene <- CutsceneScene
08:44:55.155 [JavaFX Application Thread] DEBUG FXGLAssetLoaderServi - Loading from file system: file:/C:/Users/Admin/IdeaProjects/GitSomeSleep/Capstonee/target/classes/assets/textures/background/pixelatedliyue.png
08:44:55.218 [JavaFX Application Thread] DEBUG FXGLAssetLoaderServi - Loading from file system: file:/C:/Users/Admin/IdeaProjects/GitSomeSleep/Capstonee/target/classes/assets/music/songs/desperato.wav
08:44:55.387 [JavaFX Application Thread] DEBUG FXGLAssetLoaderServi - Loading from file system: file:/C:/Users/Admin/IdeaProjects/GitSomeSleep/Capstonee/target/classes/assets/textures/notes/hilichurlhitmarker.png
08:44:56.416 [JavaFX Application Thread] DEBUG AudioPlayer          - Playing music com.almasb.fxgl.audio.Music@744626cd
08:44:56.878 [JavaFX Application Thread] DEBUG FXGLAssetLoaderServi - Loading from file system: file:/C:/Users/Admin/IdeaProjects/GitSomeSleep/Capstonee/target/classes/assets/textures/markers/moranote.png
08:44:58.904 [JavaFX Application Thread] DEBUG FXGLAssetLoaderServi - Loading from file system: file:/C:/Users/Admin/IdeaProjects/GitSomeSleep/Capstonee/target/classes/assets/textures/notes/hilichurlhitmarker.png
08:45:06.235 [JavaFX Application Thread] DEBUG AudioPlayer          - Stopping music com.almasb.fxgl.audio.Music@744626cd
08:45:07.243 [JavaFX Application Thread] DEBUG PrimaryStageWindow   - Push state: FXGLDefaultMenu
08:45:07.243 [JavaFX Application Thread] DEBUG Input                - Clearing active input actions
08:45:07.246 [JavaFX Application Thread] DEBUG GameApplicationServi - Removing overlay from GameScene and adding to FXGLDefaultMenu
08:45:07.246 [JavaFX Application Thread] DEBUG PrimaryStageWindow   - GameScene -> FXGLDefaultMenu
08:45:08.007 [JavaFX Application Thread] DEBUG FXGLApplication      - Exiting FXGL
08:45:08.007 [JavaFX Application Thread] DEBUG LoopRunner           - Stopping loop
08:45:08.007 [JavaFX Application Thread] DEBUG SystemBundleService  - Saving FXGL system data
08:45:08.010 [JavaFX Application Thread] DEBUG FileSystemAccess     - Writing to: C:\Users\Admin\IdeaProjects\GitSomeSleep\system\fxgl.bundle
08:45:08.012 [JavaFX Application Thread] DEBUG Async                - Shutting down background threads
08:45:08.013 [JavaFX Application Thread] DEBUG PrimaryStageWindow   - Closing main window
08:45:08.027 [JavaFX Application Thread] DEBUG Logger               - Closing Logger
