22:48:33.428 [main                     ] DEBUG Logger               - Configured Logger
22:48:33.454 [main                     ] DEBUG GameApplication      - Logging settings
Title: Rhythm Impact
Version: 1.0
Width: 1280
Height: 720
Fullscreen: false
Intro: false
Profiling: false
Single step:false
App Mode: DEVELOPER
Menu Key: ESCAPE
Stage Style: DECORATED
Scene Factory: class org.example.capstonee.Menu.MenuSceneFactory

22:48:33.795 [JavaFX Application Thread] DEBUG FXGLApplication      - Initializing FXGL
22:48:33.798 [JavaFX Application Thread] INFO  Engine               - FXGL-21.1 (27.03.2024 07.52) on WINDOWS (J:23.0.1 FX:22.0.1)
22:48:33.798 [JavaFX Application Thread] DEBUG Engine               - JRE Vendor Name: Oracle Corporation
22:48:33.799 [JavaFX Application Thread] DEBUG Engine               - Running on OS: Windows 11 version 10.0
22:48:33.799 [JavaFX Application Thread] DEBUG Engine               - Architecture: amd64
22:48:33.799 [JavaFX Application Thread] INFO  Engine               - Source code and latest versions at: https://github.com/AlmasB/FXGL
22:48:33.799 [JavaFX Application Thread] INFO  Engine               -       Ask questions and discuss at: https://github.com/AlmasB/FXGL/discussions
22:48:33.799 [JavaFX Application Thread] INFO  Engine               -              Join the FXGL chat at: https://gitter.im/AlmasB/FXGL
22:48:33.858 [JavaFX Application Thread] DEBUG PrimaryStageWindow   - Creating a JavaFX scene
22:48:33.890 [JavaFX Application Thread] DEBUG PrimaryStageWindow   - Target settings size: 1280.0 x 720.0
22:48:33.890 [JavaFX Application Thread] DEBUG PrimaryStageWindow   - Scaled scene size:    1280.0 x 720.0
22:48:33.890 [JavaFX Application Thread] DEBUG PrimaryStageWindow   - Scaled ratio: (1.0, 1.0)
22:48:33.891 [JavaFX Application Thread] DEBUG PrimaryStageWindow   - Set initial scene to FXGLStartupScene
22:48:33.894 [JavaFX Application Thread] DEBUG PrimaryStageWindow   - Opening main window
22:48:34.136 [JavaFX Application Thread] DEBUG PrimaryStageWindow   - Window border size: (16.0, 39.0)
22:48:34.137 [JavaFX Application Thread] DEBUG PrimaryStageWindow   - Scaled size: 1280.0 x 720.0
22:48:34.137 [JavaFX Application Thread] DEBUG PrimaryStageWindow   - Scaled ratio: (1.0, 1.0)
22:48:34.137 [JavaFX Application Thread] DEBUG PrimaryStageWindow   - Scene size: 1280.0 x 720.0
22:48:34.137 [JavaFX Application Thread] DEBUG PrimaryStageWindow   - Stage size: 1296.0 x 759.0
22:48:34.143 [FXGL Background Thread 1 ] DEBUG Engine               - Initializing environment variables
22:48:34.245 [FXGL Background Thread 1 ] DEBUG FXGLAssetLoaderServi - User app class for loading assets: class org.example.capstonee.GameApp
22:48:34.246 [FXGL Background Thread 1 ] DEBUG GameApplicationServi - Applying CSS: fxgl_dark.css
22:48:34.248 [FXGL Background Thread 1 ] DEBUG FXGLAssetLoaderServi - Loading from file system: jar:file:///C:/Users/Shaun/.m2/repository/com/github/almasb/fxgl/21.1/fxgl-21.1.jar!/fxglassets/ui/css/fxgl_dark.css
22:48:34.308 [FXGL Background Thread 1 ] DEBUG GameApplicationServi - Initializing application scenes
22:48:34.384 [FXGL Background Thread 1 ] DEBUG GameWorld            - Game world initialized
22:48:34.443 [FXGL Background Thread 1 ] DEBUG PhysicsWorld         - Physics world initialized: appHeight=720, physics.ppm=50.0
22:48:34.444 [FXGL Background Thread 1 ] DEBUG PhysicsWorld         - Using strategy: BRUTE_FORCE
22:48:34.446 [FXGL Background Thread 1 ] DEBUG GameScene            - Game scene initialized: 1280x720
22:48:34.451 [FXGL Background Thread 1 ] WARN  FXGLAssetLoaderServi - Asset "/assets/music/music/menu_theme.wav" was not found!
22:48:34.451 [FXGL Background Thread 1 ] WARN  FXGLAssetLoaderServi - Failed to load MUSIC
22:48:34.455 [FXGL Background Thread 1 ] DEBUG FXGLAssetLoaderServi - Loading from file system: file:/C:/Users/Shaun/Documents/JAVA%20CODES/furRhythm-v2/GitSomeSleep/Capstonee/target/classes/assets/textures/background/nearest4.png
22:48:34.486 [FXGL Background Thread 1 ] DEBUG FXGLAssetLoaderServi - Loading from file system: file:/C:/Users/Shaun/Documents/JAVA%20CODES/furRhythm-v2/GitSomeSleep/Capstonee/target/classes/assets/textures/background/nearest3.png
22:48:34.506 [FXGL Background Thread 1 ] DEBUG FXGLAssetLoaderServi - Loading from file system: file:/C:/Users/Shaun/Documents/JAVA%20CODES/furRhythm-v2/GitSomeSleep/Capstonee/target/classes/assets/textures/background/nearest2.png
22:48:34.512 [FXGL Background Thread 1 ] DEBUG FXGLAssetLoaderServi - Loading from file system: file:/C:/Users/Shaun/Documents/JAVA%20CODES/furRhythm-v2/GitSomeSleep/Capstonee/target/classes/assets/textures/background/%20nearest1.png
22:48:34.529 [FXGL Background Thread 1 ] DEBUG GameApplicationServi - Application scenes initialized
22:48:34.543 [FXGL Background Thread 1 ] DEBUG SystemBundleService  - Loading FXGL system data
22:48:34.547 [FXGL Background Thread 1 ] DEBUG FileSystemAccess     - Reading from: C:\Users\Shaun\Documents\JAVA CODES\furRhythm-v2\GitSomeSleep\system\fxgl.bundle
22:48:34.554 [FXGL Background Thread 1 ] DEBUG SystemBundleService  - Bundle FXGL: {}
22:48:34.554 [FXGL Background Thread 1 ] DEBUG UpdaterService       - Checking for updates
22:48:34.558 [FXGL Background Thread 4 ] DEBUG FXGLApplication      - Loading fonts
22:48:34.559 [FXGL Background Thread 1 ] DEBUG FXGLApplication      - Loading default localization
22:48:34.559 [FXGL Background Thread 4 ] DEBUG FXGLAssetLoaderServi - Loading from file system: jar:file:///C:/Users/Shaun/.m2/repository/com/github/almasb/fxgl/21.1/fxgl-21.1.jar!/fxglassets/ui/fonts/VarelaRound-Regular.ttf
22:48:34.560 [FXGL Background Thread 1 ] DEBUG FXGLAssetLoaderServi - Loading from file system: jar:file:///C:/Users/Shaun/.m2/repository/com/github/almasb/fxgl/21.1/fxgl-21.1.jar!/fxglassets/languages/english.lang
22:48:34.591 [FXGL Background Thread 4 ] DEBUG FXGLAssetLoaderServi - Loading from file system: jar:file:///C:/Users/Shaun/.m2/repository/com/github/almasb/fxgl/21.1/fxgl-21.1.jar!/fxglassets/ui/fonts/Abel-Regular.ttf
22:48:34.593 [FXGL Background Thread 1 ] INFO  FXGLApplication      - FXGL initialization took: 0.451 sec
22:48:34.594 [FXGL Background Thread 4 ] DEBUG FXGLAssetLoaderServi - Loading from file system: jar:file:///C:/Users/Shaun/.m2/repository/com/github/almasb/fxgl/21.1/fxgl-21.1.jar!/fxglassets/ui/fonts/TerminalLandMono-Regular.otf
22:48:34.600 [FXGL Background Thread 4 ] DEBUG FXGLAssetLoaderServi - Loading from file system: jar:file:///C:/Users/Shaun/.m2/repository/com/github/almasb/fxgl/21.1/fxgl-21.1.jar!/fxglassets/ui/fonts/Courier-Prime.ttf
22:48:34.603 [JavaFX Application Thread] DEBUG Input                - Registered new binding: RhythmLane0 - H
22:48:34.603 [JavaFX Application Thread] DEBUG Input                - Registered new binding: RhythmLane1 - J
22:48:34.603 [JavaFX Application Thread] DEBUG Input                - Registered new binding: RhythmLane2 - K
22:48:34.603 [JavaFX Application Thread] DEBUG Input                - Registered new binding: RhythmLane3 - L
22:48:34.603 [JavaFX Application Thread] DEBUG Input                - Registered new binding: RhythmStart - Space
22:48:34.604 [JavaFX Application Thread] DEBUG FXGLAssetLoaderServi - Loading from file system: jar:file:///C:/Users/Shaun/.m2/repository/com/github/almasb/fxgl/21.1/fxgl-21.1.jar!/fxglassets/textures/fxgl_icon.png
22:48:34.617 [JavaFX Application Thread] DEBUG FXGLAssetLoaderServi - Loading from file system: jar:file:///C:/Users/Shaun/.m2/repository/com/github/almasb/fxgl/21.1/fxgl-21.1.jar!/fxglassets/textures/fxgl_default_cursor.png
22:48:34.620 [JavaFX Application Thread] DEBUG Input                - Registered new binding: Screenshot - CTRL+8
22:48:34.620 [JavaFX Application Thread] DEBUG Input                - Registered new binding: System info dump - CTRL+9
22:48:34.621 [JavaFX Application Thread] DEBUG Input                - Registered new binding: Restart - CTRL+R
22:48:34.621 [JavaFX Application Thread] DEBUG Input                - Registered new binding: Toggle Debug Camera - CTRL+7
22:48:34.623 [JavaFX Application Thread] DEBUG LoopRunner           - Starting loop
22:48:34.623 [JavaFX Application Thread] DEBUG LoopRunner           - Initializing JavaFX AnimationTimerLoop
22:48:34.627 [JavaFX Application Thread] DEBUG Input                - Clearing active input actions
22:48:34.636 [JavaFX Application Thread] DEBUG GameApplicationServi - Removing overlay from FXGLStartupScene and adding to FXGLMainMenuDummyScene
22:48:34.636 [JavaFX Application Thread] DEBUG PrimaryStageWindow   - FXGLStartupScene -> FXGLMainMenuDummyScene
22:48:34.636 [JavaFX Application Thread] DEBUG PrimaryStageWindow   - Push state: MainMenu
22:48:34.637 [JavaFX Application Thread] DEBUG Input                - Clearing active input actions
22:48:34.652 [JavaFX Application Thread] DEBUG GameApplicationServi - Removing overlay from FXGLMainMenuDummyScene and adding to MainMenu
22:48:34.654 [JavaFX Application Thread] DEBUG PrimaryStageWindow   - FXGLMainMenuDummyScene -> MainMenu
22:48:34.749 [JavaFX Application Thread] DEBUG FXGLApplication      - Registering font factories with UI factory
22:48:35.275 [JavaFX Application Thread] DEBUG PrimaryStageWindow   - Push state: DialogSubScene
22:48:35.275 [JavaFX Application Thread] DEBUG Input                - Clearing active input actions
22:48:35.276 [JavaFX Application Thread] DEBUG GameApplicationServi - Removing overlay from MainMenu and adding to DialogSubScene
22:48:35.276 [JavaFX Application Thread] DEBUG PrimaryStageWindow   - MainMenu -> DialogSubScene
22:48:37.397 [JavaFX Application Thread] DEBUG PrimaryStageWindow   - Pop state: DialogSubScene
22:48:37.397 [JavaFX Application Thread] DEBUG Input                - Clearing active input actions
22:48:37.398 [JavaFX Application Thread] DEBUG GameApplicationServi - Removing overlay from DialogSubScene and adding to MainMenu
22:48:37.398 [JavaFX Application Thread] DEBUG PrimaryStageWindow   - MainMenu <- DialogSubScene
22:48:37.400 [JavaFX Application Thread] DEBUG PrimaryStageWindow   - Push state: DialogSubScene
22:48:37.400 [JavaFX Application Thread] DEBUG Input                - Clearing active input actions
22:48:37.401 [JavaFX Application Thread] DEBUG GameApplicationServi - Removing overlay from MainMenu and adding to DialogSubScene
22:48:37.401 [JavaFX Application Thread] DEBUG PrimaryStageWindow   - MainMenu -> DialogSubScene
22:48:37.559 [FXGL Background Thread 3 ] DEBUG Engine               - Logging environment variables
22:48:37.560 [FXGL Background Thread 3 ] DEBUG Engine               - achievements: []
22:48:37.560 [FXGL Background Thread 3 ] DEBUG Engine               - actualHeight: 720.0
22:48:37.560 [FXGL Background Thread 3 ] DEBUG Engine               - actualHeightProperty: ReadOnlyDoubleProperty [value: 720.0]
22:48:37.561 [FXGL Background Thread 3 ] DEBUG Engine               - actualWidth: 1280.0
22:48:37.561 [FXGL Background Thread 3 ] DEBUG Engine               - actualWidthProperty: ReadOnlyDoubleProperty [value: 1280.0]
22:48:37.561 [FXGL Background Thread 3 ] DEBUG Engine               - appIcon: fxgl_icon.png
22:48:37.561 [FXGL Background Thread 3 ] DEBUG Engine               - applicationMode: DEVELOPER
22:48:37.561 [FXGL Background Thread 3 ] DEBUG Engine               - cSSList: [fxgl_dark.css]
22:48:37.561 [FXGL Background Thread 3 ] DEBUG Engine               - collisionDetectionStrategy: BRUTE_FORCE
22:48:37.561 [FXGL Background Thread 3 ] DEBUG Engine               - configClass: Optional.empty
22:48:37.561 [FXGL Background Thread 3 ] DEBUG Engine               - credits: []
22:48:37.563 [FXGL Background Thread 3 ] DEBUG Engine               - defaultCursor: CursorInfo(imageName=fxgl_default_cursor.png, hotspotX=7.0, hotspotY=6.0)
22:48:37.563 [FXGL Background Thread 3 ] DEBUG Engine               - devBBoxColorProperty: ObjectProperty [value: 0xff0000ff]
22:48:37.563 [FXGL Background Thread 3 ] DEBUG Engine               - devEnableDebugCameraProperty: BooleanProperty [value: false]
22:48:37.563 [FXGL Background Thread 3 ] DEBUG Engine               - devSensorColorProperty: ObjectProperty [value: 0xffff00ff]
22:48:37.563 [FXGL Background Thread 3 ] DEBUG Engine               - devShowBBoxProperty: BooleanProperty [value: false]
22:48:37.563 [FXGL Background Thread 3 ] DEBUG Engine               - devShowPositionProperty: BooleanProperty [value: false]
22:48:37.563 [FXGL Background Thread 3 ] DEBUG Engine               - enabledMenuItems: []
22:48:37.563 [FXGL Background Thread 3 ] DEBUG Engine               - engineServices: [class com.almasb.fxgl.app.services.FXGLAssetLoaderService, class com.almasb.fxgl.app.FXGLApplication$GameApplicationService, class com.almasb.fxgl.app.services.FXGLDialogService, class com.almasb.fxgl.app.services.IOTaskExecutorService, class com.almasb.fxgl.io.FileSystemService, class com.almasb.fxgl.localization.LocalizationService, class com.almasb.fxgl.app.services.SystemBundleService, class com.almasb.fxgl.profile.SaveLoadService, class com.almasb.fxgl.ui.FXGLUIFactoryServiceProvider, class com.almasb.fxgl.ui.FXGLDialogFactoryServiceProvider, class com.almasb.fxgl.audio.AudioPlayer, class com.almasb.fxgl.notification.impl.NotificationServiceProvider, class com.almasb.fxgl.achievement.AchievementService, class com.almasb.fxgl.cutscene.CutsceneService, class com.almasb.fxgl.minigames.MiniGameService, class com.almasb.fxgl.net.NetService, class com.almasb.fxgl.app.services.UpdaterService, class com.almasb.fxgl.dev.DevService]
22:48:37.563 [FXGL Background Thread 3 ] DEBUG Engine               - fontGame: Abel-Regular.ttf
22:48:37.563 [FXGL Background Thread 3 ] DEBUG Engine               - fontMono: TerminalLandMono-Regular.otf
22:48:37.563 [FXGL Background Thread 3 ] DEBUG Engine               - fontSizeScaleUI: 1.0
22:48:37.563 [FXGL Background Thread 3 ] DEBUG Engine               - fontText: Courier-Prime.ttf
22:48:37.563 [FXGL Background Thread 3 ] DEBUG Engine               - fontUI: VarelaRound-Regular.ttf
22:48:37.563 [FXGL Background Thread 3 ] DEBUG Engine               - fullScreen: BooleanProperty [value: false]
22:48:37.563 [FXGL Background Thread 3 ] DEBUG Engine               - gameDifficulty: MEDIUM
22:48:37.563 [FXGL Background Thread 3 ] DEBUG Engine               - gameDifficultyProperty: ObjectProperty [value: MEDIUM]
22:48:37.563 [FXGL Background Thread 3 ] DEBUG Engine               - globalMusicVolume: 0.5
22:48:37.563 [FXGL Background Thread 3 ] DEBUG Engine               - globalMusicVolumeProperty: DoubleProperty [value: 0.5]
22:48:37.563 [FXGL Background Thread 3 ] DEBUG Engine               - globalSoundVolume: 0.5
22:48:37.563 [FXGL Background Thread 3 ] DEBUG Engine               - globalSoundVolumeProperty: DoubleProperty [value: 0.5]
22:48:37.563 [FXGL Background Thread 3 ] DEBUG Engine               - height: 720
22:48:37.563 [FXGL Background Thread 3 ] DEBUG Engine               - is3D: false
22:48:37.563 [FXGL Background Thread 3 ] DEBUG Engine               - isAndroid: false
22:48:37.563 [FXGL Background Thread 3 ] DEBUG Engine               - isBrowser: false
22:48:37.563 [FXGL Background Thread 3 ] DEBUG Engine               - isClickFeedbackEnabled: false
22:48:37.565 [FXGL Background Thread 3 ] DEBUG Engine               - isCloseConfirmation: false
22:48:37.565 [FXGL Background Thread 3 ] DEBUG Engine               - isDesktop: true
22:48:37.565 [FXGL Background Thread 3 ] DEBUG Engine               - isDeveloperMenuEnabled: false
22:48:37.565 [FXGL Background Thread 3 ] DEBUG Engine               - isEmbedded: false
22:48:37.565 [FXGL Background Thread 3 ] DEBUG Engine               - isEntityPreloadEnabled: true
22:48:37.565 [FXGL Background Thread 3 ] DEBUG Engine               - isExperimentalTiledLargeMap: false
22:48:37.565 [FXGL Background Thread 3 ] DEBUG Engine               - isFileSystemWriteAllowed: true
22:48:37.565 [FXGL Background Thread 3 ] DEBUG Engine               - isFullScreenAllowed: false
22:48:37.565 [FXGL Background Thread 3 ] DEBUG Engine               - isFullScreenFromStart: false
22:48:37.565 [FXGL Background Thread 3 ] DEBUG Engine               - isGameMenuEnabled: true
22:48:37.565 [FXGL Background Thread 3 ] DEBUG Engine               - isIOS: false
22:48:37.565 [FXGL Background Thread 3 ] DEBUG Engine               - isIntroEnabled: false
22:48:37.565 [FXGL Background Thread 3 ] DEBUG Engine               - isLinux: false
22:48:37.565 [FXGL Background Thread 3 ] DEBUG Engine               - isMac: false
22:48:37.565 [FXGL Background Thread 3 ] DEBUG Engine               - isMainMenuEnabled: true
22:48:37.565 [FXGL Background Thread 3 ] DEBUG Engine               - isManualResizeEnabled: false
22:48:37.565 [FXGL Background Thread 3 ] DEBUG Engine               - isMobile: false
22:48:37.565 [FXGL Background Thread 3 ] DEBUG Engine               - isNative: false
22:48:37.565 [FXGL Background Thread 3 ] DEBUG Engine               - isPauseMusicWhenMinimized: true
22:48:37.565 [FXGL Background Thread 3 ] DEBUG Engine               - isPreserveResizeRatio: false
22:48:37.565 [FXGL Background Thread 3 ] DEBUG Engine               - isProfilingEnabled: false
22:48:37.565 [FXGL Background Thread 3 ] DEBUG Engine               - isScaleAffectedOnResize: true
22:48:37.565 [FXGL Background Thread 3 ] DEBUG Engine               - isSingleStep: false
22:48:37.565 [FXGL Background Thread 3 ] DEBUG Engine               - isUserProfileEnabled: false
22:48:37.565 [FXGL Background Thread 3 ] DEBUG Engine               - isWindows: true
22:48:37.565 [FXGL Background Thread 3 ] DEBUG Engine               - language: ObjectProperty [value: ENGLISH]
22:48:37.565 [FXGL Background Thread 3 ] DEBUG Engine               - menuKey: ESCAPE
22:48:37.565 [FXGL Background Thread 3 ] DEBUG Engine               - mouseSensitivity: 0.2
22:48:37.565 [FXGL Background Thread 3 ] DEBUG Engine               - notificationViewClass: class com.almasb.fxgl.notification.view.XboxNotificationView
22:48:37.565 [FXGL Background Thread 3 ] DEBUG Engine               - pixelsPerMeter: 50.0
22:48:37.565 [FXGL Background Thread 3 ] DEBUG Engine               - platform: WINDOWS
22:48:37.565 [FXGL Background Thread 3 ] DEBUG Engine               - prefHeightProperty: ReadOnlyDoubleProperty [value: 720.0]
22:48:37.565 [FXGL Background Thread 3 ] DEBUG Engine               - prefWidthProperty: ReadOnlyDoubleProperty [value: 1280.0]
22:48:37.565 [FXGL Background Thread 3 ] DEBUG Engine               - profileDir: profiles/
22:48:37.565 [FXGL Background Thread 3 ] DEBUG Engine               - profileName: StringProperty [value: DEFAULT]
22:48:37.565 [FXGL Background Thread 3 ] DEBUG Engine               - randomSeed: -1
22:48:37.566 [FXGL Background Thread 3 ] DEBUG Engine               - runtimeInfo: RuntimeInfo(platform=WINDOWS, version=21.1, build=27.03.2024 07.52)
22:48:37.566 [FXGL Background Thread 3 ] DEBUG Engine               - saveFileExt: sav
22:48:37.566 [FXGL Background Thread 3 ] DEBUG Engine               - scaledHeightProp$fxgl: DoubleProperty [bound, value: 720.0]
22:48:37.566 [FXGL Background Thread 3 ] DEBUG Engine               - scaledWidthProp$fxgl: DoubleProperty [bound, value: 1280.0]
22:48:37.566 [FXGL Background Thread 3 ] DEBUG Engine               - sceneFactory: org.example.capstonee.Menu.MenuSceneFactory@589f1ae1
22:48:37.566 [FXGL Background Thread 3 ] DEBUG Engine               - secondsIn24h: 60
22:48:37.566 [FXGL Background Thread 3 ] DEBUG Engine               - soundMenuBack: menu/back.wav
22:48:37.566 [FXGL Background Thread 3 ] DEBUG Engine               - soundMenuPress: menu/press.wav
22:48:37.566 [FXGL Background Thread 3 ] DEBUG Engine               - soundMenuSelect: menu/select.wav
22:48:37.566 [FXGL Background Thread 3 ] DEBUG Engine               - soundNotification: core/notification.wav
22:48:37.566 [FXGL Background Thread 3 ] DEBUG Engine               - stageStyle: DECORATED
22:48:37.566 [FXGL Background Thread 3 ] DEBUG Engine               - supportedLanguages: [ENGLISH, FRENCH, GERMAN, HUNGARIAN, RUSSIAN]
22:48:37.566 [FXGL Background Thread 3 ] DEBUG Engine               - ticksPerSecond: -1
22:48:37.567 [FXGL Background Thread 3 ] DEBUG Engine               - title: Rhythm Impact
22:48:37.567 [FXGL Background Thread 3 ] DEBUG Engine               - urlGithub: https://github.com/AlmasB/FXGL
22:48:37.567 [FXGL Background Thread 3 ] DEBUG Engine               - urlLeaderboard: http://fxgl-top.herokuapp.com/
22:48:37.567 [FXGL Background Thread 3 ] DEBUG Engine               - urlPOM: https://raw.githubusercontent.com/AlmasB/FXGL/release/README.md
22:48:37.567 [FXGL Background Thread 3 ] DEBUG Engine               - userAppClass: class org.example.capstonee.GameApp
22:48:37.567 [FXGL Background Thread 3 ] DEBUG Engine               - version: 1.0
22:48:37.567 [FXGL Background Thread 3 ] DEBUG Engine               - versionCheckDays: 7
22:48:37.567 [FXGL Background Thread 3 ] DEBUG Engine               - width: 1280
22:48:37.567 [FXGL Background Thread 3 ] DEBUG Engine               - Logging services
22:48:37.567 [FXGL Background Thread 3 ] DEBUG Engine               - class com.almasb.fxgl.app.services.FXGLAssetLoaderService
22:48:37.567 [FXGL Background Thread 3 ] DEBUG Engine               - class com.almasb.fxgl.app.FXGLApplication$GameApplicationService
22:48:37.567 [FXGL Background Thread 3 ] DEBUG Engine               - class com.almasb.fxgl.app.services.FXGLDialogService
22:48:37.567 [FXGL Background Thread 3 ] DEBUG Engine               - class com.almasb.fxgl.app.services.IOTaskExecutorService
22:48:37.567 [FXGL Background Thread 3 ] DEBUG Engine               - class com.almasb.fxgl.io.FileSystemService
22:48:37.567 [FXGL Background Thread 3 ] DEBUG Engine               - class com.almasb.fxgl.localization.LocalizationService
22:48:37.567 [FXGL Background Thread 3 ] DEBUG Engine               - class com.almasb.fxgl.app.services.SystemBundleService
22:48:37.567 [FXGL Background Thread 3 ] DEBUG Engine               - class com.almasb.fxgl.profile.SaveLoadService
22:48:37.567 [FXGL Background Thread 3 ] DEBUG Engine               - class com.almasb.fxgl.ui.FXGLUIFactoryServiceProvider
22:48:37.567 [FXGL Background Thread 3 ] DEBUG Engine               - class com.almasb.fxgl.ui.FXGLDialogFactoryServiceProvider
22:48:37.567 [FXGL Background Thread 3 ] DEBUG Engine               - class com.almasb.fxgl.audio.AudioPlayer
22:48:37.567 [FXGL Background Thread 3 ] DEBUG Engine               - class com.almasb.fxgl.notification.impl.NotificationServiceProvider
22:48:37.567 [FXGL Background Thread 3 ] DEBUG Engine               - class com.almasb.fxgl.achievement.AchievementService
22:48:37.567 [FXGL Background Thread 3 ] DEBUG Engine               - class com.almasb.fxgl.cutscene.CutsceneService
22:48:37.567 [FXGL Background Thread 3 ] DEBUG Engine               - class com.almasb.fxgl.minigames.MiniGameService
22:48:37.567 [FXGL Background Thread 3 ] DEBUG Engine               - class com.almasb.fxgl.net.NetService
22:48:37.568 [FXGL Background Thread 3 ] DEBUG Engine               - class com.almasb.fxgl.app.services.UpdaterService
22:48:37.568 [FXGL Background Thread 3 ] DEBUG Engine               - class com.almasb.fxgl.dev.DevService
22:48:38.113 [JavaFX Application Thread] DEBUG PrimaryStageWindow   - Pop state: DialogSubScene
22:48:38.113 [JavaFX Application Thread] DEBUG Input                - Clearing active input actions
22:48:38.113 [JavaFX Application Thread] DEBUG GameApplicationServi - Removing overlay from DialogSubScene and adding to MainMenu
22:48:38.113 [JavaFX Application Thread] DEBUG PrimaryStageWindow   - MainMenu <- DialogSubScene
22:48:38.113 [JavaFX Application Thread] DEBUG AudioPlayer          - Stopping music com.almasb.fxgl.audio.Music@1b3d3291
22:48:38.114 [JavaFX Application Thread] DEBUG GameApplicationServi - Starting new game
22:48:38.114 [JavaFX Application Thread] DEBUG PrimaryStageWindow   - Pop state: MainMenu
22:48:38.114 [JavaFX Application Thread] DEBUG Input                - Clearing active input actions
22:48:38.114 [JavaFX Application Thread] DEBUG GameApplicationServi - Removing overlay from MainMenu and adding to FXGLMainMenuDummyScene
22:48:38.114 [JavaFX Application Thread] DEBUG PrimaryStageWindow   - FXGLMainMenuDummyScene <- MainMenu
22:48:38.114 [JavaFX Application Thread] DEBUG Input                - Clearing active input actions
22:48:38.119 [JavaFX Application Thread] DEBUG GameApplicationServi - Removing overlay from FXGLMainMenuDummyScene and adding to FXGLLoadingScene
22:48:38.120 [JavaFX Application Thread] DEBUG PrimaryStageWindow   - FXGLMainMenuDummyScene -> FXGLLoadingScene
22:48:38.120 [JavaFX Application Thread] DEBUG GameApplicationServi - Clearing previous game
22:48:38.120 [JavaFX Application Thread] DEBUG GameScene            - Clearing game scene
22:48:38.120 [JavaFX Application Thread] DEBUG GameWorld            - Clearing game world
22:48:38.120 [JavaFX Application Thread] DEBUG PhysicsWorld         - Clearing physics world
22:48:38.121 [FXGL Background Thread 2 ] DEBUG FXGLApplication      - Initializing game
22:48:38.124 [FXGL Background Thread 2 ] WARN  FXGLAssetLoaderServi - Asset "/assets/sounds/sounds/hit.wav" was not found!
22:48:38.124 [FXGL Background Thread 2 ] WARN  FXGLAssetLoaderServi - Failed to load SOUND
22:48:38.124 [FXGL Background Thread 2 ] WARN  FXGLAssetLoaderServi - Asset "/assets/sounds/sounds/miss.wav" was not found!
22:48:38.124 [FXGL Background Thread 2 ] WARN  FXGLAssetLoaderServi - Failed to load SOUND
22:48:38.136 [FXGL Background Thread 2 ] DEBUG FXGLAssetLoaderServi - Loading from file system: file:/C:/Users/Shaun/Documents/JAVA%20CODES/furRhythm-v2/GitSomeSleep/Capstonee/target/classes/assets/music/songs/zhongli.wav
22:48:38.482 [FXGL Background Thread 2 ] DEBUG FXGLAssetLoaderServi - Loading from file system: file:/C:/Users/Shaun/Documents/JAVA%20CODES/furRhythm-v2/GitSomeSleep/Capstonee/target/classes/assets/textures/background/pixelatedliyue.png
22:48:38.527 [FXGL Background Thread 2 ] DEBUG FXGLAssetLoaderServi - Loading from file system: file:/C:/Users/Shaun/Documents/JAVA%20CODES/furRhythm-v2/GitSomeSleep/Capstonee/target/classes/assets/textures/notes/hilichurlhitmarker.png
22:48:38.536 [FXGL Background Thread 2 ] INFO  FXGLApplication      - Game initialization took: 0.415 sec
22:48:38.536 [JavaFX Application Thread] DEBUG Input                - Clearing active input actions
22:48:38.542 [JavaFX Application Thread] DEBUG GameApplicationServi - Removing overlay from FXGLLoadingScene and adding to GameScene
22:48:38.542 [JavaFX Application Thread] DEBUG PrimaryStageWindow   - FXGLLoadingScene -> GameScene
22:48:39.319 [JavaFX Application Thread] DEBUG AudioPlayer          - Playing music com.almasb.fxgl.audio.Music@26bc50b0
22:48:39.561 [JavaFX Application Thread] DEBUG PrimaryStageWindow   - Push state: GamePauseMenu
22:48:39.561 [JavaFX Application Thread] DEBUG Input                - Clearing active input actions
22:48:39.562 [JavaFX Application Thread] DEBUG GameApplicationServi - Removing overlay from GameScene and adding to GamePauseMenu
22:48:39.562 [JavaFX Application Thread] DEBUG PrimaryStageWindow   - GameScene -> GamePauseMenu
22:48:41.690 [JavaFX Application Thread] DEBUG PrimaryStageWindow   - Pop state: GamePauseMenu
22:48:41.690 [JavaFX Application Thread] DEBUG Input                - Clearing active input actions
22:48:41.690 [JavaFX Application Thread] DEBUG GameApplicationServi - Removing overlay from GamePauseMenu and adding to GameScene
22:48:41.690 [JavaFX Application Thread] DEBUG PrimaryStageWindow   - GameScene <- GamePauseMenu
22:48:41.993 [JavaFX Application Thread] DEBUG PrimaryStageWindow   - Push state: GamePauseMenu
22:48:41.993 [JavaFX Application Thread] DEBUG Input                - Clearing active input actions
22:48:41.993 [JavaFX Application Thread] DEBUG GameApplicationServi - Removing overlay from GameScene and adding to GamePauseMenu
22:48:41.993 [JavaFX Application Thread] DEBUG PrimaryStageWindow   - GameScene -> GamePauseMenu
22:48:42.273 [JavaFX Application Thread] DEBUG PrimaryStageWindow   - Pop state: GamePauseMenu
22:48:42.273 [JavaFX Application Thread] DEBUG Input                - Clearing active input actions
22:48:42.273 [JavaFX Application Thread] DEBUG GameApplicationServi - Removing overlay from GamePauseMenu and adding to GameScene
22:48:42.273 [JavaFX Application Thread] DEBUG PrimaryStageWindow   - GameScene <- GamePauseMenu
22:48:42.460 [JavaFX Application Thread] DEBUG PrimaryStageWindow   - Push state: GamePauseMenu
22:48:42.460 [JavaFX Application Thread] DEBUG Input                - Clearing active input actions
22:48:42.461 [JavaFX Application Thread] DEBUG GameApplicationServi - Removing overlay from GameScene and adding to GamePauseMenu
22:48:42.461 [JavaFX Application Thread] DEBUG PrimaryStageWindow   - GameScene -> GamePauseMenu
22:48:42.636 [JavaFX Application Thread] DEBUG PrimaryStageWindow   - Pop state: GamePauseMenu
22:48:42.636 [JavaFX Application Thread] DEBUG Input                - Clearing active input actions
22:48:42.636 [JavaFX Application Thread] DEBUG GameApplicationServi - Removing overlay from GamePauseMenu and adding to GameScene
22:48:42.636 [JavaFX Application Thread] DEBUG PrimaryStageWindow   - GameScene <- GamePauseMenu
22:48:42.781 [JavaFX Application Thread] DEBUG FXGLAssetLoaderServi - Loading from file system: file:/C:/Users/Shaun/Documents/JAVA%20CODES/furRhythm-v2/GitSomeSleep/Capstonee/target/classes/assets/textures/markers/moranote.png
22:48:42.808 [JavaFX Application Thread] DEBUG PrimaryStageWindow   - Push state: GamePauseMenu
22:48:42.808 [JavaFX Application Thread] DEBUG Input                - Clearing active input actions
22:48:42.809 [JavaFX Application Thread] DEBUG GameApplicationServi - Removing overlay from GameScene and adding to GamePauseMenu
22:48:42.810 [JavaFX Application Thread] DEBUG PrimaryStageWindow   - GameScene -> GamePauseMenu
22:48:43.336 [JavaFX Application Thread] DEBUG PrimaryStageWindow   - Pop state: GamePauseMenu
22:48:43.336 [JavaFX Application Thread] DEBUG Input                - Clearing active input actions
22:48:43.337 [JavaFX Application Thread] DEBUG GameApplicationServi - Removing overlay from GamePauseMenu and adding to GameScene
22:48:43.337 [JavaFX Application Thread] DEBUG PrimaryStageWindow   - GameScene <- GamePauseMenu
22:48:43.780 [JavaFX Application Thread] DEBUG PrimaryStageWindow   - Push state: GamePauseMenu
22:48:43.780 [JavaFX Application Thread] DEBUG Input                - Clearing active input actions
22:48:43.780 [JavaFX Application Thread] DEBUG GameApplicationServi - Removing overlay from GameScene and adding to GamePauseMenu
22:48:43.781 [JavaFX Application Thread] DEBUG PrimaryStageWindow   - GameScene -> GamePauseMenu
22:48:44.288 [JavaFX Application Thread] WARN  FXGLAssetLoaderServi - Asset "/assets/sounds/sounds/hit.wav" was not found!
22:48:44.288 [JavaFX Application Thread] WARN  FXGLAssetLoaderServi - Failed to load SOUND
22:48:44.288 [JavaFX Application Thread] WARN  FXGLAssetLoaderServi - Asset "/assets/sounds/sounds/miss.wav" was not found!
22:48:44.288 [JavaFX Application Thread] WARN  FXGLAssetLoaderServi - Failed to load SOUND
22:48:44.288 [JavaFX Application Thread] DEBUG Menu                 - fireExitToMainMenu()
22:48:44.291 [JavaFX Application Thread] DEBUG PrimaryStageWindow   - Push state: DialogSubScene
22:48:44.291 [JavaFX Application Thread] DEBUG Input                - Clearing active input actions
22:48:44.291 [JavaFX Application Thread] DEBUG GameApplicationServi - Removing overlay from GamePauseMenu and adding to DialogSubScene
22:48:44.292 [JavaFX Application Thread] DEBUG PrimaryStageWindow   - GamePauseMenu -> DialogSubScene
22:48:45.008 [JavaFX Application Thread] DEBUG PrimaryStageWindow   - Pop state: DialogSubScene
22:48:45.008 [JavaFX Application Thread] DEBUG Input                - Clearing active input actions
22:48:45.008 [JavaFX Application Thread] DEBUG GameApplicationServi - Removing overlay from DialogSubScene and adding to GamePauseMenu
22:48:45.008 [JavaFX Application Thread] DEBUG PrimaryStageWindow   - GamePauseMenu <- DialogSubScene
22:48:45.008 [JavaFX Application Thread] DEBUG PrimaryStageWindow   - Pop state: GamePauseMenu
22:48:45.008 [JavaFX Application Thread] DEBUG Input                - Clearing active input actions
22:48:45.008 [JavaFX Application Thread] DEBUG GameApplicationServi - Removing overlay from GamePauseMenu and adding to GameScene
22:48:45.008 [JavaFX Application Thread] DEBUG PrimaryStageWindow   - GameScene <- GamePauseMenu
22:48:45.008 [JavaFX Application Thread] DEBUG Input                - Clearing active input actions
22:48:45.012 [JavaFX Application Thread] DEBUG GameApplicationServi - Removing overlay from GameScene and adding to FXGLMainMenuDummyScene
22:48:45.012 [JavaFX Application Thread] DEBUG PrimaryStageWindow   - GameScene -> FXGLMainMenuDummyScene
22:48:45.012 [JavaFX Application Thread] DEBUG PrimaryStageWindow   - Push state: MainMenu
22:48:45.012 [JavaFX Application Thread] DEBUG Input                - Clearing active input actions
22:48:45.012 [JavaFX Application Thread] DEBUG GameApplicationServi - Removing overlay from FXGLMainMenuDummyScene and adding to MainMenu
22:48:45.012 [JavaFX Application Thread] DEBUG PrimaryStageWindow   - FXGLMainMenuDummyScene -> MainMenu
22:48:45.701 [JavaFX Application Thread] DEBUG PrimaryStageWindow   - Push state: DialogSubScene
22:48:45.701 [JavaFX Application Thread] DEBUG Input                - Clearing active input actions
22:48:45.704 [JavaFX Application Thread] DEBUG GameApplicationServi - Removing overlay from MainMenu and adding to DialogSubScene
22:48:45.704 [JavaFX Application Thread] DEBUG PrimaryStageWindow   - MainMenu -> DialogSubScene
22:48:50.882 [JavaFX Application Thread] DEBUG PrimaryStageWindow   - Pop state: DialogSubScene
22:48:50.882 [JavaFX Application Thread] DEBUG Input                - Clearing active input actions
22:48:50.883 [JavaFX Application Thread] DEBUG GameApplicationServi - Removing overlay from DialogSubScene and adding to MainMenu
22:48:50.883 [JavaFX Application Thread] DEBUG PrimaryStageWindow   - MainMenu <- DialogSubScene
22:48:51.336 [JavaFX Application Thread] DEBUG PrimaryStageWindow   - Push state: DialogSubScene
22:48:51.336 [JavaFX Application Thread] DEBUG Input                - Clearing active input actions
22:48:51.336 [JavaFX Application Thread] DEBUG GameApplicationServi - Removing overlay from MainMenu and adding to DialogSubScene
22:48:51.336 [JavaFX Application Thread] DEBUG PrimaryStageWindow   - MainMenu -> DialogSubScene
22:48:52.687 [JavaFX Application Thread] DEBUG PrimaryStageWindow   - Pop state: DialogSubScene
22:48:52.687 [JavaFX Application Thread] DEBUG Input                - Clearing active input actions
22:48:52.687 [JavaFX Application Thread] DEBUG GameApplicationServi - Removing overlay from DialogSubScene and adding to MainMenu
22:48:52.687 [JavaFX Application Thread] DEBUG PrimaryStageWindow   - MainMenu <- DialogSubScene
22:48:52.688 [JavaFX Application Thread] DEBUG PrimaryStageWindow   - Push state: DialogSubScene
22:48:52.688 [JavaFX Application Thread] DEBUG Input                - Clearing active input actions
22:48:52.688 [JavaFX Application Thread] DEBUG GameApplicationServi - Removing overlay from MainMenu and adding to DialogSubScene
22:48:52.688 [JavaFX Application Thread] DEBUG PrimaryStageWindow   - MainMenu -> DialogSubScene
22:48:53.324 [JavaFX Application Thread] DEBUG PrimaryStageWindow   - Pop state: DialogSubScene
22:48:53.324 [JavaFX Application Thread] DEBUG Input                - Clearing active input actions
22:48:53.324 [JavaFX Application Thread] DEBUG GameApplicationServi - Removing overlay from DialogSubScene and adding to MainMenu
22:48:53.324 [JavaFX Application Thread] DEBUG PrimaryStageWindow   - MainMenu <- DialogSubScene
22:48:53.324 [JavaFX Application Thread] DEBUG AudioPlayer          - Stopping music com.almasb.fxgl.audio.Music@1b3d3291
22:48:53.324 [JavaFX Application Thread] DEBUG GameApplicationServi - Starting new game
22:48:53.324 [JavaFX Application Thread] DEBUG PrimaryStageWindow   - Pop state: MainMenu
22:48:53.324 [JavaFX Application Thread] DEBUG Input                - Clearing active input actions
22:48:53.324 [JavaFX Application Thread] DEBUG GameApplicationServi - Removing overlay from MainMenu and adding to FXGLMainMenuDummyScene
22:48:53.324 [JavaFX Application Thread] DEBUG PrimaryStageWindow   - FXGLMainMenuDummyScene <- MainMenu
22:48:53.324 [JavaFX Application Thread] DEBUG Input                - Clearing active input actions
22:48:53.326 [JavaFX Application Thread] DEBUG GameApplicationServi - Removing overlay from FXGLMainMenuDummyScene and adding to FXGLLoadingScene
22:48:53.326 [JavaFX Application Thread] DEBUG PrimaryStageWindow   - FXGLMainMenuDummyScene -> FXGLLoadingScene
22:48:53.326 [JavaFX Application Thread] DEBUG GameApplicationServi - Clearing previous game
22:48:53.326 [JavaFX Application Thread] DEBUG GameScene            - Clearing game scene
22:48:53.326 [JavaFX Application Thread] DEBUG GameWorld            - Clearing game world
22:48:53.329 [JavaFX Application Thread] DEBUG PhysicsWorld         - Clearing physics world
22:48:53.329 [FXGL Background Thread 2 ] DEBUG FXGLApplication      - Initializing game
22:48:53.329 [FXGL Background Thread 2 ] WARN  FXGLAssetLoaderServi - Asset "/assets/sounds/sounds/hit.wav" was not found!
22:48:53.329 [FXGL Background Thread 2 ] WARN  FXGLAssetLoaderServi - Failed to load SOUND
22:48:53.329 [FXGL Background Thread 2 ] WARN  FXGLAssetLoaderServi - Asset "/assets/sounds/sounds/miss.wav" was not found!
22:48:53.329 [FXGL Background Thread 2 ] WARN  FXGLAssetLoaderServi - Failed to load SOUND
22:48:53.330 [FXGL Background Thread 2 ] DEBUG AudioPlayer          - Stopping music com.almasb.fxgl.audio.Music@26bc50b0
22:48:53.373 [FXGL Background Thread 2 ] INFO  FXGLApplication      - Game initialization took: 0.045 sec
22:48:53.374 [JavaFX Application Thread] DEBUG Input                - Clearing active input actions
22:48:53.375 [JavaFX Application Thread] DEBUG GameApplicationServi - Removing overlay from FXGLLoadingScene and adding to GameScene
22:48:53.375 [JavaFX Application Thread] DEBUG PrimaryStageWindow   - FXGLLoadingScene -> GameScene
22:48:53.596 [JavaFX Application Thread] DEBUG PrimaryStageWindow   - Push state: DialogSubScene
22:48:53.597 [JavaFX Application Thread] DEBUG Input                - Clearing active input actions
22:48:53.598 [JavaFX Application Thread] DEBUG GameApplicationServi - Removing overlay from GameScene and adding to DialogSubScene
22:48:53.598 [JavaFX Application Thread] DEBUG PrimaryStageWindow   - GameScene -> DialogSubScene
22:48:56.642 [JavaFX Application Thread] DEBUG PrimaryStageWindow   - Pop state: DialogSubScene
22:48:56.642 [JavaFX Application Thread] DEBUG Input                - Clearing active input actions
22:48:56.643 [JavaFX Application Thread] DEBUG GameApplicationServi - Removing overlay from DialogSubScene and adding to GameScene
22:48:56.643 [JavaFX Application Thread] DEBUG PrimaryStageWindow   - GameScene <- DialogSubScene
22:48:56.643 [JavaFX Application Thread] DEBUG AudioPlayer          - Stopping music com.almasb.fxgl.audio.Music@26bc50b0
22:48:56.643 [JavaFX Application Thread] DEBUG Input                - Clearing active input actions
22:48:56.646 [JavaFX Application Thread] DEBUG GameApplicationServi - Removing overlay from GameScene and adding to FXGLMainMenuDummyScene
22:48:56.646 [JavaFX Application Thread] DEBUG PrimaryStageWindow   - GameScene -> FXGLMainMenuDummyScene
22:48:56.646 [JavaFX Application Thread] DEBUG PrimaryStageWindow   - Push state: MainMenu
22:48:56.646 [JavaFX Application Thread] DEBUG Input                - Clearing active input actions
22:48:56.646 [JavaFX Application Thread] DEBUG GameApplicationServi - Removing overlay from FXGLMainMenuDummyScene and adding to MainMenu
22:48:56.646 [JavaFX Application Thread] DEBUG PrimaryStageWindow   - FXGLMainMenuDummyScene -> MainMenu
22:48:57.827 [JavaFX Application Thread] DEBUG PrimaryStageWindow   - Push state: DialogSubScene
22:48:57.827 [JavaFX Application Thread] DEBUG Input                - Clearing active input actions
22:48:57.829 [JavaFX Application Thread] DEBUG GameApplicationServi - Removing overlay from MainMenu and adding to DialogSubScene
22:48:57.829 [JavaFX Application Thread] DEBUG PrimaryStageWindow   - MainMenu -> DialogSubScene
22:48:58.944 [JavaFX Application Thread] DEBUG PrimaryStageWindow   - Pop state: DialogSubScene
22:48:58.944 [JavaFX Application Thread] DEBUG Input                - Clearing active input actions
22:48:58.944 [JavaFX Application Thread] DEBUG GameApplicationServi - Removing overlay from DialogSubScene and adding to MainMenu
22:48:58.944 [JavaFX Application Thread] DEBUG PrimaryStageWindow   - MainMenu <- DialogSubScene
22:48:58.945 [JavaFX Application Thread] DEBUG PrimaryStageWindow   - Push state: DialogSubScene
22:48:58.945 [JavaFX Application Thread] DEBUG Input                - Clearing active input actions
22:48:58.945 [JavaFX Application Thread] DEBUG GameApplicationServi - Removing overlay from MainMenu and adding to DialogSubScene
22:48:58.945 [JavaFX Application Thread] DEBUG PrimaryStageWindow   - MainMenu -> DialogSubScene
22:48:59.343 [JavaFX Application Thread] DEBUG PrimaryStageWindow   - Pop state: DialogSubScene
22:48:59.343 [JavaFX Application Thread] DEBUG Input                - Clearing active input actions
22:48:59.343 [JavaFX Application Thread] DEBUG GameApplicationServi - Removing overlay from DialogSubScene and adding to MainMenu
22:48:59.343 [JavaFX Application Thread] DEBUG PrimaryStageWindow   - MainMenu <- DialogSubScene
22:48:59.344 [JavaFX Application Thread] DEBUG AudioPlayer          - Stopping music com.almasb.fxgl.audio.Music@1b3d3291
22:48:59.344 [JavaFX Application Thread] DEBUG GameApplicationServi - Starting new game
22:48:59.344 [JavaFX Application Thread] DEBUG PrimaryStageWindow   - Pop state: MainMenu
22:48:59.344 [JavaFX Application Thread] DEBUG Input                - Clearing active input actions
22:48:59.344 [JavaFX Application Thread] DEBUG GameApplicationServi - Removing overlay from MainMenu and adding to FXGLMainMenuDummyScene
22:48:59.344 [JavaFX Application Thread] DEBUG PrimaryStageWindow   - FXGLMainMenuDummyScene <- MainMenu
22:48:59.344 [JavaFX Application Thread] DEBUG Input                - Clearing active input actions
22:48:59.346 [JavaFX Application Thread] DEBUG GameApplicationServi - Removing overlay from FXGLMainMenuDummyScene and adding to FXGLLoadingScene
22:48:59.346 [JavaFX Application Thread] DEBUG PrimaryStageWindow   - FXGLMainMenuDummyScene -> FXGLLoadingScene
22:48:59.346 [JavaFX Application Thread] DEBUG GameApplicationServi - Clearing previous game
22:48:59.346 [JavaFX Application Thread] DEBUG GameScene            - Clearing game scene
22:48:59.346 [JavaFX Application Thread] DEBUG GameWorld            - Clearing game world
22:48:59.346 [JavaFX Application Thread] DEBUG PhysicsWorld         - Clearing physics world
22:48:59.347 [FXGL Background Thread 2 ] DEBUG FXGLApplication      - Initializing game
22:48:59.347 [FXGL Background Thread 2 ] WARN  FXGLAssetLoaderServi - Asset "/assets/sounds/sounds/hit.wav" was not found!
22:48:59.347 [FXGL Background Thread 2 ] WARN  FXGLAssetLoaderServi - Failed to load SOUND
22:48:59.347 [FXGL Background Thread 2 ] WARN  FXGLAssetLoaderServi - Asset "/assets/sounds/sounds/miss.wav" was not found!
22:48:59.348 [FXGL Background Thread 2 ] WARN  FXGLAssetLoaderServi - Failed to load SOUND
22:48:59.348 [FXGL Background Thread 2 ] DEBUG AudioPlayer          - Stopping music com.almasb.fxgl.audio.Music@26bc50b0
22:48:59.356 [FXGL Background Thread 2 ] INFO  FXGLApplication      - Game initialization took: 0.009 sec
22:48:59.360 [JavaFX Application Thread] DEBUG Input                - Clearing active input actions
22:48:59.363 [JavaFX Application Thread] DEBUG GameApplicationServi - Removing overlay from FXGLLoadingScene and adding to GameScene
22:48:59.364 [JavaFX Application Thread] DEBUG PrimaryStageWindow   - FXGLLoadingScene -> GameScene
22:49:00.033 [JavaFX Application Thread] DEBUG AudioPlayer          - Playing music com.almasb.fxgl.audio.Music@26bc50b0
22:49:02.166 [JavaFX Application Thread] DEBUG PrimaryStageWindow   - Push state: GamePauseMenu
22:49:02.166 [JavaFX Application Thread] DEBUG Input                - Clearing active input actions
22:49:02.167 [JavaFX Application Thread] DEBUG GameApplicationServi - Removing overlay from GameScene and adding to GamePauseMenu
22:49:02.167 [JavaFX Application Thread] DEBUG PrimaryStageWindow   - GameScene -> GamePauseMenu
22:49:03.234 [JavaFX Application Thread] DEBUG PrimaryStageWindow   - Pop state: GamePauseMenu
22:49:03.234 [JavaFX Application Thread] DEBUG Input                - Clearing active input actions
22:49:03.234 [JavaFX Application Thread] DEBUG GameApplicationServi - Removing overlay from GamePauseMenu and adding to GameScene
22:49:03.234 [JavaFX Application Thread] DEBUG PrimaryStageWindow   - GameScene <- GamePauseMenu
22:49:09.478 [JavaFX Application Thread] DEBUG PrimaryStageWindow   - Push state: GamePauseMenu
22:49:09.478 [JavaFX Application Thread] DEBUG Input                - Clearing active input actions
22:49:09.478 [JavaFX Application Thread] DEBUG GameApplicationServi - Removing overlay from GameScene and adding to GamePauseMenu
22:49:09.480 [JavaFX Application Thread] DEBUG PrimaryStageWindow   - GameScene -> GamePauseMenu
22:49:09.805 [JavaFX Application Thread] DEBUG PrimaryStageWindow   - Pop state: GamePauseMenu
22:49:09.805 [JavaFX Application Thread] DEBUG Input                - Clearing active input actions
22:49:09.805 [JavaFX Application Thread] DEBUG GameApplicationServi - Removing overlay from GamePauseMenu and adding to GameScene
22:49:09.805 [JavaFX Application Thread] DEBUG PrimaryStageWindow   - GameScene <- GamePauseMenu
22:49:10.301 [JavaFX Application Thread] DEBUG PrimaryStageWindow   - Push state: GamePauseMenu
22:49:10.301 [JavaFX Application Thread] DEBUG Input                - Clearing active input actions
22:49:10.301 [JavaFX Application Thread] DEBUG GameApplicationServi - Removing overlay from GameScene and adding to GamePauseMenu
22:49:10.302 [JavaFX Application Thread] DEBUG PrimaryStageWindow   - GameScene -> GamePauseMenu
22:49:10.989 [JavaFX Application Thread] WARN  FXGLAssetLoaderServi - Asset "/assets/sounds/sounds/hit.wav" was not found!
22:49:10.989 [JavaFX Application Thread] WARN  FXGLAssetLoaderServi - Failed to load SOUND
22:49:10.989 [JavaFX Application Thread] WARN  FXGLAssetLoaderServi - Asset "/assets/sounds/sounds/miss.wav" was not found!
22:49:10.989 [JavaFX Application Thread] WARN  FXGLAssetLoaderServi - Failed to load SOUND
22:49:10.989 [JavaFX Application Thread] DEBUG Menu                 - fireExitToMainMenu()
22:49:10.990 [JavaFX Application Thread] DEBUG PrimaryStageWindow   - Push state: DialogSubScene
22:49:10.990 [JavaFX Application Thread] DEBUG Input                - Clearing active input actions
22:49:10.990 [JavaFX Application Thread] DEBUG GameApplicationServi - Removing overlay from GamePauseMenu and adding to DialogSubScene
22:49:10.990 [JavaFX Application Thread] DEBUG PrimaryStageWindow   - GamePauseMenu -> DialogSubScene
22:49:11.876 [JavaFX Application Thread] DEBUG PrimaryStageWindow   - Pop state: DialogSubScene
22:49:11.876 [JavaFX Application Thread] DEBUG Input                - Clearing active input actions
22:49:11.876 [JavaFX Application Thread] DEBUG GameApplicationServi - Removing overlay from DialogSubScene and adding to GamePauseMenu
22:49:11.876 [JavaFX Application Thread] DEBUG PrimaryStageWindow   - GamePauseMenu <- DialogSubScene
22:49:11.876 [JavaFX Application Thread] DEBUG PrimaryStageWindow   - Pop state: GamePauseMenu
22:49:11.876 [JavaFX Application Thread] DEBUG Input                - Clearing active input actions
22:49:11.876 [JavaFX Application Thread] DEBUG GameApplicationServi - Removing overlay from GamePauseMenu and adding to GameScene
22:49:11.877 [JavaFX Application Thread] DEBUG PrimaryStageWindow   - GameScene <- GamePauseMenu
22:49:11.877 [JavaFX Application Thread] DEBUG Input                - Clearing active input actions
22:49:11.879 [JavaFX Application Thread] DEBUG GameApplicationServi - Removing overlay from GameScene and adding to FXGLMainMenuDummyScene
22:49:11.879 [JavaFX Application Thread] DEBUG PrimaryStageWindow   - GameScene -> FXGLMainMenuDummyScene
22:49:11.879 [JavaFX Application Thread] DEBUG PrimaryStageWindow   - Push state: MainMenu
22:49:11.879 [JavaFX Application Thread] DEBUG Input                - Clearing active input actions
22:49:11.879 [JavaFX Application Thread] DEBUG GameApplicationServi - Removing overlay from FXGLMainMenuDummyScene and adding to MainMenu
22:49:11.879 [JavaFX Application Thread] DEBUG PrimaryStageWindow   - FXGLMainMenuDummyScene -> MainMenu
22:49:13.342 [JavaFX Application Thread] DEBUG Menu                 - fireExit()
22:49:13.343 [JavaFX Application Thread] DEBUG PrimaryStageWindow   - Push state: DialogSubScene
22:49:13.343 [JavaFX Application Thread] DEBUG Input                - Clearing active input actions
22:49:13.343 [JavaFX Application Thread] DEBUG GameApplicationServi - Removing overlay from MainMenu and adding to DialogSubScene
22:49:13.343 [JavaFX Application Thread] DEBUG PrimaryStageWindow   - MainMenu -> DialogSubScene
22:49:13.918 [JavaFX Application Thread] DEBUG PrimaryStageWindow   - Pop state: DialogSubScene
22:49:13.919 [JavaFX Application Thread] DEBUG Input                - Clearing active input actions
22:49:13.919 [JavaFX Application Thread] DEBUG GameApplicationServi - Removing overlay from DialogSubScene and adding to MainMenu
22:49:13.919 [JavaFX Application Thread] DEBUG PrimaryStageWindow   - MainMenu <- DialogSubScene
22:49:13.919 [JavaFX Application Thread] DEBUG FXGLApplication      - Exiting FXGL
22:49:13.919 [JavaFX Application Thread] DEBUG LoopRunner           - Stopping loop
22:49:13.919 [JavaFX Application Thread] DEBUG SystemBundleService  - Saving FXGL system data
22:49:13.921 [JavaFX Application Thread] DEBUG FileSystemAccess     - Writing to: C:\Users\Shaun\Documents\JAVA CODES\furRhythm-v2\GitSomeSleep\system\fxgl.bundle
22:49:13.922 [JavaFX Application Thread] DEBUG Async                - Shutting down background threads
22:49:13.922 [JavaFX Application Thread] DEBUG PrimaryStageWindow   - Closing main window
22:49:13.937 [JavaFX Application Thread] DEBUG Logger               - Closing Logger
