06:37:07.412 [main                     ] DEBUG Logger               - Configured Logger
06:37:07.432 [main                     ] DEBUG GameApplication      - Logging settings
Title: Platformer with Rhythm
Version: 0.2
Width: 1280
Height: 720
Fullscreen: false
Intro: false
Profiling: false
Single step:false
App Mode: DEVELOPER
Menu Key: ESCAPE
Stage Style: DECORATED
Scene Factory: class com.almasb.fxgl.app.scene.SceneFactory

06:37:07.853 [JavaFX Application Thread] DEBUG FXGLApplication      - Initializing FXGL
06:37:07.858 [JavaFX Application Thread] INFO  Engine               - FXGL-21.1 (27.03.2024 07.52) on WINDOWS (J:23 FX:22.0.1)
06:37:07.859 [JavaFX Application Thread] DEBUG Engine               - JRE Vendor Name: Oracle Corporation
06:37:07.859 [JavaFX Application Thread] DEBUG Engine               - Running on OS: Windows 10 version 10.0
06:37:07.859 [JavaFX Application Thread] DEBUG Engine               - Architecture: amd64
06:37:07.859 [JavaFX Application Thread] INFO  Engine               - Source code and latest versions at: https://github.com/AlmasB/FXGL
06:37:07.859 [JavaFX Application Thread] INFO  Engine               -       Ask questions and discuss at: https://github.com/AlmasB/FXGL/discussions
06:37:07.859 [JavaFX Application Thread] INFO  Engine               -              Join the FXGL chat at: https://gitter.im/AlmasB/FXGL
06:37:07.954 [JavaFX Application Thread] DEBUG PrimaryStageWindow   - Creating a JavaFX scene
06:37:08.002 [JavaFX Application Thread] DEBUG PrimaryStageWindow   - Target settings size: 1280.0 x 720.0
06:37:08.002 [JavaFX Application Thread] DEBUG PrimaryStageWindow   - Scaled scene size:    1280.0 x 720.0
06:37:08.002 [JavaFX Application Thread] DEBUG PrimaryStageWindow   - Scaled ratio: (1.0, 1.0)
06:37:08.003 [JavaFX Application Thread] DEBUG PrimaryStageWindow   - Set initial scene to FXGLStartupScene
06:37:08.005 [JavaFX Application Thread] DEBUG PrimaryStageWindow   - Opening main window
06:37:08.247 [JavaFX Application Thread] DEBUG PrimaryStageWindow   - Window border size: (16.0, 39.0)
06:37:08.248 [JavaFX Application Thread] DEBUG PrimaryStageWindow   - Scaled size: 1280.0 x 720.0
06:37:08.248 [JavaFX Application Thread] DEBUG PrimaryStageWindow   - Scaled ratio: (1.0, 1.0)
06:37:08.248 [JavaFX Application Thread] DEBUG PrimaryStageWindow   - Scene size: 1280.0 x 720.0
06:37:08.249 [JavaFX Application Thread] DEBUG PrimaryStageWindow   - Stage size: 1296.0 x 759.0
06:37:08.254 [FXGL Background Thread 1 ] DEBUG Engine               - Initializing environment variables
06:37:08.360 [FXGL Background Thread 1 ] DEBUG FXGLAssetLoaderServi - User app class for loading assets: class org.example.capstonee.GameApp
06:37:08.360 [FXGL Background Thread 1 ] DEBUG GameApplicationServi - Applying CSS: fxgl_dark.css
06:37:08.361 [FXGL Background Thread 1 ] DEBUG FXGLAssetLoaderServi - Loading from file system: jar:file:///C:/Users/Admin/.m2/repository/com/github/almasb/fxgl/21.1/fxgl-21.1.jar!/fxglassets/ui/css/fxgl_dark.css
06:37:08.418 [FXGL Background Thread 1 ] DEBUG GameApplicationServi - Initializing application scenes
06:37:08.475 [FXGL Background Thread 1 ] DEBUG GameWorld            - Game world initialized
06:37:08.545 [FXGL Background Thread 1 ] DEBUG PhysicsWorld         - Physics world initialized: appHeight=720, physics.ppm=50.0
06:37:08.546 [FXGL Background Thread 1 ] DEBUG PhysicsWorld         - Using strategy: BRUTE_FORCE
06:37:08.549 [FXGL Background Thread 1 ] DEBUG GameScene            - Game scene initialized: 1280x720
06:37:08.559 [FXGL Background Thread 1 ] DEBUG FXGL.DefaultMenu     - createMenuBodyMainMenu()
06:37:08.572 [FXGL Background Thread 1 ] DEBUG FXGL.DefaultMenu     - createOptionsMenu()
06:37:08.579 [FXGL Background Thread 1 ] DEBUG FXGLAssetLoaderServi - Loading from file system: jar:file:///C:/Users/Admin/.m2/repository/com/github/almasb/fxgl/21.1/fxgl-21.1.jar!/fxglassets/textures/particles/smoke.png
06:37:08.661 [FXGL Background Thread 1 ] DEBUG FXGLAssetLoaderServi - Loading from file system: jar:file:///C:/Users/Admin/.m2/repository/com/github/almasb/fxgl/21.1/fxgl-21.1.jar!/fxglassets/textures/particles/trace_horizontal.png
06:37:08.690 [FXGL Background Thread 1 ] DEBUG FXGL.DefaultMenu     - createMenuBodyGameMenu()
06:37:08.691 [FXGL Background Thread 1 ] DEBUG FXGL.DefaultMenu     - createOptionsMenu()
06:37:08.703 [FXGL Background Thread 1 ] DEBUG GameApplicationServi - Application scenes initialized
06:37:08.712 [FXGL Background Thread 1 ] DEBUG SystemBundleService  - Loading FXGL system data
06:37:08.717 [FXGL Background Thread 1 ] DEBUG FileSystemAccess     - Reading from: C:\Users\Admin\IdeaProjects\GitSomeSleep\system\fxgl.bundle
06:37:08.724 [FXGL Background Thread 1 ] DEBUG SystemBundleService  - Bundle FXGL: {}
06:37:08.724 [FXGL Background Thread 1 ] DEBUG UpdaterService       - Checking for updates
06:37:08.727 [FXGL Background Thread 4 ] DEBUG FXGLApplication      - Loading fonts
06:37:08.728 [FXGL Background Thread 1 ] DEBUG FXGLApplication      - Loading default localization
06:37:08.728 [FXGL Background Thread 4 ] DEBUG FXGLAssetLoaderServi - Loading from file system: jar:file:///C:/Users/Admin/.m2/repository/com/github/almasb/fxgl/21.1/fxgl-21.1.jar!/fxglassets/ui/fonts/VarelaRound-Regular.ttf
06:37:08.729 [FXGL Background Thread 1 ] DEBUG FXGLAssetLoaderServi - Loading from file system: jar:file:///C:/Users/Admin/.m2/repository/com/github/almasb/fxgl/21.1/fxgl-21.1.jar!/fxglassets/languages/english.lang
06:37:08.763 [FXGL Background Thread 1 ] INFO  FXGLApplication      - FXGL initialization took: 0.508 sec
06:37:08.780 [JavaFX Application Thread] DEBUG Input                - Registered new binding: Left - A
06:37:08.780 [JavaFX Application Thread] DEBUG Input                - Registered new binding: Right - D
06:37:08.780 [JavaFX Application Thread] DEBUG Input                - Registered new binding: Jump - W
06:37:08.781 [JavaFX Application Thread] DEBUG Input                - Registered new binding: Interact / Confirm - E
06:37:08.781 [JavaFX Application Thread] DEBUG Input                - Registered new binding: RhythmLane0 - H
06:37:08.781 [JavaFX Application Thread] DEBUG Input                - Registered new binding: RhythmLane1 - J
06:37:08.781 [JavaFX Application Thread] DEBUG Input                - Registered new binding: RhythmLane2 - K
06:37:08.781 [JavaFX Application Thread] DEBUG Input                - Registered new binding: RhythmLane3 - L
06:37:08.781 [JavaFX Application Thread] DEBUG Input                - Registered new binding: RhythmStart - Space
06:37:08.781 [JavaFX Application Thread] DEBUG FXGLAssetLoaderServi - Loading from file system: jar:file:///C:/Users/Admin/.m2/repository/com/github/almasb/fxgl/21.1/fxgl-21.1.jar!/fxglassets/textures/fxgl_icon.png
06:37:08.803 [JavaFX Application Thread] DEBUG FXGLAssetLoaderServi - Loading from file system: jar:file:///C:/Users/Admin/.m2/repository/com/github/almasb/fxgl/21.1/fxgl-21.1.jar!/fxglassets/textures/fxgl_default_cursor.png
06:37:08.805 [JavaFX Application Thread] DEBUG Input                - Registered new binding: Screenshot - CTRL+8
06:37:08.806 [JavaFX Application Thread] DEBUG Input                - Registered new binding: System info dump - CTRL+9
06:37:08.807 [JavaFX Application Thread] DEBUG Input                - Registered new binding: Restart - CTRL+R
06:37:08.807 [JavaFX Application Thread] DEBUG Input                - Registered new binding: Toggle Debug Camera - CTRL+7
06:37:08.811 [JavaFX Application Thread] DEBUG LoopRunner           - Starting loop
06:37:08.812 [JavaFX Application Thread] DEBUG LoopRunner           - Initializing JavaFX AnimationTimerLoop
06:37:08.815 [JavaFX Application Thread] DEBUG Input                - Clearing active input actions
06:37:08.822 [JavaFX Application Thread] DEBUG GameApplicationServi - Removing overlay from FXGLStartupScene and adding to FXGLMainMenuDummyScene
06:37:08.822 [JavaFX Application Thread] DEBUG PrimaryStageWindow   - FXGLStartupScene -> FXGLMainMenuDummyScene
06:37:08.823 [JavaFX Application Thread] DEBUG PrimaryStageWindow   - Push state: FXGLDefaultMenu
06:37:08.831 [JavaFX Application Thread] DEBUG Input                - Clearing active input actions
06:37:08.840 [FXGL Background Thread 4 ] DEBUG FXGLAssetLoaderServi - Loading from file system: jar:file:///C:/Users/Admin/.m2/repository/com/github/almasb/fxgl/21.1/fxgl-21.1.jar!/fxglassets/ui/fonts/Abel-Regular.ttf
06:37:08.842 [FXGL Background Thread 4 ] DEBUG FXGLAssetLoaderServi - Loading from file system: jar:file:///C:/Users/Admin/.m2/repository/com/github/almasb/fxgl/21.1/fxgl-21.1.jar!/fxglassets/ui/fonts/TerminalLandMono-Regular.otf
06:37:08.844 [JavaFX Application Thread] DEBUG GameApplicationServi - Removing overlay from FXGLMainMenuDummyScene and adding to FXGLDefaultMenu
06:37:08.844 [FXGL Background Thread 4 ] DEBUG FXGLAssetLoaderServi - Loading from file system: jar:file:///C:/Users/Admin/.m2/repository/com/github/almasb/fxgl/21.1/fxgl-21.1.jar!/fxglassets/ui/fonts/Courier-Prime.ttf
06:37:08.845 [JavaFX Application Thread] DEBUG PrimaryStageWindow   - FXGLMainMenuDummyScene -> FXGLDefaultMenu
06:37:08.917 [JavaFX Application Thread] DEBUG FXGLApplication      - Registering font factories with UI factory
06:37:09.743 [JavaFX Application Thread] DEBUG Menu                 - fireNewGame()
06:37:09.743 [JavaFX Application Thread] DEBUG GameApplicationServi - Starting new game
06:37:09.744 [JavaFX Application Thread] DEBUG PrimaryStageWindow   - Pop state: FXGLDefaultMenu
06:37:09.745 [JavaFX Application Thread] DEBUG Input                - Clearing active input actions
06:37:09.745 [JavaFX Application Thread] DEBUG GameApplicationServi - Removing overlay from FXGLDefaultMenu and adding to FXGLMainMenuDummyScene
06:37:09.746 [JavaFX Application Thread] DEBUG PrimaryStageWindow   - FXGLMainMenuDummyScene <- FXGLDefaultMenu
06:37:09.746 [JavaFX Application Thread] DEBUG Input                - Clearing active input actions
06:37:09.753 [JavaFX Application Thread] DEBUG GameApplicationServi - Removing overlay from FXGLMainMenuDummyScene and adding to FXGLLoadingScene
06:37:09.754 [JavaFX Application Thread] DEBUG PrimaryStageWindow   - FXGLMainMenuDummyScene -> FXGLLoadingScene
06:37:09.754 [JavaFX Application Thread] DEBUG GameApplicationServi - Clearing previous game
06:37:09.754 [JavaFX Application Thread] DEBUG GameScene            - Clearing game scene
06:37:09.754 [JavaFX Application Thread] DEBUG GameWorld            - Clearing game world
06:37:09.754 [JavaFX Application Thread] DEBUG PhysicsWorld         - Clearing physics world
06:37:09.755 [FXGL Background Thread 2 ] DEBUG FXGLApplication      - Initializing game
06:37:09.759 [FXGL Background Thread 2 ] WARN  FXGLAssetLoaderServi - Asset "/assets/sounds/sounds/hit.wav" was not found!
06:37:09.759 [FXGL Background Thread 2 ] WARN  FXGLAssetLoaderServi - Failed to load SOUND
06:37:09.761 [FXGL Background Thread 2 ] WARN  FXGLAssetLoaderServi - Asset "/assets/sounds/sounds/miss.wav" was not found!
06:37:09.761 [FXGL Background Thread 2 ] WARN  FXGLAssetLoaderServi - Failed to load SOUND
06:37:09.871 [FXGL Background Thread 2 ] WARN  TMXLevelLoader       - TiledMap generated from 1.11.0. Supported version: 1.9.0. Some features may not be parsed fully.
06:37:09.881 [FXGL Background Thread 2 ] DEBUG TMXLevelLoader       - Parsed TiledMap: file:/C:/Users/Admin/IdeaProjects/GitSomeSleep/Capstonee/target/classes/assets/levels/tmx/test.tmx
06:37:09.883 [FXGL Background Thread 2 ] DEBUG TMXLevelLoader       - Creating tile layer entities
06:37:09.885 [FXGL Background Thread 2 ] DEBUG TilesetLoader        - Loading view for layer Tile Layer 1
06:37:09.885 [FXGL Background Thread 2 ] DEBUG TilesetLoader        - Created buffer with size 320.0x320.0
06:37:09.895 [FXGL Background Thread 2 ] DEBUG TMXLevelLoader       - Creating object layer entities
06:37:09.927 [FXGL Background Thread 2 ] DEBUG GameWorld            - Clearing removable entities
06:37:09.928 [FXGL Background Thread 2 ] DEBUG GameWorld            - Setting level: com.almasb.fxgl.entity.level.Level@134c3a31
06:37:09.938 [FXGL Background Thread 2 ] WARN  FXGLAssetLoaderServi - Asset "/assets/textures/player.png" was not found!
06:37:09.938 [FXGL Background Thread 2 ] WARN  FXGLAssetLoaderServi - Failed to load IMAGE
06:37:09.966 [FXGL Background Thread 2 ] DEBUG FXGLAssetLoaderServi - Loading from file system: file:/C:/Users/Admin/IdeaProjects/GitSomeSleep/Capstonee/target/classes/assets/textures/background/bruh.jpg
06:37:10.011 [FXGL Background Thread 2 ] INFO  FXGLApplication      - Game initialization took: 0.256 sec
06:37:10.011 [JavaFX Application Thread] DEBUG Input                - Clearing active input actions
06:37:10.019 [JavaFX Application Thread] DEBUG GameApplicationServi - Removing overlay from FXGLLoadingScene and adding to GameScene
06:37:10.019 [JavaFX Application Thread] DEBUG PrimaryStageWindow   - FXGLLoadingScene -> GameScene
06:37:11.728 [FXGL Background Thread 3 ] DEBUG Engine               - Logging environment variables
06:37:11.728 [FXGL Background Thread 3 ] DEBUG Engine               - achievements: []
06:37:11.728 [FXGL Background Thread 3 ] DEBUG Engine               - actualHeight: 720.0
06:37:11.728 [FXGL Background Thread 3 ] DEBUG Engine               - actualHeightProperty: ReadOnlyDoubleProperty [value: 720.0]
06:37:11.728 [FXGL Background Thread 3 ] DEBUG Engine               - actualWidth: 1280.0
06:37:11.728 [FXGL Background Thread 3 ] DEBUG Engine               - actualWidthProperty: ReadOnlyDoubleProperty [value: 1280.0]
06:37:11.728 [FXGL Background Thread 3 ] DEBUG Engine               - appIcon: fxgl_icon.png
06:37:11.728 [FXGL Background Thread 3 ] DEBUG Engine               - applicationMode: DEVELOPER
06:37:11.728 [FXGL Background Thread 3 ] DEBUG Engine               - cSSList: [fxgl_dark.css]
06:37:11.728 [FXGL Background Thread 3 ] DEBUG Engine               - collisionDetectionStrategy: BRUTE_FORCE
06:37:11.728 [FXGL Background Thread 3 ] DEBUG Engine               - configClass: Optional.empty
06:37:11.728 [FXGL Background Thread 3 ] DEBUG Engine               - credits: []
06:37:11.728 [FXGL Background Thread 3 ] DEBUG Engine               - defaultCursor: CursorInfo(imageName=fxgl_default_cursor.png, hotspotX=7.0, hotspotY=6.0)
06:37:11.728 [FXGL Background Thread 3 ] DEBUG Engine               - devBBoxColorProperty: ObjectProperty [value: 0xff0000ff]
06:37:11.728 [FXGL Background Thread 3 ] DEBUG Engine               - devEnableDebugCameraProperty: BooleanProperty [value: false]
06:37:11.728 [FXGL Background Thread 3 ] DEBUG Engine               - devSensorColorProperty: ObjectProperty [value: 0xffff00ff]
06:37:11.728 [FXGL Background Thread 3 ] DEBUG Engine               - devShowBBoxProperty: BooleanProperty [value: false]
06:37:11.728 [FXGL Background Thread 3 ] DEBUG Engine               - devShowPositionProperty: BooleanProperty [value: false]
06:37:11.728 [FXGL Background Thread 3 ] DEBUG Engine               - enabledMenuItems: []
06:37:11.728 [FXGL Background Thread 3 ] DEBUG Engine               - engineServices: [class com.almasb.fxgl.app.services.FXGLAssetLoaderService, class com.almasb.fxgl.app.FXGLApplication$GameApplicationService, class com.almasb.fxgl.app.services.FXGLDialogService, class com.almasb.fxgl.app.services.IOTaskExecutorService, class com.almasb.fxgl.io.FileSystemService, class com.almasb.fxgl.localization.LocalizationService, class com.almasb.fxgl.app.services.SystemBundleService, class com.almasb.fxgl.profile.SaveLoadService, class com.almasb.fxgl.ui.FXGLUIFactoryServiceProvider, class com.almasb.fxgl.ui.FXGLDialogFactoryServiceProvider, class com.almasb.fxgl.audio.AudioPlayer, class com.almasb.fxgl.notification.impl.NotificationServiceProvider, class com.almasb.fxgl.achievement.AchievementService, class com.almasb.fxgl.cutscene.CutsceneService, class com.almasb.fxgl.minigames.MiniGameService, class com.almasb.fxgl.net.NetService, class com.almasb.fxgl.app.services.UpdaterService, class com.almasb.fxgl.dev.DevService]
06:37:11.728 [FXGL Background Thread 3 ] DEBUG Engine               - fontGame: Abel-Regular.ttf
06:37:11.728 [FXGL Background Thread 3 ] DEBUG Engine               - fontMono: TerminalLandMono-Regular.otf
06:37:11.728 [FXGL Background Thread 3 ] DEBUG Engine               - fontSizeScaleUI: 1.0
06:37:11.729 [FXGL Background Thread 3 ] DEBUG Engine               - fontText: Courier-Prime.ttf
06:37:11.729 [FXGL Background Thread 3 ] DEBUG Engine               - fontUI: VarelaRound-Regular.ttf
06:37:11.729 [FXGL Background Thread 3 ] DEBUG Engine               - fullScreen: BooleanProperty [value: false]
06:37:11.729 [FXGL Background Thread 3 ] DEBUG Engine               - gameDifficulty: MEDIUM
06:37:11.729 [FXGL Background Thread 3 ] DEBUG Engine               - gameDifficultyProperty: ObjectProperty [value: MEDIUM]
06:37:11.729 [FXGL Background Thread 3 ] DEBUG Engine               - globalMusicVolume: 0.5
06:37:11.729 [FXGL Background Thread 3 ] DEBUG Engine               - globalMusicVolumeProperty: DoubleProperty [value: 0.5]
06:37:11.729 [FXGL Background Thread 3 ] DEBUG Engine               - globalSoundVolume: 0.5
06:37:11.729 [FXGL Background Thread 3 ] DEBUG Engine               - globalSoundVolumeProperty: DoubleProperty [value: 0.5]
06:37:11.729 [FXGL Background Thread 3 ] DEBUG Engine               - height: 720
06:37:11.729 [FXGL Background Thread 3 ] DEBUG Engine               - is3D: false
06:37:11.729 [FXGL Background Thread 3 ] DEBUG Engine               - isAndroid: false
06:37:11.729 [FXGL Background Thread 3 ] DEBUG Engine               - isBrowser: false
06:37:11.729 [FXGL Background Thread 3 ] DEBUG Engine               - isClickFeedbackEnabled: false
06:37:11.729 [FXGL Background Thread 3 ] DEBUG Engine               - isCloseConfirmation: false
06:37:11.729 [FXGL Background Thread 3 ] DEBUG Engine               - isDesktop: true
06:37:11.729 [FXGL Background Thread 3 ] DEBUG Engine               - isDeveloperMenuEnabled: false
06:37:11.729 [FXGL Background Thread 3 ] DEBUG Engine               - isEmbedded: false
06:37:11.729 [FXGL Background Thread 3 ] DEBUG Engine               - isEntityPreloadEnabled: true
06:37:11.729 [FXGL Background Thread 3 ] DEBUG Engine               - isExperimentalTiledLargeMap: false
06:37:11.729 [FXGL Background Thread 3 ] DEBUG Engine               - isFileSystemWriteAllowed: true
06:37:11.729 [FXGL Background Thread 3 ] DEBUG Engine               - isFullScreenAllowed: false
06:37:11.729 [FXGL Background Thread 3 ] DEBUG Engine               - isFullScreenFromStart: false
06:37:11.729 [FXGL Background Thread 3 ] DEBUG Engine               - isGameMenuEnabled: true
06:37:11.729 [FXGL Background Thread 3 ] DEBUG Engine               - isIOS: false
06:37:11.729 [FXGL Background Thread 3 ] DEBUG Engine               - isIntroEnabled: false
06:37:11.730 [FXGL Background Thread 3 ] DEBUG Engine               - isLinux: false
06:37:11.730 [FXGL Background Thread 3 ] DEBUG Engine               - isMac: false
06:37:11.730 [FXGL Background Thread 3 ] DEBUG Engine               - isMainMenuEnabled: true
06:37:11.730 [FXGL Background Thread 3 ] DEBUG Engine               - isManualResizeEnabled: false
06:37:11.730 [FXGL Background Thread 3 ] DEBUG Engine               - isMobile: false
06:37:11.730 [FXGL Background Thread 3 ] DEBUG Engine               - isNative: false
06:37:11.730 [FXGL Background Thread 3 ] DEBUG Engine               - isPauseMusicWhenMinimized: true
06:37:11.730 [FXGL Background Thread 3 ] DEBUG Engine               - isPreserveResizeRatio: false
06:37:11.730 [FXGL Background Thread 3 ] DEBUG Engine               - isProfilingEnabled: false
06:37:11.730 [FXGL Background Thread 3 ] DEBUG Engine               - isScaleAffectedOnResize: true
06:37:11.730 [FXGL Background Thread 3 ] DEBUG Engine               - isSingleStep: false
06:37:11.730 [FXGL Background Thread 3 ] DEBUG Engine               - isUserProfileEnabled: false
06:37:11.730 [FXGL Background Thread 3 ] DEBUG Engine               - isWindows: true
06:37:11.730 [FXGL Background Thread 3 ] DEBUG Engine               - language: ObjectProperty [value: ENGLISH]
06:37:11.730 [FXGL Background Thread 3 ] DEBUG Engine               - menuKey: ESCAPE
06:37:11.730 [FXGL Background Thread 3 ] DEBUG Engine               - mouseSensitivity: 0.2
06:37:11.731 [FXGL Background Thread 3 ] DEBUG Engine               - notificationViewClass: class com.almasb.fxgl.notification.view.XboxNotificationView
06:37:11.731 [FXGL Background Thread 3 ] DEBUG Engine               - pixelsPerMeter: 50.0
06:37:11.731 [FXGL Background Thread 3 ] DEBUG Engine               - platform: WINDOWS
06:37:11.731 [FXGL Background Thread 3 ] DEBUG Engine               - prefHeightProperty: ReadOnlyDoubleProperty [value: 720.0]
06:37:11.731 [FXGL Background Thread 3 ] DEBUG Engine               - prefWidthProperty: ReadOnlyDoubleProperty [value: 1280.0]
06:37:11.731 [FXGL Background Thread 3 ] DEBUG Engine               - profileDir: profiles/
06:37:11.731 [FXGL Background Thread 3 ] DEBUG Engine               - profileName: StringProperty [value: DEFAULT]
06:37:11.731 [FXGL Background Thread 3 ] DEBUG Engine               - randomSeed: -1
06:37:11.732 [FXGL Background Thread 3 ] DEBUG Engine               - runtimeInfo: RuntimeInfo(platform=WINDOWS, version=21.1, build=27.03.2024 07.52)
06:37:11.732 [FXGL Background Thread 3 ] DEBUG Engine               - saveFileExt: sav
06:37:11.732 [FXGL Background Thread 3 ] DEBUG Engine               - scaledHeightProp$fxgl: DoubleProperty [bound, value: 720.0]
06:37:11.732 [FXGL Background Thread 3 ] DEBUG Engine               - scaledWidthProp$fxgl: DoubleProperty [bound, value: 1280.0]
06:37:11.732 [FXGL Background Thread 3 ] DEBUG Engine               - sceneFactory: com.almasb.fxgl.app.scene.SceneFactory@e95fb67
06:37:11.732 [FXGL Background Thread 3 ] DEBUG Engine               - secondsIn24h: 60
06:37:11.732 [FXGL Background Thread 3 ] DEBUG Engine               - soundMenuBack: menu/back.wav
06:37:11.732 [FXGL Background Thread 3 ] DEBUG Engine               - soundMenuPress: menu/press.wav
06:37:11.732 [FXGL Background Thread 3 ] DEBUG Engine               - soundMenuSelect: menu/select.wav
06:37:11.732 [FXGL Background Thread 3 ] DEBUG Engine               - soundNotification: core/notification.wav
06:37:11.732 [FXGL Background Thread 3 ] DEBUG Engine               - stageStyle: DECORATED
06:37:11.732 [FXGL Background Thread 3 ] DEBUG Engine               - supportedLanguages: [ENGLISH, FRENCH, GERMAN, HUNGARIAN, RUSSIAN]
06:37:11.732 [FXGL Background Thread 3 ] DEBUG Engine               - ticksPerSecond: -1
06:37:11.732 [FXGL Background Thread 3 ] DEBUG Engine               - title: Platformer with Rhythm
06:37:11.732 [FXGL Background Thread 3 ] DEBUG Engine               - urlGithub: https://github.com/AlmasB/FXGL
06:37:11.732 [FXGL Background Thread 3 ] DEBUG Engine               - urlLeaderboard: http://fxgl-top.herokuapp.com/
06:37:11.732 [FXGL Background Thread 3 ] DEBUG Engine               - urlPOM: https://raw.githubusercontent.com/AlmasB/FXGL/release/README.md
06:37:11.732 [FXGL Background Thread 3 ] DEBUG Engine               - userAppClass: class org.example.capstonee.GameApp
06:37:11.732 [FXGL Background Thread 3 ] DEBUG Engine               - version: 0.2
06:37:11.732 [FXGL Background Thread 3 ] DEBUG Engine               - versionCheckDays: 7
06:37:11.732 [FXGL Background Thread 3 ] DEBUG Engine               - width: 1280
06:37:11.732 [FXGL Background Thread 3 ] DEBUG Engine               - Logging services
06:37:11.732 [FXGL Background Thread 3 ] DEBUG Engine               - class com.almasb.fxgl.app.services.FXGLAssetLoaderService
06:37:11.733 [FXGL Background Thread 3 ] DEBUG Engine               - class com.almasb.fxgl.app.FXGLApplication$GameApplicationService
06:37:11.733 [FXGL Background Thread 3 ] DEBUG Engine               - class com.almasb.fxgl.app.services.FXGLDialogService
06:37:11.733 [FXGL Background Thread 3 ] DEBUG Engine               - class com.almasb.fxgl.app.services.IOTaskExecutorService
06:37:11.733 [FXGL Background Thread 3 ] DEBUG Engine               - class com.almasb.fxgl.io.FileSystemService
06:37:11.733 [FXGL Background Thread 3 ] DEBUG Engine               - class com.almasb.fxgl.localization.LocalizationService
06:37:11.733 [FXGL Background Thread 3 ] DEBUG Engine               - class com.almasb.fxgl.app.services.SystemBundleService
06:37:11.733 [FXGL Background Thread 3 ] DEBUG Engine               - class com.almasb.fxgl.profile.SaveLoadService
06:37:11.733 [FXGL Background Thread 3 ] DEBUG Engine               - class com.almasb.fxgl.ui.FXGLUIFactoryServiceProvider
06:37:11.733 [FXGL Background Thread 3 ] DEBUG Engine               - class com.almasb.fxgl.ui.FXGLDialogFactoryServiceProvider
06:37:11.733 [FXGL Background Thread 3 ] DEBUG Engine               - class com.almasb.fxgl.audio.AudioPlayer
06:37:11.733 [FXGL Background Thread 3 ] DEBUG Engine               - class com.almasb.fxgl.notification.impl.NotificationServiceProvider
06:37:11.733 [FXGL Background Thread 3 ] DEBUG Engine               - class com.almasb.fxgl.achievement.AchievementService
06:37:11.733 [FXGL Background Thread 3 ] DEBUG Engine               - class com.almasb.fxgl.cutscene.CutsceneService
06:37:11.733 [FXGL Background Thread 3 ] DEBUG Engine               - class com.almasb.fxgl.minigames.MiniGameService
06:37:11.733 [FXGL Background Thread 3 ] DEBUG Engine               - class com.almasb.fxgl.net.NetService
06:37:11.733 [FXGL Background Thread 3 ] DEBUG Engine               - class com.almasb.fxgl.app.services.UpdaterService
06:37:11.733 [FXGL Background Thread 3 ] DEBUG Engine               - class com.almasb.fxgl.dev.DevService
06:37:11.884 [JavaFX Application Thread] DEBUG FXGLAssetLoaderServi - Loading from file system: file:/C:/Users/Admin/IdeaProjects/GitSomeSleep/Capstonee/target/classes/assets/text/gameCutscene_sample1.txt
06:37:11.889 [JavaFX Application Thread] DEBUG Input                - Registered new binding: Next RPG Line - Enter
06:37:11.890 [JavaFX Application Thread] WARN  FXGLAssetLoaderServi - Asset "/assets/textures/bruh.png" was not found!
06:37:11.890 [JavaFX Application Thread] WARN  FXGLAssetLoaderServi - Failed to load IMAGE
06:37:11.890 [JavaFX Application Thread] DEBUG PrimaryStageWindow   - Push state: CutsceneScene
06:37:11.891 [JavaFX Application Thread] DEBUG Input                - Clearing active input actions
06:37:11.891 [JavaFX Application Thread] DEBUG GameApplicationServi - Removing overlay from GameScene and adding to CutsceneScene
06:37:11.891 [JavaFX Application Thread] DEBUG PrimaryStageWindow   - GameScene -> CutsceneScene
06:37:12.571 [JavaFX Application Thread] DEBUG FXGLAssetLoaderServi - Loading from file system: file:/C:/Users/Admin/IdeaProjects/GitSomeSleep/Capstonee/target/classes/assets/textures/tuntunsahur.png
06:37:13.356 [JavaFX Application Thread] DEBUG PrimaryStageWindow   - Pop state: CutsceneScene
06:37:13.356 [JavaFX Application Thread] DEBUG Input                - Clearing active input actions
06:37:13.357 [JavaFX Application Thread] DEBUG GameApplicationServi - Removing overlay from CutsceneScene and adding to GameScene
06:37:13.357 [JavaFX Application Thread] DEBUG PrimaryStageWindow   - GameScene <- CutsceneScene
06:37:13.367 [JavaFX Application Thread] DEBUG FXGLAssetLoaderServi - Loading from file system: file:/C:/Users/Admin/IdeaProjects/GitSomeSleep/Capstonee/target/classes/assets/textures/background/pixelatedliyue.png
06:37:13.429 [JavaFX Application Thread] DEBUG FXGLAssetLoaderServi - Loading from file system: file:/C:/Users/Admin/IdeaProjects/GitSomeSleep/Capstonee/target/classes/assets/music/songs/desperato.wav
06:37:13.602 [JavaFX Application Thread] DEBUG FXGLAssetLoaderServi - Loading from file system: file:/C:/Users/Admin/IdeaProjects/GitSomeSleep/Capstonee/target/classes/assets/textures/notes/hilichurlhitmarker.png
06:37:14.567 [JavaFX Application Thread] DEBUG AudioPlayer          - Playing music com.almasb.fxgl.audio.Music@7bd23b39
06:37:15.024 [JavaFX Application Thread] DEBUG FXGLAssetLoaderServi - Loading from file system: file:/C:/Users/Admin/IdeaProjects/GitSomeSleep/Capstonee/target/classes/assets/textures/markers/moranote.png
06:37:18.668 [JavaFX Application Thread] DEBUG FXGLAssetLoaderServi - Loading from file system: file:/C:/Users/Admin/IdeaProjects/GitSomeSleep/Capstonee/target/classes/assets/textures/particles/yellow_particle.png
06:37:24.349 [JavaFX Application Thread] DEBUG AudioPlayer          - Stopping music com.almasb.fxgl.audio.Music@7bd23b39
06:37:26.109 [JavaFX Application Thread] DEBUG FXGLApplication      - Exiting FXGL
06:37:26.109 [JavaFX Application Thread] DEBUG LoopRunner           - Stopping loop
06:37:26.109 [JavaFX Application Thread] DEBUG SystemBundleService  - Saving FXGL system data
06:37:26.112 [JavaFX Application Thread] DEBUG FileSystemAccess     - Writing to: C:\Users\Admin\IdeaProjects\GitSomeSleep\system\fxgl.bundle
06:37:26.114 [JavaFX Application Thread] DEBUG Async                - Shutting down background threads
06:37:26.114 [JavaFX Application Thread] DEBUG PrimaryStageWindow   - Closing main window
06:37:26.131 [JavaFX Application Thread] DEBUG Logger               - Closing Logger
