13:20:35.055 [main                     ] DEBUG Logger               - Configured Logger
13:20:35.067 [main                     ] DEBUG GameApplication      - Logging settings
Title: Game App
Version: 0.1
Width: 1280
Height: 720
Fullscreen: false
Intro: false
Profiling: false
Single step:false
App Mode: DEVELOPER
Menu Key: ESCAPE
Stage Style: DECORATED
Scene Factory: class com.almasb.fxgl.app.scene.SceneFactory

13:20:35.354 [JavaFX Application Thread] DEBUG FXGLApplication      - Initializing FXGL
13:20:35.357 [JavaFX Application Thread] INFO  Engine               - FXGL-21.1 (27.03.2024 07.52) on MAC (J:23.0.2 FX:22.0.1)
13:20:35.357 [JavaFX Application Thread] DEBUG Engine               - JRE Vendor Name: Homebrew
13:20:35.357 [JavaFX Application Thread] DEBUG Engine               - Running on OS: Mac OS X version 15.3.2
13:20:35.357 [JavaFX Application Thread] DEBUG Engine               - Architecture: aarch64
13:20:35.357 [JavaFX Application Thread] INFO  Engine               - Source code and latest versions at: https://github.com/AlmasB/FXGL
13:20:35.357 [JavaFX Application Thread] INFO  Engine               -       Ask questions and discuss at: https://github.com/AlmasB/FXGL/discussions
13:20:35.357 [JavaFX Application Thread] INFO  Engine               -              Join the FXGL chat at: https://gitter.im/AlmasB/FXGL
13:20:35.395 [JavaFX Application Thread] DEBUG PrimaryStageWindow   - Creating a JavaFX scene
13:20:35.414 [JavaFX Application Thread] DEBUG PrimaryStageWindow   - Target settings size: 1280.0 x 720.0
13:20:35.414 [JavaFX Application Thread] DEBUG PrimaryStageWindow   - Scaled scene size:    1280.0 x 720.0
13:20:35.415 [JavaFX Application Thread] DEBUG PrimaryStageWindow   - Scaled ratio: (1.0, 1.0)
13:20:35.415 [JavaFX Application Thread] DEBUG PrimaryStageWindow   - Set initial scene to FXGLStartupScene
13:20:35.416 [JavaFX Application Thread] DEBUG PrimaryStageWindow   - Opening main window
13:20:35.488 [JavaFX Application Thread] DEBUG PrimaryStageWindow   - Window border size: (0.0, 28.0)
13:20:35.488 [JavaFX Application Thread] DEBUG PrimaryStageWindow   - Scaled size: 1280.0 x 720.0
13:20:35.488 [JavaFX Application Thread] DEBUG PrimaryStageWindow   - Scaled ratio: (1.0, 1.0)
13:20:35.488 [JavaFX Application Thread] DEBUG PrimaryStageWindow   - Scene size: 1280.0 x 720.0
13:20:35.488 [JavaFX Application Thread] DEBUG PrimaryStageWindow   - Stage size: 1280.0 x 748.0
13:20:35.491 [FXGL Background Thread 1 ] DEBUG Engine               - Initializing environment variables
13:20:35.519 [FXGL Background Thread 1 ] DEBUG FXGLAssetLoaderServi - User app class for loading assets: class org.example.capstonee.GameApp
13:20:35.520 [FXGL Background Thread 1 ] DEBUG GameApplicationServi - Applying CSS: fxgl_dark.css
13:20:35.520 [FXGL Background Thread 1 ] DEBUG FXGLAssetLoaderServi - Loading from file system: jar:file:///Users/ajaxestela/.m2/repository/com/github/almasb/fxgl/21.1/fxgl-21.1.jar!/fxglassets/ui/css/fxgl_dark.css
13:20:35.548 [FXGL Background Thread 1 ] DEBUG GameApplicationServi - Initializing application scenes
13:20:35.611 [FXGL Background Thread 1 ] DEBUG GameWorld            - Game world initialized
13:20:35.641 [FXGL Background Thread 1 ] DEBUG PhysicsWorld         - Physics world initialized: appHeight=720, physics.ppm=50.0
13:20:35.641 [FXGL Background Thread 1 ] DEBUG PhysicsWorld         - Using strategy: BRUTE_FORCE
13:20:35.644 [FXGL Background Thread 1 ] DEBUG GameScene            - Game scene initialized: 1280x720
13:20:35.650 [FXGL Background Thread 1 ] DEBUG FXGL.DefaultMenu     - createMenuBodyGameMenu()
13:20:35.658 [FXGL Background Thread 1 ] DEBUG FXGL.DefaultMenu     - createOptionsMenu()
13:20:35.672 [FXGL Background Thread 1 ] DEBUG FXGLAssetLoaderServi - Loading from file system: jar:file:///Users/ajaxestela/.m2/repository/com/github/almasb/fxgl/21.1/fxgl-21.1.jar!/fxglassets/textures/particles/smoke.png
13:20:35.792 [FXGL Background Thread 1 ] DEBUG FXGLAssetLoaderServi - Loading from file system: jar:file:///Users/ajaxestela/.m2/repository/com/github/almasb/fxgl/21.1/fxgl-21.1.jar!/fxglassets/textures/particles/trace_horizontal.png
13:20:35.814 [FXGL Background Thread 1 ] DEBUG GameApplicationServi - Application scenes initialized
13:20:35.828 [FXGL Background Thread 1 ] DEBUG SystemBundleService  - Loading FXGL system data
13:20:35.835 [FXGL Background Thread 1 ] DEBUG FileSystemAccess     - Reading from: /Users/ajaxestela/IdeaProjects/GitSomeSleep/system/fxgl.bundle
13:20:35.847 [FXGL Background Thread 1 ] DEBUG SystemBundleService  - Bundle FXGL: {}
13:20:35.847 [FXGL Background Thread 1 ] DEBUG UpdaterService       - Checking for updates
13:20:35.849 [FXGL Background Thread 4 ] DEBUG FXGLApplication      - Loading fonts
13:20:35.849 [FXGL Background Thread 4 ] DEBUG FXGLAssetLoaderServi - Loading from file system: jar:file:///Users/ajaxestela/.m2/repository/com/github/almasb/fxgl/21.1/fxgl-21.1.jar!/fxglassets/ui/fonts/VarelaRound-Regular.ttf
13:20:35.849 [FXGL Background Thread 1 ] DEBUG FXGLApplication      - Loading default localization
13:20:35.850 [FXGL Background Thread 1 ] DEBUG FXGLAssetLoaderServi - Loading from file system: jar:file:///Users/ajaxestela/.m2/repository/com/github/almasb/fxgl/21.1/fxgl-21.1.jar!/fxglassets/languages/english.lang
13:20:35.885 [FXGL Background Thread 1 ] INFO  FXGLApplication      - FXGL initialization took: 0.394 sec
13:20:35.890 [JavaFX Application Thread] DEBUG Input                - Registered new binding: Left - A
13:20:35.890 [JavaFX Application Thread] DEBUG Input                - Registered new binding: Right - D
13:20:35.890 [JavaFX Application Thread] DEBUG Input                - Registered new binding: Jump - W
13:20:35.890 [JavaFX Application Thread] DEBUG Input                - Registered new binding: Interact - E
13:20:35.890 [JavaFX Application Thread] DEBUG Input                - Registered new binding: RhythmLane0 - F
13:20:35.891 [JavaFX Application Thread] DEBUG Input                - Registered new binding: RhythmLane1 - G
13:20:35.891 [JavaFX Application Thread] DEBUG Input                - Registered new binding: RhythmLane2 - H
13:20:35.891 [JavaFX Application Thread] DEBUG Input                - Registered new binding: RhythmLane3 - J
13:20:35.891 [JavaFX Application Thread] DEBUG Input                - Registered new binding: RhythmStart - Space
13:20:35.891 [JavaFX Application Thread] DEBUG FXGLAssetLoaderServi - Loading from file system: jar:file:///Users/ajaxestela/.m2/repository/com/github/almasb/fxgl/21.1/fxgl-21.1.jar!/fxglassets/textures/fxgl_icon.png
13:20:35.896 [FXGL Background Thread 4 ] DEBUG FXGLAssetLoaderServi - Loading from file system: jar:file:///Users/ajaxestela/.m2/repository/com/github/almasb/fxgl/21.1/fxgl-21.1.jar!/fxglassets/ui/fonts/Abel-Regular.ttf
13:20:35.897 [FXGL Background Thread 4 ] DEBUG FXGLAssetLoaderServi - Loading from file system: jar:file:///Users/ajaxestela/.m2/repository/com/github/almasb/fxgl/21.1/fxgl-21.1.jar!/fxglassets/ui/fonts/TerminalLandMono-Regular.otf
13:20:35.916 [FXGL Background Thread 4 ] DEBUG FXGLAssetLoaderServi - Loading from file system: jar:file:///Users/ajaxestela/.m2/repository/com/github/almasb/fxgl/21.1/fxgl-21.1.jar!/fxglassets/ui/fonts/Courier-Prime.ttf
13:20:35.937 [JavaFX Application Thread] DEBUG FXGLAssetLoaderServi - Loading from file system: jar:file:///Users/ajaxestela/.m2/repository/com/github/almasb/fxgl/21.1/fxgl-21.1.jar!/fxglassets/textures/fxgl_default_cursor.png
13:20:35.938 [JavaFX Application Thread] DEBUG Input                - Registered new binding: Screenshot - CTRL+8
13:20:35.938 [JavaFX Application Thread] DEBUG Input                - Registered new binding: System info dump - CTRL+9
13:20:35.938 [JavaFX Application Thread] DEBUG Input                - Registered new binding: Restart - CTRL+R
13:20:35.938 [JavaFX Application Thread] DEBUG Input                - Registered new binding: Toggle Debug Camera - CTRL+7
13:20:35.939 [JavaFX Application Thread] DEBUG LoopRunner           - Starting loop
13:20:35.939 [JavaFX Application Thread] DEBUG LoopRunner           - Initializing JavaFX AnimationTimerLoop
13:20:35.939 [JavaFX Application Thread] DEBUG GameApplicationServi - Starting new game
13:20:35.940 [JavaFX Application Thread] DEBUG Input                - Clearing active input actions
13:20:35.944 [JavaFX Application Thread] DEBUG GameApplicationServi - Removing overlay from FXGLStartupScene and adding to FXGLLoadingScene
13:20:35.944 [JavaFX Application Thread] DEBUG PrimaryStageWindow   - FXGLStartupScene -> FXGLLoadingScene
13:20:35.944 [JavaFX Application Thread] DEBUG GameApplicationServi - Clearing previous game
13:20:35.944 [JavaFX Application Thread] DEBUG GameScene            - Clearing game scene
13:20:35.944 [JavaFX Application Thread] DEBUG GameWorld            - Clearing game world
13:20:35.944 [JavaFX Application Thread] DEBUG PhysicsWorld         - Clearing physics world
13:20:35.945 [FXGL Background Thread 4 ] DEBUG FXGLApplication      - Initializing game
13:20:35.960 [JavaFX Application Thread] DEBUG FXGLApplication      - Registering font factories with UI factory
13:20:36.075 [FXGL Background Thread 4 ] WARN  TMXLevelLoader       - TiledMap generated from 1.11.0. Supported version: 1.9.0. Some features may not be parsed fully.
13:20:36.080 [FXGL Background Thread 4 ] DEBUG TMXLevelLoader       - Parsed TiledMap: file:/Users/ajaxestela/IdeaProjects/GitSomeSleep/Capstonee/target/classes/assets/levels/tmx/test.tmx
13:20:36.081 [FXGL Background Thread 4 ] DEBUG TMXLevelLoader       - Creating tile layer entities
13:20:36.081 [FXGL Background Thread 4 ] DEBUG TilesetLoader        - Loading view for layer Tile Layer 1
13:20:36.081 [FXGL Background Thread 4 ] DEBUG TilesetLoader        - Created buffer with size 320.0x320.0
13:20:36.085 [FXGL Background Thread 4 ] DEBUG TMXLevelLoader       - Creating object layer entities
13:20:36.104 [FXGL Background Thread 4 ] DEBUG GameWorld            - Clearing removable entities
13:20:36.104 [FXGL Background Thread 4 ] DEBUG GameWorld            - Setting level: com.almasb.fxgl.entity.level.Level@10b62f17
13:20:36.113 [FXGL Background Thread 4 ] WARN  FXGLAssetLoaderServi - Asset "/assets/textures/player.png" was not found!
13:20:36.113 [FXGL Background Thread 4 ] WARN  FXGLAssetLoaderServi - Failed to load IMAGE
13:20:36.127 [FXGL Background Thread 4 ] DEBUG FXGLAssetLoaderServi - Loading from file system: file:/Users/ajaxestela/IdeaProjects/GitSomeSleep/Capstonee/target/classes/assets/textures/background/bruh.jpg
13:20:36.178 [FXGL Background Thread 4 ] INFO  FXGLApplication      - Game initialization took: 0.233 sec
13:20:36.178 [JavaFX Application Thread] DEBUG Input                - Clearing active input actions
13:20:36.181 [JavaFX Application Thread] DEBUG GameApplicationServi - Removing overlay from FXGLLoadingScene and adding to GameScene
13:20:36.181 [JavaFX Application Thread] DEBUG PrimaryStageWindow   - FXGLLoadingScene -> GameScene
13:20:38.852 [FXGL Background Thread 3 ] DEBUG Engine               - Logging environment variables
13:20:38.853 [FXGL Background Thread 3 ] DEBUG Engine               - achievements: []
13:20:38.853 [FXGL Background Thread 3 ] DEBUG Engine               - actualHeight: 720.0
13:20:38.853 [FXGL Background Thread 3 ] DEBUG Engine               - actualHeightProperty: ReadOnlyDoubleProperty [value: 720.0]
13:20:38.853 [FXGL Background Thread 3 ] DEBUG Engine               - actualWidth: 1280.0
13:20:38.853 [FXGL Background Thread 3 ] DEBUG Engine               - actualWidthProperty: ReadOnlyDoubleProperty [value: 1280.0]
13:20:38.853 [FXGL Background Thread 3 ] DEBUG Engine               - appIcon: fxgl_icon.png
13:20:38.853 [FXGL Background Thread 3 ] DEBUG Engine               - applicationMode: DEVELOPER
13:20:38.853 [FXGL Background Thread 3 ] DEBUG Engine               - cSSList: [fxgl_dark.css]
13:20:38.853 [FXGL Background Thread 3 ] DEBUG Engine               - collisionDetectionStrategy: BRUTE_FORCE
13:20:38.853 [FXGL Background Thread 3 ] DEBUG Engine               - configClass: Optional.empty
13:20:38.853 [FXGL Background Thread 3 ] DEBUG Engine               - credits: []
13:20:38.854 [FXGL Background Thread 3 ] DEBUG Engine               - defaultCursor: CursorInfo(imageName=fxgl_default_cursor.png, hotspotX=7.0, hotspotY=6.0)
13:20:38.854 [FXGL Background Thread 3 ] DEBUG Engine               - devBBoxColorProperty: ObjectProperty [value: 0xff0000ff]
13:20:38.855 [FXGL Background Thread 3 ] DEBUG Engine               - devEnableDebugCameraProperty: BooleanProperty [value: false]
13:20:38.855 [FXGL Background Thread 3 ] DEBUG Engine               - devSensorColorProperty: ObjectProperty [value: 0xffff00ff]
13:20:38.855 [FXGL Background Thread 3 ] DEBUG Engine               - devShowBBoxProperty: BooleanProperty [value: false]
13:20:38.855 [FXGL Background Thread 3 ] DEBUG Engine               - devShowPositionProperty: BooleanProperty [value: false]
13:20:38.855 [FXGL Background Thread 3 ] DEBUG Engine               - enabledMenuItems: []
13:20:38.855 [FXGL Background Thread 3 ] DEBUG Engine               - engineServices: [class com.almasb.fxgl.app.services.FXGLAssetLoaderService, class com.almasb.fxgl.app.FXGLApplication$GameApplicationService, class com.almasb.fxgl.app.services.FXGLDialogService, class com.almasb.fxgl.app.services.IOTaskExecutorService, class com.almasb.fxgl.io.FileSystemService, class com.almasb.fxgl.localization.LocalizationService, class com.almasb.fxgl.app.services.SystemBundleService, class com.almasb.fxgl.profile.SaveLoadService, class com.almasb.fxgl.ui.FXGLUIFactoryServiceProvider, class com.almasb.fxgl.ui.FXGLDialogFactoryServiceProvider, class com.almasb.fxgl.audio.AudioPlayer, class com.almasb.fxgl.notification.impl.NotificationServiceProvider, class com.almasb.fxgl.achievement.AchievementService, class com.almasb.fxgl.cutscene.CutsceneService, class com.almasb.fxgl.minigames.MiniGameService, class com.almasb.fxgl.net.NetService, class com.almasb.fxgl.app.services.UpdaterService, class com.almasb.fxgl.dev.DevService]
13:20:38.855 [FXGL Background Thread 3 ] DEBUG Engine               - fontGame: Abel-Regular.ttf
13:20:38.855 [FXGL Background Thread 3 ] DEBUG Engine               - fontMono: TerminalLandMono-Regular.otf
13:20:38.855 [FXGL Background Thread 3 ] DEBUG Engine               - fontSizeScaleUI: 1.0
13:20:38.855 [FXGL Background Thread 3 ] DEBUG Engine               - fontText: Courier-Prime.ttf
13:20:38.855 [FXGL Background Thread 3 ] DEBUG Engine               - fontUI: VarelaRound-Regular.ttf
13:20:38.855 [FXGL Background Thread 3 ] DEBUG Engine               - fullScreen: BooleanProperty [value: false]
13:20:38.855 [FXGL Background Thread 3 ] DEBUG Engine               - gameDifficulty: MEDIUM
13:20:38.855 [FXGL Background Thread 3 ] DEBUG Engine               - gameDifficultyProperty: ObjectProperty [value: MEDIUM]
13:20:38.855 [FXGL Background Thread 3 ] DEBUG Engine               - globalMusicVolume: 0.5
13:20:38.856 [FXGL Background Thread 3 ] DEBUG Engine               - globalMusicVolumeProperty: DoubleProperty [value: 0.5]
13:20:38.856 [FXGL Background Thread 3 ] DEBUG Engine               - globalSoundVolume: 0.5
13:20:38.856 [FXGL Background Thread 3 ] DEBUG Engine               - globalSoundVolumeProperty: DoubleProperty [value: 0.5]
13:20:38.856 [FXGL Background Thread 3 ] DEBUG Engine               - height: 720
13:20:38.856 [FXGL Background Thread 3 ] DEBUG Engine               - is3D: false
13:20:38.856 [FXGL Background Thread 3 ] DEBUG Engine               - isAndroid: false
13:20:38.856 [FXGL Background Thread 3 ] DEBUG Engine               - isBrowser: false
13:20:38.856 [FXGL Background Thread 3 ] DEBUG Engine               - isClickFeedbackEnabled: false
13:20:38.856 [FXGL Background Thread 3 ] DEBUG Engine               - isCloseConfirmation: false
13:20:38.856 [FXGL Background Thread 3 ] DEBUG Engine               - isDesktop: true
13:20:38.856 [FXGL Background Thread 3 ] DEBUG Engine               - isDeveloperMenuEnabled: false
13:20:38.856 [FXGL Background Thread 3 ] DEBUG Engine               - isEmbedded: false
13:20:38.856 [FXGL Background Thread 3 ] DEBUG Engine               - isEntityPreloadEnabled: true
13:20:38.856 [FXGL Background Thread 3 ] DEBUG Engine               - isExperimentalTiledLargeMap: false
13:20:38.856 [FXGL Background Thread 3 ] DEBUG Engine               - isFileSystemWriteAllowed: true
13:20:38.856 [FXGL Background Thread 3 ] DEBUG Engine               - isFullScreenAllowed: false
13:20:38.856 [FXGL Background Thread 3 ] DEBUG Engine               - isFullScreenFromStart: false
13:20:38.856 [FXGL Background Thread 3 ] DEBUG Engine               - isGameMenuEnabled: true
13:20:38.856 [FXGL Background Thread 3 ] DEBUG Engine               - isIOS: false
13:20:38.856 [FXGL Background Thread 3 ] DEBUG Engine               - isIntroEnabled: false
13:20:38.856 [FXGL Background Thread 3 ] DEBUG Engine               - isLinux: false
13:20:38.857 [FXGL Background Thread 3 ] DEBUG Engine               - isMac: true
13:20:38.857 [FXGL Background Thread 3 ] DEBUG Engine               - isMainMenuEnabled: false
13:20:38.857 [FXGL Background Thread 3 ] DEBUG Engine               - isManualResizeEnabled: false
13:20:38.857 [FXGL Background Thread 3 ] DEBUG Engine               - isMobile: false
13:20:38.857 [FXGL Background Thread 3 ] DEBUG Engine               - isNative: false
13:20:38.857 [FXGL Background Thread 3 ] DEBUG Engine               - isPauseMusicWhenMinimized: true
13:20:38.857 [FXGL Background Thread 3 ] DEBUG Engine               - isPreserveResizeRatio: false
13:20:38.857 [FXGL Background Thread 3 ] DEBUG Engine               - isProfilingEnabled: false
13:20:38.857 [FXGL Background Thread 3 ] DEBUG Engine               - isScaleAffectedOnResize: true
13:20:38.857 [FXGL Background Thread 3 ] DEBUG Engine               - isSingleStep: false
13:20:38.857 [FXGL Background Thread 3 ] DEBUG Engine               - isUserProfileEnabled: false
13:20:38.857 [FXGL Background Thread 3 ] DEBUG Engine               - isWindows: false
13:20:38.857 [FXGL Background Thread 3 ] DEBUG Engine               - language: ObjectProperty [value: ENGLISH]
13:20:38.857 [FXGL Background Thread 3 ] DEBUG Engine               - menuKey: ESCAPE
13:20:38.857 [FXGL Background Thread 3 ] DEBUG Engine               - mouseSensitivity: 0.2
13:20:38.857 [FXGL Background Thread 3 ] DEBUG Engine               - notificationViewClass: class com.almasb.fxgl.notification.view.XboxNotificationView
13:20:38.857 [FXGL Background Thread 3 ] DEBUG Engine               - pixelsPerMeter: 50.0
13:20:38.857 [FXGL Background Thread 3 ] DEBUG Engine               - platform: MAC
13:20:38.857 [FXGL Background Thread 3 ] DEBUG Engine               - prefHeightProperty: ReadOnlyDoubleProperty [value: 720.0]
13:20:38.857 [FXGL Background Thread 3 ] DEBUG Engine               - prefWidthProperty: ReadOnlyDoubleProperty [value: 1280.0]
13:20:38.857 [FXGL Background Thread 3 ] DEBUG Engine               - profileDir: profiles/
13:20:38.858 [FXGL Background Thread 3 ] DEBUG Engine               - profileName: StringProperty [value: DEFAULT]
13:20:38.858 [FXGL Background Thread 3 ] DEBUG Engine               - randomSeed: -1
13:20:38.858 [FXGL Background Thread 3 ] DEBUG Engine               - runtimeInfo: RuntimeInfo(platform=MAC, version=21.1, build=27.03.2024 07.52)
13:20:38.858 [FXGL Background Thread 3 ] DEBUG Engine               - saveFileExt: sav
13:20:38.858 [FXGL Background Thread 3 ] DEBUG Engine               - scaledHeightProp$fxgl: DoubleProperty [bound, value: 720.0]
13:20:38.858 [FXGL Background Thread 3 ] DEBUG Engine               - scaledWidthProp$fxgl: DoubleProperty [bound, value: 1280.0]
13:20:38.858 [FXGL Background Thread 3 ] DEBUG Engine               - sceneFactory: com.almasb.fxgl.app.scene.SceneFactory@161f321a
13:20:38.858 [FXGL Background Thread 3 ] DEBUG Engine               - secondsIn24h: 60
13:20:38.858 [FXGL Background Thread 3 ] DEBUG Engine               - soundMenuBack: menu/back.wav
13:20:38.858 [FXGL Background Thread 3 ] DEBUG Engine               - soundMenuPress: menu/press.wav
13:20:38.858 [FXGL Background Thread 3 ] DEBUG Engine               - soundMenuSelect: menu/select.wav
13:20:38.859 [FXGL Background Thread 3 ] DEBUG Engine               - soundNotification: core/notification.wav
13:20:38.859 [FXGL Background Thread 3 ] DEBUG Engine               - stageStyle: DECORATED
13:20:38.859 [FXGL Background Thread 3 ] DEBUG Engine               - supportedLanguages: [ENGLISH, FRENCH, GERMAN, HUNGARIAN, RUSSIAN]
13:20:38.859 [FXGL Background Thread 3 ] DEBUG Engine               - ticksPerSecond: -1
13:20:38.859 [FXGL Background Thread 3 ] DEBUG Engine               - title: Game App
13:20:38.859 [FXGL Background Thread 3 ] DEBUG Engine               - urlGithub: https://github.com/AlmasB/FXGL
13:20:38.859 [FXGL Background Thread 3 ] DEBUG Engine               - urlLeaderboard: http://fxgl-top.herokuapp.com/
13:20:38.859 [FXGL Background Thread 3 ] DEBUG Engine               - urlPOM: https://raw.githubusercontent.com/AlmasB/FXGL/release/README.md
13:20:38.859 [FXGL Background Thread 3 ] DEBUG Engine               - userAppClass: class org.example.capstonee.GameApp
13:20:38.859 [FXGL Background Thread 3 ] DEBUG Engine               - version: 0.1
13:20:38.859 [FXGL Background Thread 3 ] DEBUG Engine               - versionCheckDays: 7
13:20:38.859 [FXGL Background Thread 3 ] DEBUG Engine               - width: 1280
13:20:38.859 [FXGL Background Thread 3 ] DEBUG Engine               - Logging services
13:20:38.859 [FXGL Background Thread 3 ] DEBUG Engine               - class com.almasb.fxgl.app.services.FXGLAssetLoaderService
13:20:38.859 [FXGL Background Thread 3 ] DEBUG Engine               - class com.almasb.fxgl.app.FXGLApplication$GameApplicationService
13:20:38.859 [FXGL Background Thread 3 ] DEBUG Engine               - class com.almasb.fxgl.app.services.FXGLDialogService
13:20:38.859 [FXGL Background Thread 3 ] DEBUG Engine               - class com.almasb.fxgl.app.services.IOTaskExecutorService
13:20:38.859 [FXGL Background Thread 3 ] DEBUG Engine               - class com.almasb.fxgl.io.FileSystemService
13:20:38.859 [FXGL Background Thread 3 ] DEBUG Engine               - class com.almasb.fxgl.localization.LocalizationService
13:20:38.859 [FXGL Background Thread 3 ] DEBUG Engine               - class com.almasb.fxgl.app.services.SystemBundleService
13:20:38.859 [FXGL Background Thread 3 ] DEBUG Engine               - class com.almasb.fxgl.profile.SaveLoadService
13:20:38.859 [FXGL Background Thread 3 ] DEBUG Engine               - class com.almasb.fxgl.ui.FXGLUIFactoryServiceProvider
13:20:38.859 [FXGL Background Thread 3 ] DEBUG Engine               - class com.almasb.fxgl.ui.FXGLDialogFactoryServiceProvider
13:20:38.859 [FXGL Background Thread 3 ] DEBUG Engine               - class com.almasb.fxgl.audio.AudioPlayer
13:20:38.859 [FXGL Background Thread 3 ] DEBUG Engine               - class com.almasb.fxgl.notification.impl.NotificationServiceProvider
13:20:38.859 [FXGL Background Thread 3 ] DEBUG Engine               - class com.almasb.fxgl.achievement.AchievementService
13:20:38.859 [FXGL Background Thread 3 ] DEBUG Engine               - class com.almasb.fxgl.cutscene.CutsceneService
13:20:38.859 [FXGL Background Thread 3 ] DEBUG Engine               - class com.almasb.fxgl.minigames.MiniGameService
13:20:38.859 [FXGL Background Thread 3 ] DEBUG Engine               - class com.almasb.fxgl.net.NetService
13:20:38.859 [FXGL Background Thread 3 ] DEBUG Engine               - class com.almasb.fxgl.app.services.UpdaterService
13:20:38.859 [FXGL Background Thread 3 ] DEBUG Engine               - class com.almasb.fxgl.dev.DevService
13:20:52.475 [JavaFX Application Thread] WARN  FXGLAssetLoaderServi - Asset "/assets/sounds/sounds/hit.wav" was not found!
13:20:52.475 [JavaFX Application Thread] WARN  FXGLAssetLoaderServi - Failed to load SOUND
13:20:52.476 [JavaFX Application Thread] WARN  FXGLAssetLoaderServi - Asset "/assets/sounds/sounds/miss.wav" was not found!
13:20:52.476 [JavaFX Application Thread] WARN  FXGLAssetLoaderServi - Failed to load SOUND
13:20:52.477 [JavaFX Application Thread] WARN  FXGLAssetLoaderServi - Asset "/assets/music/songs/desperato.wav" was not found!
13:20:52.477 [JavaFX Application Thread] WARN  FXGLAssetLoaderServi - Failed to load MUSIC
13:20:53.386 [JavaFX Application Thread] DEBUG AudioPlayer          - Playing music com.almasb.fxgl.audio.Music@2f92997f
13:20:53.387 [JavaFX Application Thread] DEBUG AudioPlayer          - Playing music com.almasb.fxgl.audio.Music@2f92997f
13:20:57.015 [JavaFX Application Thread] DEBUG FXGLApplication      - Exiting FXGL
13:20:57.016 [JavaFX Application Thread] DEBUG LoopRunner           - Stopping loop
13:20:57.017 [JavaFX Application Thread] DEBUG SystemBundleService  - Saving FXGL system data
13:20:57.022 [JavaFX Application Thread] DEBUG FileSystemAccess     - Writing to: /Users/ajaxestela/IdeaProjects/GitSomeSleep/system/fxgl.bundle
13:20:57.025 [JavaFX Application Thread] DEBUG Async                - Shutting down background threads
13:20:57.026 [JavaFX Application Thread] DEBUG PrimaryStageWindow   - Closing main window
13:20:57.036 [JavaFX Application Thread] DEBUG Logger               - Closing Logger
