23:48:00.829 [main                     ] DEBUG Logger               - Configured Logger
23:48:00.839 [main                     ] DEBUG GameApplication      - Logging settings
Title: Game App
Version: 0.1
Width: 1280
Height: 720
Fullscreen: false
Intro: false
Profiling: false
Single step:false
App Mode: DEVELOPER
Menu Key: ESCAPE
Stage Style: DECORATED
Scene Factory: class com.almasb.fxgl.app.scene.SceneFactory

23:48:01.546 [JavaFX Application Thread] DEBUG FXGLApplication      - Initializing FXGL
23:48:01.548 [JavaFX Application Thread] INFO  Engine               - FXGL-21.1 (27.03.2024 07.52) on MAC (J:23.0.2 FX:22.0.1)
23:48:01.548 [JavaFX Application Thread] DEBUG Engine               - JRE Vendor Name: Homebrew
23:48:01.548 [JavaFX Application Thread] DEBUG Engine               - Running on OS: Mac OS X version 15.3.2
23:48:01.548 [JavaFX Application Thread] DEBUG Engine               - Architecture: aarch64
23:48:01.548 [JavaFX Application Thread] INFO  Engine               - Source code and latest versions at: https://github.com/AlmasB/FXGL
23:48:01.549 [JavaFX Application Thread] INFO  Engine               -       Ask questions and discuss at: https://github.com/AlmasB/FXGL/discussions
23:48:01.549 [JavaFX Application Thread] INFO  Engine               -              Join the FXGL chat at: https://gitter.im/AlmasB/FXGL
23:48:01.589 [JavaFX Application Thread] DEBUG PrimaryStageWindow   - Creating a JavaFX scene
23:48:01.607 [JavaFX Application Thread] DEBUG PrimaryStageWindow   - Target settings size: 1280.0 x 720.0
23:48:01.607 [JavaFX Application Thread] DEBUG PrimaryStageWindow   - Scaled scene size:    1280.0 x 720.0
23:48:01.607 [JavaFX Application Thread] DEBUG PrimaryStageWindow   - Scaled ratio: (1.0, 1.0)
23:48:01.608 [JavaFX Application Thread] DEBUG PrimaryStageWindow   - Set initial scene to FXGLStartupScene
23:48:01.609 [JavaFX Application Thread] DEBUG PrimaryStageWindow   - Opening main window
23:48:01.697 [JavaFX Application Thread] DEBUG PrimaryStageWindow   - Window border size: (0.0, 28.0)
23:48:01.697 [JavaFX Application Thread] DEBUG PrimaryStageWindow   - Scaled size: 1280.0 x 720.0
23:48:01.697 [JavaFX Application Thread] DEBUG PrimaryStageWindow   - Scaled ratio: (1.0, 1.0)
23:48:01.697 [JavaFX Application Thread] DEBUG PrimaryStageWindow   - Scene size: 1280.0 x 720.0
23:48:01.697 [JavaFX Application Thread] DEBUG PrimaryStageWindow   - Stage size: 1280.0 x 748.0
23:48:01.701 [FXGL Background Thread 1 ] DEBUG Engine               - Initializing environment variables
23:48:01.734 [FXGL Background Thread 1 ] DEBUG FXGLAssetLoaderServi - User app class for loading assets: class org.example.capstonee.GameApp
23:48:01.734 [FXGL Background Thread 1 ] DEBUG GameApplicationServi - Applying CSS: fxgl_dark.css
23:48:01.734 [FXGL Background Thread 1 ] DEBUG FXGLAssetLoaderServi - Loading from file system: jar:file:///Users/ajaxestela/.m2/repository/com/github/almasb/fxgl/21.1/fxgl-21.1.jar!/fxglassets/ui/css/fxgl_dark.css
23:48:01.758 [FXGL Background Thread 1 ] DEBUG GameApplicationServi - Initializing application scenes
23:48:02.117 [FXGL Background Thread 1 ] DEBUG GameWorld            - Game world initialized
23:48:02.180 [FXGL Background Thread 1 ] DEBUG PhysicsWorld         - Physics world initialized: appHeight=720, physics.ppm=50.0
23:48:02.181 [FXGL Background Thread 1 ] DEBUG PhysicsWorld         - Using strategy: BRUTE_FORCE
23:48:02.183 [FXGL Background Thread 1 ] DEBUG GameScene            - Game scene initialized: 1280x720
23:48:02.190 [FXGL Background Thread 1 ] DEBUG FXGL.DefaultMenu     - createMenuBodyGameMenu()
23:48:02.201 [FXGL Background Thread 1 ] DEBUG FXGL.DefaultMenu     - createOptionsMenu()
23:48:02.206 [FXGL Background Thread 1 ] DEBUG FXGLAssetLoaderServi - Loading from file system: jar:file:///Users/ajaxestela/.m2/repository/com/github/almasb/fxgl/21.1/fxgl-21.1.jar!/fxglassets/textures/particles/smoke.png
23:48:02.258 [FXGL Background Thread 1 ] DEBUG FXGLAssetLoaderServi - Loading from file system: jar:file:///Users/ajaxestela/.m2/repository/com/github/almasb/fxgl/21.1/fxgl-21.1.jar!/fxglassets/textures/particles/trace_horizontal.png
23:48:02.269 [FXGL Background Thread 1 ] DEBUG GameApplicationServi - Application scenes initialized
23:48:02.275 [FXGL Background Thread 1 ] DEBUG SystemBundleService  - Loading FXGL system data
23:48:02.279 [FXGL Background Thread 1 ] DEBUG FileSystemAccess     - Reading from: /Users/ajaxestela/IdeaProjects/GitSomeSleep/system/fxgl.bundle
23:48:02.285 [FXGL Background Thread 1 ] DEBUG SystemBundleService  - Bundle FXGL: {}
23:48:02.285 [FXGL Background Thread 1 ] DEBUG UpdaterService       - Checking for updates
23:48:02.287 [FXGL Background Thread 4 ] DEBUG FXGLApplication      - Loading fonts
23:48:02.287 [FXGL Background Thread 4 ] DEBUG FXGLAssetLoaderServi - Loading from file system: jar:file:///Users/ajaxestela/.m2/repository/com/github/almasb/fxgl/21.1/fxgl-21.1.jar!/fxglassets/ui/fonts/VarelaRound-Regular.ttf
23:48:02.288 [FXGL Background Thread 1 ] DEBUG FXGLApplication      - Loading default localization
23:48:02.288 [FXGL Background Thread 1 ] DEBUG FXGLAssetLoaderServi - Loading from file system: jar:file:///Users/ajaxestela/.m2/repository/com/github/almasb/fxgl/21.1/fxgl-21.1.jar!/fxglassets/languages/english.lang
23:48:02.302 [FXGL Background Thread 1 ] INFO  FXGLApplication      - FXGL initialization took: 0.601 sec
23:48:02.307 [JavaFX Application Thread] DEBUG Input                - Registered new binding: Left - A
23:48:02.307 [JavaFX Application Thread] DEBUG Input                - Registered new binding: Right - D
23:48:02.307 [JavaFX Application Thread] DEBUG Input                - Registered new binding: Jump - W
23:48:02.307 [JavaFX Application Thread] DEBUG Input                - Registered new binding: Interact - E
23:48:02.307 [JavaFX Application Thread] DEBUG Input                - Registered new binding: RhythmLane0 - F
23:48:02.307 [JavaFX Application Thread] DEBUG Input                - Registered new binding: RhythmLane1 - G
23:48:02.307 [JavaFX Application Thread] DEBUG Input                - Registered new binding: RhythmLane2 - H
23:48:02.307 [JavaFX Application Thread] DEBUG Input                - Registered new binding: RhythmLane3 - J
23:48:02.308 [JavaFX Application Thread] DEBUG Input                - Registered new binding: RhythmStart - Space
23:48:02.308 [JavaFX Application Thread] DEBUG FXGLAssetLoaderServi - Loading from file system: jar:file:///Users/ajaxestela/.m2/repository/com/github/almasb/fxgl/21.1/fxgl-21.1.jar!/fxglassets/textures/fxgl_icon.png
23:48:02.312 [FXGL Background Thread 4 ] DEBUG FXGLAssetLoaderServi - Loading from file system: jar:file:///Users/ajaxestela/.m2/repository/com/github/almasb/fxgl/21.1/fxgl-21.1.jar!/fxglassets/ui/fonts/Abel-Regular.ttf
23:48:02.318 [FXGL Background Thread 4 ] DEBUG FXGLAssetLoaderServi - Loading from file system: jar:file:///Users/ajaxestela/.m2/repository/com/github/almasb/fxgl/21.1/fxgl-21.1.jar!/fxglassets/ui/fonts/TerminalLandMono-Regular.otf
23:48:02.325 [FXGL Background Thread 4 ] DEBUG FXGLAssetLoaderServi - Loading from file system: jar:file:///Users/ajaxestela/.m2/repository/com/github/almasb/fxgl/21.1/fxgl-21.1.jar!/fxglassets/ui/fonts/Courier-Prime.ttf
23:48:02.331 [JavaFX Application Thread] DEBUG FXGLAssetLoaderServi - Loading from file system: jar:file:///Users/ajaxestela/.m2/repository/com/github/almasb/fxgl/21.1/fxgl-21.1.jar!/fxglassets/textures/fxgl_default_cursor.png
23:48:02.332 [JavaFX Application Thread] DEBUG Input                - Registered new binding: Screenshot - CTRL+8
23:48:02.332 [JavaFX Application Thread] DEBUG Input                - Registered new binding: System info dump - CTRL+9
23:48:02.333 [JavaFX Application Thread] DEBUG Input                - Registered new binding: Restart - CTRL+R
23:48:02.333 [JavaFX Application Thread] DEBUG Input                - Registered new binding: Toggle Debug Camera - CTRL+7
23:48:02.333 [JavaFX Application Thread] DEBUG LoopRunner           - Starting loop
23:48:02.333 [JavaFX Application Thread] DEBUG LoopRunner           - Initializing JavaFX AnimationTimerLoop
23:48:02.334 [JavaFX Application Thread] DEBUG GameApplicationServi - Starting new game
23:48:02.334 [JavaFX Application Thread] DEBUG Input                - Clearing active input actions
23:48:02.339 [JavaFX Application Thread] DEBUG GameApplicationServi - Removing overlay from FXGLStartupScene and adding to FXGLLoadingScene
23:48:02.339 [JavaFX Application Thread] DEBUG PrimaryStageWindow   - FXGLStartupScene -> FXGLLoadingScene
23:48:02.339 [JavaFX Application Thread] DEBUG GameApplicationServi - Clearing previous game
23:48:02.339 [JavaFX Application Thread] DEBUG GameScene            - Clearing game scene
23:48:02.339 [JavaFX Application Thread] DEBUG GameWorld            - Clearing game world
23:48:02.339 [JavaFX Application Thread] DEBUG PhysicsWorld         - Clearing physics world
23:48:02.339 [FXGL Background Thread 4 ] DEBUG FXGLApplication      - Initializing game
23:48:02.374 [JavaFX Application Thread] DEBUG FXGLApplication      - Registering font factories with UI factory
23:48:02.401 [FXGL Background Thread 4 ] WARN  TMXLevelLoader       - TiledMap generated from 1.11.0. Supported version: 1.9.0. Some features may not be parsed fully.
23:48:02.404 [FXGL Background Thread 4 ] DEBUG TMXLevelLoader       - Parsed TiledMap: file:/Users/ajaxestela/IdeaProjects/GitSomeSleep/Capstonee/target/classes/assets/levels/tmx/test.tmx
23:48:02.405 [FXGL Background Thread 4 ] DEBUG TMXLevelLoader       - Creating tile layer entities
23:48:02.405 [FXGL Background Thread 4 ] DEBUG TilesetLoader        - Loading view for layer Tile Layer 1
23:48:02.405 [FXGL Background Thread 4 ] DEBUG TilesetLoader        - Created buffer with size 320.0x320.0
23:48:02.411 [FXGL Background Thread 4 ] DEBUG TMXLevelLoader       - Creating object layer entities
23:48:02.423 [FXGL Background Thread 4 ] DEBUG GameWorld            - Clearing removable entities
23:48:02.423 [FXGL Background Thread 4 ] DEBUG GameWorld            - Setting level: com.almasb.fxgl.entity.level.Level@3d63bc9c
23:48:02.428 [FXGL Background Thread 4 ] WARN  FXGLAssetLoaderServi - Asset "/assets/textures/player.png" was not found!
23:48:02.429 [FXGL Background Thread 4 ] WARN  FXGLAssetLoaderServi - Failed to load IMAGE
23:48:02.480 [FXGL Background Thread 4 ] DEBUG FXGLAssetLoaderServi - Loading from file system: file:/Users/ajaxestela/IdeaProjects/GitSomeSleep/Capstonee/target/classes/assets/textures/background/bruh.jpg
23:48:02.521 [FXGL Background Thread 4 ] INFO  FXGLApplication      - Game initialization took: 0.181 sec
23:48:02.521 [JavaFX Application Thread] DEBUG Input                - Clearing active input actions
23:48:02.527 [JavaFX Application Thread] DEBUG GameApplicationServi - Removing overlay from FXGLLoadingScene and adding to GameScene
23:48:02.527 [JavaFX Application Thread] DEBUG PrimaryStageWindow   - FXGLLoadingScene -> GameScene
23:48:05.291 [FXGL Background Thread 3 ] DEBUG Engine               - Logging environment variables
23:48:05.293 [FXGL Background Thread 3 ] DEBUG Engine               - achievements: []
23:48:05.293 [FXGL Background Thread 3 ] DEBUG Engine               - actualHeight: 720.0
23:48:05.293 [FXGL Background Thread 3 ] DEBUG Engine               - actualHeightProperty: ReadOnlyDoubleProperty [value: 720.0]
23:48:05.293 [FXGL Background Thread 3 ] DEBUG Engine               - actualWidth: 1280.0
23:48:05.294 [FXGL Background Thread 3 ] DEBUG Engine               - actualWidthProperty: ReadOnlyDoubleProperty [value: 1280.0]
23:48:05.294 [FXGL Background Thread 3 ] DEBUG Engine               - appIcon: fxgl_icon.png
23:48:05.294 [FXGL Background Thread 3 ] DEBUG Engine               - applicationMode: DEVELOPER
23:48:05.294 [FXGL Background Thread 3 ] DEBUG Engine               - cSSList: [fxgl_dark.css]
23:48:05.294 [FXGL Background Thread 3 ] DEBUG Engine               - collisionDetectionStrategy: BRUTE_FORCE
23:48:05.294 [FXGL Background Thread 3 ] DEBUG Engine               - configClass: Optional.empty
23:48:05.294 [FXGL Background Thread 3 ] DEBUG Engine               - credits: []
23:48:05.295 [FXGL Background Thread 3 ] DEBUG Engine               - defaultCursor: CursorInfo(imageName=fxgl_default_cursor.png, hotspotX=7.0, hotspotY=6.0)
23:48:05.295 [FXGL Background Thread 3 ] DEBUG Engine               - devBBoxColorProperty: ObjectProperty [value: 0xff0000ff]
23:48:05.295 [FXGL Background Thread 3 ] DEBUG Engine               - devEnableDebugCameraProperty: BooleanProperty [value: false]
23:48:05.295 [FXGL Background Thread 3 ] DEBUG Engine               - devSensorColorProperty: ObjectProperty [value: 0xffff00ff]
23:48:05.295 [FXGL Background Thread 3 ] DEBUG Engine               - devShowBBoxProperty: BooleanProperty [value: false]
23:48:05.295 [FXGL Background Thread 3 ] DEBUG Engine               - devShowPositionProperty: BooleanProperty [value: false]
23:48:05.295 [FXGL Background Thread 3 ] DEBUG Engine               - enabledMenuItems: []
23:48:05.295 [FXGL Background Thread 3 ] DEBUG Engine               - engineServices: [class com.almasb.fxgl.app.services.FXGLAssetLoaderService, class com.almasb.fxgl.app.FXGLApplication$GameApplicationService, class com.almasb.fxgl.app.services.FXGLDialogService, class com.almasb.fxgl.app.services.IOTaskExecutorService, class com.almasb.fxgl.io.FileSystemService, class com.almasb.fxgl.localization.LocalizationService, class com.almasb.fxgl.app.services.SystemBundleService, class com.almasb.fxgl.profile.SaveLoadService, class com.almasb.fxgl.ui.FXGLUIFactoryServiceProvider, class com.almasb.fxgl.ui.FXGLDialogFactoryServiceProvider, class com.almasb.fxgl.audio.AudioPlayer, class com.almasb.fxgl.notification.impl.NotificationServiceProvider, class com.almasb.fxgl.achievement.AchievementService, class com.almasb.fxgl.cutscene.CutsceneService, class com.almasb.fxgl.minigames.MiniGameService, class com.almasb.fxgl.net.NetService, class com.almasb.fxgl.app.services.UpdaterService, class com.almasb.fxgl.dev.DevService]
23:48:05.295 [FXGL Background Thread 3 ] DEBUG Engine               - fontGame: Abel-Regular.ttf
23:48:05.296 [FXGL Background Thread 3 ] DEBUG Engine               - fontMono: TerminalLandMono-Regular.otf
23:48:05.296 [FXGL Background Thread 3 ] DEBUG Engine               - fontSizeScaleUI: 1.0
23:48:05.296 [FXGL Background Thread 3 ] DEBUG Engine               - fontText: Courier-Prime.ttf
23:48:05.296 [FXGL Background Thread 3 ] DEBUG Engine               - fontUI: VarelaRound-Regular.ttf
23:48:05.296 [FXGL Background Thread 3 ] DEBUG Engine               - fullScreen: BooleanProperty [value: false]
23:48:05.296 [FXGL Background Thread 3 ] DEBUG Engine               - gameDifficulty: MEDIUM
23:48:05.296 [FXGL Background Thread 3 ] DEBUG Engine               - gameDifficultyProperty: ObjectProperty [value: MEDIUM]
23:48:05.296 [FXGL Background Thread 3 ] DEBUG Engine               - globalMusicVolume: 0.5
23:48:05.296 [FXGL Background Thread 3 ] DEBUG Engine               - globalMusicVolumeProperty: DoubleProperty [value: 0.5]
23:48:05.296 [FXGL Background Thread 3 ] DEBUG Engine               - globalSoundVolume: 0.5
23:48:05.296 [FXGL Background Thread 3 ] DEBUG Engine               - globalSoundVolumeProperty: DoubleProperty [value: 0.5]
23:48:05.296 [FXGL Background Thread 3 ] DEBUG Engine               - height: 720
23:48:05.296 [FXGL Background Thread 3 ] DEBUG Engine               - is3D: false
23:48:05.296 [FXGL Background Thread 3 ] DEBUG Engine               - isAndroid: false
23:48:05.296 [FXGL Background Thread 3 ] DEBUG Engine               - isBrowser: false
23:48:05.296 [FXGL Background Thread 3 ] DEBUG Engine               - isClickFeedbackEnabled: false
23:48:05.296 [FXGL Background Thread 3 ] DEBUG Engine               - isCloseConfirmation: false
23:48:05.297 [FXGL Background Thread 3 ] DEBUG Engine               - isDesktop: true
23:48:05.297 [FXGL Background Thread 3 ] DEBUG Engine               - isDeveloperMenuEnabled: false
23:48:05.297 [FXGL Background Thread 3 ] DEBUG Engine               - isEmbedded: false
23:48:05.297 [FXGL Background Thread 3 ] DEBUG Engine               - isEntityPreloadEnabled: true
23:48:05.297 [FXGL Background Thread 3 ] DEBUG Engine               - isExperimentalTiledLargeMap: false
23:48:05.297 [FXGL Background Thread 3 ] DEBUG Engine               - isFileSystemWriteAllowed: true
23:48:05.297 [FXGL Background Thread 3 ] DEBUG Engine               - isFullScreenAllowed: false
23:48:05.297 [FXGL Background Thread 3 ] DEBUG Engine               - isFullScreenFromStart: false
23:48:05.297 [FXGL Background Thread 3 ] DEBUG Engine               - isGameMenuEnabled: true
23:48:05.297 [FXGL Background Thread 3 ] DEBUG Engine               - isIOS: false
23:48:05.297 [FXGL Background Thread 3 ] DEBUG Engine               - isIntroEnabled: false
23:48:05.297 [FXGL Background Thread 3 ] DEBUG Engine               - isLinux: false
23:48:05.297 [FXGL Background Thread 3 ] DEBUG Engine               - isMac: true
23:48:05.297 [FXGL Background Thread 3 ] DEBUG Engine               - isMainMenuEnabled: false
23:48:05.297 [FXGL Background Thread 3 ] DEBUG Engine               - isManualResizeEnabled: false
23:48:05.298 [FXGL Background Thread 3 ] DEBUG Engine               - isMobile: false
23:48:05.298 [FXGL Background Thread 3 ] DEBUG Engine               - isNative: false
23:48:05.298 [FXGL Background Thread 3 ] DEBUG Engine               - isPauseMusicWhenMinimized: true
23:48:05.298 [FXGL Background Thread 3 ] DEBUG Engine               - isPreserveResizeRatio: false
23:48:05.298 [FXGL Background Thread 3 ] DEBUG Engine               - isProfilingEnabled: false
23:48:05.298 [FXGL Background Thread 3 ] DEBUG Engine               - isScaleAffectedOnResize: true
23:48:05.298 [FXGL Background Thread 3 ] DEBUG Engine               - isSingleStep: false
23:48:05.298 [FXGL Background Thread 3 ] DEBUG Engine               - isUserProfileEnabled: false
23:48:05.298 [FXGL Background Thread 3 ] DEBUG Engine               - isWindows: false
23:48:05.298 [FXGL Background Thread 3 ] DEBUG Engine               - language: ObjectProperty [value: ENGLISH]
23:48:05.298 [FXGL Background Thread 3 ] DEBUG Engine               - menuKey: ESCAPE
23:48:05.298 [FXGL Background Thread 3 ] DEBUG Engine               - mouseSensitivity: 0.2
23:48:05.298 [FXGL Background Thread 3 ] DEBUG Engine               - notificationViewClass: class com.almasb.fxgl.notification.view.XboxNotificationView
23:48:05.298 [FXGL Background Thread 3 ] DEBUG Engine               - pixelsPerMeter: 50.0
23:48:05.298 [FXGL Background Thread 3 ] DEBUG Engine               - platform: MAC
23:48:05.298 [FXGL Background Thread 3 ] DEBUG Engine               - prefHeightProperty: ReadOnlyDoubleProperty [value: 720.0]
23:48:05.298 [FXGL Background Thread 3 ] DEBUG Engine               - prefWidthProperty: ReadOnlyDoubleProperty [value: 1280.0]
23:48:05.298 [FXGL Background Thread 3 ] DEBUG Engine               - profileDir: profiles/
23:48:05.298 [FXGL Background Thread 3 ] DEBUG Engine               - profileName: StringProperty [value: DEFAULT]
23:48:05.299 [FXGL Background Thread 3 ] DEBUG Engine               - randomSeed: -1
23:48:05.299 [FXGL Background Thread 3 ] DEBUG Engine               - runtimeInfo: RuntimeInfo(platform=MAC, version=21.1, build=27.03.2024 07.52)
23:48:05.299 [FXGL Background Thread 3 ] DEBUG Engine               - saveFileExt: sav
23:48:05.299 [FXGL Background Thread 3 ] DEBUG Engine               - scaledHeightProp$fxgl: DoubleProperty [bound, value: 720.0]
23:48:05.299 [FXGL Background Thread 3 ] DEBUG Engine               - scaledWidthProp$fxgl: DoubleProperty [bound, value: 1280.0]
23:48:05.300 [FXGL Background Thread 3 ] DEBUG Engine               - sceneFactory: com.almasb.fxgl.app.scene.SceneFactory@4cf03da9
23:48:05.300 [FXGL Background Thread 3 ] DEBUG Engine               - secondsIn24h: 60
23:48:05.300 [FXGL Background Thread 3 ] DEBUG Engine               - soundMenuBack: menu/back.wav
23:48:05.300 [FXGL Background Thread 3 ] DEBUG Engine               - soundMenuPress: menu/press.wav
23:48:05.300 [FXGL Background Thread 3 ] DEBUG Engine               - soundMenuSelect: menu/select.wav
23:48:05.300 [FXGL Background Thread 3 ] DEBUG Engine               - soundNotification: core/notification.wav
23:48:05.300 [FXGL Background Thread 3 ] DEBUG Engine               - stageStyle: DECORATED
23:48:05.300 [FXGL Background Thread 3 ] DEBUG Engine               - supportedLanguages: [ENGLISH, FRENCH, GERMAN, HUNGARIAN, RUSSIAN]
23:48:05.300 [FXGL Background Thread 3 ] DEBUG Engine               - ticksPerSecond: -1
23:48:05.300 [FXGL Background Thread 3 ] DEBUG Engine               - title: Game App
23:48:05.300 [FXGL Background Thread 3 ] DEBUG Engine               - urlGithub: https://github.com/AlmasB/FXGL
23:48:05.300 [FXGL Background Thread 3 ] DEBUG Engine               - urlLeaderboard: http://fxgl-top.herokuapp.com/
23:48:05.300 [FXGL Background Thread 3 ] DEBUG Engine               - urlPOM: https://raw.githubusercontent.com/AlmasB/FXGL/release/README.md
23:48:05.300 [FXGL Background Thread 3 ] DEBUG Engine               - userAppClass: class org.example.capstonee.GameApp
23:48:05.300 [FXGL Background Thread 3 ] DEBUG Engine               - version: 0.1
23:48:05.300 [FXGL Background Thread 3 ] DEBUG Engine               - versionCheckDays: 7
23:48:05.300 [FXGL Background Thread 3 ] DEBUG Engine               - width: 1280
23:48:05.300 [FXGL Background Thread 3 ] DEBUG Engine               - Logging services
23:48:05.300 [FXGL Background Thread 3 ] DEBUG Engine               - class com.almasb.fxgl.app.services.FXGLAssetLoaderService
23:48:05.300 [FXGL Background Thread 3 ] DEBUG Engine               - class com.almasb.fxgl.app.FXGLApplication$GameApplicationService
23:48:05.301 [FXGL Background Thread 3 ] DEBUG Engine               - class com.almasb.fxgl.app.services.FXGLDialogService
23:48:05.301 [FXGL Background Thread 3 ] DEBUG Engine               - class com.almasb.fxgl.app.services.IOTaskExecutorService
23:48:05.301 [FXGL Background Thread 3 ] DEBUG Engine               - class com.almasb.fxgl.io.FileSystemService
23:48:05.301 [FXGL Background Thread 3 ] DEBUG Engine               - class com.almasb.fxgl.localization.LocalizationService
23:48:05.301 [FXGL Background Thread 3 ] DEBUG Engine               - class com.almasb.fxgl.app.services.SystemBundleService
23:48:05.301 [FXGL Background Thread 3 ] DEBUG Engine               - class com.almasb.fxgl.profile.SaveLoadService
23:48:05.301 [FXGL Background Thread 3 ] DEBUG Engine               - class com.almasb.fxgl.ui.FXGLUIFactoryServiceProvider
23:48:05.301 [FXGL Background Thread 3 ] DEBUG Engine               - class com.almasb.fxgl.ui.FXGLDialogFactoryServiceProvider
23:48:05.301 [FXGL Background Thread 3 ] DEBUG Engine               - class com.almasb.fxgl.audio.AudioPlayer
23:48:05.301 [FXGL Background Thread 3 ] DEBUG Engine               - class com.almasb.fxgl.notification.impl.NotificationServiceProvider
23:48:05.301 [FXGL Background Thread 3 ] DEBUG Engine               - class com.almasb.fxgl.achievement.AchievementService
23:48:05.301 [FXGL Background Thread 3 ] DEBUG Engine               - class com.almasb.fxgl.cutscene.CutsceneService
23:48:05.301 [FXGL Background Thread 3 ] DEBUG Engine               - class com.almasb.fxgl.minigames.MiniGameService
23:48:05.301 [FXGL Background Thread 3 ] DEBUG Engine               - class com.almasb.fxgl.net.NetService
23:48:05.301 [FXGL Background Thread 3 ] DEBUG Engine               - class com.almasb.fxgl.app.services.UpdaterService
23:48:05.301 [FXGL Background Thread 3 ] DEBUG Engine               - class com.almasb.fxgl.dev.DevService
23:48:07.301 [JavaFX Application Thread] WARN  FXGLAssetLoaderServi - Asset "/assets/sounds/sounds/hit.wav" was not found!
23:48:07.301 [JavaFX Application Thread] WARN  FXGLAssetLoaderServi - Failed to load SOUND
23:48:07.303 [JavaFX Application Thread] WARN  FXGLAssetLoaderServi - Asset "/assets/sounds/sounds/miss.wav" was not found!
23:48:07.303 [JavaFX Application Thread] WARN  FXGLAssetLoaderServi - Failed to load SOUND
23:48:07.303 [JavaFX Application Thread] WARN  FXGLAssetLoaderServi - Asset "/assets/music/music/songs/desperato.mp3" was not found!
23:48:07.304 [JavaFX Application Thread] WARN  FXGLAssetLoaderServi - Failed to load MUSIC
23:48:07.929 [JavaFX Application Thread] DEBUG AudioPlayer          - Playing music com.almasb.fxgl.audio.Music@690d57b0
23:48:07.930 [JavaFX Application Thread] DEBUG AudioPlayer          - Playing music com.almasb.fxgl.audio.Music@690d57b0
23:48:35.677 [JavaFX Application Thread] DEBUG FXGLApplication      - Exiting FXGL
23:48:35.677 [JavaFX Application Thread] DEBUG LoopRunner           - Stopping loop
23:48:35.678 [JavaFX Application Thread] DEBUG SystemBundleService  - Saving FXGL system data
23:48:35.680 [JavaFX Application Thread] DEBUG FileSystemAccess     - Writing to: /Users/ajaxestela/IdeaProjects/GitSomeSleep/system/fxgl.bundle
23:48:35.681 [JavaFX Application Thread] DEBUG Async                - Shutting down background threads
23:48:35.682 [JavaFX Application Thread] DEBUG PrimaryStageWindow   - Closing main window
23:48:35.693 [JavaFX Application Thread] DEBUG Logger               - Closing Logger
