08:56:36.552 [main                     ] DEBUG Logger               - Configured Logger
08:56:36.572 [main                     ] DEBUG GameApplication      - Logging settings
Title: Platformer with Rhythm
Version: 0.2
Width: 1280
Height: 720
Fullscreen: false
Intro: false
Profiling: false
Single step:false
App Mode: DEVELOPER
Menu Key: ESCAPE
Stage Style: DECORATED
Scene Factory: class com.almasb.fxgl.app.scene.SceneFactory

08:56:36.836 [JavaFX Application Thread] DEBUG FXGLApplication      - Initializing FXGL
08:56:36.840 [JavaFX Application Thread] INFO  Engine               - FXGL-21.1 (27.03.2024 07.52) on WINDOWS (J:23 FX:22.0.1)
08:56:36.840 [JavaFX Application Thread] DEBUG Engine               - JRE Vendor Name: Oracle Corporation
08:56:36.840 [JavaFX Application Thread] DEBUG Engine               - Running on OS: Windows 10 version 10.0
08:56:36.840 [JavaFX Application Thread] DEBUG Engine               - Architecture: amd64
08:56:36.840 [JavaFX Application Thread] INFO  Engine               - Source code and latest versions at: https://github.com/AlmasB/FXGL
08:56:36.840 [JavaFX Application Thread] INFO  Engine               -       Ask questions and discuss at: https://github.com/AlmasB/FXGL/discussions
08:56:36.840 [JavaFX Application Thread] INFO  Engine               -              Join the FXGL chat at: https://gitter.im/AlmasB/FXGL
08:56:36.914 [JavaFX Application Thread] DEBUG PrimaryStageWindow   - Creating a JavaFX scene
08:56:36.959 [JavaFX Application Thread] DEBUG PrimaryStageWindow   - Target settings size: 1280.0 x 720.0
08:56:36.959 [JavaFX Application Thread] DEBUG PrimaryStageWindow   - Scaled scene size:    1280.0 x 720.0
08:56:36.960 [JavaFX Application Thread] DEBUG PrimaryStageWindow   - Scaled ratio: (1.0, 1.0)
08:56:36.960 [JavaFX Application Thread] DEBUG PrimaryStageWindow   - Set initial scene to FXGLStartupScene
08:56:36.962 [JavaFX Application Thread] DEBUG PrimaryStageWindow   - Opening main window
08:56:37.195 [JavaFX Application Thread] DEBUG PrimaryStageWindow   - Window border size: (16.0, 39.0)
08:56:37.195 [JavaFX Application Thread] DEBUG PrimaryStageWindow   - Scaled size: 1280.0 x 720.0
08:56:37.195 [JavaFX Application Thread] DEBUG PrimaryStageWindow   - Scaled ratio: (1.0, 1.0)
08:56:37.196 [JavaFX Application Thread] DEBUG PrimaryStageWindow   - Scene size: 1280.0 x 720.0
08:56:37.196 [JavaFX Application Thread] DEBUG PrimaryStageWindow   - Stage size: 1296.0 x 759.0
08:56:37.208 [FXGL Background Thread 1 ] DEBUG Engine               - Initializing environment variables
08:56:37.307 [FXGL Background Thread 1 ] DEBUG FXGLAssetLoaderServi - User app class for loading assets: class org.example.capstonee.GameApp
08:56:37.307 [FXGL Background Thread 1 ] DEBUG GameApplicationServi - Applying CSS: fxgl_dark.css
08:56:37.309 [FXGL Background Thread 1 ] DEBUG FXGLAssetLoaderServi - Loading from file system: jar:file:///C:/Users/Admin/.m2/repository/com/github/almasb/fxgl/21.1/fxgl-21.1.jar!/fxglassets/ui/css/fxgl_dark.css
08:56:37.357 [FXGL Background Thread 1 ] DEBUG GameApplicationServi - Initializing application scenes
08:56:37.403 [FXGL Background Thread 1 ] DEBUG GameWorld            - Game world initialized
08:56:37.475 [FXGL Background Thread 1 ] DEBUG PhysicsWorld         - Physics world initialized: appHeight=720, physics.ppm=50.0
08:56:37.475 [FXGL Background Thread 1 ] DEBUG PhysicsWorld         - Using strategy: BRUTE_FORCE
08:56:37.478 [FXGL Background Thread 1 ] DEBUG GameScene            - Game scene initialized: 1280x720
08:56:37.492 [FXGL Background Thread 1 ] DEBUG FXGL.DefaultMenu     - createMenuBodyMainMenu()
08:56:37.503 [FXGL Background Thread 1 ] DEBUG FXGL.DefaultMenu     - createOptionsMenu()
08:56:37.511 [FXGL Background Thread 1 ] DEBUG FXGLAssetLoaderServi - Loading from file system: jar:file:///C:/Users/Admin/.m2/repository/com/github/almasb/fxgl/21.1/fxgl-21.1.jar!/fxglassets/textures/particles/smoke.png
08:56:37.580 [FXGL Background Thread 1 ] DEBUG FXGLAssetLoaderServi - Loading from file system: jar:file:///C:/Users/Admin/.m2/repository/com/github/almasb/fxgl/21.1/fxgl-21.1.jar!/fxglassets/textures/particles/trace_horizontal.png
08:56:37.601 [FXGL Background Thread 1 ] DEBUG FXGL.DefaultMenu     - createMenuBodyGameMenu()
08:56:37.601 [FXGL Background Thread 1 ] DEBUG FXGL.DefaultMenu     - createOptionsMenu()
08:56:37.612 [FXGL Background Thread 1 ] DEBUG GameApplicationServi - Application scenes initialized
08:56:37.621 [FXGL Background Thread 1 ] DEBUG SystemBundleService  - Loading FXGL system data
08:56:37.624 [FXGL Background Thread 1 ] DEBUG FileSystemAccess     - Reading from: C:\Users\Admin\IdeaProjects\GitSomeSleep\system\fxgl.bundle
08:56:37.629 [FXGL Background Thread 1 ] DEBUG SystemBundleService  - Bundle FXGL: {}
08:56:37.629 [FXGL Background Thread 1 ] DEBUG UpdaterService       - Checking for updates
08:56:37.635 [FXGL Background Thread 4 ] DEBUG FXGLApplication      - Loading fonts
08:56:37.635 [FXGL Background Thread 1 ] DEBUG FXGLApplication      - Loading default localization
08:56:37.635 [FXGL Background Thread 4 ] DEBUG FXGLAssetLoaderServi - Loading from file system: jar:file:///C:/Users/Admin/.m2/repository/com/github/almasb/fxgl/21.1/fxgl-21.1.jar!/fxglassets/ui/fonts/VarelaRound-Regular.ttf
08:56:37.636 [FXGL Background Thread 1 ] DEBUG FXGLAssetLoaderServi - Loading from file system: jar:file:///C:/Users/Admin/.m2/repository/com/github/almasb/fxgl/21.1/fxgl-21.1.jar!/fxglassets/languages/english.lang
08:56:37.668 [FXGL Background Thread 4 ] DEBUG FXGLAssetLoaderServi - Loading from file system: jar:file:///C:/Users/Admin/.m2/repository/com/github/almasb/fxgl/21.1/fxgl-21.1.jar!/fxglassets/ui/fonts/Abel-Regular.ttf
08:56:37.669 [FXGL Background Thread 1 ] INFO  FXGLApplication      - FXGL initialization took: 0.461 sec
08:56:37.670 [FXGL Background Thread 4 ] DEBUG FXGLAssetLoaderServi - Loading from file system: jar:file:///C:/Users/Admin/.m2/repository/com/github/almasb/fxgl/21.1/fxgl-21.1.jar!/fxglassets/ui/fonts/TerminalLandMono-Regular.otf
08:56:37.673 [FXGL Background Thread 4 ] DEBUG FXGLAssetLoaderServi - Loading from file system: jar:file:///C:/Users/Admin/.m2/repository/com/github/almasb/fxgl/21.1/fxgl-21.1.jar!/fxglassets/ui/fonts/Courier-Prime.ttf
08:56:37.679 [JavaFX Application Thread] DEBUG Input                - Registered new binding: Left - A
08:56:37.679 [JavaFX Application Thread] DEBUG Input                - Registered new binding: Right - D
08:56:37.679 [JavaFX Application Thread] DEBUG Input                - Registered new binding: Jump - W
08:56:37.679 [JavaFX Application Thread] DEBUG Input                - Registered new binding: Interact / Confirm - E
08:56:37.679 [JavaFX Application Thread] DEBUG Input                - Registered new binding: RhythmLane0 - H
08:56:37.679 [JavaFX Application Thread] DEBUG Input                - Registered new binding: RhythmLane1 - J
08:56:37.679 [JavaFX Application Thread] DEBUG Input                - Registered new binding: RhythmLane2 - K
08:56:37.679 [JavaFX Application Thread] DEBUG Input                - Registered new binding: RhythmLane3 - L
08:56:37.680 [JavaFX Application Thread] DEBUG Input                - Registered new binding: RhythmStart - Space
08:56:37.680 [JavaFX Application Thread] DEBUG FXGLAssetLoaderServi - Loading from file system: jar:file:///C:/Users/Admin/.m2/repository/com/github/almasb/fxgl/21.1/fxgl-21.1.jar!/fxglassets/textures/fxgl_icon.png
08:56:37.694 [JavaFX Application Thread] DEBUG FXGLAssetLoaderServi - Loading from file system: jar:file:///C:/Users/Admin/.m2/repository/com/github/almasb/fxgl/21.1/fxgl-21.1.jar!/fxglassets/textures/fxgl_default_cursor.png
08:56:37.695 [JavaFX Application Thread] DEBUG Input                - Registered new binding: Screenshot - CTRL+8
08:56:37.696 [JavaFX Application Thread] DEBUG Input                - Registered new binding: System info dump - CTRL+9
08:56:37.696 [JavaFX Application Thread] DEBUG Input                - Registered new binding: Restart - CTRL+R
08:56:37.696 [JavaFX Application Thread] DEBUG Input                - Registered new binding: Toggle Debug Camera - CTRL+7
08:56:37.698 [JavaFX Application Thread] DEBUG LoopRunner           - Starting loop
08:56:37.699 [JavaFX Application Thread] DEBUG LoopRunner           - Initializing JavaFX AnimationTimerLoop
08:56:37.700 [JavaFX Application Thread] DEBUG Input                - Clearing active input actions
08:56:37.707 [JavaFX Application Thread] DEBUG GameApplicationServi - Removing overlay from FXGLStartupScene and adding to FXGLMainMenuDummyScene
08:56:37.708 [JavaFX Application Thread] DEBUG PrimaryStageWindow   - FXGLStartupScene -> FXGLMainMenuDummyScene
08:56:37.708 [JavaFX Application Thread] DEBUG PrimaryStageWindow   - Push state: FXGLDefaultMenu
08:56:37.714 [JavaFX Application Thread] DEBUG Input                - Clearing active input actions
08:56:37.722 [JavaFX Application Thread] DEBUG GameApplicationServi - Removing overlay from FXGLMainMenuDummyScene and adding to FXGLDefaultMenu
08:56:37.723 [JavaFX Application Thread] DEBUG PrimaryStageWindow   - FXGLMainMenuDummyScene -> FXGLDefaultMenu
08:56:37.723 [JavaFX Application Thread] DEBUG FXGLApplication      - Registering font factories with UI factory
08:56:39.267 [JavaFX Application Thread] DEBUG Menu                 - fireNewGame()
08:56:39.268 [JavaFX Application Thread] DEBUG GameApplicationServi - Starting new game
08:56:39.271 [JavaFX Application Thread] DEBUG PrimaryStageWindow   - Pop state: FXGLDefaultMenu
08:56:39.271 [JavaFX Application Thread] DEBUG Input                - Clearing active input actions
08:56:39.272 [JavaFX Application Thread] DEBUG GameApplicationServi - Removing overlay from FXGLDefaultMenu and adding to FXGLMainMenuDummyScene
08:56:39.273 [JavaFX Application Thread] DEBUG PrimaryStageWindow   - FXGLMainMenuDummyScene <- FXGLDefaultMenu
08:56:39.273 [JavaFX Application Thread] DEBUG Input                - Clearing active input actions
08:56:39.281 [JavaFX Application Thread] DEBUG GameApplicationServi - Removing overlay from FXGLMainMenuDummyScene and adding to FXGLLoadingScene
08:56:39.282 [JavaFX Application Thread] DEBUG PrimaryStageWindow   - FXGLMainMenuDummyScene -> FXGLLoadingScene
08:56:39.282 [JavaFX Application Thread] DEBUG GameApplicationServi - Clearing previous game
08:56:39.282 [JavaFX Application Thread] DEBUG GameScene            - Clearing game scene
08:56:39.282 [JavaFX Application Thread] DEBUG GameWorld            - Clearing game world
08:56:39.282 [JavaFX Application Thread] DEBUG PhysicsWorld         - Clearing physics world
08:56:39.284 [FXGL Background Thread 2 ] DEBUG FXGLApplication      - Initializing game
08:56:39.287 [FXGL Background Thread 2 ] WARN  FXGLAssetLoaderServi - Asset "/assets/sounds/sounds/hit.wav" was not found!
08:56:39.287 [FXGL Background Thread 2 ] WARN  FXGLAssetLoaderServi - Failed to load SOUND
08:56:39.288 [FXGL Background Thread 2 ] WARN  FXGLAssetLoaderServi - Asset "/assets/sounds/sounds/miss.wav" was not found!
08:56:39.288 [FXGL Background Thread 2 ] WARN  FXGLAssetLoaderServi - Failed to load SOUND
08:56:39.370 [FXGL Background Thread 2 ] WARN  TMXLevelLoader       - TiledMap generated from 1.11.0. Supported version: 1.9.0. Some features may not be parsed fully.
08:56:39.377 [FXGL Background Thread 2 ] DEBUG TMXLevelLoader       - Parsed TiledMap: file:/C:/Users/Admin/IdeaProjects/GitSomeSleep/Capstonee/target/classes/assets/levels/tmx/test.tmx
08:56:39.379 [FXGL Background Thread 2 ] DEBUG TMXLevelLoader       - Creating tile layer entities
08:56:39.380 [FXGL Background Thread 2 ] DEBUG TilesetLoader        - Loading view for layer Tile Layer 1
08:56:39.381 [FXGL Background Thread 2 ] DEBUG TilesetLoader        - Created buffer with size 320.0x320.0
08:56:39.392 [FXGL Background Thread 2 ] DEBUG TMXLevelLoader       - Creating object layer entities
08:56:39.414 [FXGL Background Thread 2 ] DEBUG GameWorld            - Clearing removable entities
08:56:39.415 [FXGL Background Thread 2 ] DEBUG GameWorld            - Setting level: com.almasb.fxgl.entity.level.Level@2c8d87ec
08:56:39.423 [FXGL Background Thread 2 ] WARN  FXGLAssetLoaderServi - Asset "/assets/textures/player.png" was not found!
08:56:39.423 [FXGL Background Thread 2 ] WARN  FXGLAssetLoaderServi - Failed to load IMAGE
08:56:39.446 [FXGL Background Thread 2 ] DEBUG FXGLAssetLoaderServi - Loading from file system: file:/C:/Users/Admin/IdeaProjects/GitSomeSleep/Capstonee/target/classes/assets/textures/background/bruh.jpg
08:56:39.469 [FXGL Background Thread 2 ] INFO  FXGLApplication      - Game initialization took: 0.185 sec
08:56:39.475 [JavaFX Application Thread] DEBUG Input                - Clearing active input actions
08:56:39.480 [JavaFX Application Thread] DEBUG GameApplicationServi - Removing overlay from FXGLLoadingScene and adding to GameScene
08:56:39.480 [JavaFX Application Thread] DEBUG PrimaryStageWindow   - FXGLLoadingScene -> GameScene
08:56:40.632 [FXGL Background Thread 3 ] DEBUG Engine               - Logging environment variables
08:56:40.634 [FXGL Background Thread 3 ] DEBUG Engine               - achievements: []
08:56:40.634 [FXGL Background Thread 3 ] DEBUG Engine               - actualHeight: 720.0
08:56:40.634 [FXGL Background Thread 3 ] DEBUG Engine               - actualHeightProperty: ReadOnlyDoubleProperty [value: 720.0]
08:56:40.634 [FXGL Background Thread 3 ] DEBUG Engine               - actualWidth: 1280.0
08:56:40.634 [FXGL Background Thread 3 ] DEBUG Engine               - actualWidthProperty: ReadOnlyDoubleProperty [value: 1280.0]
08:56:40.634 [FXGL Background Thread 3 ] DEBUG Engine               - appIcon: fxgl_icon.png
08:56:40.634 [FXGL Background Thread 3 ] DEBUG Engine               - applicationMode: DEVELOPER
08:56:40.634 [FXGL Background Thread 3 ] DEBUG Engine               - cSSList: [fxgl_dark.css]
08:56:40.634 [FXGL Background Thread 3 ] DEBUG Engine               - collisionDetectionStrategy: BRUTE_FORCE
08:56:40.635 [FXGL Background Thread 3 ] DEBUG Engine               - configClass: Optional.empty
08:56:40.635 [FXGL Background Thread 3 ] DEBUG Engine               - credits: []
08:56:40.635 [FXGL Background Thread 3 ] DEBUG Engine               - defaultCursor: CursorInfo(imageName=fxgl_default_cursor.png, hotspotX=7.0, hotspotY=6.0)
08:56:40.635 [FXGL Background Thread 3 ] DEBUG Engine               - devBBoxColorProperty: ObjectProperty [value: 0xff0000ff]
08:56:40.635 [FXGL Background Thread 3 ] DEBUG Engine               - devEnableDebugCameraProperty: BooleanProperty [value: false]
08:56:40.635 [FXGL Background Thread 3 ] DEBUG Engine               - devSensorColorProperty: ObjectProperty [value: 0xffff00ff]
08:56:40.635 [FXGL Background Thread 3 ] DEBUG Engine               - devShowBBoxProperty: BooleanProperty [value: false]
08:56:40.635 [FXGL Background Thread 3 ] DEBUG Engine               - devShowPositionProperty: BooleanProperty [value: false]
08:56:40.636 [FXGL Background Thread 3 ] DEBUG Engine               - enabledMenuItems: []
08:56:40.636 [FXGL Background Thread 3 ] DEBUG Engine               - engineServices: [class com.almasb.fxgl.app.services.FXGLAssetLoaderService, class com.almasb.fxgl.app.FXGLApplication$GameApplicationService, class com.almasb.fxgl.app.services.FXGLDialogService, class com.almasb.fxgl.app.services.IOTaskExecutorService, class com.almasb.fxgl.io.FileSystemService, class com.almasb.fxgl.localization.LocalizationService, class com.almasb.fxgl.app.services.SystemBundleService, class com.almasb.fxgl.profile.SaveLoadService, class com.almasb.fxgl.ui.FXGLUIFactoryServiceProvider, class com.almasb.fxgl.ui.FXGLDialogFactoryServiceProvider, class com.almasb.fxgl.audio.AudioPlayer, class com.almasb.fxgl.notification.impl.NotificationServiceProvider, class com.almasb.fxgl.achievement.AchievementService, class com.almasb.fxgl.cutscene.CutsceneService, class com.almasb.fxgl.minigames.MiniGameService, class com.almasb.fxgl.net.NetService, class com.almasb.fxgl.app.services.UpdaterService, class com.almasb.fxgl.dev.DevService]
08:56:40.636 [FXGL Background Thread 3 ] DEBUG Engine               - fontGame: Abel-Regular.ttf
08:56:40.636 [FXGL Background Thread 3 ] DEBUG Engine               - fontMono: TerminalLandMono-Regular.otf
08:56:40.636 [FXGL Background Thread 3 ] DEBUG Engine               - fontSizeScaleUI: 1.0
08:56:40.636 [FXGL Background Thread 3 ] DEBUG Engine               - fontText: Courier-Prime.ttf
08:56:40.636 [FXGL Background Thread 3 ] DEBUG Engine               - fontUI: VarelaRound-Regular.ttf
08:56:40.636 [FXGL Background Thread 3 ] DEBUG Engine               - fullScreen: BooleanProperty [value: false]
08:56:40.636 [FXGL Background Thread 3 ] DEBUG Engine               - gameDifficulty: MEDIUM
08:56:40.636 [FXGL Background Thread 3 ] DEBUG Engine               - gameDifficultyProperty: ObjectProperty [value: MEDIUM]
08:56:40.636 [FXGL Background Thread 3 ] DEBUG Engine               - globalMusicVolume: 0.5
08:56:40.636 [FXGL Background Thread 3 ] DEBUG Engine               - globalMusicVolumeProperty: DoubleProperty [value: 0.5]
08:56:40.636 [FXGL Background Thread 3 ] DEBUG Engine               - globalSoundVolume: 0.5
08:56:40.636 [FXGL Background Thread 3 ] DEBUG Engine               - globalSoundVolumeProperty: DoubleProperty [value: 0.5]
08:56:40.637 [FXGL Background Thread 3 ] DEBUG Engine               - height: 720
08:56:40.637 [FXGL Background Thread 3 ] DEBUG Engine               - is3D: false
08:56:40.637 [FXGL Background Thread 3 ] DEBUG Engine               - isAndroid: false
08:56:40.637 [FXGL Background Thread 3 ] DEBUG Engine               - isBrowser: false
08:56:40.637 [FXGL Background Thread 3 ] DEBUG Engine               - isClickFeedbackEnabled: false
08:56:40.637 [FXGL Background Thread 3 ] DEBUG Engine               - isCloseConfirmation: false
08:56:40.637 [FXGL Background Thread 3 ] DEBUG Engine               - isDesktop: true
08:56:40.637 [FXGL Background Thread 3 ] DEBUG Engine               - isDeveloperMenuEnabled: false
08:56:40.637 [FXGL Background Thread 3 ] DEBUG Engine               - isEmbedded: false
08:56:40.637 [FXGL Background Thread 3 ] DEBUG Engine               - isEntityPreloadEnabled: true
08:56:40.637 [FXGL Background Thread 3 ] DEBUG Engine               - isExperimentalTiledLargeMap: false
08:56:40.637 [FXGL Background Thread 3 ] DEBUG Engine               - isFileSystemWriteAllowed: true
08:56:40.637 [FXGL Background Thread 3 ] DEBUG Engine               - isFullScreenAllowed: false
08:56:40.637 [FXGL Background Thread 3 ] DEBUG Engine               - isFullScreenFromStart: false
08:56:40.637 [FXGL Background Thread 3 ] DEBUG Engine               - isGameMenuEnabled: true
08:56:40.637 [FXGL Background Thread 3 ] DEBUG Engine               - isIOS: false
08:56:40.637 [FXGL Background Thread 3 ] DEBUG Engine               - isIntroEnabled: false
08:56:40.637 [FXGL Background Thread 3 ] DEBUG Engine               - isLinux: false
08:56:40.637 [FXGL Background Thread 3 ] DEBUG Engine               - isMac: false
08:56:40.637 [FXGL Background Thread 3 ] DEBUG Engine               - isMainMenuEnabled: true
08:56:40.637 [FXGL Background Thread 3 ] DEBUG Engine               - isManualResizeEnabled: false
08:56:40.637 [FXGL Background Thread 3 ] DEBUG Engine               - isMobile: false
08:56:40.637 [FXGL Background Thread 3 ] DEBUG Engine               - isNative: false
08:56:40.637 [FXGL Background Thread 3 ] DEBUG Engine               - isPauseMusicWhenMinimized: true
08:56:40.637 [FXGL Background Thread 3 ] DEBUG Engine               - isPreserveResizeRatio: false
08:56:40.638 [FXGL Background Thread 3 ] DEBUG Engine               - isProfilingEnabled: false
08:56:40.638 [FXGL Background Thread 3 ] DEBUG Engine               - isScaleAffectedOnResize: true
08:56:40.638 [FXGL Background Thread 3 ] DEBUG Engine               - isSingleStep: false
08:56:40.638 [FXGL Background Thread 3 ] DEBUG Engine               - isUserProfileEnabled: false
08:56:40.638 [FXGL Background Thread 3 ] DEBUG Engine               - isWindows: true
08:56:40.638 [FXGL Background Thread 3 ] DEBUG Engine               - language: ObjectProperty [value: ENGLISH]
08:56:40.638 [FXGL Background Thread 3 ] DEBUG Engine               - menuKey: ESCAPE
08:56:40.638 [FXGL Background Thread 3 ] DEBUG Engine               - mouseSensitivity: 0.2
08:56:40.638 [FXGL Background Thread 3 ] DEBUG Engine               - notificationViewClass: class com.almasb.fxgl.notification.view.XboxNotificationView
08:56:40.638 [FXGL Background Thread 3 ] DEBUG Engine               - pixelsPerMeter: 50.0
08:56:40.638 [FXGL Background Thread 3 ] DEBUG Engine               - platform: WINDOWS
08:56:40.638 [FXGL Background Thread 3 ] DEBUG Engine               - prefHeightProperty: ReadOnlyDoubleProperty [value: 720.0]
08:56:40.638 [FXGL Background Thread 3 ] DEBUG Engine               - prefWidthProperty: ReadOnlyDoubleProperty [value: 1280.0]
08:56:40.638 [FXGL Background Thread 3 ] DEBUG Engine               - profileDir: profiles/
08:56:40.638 [FXGL Background Thread 3 ] DEBUG Engine               - profileName: StringProperty [value: DEFAULT]
08:56:40.638 [FXGL Background Thread 3 ] DEBUG Engine               - randomSeed: -1
08:56:40.638 [FXGL Background Thread 3 ] DEBUG Engine               - runtimeInfo: RuntimeInfo(platform=WINDOWS, version=21.1, build=27.03.2024 07.52)
08:56:40.638 [FXGL Background Thread 3 ] DEBUG Engine               - saveFileExt: sav
08:56:40.639 [FXGL Background Thread 3 ] DEBUG Engine               - scaledHeightProp$fxgl: DoubleProperty [bound, value: 720.0]
08:56:40.639 [FXGL Background Thread 3 ] DEBUG Engine               - scaledWidthProp$fxgl: DoubleProperty [bound, value: 1280.0]
08:56:40.639 [FXGL Background Thread 3 ] DEBUG Engine               - sceneFactory: com.almasb.fxgl.app.scene.SceneFactory@43ba6512
08:56:40.639 [FXGL Background Thread 3 ] DEBUG Engine               - secondsIn24h: 60
08:56:40.639 [FXGL Background Thread 3 ] DEBUG Engine               - soundMenuBack: menu/back.wav
08:56:40.639 [FXGL Background Thread 3 ] DEBUG Engine               - soundMenuPress: menu/press.wav
08:56:40.639 [FXGL Background Thread 3 ] DEBUG Engine               - soundMenuSelect: menu/select.wav
08:56:40.639 [FXGL Background Thread 3 ] DEBUG Engine               - soundNotification: core/notification.wav
08:56:40.639 [FXGL Background Thread 3 ] DEBUG Engine               - stageStyle: DECORATED
08:56:40.639 [FXGL Background Thread 3 ] DEBUG Engine               - supportedLanguages: [ENGLISH, FRENCH, GERMAN, HUNGARIAN, RUSSIAN]
08:56:40.639 [FXGL Background Thread 3 ] DEBUG Engine               - ticksPerSecond: -1
08:56:40.639 [FXGL Background Thread 3 ] DEBUG Engine               - title: Platformer with Rhythm
08:56:40.639 [FXGL Background Thread 3 ] DEBUG Engine               - urlGithub: https://github.com/AlmasB/FXGL
08:56:40.639 [FXGL Background Thread 3 ] DEBUG Engine               - urlLeaderboard: http://fxgl-top.herokuapp.com/
08:56:40.639 [FXGL Background Thread 3 ] DEBUG Engine               - urlPOM: https://raw.githubusercontent.com/AlmasB/FXGL/release/README.md
08:56:40.639 [FXGL Background Thread 3 ] DEBUG Engine               - userAppClass: class org.example.capstonee.GameApp
08:56:40.639 [FXGL Background Thread 3 ] DEBUG Engine               - version: 0.2
08:56:40.639 [FXGL Background Thread 3 ] DEBUG Engine               - versionCheckDays: 7
08:56:40.639 [FXGL Background Thread 3 ] DEBUG Engine               - width: 1280
08:56:40.639 [FXGL Background Thread 3 ] DEBUG Engine               - Logging services
08:56:40.639 [FXGL Background Thread 3 ] DEBUG Engine               - class com.almasb.fxgl.app.services.FXGLAssetLoaderService
08:56:40.639 [FXGL Background Thread 3 ] DEBUG Engine               - class com.almasb.fxgl.app.FXGLApplication$GameApplicationService
08:56:40.639 [FXGL Background Thread 3 ] DEBUG Engine               - class com.almasb.fxgl.app.services.FXGLDialogService
08:56:40.639 [FXGL Background Thread 3 ] DEBUG Engine               - class com.almasb.fxgl.app.services.IOTaskExecutorService
08:56:40.639 [FXGL Background Thread 3 ] DEBUG Engine               - class com.almasb.fxgl.io.FileSystemService
08:56:40.639 [FXGL Background Thread 3 ] DEBUG Engine               - class com.almasb.fxgl.localization.LocalizationService
08:56:40.639 [FXGL Background Thread 3 ] DEBUG Engine               - class com.almasb.fxgl.app.services.SystemBundleService
08:56:40.639 [FXGL Background Thread 3 ] DEBUG Engine               - class com.almasb.fxgl.profile.SaveLoadService
08:56:40.639 [FXGL Background Thread 3 ] DEBUG Engine               - class com.almasb.fxgl.ui.FXGLUIFactoryServiceProvider
08:56:40.639 [FXGL Background Thread 3 ] DEBUG Engine               - class com.almasb.fxgl.ui.FXGLDialogFactoryServiceProvider
08:56:40.640 [FXGL Background Thread 3 ] DEBUG Engine               - class com.almasb.fxgl.audio.AudioPlayer
08:56:40.640 [FXGL Background Thread 3 ] DEBUG Engine               - class com.almasb.fxgl.notification.impl.NotificationServiceProvider
08:56:40.640 [FXGL Background Thread 3 ] DEBUG Engine               - class com.almasb.fxgl.achievement.AchievementService
08:56:40.640 [FXGL Background Thread 3 ] DEBUG Engine               - class com.almasb.fxgl.cutscene.CutsceneService
08:56:40.640 [FXGL Background Thread 3 ] DEBUG Engine               - class com.almasb.fxgl.minigames.MiniGameService
08:56:40.640 [FXGL Background Thread 3 ] DEBUG Engine               - class com.almasb.fxgl.net.NetService
08:56:40.640 [FXGL Background Thread 3 ] DEBUG Engine               - class com.almasb.fxgl.app.services.UpdaterService
08:56:40.640 [FXGL Background Thread 3 ] DEBUG Engine               - class com.almasb.fxgl.dev.DevService
08:56:41.789 [JavaFX Application Thread] DEBUG FXGLAssetLoaderServi - Loading from file system: file:/C:/Users/Admin/IdeaProjects/GitSomeSleep/Capstonee/target/classes/assets/text/gameCutscene_sample1.txt
08:56:41.795 [JavaFX Application Thread] DEBUG Input                - Registered new binding: Next RPG Line - Enter
08:56:41.795 [JavaFX Application Thread] WARN  FXGLAssetLoaderServi - Asset "/assets/textures/bruh.png" was not found!
08:56:41.796 [JavaFX Application Thread] WARN  FXGLAssetLoaderServi - Failed to load IMAGE
08:56:41.796 [JavaFX Application Thread] DEBUG PrimaryStageWindow   - Push state: CutsceneScene
08:56:41.796 [JavaFX Application Thread] DEBUG Input                - Clearing active input actions
08:56:41.796 [JavaFX Application Thread] DEBUG GameApplicationServi - Removing overlay from GameScene and adding to CutsceneScene
08:56:41.796 [JavaFX Application Thread] DEBUG PrimaryStageWindow   - GameScene -> CutsceneScene
08:56:42.469 [JavaFX Application Thread] DEBUG FXGLAssetLoaderServi - Loading from file system: file:/C:/Users/Admin/IdeaProjects/GitSomeSleep/Capstonee/target/classes/assets/textures/tuntunsahur.png
08:56:43.404 [JavaFX Application Thread] DEBUG PrimaryStageWindow   - Pop state: CutsceneScene
08:56:43.404 [JavaFX Application Thread] DEBUG Input                - Clearing active input actions
08:56:43.404 [JavaFX Application Thread] DEBUG GameApplicationServi - Removing overlay from CutsceneScene and adding to GameScene
08:56:43.404 [JavaFX Application Thread] DEBUG PrimaryStageWindow   - GameScene <- CutsceneScene
08:56:43.419 [JavaFX Application Thread] DEBUG FXGLAssetLoaderServi - Loading from file system: file:/C:/Users/Admin/IdeaProjects/GitSomeSleep/Capstonee/target/classes/assets/textures/background/pixelatedliyue.png
08:56:43.477 [JavaFX Application Thread] DEBUG FXGLAssetLoaderServi - Loading from file system: file:/C:/Users/Admin/IdeaProjects/GitSomeSleep/Capstonee/target/classes/assets/music/songs/desperato.wav
08:56:43.608 [JavaFX Application Thread] DEBUG FXGLAssetLoaderServi - Loading from file system: file:/C:/Users/Admin/IdeaProjects/GitSomeSleep/Capstonee/target/classes/assets/textures/notes/hilichurlhitmarker.png
08:56:44.413 [JavaFX Application Thread] DEBUG AudioPlayer          - Playing music com.almasb.fxgl.audio.Music@1f03f920
08:56:44.876 [JavaFX Application Thread] DEBUG FXGLAssetLoaderServi - Loading from file system: file:/C:/Users/Admin/IdeaProjects/GitSomeSleep/Capstonee/target/classes/assets/textures/markers/moranote.png
08:56:49.421 [JavaFX Application Thread] DEBUG FXGLAssetLoaderServi - Loading from file system: file:/C:/Users/Admin/IdeaProjects/GitSomeSleep/Capstonee/target/classes/assets/textures/particles/yellow_particle.png
08:56:54.667 [JavaFX Application Thread] DEBUG AudioPlayer          - Stopping music com.almasb.fxgl.audio.Music@1f03f920
08:57:01.336 [JavaFX Application Thread] DEBUG FXGLApplication      - Exiting FXGL
08:57:01.336 [JavaFX Application Thread] DEBUG LoopRunner           - Stopping loop
08:57:01.336 [JavaFX Application Thread] DEBUG SystemBundleService  - Saving FXGL system data
08:57:01.337 [JavaFX Application Thread] DEBUG FileSystemAccess     - Writing to: C:\Users\Admin\IdeaProjects\GitSomeSleep\system\fxgl.bundle
08:57:01.339 [JavaFX Application Thread] DEBUG Async                - Shutting down background threads
08:57:01.339 [JavaFX Application Thread] DEBUG PrimaryStageWindow   - Closing main window
08:57:01.353 [JavaFX Application Thread] DEBUG Logger               - Closing Logger
