23:59:53.783 [main                     ] DEBUG Logger               - Configured Logger
23:59:53.794 [main                     ] DEBUG GameApplication      - Logging settings
Title: Game App
Version: 0.1
Width: 1280
Height: 720
Fullscreen: false
Intro: false
Profiling: false
Single step:false
App Mode: DEVELOPER
Menu Key: ESCAPE
Stage Style: DECORATED
Scene Factory: class com.almasb.fxgl.app.scene.SceneFactory

23:59:54.464 [JavaFX Application Thread] DEBUG FXGLApplication      - Initializing FXGL
23:59:54.465 [JavaFX Application Thread] INFO  Engine               - FXGL-21.1 (27.03.2024 07.52) on MAC (J:23.0.2 FX:22.0.1)
23:59:54.465 [JavaFX Application Thread] DEBUG Engine               - JRE Vendor Name: Homebrew
23:59:54.465 [JavaFX Application Thread] DEBUG Engine               - Running on OS: Mac OS X version 15.3.2
23:59:54.466 [JavaFX Application Thread] DEBUG Engine               - Architecture: aarch64
23:59:54.466 [JavaFX Application Thread] INFO  Engine               - Source code and latest versions at: https://github.com/AlmasB/FXGL
23:59:54.466 [JavaFX Application Thread] INFO  Engine               -       Ask questions and discuss at: https://github.com/AlmasB/FXGL/discussions
23:59:54.466 [JavaFX Application Thread] INFO  Engine               -              Join the FXGL chat at: https://gitter.im/AlmasB/FXGL
23:59:54.503 [JavaFX Application Thread] DEBUG PrimaryStageWindow   - Creating a JavaFX scene
23:59:54.522 [JavaFX Application Thread] DEBUG PrimaryStageWindow   - Target settings size: 1280.0 x 720.0
23:59:54.522 [JavaFX Application Thread] DEBUG PrimaryStageWindow   - Scaled scene size:    1280.0 x 720.0
23:59:54.522 [JavaFX Application Thread] DEBUG PrimaryStageWindow   - Scaled ratio: (1.0, 1.0)
23:59:54.523 [JavaFX Application Thread] DEBUG PrimaryStageWindow   - Set initial scene to FXGLStartupScene
23:59:54.523 [JavaFX Application Thread] DEBUG PrimaryStageWindow   - Opening main window
23:59:54.589 [JavaFX Application Thread] DEBUG PrimaryStageWindow   - Window border size: (0.0, 28.0)
23:59:54.589 [JavaFX Application Thread] DEBUG PrimaryStageWindow   - Scaled size: 1280.0 x 720.0
23:59:54.589 [JavaFX Application Thread] DEBUG PrimaryStageWindow   - Scaled ratio: (1.0, 1.0)
23:59:54.589 [JavaFX Application Thread] DEBUG PrimaryStageWindow   - Scene size: 1280.0 x 720.0
23:59:54.589 [JavaFX Application Thread] DEBUG PrimaryStageWindow   - Stage size: 1280.0 x 748.0
23:59:54.592 [FXGL Background Thread 1 ] DEBUG Engine               - Initializing environment variables
23:59:54.646 [FXGL Background Thread 1 ] DEBUG FXGLAssetLoaderServi - User app class for loading assets: class org.example.capstonee.GameApp
23:59:54.646 [FXGL Background Thread 1 ] DEBUG GameApplicationServi - Applying CSS: fxgl_dark.css
23:59:54.648 [FXGL Background Thread 1 ] DEBUG FXGLAssetLoaderServi - Loading from file system: jar:file:///Users/ajaxestela/.m2/repository/com/github/almasb/fxgl/21.1/fxgl-21.1.jar!/fxglassets/ui/css/fxgl_dark.css
23:59:54.669 [FXGL Background Thread 1 ] DEBUG GameApplicationServi - Initializing application scenes
23:59:54.873 [FXGL Background Thread 1 ] DEBUG GameWorld            - Game world initialized
23:59:54.913 [FXGL Background Thread 1 ] DEBUG PhysicsWorld         - Physics world initialized: appHeight=720, physics.ppm=50.0
23:59:54.913 [FXGL Background Thread 1 ] DEBUG PhysicsWorld         - Using strategy: BRUTE_FORCE
23:59:54.915 [FXGL Background Thread 1 ] DEBUG GameScene            - Game scene initialized: 1280x720
23:59:54.921 [FXGL Background Thread 1 ] DEBUG FXGL.DefaultMenu     - createMenuBodyGameMenu()
23:59:54.931 [FXGL Background Thread 1 ] DEBUG FXGL.DefaultMenu     - createOptionsMenu()
23:59:54.934 [FXGL Background Thread 1 ] DEBUG FXGLAssetLoaderServi - Loading from file system: jar:file:///Users/ajaxestela/.m2/repository/com/github/almasb/fxgl/21.1/fxgl-21.1.jar!/fxglassets/textures/particles/smoke.png
23:59:54.989 [FXGL Background Thread 1 ] DEBUG FXGLAssetLoaderServi - Loading from file system: jar:file:///Users/ajaxestela/.m2/repository/com/github/almasb/fxgl/21.1/fxgl-21.1.jar!/fxglassets/textures/particles/trace_horizontal.png
23:59:54.999 [FXGL Background Thread 1 ] DEBUG GameApplicationServi - Application scenes initialized
23:59:55.005 [FXGL Background Thread 1 ] DEBUG SystemBundleService  - Loading FXGL system data
23:59:55.007 [FXGL Background Thread 1 ] DEBUG FileSystemAccess     - Reading from: /Users/ajaxestela/IdeaProjects/GitSomeSleep/system/fxgl.bundle
23:59:55.011 [FXGL Background Thread 1 ] DEBUG SystemBundleService  - Bundle FXGL: {}
23:59:55.011 [FXGL Background Thread 1 ] DEBUG UpdaterService       - Checking for updates
23:59:55.012 [FXGL Background Thread 4 ] DEBUG FXGLApplication      - Loading fonts
23:59:55.012 [FXGL Background Thread 1 ] DEBUG FXGLApplication      - Loading default localization
23:59:55.012 [FXGL Background Thread 4 ] DEBUG FXGLAssetLoaderServi - Loading from file system: jar:file:///Users/ajaxestela/.m2/repository/com/github/almasb/fxgl/21.1/fxgl-21.1.jar!/fxglassets/ui/fonts/VarelaRound-Regular.ttf
23:59:55.012 [FXGL Background Thread 1 ] DEBUG FXGLAssetLoaderServi - Loading from file system: jar:file:///Users/ajaxestela/.m2/repository/com/github/almasb/fxgl/21.1/fxgl-21.1.jar!/fxglassets/languages/english.lang
23:59:55.024 [FXGL Background Thread 1 ] INFO  FXGLApplication      - FXGL initialization took: 0.432 sec
23:59:55.028 [FXGL Background Thread 4 ] DEBUG FXGLAssetLoaderServi - Loading from file system: jar:file:///Users/ajaxestela/.m2/repository/com/github/almasb/fxgl/21.1/fxgl-21.1.jar!/fxglassets/ui/fonts/Abel-Regular.ttf
23:59:55.029 [JavaFX Application Thread] DEBUG Input                - Registered new binding: Left - A
23:59:55.029 [JavaFX Application Thread] DEBUG Input                - Registered new binding: Right - D
23:59:55.029 [JavaFX Application Thread] DEBUG Input                - Registered new binding: Jump - W
23:59:55.029 [JavaFX Application Thread] DEBUG Input                - Registered new binding: Interact - E
23:59:55.029 [JavaFX Application Thread] DEBUG Input                - Registered new binding: RhythmLane0 - F
23:59:55.029 [JavaFX Application Thread] DEBUG Input                - Registered new binding: RhythmLane1 - G
23:59:55.029 [JavaFX Application Thread] DEBUG Input                - Registered new binding: RhythmLane2 - H
23:59:55.030 [JavaFX Application Thread] DEBUG Input                - Registered new binding: RhythmLane3 - J
23:59:55.030 [JavaFX Application Thread] DEBUG Input                - Registered new binding: RhythmStart - Space
23:59:55.030 [JavaFX Application Thread] DEBUG FXGLAssetLoaderServi - Loading from file system: jar:file:///Users/ajaxestela/.m2/repository/com/github/almasb/fxgl/21.1/fxgl-21.1.jar!/fxglassets/textures/fxgl_icon.png
23:59:55.030 [FXGL Background Thread 4 ] DEBUG FXGLAssetLoaderServi - Loading from file system: jar:file:///Users/ajaxestela/.m2/repository/com/github/almasb/fxgl/21.1/fxgl-21.1.jar!/fxglassets/ui/fonts/TerminalLandMono-Regular.otf
23:59:55.035 [FXGL Background Thread 4 ] DEBUG FXGLAssetLoaderServi - Loading from file system: jar:file:///Users/ajaxestela/.m2/repository/com/github/almasb/fxgl/21.1/fxgl-21.1.jar!/fxglassets/ui/fonts/Courier-Prime.ttf
23:59:55.050 [JavaFX Application Thread] DEBUG FXGLAssetLoaderServi - Loading from file system: jar:file:///Users/ajaxestela/.m2/repository/com/github/almasb/fxgl/21.1/fxgl-21.1.jar!/fxglassets/textures/fxgl_default_cursor.png
23:59:55.052 [JavaFX Application Thread] DEBUG Input                - Registered new binding: Screenshot - CTRL+8
23:59:55.052 [JavaFX Application Thread] DEBUG Input                - Registered new binding: System info dump - CTRL+9
23:59:55.052 [JavaFX Application Thread] DEBUG Input                - Registered new binding: Restart - CTRL+R
23:59:55.052 [JavaFX Application Thread] DEBUG Input                - Registered new binding: Toggle Debug Camera - CTRL+7
23:59:55.053 [JavaFX Application Thread] DEBUG LoopRunner           - Starting loop
23:59:55.053 [JavaFX Application Thread] DEBUG LoopRunner           - Initializing JavaFX AnimationTimerLoop
23:59:55.053 [JavaFX Application Thread] DEBUG GameApplicationServi - Starting new game
23:59:55.054 [JavaFX Application Thread] DEBUG Input                - Clearing active input actions
23:59:55.057 [JavaFX Application Thread] DEBUG GameApplicationServi - Removing overlay from FXGLStartupScene and adding to FXGLLoadingScene
23:59:55.057 [JavaFX Application Thread] DEBUG PrimaryStageWindow   - FXGLStartupScene -> FXGLLoadingScene
23:59:55.057 [JavaFX Application Thread] DEBUG GameApplicationServi - Clearing previous game
23:59:55.057 [JavaFX Application Thread] DEBUG GameScene            - Clearing game scene
23:59:55.058 [JavaFX Application Thread] DEBUG GameWorld            - Clearing game world
23:59:55.058 [JavaFX Application Thread] DEBUG PhysicsWorld         - Clearing physics world
23:59:55.058 [FXGL Background Thread 4 ] DEBUG FXGLApplication      - Initializing game
23:59:55.071 [JavaFX Application Thread] DEBUG FXGLApplication      - Registering font factories with UI factory
23:59:55.104 [FXGL Background Thread 4 ] WARN  TMXLevelLoader       - TiledMap generated from 1.11.0. Supported version: 1.9.0. Some features may not be parsed fully.
23:59:55.108 [FXGL Background Thread 4 ] DEBUG TMXLevelLoader       - Parsed TiledMap: file:/Users/ajaxestela/IdeaProjects/GitSomeSleep/Capstonee/target/classes/assets/levels/tmx/test.tmx
23:59:55.108 [FXGL Background Thread 4 ] DEBUG TMXLevelLoader       - Creating tile layer entities
23:59:55.109 [FXGL Background Thread 4 ] DEBUG TilesetLoader        - Loading view for layer Tile Layer 1
23:59:55.109 [FXGL Background Thread 4 ] DEBUG TilesetLoader        - Created buffer with size 320.0x320.0
23:59:55.114 [FXGL Background Thread 4 ] DEBUG TMXLevelLoader       - Creating object layer entities
23:59:55.122 [FXGL Background Thread 4 ] DEBUG GameWorld            - Clearing removable entities
23:59:55.122 [FXGL Background Thread 4 ] DEBUG GameWorld            - Setting level: com.almasb.fxgl.entity.level.Level@4ffbc5d6
23:59:55.126 [FXGL Background Thread 4 ] WARN  FXGLAssetLoaderServi - Asset "/assets/textures/player.png" was not found!
23:59:55.126 [FXGL Background Thread 4 ] WARN  FXGLAssetLoaderServi - Failed to load IMAGE
23:59:55.159 [FXGL Background Thread 4 ] DEBUG FXGLAssetLoaderServi - Loading from file system: file:/Users/ajaxestela/IdeaProjects/GitSomeSleep/Capstonee/target/classes/assets/textures/background/bruh.jpg
23:59:55.190 [FXGL Background Thread 4 ] INFO  FXGLApplication      - Game initialization took: 0.132 sec
23:59:55.191 [JavaFX Application Thread] DEBUG Input                - Clearing active input actions
23:59:55.193 [JavaFX Application Thread] DEBUG GameApplicationServi - Removing overlay from FXGLLoadingScene and adding to GameScene
23:59:55.194 [JavaFX Application Thread] DEBUG PrimaryStageWindow   - FXGLLoadingScene -> GameScene
23:59:58.016 [FXGL Background Thread 3 ] DEBUG Engine               - Logging environment variables
23:59:58.020 [FXGL Background Thread 3 ] DEBUG Engine               - achievements: []
23:59:58.020 [FXGL Background Thread 3 ] DEBUG Engine               - actualHeight: 720.0
23:59:58.020 [FXGL Background Thread 3 ] DEBUG Engine               - actualHeightProperty: ReadOnlyDoubleProperty [value: 720.0]
23:59:58.021 [FXGL Background Thread 3 ] DEBUG Engine               - actualWidth: 1280.0
23:59:58.021 [FXGL Background Thread 3 ] DEBUG Engine               - actualWidthProperty: ReadOnlyDoubleProperty [value: 1280.0]
23:59:58.021 [FXGL Background Thread 3 ] DEBUG Engine               - appIcon: fxgl_icon.png
23:59:58.021 [FXGL Background Thread 3 ] DEBUG Engine               - applicationMode: DEVELOPER
23:59:58.021 [FXGL Background Thread 3 ] DEBUG Engine               - cSSList: [fxgl_dark.css]
23:59:58.021 [FXGL Background Thread 3 ] DEBUG Engine               - collisionDetectionStrategy: BRUTE_FORCE
23:59:58.021 [FXGL Background Thread 3 ] DEBUG Engine               - configClass: Optional.empty
23:59:58.021 [FXGL Background Thread 3 ] DEBUG Engine               - credits: []
23:59:58.023 [FXGL Background Thread 3 ] DEBUG Engine               - defaultCursor: CursorInfo(imageName=fxgl_default_cursor.png, hotspotX=7.0, hotspotY=6.0)
23:59:58.023 [FXGL Background Thread 3 ] DEBUG Engine               - devBBoxColorProperty: ObjectProperty [value: 0xff0000ff]
23:59:58.024 [FXGL Background Thread 3 ] DEBUG Engine               - devEnableDebugCameraProperty: BooleanProperty [value: false]
23:59:58.024 [FXGL Background Thread 3 ] DEBUG Engine               - devSensorColorProperty: ObjectProperty [value: 0xffff00ff]
23:59:58.024 [FXGL Background Thread 3 ] DEBUG Engine               - devShowBBoxProperty: BooleanProperty [value: false]
23:59:58.024 [FXGL Background Thread 3 ] DEBUG Engine               - devShowPositionProperty: BooleanProperty [value: false]
23:59:58.024 [FXGL Background Thread 3 ] DEBUG Engine               - enabledMenuItems: []
23:59:58.024 [FXGL Background Thread 3 ] DEBUG Engine               - engineServices: [class com.almasb.fxgl.app.services.FXGLAssetLoaderService, class com.almasb.fxgl.app.FXGLApplication$GameApplicationService, class com.almasb.fxgl.app.services.FXGLDialogService, class com.almasb.fxgl.app.services.IOTaskExecutorService, class com.almasb.fxgl.io.FileSystemService, class com.almasb.fxgl.localization.LocalizationService, class com.almasb.fxgl.app.services.SystemBundleService, class com.almasb.fxgl.profile.SaveLoadService, class com.almasb.fxgl.ui.FXGLUIFactoryServiceProvider, class com.almasb.fxgl.ui.FXGLDialogFactoryServiceProvider, class com.almasb.fxgl.audio.AudioPlayer, class com.almasb.fxgl.notification.impl.NotificationServiceProvider, class com.almasb.fxgl.achievement.AchievementService, class com.almasb.fxgl.cutscene.CutsceneService, class com.almasb.fxgl.minigames.MiniGameService, class com.almasb.fxgl.net.NetService, class com.almasb.fxgl.app.services.UpdaterService, class com.almasb.fxgl.dev.DevService]
23:59:58.024 [FXGL Background Thread 3 ] DEBUG Engine               - fontGame: Abel-Regular.ttf
23:59:58.024 [FXGL Background Thread 3 ] DEBUG Engine               - fontMono: TerminalLandMono-Regular.otf
23:59:58.024 [FXGL Background Thread 3 ] DEBUG Engine               - fontSizeScaleUI: 1.0
23:59:58.024 [FXGL Background Thread 3 ] DEBUG Engine               - fontText: Courier-Prime.ttf
23:59:58.024 [FXGL Background Thread 3 ] DEBUG Engine               - fontUI: VarelaRound-Regular.ttf
23:59:58.025 [FXGL Background Thread 3 ] DEBUG Engine               - fullScreen: BooleanProperty [value: false]
23:59:58.025 [FXGL Background Thread 3 ] DEBUG Engine               - gameDifficulty: MEDIUM
23:59:58.025 [FXGL Background Thread 3 ] DEBUG Engine               - gameDifficultyProperty: ObjectProperty [value: MEDIUM]
23:59:58.025 [FXGL Background Thread 3 ] DEBUG Engine               - globalMusicVolume: 0.5
23:59:58.025 [FXGL Background Thread 3 ] DEBUG Engine               - globalMusicVolumeProperty: DoubleProperty [value: 0.5]
23:59:58.025 [FXGL Background Thread 3 ] DEBUG Engine               - globalSoundVolume: 0.5
23:59:58.025 [FXGL Background Thread 3 ] DEBUG Engine               - globalSoundVolumeProperty: DoubleProperty [value: 0.5]
23:59:58.026 [FXGL Background Thread 3 ] DEBUG Engine               - height: 720
23:59:58.026 [FXGL Background Thread 3 ] DEBUG Engine               - is3D: false
23:59:58.026 [FXGL Background Thread 3 ] DEBUG Engine               - isAndroid: false
23:59:58.026 [FXGL Background Thread 3 ] DEBUG Engine               - isBrowser: false
23:59:58.026 [FXGL Background Thread 3 ] DEBUG Engine               - isClickFeedbackEnabled: false
23:59:58.026 [FXGL Background Thread 3 ] DEBUG Engine               - isCloseConfirmation: false
23:59:58.026 [FXGL Background Thread 3 ] DEBUG Engine               - isDesktop: true
23:59:58.026 [FXGL Background Thread 3 ] DEBUG Engine               - isDeveloperMenuEnabled: false
23:59:58.026 [FXGL Background Thread 3 ] DEBUG Engine               - isEmbedded: false
23:59:58.027 [FXGL Background Thread 3 ] DEBUG Engine               - isEntityPreloadEnabled: true
23:59:58.027 [FXGL Background Thread 3 ] DEBUG Engine               - isExperimentalTiledLargeMap: false
23:59:58.027 [FXGL Background Thread 3 ] DEBUG Engine               - isFileSystemWriteAllowed: true
23:59:58.027 [FXGL Background Thread 3 ] DEBUG Engine               - isFullScreenAllowed: false
23:59:58.027 [FXGL Background Thread 3 ] DEBUG Engine               - isFullScreenFromStart: false
23:59:58.027 [FXGL Background Thread 3 ] DEBUG Engine               - isGameMenuEnabled: true
23:59:58.027 [FXGL Background Thread 3 ] DEBUG Engine               - isIOS: false
23:59:58.027 [FXGL Background Thread 3 ] DEBUG Engine               - isIntroEnabled: false
23:59:58.027 [FXGL Background Thread 3 ] DEBUG Engine               - isLinux: false
23:59:58.027 [FXGL Background Thread 3 ] DEBUG Engine               - isMac: true
23:59:58.027 [FXGL Background Thread 3 ] DEBUG Engine               - isMainMenuEnabled: false
23:59:58.027 [FXGL Background Thread 3 ] DEBUG Engine               - isManualResizeEnabled: false
23:59:58.027 [FXGL Background Thread 3 ] DEBUG Engine               - isMobile: false
23:59:58.027 [FXGL Background Thread 3 ] DEBUG Engine               - isNative: false
23:59:58.027 [FXGL Background Thread 3 ] DEBUG Engine               - isPauseMusicWhenMinimized: true
23:59:58.027 [FXGL Background Thread 3 ] DEBUG Engine               - isPreserveResizeRatio: false
23:59:58.027 [FXGL Background Thread 3 ] DEBUG Engine               - isProfilingEnabled: false
23:59:58.027 [FXGL Background Thread 3 ] DEBUG Engine               - isScaleAffectedOnResize: true
23:59:58.027 [FXGL Background Thread 3 ] DEBUG Engine               - isSingleStep: false
23:59:58.028 [FXGL Background Thread 3 ] DEBUG Engine               - isUserProfileEnabled: false
23:59:58.028 [FXGL Background Thread 3 ] DEBUG Engine               - isWindows: false
23:59:58.028 [FXGL Background Thread 3 ] DEBUG Engine               - language: ObjectProperty [value: ENGLISH]
23:59:58.028 [FXGL Background Thread 3 ] DEBUG Engine               - menuKey: ESCAPE
23:59:58.028 [FXGL Background Thread 3 ] DEBUG Engine               - mouseSensitivity: 0.2
23:59:58.028 [FXGL Background Thread 3 ] DEBUG Engine               - notificationViewClass: class com.almasb.fxgl.notification.view.XboxNotificationView
23:59:58.028 [FXGL Background Thread 3 ] DEBUG Engine               - pixelsPerMeter: 50.0
23:59:58.028 [FXGL Background Thread 3 ] DEBUG Engine               - platform: MAC
23:59:58.028 [FXGL Background Thread 3 ] DEBUG Engine               - prefHeightProperty: ReadOnlyDoubleProperty [value: 720.0]
23:59:58.028 [FXGL Background Thread 3 ] DEBUG Engine               - prefWidthProperty: ReadOnlyDoubleProperty [value: 1280.0]
23:59:58.028 [FXGL Background Thread 3 ] DEBUG Engine               - profileDir: profiles/
23:59:58.028 [FXGL Background Thread 3 ] DEBUG Engine               - profileName: StringProperty [value: DEFAULT]
23:59:58.028 [FXGL Background Thread 3 ] DEBUG Engine               - randomSeed: -1
23:59:58.029 [FXGL Background Thread 3 ] DEBUG Engine               - runtimeInfo: RuntimeInfo(platform=MAC, version=21.1, build=27.03.2024 07.52)
23:59:58.029 [FXGL Background Thread 3 ] DEBUG Engine               - saveFileExt: sav
23:59:58.029 [FXGL Background Thread 3 ] DEBUG Engine               - scaledHeightProp$fxgl: DoubleProperty [bound, value: 720.0]
23:59:58.029 [FXGL Background Thread 3 ] DEBUG Engine               - scaledWidthProp$fxgl: DoubleProperty [bound, value: 1280.0]
23:59:58.029 [FXGL Background Thread 3 ] DEBUG Engine               - sceneFactory: com.almasb.fxgl.app.scene.SceneFactory@4cf03da9
23:59:58.029 [FXGL Background Thread 3 ] DEBUG Engine               - secondsIn24h: 60
23:59:58.029 [FXGL Background Thread 3 ] DEBUG Engine               - soundMenuBack: menu/back.wav
23:59:58.029 [FXGL Background Thread 3 ] DEBUG Engine               - soundMenuPress: menu/press.wav
23:59:58.029 [FXGL Background Thread 3 ] DEBUG Engine               - soundMenuSelect: menu/select.wav
23:59:58.029 [FXGL Background Thread 3 ] DEBUG Engine               - soundNotification: core/notification.wav
23:59:58.029 [FXGL Background Thread 3 ] DEBUG Engine               - stageStyle: DECORATED
23:59:58.030 [FXGL Background Thread 3 ] DEBUG Engine               - supportedLanguages: [ENGLISH, FRENCH, GERMAN, HUNGARIAN, RUSSIAN]
23:59:58.030 [FXGL Background Thread 3 ] DEBUG Engine               - ticksPerSecond: -1
23:59:58.030 [FXGL Background Thread 3 ] DEBUG Engine               - title: Game App
23:59:58.030 [FXGL Background Thread 3 ] DEBUG Engine               - urlGithub: https://github.com/AlmasB/FXGL
23:59:58.030 [FXGL Background Thread 3 ] DEBUG Engine               - urlLeaderboard: http://fxgl-top.herokuapp.com/
23:59:58.030 [FXGL Background Thread 3 ] DEBUG Engine               - urlPOM: https://raw.githubusercontent.com/AlmasB/FXGL/release/README.md
23:59:58.030 [FXGL Background Thread 3 ] DEBUG Engine               - userAppClass: class org.example.capstonee.GameApp
23:59:58.030 [FXGL Background Thread 3 ] DEBUG Engine               - version: 0.1
23:59:58.030 [FXGL Background Thread 3 ] DEBUG Engine               - versionCheckDays: 7
23:59:58.030 [FXGL Background Thread 3 ] DEBUG Engine               - width: 1280
23:59:58.030 [FXGL Background Thread 3 ] DEBUG Engine               - Logging services
23:59:58.030 [FXGL Background Thread 3 ] DEBUG Engine               - class com.almasb.fxgl.app.services.FXGLAssetLoaderService
23:59:58.030 [FXGL Background Thread 3 ] DEBUG Engine               - class com.almasb.fxgl.app.FXGLApplication$GameApplicationService
23:59:58.030 [FXGL Background Thread 3 ] DEBUG Engine               - class com.almasb.fxgl.app.services.FXGLDialogService
23:59:58.030 [FXGL Background Thread 3 ] DEBUG Engine               - class com.almasb.fxgl.app.services.IOTaskExecutorService
23:59:58.030 [FXGL Background Thread 3 ] DEBUG Engine               - class com.almasb.fxgl.io.FileSystemService
23:59:58.030 [FXGL Background Thread 3 ] DEBUG Engine               - class com.almasb.fxgl.localization.LocalizationService
23:59:58.030 [FXGL Background Thread 3 ] DEBUG Engine               - class com.almasb.fxgl.app.services.SystemBundleService
23:59:58.031 [FXGL Background Thread 3 ] DEBUG Engine               - class com.almasb.fxgl.profile.SaveLoadService
23:59:58.031 [FXGL Background Thread 3 ] DEBUG Engine               - class com.almasb.fxgl.ui.FXGLUIFactoryServiceProvider
23:59:58.031 [FXGL Background Thread 3 ] DEBUG Engine               - class com.almasb.fxgl.ui.FXGLDialogFactoryServiceProvider
23:59:58.031 [FXGL Background Thread 3 ] DEBUG Engine               - class com.almasb.fxgl.audio.AudioPlayer
23:59:58.031 [FXGL Background Thread 3 ] DEBUG Engine               - class com.almasb.fxgl.notification.impl.NotificationServiceProvider
23:59:58.031 [FXGL Background Thread 3 ] DEBUG Engine               - class com.almasb.fxgl.achievement.AchievementService
23:59:58.031 [FXGL Background Thread 3 ] DEBUG Engine               - class com.almasb.fxgl.cutscene.CutsceneService
23:59:58.031 [FXGL Background Thread 3 ] DEBUG Engine               - class com.almasb.fxgl.minigames.MiniGameService
23:59:58.031 [FXGL Background Thread 3 ] DEBUG Engine               - class com.almasb.fxgl.net.NetService
23:59:58.031 [FXGL Background Thread 3 ] DEBUG Engine               - class com.almasb.fxgl.app.services.UpdaterService
23:59:58.031 [FXGL Background Thread 3 ] DEBUG Engine               - class com.almasb.fxgl.dev.DevService
00:00:00.180 [JavaFX Application Thread] WARN  FXGLAssetLoaderServi - Asset "/assets/sounds/sounds/hit.wav" was not found!
00:00:00.180 [JavaFX Application Thread] WARN  FXGLAssetLoaderServi - Failed to load SOUND
00:00:00.181 [JavaFX Application Thread] WARN  FXGLAssetLoaderServi - Asset "/assets/sounds/sounds/miss.wav" was not found!
00:00:00.181 [JavaFX Application Thread] WARN  FXGLAssetLoaderServi - Failed to load SOUND
00:00:00.181 [JavaFX Application Thread] WARN  FXGLAssetLoaderServi - Asset "/assets/music/songs/desperato.wav" was not found!
00:00:00.181 [JavaFX Application Thread] WARN  FXGLAssetLoaderServi - Failed to load MUSIC
00:00:00.697 [JavaFX Application Thread] DEBUG AudioPlayer          - Playing music com.almasb.fxgl.audio.Music@44e0f2b6
00:00:00.698 [JavaFX Application Thread] DEBUG AudioPlayer          - Playing music com.almasb.fxgl.audio.Music@44e0f2b6
00:00:04.082 [JavaFX Application Thread] DEBUG FXGLApplication      - Exiting FXGL
00:00:04.082 [JavaFX Application Thread] DEBUG LoopRunner           - Stopping loop
00:00:04.083 [JavaFX Application Thread] DEBUG SystemBundleService  - Saving FXGL system data
00:00:04.085 [JavaFX Application Thread] DEBUG FileSystemAccess     - Writing to: /Users/ajaxestela/IdeaProjects/GitSomeSleep/system/fxgl.bundle
00:00:04.087 [JavaFX Application Thread] DEBUG Async                - Shutting down background threads
00:00:04.087 [JavaFX Application Thread] DEBUG PrimaryStageWindow   - Closing main window
00:00:04.108 [JavaFX Application Thread] DEBUG Logger               - Closing Logger
