06:00:19.112 [main                     ] DEBUG Logger               - Configured Logger
06:00:19.122 [main                     ] DEBUG GameApplication      - Logging settings
Title: Game App
Version: 0.1
Width: 1280
Height: 720
Fullscreen: false
Intro: false
Profiling: false
Single step:false
App Mode: DEVELOPER
Menu Key: ESCAPE
Stage Style: DECORATED
Scene Factory: class com.almasb.fxgl.app.scene.SceneFactory

06:00:19.731 [JavaFX Application Thread] DEBUG FXGLApplication      - Initializing FXGL
06:00:19.733 [JavaFX Application Thread] INFO  Engine               - FXGL-21.1 (27.03.2024 07.52) on MAC (J:23.0.2 FX:22.0.1)
06:00:19.733 [JavaFX Application Thread] DEBUG Engine               - JRE Vendor Name: Homebrew
06:00:19.733 [JavaFX Application Thread] DEBUG Engine               - Running on OS: Mac OS X version 15.3.2
06:00:19.733 [JavaFX Application Thread] DEBUG Engine               - Architecture: aarch64
06:00:19.733 [JavaFX Application Thread] INFO  Engine               - Source code and latest versions at: https://github.com/AlmasB/FXGL
06:00:19.733 [JavaFX Application Thread] INFO  Engine               -       Ask questions and discuss at: https://github.com/AlmasB/FXGL/discussions
06:00:19.733 [JavaFX Application Thread] INFO  Engine               -              Join the FXGL chat at: https://gitter.im/AlmasB/FXGL
06:00:19.768 [JavaFX Application Thread] DEBUG PrimaryStageWindow   - Creating a JavaFX scene
06:00:19.786 [JavaFX Application Thread] DEBUG PrimaryStageWindow   - Target settings size: 1280.0 x 720.0
06:00:19.786 [JavaFX Application Thread] DEBUG PrimaryStageWindow   - Scaled scene size:    1280.0 x 720.0
06:00:19.787 [JavaFX Application Thread] DEBUG PrimaryStageWindow   - Scaled ratio: (1.0, 1.0)
06:00:19.787 [JavaFX Application Thread] DEBUG PrimaryStageWindow   - Set initial scene to FXGLStartupScene
06:00:19.788 [JavaFX Application Thread] DEBUG PrimaryStageWindow   - Opening main window
06:00:19.864 [JavaFX Application Thread] DEBUG PrimaryStageWindow   - Window border size: (0.0, 28.0)
06:00:19.864 [JavaFX Application Thread] DEBUG PrimaryStageWindow   - Scaled size: 1280.0 x 720.0
06:00:19.864 [JavaFX Application Thread] DEBUG PrimaryStageWindow   - Scaled ratio: (1.0, 1.0)
06:00:19.864 [JavaFX Application Thread] DEBUG PrimaryStageWindow   - Scene size: 1280.0 x 720.0
06:00:19.864 [JavaFX Application Thread] DEBUG PrimaryStageWindow   - Stage size: 1280.0 x 748.0
06:00:19.868 [FXGL Background Thread 1 ] DEBUG Engine               - Initializing environment variables
06:00:19.904 [FXGL Background Thread 1 ] DEBUG FXGLAssetLoaderServi - User app class for loading assets: class org.example.capstonee.GameApp
06:00:19.904 [FXGL Background Thread 1 ] DEBUG GameApplicationServi - Applying CSS: fxgl_dark.css
06:00:19.904 [FXGL Background Thread 1 ] DEBUG FXGLAssetLoaderServi - Loading from file system: jar:file:///Users/ajaxestela/.m2/repository/com/github/almasb/fxgl/21.1/fxgl-21.1.jar!/fxglassets/ui/css/fxgl_dark.css
06:00:19.940 [FXGL Background Thread 1 ] DEBUG GameApplicationServi - Initializing application scenes
06:00:20.019 [FXGL Background Thread 1 ] DEBUG GameWorld            - Game world initialized
06:00:20.070 [FXGL Background Thread 1 ] DEBUG PhysicsWorld         - Physics world initialized: appHeight=720, physics.ppm=50.0
06:00:20.070 [FXGL Background Thread 1 ] DEBUG PhysicsWorld         - Using strategy: BRUTE_FORCE
06:00:20.077 [FXGL Background Thread 1 ] DEBUG GameScene            - Game scene initialized: 1280x720
06:00:20.091 [FXGL Background Thread 1 ] DEBUG FXGL.DefaultMenu     - createMenuBodyGameMenu()
06:00:20.209 [FXGL Background Thread 1 ] DEBUG FXGL.DefaultMenu     - createOptionsMenu()
06:00:20.246 [FXGL Background Thread 1 ] DEBUG FXGLAssetLoaderServi - Loading from file system: jar:file:///Users/ajaxestela/.m2/repository/com/github/almasb/fxgl/21.1/fxgl-21.1.jar!/fxglassets/textures/particles/smoke.png
06:00:20.319 [FXGL Background Thread 1 ] DEBUG FXGLAssetLoaderServi - Loading from file system: jar:file:///Users/ajaxestela/.m2/repository/com/github/almasb/fxgl/21.1/fxgl-21.1.jar!/fxglassets/textures/particles/trace_horizontal.png
06:00:20.331 [FXGL Background Thread 1 ] DEBUG GameApplicationServi - Application scenes initialized
06:00:20.341 [FXGL Background Thread 1 ] DEBUG SystemBundleService  - Loading FXGL system data
06:00:20.345 [FXGL Background Thread 1 ] DEBUG FileSystemAccess     - Reading from: /Users/ajaxestela/IdeaProjects/GitSomeSleep/system/fxgl.bundle
06:00:20.350 [FXGL Background Thread 1 ] DEBUG SystemBundleService  - Bundle FXGL: {}
06:00:20.351 [FXGL Background Thread 1 ] DEBUG UpdaterService       - Checking for updates
06:00:20.352 [FXGL Background Thread 4 ] DEBUG FXGLApplication      - Loading fonts
06:00:20.353 [FXGL Background Thread 4 ] DEBUG FXGLAssetLoaderServi - Loading from file system: jar:file:///Users/ajaxestela/.m2/repository/com/github/almasb/fxgl/21.1/fxgl-21.1.jar!/fxglassets/ui/fonts/VarelaRound-Regular.ttf
06:00:20.353 [FXGL Background Thread 1 ] DEBUG FXGLApplication      - Loading default localization
06:00:20.353 [FXGL Background Thread 1 ] DEBUG FXGLAssetLoaderServi - Loading from file system: jar:file:///Users/ajaxestela/.m2/repository/com/github/almasb/fxgl/21.1/fxgl-21.1.jar!/fxglassets/languages/english.lang
06:00:20.369 [FXGL Background Thread 1 ] INFO  FXGLApplication      - FXGL initialization took: 0.501 sec
06:00:20.376 [JavaFX Application Thread] DEBUG Input                - Registered new binding: Left - A
06:00:20.376 [JavaFX Application Thread] DEBUG Input                - Registered new binding: Right - D
06:00:20.376 [JavaFX Application Thread] DEBUG Input                - Registered new binding: Jump - W
06:00:20.376 [JavaFX Application Thread] DEBUG Input                - Registered new binding: Interact - E
06:00:20.376 [JavaFX Application Thread] DEBUG Input                - Registered new binding: RhythmLane0 - F
06:00:20.376 [JavaFX Application Thread] DEBUG Input                - Registered new binding: RhythmLane1 - G
06:00:20.376 [JavaFX Application Thread] DEBUG Input                - Registered new binding: RhythmLane2 - H
06:00:20.376 [JavaFX Application Thread] DEBUG Input                - Registered new binding: RhythmLane3 - J
06:00:20.376 [JavaFX Application Thread] DEBUG Input                - Registered new binding: RhythmStart - Space
06:00:20.376 [JavaFX Application Thread] DEBUG FXGLAssetLoaderServi - Loading from file system: jar:file:///Users/ajaxestela/.m2/repository/com/github/almasb/fxgl/21.1/fxgl-21.1.jar!/fxglassets/textures/fxgl_icon.png
06:00:20.401 [JavaFX Application Thread] DEBUG FXGLAssetLoaderServi - Loading from file system: jar:file:///Users/ajaxestela/.m2/repository/com/github/almasb/fxgl/21.1/fxgl-21.1.jar!/fxglassets/textures/fxgl_default_cursor.png
06:00:20.402 [JavaFX Application Thread] DEBUG Input                - Registered new binding: Screenshot - CTRL+8
06:00:20.403 [JavaFX Application Thread] DEBUG Input                - Registered new binding: System info dump - CTRL+9
06:00:20.403 [JavaFX Application Thread] DEBUG Input                - Registered new binding: Restart - CTRL+R
06:00:20.403 [JavaFX Application Thread] DEBUG Input                - Registered new binding: Toggle Debug Camera - CTRL+7
06:00:20.403 [JavaFX Application Thread] DEBUG LoopRunner           - Starting loop
06:00:20.404 [JavaFX Application Thread] DEBUG LoopRunner           - Initializing JavaFX AnimationTimerLoop
06:00:20.404 [JavaFX Application Thread] DEBUG GameApplicationServi - Starting new game
06:00:20.405 [JavaFX Application Thread] DEBUG Input                - Clearing active input actions
06:00:20.409 [JavaFX Application Thread] DEBUG GameApplicationServi - Removing overlay from FXGLStartupScene and adding to FXGLLoadingScene
06:00:20.409 [JavaFX Application Thread] DEBUG PrimaryStageWindow   - FXGLStartupScene -> FXGLLoadingScene
06:00:20.409 [JavaFX Application Thread] DEBUG GameApplicationServi - Clearing previous game
06:00:20.409 [JavaFX Application Thread] DEBUG GameScene            - Clearing game scene
06:00:20.409 [JavaFX Application Thread] DEBUG GameWorld            - Clearing game world
06:00:20.409 [JavaFX Application Thread] DEBUG PhysicsWorld         - Clearing physics world
06:00:20.413 [FXGL Background Thread 1 ] DEBUG FXGLApplication      - Initializing game
06:00:20.471 [FXGL Background Thread 1 ] WARN  TMXLevelLoader       - TiledMap generated from 1.11.0. Supported version: 1.9.0. Some features may not be parsed fully.
06:00:20.475 [FXGL Background Thread 1 ] DEBUG TMXLevelLoader       - Parsed TiledMap: file:/Users/ajaxestela/IdeaProjects/GitSomeSleep/Capstonee/target/classes/assets/levels/tmx/test.tmx
06:00:20.476 [FXGL Background Thread 1 ] DEBUG TMXLevelLoader       - Creating tile layer entities
06:00:20.476 [FXGL Background Thread 1 ] DEBUG TilesetLoader        - Loading view for layer Tile Layer 1
06:00:20.476 [FXGL Background Thread 1 ] DEBUG TilesetLoader        - Created buffer with size 320.0x320.0
06:00:20.479 [FXGL Background Thread 1 ] DEBUG TMXLevelLoader       - Creating object layer entities
06:00:20.489 [FXGL Background Thread 1 ] DEBUG GameWorld            - Clearing removable entities
06:00:20.489 [FXGL Background Thread 1 ] DEBUG GameWorld            - Setting level: com.almasb.fxgl.entity.level.Level@6985da62
06:00:20.494 [FXGL Background Thread 1 ] WARN  FXGLAssetLoaderServi - Asset "/assets/textures/player.png" was not found!
06:00:20.494 [FXGL Background Thread 1 ] WARN  FXGLAssetLoaderServi - Failed to load IMAGE
06:00:20.623 [FXGL Background Thread 1 ] DEBUG FXGLAssetLoaderServi - Loading from file system: file:/Users/ajaxestela/IdeaProjects/GitSomeSleep/Capstonee/target/classes/assets/textures/background/bruh.jpg
06:00:20.634 [FXGL Background Thread 4 ] DEBUG FXGLAssetLoaderServi - Loading from file system: jar:file:///Users/ajaxestela/.m2/repository/com/github/almasb/fxgl/21.1/fxgl-21.1.jar!/fxglassets/ui/fonts/Abel-Regular.ttf
06:00:20.637 [FXGL Background Thread 4 ] DEBUG FXGLAssetLoaderServi - Loading from file system: jar:file:///Users/ajaxestela/.m2/repository/com/github/almasb/fxgl/21.1/fxgl-21.1.jar!/fxglassets/ui/fonts/TerminalLandMono-Regular.otf
06:00:20.651 [FXGL Background Thread 4 ] DEBUG FXGLAssetLoaderServi - Loading from file system: jar:file:///Users/ajaxestela/.m2/repository/com/github/almasb/fxgl/21.1/fxgl-21.1.jar!/fxglassets/ui/fonts/Courier-Prime.ttf
06:00:20.657 [JavaFX Application Thread] DEBUG FXGLApplication      - Registering font factories with UI factory
06:00:20.688 [FXGL Background Thread 1 ] INFO  FXGLApplication      - Game initialization took: 0.275 sec
06:00:20.688 [JavaFX Application Thread] DEBUG Input                - Clearing active input actions
06:00:20.692 [JavaFX Application Thread] DEBUG GameApplicationServi - Removing overlay from FXGLLoadingScene and adding to GameScene
06:00:20.692 [JavaFX Application Thread] DEBUG PrimaryStageWindow   - FXGLLoadingScene -> GameScene
06:00:23.196 [JavaFX Application Thread] WARN  FXGLAssetLoaderServi - Asset "/assets/sounds/sounds/hit.wav" was not found!
06:00:23.196 [JavaFX Application Thread] WARN  FXGLAssetLoaderServi - Failed to load SOUND
06:00:23.197 [JavaFX Application Thread] WARN  FXGLAssetLoaderServi - Asset "/assets/sounds/sounds/miss.wav" was not found!
06:00:23.197 [JavaFX Application Thread] WARN  FXGLAssetLoaderServi - Failed to load SOUND
06:00:23.198 [JavaFX Application Thread] DEBUG FXGLAssetLoaderServi - Loading from file system: file:/Users/ajaxestela/IdeaProjects/GitSomeSleep/Capstonee/target/classes/assets/music/songs/desperato.wav
06:00:23.352 [FXGL Background Thread 3 ] DEBUG Engine               - Logging environment variables
06:00:23.353 [FXGL Background Thread 3 ] DEBUG Engine               - achievements: []
06:00:23.353 [FXGL Background Thread 3 ] DEBUG Engine               - actualHeight: 720.0
06:00:23.353 [FXGL Background Thread 3 ] DEBUG Engine               - actualHeightProperty: ReadOnlyDoubleProperty [value: 720.0]
06:00:23.353 [FXGL Background Thread 3 ] DEBUG Engine               - actualWidth: 1280.0
06:00:23.353 [FXGL Background Thread 3 ] DEBUG Engine               - actualWidthProperty: ReadOnlyDoubleProperty [value: 1280.0]
06:00:23.353 [FXGL Background Thread 3 ] DEBUG Engine               - appIcon: fxgl_icon.png
06:00:23.353 [FXGL Background Thread 3 ] DEBUG Engine               - applicationMode: DEVELOPER
06:00:23.353 [FXGL Background Thread 3 ] DEBUG Engine               - cSSList: [fxgl_dark.css]
06:00:23.353 [FXGL Background Thread 3 ] DEBUG Engine               - collisionDetectionStrategy: BRUTE_FORCE
06:00:23.353 [FXGL Background Thread 3 ] DEBUG Engine               - configClass: Optional.empty
06:00:23.353 [FXGL Background Thread 3 ] DEBUG Engine               - credits: []
06:00:23.353 [FXGL Background Thread 3 ] DEBUG Engine               - defaultCursor: CursorInfo(imageName=fxgl_default_cursor.png, hotspotX=7.0, hotspotY=6.0)
06:00:23.353 [FXGL Background Thread 3 ] DEBUG Engine               - devBBoxColorProperty: ObjectProperty [value: 0xff0000ff]
06:00:23.353 [FXGL Background Thread 3 ] DEBUG Engine               - devEnableDebugCameraProperty: BooleanProperty [value: false]
06:00:23.353 [FXGL Background Thread 3 ] DEBUG Engine               - devSensorColorProperty: ObjectProperty [value: 0xffff00ff]
06:00:23.353 [FXGL Background Thread 3 ] DEBUG Engine               - devShowBBoxProperty: BooleanProperty [value: false]
06:00:23.353 [FXGL Background Thread 3 ] DEBUG Engine               - devShowPositionProperty: BooleanProperty [value: false]
06:00:23.353 [FXGL Background Thread 3 ] DEBUG Engine               - enabledMenuItems: []
06:00:23.353 [FXGL Background Thread 3 ] DEBUG Engine               - engineServices: [class com.almasb.fxgl.app.services.FXGLAssetLoaderService, class com.almasb.fxgl.app.FXGLApplication$GameApplicationService, class com.almasb.fxgl.app.services.FXGLDialogService, class com.almasb.fxgl.app.services.IOTaskExecutorService, class com.almasb.fxgl.io.FileSystemService, class com.almasb.fxgl.localization.LocalizationService, class com.almasb.fxgl.app.services.SystemBundleService, class com.almasb.fxgl.profile.SaveLoadService, class com.almasb.fxgl.ui.FXGLUIFactoryServiceProvider, class com.almasb.fxgl.ui.FXGLDialogFactoryServiceProvider, class com.almasb.fxgl.audio.AudioPlayer, class com.almasb.fxgl.notification.impl.NotificationServiceProvider, class com.almasb.fxgl.achievement.AchievementService, class com.almasb.fxgl.cutscene.CutsceneService, class com.almasb.fxgl.minigames.MiniGameService, class com.almasb.fxgl.net.NetService, class com.almasb.fxgl.app.services.UpdaterService, class com.almasb.fxgl.dev.DevService]
06:00:23.353 [FXGL Background Thread 3 ] DEBUG Engine               - fontGame: Abel-Regular.ttf
06:00:23.353 [FXGL Background Thread 3 ] DEBUG Engine               - fontMono: TerminalLandMono-Regular.otf
06:00:23.353 [FXGL Background Thread 3 ] DEBUG Engine               - fontSizeScaleUI: 1.0
06:00:23.353 [FXGL Background Thread 3 ] DEBUG Engine               - fontText: Courier-Prime.ttf
06:00:23.353 [FXGL Background Thread 3 ] DEBUG Engine               - fontUI: VarelaRound-Regular.ttf
06:00:23.353 [FXGL Background Thread 3 ] DEBUG Engine               - fullScreen: BooleanProperty [value: false]
06:00:23.353 [FXGL Background Thread 3 ] DEBUG Engine               - gameDifficulty: MEDIUM
06:00:23.353 [FXGL Background Thread 3 ] DEBUG Engine               - gameDifficultyProperty: ObjectProperty [value: MEDIUM]
06:00:23.354 [FXGL Background Thread 3 ] DEBUG Engine               - globalMusicVolume: 0.5
06:00:23.354 [FXGL Background Thread 3 ] DEBUG Engine               - globalMusicVolumeProperty: DoubleProperty [value: 1.0]
06:00:23.354 [FXGL Background Thread 3 ] DEBUG Engine               - globalSoundVolume: 0.5
06:00:23.354 [FXGL Background Thread 3 ] DEBUG Engine               - globalSoundVolumeProperty: DoubleProperty [value: 1.0]
06:00:23.354 [FXGL Background Thread 3 ] DEBUG Engine               - height: 720
06:00:23.354 [FXGL Background Thread 3 ] DEBUG Engine               - is3D: false
06:00:23.354 [FXGL Background Thread 3 ] DEBUG Engine               - isAndroid: false
06:00:23.354 [FXGL Background Thread 3 ] DEBUG Engine               - isBrowser: false
06:00:23.354 [FXGL Background Thread 3 ] DEBUG Engine               - isClickFeedbackEnabled: false
06:00:23.354 [FXGL Background Thread 3 ] DEBUG Engine               - isCloseConfirmation: false
06:00:23.354 [FXGL Background Thread 3 ] DEBUG Engine               - isDesktop: true
06:00:23.354 [FXGL Background Thread 3 ] DEBUG Engine               - isDeveloperMenuEnabled: false
06:00:23.354 [FXGL Background Thread 3 ] DEBUG Engine               - isEmbedded: false
06:00:23.354 [FXGL Background Thread 3 ] DEBUG Engine               - isEntityPreloadEnabled: true
06:00:23.354 [FXGL Background Thread 3 ] DEBUG Engine               - isExperimentalTiledLargeMap: false
06:00:23.354 [FXGL Background Thread 3 ] DEBUG Engine               - isFileSystemWriteAllowed: true
06:00:23.354 [FXGL Background Thread 3 ] DEBUG Engine               - isFullScreenAllowed: false
06:00:23.354 [FXGL Background Thread 3 ] DEBUG Engine               - isFullScreenFromStart: false
06:00:23.354 [FXGL Background Thread 3 ] DEBUG Engine               - isGameMenuEnabled: true
06:00:23.354 [FXGL Background Thread 3 ] DEBUG Engine               - isIOS: false
06:00:23.354 [FXGL Background Thread 3 ] DEBUG Engine               - isIntroEnabled: false
06:00:23.354 [FXGL Background Thread 3 ] DEBUG Engine               - isLinux: false
06:00:23.354 [FXGL Background Thread 3 ] DEBUG Engine               - isMac: true
06:00:23.354 [FXGL Background Thread 3 ] DEBUG Engine               - isMainMenuEnabled: false
06:00:23.354 [FXGL Background Thread 3 ] DEBUG Engine               - isManualResizeEnabled: false
06:00:23.354 [FXGL Background Thread 3 ] DEBUG Engine               - isMobile: false
06:00:23.354 [FXGL Background Thread 3 ] DEBUG Engine               - isNative: false
06:00:23.354 [FXGL Background Thread 3 ] DEBUG Engine               - isPauseMusicWhenMinimized: true
06:00:23.354 [FXGL Background Thread 3 ] DEBUG Engine               - isPreserveResizeRatio: false
06:00:23.354 [FXGL Background Thread 3 ] DEBUG Engine               - isProfilingEnabled: false
06:00:23.354 [FXGL Background Thread 3 ] DEBUG Engine               - isScaleAffectedOnResize: true
06:00:23.354 [FXGL Background Thread 3 ] DEBUG Engine               - isSingleStep: false
06:00:23.354 [FXGL Background Thread 3 ] DEBUG Engine               - isUserProfileEnabled: false
06:00:23.354 [FXGL Background Thread 3 ] DEBUG Engine               - isWindows: false
06:00:23.354 [FXGL Background Thread 3 ] DEBUG Engine               - language: ObjectProperty [value: ENGLISH]
06:00:23.354 [FXGL Background Thread 3 ] DEBUG Engine               - menuKey: ESCAPE
06:00:23.354 [FXGL Background Thread 3 ] DEBUG Engine               - mouseSensitivity: 0.2
06:00:23.354 [FXGL Background Thread 3 ] DEBUG Engine               - notificationViewClass: class com.almasb.fxgl.notification.view.XboxNotificationView
06:00:23.354 [FXGL Background Thread 3 ] DEBUG Engine               - pixelsPerMeter: 50.0
06:00:23.354 [FXGL Background Thread 3 ] DEBUG Engine               - platform: MAC
06:00:23.354 [FXGL Background Thread 3 ] DEBUG Engine               - prefHeightProperty: ReadOnlyDoubleProperty [value: 720.0]
06:00:23.354 [FXGL Background Thread 3 ] DEBUG Engine               - prefWidthProperty: ReadOnlyDoubleProperty [value: 1280.0]
06:00:23.354 [FXGL Background Thread 3 ] DEBUG Engine               - profileDir: profiles/
06:00:23.354 [FXGL Background Thread 3 ] DEBUG Engine               - profileName: StringProperty [value: DEFAULT]
06:00:23.354 [FXGL Background Thread 3 ] DEBUG Engine               - randomSeed: -1
06:00:23.354 [FXGL Background Thread 3 ] DEBUG Engine               - runtimeInfo: RuntimeInfo(platform=MAC, version=21.1, build=27.03.2024 07.52)
06:00:23.354 [FXGL Background Thread 3 ] DEBUG Engine               - saveFileExt: sav
06:00:23.354 [FXGL Background Thread 3 ] DEBUG Engine               - scaledHeightProp$fxgl: DoubleProperty [bound, value: 720.0]
06:00:23.354 [FXGL Background Thread 3 ] DEBUG Engine               - scaledWidthProp$fxgl: DoubleProperty [bound, value: 1280.0]
06:00:23.355 [FXGL Background Thread 3 ] DEBUG Engine               - sceneFactory: com.almasb.fxgl.app.scene.SceneFactory@5f92b6f0
06:00:23.355 [FXGL Background Thread 3 ] DEBUG Engine               - secondsIn24h: 60
06:00:23.355 [FXGL Background Thread 3 ] DEBUG Engine               - soundMenuBack: menu/back.wav
06:00:23.355 [FXGL Background Thread 3 ] DEBUG Engine               - soundMenuPress: menu/press.wav
06:00:23.355 [FXGL Background Thread 3 ] DEBUG Engine               - soundMenuSelect: menu/select.wav
06:00:23.355 [FXGL Background Thread 3 ] DEBUG Engine               - soundNotification: core/notification.wav
06:00:23.355 [FXGL Background Thread 3 ] DEBUG Engine               - stageStyle: DECORATED
06:00:23.355 [FXGL Background Thread 3 ] DEBUG Engine               - supportedLanguages: [ENGLISH, FRENCH, GERMAN, HUNGARIAN, RUSSIAN]
06:00:23.355 [FXGL Background Thread 3 ] DEBUG Engine               - ticksPerSecond: -1
06:00:23.355 [FXGL Background Thread 3 ] DEBUG Engine               - title: Game App
06:00:23.355 [FXGL Background Thread 3 ] DEBUG Engine               - urlGithub: https://github.com/AlmasB/FXGL
06:00:23.355 [FXGL Background Thread 3 ] DEBUG Engine               - urlLeaderboard: http://fxgl-top.herokuapp.com/
06:00:23.355 [FXGL Background Thread 3 ] DEBUG Engine               - urlPOM: https://raw.githubusercontent.com/AlmasB/FXGL/release/README.md
06:00:23.355 [FXGL Background Thread 3 ] DEBUG Engine               - userAppClass: class org.example.capstonee.GameApp
06:00:23.355 [FXGL Background Thread 3 ] DEBUG Engine               - version: 0.1
06:00:23.355 [FXGL Background Thread 3 ] DEBUG Engine               - versionCheckDays: 7
06:00:23.355 [FXGL Background Thread 3 ] DEBUG Engine               - width: 1280
06:00:23.355 [FXGL Background Thread 3 ] DEBUG Engine               - Logging services
06:00:23.355 [FXGL Background Thread 3 ] DEBUG Engine               - class com.almasb.fxgl.app.services.FXGLAssetLoaderService
06:00:23.355 [FXGL Background Thread 3 ] DEBUG Engine               - class com.almasb.fxgl.app.FXGLApplication$GameApplicationService
06:00:23.355 [FXGL Background Thread 3 ] DEBUG Engine               - class com.almasb.fxgl.app.services.FXGLDialogService
06:00:23.355 [FXGL Background Thread 3 ] DEBUG Engine               - class com.almasb.fxgl.app.services.IOTaskExecutorService
06:00:23.355 [FXGL Background Thread 3 ] DEBUG Engine               - class com.almasb.fxgl.io.FileSystemService
06:00:23.355 [FXGL Background Thread 3 ] DEBUG Engine               - class com.almasb.fxgl.localization.LocalizationService
06:00:23.355 [FXGL Background Thread 3 ] DEBUG Engine               - class com.almasb.fxgl.app.services.SystemBundleService
06:00:23.355 [FXGL Background Thread 3 ] DEBUG Engine               - class com.almasb.fxgl.profile.SaveLoadService
06:00:23.355 [FXGL Background Thread 3 ] DEBUG Engine               - class com.almasb.fxgl.ui.FXGLUIFactoryServiceProvider
06:00:23.355 [FXGL Background Thread 3 ] DEBUG Engine               - class com.almasb.fxgl.ui.FXGLDialogFactoryServiceProvider
06:00:23.355 [FXGL Background Thread 3 ] DEBUG Engine               - class com.almasb.fxgl.audio.AudioPlayer
06:00:23.355 [FXGL Background Thread 3 ] DEBUG Engine               - class com.almasb.fxgl.notification.impl.NotificationServiceProvider
06:00:23.355 [FXGL Background Thread 3 ] DEBUG Engine               - class com.almasb.fxgl.achievement.AchievementService
06:00:23.355 [FXGL Background Thread 3 ] DEBUG Engine               - class com.almasb.fxgl.cutscene.CutsceneService
06:00:23.355 [FXGL Background Thread 3 ] DEBUG Engine               - class com.almasb.fxgl.minigames.MiniGameService
06:00:23.355 [FXGL Background Thread 3 ] DEBUG Engine               - class com.almasb.fxgl.net.NetService
06:00:23.355 [FXGL Background Thread 3 ] DEBUG Engine               - class com.almasb.fxgl.app.services.UpdaterService
06:00:23.355 [FXGL Background Thread 3 ] DEBUG Engine               - class com.almasb.fxgl.dev.DevService
06:00:24.250 [JavaFX Application Thread] DEBUG AudioPlayer          - Playing music com.almasb.fxgl.audio.Music@6d6cb231
06:00:27.890 [JavaFX Application Thread] DEBUG FXGLApplication      - Exiting FXGL
06:00:27.890 [JavaFX Application Thread] DEBUG LoopRunner           - Stopping loop
06:00:27.891 [JavaFX Application Thread] DEBUG SystemBundleService  - Saving FXGL system data
06:00:27.892 [JavaFX Application Thread] DEBUG FileSystemAccess     - Writing to: /Users/ajaxestela/IdeaProjects/GitSomeSleep/system/fxgl.bundle
06:00:27.893 [JavaFX Application Thread] DEBUG Async                - Shutting down background threads
06:00:27.893 [JavaFX Application Thread] DEBUG PrimaryStageWindow   - Closing main window
06:00:27.926 [JavaFX Application Thread] DEBUG Logger               - Closing Logger
