13:47:31.152 [main                     ] DEBUG Logger               - Configured Logger
13:47:31.176 [main                     ] DEBUG GameApplication      - Logging settings
Title: Platformer with Rhythm
Version: 0.2
Width: 1280
Height: 720
Fullscreen: false
Intro: false
Profiling: false
Single step:false
App Mode: DEVELOPER
Menu Key: ESCAPE
Stage Style: DECORATED
Scene Factory: class com.almasb.fxgl.app.scene.SceneFactory

13:47:31.790 [JavaFX Application Thread] DEBUG FXGLApplication      - Initializing FXGL
13:47:31.791 [JavaFX Application Thread] INFO  Engine               - FXGL-21.1 (27.03.2024 07.52) on MAC (J:23 FX:22.0.1)
13:47:31.792 [JavaFX Application Thread] DEBUG Engine               - JRE Vendor Name: Oracle Corporation
13:47:31.792 [JavaFX Application Thread] DEBUG Engine               - Running on OS: Mac OS X version 15.3.2
13:47:31.792 [JavaFX Application Thread] DEBUG Engine               - Architecture: aarch64
13:47:31.792 [JavaFX Application Thread] INFO  Engine               - Source code and latest versions at: https://github.com/AlmasB/FXGL
13:47:31.792 [JavaFX Application Thread] INFO  Engine               -       Ask questions and discuss at: https://github.com/AlmasB/FXGL/discussions
13:47:31.792 [JavaFX Application Thread] INFO  Engine               -              Join the FXGL chat at: https://gitter.im/AlmasB/FXGL
13:47:31.828 [JavaFX Application Thread] DEBUG PrimaryStageWindow   - Creating a JavaFX scene
13:47:31.846 [JavaFX Application Thread] DEBUG PrimaryStageWindow   - Target settings size: 1280.0 x 720.0
13:47:31.846 [JavaFX Application Thread] DEBUG PrimaryStageWindow   - Scaled scene size:    1280.0 x 720.0
13:47:31.846 [JavaFX Application Thread] DEBUG PrimaryStageWindow   - Scaled ratio: (1.0, 1.0)
13:47:31.846 [JavaFX Application Thread] DEBUG PrimaryStageWindow   - Set initial scene to FXGLStartupScene
13:47:31.847 [JavaFX Application Thread] DEBUG PrimaryStageWindow   - Opening main window
13:47:31.926 [JavaFX Application Thread] DEBUG PrimaryStageWindow   - Window border size: (0.0, 28.0)
13:47:31.927 [JavaFX Application Thread] DEBUG PrimaryStageWindow   - Scaled size: 1280.0 x 720.0
13:47:31.927 [JavaFX Application Thread] DEBUG PrimaryStageWindow   - Scaled ratio: (1.0, 1.0)
13:47:31.927 [JavaFX Application Thread] DEBUG PrimaryStageWindow   - Scene size: 1280.0 x 720.0
13:47:31.927 [JavaFX Application Thread] DEBUG PrimaryStageWindow   - Stage size: 1280.0 x 748.0
13:47:31.930 [FXGL Background Thread 1 ] DEBUG Engine               - Initializing environment variables
13:47:31.964 [FXGL Background Thread 1 ] DEBUG FXGLAssetLoaderServi - User app class for loading assets: class org.example.capstonee.GameApp
13:47:31.964 [FXGL Background Thread 1 ] DEBUG GameApplicationServi - Applying CSS: fxgl_dark.css
13:47:31.964 [FXGL Background Thread 1 ] DEBUG FXGLAssetLoaderServi - Loading from file system: jar:file:///Users/ajaxestela/.m2/repository/com/github/almasb/fxgl/21.1/fxgl-21.1.jar!/fxglassets/ui/css/fxgl_dark.css
13:47:31.985 [FXGL Background Thread 1 ] DEBUG GameApplicationServi - Initializing application scenes
13:47:32.094 [FXGL Background Thread 1 ] DEBUG GameWorld            - Game world initialized
13:47:32.119 [FXGL Background Thread 1 ] DEBUG PhysicsWorld         - Physics world initialized: appHeight=720, physics.ppm=50.0
13:47:32.119 [FXGL Background Thread 1 ] DEBUG PhysicsWorld         - Using strategy: BRUTE_FORCE
13:47:32.121 [FXGL Background Thread 1 ] DEBUG GameScene            - Game scene initialized: 1280x720
13:47:32.125 [FXGL Background Thread 1 ] DEBUG FXGL.DefaultMenu     - createMenuBodyMainMenu()
13:47:32.131 [FXGL Background Thread 1 ] DEBUG FXGL.DefaultMenu     - createOptionsMenu()
13:47:32.134 [FXGL Background Thread 1 ] DEBUG FXGLAssetLoaderServi - Loading from file system: jar:file:///Users/ajaxestela/.m2/repository/com/github/almasb/fxgl/21.1/fxgl-21.1.jar!/fxglassets/textures/particles/smoke.png
13:47:32.172 [FXGL Background Thread 1 ] DEBUG FXGLAssetLoaderServi - Loading from file system: jar:file:///Users/ajaxestela/.m2/repository/com/github/almasb/fxgl/21.1/fxgl-21.1.jar!/fxglassets/textures/particles/trace_horizontal.png
13:47:32.182 [FXGL Background Thread 1 ] DEBUG FXGL.DefaultMenu     - createMenuBodyGameMenu()
13:47:32.182 [FXGL Background Thread 1 ] DEBUG FXGL.DefaultMenu     - createOptionsMenu()
13:47:32.190 [FXGL Background Thread 1 ] DEBUG GameApplicationServi - Application scenes initialized
13:47:32.198 [FXGL Background Thread 1 ] DEBUG SystemBundleService  - Loading FXGL system data
13:47:32.201 [FXGL Background Thread 1 ] DEBUG FileSystemAccess     - Reading from: /Users/ajaxestela/IdeaProjects/GitSomeSleep/system/fxgl.bundle
13:47:32.204 [FXGL Background Thread 1 ] DEBUG SystemBundleService  - Bundle FXGL: {}
13:47:32.204 [FXGL Background Thread 1 ] DEBUG UpdaterService       - Checking for updates
13:47:32.205 [FXGL Background Thread 4 ] DEBUG FXGLApplication      - Loading fonts
13:47:32.205 [FXGL Background Thread 1 ] DEBUG FXGLApplication      - Loading default localization
13:47:32.205 [FXGL Background Thread 4 ] DEBUG FXGLAssetLoaderServi - Loading from file system: jar:file:///Users/ajaxestela/.m2/repository/com/github/almasb/fxgl/21.1/fxgl-21.1.jar!/fxglassets/ui/fonts/VarelaRound-Regular.ttf
13:47:32.205 [FXGL Background Thread 1 ] DEBUG FXGLAssetLoaderServi - Loading from file system: jar:file:///Users/ajaxestela/.m2/repository/com/github/almasb/fxgl/21.1/fxgl-21.1.jar!/fxglassets/languages/english.lang
13:47:32.213 [FXGL Background Thread 1 ] INFO  FXGLApplication      - FXGL initialization took: 0.283 sec
13:47:32.218 [JavaFX Application Thread] DEBUG Input                - Registered new binding: Left - A
13:47:32.218 [JavaFX Application Thread] DEBUG Input                - Registered new binding: Right - D
13:47:32.219 [JavaFX Application Thread] DEBUG Input                - Registered new binding: Jump - W
13:47:32.219 [JavaFX Application Thread] DEBUG Input                - Registered new binding: Interact / Confirm - E
13:47:32.219 [JavaFX Application Thread] DEBUG Input                - Registered new binding: RhythmLane0 - H
13:47:32.219 [JavaFX Application Thread] DEBUG Input                - Registered new binding: RhythmLane1 - J
13:47:32.219 [JavaFX Application Thread] DEBUG Input                - Registered new binding: RhythmLane2 - K
13:47:32.219 [JavaFX Application Thread] DEBUG Input                - Registered new binding: RhythmLane3 - L
13:47:32.219 [JavaFX Application Thread] DEBUG Input                - Registered new binding: RhythmStart - Space
13:47:32.219 [JavaFX Application Thread] DEBUG FXGLAssetLoaderServi - Loading from file system: jar:file:///Users/ajaxestela/.m2/repository/com/github/almasb/fxgl/21.1/fxgl-21.1.jar!/fxglassets/textures/fxgl_icon.png
13:47:32.230 [FXGL Background Thread 4 ] DEBUG FXGLAssetLoaderServi - Loading from file system: jar:file:///Users/ajaxestela/.m2/repository/com/github/almasb/fxgl/21.1/fxgl-21.1.jar!/fxglassets/ui/fonts/Abel-Regular.ttf
13:47:32.232 [FXGL Background Thread 4 ] DEBUG FXGLAssetLoaderServi - Loading from file system: jar:file:///Users/ajaxestela/.m2/repository/com/github/almasb/fxgl/21.1/fxgl-21.1.jar!/fxglassets/ui/fonts/TerminalLandMono-Regular.otf
13:47:32.235 [JavaFX Application Thread] DEBUG FXGLAssetLoaderServi - Loading from file system: jar:file:///Users/ajaxestela/.m2/repository/com/github/almasb/fxgl/21.1/fxgl-21.1.jar!/fxglassets/textures/fxgl_default_cursor.png
13:47:32.236 [FXGL Background Thread 4 ] DEBUG FXGLAssetLoaderServi - Loading from file system: jar:file:///Users/ajaxestela/.m2/repository/com/github/almasb/fxgl/21.1/fxgl-21.1.jar!/fxglassets/ui/fonts/Courier-Prime.ttf
13:47:32.236 [JavaFX Application Thread] DEBUG Input                - Registered new binding: Screenshot - CTRL+8
13:47:32.236 [JavaFX Application Thread] DEBUG Input                - Registered new binding: System info dump - CTRL+9
13:47:32.236 [JavaFX Application Thread] DEBUG Input                - Registered new binding: Restart - CTRL+R
13:47:32.236 [JavaFX Application Thread] DEBUG Input                - Registered new binding: Toggle Debug Camera - CTRL+7
13:47:32.237 [JavaFX Application Thread] DEBUG LoopRunner           - Starting loop
13:47:32.237 [JavaFX Application Thread] DEBUG LoopRunner           - Initializing JavaFX AnimationTimerLoop
13:47:32.238 [JavaFX Application Thread] DEBUG Input                - Clearing active input actions
13:47:32.241 [JavaFX Application Thread] DEBUG GameApplicationServi - Removing overlay from FXGLStartupScene and adding to FXGLMainMenuDummyScene
13:47:32.241 [JavaFX Application Thread] DEBUG PrimaryStageWindow   - FXGLStartupScene -> FXGLMainMenuDummyScene
13:47:32.241 [JavaFX Application Thread] DEBUG PrimaryStageWindow   - Push state: FXGLDefaultMenu
13:47:32.243 [JavaFX Application Thread] DEBUG Input                - Clearing active input actions
13:47:32.247 [JavaFX Application Thread] DEBUG GameApplicationServi - Removing overlay from FXGLMainMenuDummyScene and adding to FXGLDefaultMenu
13:47:32.247 [JavaFX Application Thread] DEBUG PrimaryStageWindow   - FXGLMainMenuDummyScene -> FXGLDefaultMenu
13:47:32.265 [JavaFX Application Thread] DEBUG FXGLApplication      - Registering font factories with UI factory
13:47:35.210 [FXGL Background Thread 3 ] DEBUG Engine               - Logging environment variables
13:47:35.210 [FXGL Background Thread 3 ] DEBUG Engine               - achievements: []
13:47:35.210 [FXGL Background Thread 3 ] DEBUG Engine               - actualHeight: 720.0
13:47:35.210 [FXGL Background Thread 3 ] DEBUG Engine               - actualHeightProperty: ReadOnlyDoubleProperty [value: 720.0]
13:47:35.210 [FXGL Background Thread 3 ] DEBUG Engine               - actualWidth: 1280.0
13:47:35.210 [FXGL Background Thread 3 ] DEBUG Engine               - actualWidthProperty: ReadOnlyDoubleProperty [value: 1280.0]
13:47:35.210 [FXGL Background Thread 3 ] DEBUG Engine               - appIcon: fxgl_icon.png
13:47:35.210 [FXGL Background Thread 3 ] DEBUG Engine               - applicationMode: DEVELOPER
13:47:35.210 [FXGL Background Thread 3 ] DEBUG Engine               - cSSList: [fxgl_dark.css]
13:47:35.210 [FXGL Background Thread 3 ] DEBUG Engine               - collisionDetectionStrategy: BRUTE_FORCE
13:47:35.210 [FXGL Background Thread 3 ] DEBUG Engine               - configClass: Optional.empty
13:47:35.210 [FXGL Background Thread 3 ] DEBUG Engine               - credits: []
13:47:35.210 [FXGL Background Thread 3 ] DEBUG Engine               - defaultCursor: CursorInfo(imageName=fxgl_default_cursor.png, hotspotX=7.0, hotspotY=6.0)
13:47:35.210 [FXGL Background Thread 3 ] DEBUG Engine               - devBBoxColorProperty: ObjectProperty [value: 0xff0000ff]
13:47:35.210 [FXGL Background Thread 3 ] DEBUG Engine               - devEnableDebugCameraProperty: BooleanProperty [value: false]
13:47:35.210 [FXGL Background Thread 3 ] DEBUG Engine               - devSensorColorProperty: ObjectProperty [value: 0xffff00ff]
13:47:35.211 [FXGL Background Thread 3 ] DEBUG Engine               - devShowBBoxProperty: BooleanProperty [value: false]
13:47:35.211 [FXGL Background Thread 3 ] DEBUG Engine               - devShowPositionProperty: BooleanProperty [value: false]
13:47:35.211 [FXGL Background Thread 3 ] DEBUG Engine               - enabledMenuItems: []
13:47:35.211 [FXGL Background Thread 3 ] DEBUG Engine               - engineServices: [class com.almasb.fxgl.app.services.FXGLAssetLoaderService, class com.almasb.fxgl.app.FXGLApplication$GameApplicationService, class com.almasb.fxgl.app.services.FXGLDialogService, class com.almasb.fxgl.app.services.IOTaskExecutorService, class com.almasb.fxgl.io.FileSystemService, class com.almasb.fxgl.localization.LocalizationService, class com.almasb.fxgl.app.services.SystemBundleService, class com.almasb.fxgl.profile.SaveLoadService, class com.almasb.fxgl.ui.FXGLUIFactoryServiceProvider, class com.almasb.fxgl.ui.FXGLDialogFactoryServiceProvider, class com.almasb.fxgl.audio.AudioPlayer, class com.almasb.fxgl.notification.impl.NotificationServiceProvider, class com.almasb.fxgl.achievement.AchievementService, class com.almasb.fxgl.cutscene.CutsceneService, class com.almasb.fxgl.minigames.MiniGameService, class com.almasb.fxgl.net.NetService, class com.almasb.fxgl.app.services.UpdaterService, class com.almasb.fxgl.dev.DevService]
13:47:35.211 [FXGL Background Thread 3 ] DEBUG Engine               - fontGame: Abel-Regular.ttf
13:47:35.211 [FXGL Background Thread 3 ] DEBUG Engine               - fontMono: TerminalLandMono-Regular.otf
13:47:35.211 [FXGL Background Thread 3 ] DEBUG Engine               - fontSizeScaleUI: 1.0
13:47:35.211 [FXGL Background Thread 3 ] DEBUG Engine               - fontText: Courier-Prime.ttf
13:47:35.211 [FXGL Background Thread 3 ] DEBUG Engine               - fontUI: VarelaRound-Regular.ttf
13:47:35.211 [FXGL Background Thread 3 ] DEBUG Engine               - fullScreen: BooleanProperty [value: false]
13:47:35.211 [FXGL Background Thread 3 ] DEBUG Engine               - gameDifficulty: MEDIUM
13:47:35.211 [FXGL Background Thread 3 ] DEBUG Engine               - gameDifficultyProperty: ObjectProperty [value: MEDIUM]
13:47:35.211 [FXGL Background Thread 3 ] DEBUG Engine               - globalMusicVolume: 0.5
13:47:35.211 [FXGL Background Thread 3 ] DEBUG Engine               - globalMusicVolumeProperty: DoubleProperty [value: 0.5]
13:47:35.211 [FXGL Background Thread 3 ] DEBUG Engine               - globalSoundVolume: 0.5
13:47:35.211 [FXGL Background Thread 3 ] DEBUG Engine               - globalSoundVolumeProperty: DoubleProperty [value: 0.5]
13:47:35.211 [FXGL Background Thread 3 ] DEBUG Engine               - height: 720
13:47:35.211 [FXGL Background Thread 3 ] DEBUG Engine               - is3D: false
13:47:35.211 [FXGL Background Thread 3 ] DEBUG Engine               - isAndroid: false
13:47:35.211 [FXGL Background Thread 3 ] DEBUG Engine               - isBrowser: false
13:47:35.211 [FXGL Background Thread 3 ] DEBUG Engine               - isClickFeedbackEnabled: false
13:47:35.211 [FXGL Background Thread 3 ] DEBUG Engine               - isCloseConfirmation: false
13:47:35.211 [FXGL Background Thread 3 ] DEBUG Engine               - isDesktop: true
13:47:35.211 [FXGL Background Thread 3 ] DEBUG Engine               - isDeveloperMenuEnabled: false
13:47:35.211 [FXGL Background Thread 3 ] DEBUG Engine               - isEmbedded: false
13:47:35.211 [FXGL Background Thread 3 ] DEBUG Engine               - isEntityPreloadEnabled: true
13:47:35.211 [FXGL Background Thread 3 ] DEBUG Engine               - isExperimentalTiledLargeMap: false
13:47:35.211 [FXGL Background Thread 3 ] DEBUG Engine               - isFileSystemWriteAllowed: true
13:47:35.211 [FXGL Background Thread 3 ] DEBUG Engine               - isFullScreenAllowed: false
13:47:35.211 [FXGL Background Thread 3 ] DEBUG Engine               - isFullScreenFromStart: false
13:47:35.211 [FXGL Background Thread 3 ] DEBUG Engine               - isGameMenuEnabled: true
13:47:35.211 [FXGL Background Thread 3 ] DEBUG Engine               - isIOS: false
13:47:35.211 [FXGL Background Thread 3 ] DEBUG Engine               - isIntroEnabled: false
13:47:35.211 [FXGL Background Thread 3 ] DEBUG Engine               - isLinux: false
13:47:35.211 [FXGL Background Thread 3 ] DEBUG Engine               - isMac: true
13:47:35.211 [FXGL Background Thread 3 ] DEBUG Engine               - isMainMenuEnabled: true
13:47:35.211 [FXGL Background Thread 3 ] DEBUG Engine               - isManualResizeEnabled: false
13:47:35.211 [FXGL Background Thread 3 ] DEBUG Engine               - isMobile: false
13:47:35.211 [FXGL Background Thread 3 ] DEBUG Engine               - isNative: false
13:47:35.211 [FXGL Background Thread 3 ] DEBUG Engine               - isPauseMusicWhenMinimized: true
13:47:35.211 [FXGL Background Thread 3 ] DEBUG Engine               - isPreserveResizeRatio: false
13:47:35.211 [FXGL Background Thread 3 ] DEBUG Engine               - isProfilingEnabled: false
13:47:35.211 [FXGL Background Thread 3 ] DEBUG Engine               - isScaleAffectedOnResize: true
13:47:35.211 [FXGL Background Thread 3 ] DEBUG Engine               - isSingleStep: false
13:47:35.212 [FXGL Background Thread 3 ] DEBUG Engine               - isUserProfileEnabled: false
13:47:35.212 [FXGL Background Thread 3 ] DEBUG Engine               - isWindows: false
13:47:35.212 [FXGL Background Thread 3 ] DEBUG Engine               - language: ObjectProperty [value: ENGLISH]
13:47:35.212 [FXGL Background Thread 3 ] DEBUG Engine               - menuKey: ESCAPE
13:47:35.212 [FXGL Background Thread 3 ] DEBUG Engine               - mouseSensitivity: 0.2
13:47:35.212 [FXGL Background Thread 3 ] DEBUG Engine               - notificationViewClass: class com.almasb.fxgl.notification.view.XboxNotificationView
13:47:35.212 [FXGL Background Thread 3 ] DEBUG Engine               - pixelsPerMeter: 50.0
13:47:35.212 [FXGL Background Thread 3 ] DEBUG Engine               - platform: MAC
13:47:35.212 [FXGL Background Thread 3 ] DEBUG Engine               - prefHeightProperty: ReadOnlyDoubleProperty [value: 720.0]
13:47:35.212 [FXGL Background Thread 3 ] DEBUG Engine               - prefWidthProperty: ReadOnlyDoubleProperty [value: 1280.0]
13:47:35.212 [FXGL Background Thread 3 ] DEBUG Engine               - profileDir: profiles/
13:47:35.212 [FXGL Background Thread 3 ] DEBUG Engine               - profileName: StringProperty [value: DEFAULT]
13:47:35.212 [FXGL Background Thread 3 ] DEBUG Engine               - randomSeed: -1
13:47:35.212 [FXGL Background Thread 3 ] DEBUG Engine               - runtimeInfo: RuntimeInfo(platform=MAC, version=21.1, build=27.03.2024 07.52)
13:47:35.212 [FXGL Background Thread 3 ] DEBUG Engine               - saveFileExt: sav
13:47:35.212 [FXGL Background Thread 3 ] DEBUG Engine               - scaledHeightProp$fxgl: DoubleProperty [bound, value: 720.0]
13:47:35.212 [FXGL Background Thread 3 ] DEBUG Engine               - scaledWidthProp$fxgl: DoubleProperty [bound, value: 1280.0]
13:47:35.212 [FXGL Background Thread 3 ] DEBUG Engine               - sceneFactory: com.almasb.fxgl.app.scene.SceneFactory@480d27a8
13:47:35.212 [FXGL Background Thread 3 ] DEBUG Engine               - secondsIn24h: 60
13:47:35.212 [FXGL Background Thread 3 ] DEBUG Engine               - soundMenuBack: menu/back.wav
13:47:35.212 [FXGL Background Thread 3 ] DEBUG Engine               - soundMenuPress: menu/press.wav
13:47:35.212 [FXGL Background Thread 3 ] DEBUG Engine               - soundMenuSelect: menu/select.wav
13:47:35.212 [FXGL Background Thread 3 ] DEBUG Engine               - soundNotification: core/notification.wav
13:47:35.212 [FXGL Background Thread 3 ] DEBUG Engine               - stageStyle: DECORATED
13:47:35.212 [FXGL Background Thread 3 ] DEBUG Engine               - supportedLanguages: [ENGLISH, FRENCH, GERMAN, HUNGARIAN, RUSSIAN]
13:47:35.212 [FXGL Background Thread 3 ] DEBUG Engine               - ticksPerSecond: -1
13:47:35.212 [FXGL Background Thread 3 ] DEBUG Engine               - title: Platformer with Rhythm
13:47:35.212 [FXGL Background Thread 3 ] DEBUG Engine               - urlGithub: https://github.com/AlmasB/FXGL
13:47:35.212 [FXGL Background Thread 3 ] DEBUG Engine               - urlLeaderboard: http://fxgl-top.herokuapp.com/
13:47:35.212 [FXGL Background Thread 3 ] DEBUG Engine               - urlPOM: https://raw.githubusercontent.com/AlmasB/FXGL/release/README.md
13:47:35.212 [FXGL Background Thread 3 ] DEBUG Engine               - userAppClass: class org.example.capstonee.GameApp
13:47:35.212 [FXGL Background Thread 3 ] DEBUG Engine               - version: 0.2
13:47:35.212 [FXGL Background Thread 3 ] DEBUG Engine               - versionCheckDays: 7
13:47:35.212 [FXGL Background Thread 3 ] DEBUG Engine               - width: 1280
13:47:35.212 [FXGL Background Thread 3 ] DEBUG Engine               - Logging services
13:47:35.212 [FXGL Background Thread 3 ] DEBUG Engine               - class com.almasb.fxgl.app.services.FXGLAssetLoaderService
13:47:35.212 [FXGL Background Thread 3 ] DEBUG Engine               - class com.almasb.fxgl.app.FXGLApplication$GameApplicationService
13:47:35.212 [FXGL Background Thread 3 ] DEBUG Engine               - class com.almasb.fxgl.app.services.FXGLDialogService
13:47:35.212 [FXGL Background Thread 3 ] DEBUG Engine               - class com.almasb.fxgl.app.services.IOTaskExecutorService
13:47:35.212 [FXGL Background Thread 3 ] DEBUG Engine               - class com.almasb.fxgl.io.FileSystemService
13:47:35.212 [FXGL Background Thread 3 ] DEBUG Engine               - class com.almasb.fxgl.localization.LocalizationService
13:47:35.212 [FXGL Background Thread 3 ] DEBUG Engine               - class com.almasb.fxgl.app.services.SystemBundleService
13:47:35.212 [FXGL Background Thread 3 ] DEBUG Engine               - class com.almasb.fxgl.profile.SaveLoadService
13:47:35.212 [FXGL Background Thread 3 ] DEBUG Engine               - class com.almasb.fxgl.ui.FXGLUIFactoryServiceProvider
13:47:35.212 [FXGL Background Thread 3 ] DEBUG Engine               - class com.almasb.fxgl.ui.FXGLDialogFactoryServiceProvider
13:47:35.212 [FXGL Background Thread 3 ] DEBUG Engine               - class com.almasb.fxgl.audio.AudioPlayer
13:47:35.213 [FXGL Background Thread 3 ] DEBUG Engine               - class com.almasb.fxgl.notification.impl.NotificationServiceProvider
13:47:35.213 [FXGL Background Thread 3 ] DEBUG Engine               - class com.almasb.fxgl.achievement.AchievementService
13:47:35.213 [FXGL Background Thread 3 ] DEBUG Engine               - class com.almasb.fxgl.cutscene.CutsceneService
13:47:35.213 [FXGL Background Thread 3 ] DEBUG Engine               - class com.almasb.fxgl.minigames.MiniGameService
13:47:35.213 [FXGL Background Thread 3 ] DEBUG Engine               - class com.almasb.fxgl.net.NetService
13:47:35.213 [FXGL Background Thread 3 ] DEBUG Engine               - class com.almasb.fxgl.app.services.UpdaterService
13:47:35.213 [FXGL Background Thread 3 ] DEBUG Engine               - class com.almasb.fxgl.dev.DevService
13:47:48.259 [JavaFX Application Thread] DEBUG Menu                 - fireNewGame()
13:47:48.259 [JavaFX Application Thread] DEBUG GameApplicationServi - Starting new game
13:47:48.260 [JavaFX Application Thread] DEBUG PrimaryStageWindow   - Pop state: FXGLDefaultMenu
13:47:48.260 [JavaFX Application Thread] DEBUG Input                - Clearing active input actions
13:47:48.261 [JavaFX Application Thread] DEBUG GameApplicationServi - Removing overlay from FXGLDefaultMenu and adding to FXGLMainMenuDummyScene
13:47:48.261 [JavaFX Application Thread] DEBUG PrimaryStageWindow   - FXGLMainMenuDummyScene <- FXGLDefaultMenu
13:47:48.261 [JavaFX Application Thread] DEBUG Input                - Clearing active input actions
13:47:48.265 [JavaFX Application Thread] DEBUG GameApplicationServi - Removing overlay from FXGLMainMenuDummyScene and adding to FXGLLoadingScene
13:47:48.265 [JavaFX Application Thread] DEBUG PrimaryStageWindow   - FXGLMainMenuDummyScene -> FXGLLoadingScene
13:47:48.265 [JavaFX Application Thread] DEBUG GameApplicationServi - Clearing previous game
13:47:48.265 [JavaFX Application Thread] DEBUG GameScene            - Clearing game scene
13:47:48.265 [JavaFX Application Thread] DEBUG GameWorld            - Clearing game world
13:47:48.265 [JavaFX Application Thread] DEBUG PhysicsWorld         - Clearing physics world
13:47:48.266 [FXGL Background Thread 2 ] DEBUG FXGLApplication      - Initializing game
13:47:48.267 [FXGL Background Thread 2 ] WARN  FXGLAssetLoaderServi - Asset "/assets/sounds/sounds/hit.wav" was not found!
13:47:48.267 [FXGL Background Thread 2 ] WARN  FXGLAssetLoaderServi - Failed to load SOUND
13:47:48.268 [FXGL Background Thread 2 ] WARN  FXGLAssetLoaderServi - Asset "/assets/sounds/sounds/miss.wav" was not found!
13:47:48.268 [FXGL Background Thread 2 ] WARN  FXGLAssetLoaderServi - Failed to load SOUND
13:47:48.300 [FXGL Background Thread 2 ] WARN  TMXLevelLoader       - TiledMap generated from 1.11.0. Supported version: 1.9.0. Some features may not be parsed fully.
13:47:48.302 [FXGL Background Thread 2 ] DEBUG TMXLevelLoader       - Parsed TiledMap: file:/Users/ajaxestela/IdeaProjects/GitSomeSleep/Capstonee/target/classes/assets/levels/tmx/test.tmx
13:47:48.303 [FXGL Background Thread 2 ] DEBUG TMXLevelLoader       - Creating tile layer entities
13:47:48.303 [FXGL Background Thread 2 ] DEBUG TilesetLoader        - Loading view for layer Tile Layer 1
13:47:48.303 [FXGL Background Thread 2 ] DEBUG TilesetLoader        - Created buffer with size 320.0x320.0
13:47:48.308 [FXGL Background Thread 2 ] DEBUG TMXLevelLoader       - Creating object layer entities
13:47:48.316 [FXGL Background Thread 2 ] DEBUG GameWorld            - Clearing removable entities
13:47:48.316 [FXGL Background Thread 2 ] DEBUG GameWorld            - Setting level: com.almasb.fxgl.entity.level.Level@63782d85
13:47:48.320 [FXGL Background Thread 2 ] WARN  FXGLAssetLoaderServi - Asset "/assets/textures/player.png" was not found!
13:47:48.320 [FXGL Background Thread 2 ] WARN  FXGLAssetLoaderServi - Failed to load IMAGE
13:47:48.326 [FXGL Background Thread 2 ] DEBUG FXGLAssetLoaderServi - Loading from file system: file:/Users/ajaxestela/IdeaProjects/GitSomeSleep/Capstonee/target/classes/assets/textures/background/bruh.jpg
13:47:48.366 [FXGL Background Thread 2 ] INFO  FXGLApplication      - Game initialization took: 0.100 sec
13:47:48.367 [JavaFX Application Thread] DEBUG Input                - Clearing active input actions
13:47:48.369 [JavaFX Application Thread] DEBUG GameApplicationServi - Removing overlay from FXGLLoadingScene and adding to GameScene
13:47:48.369 [JavaFX Application Thread] DEBUG PrimaryStageWindow   - FXGLLoadingScene -> GameScene
13:47:50.639 [JavaFX Application Thread] DEBUG FXGLAssetLoaderServi - Loading from file system: file:/Users/ajaxestela/IdeaProjects/GitSomeSleep/Capstonee/target/classes/assets/text/gameCutscene_sample1.txt
13:47:50.648 [JavaFX Application Thread] DEBUG Input                - Registered new binding: Next RPG Line - Enter
13:47:50.649 [JavaFX Application Thread] WARN  FXGLAssetLoaderServi - Asset "/assets/textures/bruh.png" was not found!
13:47:50.649 [JavaFX Application Thread] WARN  FXGLAssetLoaderServi - Failed to load IMAGE
13:47:50.649 [JavaFX Application Thread] DEBUG PrimaryStageWindow   - Push state: CutsceneScene
13:47:50.650 [JavaFX Application Thread] DEBUG Input                - Clearing active input actions
13:47:50.650 [JavaFX Application Thread] DEBUG GameApplicationServi - Removing overlay from GameScene and adding to CutsceneScene
13:47:50.650 [JavaFX Application Thread] DEBUG PrimaryStageWindow   - GameScene -> CutsceneScene
13:47:51.754 [JavaFX Application Thread] DEBUG FXGLAssetLoaderServi - Loading from file system: file:/Users/ajaxestela/IdeaProjects/GitSomeSleep/Capstonee/target/classes/assets/textures/tuntunsahur.png
13:47:52.763 [JavaFX Application Thread] DEBUG PrimaryStageWindow   - Pop state: CutsceneScene
13:47:52.764 [JavaFX Application Thread] DEBUG Input                - Clearing active input actions
13:47:52.764 [JavaFX Application Thread] DEBUG GameApplicationServi - Removing overlay from CutsceneScene and adding to GameScene
13:47:52.765 [JavaFX Application Thread] DEBUG PrimaryStageWindow   - GameScene <- CutsceneScene
13:47:52.782 [JavaFX Application Thread] WARN  FXGLAssetLoaderServi - Asset "/assets/textures/background/pixelatedliyue.jpg" was not found!
13:47:52.782 [JavaFX Application Thread] WARN  FXGLAssetLoaderServi - Failed to load IMAGE
13:47:52.786 [JavaFX Application Thread] DEBUG LoopRunner           - Stopping loop
13:47:52.787 [JavaFX Application Thread] FATAL FXGLApplication      - Uncaught Exception:
java.lang.RuntimeException: java.io.IOException: Error: Beatmap resource not found: sdf
	at org.example.capstonee/org.example.capstonee.Cutscene.CutsceneHandler.lambda$playCutscene$0(CutsceneHandler.java:45)
	at com.almasb.fxgl.core@21.1/com.almasb.fxgl.time.TimerAction.update(TimerAction.kt:69)
	at com.almasb.fxgl.core@21.1/com.almasb.fxgl.time.Timer.update(Timer.kt:38)
	at com.almasb.fxgl.scene@21.1/com.almasb.fxgl.scene.Scene.update(Scene.kt:104)
	at com.almasb.fxgl.all@21.1/com.almasb.fxgl.app.MainWindow$update$1.invoke(MainWindow.kt:121)
	at com.almasb.fxgl.all@21.1/com.almasb.fxgl.app.MainWindow$update$1.invoke(MainWindow.kt:121)
	at com.almasb.fxgl.core@21.1/com.almasb.fxgl.core.fsm.StateMachine.runOnActiveStates(StateMachine.kt:69)
	at com.almasb.fxgl.all@21.1/com.almasb.fxgl.app.MainWindow.update(MainWindow.kt:121)
	at com.almasb.fxgl.all@21.1/com.almasb.fxgl.app.FXGLApplication$GameApplicationService.onUpdate(FXGLApplication.kt:445)
	at com.almasb.fxgl.all@21.1/com.almasb.fxgl.app.Engine.loop(Engine.kt:134)
	at com.almasb.fxgl.all@21.1/com.almasb.fxgl.app.Engine.access$loop(Engine.kt:24)
	at com.almasb.fxgl.all@21.1/com.almasb.fxgl.app.Engine$loop$1.invoke(Engine.kt:28)
	at com.almasb.fxgl.all@21.1/com.almasb.fxgl.app.Engine$loop$1.invoke(Engine.kt:28)
	at com.almasb.fxgl.all@21.1/com.almasb.fxgl.app.LoopRunner.frame(LoopRunner.kt:103)
	at com.almasb.fxgl.all@21.1/com.almasb.fxgl.app.LoopRunner.access$frame(LoopRunner.kt:23)
	at com.almasb.fxgl.all@21.1/com.almasb.fxgl.app.LoopRunner$impl$2$1.onTick(LoopRunner.kt:57)
	at com.almasb.fxgl.all@21.1/com.almasb.fxgl.app.AnimationTimerLoop$timer$1.handle(LoopRunner.kt:137)
	at javafx.graphics@22.0.1/javafx.animation.AnimationTimer$AnimationTimerReceiver.lambda$handle$0(AnimationTimer.java:60)
	at java.base/java.security.AccessController.doPrivileged(AccessController.java:400)
	at javafx.graphics@22.0.1/javafx.animation.AnimationTimer$AnimationTimerReceiver.handle(AnimationTimer.java:59)
	at javafx.graphics@22.0.1/com.sun.scenario.animation.AbstractPrimaryTimer.timePulseImpl(AbstractPrimaryTimer.java:356)
	at javafx.graphics@22.0.1/com.sun.scenario.animation.AbstractPrimaryTimer$MainLoop.run(AbstractPrimaryTimer.java:266)
	at javafx.graphics@22.0.1/com.sun.javafx.tk.quantum.QuantumToolkit.pulse(QuantumToolkit.java:594)
	at javafx.graphics@22.0.1/com.sun.javafx.tk.quantum.QuantumToolkit.pulse(QuantumToolkit.java:578)
	at javafx.graphics@22.0.1/com.sun.javafx.tk.quantum.QuantumToolkit.pulseFromQueue(QuantumToolkit.java:571)
	at javafx.graphics@22.0.1/com.sun.javafx.tk.quantum.QuantumToolkit.lambda$runToolkit$11(QuantumToolkit.java:352)
	at javafx.graphics@22.0.1/com.sun.glass.ui.InvokeLaterDispatcher$Future.run(InvokeLaterDispatcher.java:95)
Caused by: java.io.IOException: Error: Beatmap resource not found: sdf
	at org.example.capstonee/org.example.capstonee.RhythmGame.BeatmapLoader.loadBeatmapFile(BeatmapLoader.java:26)
	at org.example.capstonee/org.example.capstonee.RhythmGame.RhythmGameManager.start(RhythmGameManager.java:151)
	at org.example.capstonee/org.example.capstonee.Cutscene.CutsceneHandler.lambda$playCutscene$0(CutsceneHandler.java:43)
	... 26 more

13:47:52.788 [JavaFX Application Thread] FATAL FXGLApplication      - Application will now exit
13:47:52.803 [JavaFX Application Thread] DEBUG PrimaryStageWindow   - Push state: ErrorSubScene
13:47:52.803 [JavaFX Application Thread] DEBUG Input                - Clearing active input actions
13:47:52.809 [JavaFX Application Thread] DEBUG GameApplicationServi - Removing overlay from GameScene and adding to ErrorSubScene
13:47:52.809 [JavaFX Application Thread] DEBUG PrimaryStageWindow   - GameScene -> ErrorSubScene
13:47:59.709 [JavaFX Application Thread] DEBUG FXGLApplication      - Exiting FXGL
13:47:59.709 [JavaFX Application Thread] DEBUG Async                - Shutting down background threads
13:47:59.709 [JavaFX Application Thread] DEBUG PrimaryStageWindow   - Closing main window
13:47:59.714 [JavaFX Application Thread] DEBUG Logger               - Closing Logger
