05:59:08.219 [main                     ] DEBUG Logger               - Configured Logger
05:59:08.229 [main                     ] DEBUG GameApplication      - Logging settings
Title: Game App
Version: 0.1
Width: 1280
Height: 720
Fullscreen: false
Intro: false
Profiling: false
Single step:false
App Mode: DEVELOPER
Menu Key: ESCAPE
Stage Style: DECORATED
Scene Factory: class com.almasb.fxgl.app.scene.SceneFactory

05:59:09.076 [JavaFX Application Thread] DEBUG FXGLApplication      - Initializing FXGL
05:59:09.078 [JavaFX Application Thread] INFO  Engine               - FXGL-21.1 (27.03.2024 07.52) on MAC (J:23.0.2 FX:22.0.1)
05:59:09.078 [JavaFX Application Thread] DEBUG Engine               - JRE Vendor Name: Homebrew
05:59:09.078 [JavaFX Application Thread] DEBUG Engine               - Running on OS: Mac OS X version 15.3.2
05:59:09.078 [JavaFX Application Thread] DEBUG Engine               - Architecture: aarch64
05:59:09.078 [JavaFX Application Thread] INFO  Engine               - Source code and latest versions at: https://github.com/AlmasB/FXGL
05:59:09.079 [JavaFX Application Thread] INFO  Engine               -       Ask questions and discuss at: https://github.com/AlmasB/FXGL/discussions
05:59:09.079 [JavaFX Application Thread] INFO  Engine               -              Join the FXGL chat at: https://gitter.im/AlmasB/FXGL
05:59:09.118 [JavaFX Application Thread] DEBUG PrimaryStageWindow   - Creating a JavaFX scene
05:59:09.152 [JavaFX Application Thread] DEBUG PrimaryStageWindow   - Target settings size: 1280.0 x 720.0
05:59:09.152 [JavaFX Application Thread] DEBUG PrimaryStageWindow   - Scaled scene size:    1280.0 x 720.0
05:59:09.152 [JavaFX Application Thread] DEBUG PrimaryStageWindow   - Scaled ratio: (1.0, 1.0)
05:59:09.152 [JavaFX Application Thread] DEBUG PrimaryStageWindow   - Set initial scene to FXGLStartupScene
05:59:09.153 [JavaFX Application Thread] DEBUG PrimaryStageWindow   - Opening main window
05:59:09.237 [JavaFX Application Thread] DEBUG PrimaryStageWindow   - Window border size: (0.0, 28.0)
05:59:09.237 [JavaFX Application Thread] DEBUG PrimaryStageWindow   - Scaled size: 1280.0 x 720.0
05:59:09.237 [JavaFX Application Thread] DEBUG PrimaryStageWindow   - Scaled ratio: (1.0, 1.0)
05:59:09.237 [JavaFX Application Thread] DEBUG PrimaryStageWindow   - Scene size: 1280.0 x 720.0
05:59:09.237 [JavaFX Application Thread] DEBUG PrimaryStageWindow   - Stage size: 1280.0 x 748.0
05:59:09.240 [FXGL Background Thread 1 ] DEBUG Engine               - Initializing environment variables
05:59:09.287 [FXGL Background Thread 1 ] DEBUG FXGLAssetLoaderServi - User app class for loading assets: class org.example.capstonee.GameApp
05:59:09.288 [FXGL Background Thread 1 ] DEBUG GameApplicationServi - Applying CSS: fxgl_dark.css
05:59:09.288 [FXGL Background Thread 1 ] DEBUG FXGLAssetLoaderServi - Loading from file system: jar:file:///Users/ajaxestela/.m2/repository/com/github/almasb/fxgl/21.1/fxgl-21.1.jar!/fxglassets/ui/css/fxgl_dark.css
05:59:09.313 [FXGL Background Thread 1 ] DEBUG GameApplicationServi - Initializing application scenes
05:59:09.586 [FXGL Background Thread 1 ] DEBUG GameWorld            - Game world initialized
05:59:09.654 [FXGL Background Thread 1 ] DEBUG PhysicsWorld         - Physics world initialized: appHeight=720, physics.ppm=50.0
05:59:09.655 [FXGL Background Thread 1 ] DEBUG PhysicsWorld         - Using strategy: BRUTE_FORCE
05:59:09.656 [FXGL Background Thread 1 ] DEBUG GameScene            - Game scene initialized: 1280x720
05:59:09.670 [FXGL Background Thread 1 ] DEBUG FXGL.DefaultMenu     - createMenuBodyGameMenu()
05:59:09.712 [FXGL Background Thread 1 ] DEBUG FXGL.DefaultMenu     - createOptionsMenu()
05:59:09.725 [FXGL Background Thread 1 ] DEBUG FXGLAssetLoaderServi - Loading from file system: jar:file:///Users/ajaxestela/.m2/repository/com/github/almasb/fxgl/21.1/fxgl-21.1.jar!/fxglassets/textures/particles/smoke.png
05:59:09.814 [FXGL Background Thread 1 ] DEBUG FXGLAssetLoaderServi - Loading from file system: jar:file:///Users/ajaxestela/.m2/repository/com/github/almasb/fxgl/21.1/fxgl-21.1.jar!/fxglassets/textures/particles/trace_horizontal.png
05:59:09.841 [FXGL Background Thread 1 ] DEBUG GameApplicationServi - Application scenes initialized
05:59:09.910 [FXGL Background Thread 1 ] DEBUG SystemBundleService  - Loading FXGL system data
05:59:09.918 [FXGL Background Thread 1 ] DEBUG FileSystemAccess     - Reading from: /Users/ajaxestela/IdeaProjects/GitSomeSleep/system/fxgl.bundle
05:59:10.009 [FXGL Background Thread 1 ] DEBUG SystemBundleService  - Bundle FXGL: {}
05:59:10.009 [FXGL Background Thread 1 ] DEBUG UpdaterService       - Checking for updates
05:59:10.011 [FXGL Background Thread 4 ] DEBUG FXGLApplication      - Loading fonts
05:59:10.012 [FXGL Background Thread 4 ] DEBUG FXGLAssetLoaderServi - Loading from file system: jar:file:///Users/ajaxestela/.m2/repository/com/github/almasb/fxgl/21.1/fxgl-21.1.jar!/fxglassets/ui/fonts/VarelaRound-Regular.ttf
05:59:10.013 [FXGL Background Thread 1 ] DEBUG FXGLApplication      - Loading default localization
05:59:10.013 [FXGL Background Thread 1 ] DEBUG FXGLAssetLoaderServi - Loading from file system: jar:file:///Users/ajaxestela/.m2/repository/com/github/almasb/fxgl/21.1/fxgl-21.1.jar!/fxglassets/languages/english.lang
05:59:10.028 [FXGL Background Thread 1 ] INFO  FXGLApplication      - FXGL initialization took: 0.788 sec
05:59:10.034 [JavaFX Application Thread] DEBUG Input                - Registered new binding: Left - A
05:59:10.034 [JavaFX Application Thread] DEBUG Input                - Registered new binding: Right - D
05:59:10.034 [JavaFX Application Thread] DEBUG Input                - Registered new binding: Jump - W
05:59:10.034 [JavaFX Application Thread] DEBUG Input                - Registered new binding: Interact - E
05:59:10.034 [JavaFX Application Thread] DEBUG Input                - Registered new binding: RhythmLane0 - F
05:59:10.034 [JavaFX Application Thread] DEBUG Input                - Registered new binding: RhythmLane1 - G
05:59:10.034 [JavaFX Application Thread] DEBUG Input                - Registered new binding: RhythmLane2 - H
05:59:10.034 [JavaFX Application Thread] DEBUG Input                - Registered new binding: RhythmLane3 - J
05:59:10.034 [JavaFX Application Thread] DEBUG Input                - Registered new binding: RhythmStart - Space
05:59:10.034 [JavaFX Application Thread] DEBUG FXGLAssetLoaderServi - Loading from file system: jar:file:///Users/ajaxestela/.m2/repository/com/github/almasb/fxgl/21.1/fxgl-21.1.jar!/fxglassets/textures/fxgl_icon.png
05:59:10.050 [FXGL Background Thread 4 ] DEBUG FXGLAssetLoaderServi - Loading from file system: jar:file:///Users/ajaxestela/.m2/repository/com/github/almasb/fxgl/21.1/fxgl-21.1.jar!/fxglassets/ui/fonts/Abel-Regular.ttf
05:59:10.055 [FXGL Background Thread 4 ] DEBUG FXGLAssetLoaderServi - Loading from file system: jar:file:///Users/ajaxestela/.m2/repository/com/github/almasb/fxgl/21.1/fxgl-21.1.jar!/fxglassets/ui/fonts/TerminalLandMono-Regular.otf
05:59:10.058 [JavaFX Application Thread] DEBUG FXGLAssetLoaderServi - Loading from file system: jar:file:///Users/ajaxestela/.m2/repository/com/github/almasb/fxgl/21.1/fxgl-21.1.jar!/fxglassets/textures/fxgl_default_cursor.png
05:59:10.059 [JavaFX Application Thread] DEBUG Input                - Registered new binding: Screenshot - CTRL+8
05:59:10.059 [JavaFX Application Thread] DEBUG Input                - Registered new binding: System info dump - CTRL+9
05:59:10.060 [JavaFX Application Thread] DEBUG Input                - Registered new binding: Restart - CTRL+R
05:59:10.060 [JavaFX Application Thread] DEBUG Input                - Registered new binding: Toggle Debug Camera - CTRL+7
05:59:10.061 [JavaFX Application Thread] DEBUG LoopRunner           - Starting loop
05:59:10.061 [JavaFX Application Thread] DEBUG LoopRunner           - Initializing JavaFX AnimationTimerLoop
05:59:10.062 [JavaFX Application Thread] DEBUG GameApplicationServi - Starting new game
05:59:10.062 [JavaFX Application Thread] DEBUG Input                - Clearing active input actions
05:59:10.067 [JavaFX Application Thread] DEBUG GameApplicationServi - Removing overlay from FXGLStartupScene and adding to FXGLLoadingScene
05:59:10.067 [JavaFX Application Thread] DEBUG PrimaryStageWindow   - FXGLStartupScene -> FXGLLoadingScene
05:59:10.067 [JavaFX Application Thread] DEBUG GameApplicationServi - Clearing previous game
05:59:10.067 [JavaFX Application Thread] DEBUG GameScene            - Clearing game scene
05:59:10.067 [JavaFX Application Thread] DEBUG GameWorld            - Clearing game world
05:59:10.067 [JavaFX Application Thread] DEBUG PhysicsWorld         - Clearing physics world
05:59:10.068 [FXGL Background Thread 4 ] DEBUG FXGLAssetLoaderServi - Loading from file system: jar:file:///Users/ajaxestela/.m2/repository/com/github/almasb/fxgl/21.1/fxgl-21.1.jar!/fxglassets/ui/fonts/Courier-Prime.ttf
05:59:10.068 [FXGL Background Thread 1 ] DEBUG FXGLApplication      - Initializing game
05:59:10.104 [JavaFX Application Thread] DEBUG FXGLApplication      - Registering font factories with UI factory
05:59:10.140 [FXGL Background Thread 1 ] WARN  TMXLevelLoader       - TiledMap generated from 1.11.0. Supported version: 1.9.0. Some features may not be parsed fully.
05:59:10.144 [FXGL Background Thread 1 ] DEBUG TMXLevelLoader       - Parsed TiledMap: file:/Users/ajaxestela/IdeaProjects/GitSomeSleep/Capstonee/target/classes/assets/levels/tmx/test.tmx
05:59:10.145 [FXGL Background Thread 1 ] DEBUG TMXLevelLoader       - Creating tile layer entities
05:59:10.145 [FXGL Background Thread 1 ] DEBUG TilesetLoader        - Loading view for layer Tile Layer 1
05:59:10.146 [FXGL Background Thread 1 ] DEBUG TilesetLoader        - Created buffer with size 320.0x320.0
05:59:10.152 [FXGL Background Thread 1 ] DEBUG TMXLevelLoader       - Creating object layer entities
05:59:10.163 [FXGL Background Thread 1 ] DEBUG GameWorld            - Clearing removable entities
05:59:10.163 [FXGL Background Thread 1 ] DEBUG GameWorld            - Setting level: com.almasb.fxgl.entity.level.Level@226d17ad
05:59:10.169 [FXGL Background Thread 1 ] WARN  FXGLAssetLoaderServi - Asset "/assets/textures/player.png" was not found!
05:59:10.169 [FXGL Background Thread 1 ] WARN  FXGLAssetLoaderServi - Failed to load IMAGE
05:59:10.222 [FXGL Background Thread 1 ] DEBUG FXGLAssetLoaderServi - Loading from file system: file:/Users/ajaxestela/IdeaProjects/GitSomeSleep/Capstonee/target/classes/assets/textures/background/bruh.jpg
05:59:10.287 [FXGL Background Thread 1 ] INFO  FXGLApplication      - Game initialization took: 0.219 sec
05:59:10.288 [JavaFX Application Thread] DEBUG Input                - Clearing active input actions
05:59:10.292 [JavaFX Application Thread] DEBUG GameApplicationServi - Removing overlay from FXGLLoadingScene and adding to GameScene
05:59:10.292 [JavaFX Application Thread] DEBUG PrimaryStageWindow   - FXGLLoadingScene -> GameScene
05:59:13.011 [FXGL Background Thread 3 ] DEBUG Engine               - Logging environment variables
05:59:13.012 [FXGL Background Thread 3 ] DEBUG Engine               - achievements: []
05:59:13.013 [FXGL Background Thread 3 ] DEBUG Engine               - actualHeight: 720.0
05:59:13.013 [FXGL Background Thread 3 ] DEBUG Engine               - actualHeightProperty: ReadOnlyDoubleProperty [value: 720.0]
05:59:13.013 [FXGL Background Thread 3 ] DEBUG Engine               - actualWidth: 1280.0
05:59:13.013 [FXGL Background Thread 3 ] DEBUG Engine               - actualWidthProperty: ReadOnlyDoubleProperty [value: 1280.0]
05:59:13.013 [FXGL Background Thread 3 ] DEBUG Engine               - appIcon: fxgl_icon.png
05:59:13.013 [FXGL Background Thread 3 ] DEBUG Engine               - applicationMode: DEVELOPER
05:59:13.013 [FXGL Background Thread 3 ] DEBUG Engine               - cSSList: [fxgl_dark.css]
05:59:13.013 [FXGL Background Thread 3 ] DEBUG Engine               - collisionDetectionStrategy: BRUTE_FORCE
05:59:13.013 [FXGL Background Thread 3 ] DEBUG Engine               - configClass: Optional.empty
05:59:13.013 [FXGL Background Thread 3 ] DEBUG Engine               - credits: []
05:59:13.014 [FXGL Background Thread 3 ] DEBUG Engine               - defaultCursor: CursorInfo(imageName=fxgl_default_cursor.png, hotspotX=7.0, hotspotY=6.0)
05:59:13.014 [FXGL Background Thread 3 ] DEBUG Engine               - devBBoxColorProperty: ObjectProperty [value: 0xff0000ff]
05:59:13.014 [FXGL Background Thread 3 ] DEBUG Engine               - devEnableDebugCameraProperty: BooleanProperty [value: false]
05:59:13.014 [FXGL Background Thread 3 ] DEBUG Engine               - devSensorColorProperty: ObjectProperty [value: 0xffff00ff]
05:59:13.015 [FXGL Background Thread 3 ] DEBUG Engine               - devShowBBoxProperty: BooleanProperty [value: false]
05:59:13.015 [FXGL Background Thread 3 ] DEBUG Engine               - devShowPositionProperty: BooleanProperty [value: false]
05:59:13.015 [FXGL Background Thread 3 ] DEBUG Engine               - enabledMenuItems: []
05:59:13.015 [FXGL Background Thread 3 ] DEBUG Engine               - engineServices: [class com.almasb.fxgl.app.services.FXGLAssetLoaderService, class com.almasb.fxgl.app.FXGLApplication$GameApplicationService, class com.almasb.fxgl.app.services.FXGLDialogService, class com.almasb.fxgl.app.services.IOTaskExecutorService, class com.almasb.fxgl.io.FileSystemService, class com.almasb.fxgl.localization.LocalizationService, class com.almasb.fxgl.app.services.SystemBundleService, class com.almasb.fxgl.profile.SaveLoadService, class com.almasb.fxgl.ui.FXGLUIFactoryServiceProvider, class com.almasb.fxgl.ui.FXGLDialogFactoryServiceProvider, class com.almasb.fxgl.audio.AudioPlayer, class com.almasb.fxgl.notification.impl.NotificationServiceProvider, class com.almasb.fxgl.achievement.AchievementService, class com.almasb.fxgl.cutscene.CutsceneService, class com.almasb.fxgl.minigames.MiniGameService, class com.almasb.fxgl.net.NetService, class com.almasb.fxgl.app.services.UpdaterService, class com.almasb.fxgl.dev.DevService]
05:59:13.015 [FXGL Background Thread 3 ] DEBUG Engine               - fontGame: Abel-Regular.ttf
05:59:13.015 [FXGL Background Thread 3 ] DEBUG Engine               - fontMono: TerminalLandMono-Regular.otf
05:59:13.015 [FXGL Background Thread 3 ] DEBUG Engine               - fontSizeScaleUI: 1.0
05:59:13.015 [FXGL Background Thread 3 ] DEBUG Engine               - fontText: Courier-Prime.ttf
05:59:13.015 [FXGL Background Thread 3 ] DEBUG Engine               - fontUI: VarelaRound-Regular.ttf
05:59:13.015 [FXGL Background Thread 3 ] DEBUG Engine               - fullScreen: BooleanProperty [value: false]
05:59:13.015 [FXGL Background Thread 3 ] DEBUG Engine               - gameDifficulty: MEDIUM
05:59:13.015 [FXGL Background Thread 3 ] DEBUG Engine               - gameDifficultyProperty: ObjectProperty [value: MEDIUM]
05:59:13.015 [FXGL Background Thread 3 ] DEBUG Engine               - globalMusicVolume: 0.5
05:59:13.015 [FXGL Background Thread 3 ] DEBUG Engine               - globalMusicVolumeProperty: DoubleProperty [value: 1.0]
05:59:13.015 [FXGL Background Thread 3 ] DEBUG Engine               - globalSoundVolume: 0.5
05:59:13.015 [FXGL Background Thread 3 ] DEBUG Engine               - globalSoundVolumeProperty: DoubleProperty [value: 1.0]
05:59:13.016 [FXGL Background Thread 3 ] DEBUG Engine               - height: 720
05:59:13.016 [FXGL Background Thread 3 ] DEBUG Engine               - is3D: false
05:59:13.016 [FXGL Background Thread 3 ] DEBUG Engine               - isAndroid: false
05:59:13.016 [FXGL Background Thread 3 ] DEBUG Engine               - isBrowser: false
05:59:13.016 [FXGL Background Thread 3 ] DEBUG Engine               - isClickFeedbackEnabled: false
05:59:13.016 [FXGL Background Thread 3 ] DEBUG Engine               - isCloseConfirmation: false
05:59:13.016 [FXGL Background Thread 3 ] DEBUG Engine               - isDesktop: true
05:59:13.017 [FXGL Background Thread 3 ] DEBUG Engine               - isDeveloperMenuEnabled: false
05:59:13.017 [FXGL Background Thread 3 ] DEBUG Engine               - isEmbedded: false
05:59:13.017 [FXGL Background Thread 3 ] DEBUG Engine               - isEntityPreloadEnabled: true
05:59:13.017 [FXGL Background Thread 3 ] DEBUG Engine               - isExperimentalTiledLargeMap: false
05:59:13.017 [FXGL Background Thread 3 ] DEBUG Engine               - isFileSystemWriteAllowed: true
05:59:13.017 [FXGL Background Thread 3 ] DEBUG Engine               - isFullScreenAllowed: false
05:59:13.017 [FXGL Background Thread 3 ] DEBUG Engine               - isFullScreenFromStart: false
05:59:13.017 [FXGL Background Thread 3 ] DEBUG Engine               - isGameMenuEnabled: true
05:59:13.017 [FXGL Background Thread 3 ] DEBUG Engine               - isIOS: false
05:59:13.017 [FXGL Background Thread 3 ] DEBUG Engine               - isIntroEnabled: false
05:59:13.017 [FXGL Background Thread 3 ] DEBUG Engine               - isLinux: false
05:59:13.017 [FXGL Background Thread 3 ] DEBUG Engine               - isMac: true
05:59:13.017 [FXGL Background Thread 3 ] DEBUG Engine               - isMainMenuEnabled: false
05:59:13.017 [FXGL Background Thread 3 ] DEBUG Engine               - isManualResizeEnabled: false
05:59:13.018 [FXGL Background Thread 3 ] DEBUG Engine               - isMobile: false
05:59:13.018 [FXGL Background Thread 3 ] DEBUG Engine               - isNative: false
05:59:13.018 [FXGL Background Thread 3 ] DEBUG Engine               - isPauseMusicWhenMinimized: true
05:59:13.018 [FXGL Background Thread 3 ] DEBUG Engine               - isPreserveResizeRatio: false
05:59:13.018 [FXGL Background Thread 3 ] DEBUG Engine               - isProfilingEnabled: false
05:59:13.018 [FXGL Background Thread 3 ] DEBUG Engine               - isScaleAffectedOnResize: true
05:59:13.018 [FXGL Background Thread 3 ] DEBUG Engine               - isSingleStep: false
05:59:13.018 [FXGL Background Thread 3 ] DEBUG Engine               - isUserProfileEnabled: false
05:59:13.018 [FXGL Background Thread 3 ] DEBUG Engine               - isWindows: false
05:59:13.018 [FXGL Background Thread 3 ] DEBUG Engine               - language: ObjectProperty [value: ENGLISH]
05:59:13.018 [FXGL Background Thread 3 ] DEBUG Engine               - menuKey: ESCAPE
05:59:13.018 [FXGL Background Thread 3 ] DEBUG Engine               - mouseSensitivity: 0.2
05:59:13.018 [FXGL Background Thread 3 ] DEBUG Engine               - notificationViewClass: class com.almasb.fxgl.notification.view.XboxNotificationView
05:59:13.018 [FXGL Background Thread 3 ] DEBUG Engine               - pixelsPerMeter: 50.0
05:59:13.018 [FXGL Background Thread 3 ] DEBUG Engine               - platform: MAC
05:59:13.018 [FXGL Background Thread 3 ] DEBUG Engine               - prefHeightProperty: ReadOnlyDoubleProperty [value: 720.0]
05:59:13.018 [FXGL Background Thread 3 ] DEBUG Engine               - prefWidthProperty: ReadOnlyDoubleProperty [value: 1280.0]
05:59:13.018 [FXGL Background Thread 3 ] DEBUG Engine               - profileDir: profiles/
05:59:13.018 [FXGL Background Thread 3 ] DEBUG Engine               - profileName: StringProperty [value: DEFAULT]
05:59:13.018 [FXGL Background Thread 3 ] DEBUG Engine               - randomSeed: -1
05:59:13.019 [FXGL Background Thread 3 ] DEBUG Engine               - runtimeInfo: RuntimeInfo(platform=MAC, version=21.1, build=27.03.2024 07.52)
05:59:13.019 [FXGL Background Thread 3 ] DEBUG Engine               - saveFileExt: sav
05:59:13.019 [FXGL Background Thread 3 ] DEBUG Engine               - scaledHeightProp$fxgl: DoubleProperty [bound, value: 720.0]
05:59:13.019 [FXGL Background Thread 3 ] DEBUG Engine               - scaledWidthProp$fxgl: DoubleProperty [bound, value: 1280.0]
05:59:13.019 [FXGL Background Thread 3 ] DEBUG Engine               - sceneFactory: com.almasb.fxgl.app.scene.SceneFactory@5f92b6f0
05:59:13.019 [FXGL Background Thread 3 ] DEBUG Engine               - secondsIn24h: 60
05:59:13.019 [FXGL Background Thread 3 ] DEBUG Engine               - soundMenuBack: menu/back.wav
05:59:13.019 [FXGL Background Thread 3 ] DEBUG Engine               - soundMenuPress: menu/press.wav
05:59:13.019 [FXGL Background Thread 3 ] DEBUG Engine               - soundMenuSelect: menu/select.wav
05:59:13.019 [FXGL Background Thread 3 ] DEBUG Engine               - soundNotification: core/notification.wav
05:59:13.020 [FXGL Background Thread 3 ] DEBUG Engine               - stageStyle: DECORATED
05:59:13.020 [FXGL Background Thread 3 ] DEBUG Engine               - supportedLanguages: [ENGLISH, FRENCH, GERMAN, HUNGARIAN, RUSSIAN]
05:59:13.020 [FXGL Background Thread 3 ] DEBUG Engine               - ticksPerSecond: -1
05:59:13.020 [FXGL Background Thread 3 ] DEBUG Engine               - title: Game App
05:59:13.020 [FXGL Background Thread 3 ] DEBUG Engine               - urlGithub: https://github.com/AlmasB/FXGL
05:59:13.020 [FXGL Background Thread 3 ] DEBUG Engine               - urlLeaderboard: http://fxgl-top.herokuapp.com/
05:59:13.020 [FXGL Background Thread 3 ] DEBUG Engine               - urlPOM: https://raw.githubusercontent.com/AlmasB/FXGL/release/README.md
05:59:13.020 [FXGL Background Thread 3 ] DEBUG Engine               - userAppClass: class org.example.capstonee.GameApp
05:59:13.020 [FXGL Background Thread 3 ] DEBUG Engine               - version: 0.1
05:59:13.020 [FXGL Background Thread 3 ] DEBUG Engine               - versionCheckDays: 7
05:59:13.020 [FXGL Background Thread 3 ] DEBUG Engine               - width: 1280
05:59:13.020 [FXGL Background Thread 3 ] DEBUG Engine               - Logging services
05:59:13.020 [FXGL Background Thread 3 ] DEBUG Engine               - class com.almasb.fxgl.app.services.FXGLAssetLoaderService
05:59:13.020 [FXGL Background Thread 3 ] DEBUG Engine               - class com.almasb.fxgl.app.FXGLApplication$GameApplicationService
05:59:13.021 [FXGL Background Thread 3 ] DEBUG Engine               - class com.almasb.fxgl.app.services.FXGLDialogService
05:59:13.021 [FXGL Background Thread 3 ] DEBUG Engine               - class com.almasb.fxgl.app.services.IOTaskExecutorService
05:59:13.021 [FXGL Background Thread 3 ] DEBUG Engine               - class com.almasb.fxgl.io.FileSystemService
05:59:13.021 [FXGL Background Thread 3 ] DEBUG Engine               - class com.almasb.fxgl.localization.LocalizationService
05:59:13.021 [FXGL Background Thread 3 ] DEBUG Engine               - class com.almasb.fxgl.app.services.SystemBundleService
05:59:13.021 [FXGL Background Thread 3 ] DEBUG Engine               - class com.almasb.fxgl.profile.SaveLoadService
05:59:13.021 [FXGL Background Thread 3 ] DEBUG Engine               - class com.almasb.fxgl.ui.FXGLUIFactoryServiceProvider
05:59:13.021 [FXGL Background Thread 3 ] DEBUG Engine               - class com.almasb.fxgl.ui.FXGLDialogFactoryServiceProvider
05:59:13.021 [FXGL Background Thread 3 ] DEBUG Engine               - class com.almasb.fxgl.audio.AudioPlayer
05:59:13.021 [FXGL Background Thread 3 ] DEBUG Engine               - class com.almasb.fxgl.notification.impl.NotificationServiceProvider
05:59:13.021 [FXGL Background Thread 3 ] DEBUG Engine               - class com.almasb.fxgl.achievement.AchievementService
05:59:13.021 [FXGL Background Thread 3 ] DEBUG Engine               - class com.almasb.fxgl.cutscene.CutsceneService
05:59:13.021 [FXGL Background Thread 3 ] DEBUG Engine               - class com.almasb.fxgl.minigames.MiniGameService
05:59:13.021 [FXGL Background Thread 3 ] DEBUG Engine               - class com.almasb.fxgl.net.NetService
05:59:13.021 [FXGL Background Thread 3 ] DEBUG Engine               - class com.almasb.fxgl.app.services.UpdaterService
05:59:13.021 [FXGL Background Thread 3 ] DEBUG Engine               - class com.almasb.fxgl.dev.DevService
05:59:13.058 [JavaFX Application Thread] WARN  FXGLAssetLoaderServi - Asset "/assets/sounds/sounds/hit.wav" was not found!
05:59:13.059 [JavaFX Application Thread] WARN  FXGLAssetLoaderServi - Failed to load SOUND
05:59:13.059 [JavaFX Application Thread] WARN  FXGLAssetLoaderServi - Asset "/assets/sounds/sounds/miss.wav" was not found!
05:59:13.059 [JavaFX Application Thread] WARN  FXGLAssetLoaderServi - Failed to load SOUND
05:59:13.060 [JavaFX Application Thread] DEBUG FXGLAssetLoaderServi - Loading from file system: file:/Users/ajaxestela/IdeaProjects/GitSomeSleep/Capstonee/target/classes/assets/music/songs/desperato.wav
05:59:15.831 [JavaFX Application Thread] DEBUG AudioPlayer          - Playing music com.almasb.fxgl.audio.Music@5e8de05d
05:59:31.453 [JavaFX Application Thread] DEBUG FXGLApplication      - Exiting FXGL
05:59:31.453 [JavaFX Application Thread] DEBUG LoopRunner           - Stopping loop
05:59:31.454 [JavaFX Application Thread] DEBUG SystemBundleService  - Saving FXGL system data
05:59:31.459 [JavaFX Application Thread] DEBUG FileSystemAccess     - Writing to: /Users/ajaxestela/IdeaProjects/GitSomeSleep/system/fxgl.bundle
05:59:31.465 [JavaFX Application Thread] DEBUG Async                - Shutting down background threads
05:59:31.465 [JavaFX Application Thread] DEBUG PrimaryStageWindow   - Closing main window
05:59:31.477 [JavaFX Application Thread] DEBUG Logger               - Closing Logger
