22:27:55.710 [main                     ] DEBUG Logger               - Configured Logger
22:27:55.731 [main                     ] DEBUG GameApplication      - Logging settings
Title: Rhythm Impact
Version: 1.0
Width: 1280
Height: 720
Fullscreen: false
Intro: false
Profiling: false
Single step:false
App Mode: DEVELOPER
Menu Key: ESCAPE
Stage Style: DECORATED
Scene Factory: class org.example.capstonee.Menu.MenuSceneFactory

22:27:56.181 [JavaFX Application Thread] DEBUG FXGLApplication      - Initializing FXGL
22:27:56.183 [JavaFX Application Thread] INFO  Engine               - FXGL-21.1 (27.03.2024 07.52) on WINDOWS (J:23.0.1 FX:22.0.1)
22:27:56.185 [JavaFX Application Thread] DEBUG Engine               - JRE Vendor Name: Oracle Corporation
22:27:56.185 [JavaFX Application Thread] DEBUG Engine               - Running on OS: Windows 11 version 10.0
22:27:56.185 [JavaFX Application Thread] DEBUG Engine               - Architecture: amd64
22:27:56.185 [JavaFX Application Thread] INFO  Engine               - Source code and latest versions at: https://github.com/AlmasB/FXGL
22:27:56.185 [JavaFX Application Thread] INFO  Engine               -       Ask questions and discuss at: https://github.com/AlmasB/FXGL/discussions
22:27:56.185 [JavaFX Application Thread] INFO  Engine               -              Join the FXGL chat at: https://gitter.im/AlmasB/FXGL
22:27:56.269 [JavaFX Application Thread] DEBUG PrimaryStageWindow   - Creating a JavaFX scene
22:27:56.308 [JavaFX Application Thread] DEBUG PrimaryStageWindow   - Target settings size: 1280.0 x 720.0
22:27:56.308 [JavaFX Application Thread] DEBUG PrimaryStageWindow   - Scaled scene size:    1280.0 x 720.0
22:27:56.308 [JavaFX Application Thread] DEBUG PrimaryStageWindow   - Scaled ratio: (1.0, 1.0)
22:27:56.308 [JavaFX Application Thread] DEBUG PrimaryStageWindow   - Set initial scene to FXGLStartupScene
22:27:56.311 [JavaFX Application Thread] DEBUG PrimaryStageWindow   - Opening main window
22:27:56.638 [JavaFX Application Thread] DEBUG PrimaryStageWindow   - Window border size: (16.0, 39.0)
22:27:56.639 [JavaFX Application Thread] DEBUG PrimaryStageWindow   - Scaled size: 1280.0 x 720.0
22:27:56.639 [JavaFX Application Thread] DEBUG PrimaryStageWindow   - Scaled ratio: (1.0, 1.0)
22:27:56.639 [JavaFX Application Thread] DEBUG PrimaryStageWindow   - Scene size: 1280.0 x 720.0
22:27:56.639 [JavaFX Application Thread] DEBUG PrimaryStageWindow   - Stage size: 1296.0 x 759.0
22:27:56.652 [FXGL Background Thread 1 ] DEBUG Engine               - Initializing environment variables
22:27:56.786 [FXGL Background Thread 1 ] DEBUG FXGLAssetLoaderServi - User app class for loading assets: class org.example.capstonee.GameApp
22:27:56.786 [FXGL Background Thread 1 ] DEBUG GameApplicationServi - Applying CSS: fxgl_dark.css
22:27:56.788 [FXGL Background Thread 1 ] DEBUG FXGLAssetLoaderServi - Loading from file system: jar:file:/C:/Users/Shaun/.m2/repository/com/github/almasb/fxgl/21.1/fxgl-21.1.jar!/fxglassets/ui/css/fxgl_dark.css
22:27:56.864 [FXGL Background Thread 1 ] DEBUG GameApplicationServi - Initializing application scenes
22:27:56.912 [FXGL Background Thread 1 ] DEBUG GameWorld            - Game world initialized
22:27:56.968 [FXGL Background Thread 1 ] DEBUG PhysicsWorld         - Physics world initialized: appHeight=720, physics.ppm=50.0
22:27:56.968 [FXGL Background Thread 1 ] DEBUG PhysicsWorld         - Using strategy: BRUTE_FORCE
22:27:56.972 [FXGL Background Thread 1 ] DEBUG GameScene            - Game scene initialized: 1280x720
22:27:56.978 [FXGL Background Thread 1 ] WARN  FXGLAssetLoaderServi - Asset "/assets/music/music/menu_theme.wav" was not found!
22:27:56.978 [FXGL Background Thread 1 ] WARN  FXGLAssetLoaderServi - Failed to load MUSIC
22:27:56.982 [FXGL Background Thread 1 ] DEBUG FXGLAssetLoaderServi - Loading from file system: file:/C:/Users/Shaun/Documents/JAVA%20CODES/furRhythm-v2/GitSomeSleep/Capstonee/target/classes/assets/textures/background/nearest4.png
22:27:57.019 [FXGL Background Thread 1 ] DEBUG FXGLAssetLoaderServi - Loading from file system: file:/C:/Users/Shaun/Documents/JAVA%20CODES/furRhythm-v2/GitSomeSleep/Capstonee/target/classes/assets/textures/background/nearest3.png
22:27:57.041 [FXGL Background Thread 1 ] DEBUG FXGLAssetLoaderServi - Loading from file system: file:/C:/Users/Shaun/Documents/JAVA%20CODES/furRhythm-v2/GitSomeSleep/Capstonee/target/classes/assets/textures/background/nearest2.png
22:27:57.047 [FXGL Background Thread 1 ] DEBUG FXGLAssetLoaderServi - Loading from file system: file:/C:/Users/Shaun/Documents/JAVA%20CODES/furRhythm-v2/GitSomeSleep/Capstonee/target/classes/assets/textures/background/%20nearest1.png
22:27:57.078 [FXGL Background Thread 1 ] DEBUG GameApplicationServi - Application scenes initialized
22:27:57.099 [FXGL Background Thread 1 ] DEBUG SystemBundleService  - Loading FXGL system data
22:27:57.103 [FXGL Background Thread 1 ] DEBUG FileSystemAccess     - Reading from: C:\Users\Shaun\Documents\JAVA CODES\furRhythm-v2\GitSomeSleep\system\fxgl.bundle
22:27:57.111 [FXGL Background Thread 1 ] DEBUG SystemBundleService  - Bundle FXGL: {}
22:27:57.111 [FXGL Background Thread 1 ] DEBUG UpdaterService       - Checking for updates
22:27:57.119 [FXGL Background Thread 4 ] DEBUG FXGLApplication      - Loading fonts
22:27:57.119 [FXGL Background Thread 4 ] DEBUG FXGLAssetLoaderServi - Loading from file system: jar:file:/C:/Users/Shaun/.m2/repository/com/github/almasb/fxgl/21.1/fxgl-21.1.jar!/fxglassets/ui/fonts/VarelaRound-Regular.ttf
22:27:57.119 [FXGL Background Thread 1 ] DEBUG FXGLApplication      - Loading default localization
22:27:57.120 [FXGL Background Thread 1 ] DEBUG FXGLAssetLoaderServi - Loading from file system: jar:file:/C:/Users/Shaun/.m2/repository/com/github/almasb/fxgl/21.1/fxgl-21.1.jar!/fxglassets/languages/english.lang
22:27:57.155 [FXGL Background Thread 1 ] INFO  FXGLApplication      - FXGL initialization took: 0.503 sec
22:27:57.161 [FXGL Background Thread 4 ] DEBUG FXGLAssetLoaderServi - Loading from file system: jar:file:/C:/Users/Shaun/.m2/repository/com/github/almasb/fxgl/21.1/fxgl-21.1.jar!/fxglassets/ui/fonts/Abel-Regular.ttf
22:27:57.165 [JavaFX Application Thread] DEBUG Input                - Registered new binding: RhythmLane0 - H
22:27:57.165 [JavaFX Application Thread] DEBUG Input                - Registered new binding: RhythmLane1 - J
22:27:57.166 [FXGL Background Thread 4 ] DEBUG FXGLAssetLoaderServi - Loading from file system: jar:file:/C:/Users/Shaun/.m2/repository/com/github/almasb/fxgl/21.1/fxgl-21.1.jar!/fxglassets/ui/fonts/TerminalLandMono-Regular.otf
22:27:57.166 [JavaFX Application Thread] DEBUG Input                - Registered new binding: RhythmLane2 - K
22:27:57.166 [JavaFX Application Thread] DEBUG Input                - Registered new binding: RhythmLane3 - L
22:27:57.166 [JavaFX Application Thread] DEBUG Input                - Registered new binding: RhythmStart - Space
22:27:57.168 [JavaFX Application Thread] DEBUG FXGLAssetLoaderServi - Loading from file system: jar:file:/C:/Users/Shaun/.m2/repository/com/github/almasb/fxgl/21.1/fxgl-21.1.jar!/fxglassets/textures/fxgl_icon.png
22:27:57.171 [FXGL Background Thread 4 ] DEBUG FXGLAssetLoaderServi - Loading from file system: jar:file:/C:/Users/Shaun/.m2/repository/com/github/almasb/fxgl/21.1/fxgl-21.1.jar!/fxglassets/ui/fonts/Courier-Prime.ttf
22:27:57.189 [JavaFX Application Thread] DEBUG FXGLAssetLoaderServi - Loading from file system: jar:file:/C:/Users/Shaun/.m2/repository/com/github/almasb/fxgl/21.1/fxgl-21.1.jar!/fxglassets/textures/fxgl_default_cursor.png
22:27:57.193 [JavaFX Application Thread] DEBUG Input                - Registered new binding: Screenshot - CTRL+8
22:27:57.194 [JavaFX Application Thread] DEBUG Input                - Registered new binding: System info dump - CTRL+9
22:27:57.194 [JavaFX Application Thread] DEBUG Input                - Registered new binding: Restart - CTRL+R
22:27:57.197 [JavaFX Application Thread] DEBUG Input                - Registered new binding: Toggle Debug Camera - CTRL+7
22:27:57.202 [JavaFX Application Thread] DEBUG LoopRunner           - Starting loop
22:27:57.202 [JavaFX Application Thread] DEBUG LoopRunner           - Initializing JavaFX AnimationTimerLoop
22:27:57.206 [JavaFX Application Thread] DEBUG Input                - Clearing active input actions
22:27:57.211 [JavaFX Application Thread] DEBUG GameApplicationServi - Removing overlay from FXGLStartupScene and adding to FXGLMainMenuDummyScene
22:27:57.212 [JavaFX Application Thread] DEBUG PrimaryStageWindow   - FXGLStartupScene -> FXGLMainMenuDummyScene
22:27:57.212 [JavaFX Application Thread] DEBUG PrimaryStageWindow   - Push state: MainMenu
22:27:57.212 [JavaFX Application Thread] DEBUG Input                - Clearing active input actions
22:27:57.230 [JavaFX Application Thread] DEBUG GameApplicationServi - Removing overlay from FXGLMainMenuDummyScene and adding to MainMenu
22:27:57.230 [JavaFX Application Thread] DEBUG PrimaryStageWindow   - FXGLMainMenuDummyScene -> MainMenu
22:27:57.327 [JavaFX Application Thread] DEBUG FXGLApplication      - Registering font factories with UI factory
22:27:58.075 [JavaFX Application Thread] DEBUG PrimaryStageWindow   - Push state: DialogSubScene
22:27:58.075 [JavaFX Application Thread] DEBUG Input                - Clearing active input actions
22:27:58.076 [JavaFX Application Thread] DEBUG GameApplicationServi - Removing overlay from MainMenu and adding to DialogSubScene
22:27:58.076 [JavaFX Application Thread] DEBUG PrimaryStageWindow   - MainMenu -> DialogSubScene
22:28:00.117 [FXGL Background Thread 3 ] DEBUG Engine               - Logging environment variables
22:28:00.118 [FXGL Background Thread 3 ] DEBUG Engine               - achievements: []
22:28:00.118 [FXGL Background Thread 3 ] DEBUG Engine               - actualHeight: 720.0
22:28:00.118 [FXGL Background Thread 3 ] DEBUG Engine               - actualHeightProperty: ReadOnlyDoubleProperty [value: 720.0]
22:28:00.118 [FXGL Background Thread 3 ] DEBUG Engine               - actualWidth: 1280.0
22:28:00.118 [FXGL Background Thread 3 ] DEBUG Engine               - actualWidthProperty: ReadOnlyDoubleProperty [value: 1280.0]
22:28:00.118 [FXGL Background Thread 3 ] DEBUG Engine               - appIcon: fxgl_icon.png
22:28:00.118 [FXGL Background Thread 3 ] DEBUG Engine               - applicationMode: DEVELOPER
22:28:00.118 [FXGL Background Thread 3 ] DEBUG Engine               - cSSList: [fxgl_dark.css]
22:28:00.118 [FXGL Background Thread 3 ] DEBUG Engine               - collisionDetectionStrategy: BRUTE_FORCE
22:28:00.119 [FXGL Background Thread 3 ] DEBUG Engine               - configClass: Optional.empty
22:28:00.119 [FXGL Background Thread 3 ] DEBUG Engine               - credits: []
22:28:00.121 [FXGL Background Thread 3 ] DEBUG Engine               - defaultCursor: CursorInfo(imageName=fxgl_default_cursor.png, hotspotX=7.0, hotspotY=6.0)
22:28:00.121 [FXGL Background Thread 3 ] DEBUG Engine               - devBBoxColorProperty: ObjectProperty [value: 0xff0000ff]
22:28:00.121 [FXGL Background Thread 3 ] DEBUG Engine               - devEnableDebugCameraProperty: BooleanProperty [value: false]
22:28:00.121 [FXGL Background Thread 3 ] DEBUG Engine               - devSensorColorProperty: ObjectProperty [value: 0xffff00ff]
22:28:00.121 [FXGL Background Thread 3 ] DEBUG Engine               - devShowBBoxProperty: BooleanProperty [value: false]
22:28:00.121 [FXGL Background Thread 3 ] DEBUG Engine               - devShowPositionProperty: BooleanProperty [value: false]
22:28:00.121 [FXGL Background Thread 3 ] DEBUG Engine               - enabledMenuItems: []
22:28:00.121 [FXGL Background Thread 3 ] DEBUG Engine               - engineServices: [class com.almasb.fxgl.app.services.FXGLAssetLoaderService, class com.almasb.fxgl.app.FXGLApplication$GameApplicationService, class com.almasb.fxgl.app.services.FXGLDialogService, class com.almasb.fxgl.app.services.IOTaskExecutorService, class com.almasb.fxgl.io.FileSystemService, class com.almasb.fxgl.localization.LocalizationService, class com.almasb.fxgl.app.services.SystemBundleService, class com.almasb.fxgl.profile.SaveLoadService, class com.almasb.fxgl.ui.FXGLUIFactoryServiceProvider, class com.almasb.fxgl.ui.FXGLDialogFactoryServiceProvider, class com.almasb.fxgl.audio.AudioPlayer, class com.almasb.fxgl.notification.impl.NotificationServiceProvider, class com.almasb.fxgl.achievement.AchievementService, class com.almasb.fxgl.cutscene.CutsceneService, class com.almasb.fxgl.minigames.MiniGameService, class com.almasb.fxgl.net.NetService, class com.almasb.fxgl.app.services.UpdaterService, class com.almasb.fxgl.dev.DevService]
22:28:00.121 [FXGL Background Thread 3 ] DEBUG Engine               - fontGame: Abel-Regular.ttf
22:28:00.121 [FXGL Background Thread 3 ] DEBUG Engine               - fontMono: TerminalLandMono-Regular.otf
22:28:00.121 [FXGL Background Thread 3 ] DEBUG Engine               - fontSizeScaleUI: 1.0
22:28:00.122 [FXGL Background Thread 3 ] DEBUG Engine               - fontText: Courier-Prime.ttf
22:28:00.122 [FXGL Background Thread 3 ] DEBUG Engine               - fontUI: VarelaRound-Regular.ttf
22:28:00.122 [FXGL Background Thread 3 ] DEBUG Engine               - fullScreen: BooleanProperty [value: false]
22:28:00.122 [FXGL Background Thread 3 ] DEBUG Engine               - gameDifficulty: MEDIUM
22:28:00.122 [FXGL Background Thread 3 ] DEBUG Engine               - gameDifficultyProperty: ObjectProperty [value: MEDIUM]
22:28:00.122 [FXGL Background Thread 3 ] DEBUG Engine               - globalMusicVolume: 0.5
22:28:00.122 [FXGL Background Thread 3 ] DEBUG Engine               - globalMusicVolumeProperty: DoubleProperty [value: 0.5]
22:28:00.122 [FXGL Background Thread 3 ] DEBUG Engine               - globalSoundVolume: 0.5
22:28:00.122 [FXGL Background Thread 3 ] DEBUG Engine               - globalSoundVolumeProperty: DoubleProperty [value: 0.5]
22:28:00.122 [FXGL Background Thread 3 ] DEBUG Engine               - height: 720
22:28:00.122 [FXGL Background Thread 3 ] DEBUG Engine               - is3D: false
22:28:00.122 [FXGL Background Thread 3 ] DEBUG Engine               - isAndroid: false
22:28:00.122 [FXGL Background Thread 3 ] DEBUG Engine               - isBrowser: false
22:28:00.122 [FXGL Background Thread 3 ] DEBUG Engine               - isClickFeedbackEnabled: false
22:28:00.122 [FXGL Background Thread 3 ] DEBUG Engine               - isCloseConfirmation: false
22:28:00.122 [FXGL Background Thread 3 ] DEBUG Engine               - isDesktop: true
22:28:00.122 [FXGL Background Thread 3 ] DEBUG Engine               - isDeveloperMenuEnabled: false
22:28:00.122 [FXGL Background Thread 3 ] DEBUG Engine               - isEmbedded: false
22:28:00.122 [FXGL Background Thread 3 ] DEBUG Engine               - isEntityPreloadEnabled: true
22:28:00.122 [FXGL Background Thread 3 ] DEBUG Engine               - isExperimentalTiledLargeMap: false
22:28:00.122 [FXGL Background Thread 3 ] DEBUG Engine               - isFileSystemWriteAllowed: true
22:28:00.122 [FXGL Background Thread 3 ] DEBUG Engine               - isFullScreenAllowed: false
22:28:00.122 [FXGL Background Thread 3 ] DEBUG Engine               - isFullScreenFromStart: false
22:28:00.122 [FXGL Background Thread 3 ] DEBUG Engine               - isGameMenuEnabled: true
22:28:00.122 [FXGL Background Thread 3 ] DEBUG Engine               - isIOS: false
22:28:00.123 [FXGL Background Thread 3 ] DEBUG Engine               - isIntroEnabled: false
22:28:00.123 [FXGL Background Thread 3 ] DEBUG Engine               - isLinux: false
22:28:00.123 [FXGL Background Thread 3 ] DEBUG Engine               - isMac: false
22:28:00.123 [FXGL Background Thread 3 ] DEBUG Engine               - isMainMenuEnabled: true
22:28:00.123 [FXGL Background Thread 3 ] DEBUG Engine               - isManualResizeEnabled: false
22:28:00.123 [FXGL Background Thread 3 ] DEBUG Engine               - isMobile: false
22:28:00.124 [FXGL Background Thread 3 ] DEBUG Engine               - isNative: false
22:28:00.124 [FXGL Background Thread 3 ] DEBUG Engine               - isPauseMusicWhenMinimized: true
22:28:00.124 [FXGL Background Thread 3 ] DEBUG Engine               - isPreserveResizeRatio: false
22:28:00.124 [FXGL Background Thread 3 ] DEBUG Engine               - isProfilingEnabled: false
22:28:00.124 [FXGL Background Thread 3 ] DEBUG Engine               - isScaleAffectedOnResize: true
22:28:00.124 [FXGL Background Thread 3 ] DEBUG Engine               - isSingleStep: false
22:28:00.124 [FXGL Background Thread 3 ] DEBUG Engine               - isUserProfileEnabled: false
22:28:00.124 [FXGL Background Thread 3 ] DEBUG Engine               - isWindows: true
22:28:00.124 [FXGL Background Thread 3 ] DEBUG Engine               - language: ObjectProperty [value: ENGLISH]
22:28:00.124 [FXGL Background Thread 3 ] DEBUG Engine               - menuKey: ESCAPE
22:28:00.124 [FXGL Background Thread 3 ] DEBUG Engine               - mouseSensitivity: 0.2
22:28:00.124 [FXGL Background Thread 3 ] DEBUG Engine               - notificationViewClass: class com.almasb.fxgl.notification.view.XboxNotificationView
22:28:00.124 [FXGL Background Thread 3 ] DEBUG Engine               - pixelsPerMeter: 50.0
22:28:00.124 [FXGL Background Thread 3 ] DEBUG Engine               - platform: WINDOWS
22:28:00.124 [FXGL Background Thread 3 ] DEBUG Engine               - prefHeightProperty: ReadOnlyDoubleProperty [value: 720.0]
22:28:00.124 [FXGL Background Thread 3 ] DEBUG Engine               - prefWidthProperty: ReadOnlyDoubleProperty [value: 1280.0]
22:28:00.124 [FXGL Background Thread 3 ] DEBUG Engine               - profileDir: profiles/
22:28:00.124 [FXGL Background Thread 3 ] DEBUG Engine               - profileName: StringProperty [value: DEFAULT]
22:28:00.124 [FXGL Background Thread 3 ] DEBUG Engine               - randomSeed: -1
22:28:00.124 [FXGL Background Thread 3 ] DEBUG Engine               - runtimeInfo: RuntimeInfo(platform=WINDOWS, version=21.1, build=27.03.2024 07.52)
22:28:00.124 [FXGL Background Thread 3 ] DEBUG Engine               - saveFileExt: sav
22:28:00.124 [FXGL Background Thread 3 ] DEBUG Engine               - scaledHeightProp$fxgl: DoubleProperty [bound, value: 720.0]
22:28:00.124 [FXGL Background Thread 3 ] DEBUG Engine               - scaledWidthProp$fxgl: DoubleProperty [bound, value: 1280.0]
22:28:00.124 [FXGL Background Thread 3 ] DEBUG Engine               - sceneFactory: org.example.capstonee.Menu.MenuSceneFactory@3e41fae7
22:28:00.124 [FXGL Background Thread 3 ] DEBUG Engine               - secondsIn24h: 60
22:28:00.124 [FXGL Background Thread 3 ] DEBUG Engine               - soundMenuBack: menu/back.wav
22:28:00.124 [FXGL Background Thread 3 ] DEBUG Engine               - soundMenuPress: menu/press.wav
22:28:00.124 [FXGL Background Thread 3 ] DEBUG Engine               - soundMenuSelect: menu/select.wav
22:28:00.124 [FXGL Background Thread 3 ] DEBUG Engine               - soundNotification: core/notification.wav
22:28:00.124 [FXGL Background Thread 3 ] DEBUG Engine               - stageStyle: DECORATED
22:28:00.124 [FXGL Background Thread 3 ] DEBUG Engine               - supportedLanguages: [ENGLISH, FRENCH, GERMAN, HUNGARIAN, RUSSIAN]
22:28:00.124 [FXGL Background Thread 3 ] DEBUG Engine               - ticksPerSecond: -1
22:28:00.124 [FXGL Background Thread 3 ] DEBUG Engine               - title: Rhythm Impact
22:28:00.124 [FXGL Background Thread 3 ] DEBUG Engine               - urlGithub: https://github.com/AlmasB/FXGL
22:28:00.124 [FXGL Background Thread 3 ] DEBUG Engine               - urlLeaderboard: http://fxgl-top.herokuapp.com/
22:28:00.124 [FXGL Background Thread 3 ] DEBUG Engine               - urlPOM: https://raw.githubusercontent.com/AlmasB/FXGL/release/README.md
22:28:00.124 [FXGL Background Thread 3 ] DEBUG Engine               - userAppClass: class org.example.capstonee.GameApp
22:28:00.124 [FXGL Background Thread 3 ] DEBUG Engine               - version: 1.0
22:28:00.126 [FXGL Background Thread 3 ] DEBUG Engine               - versionCheckDays: 7
22:28:00.126 [FXGL Background Thread 3 ] DEBUG Engine               - width: 1280
22:28:00.126 [FXGL Background Thread 3 ] DEBUG Engine               - Logging services
22:28:00.126 [FXGL Background Thread 3 ] DEBUG Engine               - class com.almasb.fxgl.app.services.FXGLAssetLoaderService
22:28:00.126 [FXGL Background Thread 3 ] DEBUG Engine               - class com.almasb.fxgl.app.FXGLApplication$GameApplicationService
22:28:00.126 [FXGL Background Thread 3 ] DEBUG Engine               - class com.almasb.fxgl.app.services.FXGLDialogService
22:28:00.126 [FXGL Background Thread 3 ] DEBUG Engine               - class com.almasb.fxgl.app.services.IOTaskExecutorService
22:28:00.126 [FXGL Background Thread 3 ] DEBUG Engine               - class com.almasb.fxgl.io.FileSystemService
22:28:00.126 [FXGL Background Thread 3 ] DEBUG Engine               - class com.almasb.fxgl.localization.LocalizationService
22:28:00.126 [FXGL Background Thread 3 ] DEBUG Engine               - class com.almasb.fxgl.app.services.SystemBundleService
22:28:00.126 [FXGL Background Thread 3 ] DEBUG Engine               - class com.almasb.fxgl.profile.SaveLoadService
22:28:00.126 [FXGL Background Thread 3 ] DEBUG Engine               - class com.almasb.fxgl.ui.FXGLUIFactoryServiceProvider
22:28:00.126 [FXGL Background Thread 3 ] DEBUG Engine               - class com.almasb.fxgl.ui.FXGLDialogFactoryServiceProvider
22:28:00.126 [FXGL Background Thread 3 ] DEBUG Engine               - class com.almasb.fxgl.audio.AudioPlayer
22:28:00.126 [FXGL Background Thread 3 ] DEBUG Engine               - class com.almasb.fxgl.notification.impl.NotificationServiceProvider
22:28:00.126 [FXGL Background Thread 3 ] DEBUG Engine               - class com.almasb.fxgl.achievement.AchievementService
22:28:00.126 [FXGL Background Thread 3 ] DEBUG Engine               - class com.almasb.fxgl.cutscene.CutsceneService
22:28:00.126 [FXGL Background Thread 3 ] DEBUG Engine               - class com.almasb.fxgl.minigames.MiniGameService
22:28:00.126 [FXGL Background Thread 3 ] DEBUG Engine               - class com.almasb.fxgl.net.NetService
22:28:00.126 [FXGL Background Thread 3 ] DEBUG Engine               - class com.almasb.fxgl.app.services.UpdaterService
22:28:00.126 [FXGL Background Thread 3 ] DEBUG Engine               - class com.almasb.fxgl.dev.DevService
22:28:02.498 [JavaFX Application Thread] DEBUG PrimaryStageWindow   - Pop state: DialogSubScene
22:28:02.498 [JavaFX Application Thread] DEBUG Input                - Clearing active input actions
22:28:02.499 [JavaFX Application Thread] DEBUG GameApplicationServi - Removing overlay from DialogSubScene and adding to MainMenu
22:28:02.499 [JavaFX Application Thread] DEBUG PrimaryStageWindow   - MainMenu <- DialogSubScene
22:28:02.501 [JavaFX Application Thread] DEBUG PrimaryStageWindow   - Push state: DialogSubScene
22:28:02.501 [JavaFX Application Thread] DEBUG Input                - Clearing active input actions
22:28:02.502 [JavaFX Application Thread] DEBUG GameApplicationServi - Removing overlay from MainMenu and adding to DialogSubScene
22:28:02.502 [JavaFX Application Thread] DEBUG PrimaryStageWindow   - MainMenu -> DialogSubScene
22:28:04.991 [JavaFX Application Thread] DEBUG PrimaryStageWindow   - Pop state: DialogSubScene
22:28:04.991 [JavaFX Application Thread] DEBUG Input                - Clearing active input actions
22:28:04.992 [JavaFX Application Thread] DEBUG GameApplicationServi - Removing overlay from DialogSubScene and adding to MainMenu
22:28:04.992 [JavaFX Application Thread] DEBUG PrimaryStageWindow   - MainMenu <- DialogSubScene
22:28:04.993 [JavaFX Application Thread] DEBUG AudioPlayer          - Stopping music com.almasb.fxgl.audio.Music@2f0f806b
22:28:04.993 [JavaFX Application Thread] DEBUG GameApplicationServi - Starting new game
22:28:04.993 [JavaFX Application Thread] DEBUG PrimaryStageWindow   - Pop state: MainMenu
22:28:04.993 [JavaFX Application Thread] DEBUG Input                - Clearing active input actions
22:28:04.993 [JavaFX Application Thread] DEBUG GameApplicationServi - Removing overlay from MainMenu and adding to FXGLMainMenuDummyScene
22:28:04.993 [JavaFX Application Thread] DEBUG PrimaryStageWindow   - FXGLMainMenuDummyScene <- MainMenu
22:28:04.993 [JavaFX Application Thread] DEBUG Input                - Clearing active input actions
22:28:05.000 [JavaFX Application Thread] DEBUG GameApplicationServi - Removing overlay from FXGLMainMenuDummyScene and adding to FXGLLoadingScene
22:28:05.002 [JavaFX Application Thread] DEBUG PrimaryStageWindow   - FXGLMainMenuDummyScene -> FXGLLoadingScene
22:28:05.002 [JavaFX Application Thread] DEBUG GameApplicationServi - Clearing previous game
22:28:05.002 [JavaFX Application Thread] DEBUG GameScene            - Clearing game scene
22:28:05.003 [JavaFX Application Thread] DEBUG GameWorld            - Clearing game world
22:28:05.003 [JavaFX Application Thread] DEBUG PhysicsWorld         - Clearing physics world
22:28:05.005 [FXGL Background Thread 2 ] DEBUG FXGLApplication      - Initializing game
22:28:05.008 [FXGL Background Thread 2 ] WARN  FXGLAssetLoaderServi - Asset "/assets/sounds/sounds/hit.wav" was not found!
22:28:05.010 [FXGL Background Thread 2 ] WARN  FXGLAssetLoaderServi - Failed to load SOUND
22:28:05.010 [FXGL Background Thread 2 ] WARN  FXGLAssetLoaderServi - Asset "/assets/sounds/sounds/miss.wav" was not found!
22:28:05.010 [FXGL Background Thread 2 ] WARN  FXGLAssetLoaderServi - Failed to load SOUND
22:28:05.024 [FXGL Background Thread 2 ] DEBUG FXGLAssetLoaderServi - Loading from file system: file:/C:/Users/Shaun/Documents/JAVA%20CODES/furRhythm-v2/GitSomeSleep/Capstonee/target/classes/assets/music/songs/zhongli.wav
22:28:05.419 [FXGL Background Thread 2 ] DEBUG FXGLAssetLoaderServi - Loading from file system: file:/C:/Users/Shaun/Documents/JAVA%20CODES/furRhythm-v2/GitSomeSleep/Capstonee/target/classes/assets/textures/background/pixelatedliyue.png
22:28:05.458 [FXGL Background Thread 2 ] DEBUG FXGLAssetLoaderServi - Loading from file system: file:/C:/Users/Shaun/Documents/JAVA%20CODES/furRhythm-v2/GitSomeSleep/Capstonee/target/classes/assets/textures/notes/hilichurlhitmarker.png
22:28:05.470 [FXGL Background Thread 2 ] INFO  FXGLApplication      - Game initialization took: 0.465 sec
22:28:05.470 [JavaFX Application Thread] DEBUG Input                - Clearing active input actions
22:28:05.475 [JavaFX Application Thread] DEBUG GameApplicationServi - Removing overlay from FXGLLoadingScene and adding to GameScene
22:28:05.475 [JavaFX Application Thread] DEBUG PrimaryStageWindow   - FXGLLoadingScene -> GameScene
22:28:06.267 [JavaFX Application Thread] DEBUG AudioPlayer          - Playing music com.almasb.fxgl.audio.Music@74d3753a
22:28:06.992 [JavaFX Application Thread] DEBUG PrimaryStageWindow   - Push state: GamePauseMenu
22:28:06.992 [JavaFX Application Thread] DEBUG Input                - Clearing active input actions
22:28:06.994 [JavaFX Application Thread] DEBUG GameApplicationServi - Removing overlay from GameScene and adding to GamePauseMenu
22:28:06.995 [JavaFX Application Thread] DEBUG PrimaryStageWindow   - GameScene -> GamePauseMenu
22:28:09.051 [JavaFX Application Thread] DEBUG PrimaryStageWindow   - Pop state: GamePauseMenu
22:28:09.051 [JavaFX Application Thread] DEBUG Input                - Clearing active input actions
22:28:09.051 [JavaFX Application Thread] DEBUG GameApplicationServi - Removing overlay from GamePauseMenu and adding to GameScene
22:28:09.052 [JavaFX Application Thread] DEBUG PrimaryStageWindow   - GameScene <- GamePauseMenu
22:28:09.537 [JavaFX Application Thread] DEBUG PrimaryStageWindow   - Push state: GamePauseMenu
22:28:09.538 [JavaFX Application Thread] DEBUG Input                - Clearing active input actions
22:28:09.538 [JavaFX Application Thread] DEBUG GameApplicationServi - Removing overlay from GameScene and adding to GamePauseMenu
22:28:09.538 [JavaFX Application Thread] DEBUG PrimaryStageWindow   - GameScene -> GamePauseMenu
22:28:09.907 [JavaFX Application Thread] DEBUG PrimaryStageWindow   - Pop state: GamePauseMenu
22:28:09.907 [JavaFX Application Thread] DEBUG Input                - Clearing active input actions
22:28:09.907 [JavaFX Application Thread] DEBUG GameApplicationServi - Removing overlay from GamePauseMenu and adding to GameScene
22:28:09.907 [JavaFX Application Thread] DEBUG PrimaryStageWindow   - GameScene <- GamePauseMenu
22:28:09.914 [JavaFX Application Thread] DEBUG FXGLAssetLoaderServi - Loading from file system: file:/C:/Users/Shaun/Documents/JAVA%20CODES/furRhythm-v2/GitSomeSleep/Capstonee/target/classes/assets/textures/markers/moranote.png
22:28:10.349 [JavaFX Application Thread] DEBUG PrimaryStageWindow   - Push state: GamePauseMenu
22:28:10.349 [JavaFX Application Thread] DEBUG Input                - Clearing active input actions
22:28:10.349 [JavaFX Application Thread] DEBUG GameApplicationServi - Removing overlay from GameScene and adding to GamePauseMenu
22:28:10.349 [JavaFX Application Thread] DEBUG PrimaryStageWindow   - GameScene -> GamePauseMenu
22:28:10.975 [JavaFX Application Thread] DEBUG PrimaryStageWindow   - Pop state: GamePauseMenu
22:28:10.975 [JavaFX Application Thread] DEBUG Input                - Clearing active input actions
22:28:10.975 [JavaFX Application Thread] DEBUG GameApplicationServi - Removing overlay from GamePauseMenu and adding to GameScene
22:28:10.975 [JavaFX Application Thread] DEBUG PrimaryStageWindow   - GameScene <- GamePauseMenu
22:28:11.641 [JavaFX Application Thread] DEBUG PrimaryStageWindow   - Push state: GamePauseMenu
22:28:11.641 [JavaFX Application Thread] DEBUG Input                - Clearing active input actions
22:28:11.641 [JavaFX Application Thread] DEBUG GameApplicationServi - Removing overlay from GameScene and adding to GamePauseMenu
22:28:11.641 [JavaFX Application Thread] DEBUG PrimaryStageWindow   - GameScene -> GamePauseMenu
22:28:13.149 [JavaFX Application Thread] DEBUG PrimaryStageWindow   - Pop state: GamePauseMenu
22:28:13.149 [JavaFX Application Thread] DEBUG Input                - Clearing active input actions
22:28:13.150 [JavaFX Application Thread] DEBUG GameApplicationServi - Removing overlay from GamePauseMenu and adding to GameScene
22:28:13.150 [JavaFX Application Thread] DEBUG PrimaryStageWindow   - GameScene <- GamePauseMenu
22:28:13.714 [JavaFX Application Thread] DEBUG PrimaryStageWindow   - Push state: GamePauseMenu
22:28:13.716 [JavaFX Application Thread] DEBUG Input                - Clearing active input actions
22:28:13.716 [JavaFX Application Thread] DEBUG GameApplicationServi - Removing overlay from GameScene and adding to GamePauseMenu
22:28:13.716 [JavaFX Application Thread] DEBUG PrimaryStageWindow   - GameScene -> GamePauseMenu
22:28:14.728 [JavaFX Application Thread] DEBUG AudioPlayer          - Pausing music com.almasb.fxgl.audio.Music@74d3753a
22:28:14.729 [JavaFX Application Thread] DEBUG AudioPlayer          - Stopping music com.almasb.fxgl.audio.Music@74d3753a
22:28:14.729 [JavaFX Application Thread] DEBUG AudioPlayer          - Stopping music com.almasb.fxgl.audio.Music@74d3753a
22:28:14.730 [JavaFX Application Thread] DEBUG GameApplicationServi - Starting new game
22:28:14.730 [JavaFX Application Thread] DEBUG PrimaryStageWindow   - Pop state: GamePauseMenu
22:28:14.730 [JavaFX Application Thread] DEBUG Input                - Clearing active input actions
22:28:14.730 [JavaFX Application Thread] DEBUG GameApplicationServi - Removing overlay from GamePauseMenu and adding to GameScene
22:28:14.730 [JavaFX Application Thread] DEBUG PrimaryStageWindow   - GameScene <- GamePauseMenu
22:28:14.730 [JavaFX Application Thread] DEBUG Input                - Clearing active input actions
22:28:14.732 [JavaFX Application Thread] DEBUG GameApplicationServi - Removing overlay from GameScene and adding to FXGLLoadingScene
22:28:14.733 [JavaFX Application Thread] DEBUG PrimaryStageWindow   - GameScene -> FXGLLoadingScene
22:28:14.733 [JavaFX Application Thread] DEBUG GameApplicationServi - Clearing previous game
22:28:14.733 [JavaFX Application Thread] DEBUG GameScene            - Clearing game scene
22:28:14.733 [JavaFX Application Thread] DEBUG GameWorld            - Clearing game world
22:28:14.733 [JavaFX Application Thread] DEBUG PhysicsWorld         - Clearing physics world
22:28:14.733 [FXGL Background Thread 2 ] DEBUG FXGLApplication      - Initializing game
22:28:14.734 [FXGL Background Thread 2 ] WARN  FXGLAssetLoaderServi - Asset "/assets/sounds/sounds/hit.wav" was not found!
22:28:14.734 [FXGL Background Thread 2 ] WARN  FXGLAssetLoaderServi - Failed to load SOUND
22:28:14.734 [FXGL Background Thread 2 ] WARN  FXGLAssetLoaderServi - Asset "/assets/sounds/sounds/miss.wav" was not found!
22:28:14.734 [FXGL Background Thread 2 ] WARN  FXGLAssetLoaderServi - Failed to load SOUND
22:28:14.735 [FXGL Background Thread 2 ] DEBUG AudioPlayer          - Stopping music com.almasb.fxgl.audio.Music@74d3753a
22:28:14.743 [FXGL Background Thread 2 ] INFO  FXGLApplication      - Game initialization took: 0.009 sec
22:28:14.743 [JavaFX Application Thread] DEBUG Input                - Clearing active input actions
22:28:14.745 [JavaFX Application Thread] DEBUG GameApplicationServi - Removing overlay from FXGLLoadingScene and adding to GameScene
22:28:14.745 [JavaFX Application Thread] DEBUG PrimaryStageWindow   - FXGLLoadingScene -> GameScene
22:28:15.343 [JavaFX Application Thread] DEBUG AudioPlayer          - Playing music com.almasb.fxgl.audio.Music@74d3753a
22:28:15.618 [JavaFX Application Thread] DEBUG PrimaryStageWindow   - Push state: GamePauseMenu
22:28:15.618 [JavaFX Application Thread] DEBUG Input                - Clearing active input actions
22:28:15.620 [JavaFX Application Thread] DEBUG GameApplicationServi - Removing overlay from GameScene and adding to GamePauseMenu
22:28:15.620 [JavaFX Application Thread] DEBUG PrimaryStageWindow   - GameScene -> GamePauseMenu
22:28:16.133 [JavaFX Application Thread] DEBUG PrimaryStageWindow   - Pop state: GamePauseMenu
22:28:16.133 [JavaFX Application Thread] DEBUG Input                - Clearing active input actions
22:28:16.133 [JavaFX Application Thread] DEBUG GameApplicationServi - Removing overlay from GamePauseMenu and adding to GameScene
22:28:16.133 [JavaFX Application Thread] DEBUG PrimaryStageWindow   - GameScene <- GamePauseMenu
22:28:16.345 [JavaFX Application Thread] DEBUG PrimaryStageWindow   - Push state: GamePauseMenu
22:28:16.345 [JavaFX Application Thread] DEBUG Input                - Clearing active input actions
22:28:16.346 [JavaFX Application Thread] DEBUG GameApplicationServi - Removing overlay from GameScene and adding to GamePauseMenu
22:28:16.346 [JavaFX Application Thread] DEBUG PrimaryStageWindow   - GameScene -> GamePauseMenu
22:28:16.870 [JavaFX Application Thread] DEBUG AudioPlayer          - Pausing music com.almasb.fxgl.audio.Music@74d3753a
22:28:16.871 [JavaFX Application Thread] DEBUG Menu                 - fireExitToMainMenu()
22:28:16.873 [JavaFX Application Thread] DEBUG PrimaryStageWindow   - Push state: DialogSubScene
22:28:16.873 [JavaFX Application Thread] DEBUG Input                - Clearing active input actions
22:28:16.874 [JavaFX Application Thread] DEBUG GameApplicationServi - Removing overlay from GamePauseMenu and adding to DialogSubScene
22:28:16.874 [JavaFX Application Thread] DEBUG PrimaryStageWindow   - GamePauseMenu -> DialogSubScene
22:28:17.476 [JavaFX Application Thread] DEBUG PrimaryStageWindow   - Pop state: DialogSubScene
22:28:17.478 [JavaFX Application Thread] DEBUG Input                - Clearing active input actions
22:28:17.478 [JavaFX Application Thread] DEBUG GameApplicationServi - Removing overlay from DialogSubScene and adding to GamePauseMenu
22:28:17.478 [JavaFX Application Thread] DEBUG PrimaryStageWindow   - GamePauseMenu <- DialogSubScene
22:28:17.478 [JavaFX Application Thread] DEBUG PrimaryStageWindow   - Pop state: GamePauseMenu
22:28:17.478 [JavaFX Application Thread] DEBUG Input                - Clearing active input actions
22:28:17.478 [JavaFX Application Thread] DEBUG GameApplicationServi - Removing overlay from GamePauseMenu and adding to GameScene
22:28:17.478 [JavaFX Application Thread] DEBUG PrimaryStageWindow   - GameScene <- GamePauseMenu
22:28:17.478 [JavaFX Application Thread] DEBUG Input                - Clearing active input actions
22:28:17.480 [JavaFX Application Thread] DEBUG GameApplicationServi - Removing overlay from GameScene and adding to FXGLMainMenuDummyScene
22:28:17.480 [JavaFX Application Thread] DEBUG PrimaryStageWindow   - GameScene -> FXGLMainMenuDummyScene
22:28:17.480 [JavaFX Application Thread] DEBUG PrimaryStageWindow   - Push state: MainMenu
22:28:17.481 [JavaFX Application Thread] DEBUG Input                - Clearing active input actions
22:28:17.481 [JavaFX Application Thread] DEBUG GameApplicationServi - Removing overlay from FXGLMainMenuDummyScene and adding to MainMenu
22:28:17.481 [JavaFX Application Thread] DEBUG PrimaryStageWindow   - FXGLMainMenuDummyScene -> MainMenu
22:28:18.015 [JavaFX Application Thread] DEBUG PrimaryStageWindow   - Push state: DialogSubScene
22:28:18.016 [JavaFX Application Thread] DEBUG Input                - Clearing active input actions
22:28:18.016 [JavaFX Application Thread] DEBUG GameApplicationServi - Removing overlay from MainMenu and adding to DialogSubScene
22:28:18.016 [JavaFX Application Thread] DEBUG PrimaryStageWindow   - MainMenu -> DialogSubScene
22:28:19.301 [JavaFX Application Thread] DEBUG PrimaryStageWindow   - Pop state: DialogSubScene
22:28:19.301 [JavaFX Application Thread] DEBUG Input                - Clearing active input actions
22:28:19.301 [JavaFX Application Thread] DEBUG GameApplicationServi - Removing overlay from DialogSubScene and adding to MainMenu
22:28:19.301 [JavaFX Application Thread] DEBUG PrimaryStageWindow   - MainMenu <- DialogSubScene
22:28:19.302 [JavaFX Application Thread] DEBUG PrimaryStageWindow   - Push state: DialogSubScene
22:28:19.302 [JavaFX Application Thread] DEBUG Input                - Clearing active input actions
22:28:19.302 [JavaFX Application Thread] DEBUG GameApplicationServi - Removing overlay from MainMenu and adding to DialogSubScene
22:28:19.302 [JavaFX Application Thread] DEBUG PrimaryStageWindow   - MainMenu -> DialogSubScene
22:28:19.770 [JavaFX Application Thread] DEBUG PrimaryStageWindow   - Pop state: DialogSubScene
22:28:19.770 [JavaFX Application Thread] DEBUG Input                - Clearing active input actions
22:28:19.770 [JavaFX Application Thread] DEBUG GameApplicationServi - Removing overlay from DialogSubScene and adding to MainMenu
22:28:19.770 [JavaFX Application Thread] DEBUG PrimaryStageWindow   - MainMenu <- DialogSubScene
22:28:19.770 [JavaFX Application Thread] DEBUG AudioPlayer          - Stopping music com.almasb.fxgl.audio.Music@2f0f806b
22:28:19.770 [JavaFX Application Thread] DEBUG GameApplicationServi - Starting new game
22:28:19.771 [JavaFX Application Thread] DEBUG PrimaryStageWindow   - Pop state: MainMenu
22:28:19.771 [JavaFX Application Thread] DEBUG Input                - Clearing active input actions
22:28:19.771 [JavaFX Application Thread] DEBUG GameApplicationServi - Removing overlay from MainMenu and adding to FXGLMainMenuDummyScene
22:28:19.771 [JavaFX Application Thread] DEBUG PrimaryStageWindow   - FXGLMainMenuDummyScene <- MainMenu
22:28:19.771 [JavaFX Application Thread] DEBUG Input                - Clearing active input actions
22:28:19.773 [JavaFX Application Thread] DEBUG GameApplicationServi - Removing overlay from FXGLMainMenuDummyScene and adding to FXGLLoadingScene
22:28:19.773 [JavaFX Application Thread] DEBUG PrimaryStageWindow   - FXGLMainMenuDummyScene -> FXGLLoadingScene
22:28:19.773 [JavaFX Application Thread] DEBUG GameApplicationServi - Clearing previous game
22:28:19.773 [JavaFX Application Thread] DEBUG GameScene            - Clearing game scene
22:28:19.773 [JavaFX Application Thread] DEBUG GameWorld            - Clearing game world
22:28:19.774 [JavaFX Application Thread] DEBUG PhysicsWorld         - Clearing physics world
22:28:19.774 [FXGL Background Thread 2 ] DEBUG FXGLApplication      - Initializing game
22:28:19.774 [FXGL Background Thread 2 ] WARN  FXGLAssetLoaderServi - Asset "/assets/sounds/sounds/hit.wav" was not found!
22:28:19.774 [FXGL Background Thread 2 ] WARN  FXGLAssetLoaderServi - Failed to load SOUND
22:28:19.774 [FXGL Background Thread 2 ] WARN  FXGLAssetLoaderServi - Asset "/assets/sounds/sounds/miss.wav" was not found!
22:28:19.774 [FXGL Background Thread 2 ] WARN  FXGLAssetLoaderServi - Failed to load SOUND
22:28:19.775 [FXGL Background Thread 2 ] DEBUG AudioPlayer          - Stopping music com.almasb.fxgl.audio.Music@74d3753a
22:28:19.775 [FXGL Background Thread 2 ] DEBUG FXGLAssetLoaderServi - Loading from file system: file:/C:/Users/Shaun/Documents/JAVA%20CODES/furRhythm-v2/GitSomeSleep/Capstonee/target/classes/assets/music/songs/scara.wav
22:28:19.788 [FXGL Background Thread 2 ] INFO  FXGLApplication      - Game initialization took: 0.014 sec
22:28:19.790 [JavaFX Application Thread] DEBUG Input                - Clearing active input actions
22:28:19.792 [JavaFX Application Thread] DEBUG GameApplicationServi - Removing overlay from FXGLLoadingScene and adding to GameScene
22:28:19.792 [JavaFX Application Thread] DEBUG PrimaryStageWindow   - FXGLLoadingScene -> GameScene
22:28:20.412 [JavaFX Application Thread] DEBUG AudioPlayer          - Playing music com.almasb.fxgl.audio.Music@161b406c
22:28:22.088 [JavaFX Application Thread] DEBUG PrimaryStageWindow   - Push state: GamePauseMenu
22:28:22.088 [JavaFX Application Thread] DEBUG Input                - Clearing active input actions
22:28:22.088 [JavaFX Application Thread] DEBUG GameApplicationServi - Removing overlay from GameScene and adding to GamePauseMenu
22:28:22.088 [JavaFX Application Thread] DEBUG PrimaryStageWindow   - GameScene -> GamePauseMenu
22:28:22.491 [JavaFX Application Thread] DEBUG PrimaryStageWindow   - Pop state: GamePauseMenu
22:28:22.491 [JavaFX Application Thread] DEBUG Input                - Clearing active input actions
22:28:22.491 [JavaFX Application Thread] DEBUG GameApplicationServi - Removing overlay from GamePauseMenu and adding to GameScene
22:28:22.491 [JavaFX Application Thread] DEBUG PrimaryStageWindow   - GameScene <- GamePauseMenu
22:28:22.769 [JavaFX Application Thread] DEBUG PrimaryStageWindow   - Push state: GamePauseMenu
22:28:22.769 [JavaFX Application Thread] DEBUG Input                - Clearing active input actions
22:28:22.769 [JavaFX Application Thread] DEBUG GameApplicationServi - Removing overlay from GameScene and adding to GamePauseMenu
22:28:22.769 [JavaFX Application Thread] DEBUG PrimaryStageWindow   - GameScene -> GamePauseMenu
22:28:23.420 [JavaFX Application Thread] DEBUG PrimaryStageWindow   - Pop state: GamePauseMenu
22:28:23.420 [JavaFX Application Thread] DEBUG Input                - Clearing active input actions
22:28:23.421 [JavaFX Application Thread] DEBUG GameApplicationServi - Removing overlay from GamePauseMenu and adding to GameScene
22:28:23.421 [JavaFX Application Thread] DEBUG PrimaryStageWindow   - GameScene <- GamePauseMenu
22:28:23.649 [JavaFX Application Thread] DEBUG PrimaryStageWindow   - Push state: GamePauseMenu
22:28:23.649 [JavaFX Application Thread] DEBUG Input                - Clearing active input actions
22:28:23.649 [JavaFX Application Thread] DEBUG GameApplicationServi - Removing overlay from GameScene and adding to GamePauseMenu
22:28:23.649 [JavaFX Application Thread] DEBUG PrimaryStageWindow   - GameScene -> GamePauseMenu
22:28:23.902 [JavaFX Application Thread] DEBUG PrimaryStageWindow   - Push state: DialogSubScene
22:28:23.902 [JavaFX Application Thread] DEBUG Input                - Clearing active input actions
22:28:23.906 [JavaFX Application Thread] DEBUG GameApplicationServi - Removing overlay from GamePauseMenu and adding to DialogSubScene
22:28:23.906 [JavaFX Application Thread] DEBUG PrimaryStageWindow   - GamePauseMenu -> DialogSubScene
22:28:24.724 [JavaFX Application Thread] DEBUG PrimaryStageWindow   - Pop state: DialogSubScene
22:28:24.724 [JavaFX Application Thread] DEBUG Input                - Clearing active input actions
22:28:24.724 [JavaFX Application Thread] DEBUG GameApplicationServi - Removing overlay from DialogSubScene and adding to GamePauseMenu
22:28:24.724 [JavaFX Application Thread] DEBUG PrimaryStageWindow   - GamePauseMenu <- DialogSubScene
22:28:25.579 [JavaFX Application Thread] DEBUG PrimaryStageWindow   - Pop state: GamePauseMenu
22:28:25.579 [JavaFX Application Thread] DEBUG Input                - Clearing active input actions
22:28:25.580 [JavaFX Application Thread] DEBUG GameApplicationServi - Removing overlay from GamePauseMenu and adding to GameScene
22:28:25.580 [JavaFX Application Thread] DEBUG PrimaryStageWindow   - GameScene <- GamePauseMenu
22:28:25.844 [JavaFX Application Thread] DEBUG PrimaryStageWindow   - Push state: GamePauseMenu
22:28:25.844 [JavaFX Application Thread] DEBUG Input                - Clearing active input actions
22:28:25.846 [JavaFX Application Thread] DEBUG GameApplicationServi - Removing overlay from GameScene and adding to GamePauseMenu
22:28:25.846 [JavaFX Application Thread] DEBUG PrimaryStageWindow   - GameScene -> GamePauseMenu
22:28:26.542 [JavaFX Application Thread] DEBUG AudioPlayer          - Pausing music com.almasb.fxgl.audio.Music@161b406c
22:28:26.542 [JavaFX Application Thread] DEBUG Menu                 - fireExitToMainMenu()
22:28:26.542 [JavaFX Application Thread] DEBUG PrimaryStageWindow   - Push state: DialogSubScene
22:28:26.542 [JavaFX Application Thread] DEBUG Input                - Clearing active input actions
22:28:26.543 [JavaFX Application Thread] DEBUG GameApplicationServi - Removing overlay from GamePauseMenu and adding to DialogSubScene
22:28:26.543 [JavaFX Application Thread] DEBUG PrimaryStageWindow   - GamePauseMenu -> DialogSubScene
22:28:27.307 [JavaFX Application Thread] DEBUG PrimaryStageWindow   - Pop state: DialogSubScene
22:28:27.307 [JavaFX Application Thread] DEBUG Input                - Clearing active input actions
22:28:27.308 [JavaFX Application Thread] DEBUG GameApplicationServi - Removing overlay from DialogSubScene and adding to GamePauseMenu
22:28:27.308 [JavaFX Application Thread] DEBUG PrimaryStageWindow   - GamePauseMenu <- DialogSubScene
22:28:27.308 [JavaFX Application Thread] DEBUG PrimaryStageWindow   - Pop state: GamePauseMenu
22:28:27.308 [JavaFX Application Thread] DEBUG Input                - Clearing active input actions
22:28:27.308 [JavaFX Application Thread] DEBUG GameApplicationServi - Removing overlay from GamePauseMenu and adding to GameScene
22:28:27.308 [JavaFX Application Thread] DEBUG PrimaryStageWindow   - GameScene <- GamePauseMenu
22:28:27.308 [JavaFX Application Thread] DEBUG Input                - Clearing active input actions
22:28:27.309 [JavaFX Application Thread] DEBUG GameApplicationServi - Removing overlay from GameScene and adding to FXGLMainMenuDummyScene
22:28:27.309 [JavaFX Application Thread] DEBUG PrimaryStageWindow   - GameScene -> FXGLMainMenuDummyScene
22:28:27.309 [JavaFX Application Thread] DEBUG PrimaryStageWindow   - Push state: MainMenu
22:28:27.309 [JavaFX Application Thread] DEBUG Input                - Clearing active input actions
22:28:27.309 [JavaFX Application Thread] DEBUG GameApplicationServi - Removing overlay from FXGLMainMenuDummyScene and adding to MainMenu
22:28:27.309 [JavaFX Application Thread] DEBUG PrimaryStageWindow   - FXGLMainMenuDummyScene -> MainMenu
22:28:27.732 [JavaFX Application Thread] DEBUG PrimaryStageWindow   - Push state: DialogSubScene
22:28:27.732 [JavaFX Application Thread] DEBUG Input                - Clearing active input actions
22:28:27.733 [JavaFX Application Thread] DEBUG GameApplicationServi - Removing overlay from MainMenu and adding to DialogSubScene
22:28:27.733 [JavaFX Application Thread] DEBUG PrimaryStageWindow   - MainMenu -> DialogSubScene
22:28:28.955 [JavaFX Application Thread] DEBUG PrimaryStageWindow   - Pop state: DialogSubScene
22:28:28.955 [JavaFX Application Thread] DEBUG Input                - Clearing active input actions
22:28:28.955 [JavaFX Application Thread] DEBUG GameApplicationServi - Removing overlay from DialogSubScene and adding to MainMenu
22:28:28.955 [JavaFX Application Thread] DEBUG PrimaryStageWindow   - MainMenu <- DialogSubScene
22:28:28.955 [JavaFX Application Thread] DEBUG PrimaryStageWindow   - Push state: DialogSubScene
22:28:28.955 [JavaFX Application Thread] DEBUG Input                - Clearing active input actions
22:28:28.956 [JavaFX Application Thread] DEBUG GameApplicationServi - Removing overlay from MainMenu and adding to DialogSubScene
22:28:28.956 [JavaFX Application Thread] DEBUG PrimaryStageWindow   - MainMenu -> DialogSubScene
22:28:29.718 [JavaFX Application Thread] DEBUG PrimaryStageWindow   - Pop state: DialogSubScene
22:28:29.718 [JavaFX Application Thread] DEBUG Input                - Clearing active input actions
22:28:29.718 [JavaFX Application Thread] DEBUG GameApplicationServi - Removing overlay from DialogSubScene and adding to MainMenu
22:28:29.718 [JavaFX Application Thread] DEBUG PrimaryStageWindow   - MainMenu <- DialogSubScene
22:28:29.718 [JavaFX Application Thread] DEBUG AudioPlayer          - Stopping music com.almasb.fxgl.audio.Music@2f0f806b
22:28:29.718 [JavaFX Application Thread] DEBUG GameApplicationServi - Starting new game
22:28:29.718 [JavaFX Application Thread] DEBUG PrimaryStageWindow   - Pop state: MainMenu
22:28:29.718 [JavaFX Application Thread] DEBUG Input                - Clearing active input actions
22:28:29.718 [JavaFX Application Thread] DEBUG GameApplicationServi - Removing overlay from MainMenu and adding to FXGLMainMenuDummyScene
22:28:29.718 [JavaFX Application Thread] DEBUG PrimaryStageWindow   - FXGLMainMenuDummyScene <- MainMenu
22:28:29.718 [JavaFX Application Thread] DEBUG Input                - Clearing active input actions
22:28:29.720 [JavaFX Application Thread] DEBUG GameApplicationServi - Removing overlay from FXGLMainMenuDummyScene and adding to FXGLLoadingScene
22:28:29.721 [JavaFX Application Thread] DEBUG PrimaryStageWindow   - FXGLMainMenuDummyScene -> FXGLLoadingScene
22:28:29.721 [JavaFX Application Thread] DEBUG GameApplicationServi - Clearing previous game
22:28:29.721 [JavaFX Application Thread] DEBUG GameScene            - Clearing game scene
22:28:29.721 [JavaFX Application Thread] DEBUG GameWorld            - Clearing game world
22:28:29.721 [JavaFX Application Thread] DEBUG PhysicsWorld         - Clearing physics world
22:28:29.721 [FXGL Background Thread 2 ] DEBUG FXGLApplication      - Initializing game
22:28:29.722 [FXGL Background Thread 2 ] WARN  FXGLAssetLoaderServi - Asset "/assets/sounds/sounds/hit.wav" was not found!
22:28:29.722 [FXGL Background Thread 2 ] WARN  FXGLAssetLoaderServi - Failed to load SOUND
22:28:29.722 [FXGL Background Thread 2 ] WARN  FXGLAssetLoaderServi - Asset "/assets/sounds/sounds/miss.wav" was not found!
22:28:29.722 [FXGL Background Thread 2 ] WARN  FXGLAssetLoaderServi - Failed to load SOUND
22:28:29.723 [FXGL Background Thread 2 ] DEBUG AudioPlayer          - Stopping music com.almasb.fxgl.audio.Music@74d3753a
22:28:29.723 [FXGL Background Thread 2 ] DEBUG AudioPlayer          - Stopping music com.almasb.fxgl.audio.Music@161b406c
22:28:29.730 [FXGL Background Thread 2 ] INFO  FXGLApplication      - Game initialization took: 0.009 sec
22:28:29.730 [JavaFX Application Thread] DEBUG Input                - Clearing active input actions
22:28:29.733 [JavaFX Application Thread] DEBUG GameApplicationServi - Removing overlay from FXGLLoadingScene and adding to GameScene
22:28:29.733 [JavaFX Application Thread] DEBUG PrimaryStageWindow   - FXGLLoadingScene -> GameScene
22:28:30.452 [JavaFX Application Thread] DEBUG AudioPlayer          - Playing music com.almasb.fxgl.audio.Music@74d3753a
22:28:30.733 [JavaFX Application Thread] DEBUG PrimaryStageWindow   - Push state: GamePauseMenu
22:28:30.733 [JavaFX Application Thread] DEBUG Input                - Clearing active input actions
22:28:30.733 [JavaFX Application Thread] DEBUG GameApplicationServi - Removing overlay from GameScene and adding to GamePauseMenu
22:28:30.734 [JavaFX Application Thread] DEBUG PrimaryStageWindow   - GameScene -> GamePauseMenu
22:28:31.046 [JavaFX Application Thread] DEBUG PrimaryStageWindow   - Pop state: GamePauseMenu
22:28:31.046 [JavaFX Application Thread] DEBUG Input                - Clearing active input actions
22:28:31.046 [JavaFX Application Thread] DEBUG GameApplicationServi - Removing overlay from GamePauseMenu and adding to GameScene
22:28:31.046 [JavaFX Application Thread] DEBUG PrimaryStageWindow   - GameScene <- GamePauseMenu
22:28:31.197 [JavaFX Application Thread] DEBUG PrimaryStageWindow   - Push state: GamePauseMenu
22:28:31.197 [JavaFX Application Thread] DEBUG Input                - Clearing active input actions
22:28:31.197 [JavaFX Application Thread] DEBUG GameApplicationServi - Removing overlay from GameScene and adding to GamePauseMenu
22:28:31.197 [JavaFX Application Thread] DEBUG PrimaryStageWindow   - GameScene -> GamePauseMenu
22:28:31.443 [JavaFX Application Thread] DEBUG PrimaryStageWindow   - Pop state: GamePauseMenu
22:28:31.443 [JavaFX Application Thread] DEBUG Input                - Clearing active input actions
22:28:31.443 [JavaFX Application Thread] DEBUG GameApplicationServi - Removing overlay from GamePauseMenu and adding to GameScene
22:28:31.443 [JavaFX Application Thread] DEBUG PrimaryStageWindow   - GameScene <- GamePauseMenu
22:28:31.655 [JavaFX Application Thread] DEBUG PrimaryStageWindow   - Push state: GamePauseMenu
22:28:31.655 [JavaFX Application Thread] DEBUG Input                - Clearing active input actions
22:28:31.656 [JavaFX Application Thread] DEBUG GameApplicationServi - Removing overlay from GameScene and adding to GamePauseMenu
22:28:31.656 [JavaFX Application Thread] DEBUG PrimaryStageWindow   - GameScene -> GamePauseMenu
22:28:33.368 [JavaFX Application Thread] DEBUG PrimaryStageWindow   - Pop state: GamePauseMenu
22:28:33.368 [JavaFX Application Thread] DEBUG Input                - Clearing active input actions
22:28:33.368 [JavaFX Application Thread] DEBUG GameApplicationServi - Removing overlay from GamePauseMenu and adding to GameScene
22:28:33.368 [JavaFX Application Thread] DEBUG PrimaryStageWindow   - GameScene <- GamePauseMenu
22:28:34.249 [JavaFX Application Thread] DEBUG PrimaryStageWindow   - Push state: GamePauseMenu
22:28:34.249 [JavaFX Application Thread] DEBUG Input                - Clearing active input actions
22:28:34.250 [JavaFX Application Thread] DEBUG GameApplicationServi - Removing overlay from GameScene and adding to GamePauseMenu
22:28:34.250 [JavaFX Application Thread] DEBUG PrimaryStageWindow   - GameScene -> GamePauseMenu
22:28:35.322 [JavaFX Application Thread] DEBUG PrimaryStageWindow   - Pop state: GamePauseMenu
22:28:35.322 [JavaFX Application Thread] DEBUG Input                - Clearing active input actions
22:28:35.322 [JavaFX Application Thread] DEBUG GameApplicationServi - Removing overlay from GamePauseMenu and adding to GameScene
22:28:35.322 [JavaFX Application Thread] DEBUG PrimaryStageWindow   - GameScene <- GamePauseMenu
22:28:35.591 [JavaFX Application Thread] DEBUG PrimaryStageWindow   - Push state: GamePauseMenu
22:28:35.591 [JavaFX Application Thread] DEBUG Input                - Clearing active input actions
22:28:35.591 [JavaFX Application Thread] DEBUG GameApplicationServi - Removing overlay from GameScene and adding to GamePauseMenu
22:28:35.591 [JavaFX Application Thread] DEBUG PrimaryStageWindow   - GameScene -> GamePauseMenu
22:28:38.690 [JavaFX Application Thread] DEBUG Menu                 - fireResume()
22:28:38.690 [JavaFX Application Thread] DEBUG PrimaryStageWindow   - Pop state: GamePauseMenu
22:28:38.690 [JavaFX Application Thread] DEBUG Input                - Clearing active input actions
22:28:38.690 [JavaFX Application Thread] DEBUG GameApplicationServi - Removing overlay from GamePauseMenu and adding to GameScene
22:28:38.691 [JavaFX Application Thread] DEBUG PrimaryStageWindow   - GameScene <- GamePauseMenu
22:28:39.378 [JavaFX Application Thread] DEBUG FXGLApplication      - Exiting FXGL
22:28:39.378 [JavaFX Application Thread] DEBUG LoopRunner           - Stopping loop
22:28:39.378 [JavaFX Application Thread] DEBUG SystemBundleService  - Saving FXGL system data
22:28:39.380 [JavaFX Application Thread] DEBUG FileSystemAccess     - Writing to: C:\Users\Shaun\Documents\JAVA CODES\furRhythm-v2\GitSomeSleep\system\fxgl.bundle
22:28:39.382 [JavaFX Application Thread] DEBUG Async                - Shutting down background threads
22:28:39.382 [JavaFX Application Thread] DEBUG PrimaryStageWindow   - Closing main window
22:28:39.408 [JavaFX Application Thread] DEBUG Logger               - Closing Logger
