15:46:47.510 [main                     ] DEBUG Logger               - Configured Logger
15:46:47.526 [main                     ] DEBUG GameApplication      - Logging settings
Title: Game App
Version: 0.1
Width: 1280
Height: 720
Fullscreen: false
Intro: false
Profiling: false
Single step:false
App Mode: DEVELOPER
Menu Key: ESCAPE
Stage Style: DECORATED
Scene Factory: class com.almasb.fxgl.app.scene.SceneFactory

15:46:48.297 [JavaFX Application Thread] DEBUG FXGLApplication      - Initializing FXGL
15:46:48.298 [JavaFX Application Thread] INFO  Engine               - FXGL-21.1 (27.03.2024 07.52) on MAC (J:23.0.2 FX:22.0.1)
15:46:48.298 [JavaFX Application Thread] DEBUG Engine               - JRE Vendor Name: Homebrew
15:46:48.299 [JavaFX Application Thread] DEBUG Engine               - Running on OS: Mac OS X version 15.3.2
15:46:48.299 [JavaFX Application Thread] DEBUG Engine               - Architecture: aarch64
15:46:48.299 [JavaFX Application Thread] INFO  Engine               - Source code and latest versions at: https://github.com/AlmasB/FXGL
15:46:48.299 [JavaFX Application Thread] INFO  Engine               -       Ask questions and discuss at: https://github.com/AlmasB/FXGL/discussions
15:46:48.299 [JavaFX Application Thread] INFO  Engine               -              Join the FXGL chat at: https://gitter.im/AlmasB/FXGL
15:46:48.343 [JavaFX Application Thread] DEBUG PrimaryStageWindow   - Creating a JavaFX scene
15:46:48.365 [JavaFX Application Thread] DEBUG PrimaryStageWindow   - Target settings size: 1280.0 x 720.0
15:46:48.365 [JavaFX Application Thread] DEBUG PrimaryStageWindow   - Scaled scene size:    1280.0 x 720.0
15:46:48.366 [JavaFX Application Thread] DEBUG PrimaryStageWindow   - Scaled ratio: (1.0, 1.0)
15:46:48.366 [JavaFX Application Thread] DEBUG PrimaryStageWindow   - Set initial scene to FXGLStartupScene
15:46:48.367 [JavaFX Application Thread] DEBUG PrimaryStageWindow   - Opening main window
15:46:48.529 [JavaFX Application Thread] DEBUG PrimaryStageWindow   - Window border size: (0.0, 28.0)
15:46:48.529 [JavaFX Application Thread] DEBUG PrimaryStageWindow   - Scaled size: 1280.0 x 720.0
15:46:48.530 [JavaFX Application Thread] DEBUG PrimaryStageWindow   - Scaled ratio: (1.0, 1.0)
15:46:48.530 [JavaFX Application Thread] DEBUG PrimaryStageWindow   - Scene size: 1280.0 x 720.0
15:46:48.530 [JavaFX Application Thread] DEBUG PrimaryStageWindow   - Stage size: 1280.0 x 748.0
15:46:48.533 [FXGL Background Thread 1 ] DEBUG Engine               - Initializing environment variables
15:46:48.589 [FXGL Background Thread 1 ] DEBUG FXGLAssetLoaderServi - User app class for loading assets: class org.example.capstonee.GameApp
15:46:48.589 [FXGL Background Thread 1 ] DEBUG GameApplicationServi - Applying CSS: fxgl_dark.css
15:46:48.590 [FXGL Background Thread 1 ] DEBUG FXGLAssetLoaderServi - Loading from file system: jar:file:///Users/ajaxestela/.m2/repository/com/github/almasb/fxgl/21.1/fxgl-21.1.jar!/fxglassets/ui/css/fxgl_dark.css
15:46:48.612 [FXGL Background Thread 1 ] DEBUG GameApplicationServi - Initializing application scenes
15:46:48.913 [FXGL Background Thread 1 ] DEBUG GameWorld            - Game world initialized
15:46:48.952 [FXGL Background Thread 1 ] DEBUG PhysicsWorld         - Physics world initialized: appHeight=720, physics.ppm=50.0
15:46:48.952 [FXGL Background Thread 1 ] DEBUG PhysicsWorld         - Using strategy: BRUTE_FORCE
15:46:48.955 [FXGL Background Thread 1 ] DEBUG GameScene            - Game scene initialized: 1280x720
15:46:48.963 [FXGL Background Thread 1 ] DEBUG FXGL.DefaultMenu     - createMenuBodyGameMenu()
15:46:48.977 [FXGL Background Thread 1 ] DEBUG FXGL.DefaultMenu     - createOptionsMenu()
15:46:48.981 [FXGL Background Thread 1 ] DEBUG FXGLAssetLoaderServi - Loading from file system: jar:file:///Users/ajaxestela/.m2/repository/com/github/almasb/fxgl/21.1/fxgl-21.1.jar!/fxglassets/textures/particles/smoke.png
15:46:49.033 [FXGL Background Thread 1 ] DEBUG FXGLAssetLoaderServi - Loading from file system: jar:file:///Users/ajaxestela/.m2/repository/com/github/almasb/fxgl/21.1/fxgl-21.1.jar!/fxglassets/textures/particles/trace_horizontal.png
15:46:49.044 [FXGL Background Thread 1 ] DEBUG GameApplicationServi - Application scenes initialized
15:46:49.050 [FXGL Background Thread 1 ] DEBUG SystemBundleService  - Loading FXGL system data
15:46:49.053 [FXGL Background Thread 1 ] DEBUG FileSystemAccess     - Reading from: /Users/ajaxestela/IdeaProjects/GitSomeSleep/system/fxgl.bundle
15:46:49.058 [FXGL Background Thread 1 ] DEBUG SystemBundleService  - Bundle FXGL: {}
15:46:49.058 [FXGL Background Thread 1 ] DEBUG UpdaterService       - Checking for updates
15:46:49.059 [FXGL Background Thread 4 ] DEBUG FXGLApplication      - Loading fonts
15:46:49.060 [FXGL Background Thread 4 ] DEBUG FXGLAssetLoaderServi - Loading from file system: jar:file:///Users/ajaxestela/.m2/repository/com/github/almasb/fxgl/21.1/fxgl-21.1.jar!/fxglassets/ui/fonts/VarelaRound-Regular.ttf
15:46:49.061 [FXGL Background Thread 1 ] DEBUG FXGLApplication      - Loading default localization
15:46:49.061 [FXGL Background Thread 1 ] DEBUG FXGLAssetLoaderServi - Loading from file system: jar:file:///Users/ajaxestela/.m2/repository/com/github/almasb/fxgl/21.1/fxgl-21.1.jar!/fxglassets/languages/english.lang
15:46:49.070 [FXGL Background Thread 1 ] INFO  FXGLApplication      - FXGL initialization took: 0.537 sec
15:46:49.076 [JavaFX Application Thread] DEBUG Input                - Registered new binding: Left - A
15:46:49.076 [JavaFX Application Thread] DEBUG Input                - Registered new binding: Right - D
15:46:49.076 [JavaFX Application Thread] DEBUG Input                - Registered new binding: Jump - W
15:46:49.076 [JavaFX Application Thread] DEBUG Input                - Registered new binding: Interact - E
15:46:49.076 [JavaFX Application Thread] DEBUG Input                - Registered new binding: RhythmLane0 - F
15:46:49.076 [JavaFX Application Thread] DEBUG Input                - Registered new binding: RhythmLane1 - G
15:46:49.076 [JavaFX Application Thread] DEBUG Input                - Registered new binding: RhythmLane2 - H
15:46:49.076 [JavaFX Application Thread] DEBUG Input                - Registered new binding: RhythmLane3 - J
15:46:49.076 [JavaFX Application Thread] DEBUG Input                - Registered new binding: RhythmStart - Space
15:46:49.076 [JavaFX Application Thread] DEBUG FXGLAssetLoaderServi - Loading from file system: jar:file:///Users/ajaxestela/.m2/repository/com/github/almasb/fxgl/21.1/fxgl-21.1.jar!/fxglassets/textures/fxgl_icon.png
15:46:49.098 [JavaFX Application Thread] DEBUG FXGLAssetLoaderServi - Loading from file system: jar:file:///Users/ajaxestela/.m2/repository/com/github/almasb/fxgl/21.1/fxgl-21.1.jar!/fxglassets/textures/fxgl_default_cursor.png
15:46:49.099 [JavaFX Application Thread] DEBUG Input                - Registered new binding: Screenshot - CTRL+8
15:46:49.100 [JavaFX Application Thread] DEBUG Input                - Registered new binding: System info dump - CTRL+9
15:46:49.100 [JavaFX Application Thread] DEBUG Input                - Registered new binding: Restart - CTRL+R
15:46:49.100 [JavaFX Application Thread] DEBUG Input                - Registered new binding: Toggle Debug Camera - CTRL+7
15:46:49.100 [JavaFX Application Thread] DEBUG LoopRunner           - Starting loop
15:46:49.100 [JavaFX Application Thread] DEBUG LoopRunner           - Initializing JavaFX AnimationTimerLoop
15:46:49.101 [JavaFX Application Thread] DEBUG GameApplicationServi - Starting new game
15:46:49.101 [JavaFX Application Thread] DEBUG Input                - Clearing active input actions
15:46:49.105 [JavaFX Application Thread] DEBUG GameApplicationServi - Removing overlay from FXGLStartupScene and adding to FXGLLoadingScene
15:46:49.105 [JavaFX Application Thread] DEBUG PrimaryStageWindow   - FXGLStartupScene -> FXGLLoadingScene
15:46:49.105 [JavaFX Application Thread] DEBUG GameApplicationServi - Clearing previous game
15:46:49.105 [JavaFX Application Thread] DEBUG GameScene            - Clearing game scene
15:46:49.105 [JavaFX Application Thread] DEBUG GameWorld            - Clearing game world
15:46:49.105 [JavaFX Application Thread] DEBUG PhysicsWorld         - Clearing physics world
15:46:49.106 [FXGL Background Thread 1 ] DEBUG FXGLApplication      - Initializing game
15:46:49.172 [FXGL Background Thread 1 ] WARN  TMXLevelLoader       - TiledMap generated from 1.11.0. Supported version: 1.9.0. Some features may not be parsed fully.
15:46:49.178 [FXGL Background Thread 1 ] DEBUG TMXLevelLoader       - Parsed TiledMap: file:/Users/ajaxestela/IdeaProjects/GitSomeSleep/Capstonee/target/classes/assets/levels/tmx/test.tmx
15:46:49.178 [FXGL Background Thread 1 ] DEBUG TMXLevelLoader       - Creating tile layer entities
15:46:49.179 [FXGL Background Thread 1 ] DEBUG TilesetLoader        - Loading view for layer Tile Layer 1
15:46:49.179 [FXGL Background Thread 1 ] DEBUG TilesetLoader        - Created buffer with size 320.0x320.0
15:46:49.183 [FXGL Background Thread 1 ] DEBUG TMXLevelLoader       - Creating object layer entities
15:46:49.193 [FXGL Background Thread 1 ] DEBUG GameWorld            - Clearing removable entities
15:46:49.193 [FXGL Background Thread 1 ] DEBUG GameWorld            - Setting level: com.almasb.fxgl.entity.level.Level@732ad6f3
15:46:49.198 [FXGL Background Thread 1 ] WARN  FXGLAssetLoaderServi - Asset "/assets/textures/player.png" was not found!
15:46:49.198 [FXGL Background Thread 1 ] WARN  FXGLAssetLoaderServi - Failed to load IMAGE
15:46:49.476 [FXGL Background Thread 1 ] DEBUG FXGLAssetLoaderServi - Loading from file system: file:/Users/ajaxestela/IdeaProjects/GitSomeSleep/Capstonee/target/classes/assets/textures/background/bruh.jpg
15:46:49.479 [FXGL Background Thread 4 ] DEBUG FXGLAssetLoaderServi - Loading from file system: jar:file:///Users/ajaxestela/.m2/repository/com/github/almasb/fxgl/21.1/fxgl-21.1.jar!/fxglassets/ui/fonts/Abel-Regular.ttf
15:46:49.484 [FXGL Background Thread 4 ] DEBUG FXGLAssetLoaderServi - Loading from file system: jar:file:///Users/ajaxestela/.m2/repository/com/github/almasb/fxgl/21.1/fxgl-21.1.jar!/fxglassets/ui/fonts/TerminalLandMono-Regular.otf
15:46:49.493 [FXGL Background Thread 4 ] DEBUG FXGLAssetLoaderServi - Loading from file system: jar:file:///Users/ajaxestela/.m2/repository/com/github/almasb/fxgl/21.1/fxgl-21.1.jar!/fxglassets/ui/fonts/Courier-Prime.ttf
15:46:49.496 [JavaFX Application Thread] DEBUG FXGLApplication      - Registering font factories with UI factory
15:46:49.512 [FXGL Background Thread 1 ] INFO  FXGLApplication      - Game initialization took: 0.406 sec
15:46:49.512 [JavaFX Application Thread] DEBUG Input                - Clearing active input actions
15:46:49.516 [JavaFX Application Thread] DEBUG GameApplicationServi - Removing overlay from FXGLLoadingScene and adding to GameScene
15:46:49.516 [JavaFX Application Thread] DEBUG PrimaryStageWindow   - FXGLLoadingScene -> GameScene
15:46:52.064 [FXGL Background Thread 3 ] DEBUG Engine               - Logging environment variables
15:46:52.065 [FXGL Background Thread 3 ] DEBUG Engine               - achievements: []
15:46:52.065 [FXGL Background Thread 3 ] DEBUG Engine               - actualHeight: 720.0
15:46:52.065 [FXGL Background Thread 3 ] DEBUG Engine               - actualHeightProperty: ReadOnlyDoubleProperty [value: 720.0]
15:46:52.065 [FXGL Background Thread 3 ] DEBUG Engine               - actualWidth: 1280.0
15:46:52.065 [FXGL Background Thread 3 ] DEBUG Engine               - actualWidthProperty: ReadOnlyDoubleProperty [value: 1280.0]
15:46:52.065 [FXGL Background Thread 3 ] DEBUG Engine               - appIcon: fxgl_icon.png
15:46:52.066 [FXGL Background Thread 3 ] DEBUG Engine               - applicationMode: DEVELOPER
15:46:52.066 [FXGL Background Thread 3 ] DEBUG Engine               - cSSList: [fxgl_dark.css]
15:46:52.066 [FXGL Background Thread 3 ] DEBUG Engine               - collisionDetectionStrategy: BRUTE_FORCE
15:46:52.066 [FXGL Background Thread 3 ] DEBUG Engine               - configClass: Optional.empty
15:46:52.066 [FXGL Background Thread 3 ] DEBUG Engine               - credits: []
15:46:52.066 [FXGL Background Thread 3 ] DEBUG Engine               - defaultCursor: CursorInfo(imageName=fxgl_default_cursor.png, hotspotX=7.0, hotspotY=6.0)
15:46:52.066 [FXGL Background Thread 3 ] DEBUG Engine               - devBBoxColorProperty: ObjectProperty [value: 0xff0000ff]
15:46:52.066 [FXGL Background Thread 3 ] DEBUG Engine               - devEnableDebugCameraProperty: BooleanProperty [value: false]
15:46:52.066 [FXGL Background Thread 3 ] DEBUG Engine               - devSensorColorProperty: ObjectProperty [value: 0xffff00ff]
15:46:52.066 [FXGL Background Thread 3 ] DEBUG Engine               - devShowBBoxProperty: BooleanProperty [value: false]
15:46:52.067 [FXGL Background Thread 3 ] DEBUG Engine               - devShowPositionProperty: BooleanProperty [value: false]
15:46:52.067 [FXGL Background Thread 3 ] DEBUG Engine               - enabledMenuItems: []
15:46:52.067 [FXGL Background Thread 3 ] DEBUG Engine               - engineServices: [class com.almasb.fxgl.app.services.FXGLAssetLoaderService, class com.almasb.fxgl.app.FXGLApplication$GameApplicationService, class com.almasb.fxgl.app.services.FXGLDialogService, class com.almasb.fxgl.app.services.IOTaskExecutorService, class com.almasb.fxgl.io.FileSystemService, class com.almasb.fxgl.localization.LocalizationService, class com.almasb.fxgl.app.services.SystemBundleService, class com.almasb.fxgl.profile.SaveLoadService, class com.almasb.fxgl.ui.FXGLUIFactoryServiceProvider, class com.almasb.fxgl.ui.FXGLDialogFactoryServiceProvider, class com.almasb.fxgl.audio.AudioPlayer, class com.almasb.fxgl.notification.impl.NotificationServiceProvider, class com.almasb.fxgl.achievement.AchievementService, class com.almasb.fxgl.cutscene.CutsceneService, class com.almasb.fxgl.minigames.MiniGameService, class com.almasb.fxgl.net.NetService, class com.almasb.fxgl.app.services.UpdaterService, class com.almasb.fxgl.dev.DevService]
15:46:52.067 [FXGL Background Thread 3 ] DEBUG Engine               - fontGame: Abel-Regular.ttf
15:46:52.067 [FXGL Background Thread 3 ] DEBUG Engine               - fontMono: TerminalLandMono-Regular.otf
15:46:52.067 [FXGL Background Thread 3 ] DEBUG Engine               - fontSizeScaleUI: 1.0
15:46:52.067 [FXGL Background Thread 3 ] DEBUG Engine               - fontText: Courier-Prime.ttf
15:46:52.067 [FXGL Background Thread 3 ] DEBUG Engine               - fontUI: VarelaRound-Regular.ttf
15:46:52.067 [FXGL Background Thread 3 ] DEBUG Engine               - fullScreen: BooleanProperty [value: false]
15:46:52.067 [FXGL Background Thread 3 ] DEBUG Engine               - gameDifficulty: MEDIUM
15:46:52.067 [FXGL Background Thread 3 ] DEBUG Engine               - gameDifficultyProperty: ObjectProperty [value: MEDIUM]
15:46:52.067 [FXGL Background Thread 3 ] DEBUG Engine               - globalMusicVolume: 0.5
15:46:52.067 [FXGL Background Thread 3 ] DEBUG Engine               - globalMusicVolumeProperty: DoubleProperty [value: 1.0]
15:46:52.067 [FXGL Background Thread 3 ] DEBUG Engine               - globalSoundVolume: 0.5
15:46:52.067 [FXGL Background Thread 3 ] DEBUG Engine               - globalSoundVolumeProperty: DoubleProperty [value: 1.0]
15:46:52.067 [FXGL Background Thread 3 ] DEBUG Engine               - height: 720
15:46:52.067 [FXGL Background Thread 3 ] DEBUG Engine               - is3D: false
15:46:52.067 [FXGL Background Thread 3 ] DEBUG Engine               - isAndroid: false
15:46:52.067 [FXGL Background Thread 3 ] DEBUG Engine               - isBrowser: false
15:46:52.067 [FXGL Background Thread 3 ] DEBUG Engine               - isClickFeedbackEnabled: false
15:46:52.068 [FXGL Background Thread 3 ] DEBUG Engine               - isCloseConfirmation: false
15:46:52.068 [FXGL Background Thread 3 ] DEBUG Engine               - isDesktop: true
15:46:52.068 [FXGL Background Thread 3 ] DEBUG Engine               - isDeveloperMenuEnabled: false
15:46:52.068 [FXGL Background Thread 3 ] DEBUG Engine               - isEmbedded: false
15:46:52.068 [FXGL Background Thread 3 ] DEBUG Engine               - isEntityPreloadEnabled: true
15:46:52.068 [FXGL Background Thread 3 ] DEBUG Engine               - isExperimentalTiledLargeMap: false
15:46:52.068 [FXGL Background Thread 3 ] DEBUG Engine               - isFileSystemWriteAllowed: true
15:46:52.068 [FXGL Background Thread 3 ] DEBUG Engine               - isFullScreenAllowed: false
15:46:52.068 [FXGL Background Thread 3 ] DEBUG Engine               - isFullScreenFromStart: false
15:46:52.068 [FXGL Background Thread 3 ] DEBUG Engine               - isGameMenuEnabled: true
15:46:52.068 [FXGL Background Thread 3 ] DEBUG Engine               - isIOS: false
15:46:52.068 [FXGL Background Thread 3 ] DEBUG Engine               - isIntroEnabled: false
15:46:52.068 [FXGL Background Thread 3 ] DEBUG Engine               - isLinux: false
15:46:52.068 [FXGL Background Thread 3 ] DEBUG Engine               - isMac: true
15:46:52.068 [FXGL Background Thread 3 ] DEBUG Engine               - isMainMenuEnabled: false
15:46:52.068 [FXGL Background Thread 3 ] DEBUG Engine               - isManualResizeEnabled: false
15:46:52.068 [FXGL Background Thread 3 ] DEBUG Engine               - isMobile: false
15:46:52.068 [FXGL Background Thread 3 ] DEBUG Engine               - isNative: false
15:46:52.068 [FXGL Background Thread 3 ] DEBUG Engine               - isPauseMusicWhenMinimized: true
15:46:52.068 [FXGL Background Thread 3 ] DEBUG Engine               - isPreserveResizeRatio: false
15:46:52.068 [FXGL Background Thread 3 ] DEBUG Engine               - isProfilingEnabled: false
15:46:52.068 [FXGL Background Thread 3 ] DEBUG Engine               - isScaleAffectedOnResize: true
15:46:52.068 [FXGL Background Thread 3 ] DEBUG Engine               - isSingleStep: false
15:46:52.068 [FXGL Background Thread 3 ] DEBUG Engine               - isUserProfileEnabled: false
15:46:52.068 [FXGL Background Thread 3 ] DEBUG Engine               - isWindows: false
15:46:52.068 [FXGL Background Thread 3 ] DEBUG Engine               - language: ObjectProperty [value: ENGLISH]
15:46:52.069 [FXGL Background Thread 3 ] DEBUG Engine               - menuKey: ESCAPE
15:46:52.069 [FXGL Background Thread 3 ] DEBUG Engine               - mouseSensitivity: 0.2
15:46:52.069 [FXGL Background Thread 3 ] DEBUG Engine               - notificationViewClass: class com.almasb.fxgl.notification.view.XboxNotificationView
15:46:52.069 [FXGL Background Thread 3 ] DEBUG Engine               - pixelsPerMeter: 50.0
15:46:52.069 [FXGL Background Thread 3 ] DEBUG Engine               - platform: MAC
15:46:52.069 [FXGL Background Thread 3 ] DEBUG Engine               - prefHeightProperty: ReadOnlyDoubleProperty [value: 720.0]
15:46:52.069 [FXGL Background Thread 3 ] DEBUG Engine               - prefWidthProperty: ReadOnlyDoubleProperty [value: 1280.0]
15:46:52.069 [FXGL Background Thread 3 ] DEBUG Engine               - profileDir: profiles/
15:46:52.069 [FXGL Background Thread 3 ] DEBUG Engine               - profileName: StringProperty [value: DEFAULT]
15:46:52.069 [FXGL Background Thread 3 ] DEBUG Engine               - randomSeed: -1
15:46:52.069 [FXGL Background Thread 3 ] DEBUG Engine               - runtimeInfo: RuntimeInfo(platform=MAC, version=21.1, build=27.03.2024 07.52)
15:46:52.069 [FXGL Background Thread 3 ] DEBUG Engine               - saveFileExt: sav
15:46:52.069 [FXGL Background Thread 3 ] DEBUG Engine               - scaledHeightProp$fxgl: DoubleProperty [bound, value: 720.0]
15:46:52.069 [FXGL Background Thread 3 ] DEBUG Engine               - scaledWidthProp$fxgl: DoubleProperty [bound, value: 1280.0]
15:46:52.069 [FXGL Background Thread 3 ] DEBUG Engine               - sceneFactory: com.almasb.fxgl.app.scene.SceneFactory@1c23ff84
15:46:52.069 [FXGL Background Thread 3 ] DEBUG Engine               - secondsIn24h: 60
15:46:52.069 [FXGL Background Thread 3 ] DEBUG Engine               - soundMenuBack: menu/back.wav
15:46:52.069 [FXGL Background Thread 3 ] DEBUG Engine               - soundMenuPress: menu/press.wav
15:46:52.069 [FXGL Background Thread 3 ] DEBUG Engine               - soundMenuSelect: menu/select.wav
15:46:52.069 [FXGL Background Thread 3 ] DEBUG Engine               - soundNotification: core/notification.wav
15:46:52.070 [FXGL Background Thread 3 ] DEBUG Engine               - stageStyle: DECORATED
15:46:52.070 [FXGL Background Thread 3 ] DEBUG Engine               - supportedLanguages: [ENGLISH, FRENCH, GERMAN, HUNGARIAN, RUSSIAN]
15:46:52.070 [FXGL Background Thread 3 ] DEBUG Engine               - ticksPerSecond: -1
15:46:52.070 [FXGL Background Thread 3 ] DEBUG Engine               - title: Game App
15:46:52.070 [FXGL Background Thread 3 ] DEBUG Engine               - urlGithub: https://github.com/AlmasB/FXGL
15:46:52.070 [FXGL Background Thread 3 ] DEBUG Engine               - urlLeaderboard: http://fxgl-top.herokuapp.com/
15:46:52.070 [FXGL Background Thread 3 ] DEBUG Engine               - urlPOM: https://raw.githubusercontent.com/AlmasB/FXGL/release/README.md
15:46:52.070 [FXGL Background Thread 3 ] DEBUG Engine               - userAppClass: class org.example.capstonee.GameApp
15:46:52.070 [FXGL Background Thread 3 ] DEBUG Engine               - version: 0.1
15:46:52.070 [FXGL Background Thread 3 ] DEBUG Engine               - versionCheckDays: 7
15:46:52.070 [FXGL Background Thread 3 ] DEBUG Engine               - width: 1280
15:46:52.070 [FXGL Background Thread 3 ] DEBUG Engine               - Logging services
15:46:52.070 [FXGL Background Thread 3 ] DEBUG Engine               - class com.almasb.fxgl.app.services.FXGLAssetLoaderService
15:46:52.070 [FXGL Background Thread 3 ] DEBUG Engine               - class com.almasb.fxgl.app.FXGLApplication$GameApplicationService
15:46:52.070 [FXGL Background Thread 3 ] DEBUG Engine               - class com.almasb.fxgl.app.services.FXGLDialogService
15:46:52.070 [FXGL Background Thread 3 ] DEBUG Engine               - class com.almasb.fxgl.app.services.IOTaskExecutorService
15:46:52.070 [FXGL Background Thread 3 ] DEBUG Engine               - class com.almasb.fxgl.io.FileSystemService
15:46:52.070 [FXGL Background Thread 3 ] DEBUG Engine               - class com.almasb.fxgl.localization.LocalizationService
15:46:52.070 [FXGL Background Thread 3 ] DEBUG Engine               - class com.almasb.fxgl.app.services.SystemBundleService
15:46:52.070 [FXGL Background Thread 3 ] DEBUG Engine               - class com.almasb.fxgl.profile.SaveLoadService
15:46:52.070 [FXGL Background Thread 3 ] DEBUG Engine               - class com.almasb.fxgl.ui.FXGLUIFactoryServiceProvider
15:46:52.070 [FXGL Background Thread 3 ] DEBUG Engine               - class com.almasb.fxgl.ui.FXGLDialogFactoryServiceProvider
15:46:52.070 [FXGL Background Thread 3 ] DEBUG Engine               - class com.almasb.fxgl.audio.AudioPlayer
15:46:52.070 [FXGL Background Thread 3 ] DEBUG Engine               - class com.almasb.fxgl.notification.impl.NotificationServiceProvider
15:46:52.070 [FXGL Background Thread 3 ] DEBUG Engine               - class com.almasb.fxgl.achievement.AchievementService
15:46:52.070 [FXGL Background Thread 3 ] DEBUG Engine               - class com.almasb.fxgl.cutscene.CutsceneService
15:46:52.070 [FXGL Background Thread 3 ] DEBUG Engine               - class com.almasb.fxgl.minigames.MiniGameService
15:46:52.070 [FXGL Background Thread 3 ] DEBUG Engine               - class com.almasb.fxgl.net.NetService
15:46:52.070 [FXGL Background Thread 3 ] DEBUG Engine               - class com.almasb.fxgl.app.services.UpdaterService
15:46:52.070 [FXGL Background Thread 3 ] DEBUG Engine               - class com.almasb.fxgl.dev.DevService
15:46:59.107 [JavaFX Application Thread] WARN  FXGLAssetLoaderServi - Asset "/assets/sounds/sounds/hit.wav" was not found!
15:46:59.108 [JavaFX Application Thread] WARN  FXGLAssetLoaderServi - Failed to load SOUND
15:46:59.109 [JavaFX Application Thread] WARN  FXGLAssetLoaderServi - Asset "/assets/sounds/sounds/miss.wav" was not found!
15:46:59.109 [JavaFX Application Thread] WARN  FXGLAssetLoaderServi - Failed to load SOUND
15:46:59.109 [JavaFX Application Thread] WARN  FXGLAssetLoaderServi - Asset "/assets/music/songs/desperato.wav" was not found!
15:46:59.109 [JavaFX Application Thread] WARN  FXGLAssetLoaderServi - Failed to load MUSIC
15:46:59.585 [JavaFX Application Thread] DEBUG AudioPlayer          - Playing music com.almasb.fxgl.audio.Music@7c8adfc9
15:47:11.440 [JavaFX Application Thread] DEBUG FXGLApplication      - Exiting FXGL
15:47:11.441 [JavaFX Application Thread] DEBUG LoopRunner           - Stopping loop
15:47:11.446 [JavaFX Application Thread] DEBUG SystemBundleService  - Saving FXGL system data
15:47:11.450 [JavaFX Application Thread] DEBUG FileSystemAccess     - Writing to: /Users/ajaxestela/IdeaProjects/GitSomeSleep/system/fxgl.bundle
15:47:11.452 [JavaFX Application Thread] DEBUG Async                - Shutting down background threads
15:47:11.452 [JavaFX Application Thread] DEBUG PrimaryStageWindow   - Closing main window
15:47:11.464 [JavaFX Application Thread] DEBUG Logger               - Closing Logger
