15:56:30.909 [main                     ] DEBUG Logger               - Configured Logger
15:56:30.919 [main                     ] DEBUG GameApplication      - Logging settings
Title: Game App
Version: 0.1
Width: 1280
Height: 720
Fullscreen: false
Intro: false
Profiling: false
Single step:false
App Mode: DEVELOPER
Menu Key: ESCAPE
Stage Style: DECORATED
Scene Factory: class com.almasb.fxgl.app.scene.SceneFactory

15:56:32.297 [JavaFX Application Thread] DEBUG FXGLApplication      - Initializing FXGL
15:56:32.299 [JavaFX Application Thread] INFO  Engine               - FXGL-21.1 (27.03.2024 07.52) on MAC (J:23.0.2 FX:22.0.1)
15:56:32.299 [JavaFX Application Thread] DEBUG Engine               - JRE Vendor Name: Homebrew
15:56:32.299 [JavaFX Application Thread] DEBUG Engine               - Running on OS: Mac OS X version 15.3.2
15:56:32.300 [JavaFX Application Thread] DEBUG Engine               - Architecture: aarch64
15:56:32.300 [JavaFX Application Thread] INFO  Engine               - Source code and latest versions at: https://github.com/AlmasB/FXGL
15:56:32.300 [JavaFX Application Thread] INFO  Engine               -       Ask questions and discuss at: https://github.com/AlmasB/FXGL/discussions
15:56:32.300 [JavaFX Application Thread] INFO  Engine               -              Join the FXGL chat at: https://gitter.im/AlmasB/FXGL
15:56:32.339 [JavaFX Application Thread] DEBUG PrimaryStageWindow   - Creating a JavaFX scene
15:56:32.359 [JavaFX Application Thread] DEBUG PrimaryStageWindow   - Target settings size: 1280.0 x 720.0
15:56:32.359 [JavaFX Application Thread] DEBUG PrimaryStageWindow   - Scaled scene size:    1280.0 x 720.0
15:56:32.359 [JavaFX Application Thread] DEBUG PrimaryStageWindow   - Scaled ratio: (1.0, 1.0)
15:56:32.359 [JavaFX Application Thread] DEBUG PrimaryStageWindow   - Set initial scene to FXGLStartupScene
15:56:32.360 [JavaFX Application Thread] DEBUG PrimaryStageWindow   - Opening main window
15:56:32.492 [JavaFX Application Thread] DEBUG PrimaryStageWindow   - Window border size: (0.0, 28.0)
15:56:32.493 [JavaFX Application Thread] DEBUG PrimaryStageWindow   - Scaled size: 1280.0 x 720.0
15:56:32.493 [JavaFX Application Thread] DEBUG PrimaryStageWindow   - Scaled ratio: (1.0, 1.0)
15:56:32.493 [JavaFX Application Thread] DEBUG PrimaryStageWindow   - Scene size: 1280.0 x 720.0
15:56:32.493 [JavaFX Application Thread] DEBUG PrimaryStageWindow   - Stage size: 1280.0 x 748.0
15:56:32.496 [FXGL Background Thread 1 ] DEBUG Engine               - Initializing environment variables
15:56:32.540 [FXGL Background Thread 1 ] DEBUG FXGLAssetLoaderServi - User app class for loading assets: class org.example.capstonee.GameApp
15:56:32.540 [FXGL Background Thread 1 ] DEBUG GameApplicationServi - Applying CSS: fxgl_dark.css
15:56:32.541 [FXGL Background Thread 1 ] DEBUG FXGLAssetLoaderServi - Loading from file system: jar:file:///Users/ajaxestela/.m2/repository/com/github/almasb/fxgl/21.1/fxgl-21.1.jar!/fxglassets/ui/css/fxgl_dark.css
15:56:32.566 [FXGL Background Thread 1 ] DEBUG GameApplicationServi - Initializing application scenes
15:56:32.967 [FXGL Background Thread 1 ] DEBUG GameWorld            - Game world initialized
15:56:33.004 [FXGL Background Thread 1 ] DEBUG PhysicsWorld         - Physics world initialized: appHeight=720, physics.ppm=50.0
15:56:33.005 [FXGL Background Thread 1 ] DEBUG PhysicsWorld         - Using strategy: BRUTE_FORCE
15:56:33.007 [FXGL Background Thread 1 ] DEBUG GameScene            - Game scene initialized: 1280x720
15:56:33.015 [FXGL Background Thread 1 ] DEBUG FXGL.DefaultMenu     - createMenuBodyGameMenu()
15:56:33.031 [FXGL Background Thread 1 ] DEBUG FXGL.DefaultMenu     - createOptionsMenu()
15:56:33.036 [FXGL Background Thread 1 ] DEBUG FXGLAssetLoaderServi - Loading from file system: jar:file:///Users/ajaxestela/.m2/repository/com/github/almasb/fxgl/21.1/fxgl-21.1.jar!/fxglassets/textures/particles/smoke.png
15:56:33.084 [FXGL Background Thread 1 ] DEBUG FXGLAssetLoaderServi - Loading from file system: jar:file:///Users/ajaxestela/.m2/repository/com/github/almasb/fxgl/21.1/fxgl-21.1.jar!/fxglassets/textures/particles/trace_horizontal.png
15:56:33.096 [FXGL Background Thread 1 ] DEBUG GameApplicationServi - Application scenes initialized
15:56:33.103 [FXGL Background Thread 1 ] DEBUG SystemBundleService  - Loading FXGL system data
15:56:33.107 [FXGL Background Thread 1 ] DEBUG FileSystemAccess     - Reading from: /Users/ajaxestela/IdeaProjects/GitSomeSleep/system/fxgl.bundle
15:56:33.112 [FXGL Background Thread 1 ] DEBUG SystemBundleService  - Bundle FXGL: {}
15:56:33.112 [FXGL Background Thread 1 ] DEBUG UpdaterService       - Checking for updates
15:56:33.114 [FXGL Background Thread 4 ] DEBUG FXGLApplication      - Loading fonts
15:56:33.114 [FXGL Background Thread 4 ] DEBUG FXGLAssetLoaderServi - Loading from file system: jar:file:///Users/ajaxestela/.m2/repository/com/github/almasb/fxgl/21.1/fxgl-21.1.jar!/fxglassets/ui/fonts/VarelaRound-Regular.ttf
15:56:33.114 [FXGL Background Thread 1 ] DEBUG FXGLApplication      - Loading default localization
15:56:33.115 [FXGL Background Thread 1 ] DEBUG FXGLAssetLoaderServi - Loading from file system: jar:file:///Users/ajaxestela/.m2/repository/com/github/almasb/fxgl/21.1/fxgl-21.1.jar!/fxglassets/languages/english.lang
15:56:33.125 [FXGL Background Thread 1 ] INFO  FXGLApplication      - FXGL initialization took: 0.630 sec
15:56:33.131 [JavaFX Application Thread] DEBUG Input                - Registered new binding: Left - A
15:56:33.131 [JavaFX Application Thread] DEBUG Input                - Registered new binding: Right - D
15:56:33.131 [JavaFX Application Thread] DEBUG Input                - Registered new binding: Jump - W
15:56:33.131 [JavaFX Application Thread] DEBUG Input                - Registered new binding: Interact - E
15:56:33.131 [JavaFX Application Thread] DEBUG Input                - Registered new binding: RhythmLane0 - F
15:56:33.131 [JavaFX Application Thread] DEBUG Input                - Registered new binding: RhythmLane1 - G
15:56:33.131 [JavaFX Application Thread] DEBUG Input                - Registered new binding: RhythmLane2 - H
15:56:33.131 [JavaFX Application Thread] DEBUG Input                - Registered new binding: RhythmLane3 - J
15:56:33.132 [JavaFX Application Thread] DEBUG Input                - Registered new binding: RhythmStart - Space
15:56:33.132 [JavaFX Application Thread] DEBUG FXGLAssetLoaderServi - Loading from file system: jar:file:///Users/ajaxestela/.m2/repository/com/github/almasb/fxgl/21.1/fxgl-21.1.jar!/fxglassets/textures/fxgl_icon.png
15:56:33.135 [FXGL Background Thread 4 ] DEBUG FXGLAssetLoaderServi - Loading from file system: jar:file:///Users/ajaxestela/.m2/repository/com/github/almasb/fxgl/21.1/fxgl-21.1.jar!/fxglassets/ui/fonts/Abel-Regular.ttf
15:56:33.138 [FXGL Background Thread 4 ] DEBUG FXGLAssetLoaderServi - Loading from file system: jar:file:///Users/ajaxestela/.m2/repository/com/github/almasb/fxgl/21.1/fxgl-21.1.jar!/fxglassets/ui/fonts/TerminalLandMono-Regular.otf
15:56:33.144 [FXGL Background Thread 4 ] DEBUG FXGLAssetLoaderServi - Loading from file system: jar:file:///Users/ajaxestela/.m2/repository/com/github/almasb/fxgl/21.1/fxgl-21.1.jar!/fxglassets/ui/fonts/Courier-Prime.ttf
15:56:33.155 [JavaFX Application Thread] DEBUG FXGLAssetLoaderServi - Loading from file system: jar:file:///Users/ajaxestela/.m2/repository/com/github/almasb/fxgl/21.1/fxgl-21.1.jar!/fxglassets/textures/fxgl_default_cursor.png
15:56:33.156 [JavaFX Application Thread] DEBUG Input                - Registered new binding: Screenshot - CTRL+8
15:56:33.157 [JavaFX Application Thread] DEBUG Input                - Registered new binding: System info dump - CTRL+9
15:56:33.157 [JavaFX Application Thread] DEBUG Input                - Registered new binding: Restart - CTRL+R
15:56:33.157 [JavaFX Application Thread] DEBUG Input                - Registered new binding: Toggle Debug Camera - CTRL+7
15:56:33.157 [JavaFX Application Thread] DEBUG LoopRunner           - Starting loop
15:56:33.157 [JavaFX Application Thread] DEBUG LoopRunner           - Initializing JavaFX AnimationTimerLoop
15:56:33.158 [JavaFX Application Thread] DEBUG GameApplicationServi - Starting new game
15:56:33.158 [JavaFX Application Thread] DEBUG Input                - Clearing active input actions
15:56:33.162 [JavaFX Application Thread] DEBUG GameApplicationServi - Removing overlay from FXGLStartupScene and adding to FXGLLoadingScene
15:56:33.163 [JavaFX Application Thread] DEBUG PrimaryStageWindow   - FXGLStartupScene -> FXGLLoadingScene
15:56:33.163 [JavaFX Application Thread] DEBUG GameApplicationServi - Clearing previous game
15:56:33.163 [JavaFX Application Thread] DEBUG GameScene            - Clearing game scene
15:56:33.163 [JavaFX Application Thread] DEBUG GameWorld            - Clearing game world
15:56:33.163 [JavaFX Application Thread] DEBUG PhysicsWorld         - Clearing physics world
15:56:33.163 [FXGL Background Thread 4 ] DEBUG FXGLApplication      - Initializing game
15:56:33.196 [JavaFX Application Thread] DEBUG FXGLApplication      - Registering font factories with UI factory
15:56:33.218 [FXGL Background Thread 4 ] WARN  TMXLevelLoader       - TiledMap generated from 1.11.0. Supported version: 1.9.0. Some features may not be parsed fully.
15:56:33.222 [FXGL Background Thread 4 ] DEBUG TMXLevelLoader       - Parsed TiledMap: file:/Users/ajaxestela/IdeaProjects/GitSomeSleep/Capstonee/target/classes/assets/levels/tmx/test.tmx
15:56:33.223 [FXGL Background Thread 4 ] DEBUG TMXLevelLoader       - Creating tile layer entities
15:56:33.223 [FXGL Background Thread 4 ] DEBUG TilesetLoader        - Loading view for layer Tile Layer 1
15:56:33.223 [FXGL Background Thread 4 ] DEBUG TilesetLoader        - Created buffer with size 320.0x320.0
15:56:33.228 [FXGL Background Thread 4 ] DEBUG TMXLevelLoader       - Creating object layer entities
15:56:33.239 [FXGL Background Thread 4 ] DEBUG GameWorld            - Clearing removable entities
15:56:33.239 [FXGL Background Thread 4 ] DEBUG GameWorld            - Setting level: com.almasb.fxgl.entity.level.Level@5f62233f
15:56:33.244 [FXGL Background Thread 4 ] WARN  FXGLAssetLoaderServi - Asset "/assets/textures/player.png" was not found!
15:56:33.244 [FXGL Background Thread 4 ] WARN  FXGLAssetLoaderServi - Failed to load IMAGE
15:56:33.289 [FXGL Background Thread 4 ] DEBUG FXGLAssetLoaderServi - Loading from file system: file:/Users/ajaxestela/IdeaProjects/GitSomeSleep/Capstonee/target/classes/assets/textures/background/bruh.jpg
15:56:33.326 [FXGL Background Thread 4 ] INFO  FXGLApplication      - Game initialization took: 0.163 sec
15:56:33.326 [JavaFX Application Thread] DEBUG Input                - Clearing active input actions
15:56:33.330 [JavaFX Application Thread] DEBUG GameApplicationServi - Removing overlay from FXGLLoadingScene and adding to GameScene
15:56:33.330 [JavaFX Application Thread] DEBUG PrimaryStageWindow   - FXGLLoadingScene -> GameScene
15:56:35.973 [JavaFX Application Thread] WARN  FXGLAssetLoaderServi - Asset "/assets/sounds/sounds/hit.wav" was not found!
15:56:35.974 [JavaFX Application Thread] WARN  FXGLAssetLoaderServi - Failed to load SOUND
15:56:35.974 [JavaFX Application Thread] WARN  FXGLAssetLoaderServi - Asset "/assets/sounds/sounds/miss.wav" was not found!
15:56:35.974 [JavaFX Application Thread] WARN  FXGLAssetLoaderServi - Failed to load SOUND
15:56:35.975 [JavaFX Application Thread] DEBUG FXGLAssetLoaderServi - Loading from file system: file:/Users/ajaxestela/IdeaProjects/GitSomeSleep/Capstonee/target/classes/assets/music/songs/desperato.wav
15:56:36.118 [FXGL Background Thread 3 ] DEBUG Engine               - Logging environment variables
15:56:36.119 [FXGL Background Thread 3 ] DEBUG Engine               - achievements: []
15:56:36.119 [FXGL Background Thread 3 ] DEBUG Engine               - actualHeight: 720.0
15:56:36.119 [FXGL Background Thread 3 ] DEBUG Engine               - actualHeightProperty: ReadOnlyDoubleProperty [value: 720.0]
15:56:36.119 [FXGL Background Thread 3 ] DEBUG Engine               - actualWidth: 1280.0
15:56:36.119 [FXGL Background Thread 3 ] DEBUG Engine               - actualWidthProperty: ReadOnlyDoubleProperty [value: 1280.0]
15:56:36.119 [FXGL Background Thread 3 ] DEBUG Engine               - appIcon: fxgl_icon.png
15:56:36.119 [FXGL Background Thread 3 ] DEBUG Engine               - applicationMode: DEVELOPER
15:56:36.119 [FXGL Background Thread 3 ] DEBUG Engine               - cSSList: [fxgl_dark.css]
15:56:36.119 [FXGL Background Thread 3 ] DEBUG Engine               - collisionDetectionStrategy: BRUTE_FORCE
15:56:36.119 [FXGL Background Thread 3 ] DEBUG Engine               - configClass: Optional.empty
15:56:36.119 [FXGL Background Thread 3 ] DEBUG Engine               - credits: []
15:56:36.119 [FXGL Background Thread 3 ] DEBUG Engine               - defaultCursor: CursorInfo(imageName=fxgl_default_cursor.png, hotspotX=7.0, hotspotY=6.0)
15:56:36.120 [FXGL Background Thread 3 ] DEBUG Engine               - devBBoxColorProperty: ObjectProperty [value: 0xff0000ff]
15:56:36.120 [FXGL Background Thread 3 ] DEBUG Engine               - devEnableDebugCameraProperty: BooleanProperty [value: false]
15:56:36.120 [FXGL Background Thread 3 ] DEBUG Engine               - devSensorColorProperty: ObjectProperty [value: 0xffff00ff]
15:56:36.120 [FXGL Background Thread 3 ] DEBUG Engine               - devShowBBoxProperty: BooleanProperty [value: false]
15:56:36.120 [FXGL Background Thread 3 ] DEBUG Engine               - devShowPositionProperty: BooleanProperty [value: false]
15:56:36.120 [FXGL Background Thread 3 ] DEBUG Engine               - enabledMenuItems: []
15:56:36.120 [FXGL Background Thread 3 ] DEBUG Engine               - engineServices: [class com.almasb.fxgl.app.services.FXGLAssetLoaderService, class com.almasb.fxgl.app.FXGLApplication$GameApplicationService, class com.almasb.fxgl.app.services.FXGLDialogService, class com.almasb.fxgl.app.services.IOTaskExecutorService, class com.almasb.fxgl.io.FileSystemService, class com.almasb.fxgl.localization.LocalizationService, class com.almasb.fxgl.app.services.SystemBundleService, class com.almasb.fxgl.profile.SaveLoadService, class com.almasb.fxgl.ui.FXGLUIFactoryServiceProvider, class com.almasb.fxgl.ui.FXGLDialogFactoryServiceProvider, class com.almasb.fxgl.audio.AudioPlayer, class com.almasb.fxgl.notification.impl.NotificationServiceProvider, class com.almasb.fxgl.achievement.AchievementService, class com.almasb.fxgl.cutscene.CutsceneService, class com.almasb.fxgl.minigames.MiniGameService, class com.almasb.fxgl.net.NetService, class com.almasb.fxgl.app.services.UpdaterService, class com.almasb.fxgl.dev.DevService]
15:56:36.120 [FXGL Background Thread 3 ] DEBUG Engine               - fontGame: Abel-Regular.ttf
15:56:36.120 [FXGL Background Thread 3 ] DEBUG Engine               - fontMono: TerminalLandMono-Regular.otf
15:56:36.120 [FXGL Background Thread 3 ] DEBUG Engine               - fontSizeScaleUI: 1.0
15:56:36.120 [FXGL Background Thread 3 ] DEBUG Engine               - fontText: Courier-Prime.ttf
15:56:36.120 [FXGL Background Thread 3 ] DEBUG Engine               - fontUI: VarelaRound-Regular.ttf
15:56:36.120 [FXGL Background Thread 3 ] DEBUG Engine               - fullScreen: BooleanProperty [value: false]
15:56:36.120 [FXGL Background Thread 3 ] DEBUG Engine               - gameDifficulty: MEDIUM
15:56:36.120 [FXGL Background Thread 3 ] DEBUG Engine               - gameDifficultyProperty: ObjectProperty [value: MEDIUM]
15:56:36.120 [FXGL Background Thread 3 ] DEBUG Engine               - globalMusicVolume: 0.5
15:56:36.120 [FXGL Background Thread 3 ] DEBUG Engine               - globalMusicVolumeProperty: DoubleProperty [value: 1.0]
15:56:36.120 [FXGL Background Thread 3 ] DEBUG Engine               - globalSoundVolume: 0.5
15:56:36.120 [FXGL Background Thread 3 ] DEBUG Engine               - globalSoundVolumeProperty: DoubleProperty [value: 1.0]
15:56:36.120 [FXGL Background Thread 3 ] DEBUG Engine               - height: 720
15:56:36.120 [FXGL Background Thread 3 ] DEBUG Engine               - is3D: false
15:56:36.120 [FXGL Background Thread 3 ] DEBUG Engine               - isAndroid: false
15:56:36.120 [FXGL Background Thread 3 ] DEBUG Engine               - isBrowser: false
15:56:36.120 [FXGL Background Thread 3 ] DEBUG Engine               - isClickFeedbackEnabled: false
15:56:36.120 [FXGL Background Thread 3 ] DEBUG Engine               - isCloseConfirmation: false
15:56:36.120 [FXGL Background Thread 3 ] DEBUG Engine               - isDesktop: true
15:56:36.120 [FXGL Background Thread 3 ] DEBUG Engine               - isDeveloperMenuEnabled: false
15:56:36.120 [FXGL Background Thread 3 ] DEBUG Engine               - isEmbedded: false
15:56:36.120 [FXGL Background Thread 3 ] DEBUG Engine               - isEntityPreloadEnabled: true
15:56:36.120 [FXGL Background Thread 3 ] DEBUG Engine               - isExperimentalTiledLargeMap: false
15:56:36.120 [FXGL Background Thread 3 ] DEBUG Engine               - isFileSystemWriteAllowed: true
15:56:36.120 [FXGL Background Thread 3 ] DEBUG Engine               - isFullScreenAllowed: false
15:56:36.120 [FXGL Background Thread 3 ] DEBUG Engine               - isFullScreenFromStart: false
15:56:36.120 [FXGL Background Thread 3 ] DEBUG Engine               - isGameMenuEnabled: true
15:56:36.120 [FXGL Background Thread 3 ] DEBUG Engine               - isIOS: false
15:56:36.120 [FXGL Background Thread 3 ] DEBUG Engine               - isIntroEnabled: false
15:56:36.120 [FXGL Background Thread 3 ] DEBUG Engine               - isLinux: false
15:56:36.120 [FXGL Background Thread 3 ] DEBUG Engine               - isMac: true
15:56:36.120 [FXGL Background Thread 3 ] DEBUG Engine               - isMainMenuEnabled: false
15:56:36.120 [FXGL Background Thread 3 ] DEBUG Engine               - isManualResizeEnabled: false
15:56:36.120 [FXGL Background Thread 3 ] DEBUG Engine               - isMobile: false
15:56:36.120 [FXGL Background Thread 3 ] DEBUG Engine               - isNative: false
15:56:36.120 [FXGL Background Thread 3 ] DEBUG Engine               - isPauseMusicWhenMinimized: true
15:56:36.120 [FXGL Background Thread 3 ] DEBUG Engine               - isPreserveResizeRatio: false
15:56:36.120 [FXGL Background Thread 3 ] DEBUG Engine               - isProfilingEnabled: false
15:56:36.120 [FXGL Background Thread 3 ] DEBUG Engine               - isScaleAffectedOnResize: true
15:56:36.121 [FXGL Background Thread 3 ] DEBUG Engine               - isSingleStep: false
15:56:36.121 [FXGL Background Thread 3 ] DEBUG Engine               - isUserProfileEnabled: false
15:56:36.121 [FXGL Background Thread 3 ] DEBUG Engine               - isWindows: false
15:56:36.121 [FXGL Background Thread 3 ] DEBUG Engine               - language: ObjectProperty [value: ENGLISH]
15:56:36.121 [FXGL Background Thread 3 ] DEBUG Engine               - menuKey: ESCAPE
15:56:36.121 [FXGL Background Thread 3 ] DEBUG Engine               - mouseSensitivity: 0.2
15:56:36.121 [FXGL Background Thread 3 ] DEBUG Engine               - notificationViewClass: class com.almasb.fxgl.notification.view.XboxNotificationView
15:56:36.121 [FXGL Background Thread 3 ] DEBUG Engine               - pixelsPerMeter: 50.0
15:56:36.121 [FXGL Background Thread 3 ] DEBUG Engine               - platform: MAC
15:56:36.121 [FXGL Background Thread 3 ] DEBUG Engine               - prefHeightProperty: ReadOnlyDoubleProperty [value: 720.0]
15:56:36.121 [FXGL Background Thread 3 ] DEBUG Engine               - prefWidthProperty: ReadOnlyDoubleProperty [value: 1280.0]
15:56:36.121 [FXGL Background Thread 3 ] DEBUG Engine               - profileDir: profiles/
15:56:36.121 [FXGL Background Thread 3 ] DEBUG Engine               - profileName: StringProperty [value: DEFAULT]
15:56:36.121 [FXGL Background Thread 3 ] DEBUG Engine               - randomSeed: -1
15:56:36.121 [FXGL Background Thread 3 ] DEBUG Engine               - runtimeInfo: RuntimeInfo(platform=MAC, version=21.1, build=27.03.2024 07.52)
15:56:36.121 [FXGL Background Thread 3 ] DEBUG Engine               - saveFileExt: sav
15:56:36.121 [FXGL Background Thread 3 ] DEBUG Engine               - scaledHeightProp$fxgl: DoubleProperty [bound, value: 720.0]
15:56:36.121 [FXGL Background Thread 3 ] DEBUG Engine               - scaledWidthProp$fxgl: DoubleProperty [bound, value: 1280.0]
15:56:36.121 [FXGL Background Thread 3 ] DEBUG Engine               - sceneFactory: com.almasb.fxgl.app.scene.SceneFactory@1c23ff84
15:56:36.121 [FXGL Background Thread 3 ] DEBUG Engine               - secondsIn24h: 60
15:56:36.121 [FXGL Background Thread 3 ] DEBUG Engine               - soundMenuBack: menu/back.wav
15:56:36.121 [FXGL Background Thread 3 ] DEBUG Engine               - soundMenuPress: menu/press.wav
15:56:36.121 [FXGL Background Thread 3 ] DEBUG Engine               - soundMenuSelect: menu/select.wav
15:56:36.121 [FXGL Background Thread 3 ] DEBUG Engine               - soundNotification: core/notification.wav
15:56:36.121 [FXGL Background Thread 3 ] DEBUG Engine               - stageStyle: DECORATED
15:56:36.121 [FXGL Background Thread 3 ] DEBUG Engine               - supportedLanguages: [ENGLISH, FRENCH, GERMAN, HUNGARIAN, RUSSIAN]
15:56:36.121 [FXGL Background Thread 3 ] DEBUG Engine               - ticksPerSecond: -1
15:56:36.121 [FXGL Background Thread 3 ] DEBUG Engine               - title: Game App
15:56:36.121 [FXGL Background Thread 3 ] DEBUG Engine               - urlGithub: https://github.com/AlmasB/FXGL
15:56:36.121 [FXGL Background Thread 3 ] DEBUG Engine               - urlLeaderboard: http://fxgl-top.herokuapp.com/
15:56:36.121 [FXGL Background Thread 3 ] DEBUG Engine               - urlPOM: https://raw.githubusercontent.com/AlmasB/FXGL/release/README.md
15:56:36.121 [FXGL Background Thread 3 ] DEBUG Engine               - userAppClass: class org.example.capstonee.GameApp
15:56:36.121 [FXGL Background Thread 3 ] DEBUG Engine               - version: 0.1
15:56:36.121 [FXGL Background Thread 3 ] DEBUG Engine               - versionCheckDays: 7
15:56:36.121 [FXGL Background Thread 3 ] DEBUG Engine               - width: 1280
15:56:36.121 [FXGL Background Thread 3 ] DEBUG Engine               - Logging services
15:56:36.121 [FXGL Background Thread 3 ] DEBUG Engine               - class com.almasb.fxgl.app.services.FXGLAssetLoaderService
15:56:36.121 [FXGL Background Thread 3 ] DEBUG Engine               - class com.almasb.fxgl.app.FXGLApplication$GameApplicationService
15:56:36.121 [FXGL Background Thread 3 ] DEBUG Engine               - class com.almasb.fxgl.app.services.FXGLDialogService
15:56:36.121 [FXGL Background Thread 3 ] DEBUG Engine               - class com.almasb.fxgl.app.services.IOTaskExecutorService
15:56:36.121 [FXGL Background Thread 3 ] DEBUG Engine               - class com.almasb.fxgl.io.FileSystemService
15:56:36.121 [FXGL Background Thread 3 ] DEBUG Engine               - class com.almasb.fxgl.localization.LocalizationService
15:56:36.121 [FXGL Background Thread 3 ] DEBUG Engine               - class com.almasb.fxgl.app.services.SystemBundleService
15:56:36.121 [FXGL Background Thread 3 ] DEBUG Engine               - class com.almasb.fxgl.profile.SaveLoadService
15:56:36.121 [FXGL Background Thread 3 ] DEBUG Engine               - class com.almasb.fxgl.ui.FXGLUIFactoryServiceProvider
15:56:36.121 [FXGL Background Thread 3 ] DEBUG Engine               - class com.almasb.fxgl.ui.FXGLDialogFactoryServiceProvider
15:56:36.121 [FXGL Background Thread 3 ] DEBUG Engine               - class com.almasb.fxgl.audio.AudioPlayer
15:56:36.121 [FXGL Background Thread 3 ] DEBUG Engine               - class com.almasb.fxgl.notification.impl.NotificationServiceProvider
15:56:36.121 [FXGL Background Thread 3 ] DEBUG Engine               - class com.almasb.fxgl.achievement.AchievementService
15:56:36.121 [FXGL Background Thread 3 ] DEBUG Engine               - class com.almasb.fxgl.cutscene.CutsceneService
15:56:36.121 [FXGL Background Thread 3 ] DEBUG Engine               - class com.almasb.fxgl.minigames.MiniGameService
15:56:36.121 [FXGL Background Thread 3 ] DEBUG Engine               - class com.almasb.fxgl.net.NetService
15:56:36.122 [FXGL Background Thread 3 ] DEBUG Engine               - class com.almasb.fxgl.app.services.UpdaterService
15:56:36.122 [FXGL Background Thread 3 ] DEBUG Engine               - class com.almasb.fxgl.dev.DevService
15:56:40.616 [JavaFX Application Thread] DEBUG AudioPlayer          - Playing music com.almasb.fxgl.audio.Music@321defc8
15:56:44.861 [JavaFX Application Thread] DEBUG FXGLApplication      - Exiting FXGL
15:56:44.861 [JavaFX Application Thread] DEBUG LoopRunner           - Stopping loop
15:56:44.862 [JavaFX Application Thread] DEBUG SystemBundleService  - Saving FXGL system data
15:56:44.864 [JavaFX Application Thread] DEBUG FileSystemAccess     - Writing to: /Users/ajaxestela/IdeaProjects/GitSomeSleep/system/fxgl.bundle
15:56:44.867 [JavaFX Application Thread] DEBUG Async                - Shutting down background threads
15:56:44.867 [JavaFX Application Thread] DEBUG PrimaryStageWindow   - Closing main window
15:56:44.932 [JavaFX Application Thread] DEBUG Logger               - Closing Logger
