06:43:40.930 [main                     ] DEBUG Logger               - Configured Logger
06:43:40.950 [main                     ] DEBUG GameApplication      - Logging settings
Title: Platformer with Rhythm
Version: 0.2
Width: 1280
Height: 720
Fullscreen: false
Intro: false
Profiling: false
Single step:false
App Mode: DEVELOPER
Menu Key: ESCAPE
Stage Style: DECORATED
Scene Factory: class com.almasb.fxgl.app.scene.SceneFactory

06:43:41.191 [JavaFX Application Thread] DEBUG FXGLApplication      - Initializing FXGL
06:43:41.195 [JavaFX Application Thread] INFO  Engine               - FXGL-21.1 (27.03.2024 07.52) on WINDOWS (J:23 FX:22.0.1)
06:43:41.195 [JavaFX Application Thread] DEBUG Engine               - JRE Vendor Name: Oracle Corporation
06:43:41.196 [JavaFX Application Thread] DEBUG Engine               - Running on OS: Windows 10 version 10.0
06:43:41.196 [JavaFX Application Thread] DEBUG Engine               - Architecture: amd64
06:43:41.196 [JavaFX Application Thread] INFO  Engine               - Source code and latest versions at: https://github.com/AlmasB/FXGL
06:43:41.196 [JavaFX Application Thread] INFO  Engine               -       Ask questions and discuss at: https://github.com/AlmasB/FXGL/discussions
06:43:41.196 [JavaFX Application Thread] INFO  Engine               -              Join the FXGL chat at: https://gitter.im/AlmasB/FXGL
06:43:41.278 [JavaFX Application Thread] DEBUG PrimaryStageWindow   - Creating a JavaFX scene
06:43:41.324 [JavaFX Application Thread] DEBUG PrimaryStageWindow   - Target settings size: 1280.0 x 720.0
06:43:41.324 [JavaFX Application Thread] DEBUG PrimaryStageWindow   - Scaled scene size:    1280.0 x 720.0
06:43:41.324 [JavaFX Application Thread] DEBUG PrimaryStageWindow   - Scaled ratio: (1.0, 1.0)
06:43:41.325 [JavaFX Application Thread] DEBUG PrimaryStageWindow   - Set initial scene to FXGLStartupScene
06:43:41.327 [JavaFX Application Thread] DEBUG PrimaryStageWindow   - Opening main window
06:43:41.593 [JavaFX Application Thread] DEBUG PrimaryStageWindow   - Window border size: (16.0, 39.0)
06:43:41.594 [JavaFX Application Thread] DEBUG PrimaryStageWindow   - Scaled size: 1280.0 x 720.0
06:43:41.594 [JavaFX Application Thread] DEBUG PrimaryStageWindow   - Scaled ratio: (1.0, 1.0)
06:43:41.594 [JavaFX Application Thread] DEBUG PrimaryStageWindow   - Scene size: 1280.0 x 720.0
06:43:41.594 [JavaFX Application Thread] DEBUG PrimaryStageWindow   - Stage size: 1296.0 x 759.0
06:43:41.604 [FXGL Background Thread 1 ] DEBUG Engine               - Initializing environment variables
06:43:41.782 [FXGL Background Thread 1 ] DEBUG FXGLAssetLoaderServi - User app class for loading assets: class org.example.capstonee.GameApp
06:43:41.782 [FXGL Background Thread 1 ] DEBUG GameApplicationServi - Applying CSS: fxgl_dark.css
06:43:41.786 [FXGL Background Thread 1 ] DEBUG FXGLAssetLoaderServi - Loading from file system: jar:file:///C:/Users/Admin/.m2/repository/com/github/almasb/fxgl/21.1/fxgl-21.1.jar!/fxglassets/ui/css/fxgl_dark.css
06:43:41.852 [FXGL Background Thread 1 ] DEBUG GameApplicationServi - Initializing application scenes
06:43:41.889 [FXGL Background Thread 1 ] DEBUG GameWorld            - Game world initialized
06:43:41.945 [FXGL Background Thread 1 ] DEBUG PhysicsWorld         - Physics world initialized: appHeight=720, physics.ppm=50.0
06:43:41.945 [FXGL Background Thread 1 ] DEBUG PhysicsWorld         - Using strategy: BRUTE_FORCE
06:43:41.948 [FXGL Background Thread 1 ] DEBUG GameScene            - Game scene initialized: 1280x720
06:43:41.956 [FXGL Background Thread 1 ] DEBUG FXGL.DefaultMenu     - createMenuBodyMainMenu()
06:43:41.965 [FXGL Background Thread 1 ] DEBUG FXGL.DefaultMenu     - createOptionsMenu()
06:43:41.973 [FXGL Background Thread 1 ] DEBUG FXGLAssetLoaderServi - Loading from file system: jar:file:///C:/Users/Admin/.m2/repository/com/github/almasb/fxgl/21.1/fxgl-21.1.jar!/fxglassets/textures/particles/smoke.png
06:43:42.045 [FXGL Background Thread 1 ] DEBUG FXGLAssetLoaderServi - Loading from file system: jar:file:///C:/Users/Admin/.m2/repository/com/github/almasb/fxgl/21.1/fxgl-21.1.jar!/fxglassets/textures/particles/trace_horizontal.png
06:43:42.065 [FXGL Background Thread 1 ] DEBUG FXGL.DefaultMenu     - createMenuBodyGameMenu()
06:43:42.066 [FXGL Background Thread 1 ] DEBUG FXGL.DefaultMenu     - createOptionsMenu()
06:43:42.077 [FXGL Background Thread 1 ] DEBUG GameApplicationServi - Application scenes initialized
06:43:42.085 [FXGL Background Thread 1 ] DEBUG SystemBundleService  - Loading FXGL system data
06:43:42.089 [FXGL Background Thread 1 ] DEBUG FileSystemAccess     - Reading from: C:\Users\Admin\IdeaProjects\GitSomeSleep\system\fxgl.bundle
06:43:42.094 [FXGL Background Thread 1 ] DEBUG SystemBundleService  - Bundle FXGL: {}
06:43:42.094 [FXGL Background Thread 1 ] DEBUG UpdaterService       - Checking for updates
06:43:42.097 [FXGL Background Thread 4 ] DEBUG FXGLApplication      - Loading fonts
06:43:42.097 [FXGL Background Thread 4 ] DEBUG FXGLAssetLoaderServi - Loading from file system: jar:file:///C:/Users/Admin/.m2/repository/com/github/almasb/fxgl/21.1/fxgl-21.1.jar!/fxglassets/ui/fonts/VarelaRound-Regular.ttf
06:43:42.097 [FXGL Background Thread 1 ] DEBUG FXGLApplication      - Loading default localization
06:43:42.098 [FXGL Background Thread 1 ] DEBUG FXGLAssetLoaderServi - Loading from file system: jar:file:///C:/Users/Admin/.m2/repository/com/github/almasb/fxgl/21.1/fxgl-21.1.jar!/fxglassets/languages/english.lang
06:43:42.127 [FXGL Background Thread 1 ] INFO  FXGLApplication      - FXGL initialization took: 0.524 sec
06:43:42.130 [FXGL Background Thread 4 ] DEBUG FXGLAssetLoaderServi - Loading from file system: jar:file:///C:/Users/Admin/.m2/repository/com/github/almasb/fxgl/21.1/fxgl-21.1.jar!/fxglassets/ui/fonts/Abel-Regular.ttf
06:43:42.134 [FXGL Background Thread 4 ] DEBUG FXGLAssetLoaderServi - Loading from file system: jar:file:///C:/Users/Admin/.m2/repository/com/github/almasb/fxgl/21.1/fxgl-21.1.jar!/fxglassets/ui/fonts/TerminalLandMono-Regular.otf
06:43:42.137 [FXGL Background Thread 4 ] DEBUG FXGLAssetLoaderServi - Loading from file system: jar:file:///C:/Users/Admin/.m2/repository/com/github/almasb/fxgl/21.1/fxgl-21.1.jar!/fxglassets/ui/fonts/Courier-Prime.ttf
06:43:42.137 [JavaFX Application Thread] DEBUG Input                - Registered new binding: Left - A
06:43:42.137 [JavaFX Application Thread] DEBUG Input                - Registered new binding: Right - D
06:43:42.137 [JavaFX Application Thread] DEBUG Input                - Registered new binding: Jump - W
06:43:42.137 [JavaFX Application Thread] DEBUG Input                - Registered new binding: Interact / Confirm - E
06:43:42.137 [JavaFX Application Thread] DEBUG Input                - Registered new binding: RhythmLane0 - H
06:43:42.137 [JavaFX Application Thread] DEBUG Input                - Registered new binding: RhythmLane1 - J
06:43:42.137 [JavaFX Application Thread] DEBUG Input                - Registered new binding: RhythmLane2 - K
06:43:42.138 [JavaFX Application Thread] DEBUG Input                - Registered new binding: RhythmLane3 - L
06:43:42.138 [JavaFX Application Thread] DEBUG Input                - Registered new binding: RhythmStart - Space
06:43:42.138 [JavaFX Application Thread] DEBUG FXGLAssetLoaderServi - Loading from file system: jar:file:///C:/Users/Admin/.m2/repository/com/github/almasb/fxgl/21.1/fxgl-21.1.jar!/fxglassets/textures/fxgl_icon.png
06:43:42.155 [JavaFX Application Thread] DEBUG FXGLAssetLoaderServi - Loading from file system: jar:file:///C:/Users/Admin/.m2/repository/com/github/almasb/fxgl/21.1/fxgl-21.1.jar!/fxglassets/textures/fxgl_default_cursor.png
06:43:42.158 [JavaFX Application Thread] DEBUG Input                - Registered new binding: Screenshot - CTRL+8
06:43:42.158 [JavaFX Application Thread] DEBUG Input                - Registered new binding: System info dump - CTRL+9
06:43:42.158 [JavaFX Application Thread] DEBUG Input                - Registered new binding: Restart - CTRL+R
06:43:42.159 [JavaFX Application Thread] DEBUG Input                - Registered new binding: Toggle Debug Camera - CTRL+7
06:43:42.162 [JavaFX Application Thread] DEBUG LoopRunner           - Starting loop
06:43:42.162 [JavaFX Application Thread] DEBUG LoopRunner           - Initializing JavaFX AnimationTimerLoop
06:43:42.165 [JavaFX Application Thread] DEBUG Input                - Clearing active input actions
06:43:42.170 [JavaFX Application Thread] DEBUG GameApplicationServi - Removing overlay from FXGLStartupScene and adding to FXGLMainMenuDummyScene
06:43:42.170 [JavaFX Application Thread] DEBUG PrimaryStageWindow   - FXGLStartupScene -> FXGLMainMenuDummyScene
06:43:42.171 [JavaFX Application Thread] DEBUG PrimaryStageWindow   - Push state: FXGLDefaultMenu
06:43:42.179 [JavaFX Application Thread] DEBUG Input                - Clearing active input actions
06:43:42.187 [JavaFX Application Thread] DEBUG GameApplicationServi - Removing overlay from FXGLMainMenuDummyScene and adding to FXGLDefaultMenu
06:43:42.187 [JavaFX Application Thread] DEBUG PrimaryStageWindow   - FXGLMainMenuDummyScene -> FXGLDefaultMenu
06:43:42.188 [JavaFX Application Thread] DEBUG FXGLApplication      - Registering font factories with UI factory
06:43:43.468 [JavaFX Application Thread] DEBUG Menu                 - fireNewGame()
06:43:43.468 [JavaFX Application Thread] DEBUG GameApplicationServi - Starting new game
06:43:43.472 [JavaFX Application Thread] DEBUG PrimaryStageWindow   - Pop state: FXGLDefaultMenu
06:43:43.472 [JavaFX Application Thread] DEBUG Input                - Clearing active input actions
06:43:43.474 [JavaFX Application Thread] DEBUG GameApplicationServi - Removing overlay from FXGLDefaultMenu and adding to FXGLMainMenuDummyScene
06:43:43.475 [JavaFX Application Thread] DEBUG PrimaryStageWindow   - FXGLMainMenuDummyScene <- FXGLDefaultMenu
06:43:43.475 [JavaFX Application Thread] DEBUG Input                - Clearing active input actions
06:43:43.490 [JavaFX Application Thread] DEBUG GameApplicationServi - Removing overlay from FXGLMainMenuDummyScene and adding to FXGLLoadingScene
06:43:43.490 [JavaFX Application Thread] DEBUG PrimaryStageWindow   - FXGLMainMenuDummyScene -> FXGLLoadingScene
06:43:43.490 [JavaFX Application Thread] DEBUG GameApplicationServi - Clearing previous game
06:43:43.490 [JavaFX Application Thread] DEBUG GameScene            - Clearing game scene
06:43:43.490 [JavaFX Application Thread] DEBUG GameWorld            - Clearing game world
06:43:43.490 [JavaFX Application Thread] DEBUG PhysicsWorld         - Clearing physics world
06:43:43.492 [FXGL Background Thread 2 ] DEBUG FXGLApplication      - Initializing game
06:43:43.495 [FXGL Background Thread 2 ] WARN  FXGLAssetLoaderServi - Asset "/assets/sounds/sounds/hit.wav" was not found!
06:43:43.495 [FXGL Background Thread 2 ] WARN  FXGLAssetLoaderServi - Failed to load SOUND
06:43:43.496 [FXGL Background Thread 2 ] WARN  FXGLAssetLoaderServi - Asset "/assets/sounds/sounds/miss.wav" was not found!
06:43:43.497 [FXGL Background Thread 2 ] WARN  FXGLAssetLoaderServi - Failed to load SOUND
06:43:43.594 [FXGL Background Thread 2 ] WARN  TMXLevelLoader       - TiledMap generated from 1.11.0. Supported version: 1.9.0. Some features may not be parsed fully.
06:43:43.603 [FXGL Background Thread 2 ] DEBUG TMXLevelLoader       - Parsed TiledMap: file:/C:/Users/Admin/IdeaProjects/GitSomeSleep/Capstonee/target/classes/assets/levels/tmx/test.tmx
06:43:43.605 [FXGL Background Thread 2 ] DEBUG TMXLevelLoader       - Creating tile layer entities
06:43:43.610 [FXGL Background Thread 2 ] DEBUG TilesetLoader        - Loading view for layer Tile Layer 1
06:43:43.610 [FXGL Background Thread 2 ] DEBUG TilesetLoader        - Created buffer with size 320.0x320.0
06:43:43.624 [FXGL Background Thread 2 ] DEBUG TMXLevelLoader       - Creating object layer entities
06:43:43.652 [FXGL Background Thread 2 ] DEBUG GameWorld            - Clearing removable entities
06:43:43.653 [FXGL Background Thread 2 ] DEBUG GameWorld            - Setting level: com.almasb.fxgl.entity.level.Level@2c8d87ec
06:43:43.664 [FXGL Background Thread 2 ] WARN  FXGLAssetLoaderServi - Asset "/assets/textures/player.png" was not found!
06:43:43.665 [FXGL Background Thread 2 ] WARN  FXGLAssetLoaderServi - Failed to load IMAGE
06:43:43.683 [FXGL Background Thread 2 ] DEBUG FXGLAssetLoaderServi - Loading from file system: file:/C:/Users/Admin/IdeaProjects/GitSomeSleep/Capstonee/target/classes/assets/textures/background/bruh.jpg
06:43:43.704 [FXGL Background Thread 2 ] INFO  FXGLApplication      - Game initialization took: 0.211 sec
06:43:43.705 [JavaFX Application Thread] DEBUG Input                - Clearing active input actions
06:43:43.718 [JavaFX Application Thread] DEBUG GameApplicationServi - Removing overlay from FXGLLoadingScene and adding to GameScene
06:43:43.718 [JavaFX Application Thread] DEBUG PrimaryStageWindow   - FXGLLoadingScene -> GameScene
06:43:45.097 [FXGL Background Thread 3 ] DEBUG Engine               - Logging environment variables
06:43:45.099 [FXGL Background Thread 3 ] DEBUG Engine               - achievements: []
06:43:45.099 [FXGL Background Thread 3 ] DEBUG Engine               - actualHeight: 720.0
06:43:45.099 [FXGL Background Thread 3 ] DEBUG Engine               - actualHeightProperty: ReadOnlyDoubleProperty [value: 720.0]
06:43:45.099 [FXGL Background Thread 3 ] DEBUG Engine               - actualWidth: 1280.0
06:43:45.099 [FXGL Background Thread 3 ] DEBUG Engine               - actualWidthProperty: ReadOnlyDoubleProperty [value: 1280.0]
06:43:45.099 [FXGL Background Thread 3 ] DEBUG Engine               - appIcon: fxgl_icon.png
06:43:45.099 [FXGL Background Thread 3 ] DEBUG Engine               - applicationMode: DEVELOPER
06:43:45.099 [FXGL Background Thread 3 ] DEBUG Engine               - cSSList: [fxgl_dark.css]
06:43:45.099 [FXGL Background Thread 3 ] DEBUG Engine               - collisionDetectionStrategy: BRUTE_FORCE
06:43:45.099 [FXGL Background Thread 3 ] DEBUG Engine               - configClass: Optional.empty
06:43:45.099 [FXGL Background Thread 3 ] DEBUG Engine               - credits: []
06:43:45.100 [FXGL Background Thread 3 ] DEBUG Engine               - defaultCursor: CursorInfo(imageName=fxgl_default_cursor.png, hotspotX=7.0, hotspotY=6.0)
06:43:45.100 [FXGL Background Thread 3 ] DEBUG Engine               - devBBoxColorProperty: ObjectProperty [value: 0xff0000ff]
06:43:45.100 [FXGL Background Thread 3 ] DEBUG Engine               - devEnableDebugCameraProperty: BooleanProperty [value: false]
06:43:45.100 [FXGL Background Thread 3 ] DEBUG Engine               - devSensorColorProperty: ObjectProperty [value: 0xffff00ff]
06:43:45.100 [FXGL Background Thread 3 ] DEBUG Engine               - devShowBBoxProperty: BooleanProperty [value: false]
06:43:45.100 [FXGL Background Thread 3 ] DEBUG Engine               - devShowPositionProperty: BooleanProperty [value: false]
06:43:45.100 [FXGL Background Thread 3 ] DEBUG Engine               - enabledMenuItems: []
06:43:45.100 [FXGL Background Thread 3 ] DEBUG Engine               - engineServices: [class com.almasb.fxgl.app.services.FXGLAssetLoaderService, class com.almasb.fxgl.app.FXGLApplication$GameApplicationService, class com.almasb.fxgl.app.services.FXGLDialogService, class com.almasb.fxgl.app.services.IOTaskExecutorService, class com.almasb.fxgl.io.FileSystemService, class com.almasb.fxgl.localization.LocalizationService, class com.almasb.fxgl.app.services.SystemBundleService, class com.almasb.fxgl.profile.SaveLoadService, class com.almasb.fxgl.ui.FXGLUIFactoryServiceProvider, class com.almasb.fxgl.ui.FXGLDialogFactoryServiceProvider, class com.almasb.fxgl.audio.AudioPlayer, class com.almasb.fxgl.notification.impl.NotificationServiceProvider, class com.almasb.fxgl.achievement.AchievementService, class com.almasb.fxgl.cutscene.CutsceneService, class com.almasb.fxgl.minigames.MiniGameService, class com.almasb.fxgl.net.NetService, class com.almasb.fxgl.app.services.UpdaterService, class com.almasb.fxgl.dev.DevService]
06:43:45.100 [FXGL Background Thread 3 ] DEBUG Engine               - fontGame: Abel-Regular.ttf
06:43:45.100 [FXGL Background Thread 3 ] DEBUG Engine               - fontMono: TerminalLandMono-Regular.otf
06:43:45.100 [FXGL Background Thread 3 ] DEBUG Engine               - fontSizeScaleUI: 1.0
06:43:45.100 [FXGL Background Thread 3 ] DEBUG Engine               - fontText: Courier-Prime.ttf
06:43:45.100 [FXGL Background Thread 3 ] DEBUG Engine               - fontUI: VarelaRound-Regular.ttf
06:43:45.101 [FXGL Background Thread 3 ] DEBUG Engine               - fullScreen: BooleanProperty [value: false]
06:43:45.101 [FXGL Background Thread 3 ] DEBUG Engine               - gameDifficulty: MEDIUM
06:43:45.101 [FXGL Background Thread 3 ] DEBUG Engine               - gameDifficultyProperty: ObjectProperty [value: MEDIUM]
06:43:45.101 [FXGL Background Thread 3 ] DEBUG Engine               - globalMusicVolume: 0.5
06:43:45.101 [FXGL Background Thread 3 ] DEBUG Engine               - globalMusicVolumeProperty: DoubleProperty [value: 0.5]
06:43:45.101 [FXGL Background Thread 3 ] DEBUG Engine               - globalSoundVolume: 0.5
06:43:45.101 [FXGL Background Thread 3 ] DEBUG Engine               - globalSoundVolumeProperty: DoubleProperty [value: 0.5]
06:43:45.101 [FXGL Background Thread 3 ] DEBUG Engine               - height: 720
06:43:45.101 [FXGL Background Thread 3 ] DEBUG Engine               - is3D: false
06:43:45.101 [FXGL Background Thread 3 ] DEBUG Engine               - isAndroid: false
06:43:45.101 [FXGL Background Thread 3 ] DEBUG Engine               - isBrowser: false
06:43:45.101 [FXGL Background Thread 3 ] DEBUG Engine               - isClickFeedbackEnabled: false
06:43:45.101 [FXGL Background Thread 3 ] DEBUG Engine               - isCloseConfirmation: false
06:43:45.101 [FXGL Background Thread 3 ] DEBUG Engine               - isDesktop: true
06:43:45.101 [FXGL Background Thread 3 ] DEBUG Engine               - isDeveloperMenuEnabled: false
06:43:45.101 [FXGL Background Thread 3 ] DEBUG Engine               - isEmbedded: false
06:43:45.101 [FXGL Background Thread 3 ] DEBUG Engine               - isEntityPreloadEnabled: true
06:43:45.101 [FXGL Background Thread 3 ] DEBUG Engine               - isExperimentalTiledLargeMap: false
06:43:45.101 [FXGL Background Thread 3 ] DEBUG Engine               - isFileSystemWriteAllowed: true
06:43:45.101 [FXGL Background Thread 3 ] DEBUG Engine               - isFullScreenAllowed: false
06:43:45.101 [FXGL Background Thread 3 ] DEBUG Engine               - isFullScreenFromStart: false
06:43:45.101 [FXGL Background Thread 3 ] DEBUG Engine               - isGameMenuEnabled: true
06:43:45.101 [FXGL Background Thread 3 ] DEBUG Engine               - isIOS: false
06:43:45.101 [FXGL Background Thread 3 ] DEBUG Engine               - isIntroEnabled: false
06:43:45.101 [FXGL Background Thread 3 ] DEBUG Engine               - isLinux: false
06:43:45.101 [FXGL Background Thread 3 ] DEBUG Engine               - isMac: false
06:43:45.102 [FXGL Background Thread 3 ] DEBUG Engine               - isMainMenuEnabled: true
06:43:45.102 [FXGL Background Thread 3 ] DEBUG Engine               - isManualResizeEnabled: false
06:43:45.102 [FXGL Background Thread 3 ] DEBUG Engine               - isMobile: false
06:43:45.102 [FXGL Background Thread 3 ] DEBUG Engine               - isNative: false
06:43:45.102 [FXGL Background Thread 3 ] DEBUG Engine               - isPauseMusicWhenMinimized: true
06:43:45.102 [FXGL Background Thread 3 ] DEBUG Engine               - isPreserveResizeRatio: false
06:43:45.102 [FXGL Background Thread 3 ] DEBUG Engine               - isProfilingEnabled: false
06:43:45.102 [FXGL Background Thread 3 ] DEBUG Engine               - isScaleAffectedOnResize: true
06:43:45.102 [FXGL Background Thread 3 ] DEBUG Engine               - isSingleStep: false
06:43:45.102 [FXGL Background Thread 3 ] DEBUG Engine               - isUserProfileEnabled: false
06:43:45.102 [FXGL Background Thread 3 ] DEBUG Engine               - isWindows: true
06:43:45.102 [FXGL Background Thread 3 ] DEBUG Engine               - language: ObjectProperty [value: ENGLISH]
06:43:45.102 [FXGL Background Thread 3 ] DEBUG Engine               - menuKey: ESCAPE
06:43:45.102 [FXGL Background Thread 3 ] DEBUG Engine               - mouseSensitivity: 0.2
06:43:45.102 [FXGL Background Thread 3 ] DEBUG Engine               - notificationViewClass: class com.almasb.fxgl.notification.view.XboxNotificationView
06:43:45.102 [FXGL Background Thread 3 ] DEBUG Engine               - pixelsPerMeter: 50.0
06:43:45.102 [FXGL Background Thread 3 ] DEBUG Engine               - platform: WINDOWS
06:43:45.102 [FXGL Background Thread 3 ] DEBUG Engine               - prefHeightProperty: ReadOnlyDoubleProperty [value: 720.0]
06:43:45.102 [FXGL Background Thread 3 ] DEBUG Engine               - prefWidthProperty: ReadOnlyDoubleProperty [value: 1280.0]
06:43:45.102 [FXGL Background Thread 3 ] DEBUG Engine               - profileDir: profiles/
06:43:45.102 [FXGL Background Thread 3 ] DEBUG Engine               - profileName: StringProperty [value: DEFAULT]
06:43:45.102 [FXGL Background Thread 3 ] DEBUG Engine               - randomSeed: -1
06:43:45.103 [FXGL Background Thread 3 ] DEBUG Engine               - runtimeInfo: RuntimeInfo(platform=WINDOWS, version=21.1, build=27.03.2024 07.52)
06:43:45.103 [FXGL Background Thread 3 ] DEBUG Engine               - saveFileExt: sav
06:43:45.103 [FXGL Background Thread 3 ] DEBUG Engine               - scaledHeightProp$fxgl: DoubleProperty [bound, value: 720.0]
06:43:45.103 [FXGL Background Thread 3 ] DEBUG Engine               - scaledWidthProp$fxgl: DoubleProperty [bound, value: 1280.0]
06:43:45.103 [FXGL Background Thread 3 ] DEBUG Engine               - sceneFactory: com.almasb.fxgl.app.scene.SceneFactory@48d6cc0e
06:43:45.103 [FXGL Background Thread 3 ] DEBUG Engine               - secondsIn24h: 60
06:43:45.103 [FXGL Background Thread 3 ] DEBUG Engine               - soundMenuBack: menu/back.wav
06:43:45.103 [FXGL Background Thread 3 ] DEBUG Engine               - soundMenuPress: menu/press.wav
06:43:45.103 [FXGL Background Thread 3 ] DEBUG Engine               - soundMenuSelect: menu/select.wav
06:43:45.103 [FXGL Background Thread 3 ] DEBUG Engine               - soundNotification: core/notification.wav
06:43:45.103 [FXGL Background Thread 3 ] DEBUG Engine               - stageStyle: DECORATED
06:43:45.103 [FXGL Background Thread 3 ] DEBUG Engine               - supportedLanguages: [ENGLISH, FRENCH, GERMAN, HUNGARIAN, RUSSIAN]
06:43:45.103 [FXGL Background Thread 3 ] DEBUG Engine               - ticksPerSecond: -1
06:43:45.103 [FXGL Background Thread 3 ] DEBUG Engine               - title: Platformer with Rhythm
06:43:45.103 [FXGL Background Thread 3 ] DEBUG Engine               - urlGithub: https://github.com/AlmasB/FXGL
06:43:45.103 [FXGL Background Thread 3 ] DEBUG Engine               - urlLeaderboard: http://fxgl-top.herokuapp.com/
06:43:45.103 [FXGL Background Thread 3 ] DEBUG Engine               - urlPOM: https://raw.githubusercontent.com/AlmasB/FXGL/release/README.md
06:43:45.103 [FXGL Background Thread 3 ] DEBUG Engine               - userAppClass: class org.example.capstonee.GameApp
06:43:45.103 [FXGL Background Thread 3 ] DEBUG Engine               - version: 0.2
06:43:45.103 [FXGL Background Thread 3 ] DEBUG Engine               - versionCheckDays: 7
06:43:45.103 [FXGL Background Thread 3 ] DEBUG Engine               - width: 1280
06:43:45.103 [FXGL Background Thread 3 ] DEBUG Engine               - Logging services
06:43:45.103 [FXGL Background Thread 3 ] DEBUG Engine               - class com.almasb.fxgl.app.services.FXGLAssetLoaderService
06:43:45.103 [FXGL Background Thread 3 ] DEBUG Engine               - class com.almasb.fxgl.app.FXGLApplication$GameApplicationService
06:43:45.103 [FXGL Background Thread 3 ] DEBUG Engine               - class com.almasb.fxgl.app.services.FXGLDialogService
06:43:45.104 [FXGL Background Thread 3 ] DEBUG Engine               - class com.almasb.fxgl.app.services.IOTaskExecutorService
06:43:45.104 [FXGL Background Thread 3 ] DEBUG Engine               - class com.almasb.fxgl.io.FileSystemService
06:43:45.104 [FXGL Background Thread 3 ] DEBUG Engine               - class com.almasb.fxgl.localization.LocalizationService
06:43:45.104 [FXGL Background Thread 3 ] DEBUG Engine               - class com.almasb.fxgl.app.services.SystemBundleService
06:43:45.104 [FXGL Background Thread 3 ] DEBUG Engine               - class com.almasb.fxgl.profile.SaveLoadService
06:43:45.104 [FXGL Background Thread 3 ] DEBUG Engine               - class com.almasb.fxgl.ui.FXGLUIFactoryServiceProvider
06:43:45.104 [FXGL Background Thread 3 ] DEBUG Engine               - class com.almasb.fxgl.ui.FXGLDialogFactoryServiceProvider
06:43:45.104 [FXGL Background Thread 3 ] DEBUG Engine               - class com.almasb.fxgl.audio.AudioPlayer
06:43:45.104 [FXGL Background Thread 3 ] DEBUG Engine               - class com.almasb.fxgl.notification.impl.NotificationServiceProvider
06:43:45.104 [FXGL Background Thread 3 ] DEBUG Engine               - class com.almasb.fxgl.achievement.AchievementService
06:43:45.104 [FXGL Background Thread 3 ] DEBUG Engine               - class com.almasb.fxgl.cutscene.CutsceneService
06:43:45.104 [FXGL Background Thread 3 ] DEBUG Engine               - class com.almasb.fxgl.minigames.MiniGameService
06:43:45.104 [FXGL Background Thread 3 ] DEBUG Engine               - class com.almasb.fxgl.net.NetService
06:43:45.104 [FXGL Background Thread 3 ] DEBUG Engine               - class com.almasb.fxgl.app.services.UpdaterService
06:43:45.104 [FXGL Background Thread 3 ] DEBUG Engine               - class com.almasb.fxgl.dev.DevService
06:43:45.676 [JavaFX Application Thread] DEBUG FXGLAssetLoaderServi - Loading from file system: file:/C:/Users/Admin/IdeaProjects/GitSomeSleep/Capstonee/target/classes/assets/text/gameCutscene_sample1.txt
06:43:45.679 [JavaFX Application Thread] DEBUG Input                - Registered new binding: Next RPG Line - Enter
06:43:45.681 [JavaFX Application Thread] WARN  FXGLAssetLoaderServi - Asset "/assets/textures/bruh.png" was not found!
06:43:45.681 [JavaFX Application Thread] WARN  FXGLAssetLoaderServi - Failed to load IMAGE
06:43:45.681 [JavaFX Application Thread] DEBUG PrimaryStageWindow   - Push state: CutsceneScene
06:43:45.681 [JavaFX Application Thread] DEBUG Input                - Clearing active input actions
06:43:45.682 [JavaFX Application Thread] DEBUG GameApplicationServi - Removing overlay from GameScene and adding to CutsceneScene
06:43:45.682 [JavaFX Application Thread] DEBUG PrimaryStageWindow   - GameScene -> CutsceneScene
06:43:46.248 [JavaFX Application Thread] DEBUG FXGLAssetLoaderServi - Loading from file system: file:/C:/Users/Admin/IdeaProjects/GitSomeSleep/Capstonee/target/classes/assets/textures/tuntunsahur.png
06:43:47.087 [JavaFX Application Thread] DEBUG PrimaryStageWindow   - Pop state: CutsceneScene
06:43:47.087 [JavaFX Application Thread] DEBUG Input                - Clearing active input actions
06:43:47.087 [JavaFX Application Thread] DEBUG GameApplicationServi - Removing overlay from CutsceneScene and adding to GameScene
06:43:47.088 [JavaFX Application Thread] DEBUG PrimaryStageWindow   - GameScene <- CutsceneScene
06:43:47.100 [JavaFX Application Thread] DEBUG FXGLAssetLoaderServi - Loading from file system: file:/C:/Users/Admin/IdeaProjects/GitSomeSleep/Capstonee/target/classes/assets/textures/background/pixelatedliyue.png
06:43:47.131 [JavaFX Application Thread] DEBUG FXGLAssetLoaderServi - Loading from file system: file:/C:/Users/Admin/IdeaProjects/GitSomeSleep/Capstonee/target/classes/assets/music/songs/desperato.wav
06:43:47.264 [JavaFX Application Thread] DEBUG FXGLAssetLoaderServi - Loading from file system: file:/C:/Users/Admin/IdeaProjects/GitSomeSleep/Capstonee/target/classes/assets/textures/notes/hilichurlhitmarker.png
06:43:47.909 [JavaFX Application Thread] DEBUG AudioPlayer          - Playing music com.almasb.fxgl.audio.Music@74f4f818
06:43:48.366 [JavaFX Application Thread] DEBUG FXGLAssetLoaderServi - Loading from file system: file:/C:/Users/Admin/IdeaProjects/GitSomeSleep/Capstonee/target/classes/assets/textures/markers/moranote.png
06:43:50.409 [JavaFX Application Thread] DEBUG FXGLAssetLoaderServi - Loading from file system: file:/C:/Users/Admin/IdeaProjects/GitSomeSleep/Capstonee/target/classes/assets/textures/notes/hilichurlhitmarker.png
06:43:57.598 [JavaFX Application Thread] DEBUG AudioPlayer          - Stopping music com.almasb.fxgl.audio.Music@74f4f818
06:43:59.901 [JavaFX Application Thread] DEBUG FXGLApplication      - Exiting FXGL
06:43:59.901 [JavaFX Application Thread] DEBUG LoopRunner           - Stopping loop
06:43:59.901 [JavaFX Application Thread] DEBUG SystemBundleService  - Saving FXGL system data
06:43:59.903 [JavaFX Application Thread] DEBUG FileSystemAccess     - Writing to: C:\Users\Admin\IdeaProjects\GitSomeSleep\system\fxgl.bundle
06:43:59.905 [JavaFX Application Thread] DEBUG Async                - Shutting down background threads
06:43:59.905 [JavaFX Application Thread] DEBUG PrimaryStageWindow   - Closing main window
06:43:59.921 [JavaFX Application Thread] DEBUG Logger               - Closing Logger
